<html>
<head>
<title>TestNG:  AMEX::Clear Card::Browser::VerifyAPI flow</title>
<link href="../testng.css" rel="stylesheet" type="text/css" />
<link href="../my-testng.css" rel="stylesheet" type="text/css" />

<style type="text/css">
.log { display: none;} 
.stack-trace { display: none;} 
</style>
<script type="text/javascript">
<!--
function flip(e) {
  current = e.style.display;
  if (current == 'block') {
    e.style.display = 'none';
    return 0;
  }
  else {
    e.style.display = 'block';
    return 1;
  }
}

function toggleBox(szDivId, elem, msg1, msg2)
{
  var res = -1;  if (document.getElementById) {
    res = flip(document.getElementById(szDivId));
  }
  else if (document.all) {
    // this is the way old msie versions work
    res = flip(document.all[szDivId]);
  }
  if(elem) {
    if(res == 0) elem.innerHTML = msg1; else elem.innerHTML = msg2;
  }

}

function toggleAllBoxes() {
  if (document.getElementsByTagName) {
    d = document.getElementsByTagName('div');
    for (i = 0; i < d.length; i++) {
      if (d[i].className == 'log') {
        flip(d[i]);
      }
    }
  }
}

// -->
</script>

</head>
<body>
<h2 align='center'>AMEX::Clear Card::Browser::VerifyAPI flow</h2><table border='1' align="center">
<tr>
<td>Tests passed/Failed/Skipped:</td><td>14/20/0</td>
</tr><tr>
<td>Started on:</td><td>Fri Nov 15 00:35:13 IST 2019</td>
</tr>
<tr><td>Total time:</td><td>174 seconds (174622 ms)</td>
</tr><tr>
<td>Included groups:</td><td></td>
</tr><tr>
<td>Excluded groups:</td><td></td>
</tr>
</table><p/>
<small><i>(Hover the method name to see the test class name)</i></small><p/>
<table width='100%' border='1' class='invocation-failed'>
<tr><td colspan='4' align='center'><b>FAILED TESTS</b></td></tr>
<tr><td><b>Test method</b></td>
<td width="30%"><b>Exception</b></td>
<td width="10%"><b>Time (seconds)</b></td>
<td><b>Instance</b></td>
</tr>
<tr>
<td title='com.ca.tds.main.TDSVerifyAPI_TC.testArequestAPI()'><b>testArequestAPI</b><br>Test class: com.ca.tds.main.TDSVerifyAPI_TC<br>Parameters: org.testng.TestRunner@1bebe3a7, {TestCaseID=_S001, TestCaseName=Sample Valid Verify Request, SanityFlag=Y, Test Case type=P, RequirementID=, FieldName=, Expected-threeDSServerTransID=G, Expected-callerTxnRefID=G, Expected-eci=G, Expected-authenticationValue=G, Expected-transStatus=G, Expected-transStatusReason=G, Expected-challengeCancel=G, Expected-resultsStatus=G, Expected-authenticationType=G, Expected-interactionCounter=G, Expected-messageType=RSRs, Expected-XID=G, Expected-errorCode=NA, Expected-errorComponent=NA, Expected-errorDescription=NA, Expected-errorDetail=NA, #threeDSServerTransID#=, #callerTxnRefID#=341b7153-da86-4543-860f-2ba47f0168a5, #cres#=, #messageType#=RSRq, #caMerchantID#=CA_EU, #transStatus#=Y}</td>
<td><div><pre>java.lang.AssertionError: Verify API response data validation failed.&lt;br&gt;required key [authenticationValue] not found&lt;br&gt; api response : {&quot;XID&quot;:&quot;02010000b09a44ec94f247c9a216641d0f211a24&quot;,&quot;messageType&quot;:&quot;RSRs&quot;,&quot;transStatusReason&quot;:&quot;14&quot;,&quot;resultsStatus&quot;:&quot;01&quot;,&quot;authenticationType&quot;:&quot;01&quot;,&quot;interactionCounter&quot;:&quot;00&quot;,&quot;callerTxnRefID&quot;:&quot;341b7153-da86-4543-860f-2ba47f0168a5&quot;,&quot;transStatus&quot;:&quot;Y&quot;,&quot;threeDSServerTransID&quot;:&quot;0a21f9ee-6b35-4af6-86cb-71717ac4262a&quot;}
	at com.ca.tds.main.TDSVerifyAPI_TC.testArequestAPI(TDSVerifyAPI_TC.java:213)
	at java.util.concurrent.ThreadPoolExecutor.runWorker(ThreadPoolExecutor.java:1149)
	at java.util.concurrent.ThreadPoolExecutor$Worker.run(ThreadPoolExecutor.java:624)
	at java.lang.Thread.run(Thread.java:748)
... Removed 10 stack frames</pre></div><a href='#' onClick='toggleBox("stack-trace1268279671", this, "Click to show all stack frames", "Click to hide stack frames")'>Click to show all stack frames</a>
<div class='stack-trace' id='stack-trace1268279671'><pre>java.lang.AssertionError: Verify API response data validation failed.&lt;br&gt;required key [authenticationValue] not found&lt;br&gt; api response : {&quot;XID&quot;:&quot;02010000b09a44ec94f247c9a216641d0f211a24&quot;,&quot;messageType&quot;:&quot;RSRs&quot;,&quot;transStatusReason&quot;:&quot;14&quot;,&quot;resultsStatus&quot;:&quot;01&quot;,&quot;authenticationType&quot;:&quot;01&quot;,&quot;interactionCounter&quot;:&quot;00&quot;,&quot;callerTxnRefID&quot;:&quot;341b7153-da86-4543-860f-2ba47f0168a5&quot;,&quot;transStatus&quot;:&quot;Y&quot;,&quot;threeDSServerTransID&quot;:&quot;0a21f9ee-6b35-4af6-86cb-71717ac4262a&quot;}
	at org.testng.Assert.fail(Assert.java:96)
	at com.ca.tds.main.TDSVerifyAPI_TC.testArequestAPI(TDSVerifyAPI_TC.java:213)
	at sun.reflect.GeneratedMethodAccessor37.invoke(Unknown Source)
	at sun.reflect.DelegatingMethodAccessorImpl.invoke(DelegatingMethodAccessorImpl.java:43)
	at java.lang.reflect.Method.invoke(Method.java:498)
	at org.testng.internal.MethodInvocationHelper.invokeMethod(MethodInvocationHelper.java:124)
	at org.testng.internal.Invoker.invokeMethod(Invoker.java:583)
	at org.testng.internal.Invoker.invokeTestMethod(Invoker.java:719)
	at org.testng.internal.Invoker.invokeTestMethods(Invoker.java:989)
	at org.testng.internal.TestMethodWorker.invokeTestMethods(TestMethodWorker.java:125)
	at org.testng.internal.TestMethodWorker.run(TestMethodWorker.java:109)
	at java.util.concurrent.ThreadPoolExecutor.runWorker(ThreadPoolExecutor.java:1149)
	at java.util.concurrent.ThreadPoolExecutor$Worker.run(ThreadPoolExecutor.java:624)
	at java.lang.Thread.run(Thread.java:748)
</pre></div></td>
<td>3</td>
<td>com.ca.tds.main.TDSVerifyAPI_TC@1a1d6a08</td></tr>
<tr>
<td title='com.ca.tds.main.TDSVerifyAPI_TC.testArequestAPI()'><b>testArequestAPI</b><br>Test class: com.ca.tds.main.TDSVerifyAPI_TC<br>Parameters: org.testng.TestRunner@1bebe3a7, {TestCaseID=_S004, TestCaseName=3DSServerTransactionID_FLV_TransID, SanityFlag=Y, Test Case type=P, RequirementID=, FieldName=, Expected-threeDSServerTransID=G, Expected-callerTxnRefID=G, Expected-eci=G, Expected-authenticationValue=G, Expected-transStatus=G, Expected-transStatusReason=G, Expected-challengeCancel=G, Expected-resultsStatus=G, Expected-authenticationType=G, Expected-interactionCounter=G, Expected-messageType=RSRs, Expected-XID=G, Expected-errorCode=NA, Expected-errorComponent=NA, Expected-errorDescription=NA, Expected-errorDetail=NA, #threeDSServerTransID#=, #callerTxnRefID#=341b7153-da86-4543-860f-2ba47f0168a5, #cres#=, #messageType#=RSRq, #caMerchantID#=CA_EU, #transStatus#=Y}</td>
<td><div><pre>java.lang.AssertionError: Verify API response data validation failed.&lt;br&gt;required key [authenticationValue] not found&lt;br&gt; api response : {&quot;XID&quot;:&quot;02010000f2aa8973d5794b599549e4cb45cb0520&quot;,&quot;messageType&quot;:&quot;RSRs&quot;,&quot;resultsStatus&quot;:&quot;01&quot;,&quot;interactionCounter&quot;:&quot;00&quot;,&quot;callerTxnRefID&quot;:&quot;341b7153-da86-4543-860f-2ba47f0168a5&quot;,&quot;transStatus&quot;:&quot;Y&quot;,&quot;threeDSServerTransID&quot;:&quot;d1a3b128-9486-4f95-902f-27a0b7fb6255&quot;}
	at com.ca.tds.main.TDSVerifyAPI_TC.testArequestAPI(TDSVerifyAPI_TC.java:213)
	at java.util.concurrent.ThreadPoolExecutor.runWorker(ThreadPoolExecutor.java:1149)
	at java.util.concurrent.ThreadPoolExecutor$Worker.run(ThreadPoolExecutor.java:624)
	at java.lang.Thread.run(Thread.java:748)
... Removed 10 stack frames</pre></div><a href='#' onClick='toggleBox("stack-trace1414521947", this, "Click to show all stack frames", "Click to hide stack frames")'>Click to show all stack frames</a>
<div class='stack-trace' id='stack-trace1414521947'><pre>java.lang.AssertionError: Verify API response data validation failed.&lt;br&gt;required key [authenticationValue] not found&lt;br&gt; api response : {&quot;XID&quot;:&quot;02010000f2aa8973d5794b599549e4cb45cb0520&quot;,&quot;messageType&quot;:&quot;RSRs&quot;,&quot;resultsStatus&quot;:&quot;01&quot;,&quot;interactionCounter&quot;:&quot;00&quot;,&quot;callerTxnRefID&quot;:&quot;341b7153-da86-4543-860f-2ba47f0168a5&quot;,&quot;transStatus&quot;:&quot;Y&quot;,&quot;threeDSServerTransID&quot;:&quot;d1a3b128-9486-4f95-902f-27a0b7fb6255&quot;}
	at org.testng.Assert.fail(Assert.java:96)
	at com.ca.tds.main.TDSVerifyAPI_TC.testArequestAPI(TDSVerifyAPI_TC.java:213)
	at sun.reflect.GeneratedMethodAccessor37.invoke(Unknown Source)
	at sun.reflect.DelegatingMethodAccessorImpl.invoke(DelegatingMethodAccessorImpl.java:43)
	at java.lang.reflect.Method.invoke(Method.java:498)
	at org.testng.internal.MethodInvocationHelper.invokeMethod(MethodInvocationHelper.java:124)
	at org.testng.internal.Invoker.invokeMethod(Invoker.java:583)
	at org.testng.internal.Invoker.invokeTestMethod(Invoker.java:719)
	at org.testng.internal.Invoker.invokeTestMethods(Invoker.java:989)
	at org.testng.internal.TestMethodWorker.invokeTestMethods(TestMethodWorker.java:125)
	at org.testng.internal.TestMethodWorker.run(TestMethodWorker.java:109)
	at java.util.concurrent.ThreadPoolExecutor.runWorker(ThreadPoolExecutor.java:1149)
	at java.util.concurrent.ThreadPoolExecutor$Worker.run(ThreadPoolExecutor.java:624)
	at java.lang.Thread.run(Thread.java:748)
</pre></div></td>
<td>2</td>
<td>com.ca.tds.main.TDSVerifyAPI_TC@1a1d6a08</td></tr>
<tr>
<td title='com.ca.tds.main.TDSVerifyAPI_TC.testArequestAPI()'><b>testArequestAPI</b><br>Test class: com.ca.tds.main.TDSVerifyAPI_TC<br>Parameters: org.testng.TestRunner@1bebe3a7, {TestCaseID=_S007, TestCaseName=ValidCallerTxnRefID, SanityFlag=Y, Test Case type=P, RequirementID=, FieldName=, Expected-threeDSServerTransID=G, Expected-callerTxnRefID=G, Expected-eci=G, Expected-authenticationValue=G, Expected-transStatus=G, Expected-transStatusReason=G, Expected-challengeCancel=G, Expected-resultsStatus=G, Expected-authenticationType=G, Expected-interactionCounter=G, Expected-messageType=RSRs, Expected-XID=G, Expected-errorCode=NA, Expected-errorComponent=NA, Expected-errorDescription=NA, Expected-errorDetail=NA, #threeDSServerTransID#=, #callerTxnRefID#=341b7153-da86-4543-860f-2ba47f0168a5, #cres#=, #messageType#=RSRq, #caMerchantID#=CA_EU, #transStatus#=Y}</td>
<td><div><pre>java.lang.AssertionError: errorComponent: S, errorCode: 501, errorDescription:CA Merchant Server:: RReq not recieved due to technical errorerrorDetail : Internal Trasient error occured for this transaction. Temporary Error occured for this transaction, threeDSServerTransID : c537ad85-e1d1-45fd-84e7-e93a14d8e6ac
	at com.ca.tds.main.TDSVerifyAPI_TC.testArequestAPI(TDSVerifyAPI_TC.java:120)
	at java.util.concurrent.ThreadPoolExecutor.runWorker(ThreadPoolExecutor.java:1149)
	at java.util.concurrent.ThreadPoolExecutor$Worker.run(ThreadPoolExecutor.java:624)
	at java.lang.Thread.run(Thread.java:748)
... Removed 10 stack frames</pre></div><a href='#' onClick='toggleBox("stack-trace1756112104", this, "Click to show all stack frames", "Click to hide stack frames")'>Click to show all stack frames</a>
<div class='stack-trace' id='stack-trace1756112104'><pre>java.lang.AssertionError: errorComponent: S, errorCode: 501, errorDescription:CA Merchant Server:: RReq not recieved due to technical errorerrorDetail : Internal Trasient error occured for this transaction. Temporary Error occured for this transaction, threeDSServerTransID : c537ad85-e1d1-45fd-84e7-e93a14d8e6ac
	at org.testng.Assert.fail(Assert.java:96)
	at com.ca.tds.main.TDSVerifyAPI_TC.testArequestAPI(TDSVerifyAPI_TC.java:120)
	at sun.reflect.GeneratedMethodAccessor37.invoke(Unknown Source)
	at sun.reflect.DelegatingMethodAccessorImpl.invoke(DelegatingMethodAccessorImpl.java:43)
	at java.lang.reflect.Method.invoke(Method.java:498)
	at org.testng.internal.MethodInvocationHelper.invokeMethod(MethodInvocationHelper.java:124)
	at org.testng.internal.Invoker.invokeMethod(Invoker.java:583)
	at org.testng.internal.Invoker.invokeTestMethod(Invoker.java:719)
	at org.testng.internal.Invoker.invokeTestMethods(Invoker.java:989)
	at org.testng.internal.TestMethodWorker.invokeTestMethods(TestMethodWorker.java:125)
	at org.testng.internal.TestMethodWorker.run(TestMethodWorker.java:109)
	at java.util.concurrent.ThreadPoolExecutor.runWorker(ThreadPoolExecutor.java:1149)
	at java.util.concurrent.ThreadPoolExecutor$Worker.run(ThreadPoolExecutor.java:624)
	at java.lang.Thread.run(Thread.java:748)
</pre></div></td>
<td>2</td>
<td>com.ca.tds.main.TDSVerifyAPI_TC@1a1d6a08</td></tr>
<tr>
<td title='com.ca.tds.main.TDSVerifyAPI_TC.testArequestAPI()'><b>testArequestAPI</b><br>Test class: com.ca.tds.main.TDSVerifyAPI_TC<br>Parameters: org.testng.TestRunner@1bebe3a7, {TestCaseID=_S008, TestCaseName=Empty_CallerTxnRefID, SanityFlag=Y, Test Case type=N, RequirementID=, FieldName=, Expected-threeDSServerTransID=G, Expected-callerTxnRefID=NA, Expected-eci=NA, Expected-authenticationValue=NA, Expected-transStatus=NA, Expected-transStatusReason=NA, Expected-challengeCancel=NA, Expected-resultsStatus=NA, Expected-authenticationType=NA, Expected-interactionCounter=NA, Expected-messageType=Erro, Expected-XID=NA, Expected-errorCode=203, Expected-errorComponent=S, Expected-errorDescription=G, Expected-errorDetail=G, #threeDSServerTransID#=, #callerTxnRefID#=empty, #cres#=, #messageType#=RSRq, #caMerchantID#=CA_EU, #transStatus#=N}</td>
<td><div><pre>java.lang.AssertionError: The following asserts failed:
	expected [203] but found [501]
	at com.ca.tds.main.TDSVerifyAPI_TC.testArequestAPI(TDSVerifyAPI_TC.java:210)
	at java.util.concurrent.ThreadPoolExecutor.runWorker(ThreadPoolExecutor.java:1149)
	at java.util.concurrent.ThreadPoolExecutor$Worker.run(ThreadPoolExecutor.java:624)
	at java.lang.Thread.run(Thread.java:748)
... Removed 10 stack frames</pre></div><a href='#' onClick='toggleBox("stack-trace534910345", this, "Click to show all stack frames", "Click to hide stack frames")'>Click to show all stack frames</a>
<div class='stack-trace' id='stack-trace534910345'><pre>java.lang.AssertionError: The following asserts failed:
	expected [203] but found [501]
	at org.testng.asserts.SoftAssert.assertAll(SoftAssert.java:43)
	at com.ca.tds.main.TDSVerifyAPI_TC.testArequestAPI(TDSVerifyAPI_TC.java:210)
	at sun.reflect.GeneratedMethodAccessor37.invoke(Unknown Source)
	at sun.reflect.DelegatingMethodAccessorImpl.invoke(DelegatingMethodAccessorImpl.java:43)
	at java.lang.reflect.Method.invoke(Method.java:498)
	at org.testng.internal.MethodInvocationHelper.invokeMethod(MethodInvocationHelper.java:124)
	at org.testng.internal.Invoker.invokeMethod(Invoker.java:583)
	at org.testng.internal.Invoker.invokeTestMethod(Invoker.java:719)
	at org.testng.internal.Invoker.invokeTestMethods(Invoker.java:989)
	at org.testng.internal.TestMethodWorker.invokeTestMethods(TestMethodWorker.java:125)
	at org.testng.internal.TestMethodWorker.run(TestMethodWorker.java:109)
	at java.util.concurrent.ThreadPoolExecutor.runWorker(ThreadPoolExecutor.java:1149)
	at java.util.concurrent.ThreadPoolExecutor$Worker.run(ThreadPoolExecutor.java:624)
	at java.lang.Thread.run(Thread.java:748)
</pre></div></td>
<td>4</td>
<td>com.ca.tds.main.TDSVerifyAPI_TC@1a1d6a08</td></tr>
<tr>
<td title='com.ca.tds.main.TDSVerifyAPI_TC.testArequestAPI()'><b>testArequestAPI</b><br>Test class: com.ca.tds.main.TDSVerifyAPI_TC<br>Parameters: org.testng.TestRunner@1bebe3a7, {TestCaseID=_S011, TestCaseName=RemovalOfOptionalField_CallerTxnRefID, SanityFlag=Y, Test Case type=P, RequirementID=, FieldName=, Expected-threeDSServerTransID=G, Expected-callerTxnRefID=G, Expected-eci=G, Expected-authenticationValue=G, Expected-transStatus=G, Expected-transStatusReason=G, Expected-challengeCancel=G, Expected-resultsStatus=G, Expected-authenticationType=G, Expected-interactionCounter=G, Expected-messageType=RSRs, Expected-XID=G, Expected-errorCode=NA, Expected-errorComponent=NA, Expected-errorDescription=NA, Expected-errorDetail=NA, #threeDSServerTransID#=, #callerTxnRefID#=#REMOVE#, #cres#=, #messageType#=RSRq, #caMerchantID#=CA_EU, #transStatus#=Y}</td>
<td><div><pre>java.lang.AssertionError: Verify API response data validation failed.&lt;br&gt;required key [authenticationValue] not found&lt;br&gt; api response : {&quot;XID&quot;:&quot;02010000374a864d490c4926a33cb2610316bb07&quot;,&quot;messageType&quot;:&quot;RSRs&quot;,&quot;transStatusReason&quot;:&quot;02&quot;,&quot;resultsStatus&quot;:&quot;01&quot;,&quot;authenticationType&quot;:&quot;01&quot;,&quot;interactionCounter&quot;:&quot;00&quot;,&quot;transStatus&quot;:&quot;Y&quot;,&quot;threeDSServerTransID&quot;:&quot;7f48793f-9e4c-4ac8-b19e-fb16a77c1748&quot;}
	at com.ca.tds.main.TDSVerifyAPI_TC.testArequestAPI(TDSVerifyAPI_TC.java:213)
	at java.util.concurrent.ThreadPoolExecutor.runWorker(ThreadPoolExecutor.java:1149)
	at java.util.concurrent.ThreadPoolExecutor$Worker.run(ThreadPoolExecutor.java:624)
	at java.lang.Thread.run(Thread.java:748)
... Removed 10 stack frames</pre></div><a href='#' onClick='toggleBox("stack-trace1405555325", this, "Click to show all stack frames", "Click to hide stack frames")'>Click to show all stack frames</a>
<div class='stack-trace' id='stack-trace1405555325'><pre>java.lang.AssertionError: Verify API response data validation failed.&lt;br&gt;required key [authenticationValue] not found&lt;br&gt; api response : {&quot;XID&quot;:&quot;02010000374a864d490c4926a33cb2610316bb07&quot;,&quot;messageType&quot;:&quot;RSRs&quot;,&quot;transStatusReason&quot;:&quot;02&quot;,&quot;resultsStatus&quot;:&quot;01&quot;,&quot;authenticationType&quot;:&quot;01&quot;,&quot;interactionCounter&quot;:&quot;00&quot;,&quot;transStatus&quot;:&quot;Y&quot;,&quot;threeDSServerTransID&quot;:&quot;7f48793f-9e4c-4ac8-b19e-fb16a77c1748&quot;}
	at org.testng.Assert.fail(Assert.java:96)
	at com.ca.tds.main.TDSVerifyAPI_TC.testArequestAPI(TDSVerifyAPI_TC.java:213)
	at sun.reflect.GeneratedMethodAccessor37.invoke(Unknown Source)
	at sun.reflect.DelegatingMethodAccessorImpl.invoke(DelegatingMethodAccessorImpl.java:43)
	at java.lang.reflect.Method.invoke(Method.java:498)
	at org.testng.internal.MethodInvocationHelper.invokeMethod(MethodInvocationHelper.java:124)
	at org.testng.internal.Invoker.invokeMethod(Invoker.java:583)
	at org.testng.internal.Invoker.invokeTestMethod(Invoker.java:719)
	at org.testng.internal.Invoker.invokeTestMethods(Invoker.java:989)
	at org.testng.internal.TestMethodWorker.invokeTestMethods(TestMethodWorker.java:125)
	at org.testng.internal.TestMethodWorker.run(TestMethodWorker.java:109)
	at java.util.concurrent.ThreadPoolExecutor.runWorker(ThreadPoolExecutor.java:1149)
	at java.util.concurrent.ThreadPoolExecutor$Worker.run(ThreadPoolExecutor.java:624)
	at java.lang.Thread.run(Thread.java:748)
</pre></div></td>
<td>2</td>
<td>com.ca.tds.main.TDSVerifyAPI_TC@1a1d6a08</td></tr>
<tr>
<td title='com.ca.tds.main.TDSVerifyAPI_TC.testArequestAPI()'><b>testArequestAPI</b><br>Test class: com.ca.tds.main.TDSVerifyAPI_TC<br>Parameters: org.testng.TestRunner@1bebe3a7, {TestCaseID=_S012, TestCaseName=WithValid_FullCRES, SanityFlag=Y, Test Case type=P, RequirementID=, FieldName=, Expected-threeDSServerTransID=G, Expected-callerTxnRefID=G, Expected-eci=G, Expected-authenticationValue=G, Expected-transStatus=G, Expected-transStatusReason=G, Expected-challengeCancel=G, Expected-resultsStatus=G, Expected-authenticationType=G, Expected-interactionCounter=G, Expected-messageType=RSRs, Expected-XID=G, Expected-errorCode=NA, Expected-errorComponent=NA, Expected-errorDescription=NA, Expected-errorDetail=NA, #threeDSServerTransID#=, #callerTxnRefID#= , #cres#=, #messageType#=RSRq, #caMerchantID#=CA_EU, #transStatus#=Y}</td>
<td><div><pre>java.lang.AssertionError: Verify API response data validation failed.&lt;br&gt;required key [authenticationValue] not found&lt;br&gt; api response : {&quot;XID&quot;:&quot;020100008461c62ee8cd438b854c5f2a5cfc3c76&quot;,&quot;messageType&quot;:&quot;RSRs&quot;,&quot;transStatusReason&quot;:&quot;03&quot;,&quot;resultsStatus&quot;:&quot;01&quot;,&quot;authenticationType&quot;:&quot;01&quot;,&quot;interactionCounter&quot;:&quot;00&quot;,&quot;callerTxnRefID&quot;:&quot; &quot;,&quot;transStatus&quot;:&quot;Y&quot;,&quot;threeDSServerTransID&quot;:&quot;dcf16dc3-816a-4ad6-ae4d-29d20f81910e&quot;}
	at com.ca.tds.main.TDSVerifyAPI_TC.testArequestAPI(TDSVerifyAPI_TC.java:213)
	at java.util.concurrent.ThreadPoolExecutor.runWorker(ThreadPoolExecutor.java:1149)
	at java.util.concurrent.ThreadPoolExecutor$Worker.run(ThreadPoolExecutor.java:624)
	at java.lang.Thread.run(Thread.java:748)
... Removed 10 stack frames</pre></div><a href='#' onClick='toggleBox("stack-trace2138348012", this, "Click to show all stack frames", "Click to hide stack frames")'>Click to show all stack frames</a>
<div class='stack-trace' id='stack-trace2138348012'><pre>java.lang.AssertionError: Verify API response data validation failed.&lt;br&gt;required key [authenticationValue] not found&lt;br&gt; api response : {&quot;XID&quot;:&quot;020100008461c62ee8cd438b854c5f2a5cfc3c76&quot;,&quot;messageType&quot;:&quot;RSRs&quot;,&quot;transStatusReason&quot;:&quot;03&quot;,&quot;resultsStatus&quot;:&quot;01&quot;,&quot;authenticationType&quot;:&quot;01&quot;,&quot;interactionCounter&quot;:&quot;00&quot;,&quot;callerTxnRefID&quot;:&quot; &quot;,&quot;transStatus&quot;:&quot;Y&quot;,&quot;threeDSServerTransID&quot;:&quot;dcf16dc3-816a-4ad6-ae4d-29d20f81910e&quot;}
	at org.testng.Assert.fail(Assert.java:96)
	at com.ca.tds.main.TDSVerifyAPI_TC.testArequestAPI(TDSVerifyAPI_TC.java:213)
	at sun.reflect.GeneratedMethodAccessor37.invoke(Unknown Source)
	at sun.reflect.DelegatingMethodAccessorImpl.invoke(DelegatingMethodAccessorImpl.java:43)
	at java.lang.reflect.Method.invoke(Method.java:498)
	at org.testng.internal.MethodInvocationHelper.invokeMethod(MethodInvocationHelper.java:124)
	at org.testng.internal.Invoker.invokeMethod(Invoker.java:583)
	at org.testng.internal.Invoker.invokeTestMethod(Invoker.java:719)
	at org.testng.internal.Invoker.invokeTestMethods(Invoker.java:989)
	at org.testng.internal.TestMethodWorker.invokeTestMethods(TestMethodWorker.java:125)
	at org.testng.internal.TestMethodWorker.run(TestMethodWorker.java:109)
	at java.util.concurrent.ThreadPoolExecutor.runWorker(ThreadPoolExecutor.java:1149)
	at java.util.concurrent.ThreadPoolExecutor$Worker.run(ThreadPoolExecutor.java:624)
	at java.lang.Thread.run(Thread.java:748)
</pre></div></td>
<td>2</td>
<td>com.ca.tds.main.TDSVerifyAPI_TC@1a1d6a08</td></tr>
<tr>
<td title='com.ca.tds.main.TDSVerifyAPI_TC.testArequestAPI()'><b>testArequestAPI</b><br>Test class: com.ca.tds.main.TDSVerifyAPI_TC<br>Parameters: org.testng.TestRunner@1bebe3a7, {TestCaseID=_S013, TestCaseName=PartialCRES_Without_threeDSServerTransID, SanityFlag=Y, Test Case type=P, RequirementID=, FieldName=, Expected-threeDSServerTransID=G, Expected-callerTxnRefID=G, Expected-eci=G, Expected-authenticationValue=G, Expected-transStatus=G, Expected-transStatusReason=G, Expected-challengeCancel=G, Expected-resultsStatus=G, Expected-authenticationType=G, Expected-interactionCounter=G, Expected-messageType=RSRs, Expected-XID=G, Expected-errorCode=NA, Expected-errorComponent=NA, Expected-errorDescription=NA, Expected-errorDetail=NA, #threeDSServerTransID#=, #callerTxnRefID#=341b7153-da86-4543-860f-2ba47f0168a5, #cres#=, #messageType#=RSRq, #caMerchantID#=CA_EU, #transStatus#=Y}</td>
<td><div><pre>java.lang.AssertionError: Verify API response data validation failed.&lt;br&gt;required key [authenticationValue] not found&lt;br&gt; api response : {&quot;XID&quot;:&quot;02010000155158b93c984b9fbc80fe95dcf0b68e&quot;,&quot;messageType&quot;:&quot;RSRs&quot;,&quot;transStatusReason&quot;:&quot;04&quot;,&quot;resultsStatus&quot;:&quot;01&quot;,&quot;authenticationType&quot;:&quot;01&quot;,&quot;interactionCounter&quot;:&quot;00&quot;,&quot;callerTxnRefID&quot;:&quot;341b7153-da86-4543-860f-2ba47f0168a5&quot;,&quot;transStatus&quot;:&quot;Y&quot;,&quot;threeDSServerTransID&quot;:&quot;b0b8f33b-d9c7-477c-b8b8-8edb180eb44a&quot;}
	at com.ca.tds.main.TDSVerifyAPI_TC.testArequestAPI(TDSVerifyAPI_TC.java:213)
	at java.util.concurrent.ThreadPoolExecutor.runWorker(ThreadPoolExecutor.java:1149)
	at java.util.concurrent.ThreadPoolExecutor$Worker.run(ThreadPoolExecutor.java:624)
	at java.lang.Thread.run(Thread.java:748)
... Removed 10 stack frames</pre></div><a href='#' onClick='toggleBox("stack-trace1007315269", this, "Click to show all stack frames", "Click to hide stack frames")'>Click to show all stack frames</a>
<div class='stack-trace' id='stack-trace1007315269'><pre>java.lang.AssertionError: Verify API response data validation failed.&lt;br&gt;required key [authenticationValue] not found&lt;br&gt; api response : {&quot;XID&quot;:&quot;02010000155158b93c984b9fbc80fe95dcf0b68e&quot;,&quot;messageType&quot;:&quot;RSRs&quot;,&quot;transStatusReason&quot;:&quot;04&quot;,&quot;resultsStatus&quot;:&quot;01&quot;,&quot;authenticationType&quot;:&quot;01&quot;,&quot;interactionCounter&quot;:&quot;00&quot;,&quot;callerTxnRefID&quot;:&quot;341b7153-da86-4543-860f-2ba47f0168a5&quot;,&quot;transStatus&quot;:&quot;Y&quot;,&quot;threeDSServerTransID&quot;:&quot;b0b8f33b-d9c7-477c-b8b8-8edb180eb44a&quot;}
	at org.testng.Assert.fail(Assert.java:96)
	at com.ca.tds.main.TDSVerifyAPI_TC.testArequestAPI(TDSVerifyAPI_TC.java:213)
	at sun.reflect.GeneratedMethodAccessor37.invoke(Unknown Source)
	at sun.reflect.DelegatingMethodAccessorImpl.invoke(DelegatingMethodAccessorImpl.java:43)
	at java.lang.reflect.Method.invoke(Method.java:498)
	at org.testng.internal.MethodInvocationHelper.invokeMethod(MethodInvocationHelper.java:124)
	at org.testng.internal.Invoker.invokeMethod(Invoker.java:583)
	at org.testng.internal.Invoker.invokeTestMethod(Invoker.java:719)
	at org.testng.internal.Invoker.invokeTestMethods(Invoker.java:989)
	at org.testng.internal.TestMethodWorker.invokeTestMethods(TestMethodWorker.java:125)
	at org.testng.internal.TestMethodWorker.run(TestMethodWorker.java:109)
	at java.util.concurrent.ThreadPoolExecutor.runWorker(ThreadPoolExecutor.java:1149)
	at java.util.concurrent.ThreadPoolExecutor$Worker.run(ThreadPoolExecutor.java:624)
	at java.lang.Thread.run(Thread.java:748)
</pre></div></td>
<td>2</td>
<td>com.ca.tds.main.TDSVerifyAPI_TC@1a1d6a08</td></tr>
<tr>
<td title='com.ca.tds.main.TDSVerifyAPI_TC.testArequestAPI()'><b>testArequestAPI</b><br>Test class: com.ca.tds.main.TDSVerifyAPI_TC<br>Parameters: org.testng.TestRunner@1bebe3a7, {TestCaseID=_S014, TestCaseName=PartialCRES_Without_acsTransID, SanityFlag=Y, Test Case type=P, RequirementID=, FieldName=, Expected-threeDSServerTransID=G, Expected-callerTxnRefID=G, Expected-eci=G, Expected-authenticationValue=G, Expected-transStatus=G, Expected-transStatusReason=G, Expected-challengeCancel=G, Expected-resultsStatus=G, Expected-authenticationType=G, Expected-interactionCounter=G, Expected-messageType=RSRs, Expected-XID=G, Expected-errorCode=NA, Expected-errorComponent=NA, Expected-errorDescription=NA, Expected-errorDetail=NA, #threeDSServerTransID#=, #callerTxnRefID#=341b7153-da86-4543-860f-2ba47f0168a5, #cres#=, #messageType#=RSRq, #caMerchantID#=CA_EU, #transStatus#=Y}</td>
<td><div><pre>java.lang.AssertionError: Verify API response data validation failed.&lt;br&gt;required key [authenticationValue] not found&lt;br&gt; api response : {&quot;XID&quot;:&quot;020100009268dc9290d24dc98b78fc43ffc1cb1e&quot;,&quot;messageType&quot;:&quot;RSRs&quot;,&quot;transStatusReason&quot;:&quot;05&quot;,&quot;resultsStatus&quot;:&quot;01&quot;,&quot;authenticationType&quot;:&quot;01&quot;,&quot;interactionCounter&quot;:&quot;00&quot;,&quot;callerTxnRefID&quot;:&quot;341b7153-da86-4543-860f-2ba47f0168a5&quot;,&quot;transStatus&quot;:&quot;Y&quot;,&quot;threeDSServerTransID&quot;:&quot;e0219328-f7ca-4450-a1df-5a6af2e451a9&quot;}
	at com.ca.tds.main.TDSVerifyAPI_TC.testArequestAPI(TDSVerifyAPI_TC.java:213)
	at java.util.concurrent.ThreadPoolExecutor.runWorker(ThreadPoolExecutor.java:1149)
	at java.util.concurrent.ThreadPoolExecutor$Worker.run(ThreadPoolExecutor.java:624)
	at java.lang.Thread.run(Thread.java:748)
... Removed 10 stack frames</pre></div><a href='#' onClick='toggleBox("stack-trace246534381", this, "Click to show all stack frames", "Click to hide stack frames")'>Click to show all stack frames</a>
<div class='stack-trace' id='stack-trace246534381'><pre>java.lang.AssertionError: Verify API response data validation failed.&lt;br&gt;required key [authenticationValue] not found&lt;br&gt; api response : {&quot;XID&quot;:&quot;020100009268dc9290d24dc98b78fc43ffc1cb1e&quot;,&quot;messageType&quot;:&quot;RSRs&quot;,&quot;transStatusReason&quot;:&quot;05&quot;,&quot;resultsStatus&quot;:&quot;01&quot;,&quot;authenticationType&quot;:&quot;01&quot;,&quot;interactionCounter&quot;:&quot;00&quot;,&quot;callerTxnRefID&quot;:&quot;341b7153-da86-4543-860f-2ba47f0168a5&quot;,&quot;transStatus&quot;:&quot;Y&quot;,&quot;threeDSServerTransID&quot;:&quot;e0219328-f7ca-4450-a1df-5a6af2e451a9&quot;}
	at org.testng.Assert.fail(Assert.java:96)
	at com.ca.tds.main.TDSVerifyAPI_TC.testArequestAPI(TDSVerifyAPI_TC.java:213)
	at sun.reflect.GeneratedMethodAccessor37.invoke(Unknown Source)
	at sun.reflect.DelegatingMethodAccessorImpl.invoke(DelegatingMethodAccessorImpl.java:43)
	at java.lang.reflect.Method.invoke(Method.java:498)
	at org.testng.internal.MethodInvocationHelper.invokeMethod(MethodInvocationHelper.java:124)
	at org.testng.internal.Invoker.invokeMethod(Invoker.java:583)
	at org.testng.internal.Invoker.invokeTestMethod(Invoker.java:719)
	at org.testng.internal.Invoker.invokeTestMethods(Invoker.java:989)
	at org.testng.internal.TestMethodWorker.invokeTestMethods(TestMethodWorker.java:125)
	at org.testng.internal.TestMethodWorker.run(TestMethodWorker.java:109)
	at java.util.concurrent.ThreadPoolExecutor.runWorker(ThreadPoolExecutor.java:1149)
	at java.util.concurrent.ThreadPoolExecutor$Worker.run(ThreadPoolExecutor.java:624)
	at java.lang.Thread.run(Thread.java:748)
</pre></div></td>
<td>3</td>
<td>com.ca.tds.main.TDSVerifyAPI_TC@1a1d6a08</td></tr>
<tr>
<td title='com.ca.tds.main.TDSVerifyAPI_TC.testArequestAPI()'><b>testArequestAPI</b><br>Test class: com.ca.tds.main.TDSVerifyAPI_TC<br>Parameters: org.testng.TestRunner@1bebe3a7, {TestCaseID=_S015, TestCaseName=PartialCRES_Without_challengeCompletionInd, SanityFlag=Y, Test Case type=P, RequirementID=, FieldName=, Expected-threeDSServerTransID=G, Expected-callerTxnRefID=G, Expected-eci=G, Expected-authenticationValue=G, Expected-transStatus=G, Expected-transStatusReason=G, Expected-challengeCancel=G, Expected-resultsStatus=G, Expected-authenticationType=G, Expected-interactionCounter=G, Expected-messageType=RSRs, Expected-XID=G, Expected-errorCode=NA, Expected-errorComponent=NA, Expected-errorDescription=NA, Expected-errorDetail=NA, #threeDSServerTransID#=, #callerTxnRefID#=341b7153-da86-4543-860f-2ba47f0168a5, #cres#=, #messageType#=RSRq, #caMerchantID#=CA_EU, #transStatus#=Y}</td>
<td><div><pre>java.lang.AssertionError: Verify API response data validation failed.&lt;br&gt;required key [authenticationValue] not found&lt;br&gt; api response : {&quot;XID&quot;:&quot;02010000f2c58099ab6e463a81a82c0c4f8efd72&quot;,&quot;messageType&quot;:&quot;RSRs&quot;,&quot;transStatusReason&quot;:&quot;06&quot;,&quot;resultsStatus&quot;:&quot;01&quot;,&quot;authenticationType&quot;:&quot;01&quot;,&quot;interactionCounter&quot;:&quot;00&quot;,&quot;callerTxnRefID&quot;:&quot;341b7153-da86-4543-860f-2ba47f0168a5&quot;,&quot;transStatus&quot;:&quot;Y&quot;,&quot;threeDSServerTransID&quot;:&quot;6b5fd563-be72-4f8e-8bf1-06d0b767be1a&quot;}
	at com.ca.tds.main.TDSVerifyAPI_TC.testArequestAPI(TDSVerifyAPI_TC.java:213)
	at java.util.concurrent.ThreadPoolExecutor.runWorker(ThreadPoolExecutor.java:1149)
	at java.util.concurrent.ThreadPoolExecutor$Worker.run(ThreadPoolExecutor.java:624)
	at java.lang.Thread.run(Thread.java:748)
... Removed 10 stack frames</pre></div><a href='#' onClick='toggleBox("stack-trace1666040168", this, "Click to show all stack frames", "Click to hide stack frames")'>Click to show all stack frames</a>
<div class='stack-trace' id='stack-trace1666040168'><pre>java.lang.AssertionError: Verify API response data validation failed.&lt;br&gt;required key [authenticationValue] not found&lt;br&gt; api response : {&quot;XID&quot;:&quot;02010000f2c58099ab6e463a81a82c0c4f8efd72&quot;,&quot;messageType&quot;:&quot;RSRs&quot;,&quot;transStatusReason&quot;:&quot;06&quot;,&quot;resultsStatus&quot;:&quot;01&quot;,&quot;authenticationType&quot;:&quot;01&quot;,&quot;interactionCounter&quot;:&quot;00&quot;,&quot;callerTxnRefID&quot;:&quot;341b7153-da86-4543-860f-2ba47f0168a5&quot;,&quot;transStatus&quot;:&quot;Y&quot;,&quot;threeDSServerTransID&quot;:&quot;6b5fd563-be72-4f8e-8bf1-06d0b767be1a&quot;}
	at org.testng.Assert.fail(Assert.java:96)
	at com.ca.tds.main.TDSVerifyAPI_TC.testArequestAPI(TDSVerifyAPI_TC.java:213)
	at sun.reflect.GeneratedMethodAccessor37.invoke(Unknown Source)
	at sun.reflect.DelegatingMethodAccessorImpl.invoke(DelegatingMethodAccessorImpl.java:43)
	at java.lang.reflect.Method.invoke(Method.java:498)
	at org.testng.internal.MethodInvocationHelper.invokeMethod(MethodInvocationHelper.java:124)
	at org.testng.internal.Invoker.invokeMethod(Invoker.java:583)
	at org.testng.internal.Invoker.invokeTestMethod(Invoker.java:719)
	at org.testng.internal.Invoker.invokeTestMethods(Invoker.java:989)
	at org.testng.internal.TestMethodWorker.invokeTestMethods(TestMethodWorker.java:125)
	at org.testng.internal.TestMethodWorker.run(TestMethodWorker.java:109)
	at java.util.concurrent.ThreadPoolExecutor.runWorker(ThreadPoolExecutor.java:1149)
	at java.util.concurrent.ThreadPoolExecutor$Worker.run(ThreadPoolExecutor.java:624)
	at java.lang.Thread.run(Thread.java:748)
</pre></div></td>
<td>2</td>
<td>com.ca.tds.main.TDSVerifyAPI_TC@1a1d6a08</td></tr>
<tr>
<td title='com.ca.tds.main.TDSVerifyAPI_TC.testArequestAPI()'><b>testArequestAPI</b><br>Test class: com.ca.tds.main.TDSVerifyAPI_TC<br>Parameters: org.testng.TestRunner@1bebe3a7, {TestCaseID=_S016, TestCaseName=PartialCRES_Without_messageType, SanityFlag=Y, Test Case type=P, RequirementID=, FieldName=, Expected-threeDSServerTransID=G, Expected-callerTxnRefID=G, Expected-eci=G, Expected-authenticationValue=G, Expected-transStatus=G, Expected-transStatusReason=G, Expected-challengeCancel=G, Expected-resultsStatus=G, Expected-authenticationType=G, Expected-interactionCounter=G, Expected-messageType=RSRs, Expected-XID=G, Expected-errorCode=NA, Expected-errorComponent=NA, Expected-errorDescription=NA, Expected-errorDetail=NA, #threeDSServerTransID#=, #callerTxnRefID#=341b7153-da86-4543-860f-2ba47f0168a5, #cres#=, #messageType#=RSRq, #caMerchantID#=CA_EU, #transStatus#=Y}</td>
<td><div><pre>java.lang.AssertionError: Verify API response data validation failed.&lt;br&gt;required key [authenticationValue] not found&lt;br&gt; api response : {&quot;XID&quot;:&quot;020100007970fe278f114bf9bc5fc3e3e614ba08&quot;,&quot;messageType&quot;:&quot;RSRs&quot;,&quot;transStatusReason&quot;:&quot;07&quot;,&quot;resultsStatus&quot;:&quot;01&quot;,&quot;authenticationType&quot;:&quot;01&quot;,&quot;interactionCounter&quot;:&quot;00&quot;,&quot;callerTxnRefID&quot;:&quot;341b7153-da86-4543-860f-2ba47f0168a5&quot;,&quot;transStatus&quot;:&quot;Y&quot;,&quot;threeDSServerTransID&quot;:&quot;81f3d5a5-2382-4b01-b96e-505e24bb9a8b&quot;}
	at com.ca.tds.main.TDSVerifyAPI_TC.testArequestAPI(TDSVerifyAPI_TC.java:213)
	at java.util.concurrent.ThreadPoolExecutor.runWorker(ThreadPoolExecutor.java:1149)
	at java.util.concurrent.ThreadPoolExecutor$Worker.run(ThreadPoolExecutor.java:624)
	at java.lang.Thread.run(Thread.java:748)
... Removed 10 stack frames</pre></div><a href='#' onClick='toggleBox("stack-trace194129354", this, "Click to show all stack frames", "Click to hide stack frames")'>Click to show all stack frames</a>
<div class='stack-trace' id='stack-trace194129354'><pre>java.lang.AssertionError: Verify API response data validation failed.&lt;br&gt;required key [authenticationValue] not found&lt;br&gt; api response : {&quot;XID&quot;:&quot;020100007970fe278f114bf9bc5fc3e3e614ba08&quot;,&quot;messageType&quot;:&quot;RSRs&quot;,&quot;transStatusReason&quot;:&quot;07&quot;,&quot;resultsStatus&quot;:&quot;01&quot;,&quot;authenticationType&quot;:&quot;01&quot;,&quot;interactionCounter&quot;:&quot;00&quot;,&quot;callerTxnRefID&quot;:&quot;341b7153-da86-4543-860f-2ba47f0168a5&quot;,&quot;transStatus&quot;:&quot;Y&quot;,&quot;threeDSServerTransID&quot;:&quot;81f3d5a5-2382-4b01-b96e-505e24bb9a8b&quot;}
	at org.testng.Assert.fail(Assert.java:96)
	at com.ca.tds.main.TDSVerifyAPI_TC.testArequestAPI(TDSVerifyAPI_TC.java:213)
	at sun.reflect.GeneratedMethodAccessor37.invoke(Unknown Source)
	at sun.reflect.DelegatingMethodAccessorImpl.invoke(DelegatingMethodAccessorImpl.java:43)
	at java.lang.reflect.Method.invoke(Method.java:498)
	at org.testng.internal.MethodInvocationHelper.invokeMethod(MethodInvocationHelper.java:124)
	at org.testng.internal.Invoker.invokeMethod(Invoker.java:583)
	at org.testng.internal.Invoker.invokeTestMethod(Invoker.java:719)
	at org.testng.internal.Invoker.invokeTestMethods(Invoker.java:989)
	at org.testng.internal.TestMethodWorker.invokeTestMethods(TestMethodWorker.java:125)
	at org.testng.internal.TestMethodWorker.run(TestMethodWorker.java:109)
	at java.util.concurrent.ThreadPoolExecutor.runWorker(ThreadPoolExecutor.java:1149)
	at java.util.concurrent.ThreadPoolExecutor$Worker.run(ThreadPoolExecutor.java:624)
	at java.lang.Thread.run(Thread.java:748)
</pre></div></td>
<td>2</td>
<td>com.ca.tds.main.TDSVerifyAPI_TC@1a1d6a08</td></tr>
<tr>
<td title='com.ca.tds.main.TDSVerifyAPI_TC.testArequestAPI()'><b>testArequestAPI</b><br>Test class: com.ca.tds.main.TDSVerifyAPI_TC<br>Parameters: org.testng.TestRunner@1bebe3a7, {TestCaseID=_S017, TestCaseName=PartialCRES_Without_transStatus, SanityFlag=Y, Test Case type=P, RequirementID=, FieldName=, Expected-threeDSServerTransID=G, Expected-callerTxnRefID=G, Expected-eci=G, Expected-authenticationValue=G, Expected-transStatus=G, Expected-transStatusReason=G, Expected-challengeCancel=G, Expected-resultsStatus=G, Expected-authenticationType=G, Expected-interactionCounter=G, Expected-messageType=RSRs, Expected-XID=G, Expected-errorCode=NA, Expected-errorComponent=NA, Expected-errorDescription=NA, Expected-errorDetail=NA, #threeDSServerTransID#=, #callerTxnRefID#=341b7153-da86-4543-860f-2ba47f0168a5, #cres#=, #messageType#=RSRq, #caMerchantID#=CA_EU, #transStatus#=Y}</td>
<td><div><pre>java.lang.AssertionError: Verify API response data validation failed.&lt;br&gt;required key [authenticationValue] not found&lt;br&gt; api response : {&quot;XID&quot;:&quot;02010000921ca4c2241846b1a564d19bce7d56d2&quot;,&quot;messageType&quot;:&quot;RSRs&quot;,&quot;transStatusReason&quot;:&quot;08&quot;,&quot;resultsStatus&quot;:&quot;01&quot;,&quot;authenticationType&quot;:&quot;01&quot;,&quot;interactionCounter&quot;:&quot;00&quot;,&quot;callerTxnRefID&quot;:&quot;341b7153-da86-4543-860f-2ba47f0168a5&quot;,&quot;transStatus&quot;:&quot;Y&quot;,&quot;threeDSServerTransID&quot;:&quot;55a774e3-f3a3-4751-b5d7-1948ee14d21c&quot;}
	at com.ca.tds.main.TDSVerifyAPI_TC.testArequestAPI(TDSVerifyAPI_TC.java:213)
	at java.util.concurrent.ThreadPoolExecutor.runWorker(ThreadPoolExecutor.java:1149)
	at java.util.concurrent.ThreadPoolExecutor$Worker.run(ThreadPoolExecutor.java:624)
	at java.lang.Thread.run(Thread.java:748)
... Removed 10 stack frames</pre></div><a href='#' onClick='toggleBox("stack-trace606066613", this, "Click to show all stack frames", "Click to hide stack frames")'>Click to show all stack frames</a>
<div class='stack-trace' id='stack-trace606066613'><pre>java.lang.AssertionError: Verify API response data validation failed.&lt;br&gt;required key [authenticationValue] not found&lt;br&gt; api response : {&quot;XID&quot;:&quot;02010000921ca4c2241846b1a564d19bce7d56d2&quot;,&quot;messageType&quot;:&quot;RSRs&quot;,&quot;transStatusReason&quot;:&quot;08&quot;,&quot;resultsStatus&quot;:&quot;01&quot;,&quot;authenticationType&quot;:&quot;01&quot;,&quot;interactionCounter&quot;:&quot;00&quot;,&quot;callerTxnRefID&quot;:&quot;341b7153-da86-4543-860f-2ba47f0168a5&quot;,&quot;transStatus&quot;:&quot;Y&quot;,&quot;threeDSServerTransID&quot;:&quot;55a774e3-f3a3-4751-b5d7-1948ee14d21c&quot;}
	at org.testng.Assert.fail(Assert.java:96)
	at com.ca.tds.main.TDSVerifyAPI_TC.testArequestAPI(TDSVerifyAPI_TC.java:213)
	at sun.reflect.GeneratedMethodAccessor37.invoke(Unknown Source)
	at sun.reflect.DelegatingMethodAccessorImpl.invoke(DelegatingMethodAccessorImpl.java:43)
	at java.lang.reflect.Method.invoke(Method.java:498)
	at org.testng.internal.MethodInvocationHelper.invokeMethod(MethodInvocationHelper.java:124)
	at org.testng.internal.Invoker.invokeMethod(Invoker.java:583)
	at org.testng.internal.Invoker.invokeTestMethod(Invoker.java:719)
	at org.testng.internal.Invoker.invokeTestMethods(Invoker.java:989)
	at org.testng.internal.TestMethodWorker.invokeTestMethods(TestMethodWorker.java:125)
	at org.testng.internal.TestMethodWorker.run(TestMethodWorker.java:109)
	at java.util.concurrent.ThreadPoolExecutor.runWorker(ThreadPoolExecutor.java:1149)
	at java.util.concurrent.ThreadPoolExecutor$Worker.run(ThreadPoolExecutor.java:624)
	at java.lang.Thread.run(Thread.java:748)
</pre></div></td>
<td>2</td>
<td>com.ca.tds.main.TDSVerifyAPI_TC@1a1d6a08</td></tr>
<tr>
<td title='com.ca.tds.main.TDSVerifyAPI_TC.testArequestAPI()'><b>testArequestAPI</b><br>Test class: com.ca.tds.main.TDSVerifyAPI_TC<br>Parameters: org.testng.TestRunner@1bebe3a7, {TestCaseID=_S018, TestCaseName=PartialCRES_Without_messageVersion, SanityFlag=Y, Test Case type=P, RequirementID=, FieldName=, Expected-threeDSServerTransID=G, Expected-callerTxnRefID=G, Expected-eci=G, Expected-authenticationValue=G, Expected-transStatus=G, Expected-transStatusReason=G, Expected-challengeCancel=G, Expected-resultsStatus=G, Expected-authenticationType=G, Expected-interactionCounter=G, Expected-messageType=RSRs, Expected-XID=G, Expected-errorCode=NA, Expected-errorComponent=NA, Expected-errorDescription=NA, Expected-errorDetail=NA, #threeDSServerTransID#=, #callerTxnRefID#=341b7153-da86-4543-860f-2ba47f0168a5, #cres#=, #messageType#=RSRq, #caMerchantID#=CA_EU, #transStatus#=Y}</td>
<td><div><pre>java.lang.AssertionError: Verify API response data validation failed.&lt;br&gt;required key [authenticationValue] not found&lt;br&gt; api response : {&quot;XID&quot;:&quot;020100009e44867ca9654bd9b953c0c227c44acf&quot;,&quot;messageType&quot;:&quot;RSRs&quot;,&quot;transStatusReason&quot;:&quot;09&quot;,&quot;resultsStatus&quot;:&quot;01&quot;,&quot;authenticationType&quot;:&quot;01&quot;,&quot;interactionCounter&quot;:&quot;00&quot;,&quot;callerTxnRefID&quot;:&quot;341b7153-da86-4543-860f-2ba47f0168a5&quot;,&quot;transStatus&quot;:&quot;Y&quot;,&quot;threeDSServerTransID&quot;:&quot;eca04c46-92b8-4a18-b253-6b2e6b26c482&quot;}
	at com.ca.tds.main.TDSVerifyAPI_TC.testArequestAPI(TDSVerifyAPI_TC.java:213)
	at java.util.concurrent.ThreadPoolExecutor.runWorker(ThreadPoolExecutor.java:1149)
	at java.util.concurrent.ThreadPoolExecutor$Worker.run(ThreadPoolExecutor.java:624)
	at java.lang.Thread.run(Thread.java:748)
... Removed 10 stack frames</pre></div><a href='#' onClick='toggleBox("stack-trace2058193108", this, "Click to show all stack frames", "Click to hide stack frames")'>Click to show all stack frames</a>
<div class='stack-trace' id='stack-trace2058193108'><pre>java.lang.AssertionError: Verify API response data validation failed.&lt;br&gt;required key [authenticationValue] not found&lt;br&gt; api response : {&quot;XID&quot;:&quot;020100009e44867ca9654bd9b953c0c227c44acf&quot;,&quot;messageType&quot;:&quot;RSRs&quot;,&quot;transStatusReason&quot;:&quot;09&quot;,&quot;resultsStatus&quot;:&quot;01&quot;,&quot;authenticationType&quot;:&quot;01&quot;,&quot;interactionCounter&quot;:&quot;00&quot;,&quot;callerTxnRefID&quot;:&quot;341b7153-da86-4543-860f-2ba47f0168a5&quot;,&quot;transStatus&quot;:&quot;Y&quot;,&quot;threeDSServerTransID&quot;:&quot;eca04c46-92b8-4a18-b253-6b2e6b26c482&quot;}
	at org.testng.Assert.fail(Assert.java:96)
	at com.ca.tds.main.TDSVerifyAPI_TC.testArequestAPI(TDSVerifyAPI_TC.java:213)
	at sun.reflect.GeneratedMethodAccessor37.invoke(Unknown Source)
	at sun.reflect.DelegatingMethodAccessorImpl.invoke(DelegatingMethodAccessorImpl.java:43)
	at java.lang.reflect.Method.invoke(Method.java:498)
	at org.testng.internal.MethodInvocationHelper.invokeMethod(MethodInvocationHelper.java:124)
	at org.testng.internal.Invoker.invokeMethod(Invoker.java:583)
	at org.testng.internal.Invoker.invokeTestMethod(Invoker.java:719)
	at org.testng.internal.Invoker.invokeTestMethods(Invoker.java:989)
	at org.testng.internal.TestMethodWorker.invokeTestMethods(TestMethodWorker.java:125)
	at org.testng.internal.TestMethodWorker.run(TestMethodWorker.java:109)
	at java.util.concurrent.ThreadPoolExecutor.runWorker(ThreadPoolExecutor.java:1149)
	at java.util.concurrent.ThreadPoolExecutor$Worker.run(ThreadPoolExecutor.java:624)
	at java.lang.Thread.run(Thread.java:748)
</pre></div></td>
<td>2</td>
<td>com.ca.tds.main.TDSVerifyAPI_TC@1a1d6a08</td></tr>
<tr>
<td title='com.ca.tds.main.TDSVerifyAPI_TC.testArequestAPI()'><b>testArequestAPI</b><br>Test class: com.ca.tds.main.TDSVerifyAPI_TC<br>Parameters: org.testng.TestRunner@1bebe3a7, {TestCaseID=_S021, TestCaseName=RemovalOfOptionalField_CRES, SanityFlag=Y, Test Case type=P, RequirementID=, FieldName=, Expected-threeDSServerTransID=G, Expected-callerTxnRefID=G, Expected-eci=G, Expected-authenticationValue=G, Expected-transStatus=G, Expected-transStatusReason=G, Expected-challengeCancel=G, Expected-resultsStatus=G, Expected-authenticationType=G, Expected-interactionCounter=G, Expected-messageType=RSRs, Expected-XID=G, Expected-errorCode=NA, Expected-errorComponent=NA, Expected-errorDescription=NA, Expected-errorDetail=NA, #threeDSServerTransID#=, #callerTxnRefID#=341b7153-da86-4543-860f-2ba47f0168a5, #cres#=#REMOVE#, #messageType#=RSRq, #caMerchantID#=CA_EU, #transStatus#=Y}</td>
<td><div><pre>java.lang.AssertionError: Verify API response data validation failed.&lt;br&gt;required key [authenticationValue] not found&lt;br&gt; api response : {&quot;XID&quot;:&quot;02010000259a2ea61b5349f49b6c0dd0cb6489a2&quot;,&quot;messageType&quot;:&quot;RSRs&quot;,&quot;transStatusReason&quot;:&quot;12&quot;,&quot;resultsStatus&quot;:&quot;01&quot;,&quot;authenticationType&quot;:&quot;01&quot;,&quot;interactionCounter&quot;:&quot;00&quot;,&quot;callerTxnRefID&quot;:&quot;341b7153-da86-4543-860f-2ba47f0168a5&quot;,&quot;transStatus&quot;:&quot;N&quot;,&quot;threeDSServerTransID&quot;:&quot;161a2609-7303-462d-9832-e63e6872ec40&quot;}
	at com.ca.tds.main.TDSVerifyAPI_TC.testArequestAPI(TDSVerifyAPI_TC.java:213)
	at java.util.concurrent.ThreadPoolExecutor.runWorker(ThreadPoolExecutor.java:1149)
	at java.util.concurrent.ThreadPoolExecutor$Worker.run(ThreadPoolExecutor.java:624)
	at java.lang.Thread.run(Thread.java:748)
... Removed 10 stack frames</pre></div><a href='#' onClick='toggleBox("stack-trace567752315", this, "Click to show all stack frames", "Click to hide stack frames")'>Click to show all stack frames</a>
<div class='stack-trace' id='stack-trace567752315'><pre>java.lang.AssertionError: Verify API response data validation failed.&lt;br&gt;required key [authenticationValue] not found&lt;br&gt; api response : {&quot;XID&quot;:&quot;02010000259a2ea61b5349f49b6c0dd0cb6489a2&quot;,&quot;messageType&quot;:&quot;RSRs&quot;,&quot;transStatusReason&quot;:&quot;12&quot;,&quot;resultsStatus&quot;:&quot;01&quot;,&quot;authenticationType&quot;:&quot;01&quot;,&quot;interactionCounter&quot;:&quot;00&quot;,&quot;callerTxnRefID&quot;:&quot;341b7153-da86-4543-860f-2ba47f0168a5&quot;,&quot;transStatus&quot;:&quot;N&quot;,&quot;threeDSServerTransID&quot;:&quot;161a2609-7303-462d-9832-e63e6872ec40&quot;}
	at org.testng.Assert.fail(Assert.java:96)
	at com.ca.tds.main.TDSVerifyAPI_TC.testArequestAPI(TDSVerifyAPI_TC.java:213)
	at sun.reflect.GeneratedMethodAccessor37.invoke(Unknown Source)
	at sun.reflect.DelegatingMethodAccessorImpl.invoke(DelegatingMethodAccessorImpl.java:43)
	at java.lang.reflect.Method.invoke(Method.java:498)
	at org.testng.internal.MethodInvocationHelper.invokeMethod(MethodInvocationHelper.java:124)
	at org.testng.internal.Invoker.invokeMethod(Invoker.java:583)
	at org.testng.internal.Invoker.invokeTestMethod(Invoker.java:719)
	at org.testng.internal.Invoker.invokeTestMethods(Invoker.java:989)
	at org.testng.internal.TestMethodWorker.invokeTestMethods(TestMethodWorker.java:125)
	at org.testng.internal.TestMethodWorker.run(TestMethodWorker.java:109)
	at java.util.concurrent.ThreadPoolExecutor.runWorker(ThreadPoolExecutor.java:1149)
	at java.util.concurrent.ThreadPoolExecutor$Worker.run(ThreadPoolExecutor.java:624)
	at java.lang.Thread.run(Thread.java:748)
</pre></div></td>
<td>2</td>
<td>com.ca.tds.main.TDSVerifyAPI_TC@1a1d6a08</td></tr>
<tr>
<td title='com.ca.tds.main.TDSVerifyAPI_TC.testArequestAPI()'><b>testArequestAPI</b><br>Test class: com.ca.tds.main.TDSVerifyAPI_TC<br>Parameters: org.testng.TestRunner@1bebe3a7, {TestCaseID=_S022, TestCaseName=MessageType_RSRq, SanityFlag=Y, Test Case type=P, RequirementID=, FieldName=, Expected-threeDSServerTransID=G, Expected-callerTxnRefID=G, Expected-eci=G, Expected-authenticationValue=G, Expected-transStatus=G, Expected-transStatusReason=G, Expected-challengeCancel=G, Expected-resultsStatus=G, Expected-authenticationType=G, Expected-interactionCounter=G, Expected-messageType=RSRs, Expected-XID=G, Expected-errorCode=NA, Expected-errorComponent=NA, Expected-errorDescription=NA, Expected-errorDetail=NA, #threeDSServerTransID#=, #callerTxnRefID#=341b7153-da86-4543-860f-2ba47f0168a5, #cres#=, #messageType#=RSRq, #caMerchantID#=CA_EU, #transStatus#=Y}</td>
<td><div><pre>java.lang.AssertionError: Verify API response data validation failed.&lt;br&gt;required key [authenticationValue] not found&lt;br&gt; api response : {&quot;XID&quot;:&quot;02010000a1ae24186fd749a4a734293b6c164ab8&quot;,&quot;messageType&quot;:&quot;RSRs&quot;,&quot;transStatusReason&quot;:&quot;13&quot;,&quot;resultsStatus&quot;:&quot;01&quot;,&quot;authenticationType&quot;:&quot;01&quot;,&quot;interactionCounter&quot;:&quot;00&quot;,&quot;callerTxnRefID&quot;:&quot;341b7153-da86-4543-860f-2ba47f0168a5&quot;,&quot;transStatus&quot;:&quot;Y&quot;,&quot;threeDSServerTransID&quot;:&quot;e6a72f17-3770-4a2a-9921-5a0fcf9ea9df&quot;}
	at com.ca.tds.main.TDSVerifyAPI_TC.testArequestAPI(TDSVerifyAPI_TC.java:213)
	at java.util.concurrent.ThreadPoolExecutor.runWorker(ThreadPoolExecutor.java:1149)
	at java.util.concurrent.ThreadPoolExecutor$Worker.run(ThreadPoolExecutor.java:624)
	at java.lang.Thread.run(Thread.java:748)
... Removed 10 stack frames</pre></div><a href='#' onClick='toggleBox("stack-trace99673009", this, "Click to show all stack frames", "Click to hide stack frames")'>Click to show all stack frames</a>
<div class='stack-trace' id='stack-trace99673009'><pre>java.lang.AssertionError: Verify API response data validation failed.&lt;br&gt;required key [authenticationValue] not found&lt;br&gt; api response : {&quot;XID&quot;:&quot;02010000a1ae24186fd749a4a734293b6c164ab8&quot;,&quot;messageType&quot;:&quot;RSRs&quot;,&quot;transStatusReason&quot;:&quot;13&quot;,&quot;resultsStatus&quot;:&quot;01&quot;,&quot;authenticationType&quot;:&quot;01&quot;,&quot;interactionCounter&quot;:&quot;00&quot;,&quot;callerTxnRefID&quot;:&quot;341b7153-da86-4543-860f-2ba47f0168a5&quot;,&quot;transStatus&quot;:&quot;Y&quot;,&quot;threeDSServerTransID&quot;:&quot;e6a72f17-3770-4a2a-9921-5a0fcf9ea9df&quot;}
	at org.testng.Assert.fail(Assert.java:96)
	at com.ca.tds.main.TDSVerifyAPI_TC.testArequestAPI(TDSVerifyAPI_TC.java:213)
	at sun.reflect.GeneratedMethodAccessor37.invoke(Unknown Source)
	at sun.reflect.DelegatingMethodAccessorImpl.invoke(DelegatingMethodAccessorImpl.java:43)
	at java.lang.reflect.Method.invoke(Method.java:498)
	at org.testng.internal.MethodInvocationHelper.invokeMethod(MethodInvocationHelper.java:124)
	at org.testng.internal.Invoker.invokeMethod(Invoker.java:583)
	at org.testng.internal.Invoker.invokeTestMethod(Invoker.java:719)
	at org.testng.internal.Invoker.invokeTestMethods(Invoker.java:989)
	at org.testng.internal.TestMethodWorker.invokeTestMethods(TestMethodWorker.java:125)
	at org.testng.internal.TestMethodWorker.run(TestMethodWorker.java:109)
	at java.util.concurrent.ThreadPoolExecutor.runWorker(ThreadPoolExecutor.java:1149)
	at java.util.concurrent.ThreadPoolExecutor$Worker.run(ThreadPoolExecutor.java:624)
	at java.lang.Thread.run(Thread.java:748)
</pre></div></td>
<td>2</td>
<td>com.ca.tds.main.TDSVerifyAPI_TC@1a1d6a08</td></tr>
<tr>
<td title='com.ca.tds.main.TDSVerifyAPI_TC.testArequestAPI()'><b>testArequestAPI</b><br>Test class: com.ca.tds.main.TDSVerifyAPI_TC<br>Parameters: org.testng.TestRunner@1bebe3a7, {TestCaseID=_S027, TestCaseName=ValidCAMerchantID, SanityFlag=Y, Test Case type=P, RequirementID=, FieldName=, Expected-threeDSServerTransID=G, Expected-callerTxnRefID=G, Expected-eci=G, Expected-authenticationValue=G, Expected-transStatus=G, Expected-transStatusReason=G, Expected-challengeCancel=G, Expected-resultsStatus=G, Expected-authenticationType=G, Expected-interactionCounter=G, Expected-messageType=RSRs, Expected-XID=G, Expected-errorCode=NA, Expected-errorComponent=NA, Expected-errorDescription=NA, Expected-errorDetail=NA, #threeDSServerTransID#=, #callerTxnRefID#=341b7153-da86-4543-860f-2ba47f0168a5, #cres#=, #messageType#=RSRq, #caMerchantID#=CA_EU, #transStatus#=Y}</td>
<td><div><pre>java.lang.AssertionError: Verify API response data validation failed.&lt;br&gt;required key [authenticationValue] not found&lt;br&gt; api response : {&quot;XID&quot;:&quot;020100007a422ac475ad47fa9684e006e7fa7ade&quot;,&quot;messageType&quot;:&quot;RSRs&quot;,&quot;transStatusReason&quot;:&quot;18&quot;,&quot;resultsStatus&quot;:&quot;01&quot;,&quot;authenticationType&quot;:&quot;01&quot;,&quot;interactionCounter&quot;:&quot;00&quot;,&quot;callerTxnRefID&quot;:&quot;341b7153-da86-4543-860f-2ba47f0168a5&quot;,&quot;transStatus&quot;:&quot;Y&quot;,&quot;threeDSServerTransID&quot;:&quot;2d18c364-ed47-42e1-9bd0-b98bd71370ab&quot;}
	at com.ca.tds.main.TDSVerifyAPI_TC.testArequestAPI(TDSVerifyAPI_TC.java:213)
	at java.util.concurrent.ThreadPoolExecutor.runWorker(ThreadPoolExecutor.java:1149)
	at java.util.concurrent.ThreadPoolExecutor$Worker.run(ThreadPoolExecutor.java:624)
	at java.lang.Thread.run(Thread.java:748)
... Removed 10 stack frames</pre></div><a href='#' onClick='toggleBox("stack-trace1361912548", this, "Click to show all stack frames", "Click to hide stack frames")'>Click to show all stack frames</a>
<div class='stack-trace' id='stack-trace1361912548'><pre>java.lang.AssertionError: Verify API response data validation failed.&lt;br&gt;required key [authenticationValue] not found&lt;br&gt; api response : {&quot;XID&quot;:&quot;020100007a422ac475ad47fa9684e006e7fa7ade&quot;,&quot;messageType&quot;:&quot;RSRs&quot;,&quot;transStatusReason&quot;:&quot;18&quot;,&quot;resultsStatus&quot;:&quot;01&quot;,&quot;authenticationType&quot;:&quot;01&quot;,&quot;interactionCounter&quot;:&quot;00&quot;,&quot;callerTxnRefID&quot;:&quot;341b7153-da86-4543-860f-2ba47f0168a5&quot;,&quot;transStatus&quot;:&quot;Y&quot;,&quot;threeDSServerTransID&quot;:&quot;2d18c364-ed47-42e1-9bd0-b98bd71370ab&quot;}
	at org.testng.Assert.fail(Assert.java:96)
	at com.ca.tds.main.TDSVerifyAPI_TC.testArequestAPI(TDSVerifyAPI_TC.java:213)
	at sun.reflect.GeneratedMethodAccessor37.invoke(Unknown Source)
	at sun.reflect.DelegatingMethodAccessorImpl.invoke(DelegatingMethodAccessorImpl.java:43)
	at java.lang.reflect.Method.invoke(Method.java:498)
	at org.testng.internal.MethodInvocationHelper.invokeMethod(MethodInvocationHelper.java:124)
	at org.testng.internal.Invoker.invokeMethod(Invoker.java:583)
	at org.testng.internal.Invoker.invokeTestMethod(Invoker.java:719)
	at org.testng.internal.Invoker.invokeTestMethods(Invoker.java:989)
	at org.testng.internal.TestMethodWorker.invokeTestMethods(TestMethodWorker.java:125)
	at org.testng.internal.TestMethodWorker.run(TestMethodWorker.java:109)
	at java.util.concurrent.ThreadPoolExecutor.runWorker(ThreadPoolExecutor.java:1149)
	at java.util.concurrent.ThreadPoolExecutor$Worker.run(ThreadPoolExecutor.java:624)
	at java.lang.Thread.run(Thread.java:748)
</pre></div></td>
<td>2</td>
<td>com.ca.tds.main.TDSVerifyAPI_TC@1a1d6a08</td></tr>
<tr>
<td title='com.ca.tds.main.TDSVerifyAPI_TC.testArequestAPI()'><b>testArequestAPI</b><br>Test class: com.ca.tds.main.TDSVerifyAPI_TC<br>Parameters: org.testng.TestRunner@1bebe3a7, {TestCaseID=_S028, TestCaseName=Empty_CAMerchantID, SanityFlag=Y, Test Case type=P, RequirementID=, FieldName=, Expected-threeDSServerTransID=G, Expected-callerTxnRefID=G, Expected-eci=G, Expected-authenticationValue=G, Expected-transStatus=G, Expected-transStatusReason=G, Expected-challengeCancel=G, Expected-resultsStatus=G, Expected-authenticationType=G, Expected-interactionCounter=G, Expected-messageType=RSRs, Expected-XID=G, Expected-errorCode=NA, Expected-errorComponent=NA, Expected-errorDescription=NA, Expected-errorDetail=NA, #threeDSServerTransID#=, #callerTxnRefID#=341b7153-da86-4543-860f-2ba47f0168a5, #cres#=, #messageType#=RSRq, #caMerchantID#=empty, #transStatus#=Y}</td>
<td><div><pre>java.lang.AssertionError: Verify API response data validation failed.&lt;br&gt;required key [authenticationValue] not found&lt;br&gt; api response : {&quot;XID&quot;:&quot;020100000e2494e161b44a2e85eb3fd2005a83be&quot;,&quot;messageType&quot;:&quot;RSRs&quot;,&quot;transStatusReason&quot;:&quot;19&quot;,&quot;resultsStatus&quot;:&quot;01&quot;,&quot;authenticationType&quot;:&quot;01&quot;,&quot;interactionCounter&quot;:&quot;00&quot;,&quot;callerTxnRefID&quot;:&quot;341b7153-da86-4543-860f-2ba47f0168a5&quot;,&quot;transStatus&quot;:&quot;Y&quot;,&quot;threeDSServerTransID&quot;:&quot;16bf04b2-2e79-44ca-9172-8eeaa39e923b&quot;}
	at com.ca.tds.main.TDSVerifyAPI_TC.testArequestAPI(TDSVerifyAPI_TC.java:213)
	at java.util.concurrent.ThreadPoolExecutor.runWorker(ThreadPoolExecutor.java:1149)
	at java.util.concurrent.ThreadPoolExecutor$Worker.run(ThreadPoolExecutor.java:624)
	at java.lang.Thread.run(Thread.java:748)
... Removed 10 stack frames</pre></div><a href='#' onClick='toggleBox("stack-trace756010941", this, "Click to show all stack frames", "Click to hide stack frames")'>Click to show all stack frames</a>
<div class='stack-trace' id='stack-trace756010941'><pre>java.lang.AssertionError: Verify API response data validation failed.&lt;br&gt;required key [authenticationValue] not found&lt;br&gt; api response : {&quot;XID&quot;:&quot;020100000e2494e161b44a2e85eb3fd2005a83be&quot;,&quot;messageType&quot;:&quot;RSRs&quot;,&quot;transStatusReason&quot;:&quot;19&quot;,&quot;resultsStatus&quot;:&quot;01&quot;,&quot;authenticationType&quot;:&quot;01&quot;,&quot;interactionCounter&quot;:&quot;00&quot;,&quot;callerTxnRefID&quot;:&quot;341b7153-da86-4543-860f-2ba47f0168a5&quot;,&quot;transStatus&quot;:&quot;Y&quot;,&quot;threeDSServerTransID&quot;:&quot;16bf04b2-2e79-44ca-9172-8eeaa39e923b&quot;}
	at org.testng.Assert.fail(Assert.java:96)
	at com.ca.tds.main.TDSVerifyAPI_TC.testArequestAPI(TDSVerifyAPI_TC.java:213)
	at sun.reflect.GeneratedMethodAccessor37.invoke(Unknown Source)
	at sun.reflect.DelegatingMethodAccessorImpl.invoke(DelegatingMethodAccessorImpl.java:43)
	at java.lang.reflect.Method.invoke(Method.java:498)
	at org.testng.internal.MethodInvocationHelper.invokeMethod(MethodInvocationHelper.java:124)
	at org.testng.internal.Invoker.invokeMethod(Invoker.java:583)
	at org.testng.internal.Invoker.invokeTestMethod(Invoker.java:719)
	at org.testng.internal.Invoker.invokeTestMethods(Invoker.java:989)
	at org.testng.internal.TestMethodWorker.invokeTestMethods(TestMethodWorker.java:125)
	at org.testng.internal.TestMethodWorker.run(TestMethodWorker.java:109)
	at java.util.concurrent.ThreadPoolExecutor.runWorker(ThreadPoolExecutor.java:1149)
	at java.util.concurrent.ThreadPoolExecutor$Worker.run(ThreadPoolExecutor.java:624)
	at java.lang.Thread.run(Thread.java:748)
</pre></div></td>
<td>2</td>
<td>com.ca.tds.main.TDSVerifyAPI_TC@1a1d6a08</td></tr>
<tr>
<td title='com.ca.tds.main.TDSVerifyAPI_TC.testArequestAPI()'><b>testArequestAPI</b><br>Test class: com.ca.tds.main.TDSVerifyAPI_TC<br>Parameters: org.testng.TestRunner@1bebe3a7, {TestCaseID=_S029, TestCaseName=Invalid_CAMerchantID, SanityFlag=Y, Test Case type=P, RequirementID=, FieldName=, Expected-threeDSServerTransID=G, Expected-callerTxnRefID=G, Expected-eci=G, Expected-authenticationValue=G, Expected-transStatus=G, Expected-transStatusReason=G, Expected-challengeCancel=G, Expected-resultsStatus=G, Expected-authenticationType=G, Expected-interactionCounter=G, Expected-messageType=RSRs, Expected-XID=G, Expected-errorCode=NA, Expected-errorComponent=NA, Expected-errorDescription=NA, Expected-errorDetail=NA, #threeDSServerTransID#=, #callerTxnRefID#=341b7153-da86-4543-860f-2ba47f0168a5, #cres#=, #messageType#=RSRq, #caMerchantID#=CA_EU, #transStatus#=Y}</td>
<td><div><pre>java.lang.AssertionError: Verify API response data validation failed.&lt;br&gt;required key [authenticationValue] not found&lt;br&gt; api response : {&quot;XID&quot;:&quot;02010000d579351e5e16416b9592bf6246d6eb4b&quot;,&quot;messageType&quot;:&quot;RSRs&quot;,&quot;transStatusReason&quot;:&quot;20&quot;,&quot;resultsStatus&quot;:&quot;01&quot;,&quot;authenticationType&quot;:&quot;01&quot;,&quot;interactionCounter&quot;:&quot;00&quot;,&quot;callerTxnRefID&quot;:&quot;341b7153-da86-4543-860f-2ba47f0168a5&quot;,&quot;transStatus&quot;:&quot;Y&quot;,&quot;threeDSServerTransID&quot;:&quot;bff1c297-367f-44b4-88f7-0dd59419644d&quot;}
	at com.ca.tds.main.TDSVerifyAPI_TC.testArequestAPI(TDSVerifyAPI_TC.java:213)
	at java.util.concurrent.ThreadPoolExecutor.runWorker(ThreadPoolExecutor.java:1149)
	at java.util.concurrent.ThreadPoolExecutor$Worker.run(ThreadPoolExecutor.java:624)
	at java.lang.Thread.run(Thread.java:748)
... Removed 10 stack frames</pre></div><a href='#' onClick='toggleBox("stack-trace1896753343", this, "Click to show all stack frames", "Click to hide stack frames")'>Click to show all stack frames</a>
<div class='stack-trace' id='stack-trace1896753343'><pre>java.lang.AssertionError: Verify API response data validation failed.&lt;br&gt;required key [authenticationValue] not found&lt;br&gt; api response : {&quot;XID&quot;:&quot;02010000d579351e5e16416b9592bf6246d6eb4b&quot;,&quot;messageType&quot;:&quot;RSRs&quot;,&quot;transStatusReason&quot;:&quot;20&quot;,&quot;resultsStatus&quot;:&quot;01&quot;,&quot;authenticationType&quot;:&quot;01&quot;,&quot;interactionCounter&quot;:&quot;00&quot;,&quot;callerTxnRefID&quot;:&quot;341b7153-da86-4543-860f-2ba47f0168a5&quot;,&quot;transStatus&quot;:&quot;Y&quot;,&quot;threeDSServerTransID&quot;:&quot;bff1c297-367f-44b4-88f7-0dd59419644d&quot;}
	at org.testng.Assert.fail(Assert.java:96)
	at com.ca.tds.main.TDSVerifyAPI_TC.testArequestAPI(TDSVerifyAPI_TC.java:213)
	at sun.reflect.GeneratedMethodAccessor37.invoke(Unknown Source)
	at sun.reflect.DelegatingMethodAccessorImpl.invoke(DelegatingMethodAccessorImpl.java:43)
	at java.lang.reflect.Method.invoke(Method.java:498)
	at org.testng.internal.MethodInvocationHelper.invokeMethod(MethodInvocationHelper.java:124)
	at org.testng.internal.Invoker.invokeMethod(Invoker.java:583)
	at org.testng.internal.Invoker.invokeTestMethod(Invoker.java:719)
	at org.testng.internal.Invoker.invokeTestMethods(Invoker.java:989)
	at org.testng.internal.TestMethodWorker.invokeTestMethods(TestMethodWorker.java:125)
	at org.testng.internal.TestMethodWorker.run(TestMethodWorker.java:109)
	at java.util.concurrent.ThreadPoolExecutor.runWorker(ThreadPoolExecutor.java:1149)
	at java.util.concurrent.ThreadPoolExecutor$Worker.run(ThreadPoolExecutor.java:624)
	at java.lang.Thread.run(Thread.java:748)
</pre></div></td>
<td>2</td>
<td>com.ca.tds.main.TDSVerifyAPI_TC@1a1d6a08</td></tr>
<tr>
<td title='com.ca.tds.main.TDSVerifyAPI_TC.testArequestAPI()'><b>testArequestAPI</b><br>Test class: com.ca.tds.main.TDSVerifyAPI_TC<br>Parameters: org.testng.TestRunner@1bebe3a7, {TestCaseID=_S031, TestCaseName=CAMerchantID_MoreThanMaxAcceptedLen>2KChars, SanityFlag=Y, Test Case type=P, RequirementID=, FieldName=, Expected-threeDSServerTransID=G, Expected-callerTxnRefID=G, Expected-eci=G, Expected-authenticationValue=G, Expected-transStatus=G, Expected-transStatusReason=G, Expected-challengeCancel=G, Expected-resultsStatus=G, Expected-authenticationType=G, Expected-interactionCounter=G, Expected-messageType=RSRs, Expected-XID=G, Expected-errorCode=NA, Expected-errorComponent=NA, Expected-errorDescription=NA, Expected-errorDetail=NA, #threeDSServerTransID#=, #callerTxnRefID#=341b7153-da86-4543-860f-2ba47f0168a5, #cres#=, #messageType#=RSRq, #caMerchantID#=CA_EU, #transStatus#=Y}</td>
<td><div><pre>java.lang.AssertionError: errorComponent: S, errorCode: 501, errorDescription:CA Merchant Server:: RReq not recieved due to technical errorerrorDetail : Internal Trasient error occured for this transaction. Temporary Error occured for this transaction, threeDSServerTransID : 34041e14-10c2-4f46-8981-f2813309465d
	at com.ca.tds.main.TDSVerifyAPI_TC.testArequestAPI(TDSVerifyAPI_TC.java:120)
	at java.util.concurrent.ThreadPoolExecutor.runWorker(ThreadPoolExecutor.java:1149)
	at java.util.concurrent.ThreadPoolExecutor$Worker.run(ThreadPoolExecutor.java:624)
	at java.lang.Thread.run(Thread.java:748)
... Removed 10 stack frames</pre></div><a href='#' onClick='toggleBox("stack-trace1250243849", this, "Click to show all stack frames", "Click to hide stack frames")'>Click to show all stack frames</a>
<div class='stack-trace' id='stack-trace1250243849'><pre>java.lang.AssertionError: errorComponent: S, errorCode: 501, errorDescription:CA Merchant Server:: RReq not recieved due to technical errorerrorDetail : Internal Trasient error occured for this transaction. Temporary Error occured for this transaction, threeDSServerTransID : 34041e14-10c2-4f46-8981-f2813309465d
	at org.testng.Assert.fail(Assert.java:96)
	at com.ca.tds.main.TDSVerifyAPI_TC.testArequestAPI(TDSVerifyAPI_TC.java:120)
	at sun.reflect.GeneratedMethodAccessor37.invoke(Unknown Source)
	at sun.reflect.DelegatingMethodAccessorImpl.invoke(DelegatingMethodAccessorImpl.java:43)
	at java.lang.reflect.Method.invoke(Method.java:498)
	at org.testng.internal.MethodInvocationHelper.invokeMethod(MethodInvocationHelper.java:124)
	at org.testng.internal.Invoker.invokeMethod(Invoker.java:583)
	at org.testng.internal.Invoker.invokeTestMethod(Invoker.java:719)
	at org.testng.internal.Invoker.invokeTestMethods(Invoker.java:989)
	at org.testng.internal.TestMethodWorker.invokeTestMethods(TestMethodWorker.java:125)
	at org.testng.internal.TestMethodWorker.run(TestMethodWorker.java:109)
	at java.util.concurrent.ThreadPoolExecutor.runWorker(ThreadPoolExecutor.java:1149)
	at java.util.concurrent.ThreadPoolExecutor$Worker.run(ThreadPoolExecutor.java:624)
	at java.lang.Thread.run(Thread.java:748)
</pre></div></td>
<td>2</td>
<td>com.ca.tds.main.TDSVerifyAPI_TC@1a1d6a08</td></tr>
<tr>
<td title='com.ca.tds.main.TDSVerifyAPI_TC.testArequestAPI()'><b>testArequestAPI</b><br>Test class: com.ca.tds.main.TDSVerifyAPI_TC<br>Parameters: org.testng.TestRunner@1bebe3a7, {TestCaseID=_S032, TestCaseName=Timeout scenario for DS unable to send Rres to ACS, SanityFlag=Y, Test Case type=P, RequirementID=, FieldName=, Expected-threeDSServerTransID=G, Expected-callerTxnRefID=G, Expected-eci=G, Expected-authenticationValue=G, Expected-transStatus=G, Expected-transStatusReason=G, Expected-challengeCancel=G, Expected-resultsStatus=G, Expected-authenticationType=G, Expected-interactionCounter=G, Expected-messageType=RSRs, Expected-XID=G, Expected-errorCode=NA, Expected-errorComponent=NA, Expected-errorDescription=NA, Expected-errorDetail=NA, #threeDSServerTransID#=, #callerTxnRefID#=341b7153-da86-4543-860f-2ba47f0168a5, #cres#=, #messageType#=RSRq, #caMerchantID#=CA_EU, #transStatus#=N}</td>
<td><div><pre>java.lang.AssertionError: errorComponent: S, errorCode: 501, errorDescription:CA Merchant Server:: RReq not recieved due to technical errorerrorDetail : Internal Trasient error occured for this transaction. Temporary Error occured for this transaction, threeDSServerTransID : a1c5d31b-6a1c-4c3e-acc5-c468d2f92911
	at com.ca.tds.main.TDSVerifyAPI_TC.testArequestAPI(TDSVerifyAPI_TC.java:120)
	at java.util.concurrent.ThreadPoolExecutor.runWorker(ThreadPoolExecutor.java:1149)
	at java.util.concurrent.ThreadPoolExecutor$Worker.run(ThreadPoolExecutor.java:624)
	at java.lang.Thread.run(Thread.java:748)
... Removed 10 stack frames</pre></div><a href='#' onClick='toggleBox("stack-trace1097625391", this, "Click to show all stack frames", "Click to hide stack frames")'>Click to show all stack frames</a>
<div class='stack-trace' id='stack-trace1097625391'><pre>java.lang.AssertionError: errorComponent: S, errorCode: 501, errorDescription:CA Merchant Server:: RReq not recieved due to technical errorerrorDetail : Internal Trasient error occured for this transaction. Temporary Error occured for this transaction, threeDSServerTransID : a1c5d31b-6a1c-4c3e-acc5-c468d2f92911
	at org.testng.Assert.fail(Assert.java:96)
	at com.ca.tds.main.TDSVerifyAPI_TC.testArequestAPI(TDSVerifyAPI_TC.java:120)
	at sun.reflect.GeneratedMethodAccessor37.invoke(Unknown Source)
	at sun.reflect.DelegatingMethodAccessorImpl.invoke(DelegatingMethodAccessorImpl.java:43)
	at java.lang.reflect.Method.invoke(Method.java:498)
	at org.testng.internal.MethodInvocationHelper.invokeMethod(MethodInvocationHelper.java:124)
	at org.testng.internal.Invoker.invokeMethod(Invoker.java:583)
	at org.testng.internal.Invoker.invokeTestMethod(Invoker.java:719)
	at org.testng.internal.Invoker.invokeTestMethods(Invoker.java:989)
	at org.testng.internal.TestMethodWorker.invokeTestMethods(TestMethodWorker.java:125)
	at org.testng.internal.TestMethodWorker.run(TestMethodWorker.java:109)
	at java.util.concurrent.ThreadPoolExecutor.runWorker(ThreadPoolExecutor.java:1149)
	at java.util.concurrent.ThreadPoolExecutor$Worker.run(ThreadPoolExecutor.java:624)
	at java.lang.Thread.run(Thread.java:748)
</pre></div></td>
<td>2</td>
<td>com.ca.tds.main.TDSVerifyAPI_TC@1a1d6a08</td></tr>
<tr>
<td title='com.ca.tds.main.TDSVerifyAPI_TC.testArequestAPI()'><b>testArequestAPI</b><br>Test class: com.ca.tds.main.TDSVerifyAPI_TC<br>Parameters: org.testng.TestRunner@1bebe3a7, {TestCaseID=_S033, TestCaseName=Timeout scenario for 3DSS unable to send Rres to DS, SanityFlag=Y, Test Case type=P, RequirementID=, FieldName=, Expected-threeDSServerTransID=G, Expected-callerTxnRefID=G, Expected-eci=G, Expected-authenticationValue=G, Expected-transStatus=G, Expected-transStatusReason=G, Expected-challengeCancel=G, Expected-resultsStatus=G, Expected-authenticationType=G, Expected-interactionCounter=G, Expected-messageType=RSRs, Expected-XID=G, Expected-errorCode=NA, Expected-errorComponent=NA, Expected-errorDescription=NA, Expected-errorDetail=NA, #threeDSServerTransID#=, #callerTxnRefID#=341b7153-da86-4543-860f-2ba47f0168a5, #cres#=, #messageType#=RSRq, #caMerchantID#=CA_EU, #transStatus#=N}</td>
<td><div><pre>java.lang.AssertionError: errorComponent: S, errorCode: 501, errorDescription:CA Merchant Server:: RReq not recieved due to technical errorerrorDetail : Internal Trasient error occured for this transaction. Temporary Error occured for this transaction, threeDSServerTransID : 20dfcfe2-fa4c-42cf-ae60-ca774e1b796c
	at com.ca.tds.main.TDSVerifyAPI_TC.testArequestAPI(TDSVerifyAPI_TC.java:120)
	at java.util.concurrent.ThreadPoolExecutor.runWorker(ThreadPoolExecutor.java:1149)
	at java.util.concurrent.ThreadPoolExecutor$Worker.run(ThreadPoolExecutor.java:624)
	at java.lang.Thread.run(Thread.java:748)
... Removed 10 stack frames</pre></div><a href='#' onClick='toggleBox("stack-trace727581621", this, "Click to show all stack frames", "Click to hide stack frames")'>Click to show all stack frames</a>
<div class='stack-trace' id='stack-trace727581621'><pre>java.lang.AssertionError: errorComponent: S, errorCode: 501, errorDescription:CA Merchant Server:: RReq not recieved due to technical errorerrorDetail : Internal Trasient error occured for this transaction. Temporary Error occured for this transaction, threeDSServerTransID : 20dfcfe2-fa4c-42cf-ae60-ca774e1b796c
	at org.testng.Assert.fail(Assert.java:96)
	at com.ca.tds.main.TDSVerifyAPI_TC.testArequestAPI(TDSVerifyAPI_TC.java:120)
	at sun.reflect.GeneratedMethodAccessor37.invoke(Unknown Source)
	at sun.reflect.DelegatingMethodAccessorImpl.invoke(DelegatingMethodAccessorImpl.java:43)
	at java.lang.reflect.Method.invoke(Method.java:498)
	at org.testng.internal.MethodInvocationHelper.invokeMethod(MethodInvocationHelper.java:124)
	at org.testng.internal.Invoker.invokeMethod(Invoker.java:583)
	at org.testng.internal.Invoker.invokeTestMethod(Invoker.java:719)
	at org.testng.internal.Invoker.invokeTestMethods(Invoker.java:989)
	at org.testng.internal.TestMethodWorker.invokeTestMethods(TestMethodWorker.java:125)
	at org.testng.internal.TestMethodWorker.run(TestMethodWorker.java:109)
	at java.util.concurrent.ThreadPoolExecutor.runWorker(ThreadPoolExecutor.java:1149)
	at java.util.concurrent.ThreadPoolExecutor$Worker.run(ThreadPoolExecutor.java:624)
	at java.lang.Thread.run(Thread.java:748)
</pre></div></td>
<td>2</td>
<td>com.ca.tds.main.TDSVerifyAPI_TC@1a1d6a08</td></tr>
</table><p>
<table width='100%' border='1' class='invocation-passed'>
<tr><td colspan='4' align='center'><b>PASSED TESTS</b></td></tr>
<tr><td><b>Test method</b></td>
<td width="30%"><b>Exception</b></td>
<td width="10%"><b>Time (seconds)</b></td>
<td><b>Instance</b></td>
</tr>
<tr>
<td title='com.ca.tds.main.TDSVerifyAPI_TC.testArequestAPI()'><b>testArequestAPI</b><br>Test class: com.ca.tds.main.TDSVerifyAPI_TC<br>Parameters: org.testng.TestRunner@1bebe3a7, {TestCaseID=_S002, TestCaseName=3DSServerTransactionID_Empty, SanityFlag=Y, Test Case type=N, RequirementID=, FieldName=, Expected-threeDSServerTransID=NA, Expected-callerTxnRefID=NA, Expected-eci=NA, Expected-authenticationValue=NA, Expected-transStatus=NA, Expected-transStatusReason=NA, Expected-challengeCancel=NA, Expected-resultsStatus=NA, Expected-authenticationType=NA, Expected-interactionCounter=NA, Expected-messageType=Erro, Expected-XID=NA, Expected-errorCode=203, Expected-errorComponent=S, Expected-errorDescription=G, Expected-errorDetail=G, #threeDSServerTransID#=empty , #callerTxnRefID#=341b7153-da86-4543-860f-2ba47f0168a5, #cres#=, #messageType#=RSRq, #caMerchantID#=CA_EU, #transStatus#=N}</td>
<td></td>
<td>5</td>
<td>com.ca.tds.main.TDSVerifyAPI_TC@1a1d6a08</td></tr>
<tr>
<td title='com.ca.tds.main.TDSVerifyAPI_TC.testArequestAPI()'><b>testArequestAPI</b><br>Test class: com.ca.tds.main.TDSVerifyAPI_TC<br>Parameters: org.testng.TestRunner@1bebe3a7, {TestCaseID=_S003, TestCaseName=3DSServerTransactionID_MoreThanMaxAcceptedLen>36Chars, SanityFlag=Y, Test Case type=N, RequirementID=, FieldName=, Expected-threeDSServerTransID=G, Expected-callerTxnRefID=NA, Expected-eci=NA, Expected-authenticationValue=NA, Expected-transStatus=NA, Expected-transStatusReason=NA, Expected-challengeCancel=NA, Expected-resultsStatus=NA, Expected-authenticationType=NA, Expected-interactionCounter=NA, Expected-messageType=Erro, Expected-XID=NA, Expected-errorCode=203, Expected-errorComponent=S, Expected-errorDescription=G, Expected-errorDetail=G, #threeDSServerTransID#=74381944-293c-44a0-9ce8-bf3a2491358074381944-293c-44a0-9ce8-bf3a24913580, #callerTxnRefID#=341b7153-da86-4543-860f-2ba47f0168a5, #cres#=, #messageType#=RSRq, #caMerchantID#=CA_EU, #transStatus#=N}</td>
<td></td>
<td>4</td>
<td>com.ca.tds.main.TDSVerifyAPI_TC@1a1d6a08</td></tr>
<tr>
<td title='com.ca.tds.main.TDSVerifyAPI_TC.testArequestAPI()'><b>testArequestAPI</b><br>Test class: com.ca.tds.main.TDSVerifyAPI_TC<br>Parameters: org.testng.TestRunner@1bebe3a7, {TestCaseID=_S005, TestCaseName=RemovalOfRequiredField_3DSServerTransactionID, SanityFlag=Y, Test Case type=N, RequirementID=, FieldName=, Expected-threeDSServerTransID=NA, Expected-callerTxnRefID=NA, Expected-eci=NA, Expected-authenticationValue=NA, Expected-transStatus=NA, Expected-transStatusReason=NA, Expected-challengeCancel=NA, Expected-resultsStatus=NA, Expected-authenticationType=NA, Expected-interactionCounter=NA, Expected-messageType=Erro, Expected-XID=NA, Expected-errorCode=201, Expected-errorComponent=S, Expected-errorDescription=G, Expected-errorDetail=G, #threeDSServerTransID#=#REMOVE#, #callerTxnRefID#=341b7153-da86-4543-860f-2ba47f0168a5, #cres#=, #messageType#=RSRq, #caMerchantID#=CA_EU, #transStatus#=N}</td>
<td></td>
<td>5</td>
<td>com.ca.tds.main.TDSVerifyAPI_TC@1a1d6a08</td></tr>
<tr>
<td title='com.ca.tds.main.TDSVerifyAPI_TC.testArequestAPI()'><b>testArequestAPI</b><br>Test class: com.ca.tds.main.TDSVerifyAPI_TC<br>Parameters: org.testng.TestRunner@1bebe3a7, {TestCaseID=_S006, TestCaseName=3DSServerTransactionID_InvalidTransID, SanityFlag=Y, Test Case type=N, RequirementID=, FieldName=, Expected-threeDSServerTransID=G, Expected-callerTxnRefID=NA, Expected-eci=NA, Expected-authenticationValue=NA, Expected-transStatus=NA, Expected-transStatusReason=NA, Expected-challengeCancel=NA, Expected-resultsStatus=NA, Expected-authenticationType=NA, Expected-interactionCounter=NA, Expected-messageType=Erro, Expected-XID=NA, Expected-errorCode=305, Expected-errorComponent=S, Expected-errorDescription=G, Expected-errorDetail=G, #threeDSServerTransID#=11111111-1111-1111-1111-111111111111, #callerTxnRefID#=341b7153-da86-4543-860f-2ba47f0168a5, #cres#=, #messageType#=RSRq, #caMerchantID#=CA_EU, #transStatus#=N}</td>
<td></td>
<td>5</td>
<td>com.ca.tds.main.TDSVerifyAPI_TC@1a1d6a08</td></tr>
<tr>
<td title='com.ca.tds.main.TDSVerifyAPI_TC.testArequestAPI()'><b>testArequestAPI</b><br>Test class: com.ca.tds.main.TDSVerifyAPI_TC<br>Parameters: org.testng.TestRunner@1bebe3a7, {TestCaseID=_S009, TestCaseName=InvalidCallerTxnRefID, SanityFlag=Y, Test Case type=N, RequirementID=, FieldName=, Expected-threeDSServerTransID=G, Expected-callerTxnRefID=NA, Expected-eci=NA, Expected-authenticationValue=NA, Expected-transStatus=NA, Expected-transStatusReason=NA, Expected-challengeCancel=NA, Expected-resultsStatus=NA, Expected-authenticationType=NA, Expected-interactionCounter=NA, Expected-messageType=Erro, Expected-XID=NA, Expected-errorCode=203, Expected-errorComponent=S, Expected-errorDescription=G, Expected-errorDetail=G, #threeDSServerTransID#=, #callerTxnRefID#=11111111-1111-1111-1111-111111111111111, #cres#=, #messageType#=RSRq, #caMerchantID#=CA_EU, #transStatus#=N}</td>
<td></td>
<td>6</td>
<td>com.ca.tds.main.TDSVerifyAPI_TC@1a1d6a08</td></tr>
<tr>
<td title='com.ca.tds.main.TDSVerifyAPI_TC.testArequestAPI()'><b>testArequestAPI</b><br>Test class: com.ca.tds.main.TDSVerifyAPI_TC<br>Parameters: org.testng.TestRunner@1bebe3a7, {TestCaseID=_S010, TestCaseName=CallerTxnRefIDLengthMoreThan36Chars, SanityFlag=Y, Test Case type=N, RequirementID=, FieldName=, Expected-threeDSServerTransID=G, Expected-callerTxnRefID=NA, Expected-eci=NA, Expected-authenticationValue=NA, Expected-transStatus=NA, Expected-transStatusReason=NA, Expected-challengeCancel=NA, Expected-resultsStatus=NA, Expected-authenticationType=NA, Expected-interactionCounter=NA, Expected-messageType=Erro, Expected-XID=NA, Expected-errorCode=203, Expected-errorComponent=S, Expected-errorDescription=G, Expected-errorDetail=G, #threeDSServerTransID#=, #callerTxnRefID#=341b7153-da86-4543-860f-2ba47f0168a5341b7153-da86-4543-860f-2ba47f0168a5, #cres#=, #messageType#=RSRq, #caMerchantID#=CA_EU, #transStatus#=N}</td>
<td></td>
<td>5</td>
<td>com.ca.tds.main.TDSVerifyAPI_TC@1a1d6a08</td></tr>
<tr>
<td title='com.ca.tds.main.TDSVerifyAPI_TC.testArequestAPI()'><b>testArequestAPI</b><br>Test class: com.ca.tds.main.TDSVerifyAPI_TC<br>Parameters: org.testng.TestRunner@1bebe3a7, {TestCaseID=_S019, TestCaseName=Empty_CRES, SanityFlag=Y, Test Case type=N, RequirementID=, FieldName=, Expected-threeDSServerTransID=G, Expected-callerTxnRefID=NA, Expected-eci=NA, Expected-authenticationValue=NA, Expected-transStatus=NA, Expected-transStatusReason=NA, Expected-challengeCancel=NA, Expected-resultsStatus=NA, Expected-authenticationType=NA, Expected-interactionCounter=NA, Expected-messageType=Erro, Expected-XID=NA, Expected-errorCode=203, Expected-errorComponent=S, Expected-errorDescription=G, Expected-errorDetail=G, #threeDSServerTransID#=, #callerTxnRefID#=341b7153-da86-4543-860f-2ba47f0168a5, #cres#=empty, #messageType#=RSRq, #caMerchantID#=CA_EU, #transStatus#=N}</td>
<td></td>
<td>5</td>
<td>com.ca.tds.main.TDSVerifyAPI_TC@1a1d6a08</td></tr>
<tr>
<td title='com.ca.tds.main.TDSVerifyAPI_TC.testArequestAPI()'><b>testArequestAPI</b><br>Test class: com.ca.tds.main.TDSVerifyAPI_TC<br>Parameters: org.testng.TestRunner@1bebe3a7, {TestCaseID=_S020, TestCaseName=Invalid_CRES, SanityFlag=Y, Test Case type=N, RequirementID=, FieldName=, Expected-threeDSServerTransID=G, Expected-callerTxnRefID=NA, Expected-eci=NA, Expected-authenticationValue=NA, Expected-transStatus=NA, Expected-transStatusReason=NA, Expected-challengeCancel=NA, Expected-resultsStatus=NA, Expected-authenticationType=NA, Expected-interactionCounter=NA, Expected-messageType=Erro, Expected-XID=NA, Expected-errorCode=305, Expected-errorComponent=S, Expected-errorDescription=G, Expected-errorDetail=G, #threeDSServerTransID#=, #callerTxnRefID#=341b7153-da86-4543-860f-2ba47f0168a5, #cres#=ewogICAiYWNzVHJhbnNJRCIgOiAiZDVmNDZjM2UtMjgzYS00MDU5LTlkNjQtMDZjNzk0ZTdhZGEzIiwKICAgImNoYWxsZW5nZVdpbmRvd1NpemUiIDogIjA0IiwKICAgIm1lc3NhZ2VUeXBlIiA6ICJDUmVxIiwKICAgIm1lc3NhZ2VWZXJzaW9uIiA6ICIyLjEuMCIsCiAgICJ0aHJlZURTU2VydmVyVHJhbnNJRCIgOiAiOTA2MTY2MGQtMzRkMy00YjI0LTk3ZjMtYTBlMjY2MmY1YzRlIgp9Cg==, #messageType#=RSRq, #caMerchantID#=CA_EU, #transStatus#=N}</td>
<td></td>
<td>5</td>
<td>com.ca.tds.main.TDSVerifyAPI_TC@1a1d6a08</td></tr>
<tr>
<td title='com.ca.tds.main.TDSVerifyAPI_TC.testArequestAPI()'><b>testArequestAPI</b><br>Test class: com.ca.tds.main.TDSVerifyAPI_TC<br>Parameters: org.testng.TestRunner@1bebe3a7, {TestCaseID=_S023, TestCaseName=MessageType_Invalid_RSRQ, SanityFlag=Y, Test Case type=N, RequirementID=, FieldName=, Expected-threeDSServerTransID=G, Expected-callerTxnRefID=NA, Expected-eci=NA, Expected-authenticationValue=NA, Expected-transStatus=NA, Expected-transStatusReason=NA, Expected-challengeCancel=NA, Expected-resultsStatus=NA, Expected-authenticationType=NA, Expected-interactionCounter=NA, Expected-messageType=Erro, Expected-XID=NA, Expected-errorCode=101, Expected-errorComponent=S, Expected-errorDescription=G, Expected-errorDetail=G, #threeDSServerTransID#=, #callerTxnRefID#=341b7153-da86-4543-860f-2ba47f0168a5, #cres#=, #messageType#=RSRQ, #caMerchantID#=CA_EU, #transStatus#=N}</td>
<td></td>
<td>5</td>
<td>com.ca.tds.main.TDSVerifyAPI_TC@1a1d6a08</td></tr>
<tr>
<td title='com.ca.tds.main.TDSVerifyAPI_TC.testArequestAPI()'><b>testArequestAPI</b><br>Test class: com.ca.tds.main.TDSVerifyAPI_TC<br>Parameters: org.testng.TestRunner@1bebe3a7, {TestCaseID=_S024, TestCaseName=MessageType_Empty, SanityFlag=Y, Test Case type=N, RequirementID=, FieldName=, Expected-threeDSServerTransID=G, Expected-callerTxnRefID=NA, Expected-eci=NA, Expected-authenticationValue=NA, Expected-transStatus=NA, Expected-transStatusReason=NA, Expected-challengeCancel=NA, Expected-resultsStatus=NA, Expected-authenticationType=NA, Expected-interactionCounter=NA, Expected-messageType=Erro, Expected-XID=NA, Expected-errorCode=101, Expected-errorComponent=S, Expected-errorDescription=G, Expected-errorDetail=G, #threeDSServerTransID#=, #callerTxnRefID#=341b7153-da86-4543-860f-2ba47f0168a5, #cres#=, #messageType#=empty , #caMerchantID#=CA_EU, #transStatus#=N}</td>
<td></td>
<td>5</td>
<td>com.ca.tds.main.TDSVerifyAPI_TC@1a1d6a08</td></tr>
<tr>
<td title='com.ca.tds.main.TDSVerifyAPI_TC.testArequestAPI()'><b>testArequestAPI</b><br>Test class: com.ca.tds.main.TDSVerifyAPI_TC<br>Parameters: org.testng.TestRunner@1bebe3a7, {TestCaseID=_S025, TestCaseName=MessageType_MoreThanMaxAcceptedLen>4Chars, SanityFlag=Y, Test Case type=N, RequirementID=, FieldName=, Expected-threeDSServerTransID=G, Expected-callerTxnRefID=NA, Expected-eci=NA, Expected-authenticationValue=NA, Expected-transStatus=NA, Expected-transStatusReason=NA, Expected-challengeCancel=NA, Expected-resultsStatus=NA, Expected-authenticationType=NA, Expected-interactionCounter=NA, Expected-messageType=Erro, Expected-XID=NA, Expected-errorCode=101, Expected-errorComponent=S, Expected-errorDescription=G, Expected-errorDetail=G, #threeDSServerTransID#=, #callerTxnRefID#=341b7153-da86-4543-860f-2ba47f0168a5, #cres#=, #messageType#=RSRQ1, #caMerchantID#=CA_EU, #transStatus#=N}</td>
<td></td>
<td>4</td>
<td>com.ca.tds.main.TDSVerifyAPI_TC@1a1d6a08</td></tr>
<tr>
<td title='com.ca.tds.main.TDSVerifyAPI_TC.testArequestAPI()'><b>testArequestAPI</b><br>Test class: com.ca.tds.main.TDSVerifyAPI_TC<br>Parameters: org.testng.TestRunner@1bebe3a7, {TestCaseID=_S026, TestCaseName=RemovalOfRequiredField_MessageType, SanityFlag=Y, Test Case type=N, RequirementID=, FieldName=, Expected-threeDSServerTransID=G, Expected-callerTxnRefID=NA, Expected-eci=NA, Expected-authenticationValue=NA, Expected-transStatus=NA, Expected-transStatusReason=NA, Expected-challengeCancel=NA, Expected-resultsStatus=NA, Expected-authenticationType=NA, Expected-interactionCounter=NA, Expected-messageType=Erro, Expected-XID=NA, Expected-errorCode=201, Expected-errorComponent=S, Expected-errorDescription=G, Expected-errorDetail=G, #threeDSServerTransID#=, #callerTxnRefID#=341b7153-da86-4543-860f-2ba47f0168a5, #cres#=, #messageType#=#REMOVE#, #caMerchantID#=CA_EU, #transStatus#=N}</td>
<td></td>
<td>5</td>
<td>com.ca.tds.main.TDSVerifyAPI_TC@1a1d6a08</td></tr>
<tr>
<td title='com.ca.tds.main.TDSVerifyAPI_TC.testArequestAPI()'><b>testArequestAPI</b><br>Test class: com.ca.tds.main.TDSVerifyAPI_TC<br>Parameters: org.testng.TestRunner@1bebe3a7, {TestCaseID=_S030, TestCaseName=RemovalOfRequiredField_CAMerchantID, SanityFlag=Y, Test Case type=N, RequirementID=, FieldName=, Expected-threeDSServerTransID=G, Expected-callerTxnRefID=NA, Expected-eci=NA, Expected-authenticationValue=NA, Expected-transStatus=NA, Expected-transStatusReason=NA, Expected-challengeCancel=NA, Expected-resultsStatus=NA, Expected-authenticationType=NA, Expected-interactionCounter=NA, Expected-messageType=Erro, Expected-XID=NA, Expected-errorCode=201, Expected-errorComponent=S, Expected-errorDescription=G, Expected-errorDetail=G, #threeDSServerTransID#=, #callerTxnRefID#=341b7153-da86-4543-860f-2ba47f0168a5, #cres#=, #messageType#=RSRq, #caMerchantID#=#REMOVE#, #transStatus#=N}</td>
<td></td>
<td>4</td>
<td>com.ca.tds.main.TDSVerifyAPI_TC@1a1d6a08</td></tr>
<tr>
<td title='com.ca.tds.main.TDSVerifyAPI_TC.testArequestAPI()'><b>testArequestAPI</b><br>Test class: com.ca.tds.main.TDSVerifyAPI_TC<br>Parameters: org.testng.TestRunner@1bebe3a7, {TestCaseID=_S034, TestCaseName=Timeout scenario for Merchant did Rsrq without receiving CRES, SanityFlag=Y, Test Case type=N, RequirementID=, FieldName=, Expected-threeDSServerTransID=G, Expected-callerTxnRefID=NA, Expected-eci=NA, Expected-authenticationValue=NA, Expected-transStatus=NA, Expected-transStatusReason=NA, Expected-challengeCancel=NA, Expected-resultsStatus=NA, Expected-authenticationType=NA, Expected-interactionCounter=NA, Expected-messageType=Erro, Expected-XID=G, Expected-errorCode=501, Expected-errorComponent=S, Expected-errorDescription=G, Expected-errorDetail=G, #threeDSServerTransID#=, #callerTxnRefID#=341b7153-da86-4543-860f-2ba47f0168a5, #cres#=, #messageType#=RSRq, #caMerchantID#=CA_EU, #transStatus#=Y}</td>
<td></td>
<td>5</td>
<td>com.ca.tds.main.TDSVerifyAPI_TC@1a1d6a08</td></tr>
</table><p>
</body>
</html>