<html>
<head>
<title>TestNG:  AMEX::Clear Card::Browser::ThreeDSMethodURL flow</title>
<link href="../testng.css" rel="stylesheet" type="text/css" />
<link href="../my-testng.css" rel="stylesheet" type="text/css" />

<style type="text/css">
.log { display: none;} 
.stack-trace { display: none;} 
</style>
<script type="text/javascript">
<!--
function flip(e) {
  current = e.style.display;
  if (current == 'block') {
    e.style.display = 'none';
    return 0;
  }
  else {
    e.style.display = 'block';
    return 1;
  }
}

function toggleBox(szDivId, elem, msg1, msg2)
{
  var res = -1;  if (document.getElementById) {
    res = flip(document.getElementById(szDivId));
  }
  else if (document.all) {
    // this is the way old msie versions work
    res = flip(document.all[szDivId]);
  }
  if(elem) {
    if(res == 0) elem.innerHTML = msg1; else elem.innerHTML = msg2;
  }

}

function toggleAllBoxes() {
  if (document.getElementsByTagName) {
    d = document.getElementsByTagName('div');
    for (i = 0; i < d.length; i++) {
      if (d[i].className == 'log') {
        flip(d[i]);
      }
    }
  }
}

// -->
</script>

</head>
<body>
<h2 align='center'>AMEX::Clear Card::Browser::ThreeDSMethodURL flow</h2><table border='1' align="center">
<tr>
<td>Tests passed/Failed/Skipped:</td><td>0/34/0</td>
</tr><tr>
<td>Started on:</td><td>Fri Nov 15 00:29:00 IST 2019</td>
</tr>
<tr><td>Total time:</td><td>133 seconds (133924 ms)</td>
</tr><tr>
<td>Included groups:</td><td></td>
</tr><tr>
<td>Excluded groups:</td><td></td>
</tr>
</table><p/>
<small><i>(Hover the method name to see the test class name)</i></small><p/>
<table width='100%' border='1' class='invocation-failed'>
<tr><td colspan='4' align='center'><b>FAILED TESTS</b></td></tr>
<tr><td><b>Test method</b></td>
<td width="30%"><b>Exception</b></td>
<td width="10%"><b>Time (seconds)</b></td>
<td><b>Instance</b></td>
</tr>
<tr>
<td title='com.ca.tds.main.TDSMethodURL_TC.testArequestAPI()'><b>testArequestAPI</b><br>Test class: com.ca.tds.main.TDSMethodURL_TC<br>Parameters: org.testng.TestRunner@139ffcfb, {TestCaseID=_S001, TestCaseName=_VISA_For_Verify_TC001, SanityFlag=Y, Test Case type=P, RequirementID=, Expected-messageType=ThreeDSMethodURLRes, Expected-callerTxnRefID=G, Expected-messageVersion=2.1.0, Expected-threeDSServerTransID=G, Expected-threeDSMethodURL=G, #acctNumber#=4000500060000008, #caMerchantID#=CA_EU, #callerTxnRefID#=341b7153-da86-4543-860f-2ba47f0168a5, #messageType#=ThreeDSMethodURLReq}</td>
<td><div><pre>java.lang.AssertionError: errorComponent: S, errorCode: S, errorDescription:CA Merchant Server:: Access Denied, Invalid End Point. Acquirer or Merchant not participating 
	at com.ca.tds.main.TDSMethodURL_TC.testArequestAPI(TDSMethodURL_TC.java:64)
	at java.util.concurrent.ThreadPoolExecutor.runWorker(ThreadPoolExecutor.java:1149)
	at java.util.concurrent.ThreadPoolExecutor$Worker.run(ThreadPoolExecutor.java:624)
	at java.lang.Thread.run(Thread.java:748)
... Removed 10 stack frames</pre></div><a href='#' onClick='toggleBox("stack-trace529122870", this, "Click to show all stack frames", "Click to hide stack frames")'>Click to show all stack frames</a>
<div class='stack-trace' id='stack-trace529122870'><pre>java.lang.AssertionError: errorComponent: S, errorCode: S, errorDescription:CA Merchant Server:: Access Denied, Invalid End Point. Acquirer or Merchant not participating 
	at org.testng.Assert.fail(Assert.java:96)
	at com.ca.tds.main.TDSMethodURL_TC.testArequestAPI(TDSMethodURL_TC.java:64)
	at sun.reflect.GeneratedMethodAccessor28.invoke(Unknown Source)
	at sun.reflect.DelegatingMethodAccessorImpl.invoke(DelegatingMethodAccessorImpl.java:43)
	at java.lang.reflect.Method.invoke(Method.java:498)
	at org.testng.internal.MethodInvocationHelper.invokeMethod(MethodInvocationHelper.java:124)
	at org.testng.internal.Invoker.invokeMethod(Invoker.java:583)
	at org.testng.internal.Invoker.invokeTestMethod(Invoker.java:719)
	at org.testng.internal.Invoker.invokeTestMethods(Invoker.java:989)
	at org.testng.internal.TestMethodWorker.invokeTestMethods(TestMethodWorker.java:125)
	at org.testng.internal.TestMethodWorker.run(TestMethodWorker.java:109)
	at java.util.concurrent.ThreadPoolExecutor.runWorker(ThreadPoolExecutor.java:1149)
	at java.util.concurrent.ThreadPoolExecutor$Worker.run(ThreadPoolExecutor.java:624)
	at java.lang.Thread.run(Thread.java:748)
</pre></div></td>
<td>3</td>
<td>com.ca.tds.main.TDSMethodURL_TC@2a556333</td></tr>
<tr>
<td title='com.ca.tds.main.TDSMethodURL_TC.testArequestAPI()'><b>testArequestAPI</b><br>Test class: com.ca.tds.main.TDSMethodURL_TC<br>Parameters: org.testng.TestRunner@139ffcfb, {TestCaseID=_S002, TestCaseName=_VISA_For_Verify_TC002, SanityFlag=Y, Test Case type=P, RequirementID=, Expected-messageType=ThreeDSMethodURLRes, Expected-callerTxnRefID=G, Expected-messageVersion=2.1.0, Expected-threeDSServerTransID=G, Expected-threeDSMethodURL=G, #acctNumber#=4000500060000008, #caMerchantID#=CA_EU, #callerTxnRefID#=341b7153-da86-4543-860f-2ba47f0168a5, #messageType#=ThreeDSMethodURLReq}</td>
<td><div><pre>java.lang.AssertionError: errorComponent: S, errorCode: S, errorDescription:CA Merchant Server:: Access Denied, Invalid End Point. Acquirer or Merchant not participating 
	at com.ca.tds.main.TDSMethodURL_TC.testArequestAPI(TDSMethodURL_TC.java:64)
	at java.util.concurrent.ThreadPoolExecutor.runWorker(ThreadPoolExecutor.java:1149)
	at java.util.concurrent.ThreadPoolExecutor$Worker.run(ThreadPoolExecutor.java:624)
	at java.lang.Thread.run(Thread.java:748)
... Removed 10 stack frames</pre></div><a href='#' onClick='toggleBox("stack-trace142510914", this, "Click to show all stack frames", "Click to hide stack frames")'>Click to show all stack frames</a>
<div class='stack-trace' id='stack-trace142510914'><pre>java.lang.AssertionError: errorComponent: S, errorCode: S, errorDescription:CA Merchant Server:: Access Denied, Invalid End Point. Acquirer or Merchant not participating 
	at org.testng.Assert.fail(Assert.java:96)
	at com.ca.tds.main.TDSMethodURL_TC.testArequestAPI(TDSMethodURL_TC.java:64)
	at sun.reflect.GeneratedMethodAccessor28.invoke(Unknown Source)
	at sun.reflect.DelegatingMethodAccessorImpl.invoke(DelegatingMethodAccessorImpl.java:43)
	at java.lang.reflect.Method.invoke(Method.java:498)
	at org.testng.internal.MethodInvocationHelper.invokeMethod(MethodInvocationHelper.java:124)
	at org.testng.internal.Invoker.invokeMethod(Invoker.java:583)
	at org.testng.internal.Invoker.invokeTestMethod(Invoker.java:719)
	at org.testng.internal.Invoker.invokeTestMethods(Invoker.java:989)
	at org.testng.internal.TestMethodWorker.invokeTestMethods(TestMethodWorker.java:125)
	at org.testng.internal.TestMethodWorker.run(TestMethodWorker.java:109)
	at java.util.concurrent.ThreadPoolExecutor.runWorker(ThreadPoolExecutor.java:1149)
	at java.util.concurrent.ThreadPoolExecutor$Worker.run(ThreadPoolExecutor.java:624)
	at java.lang.Thread.run(Thread.java:748)
</pre></div></td>
<td>2</td>
<td>com.ca.tds.main.TDSMethodURL_TC@2a556333</td></tr>
<tr>
<td title='com.ca.tds.main.TDSMethodURL_TC.testArequestAPI()'><b>testArequestAPI</b><br>Test class: com.ca.tds.main.TDSMethodURL_TC<br>Parameters: org.testng.TestRunner@139ffcfb, {TestCaseID=_S003, TestCaseName=_VISA_For_Verify_TC003, SanityFlag=Y, Test Case type=P, RequirementID=, Expected-messageType=ThreeDSMethodURLRes, Expected-callerTxnRefID=G, Expected-messageVersion=2.1.0, Expected-threeDSServerTransID=G, Expected-threeDSMethodURL=G, #acctNumber#=4000500060000008, #caMerchantID#=CA_EU, #callerTxnRefID#=341b7153-da86-4543-860f-2ba47f0168a5, #messageType#=ThreeDSMethodURLReq}</td>
<td><div><pre>java.lang.AssertionError: errorComponent: S, errorCode: S, errorDescription:CA Merchant Server:: Access Denied, Invalid End Point. Acquirer or Merchant not participating 
	at com.ca.tds.main.TDSMethodURL_TC.testArequestAPI(TDSMethodURL_TC.java:64)
	at java.util.concurrent.ThreadPoolExecutor.runWorker(ThreadPoolExecutor.java:1149)
	at java.util.concurrent.ThreadPoolExecutor$Worker.run(ThreadPoolExecutor.java:624)
	at java.lang.Thread.run(Thread.java:748)
... Removed 10 stack frames</pre></div><a href='#' onClick='toggleBox("stack-trace2057080799", this, "Click to show all stack frames", "Click to hide stack frames")'>Click to show all stack frames</a>
<div class='stack-trace' id='stack-trace2057080799'><pre>java.lang.AssertionError: errorComponent: S, errorCode: S, errorDescription:CA Merchant Server:: Access Denied, Invalid End Point. Acquirer or Merchant not participating 
	at org.testng.Assert.fail(Assert.java:96)
	at com.ca.tds.main.TDSMethodURL_TC.testArequestAPI(TDSMethodURL_TC.java:64)
	at sun.reflect.GeneratedMethodAccessor28.invoke(Unknown Source)
	at sun.reflect.DelegatingMethodAccessorImpl.invoke(DelegatingMethodAccessorImpl.java:43)
	at java.lang.reflect.Method.invoke(Method.java:498)
	at org.testng.internal.MethodInvocationHelper.invokeMethod(MethodInvocationHelper.java:124)
	at org.testng.internal.Invoker.invokeMethod(Invoker.java:583)
	at org.testng.internal.Invoker.invokeTestMethod(Invoker.java:719)
	at org.testng.internal.Invoker.invokeTestMethods(Invoker.java:989)
	at org.testng.internal.TestMethodWorker.invokeTestMethods(TestMethodWorker.java:125)
	at org.testng.internal.TestMethodWorker.run(TestMethodWorker.java:109)
	at java.util.concurrent.ThreadPoolExecutor.runWorker(ThreadPoolExecutor.java:1149)
	at java.util.concurrent.ThreadPoolExecutor$Worker.run(ThreadPoolExecutor.java:624)
	at java.lang.Thread.run(Thread.java:748)
</pre></div></td>
<td>2</td>
<td>com.ca.tds.main.TDSMethodURL_TC@2a556333</td></tr>
<tr>
<td title='com.ca.tds.main.TDSMethodURL_TC.testArequestAPI()'><b>testArequestAPI</b><br>Test class: com.ca.tds.main.TDSMethodURL_TC<br>Parameters: org.testng.TestRunner@139ffcfb, {TestCaseID=_S004, TestCaseName=_VISA_For_Verify_TC004, SanityFlag=Y, Test Case type=P, RequirementID=, Expected-messageType=ThreeDSMethodURLRes, Expected-callerTxnRefID=G, Expected-messageVersion=2.1.0, Expected-threeDSServerTransID=G, Expected-threeDSMethodURL=G, #acctNumber#=4000500060000008, #caMerchantID#=CA_EU, #callerTxnRefID#=341b7153-da86-4543-860f-2ba47f0168a5, #messageType#=ThreeDSMethodURLReq}</td>
<td><div><pre>java.lang.AssertionError: errorComponent: S, errorCode: S, errorDescription:CA Merchant Server:: Access Denied, Invalid End Point. Acquirer or Merchant not participating 
	at com.ca.tds.main.TDSMethodURL_TC.testArequestAPI(TDSMethodURL_TC.java:64)
	at java.util.concurrent.ThreadPoolExecutor.runWorker(ThreadPoolExecutor.java:1149)
	at java.util.concurrent.ThreadPoolExecutor$Worker.run(ThreadPoolExecutor.java:624)
	at java.lang.Thread.run(Thread.java:748)
... Removed 10 stack frames</pre></div><a href='#' onClick='toggleBox("stack-trace587449214", this, "Click to show all stack frames", "Click to hide stack frames")'>Click to show all stack frames</a>
<div class='stack-trace' id='stack-trace587449214'><pre>java.lang.AssertionError: errorComponent: S, errorCode: S, errorDescription:CA Merchant Server:: Access Denied, Invalid End Point. Acquirer or Merchant not participating 
	at org.testng.Assert.fail(Assert.java:96)
	at com.ca.tds.main.TDSMethodURL_TC.testArequestAPI(TDSMethodURL_TC.java:64)
	at sun.reflect.GeneratedMethodAccessor28.invoke(Unknown Source)
	at sun.reflect.DelegatingMethodAccessorImpl.invoke(DelegatingMethodAccessorImpl.java:43)
	at java.lang.reflect.Method.invoke(Method.java:498)
	at org.testng.internal.MethodInvocationHelper.invokeMethod(MethodInvocationHelper.java:124)
	at org.testng.internal.Invoker.invokeMethod(Invoker.java:583)
	at org.testng.internal.Invoker.invokeTestMethod(Invoker.java:719)
	at org.testng.internal.Invoker.invokeTestMethods(Invoker.java:989)
	at org.testng.internal.TestMethodWorker.invokeTestMethods(TestMethodWorker.java:125)
	at org.testng.internal.TestMethodWorker.run(TestMethodWorker.java:109)
	at java.util.concurrent.ThreadPoolExecutor.runWorker(ThreadPoolExecutor.java:1149)
	at java.util.concurrent.ThreadPoolExecutor$Worker.run(ThreadPoolExecutor.java:624)
	at java.lang.Thread.run(Thread.java:748)
</pre></div></td>
<td>2</td>
<td>com.ca.tds.main.TDSMethodURL_TC@2a556333</td></tr>
<tr>
<td title='com.ca.tds.main.TDSMethodURL_TC.testArequestAPI()'><b>testArequestAPI</b><br>Test class: com.ca.tds.main.TDSMethodURL_TC<br>Parameters: org.testng.TestRunner@139ffcfb, {TestCaseID=_S005, TestCaseName=_VISA_For_Verify_TC005, SanityFlag=Y, Test Case type=P, RequirementID=, Expected-messageType=ThreeDSMethodURLRes, Expected-callerTxnRefID=G, Expected-messageVersion=2.1.0, Expected-threeDSServerTransID=G, Expected-threeDSMethodURL=G, #acctNumber#=4000500060000008, #caMerchantID#=CA_EU, #callerTxnRefID#=341b7153-da86-4543-860f-2ba47f0168a5, #messageType#=ThreeDSMethodURLReq}</td>
<td><div><pre>java.lang.AssertionError: errorComponent: S, errorCode: S, errorDescription:CA Merchant Server:: Access Denied, Invalid End Point. Acquirer or Merchant not participating 
	at com.ca.tds.main.TDSMethodURL_TC.testArequestAPI(TDSMethodURL_TC.java:64)
	at java.util.concurrent.ThreadPoolExecutor.runWorker(ThreadPoolExecutor.java:1149)
	at java.util.concurrent.ThreadPoolExecutor$Worker.run(ThreadPoolExecutor.java:624)
	at java.lang.Thread.run(Thread.java:748)
... Removed 10 stack frames</pre></div><a href='#' onClick='toggleBox("stack-trace1330486504", this, "Click to show all stack frames", "Click to hide stack frames")'>Click to show all stack frames</a>
<div class='stack-trace' id='stack-trace1330486504'><pre>java.lang.AssertionError: errorComponent: S, errorCode: S, errorDescription:CA Merchant Server:: Access Denied, Invalid End Point. Acquirer or Merchant not participating 
	at org.testng.Assert.fail(Assert.java:96)
	at com.ca.tds.main.TDSMethodURL_TC.testArequestAPI(TDSMethodURL_TC.java:64)
	at sun.reflect.GeneratedMethodAccessor28.invoke(Unknown Source)
	at sun.reflect.DelegatingMethodAccessorImpl.invoke(DelegatingMethodAccessorImpl.java:43)
	at java.lang.reflect.Method.invoke(Method.java:498)
	at org.testng.internal.MethodInvocationHelper.invokeMethod(MethodInvocationHelper.java:124)
	at org.testng.internal.Invoker.invokeMethod(Invoker.java:583)
	at org.testng.internal.Invoker.invokeTestMethod(Invoker.java:719)
	at org.testng.internal.Invoker.invokeTestMethods(Invoker.java:989)
	at org.testng.internal.TestMethodWorker.invokeTestMethods(TestMethodWorker.java:125)
	at org.testng.internal.TestMethodWorker.run(TestMethodWorker.java:109)
	at java.util.concurrent.ThreadPoolExecutor.runWorker(ThreadPoolExecutor.java:1149)
	at java.util.concurrent.ThreadPoolExecutor$Worker.run(ThreadPoolExecutor.java:624)
	at java.lang.Thread.run(Thread.java:748)
</pre></div></td>
<td>2</td>
<td>com.ca.tds.main.TDSMethodURL_TC@2a556333</td></tr>
<tr>
<td title='com.ca.tds.main.TDSMethodURL_TC.testArequestAPI()'><b>testArequestAPI</b><br>Test class: com.ca.tds.main.TDSMethodURL_TC<br>Parameters: org.testng.TestRunner@139ffcfb, {TestCaseID=_S006, TestCaseName=_VISA_For_Verify_TC006, SanityFlag=Y, Test Case type=P, RequirementID=, Expected-messageType=ThreeDSMethodURLRes, Expected-callerTxnRefID=G, Expected-messageVersion=2.1.0, Expected-threeDSServerTransID=G, Expected-threeDSMethodURL=G, #acctNumber#=4000500060000008, #caMerchantID#=CA_EU, #callerTxnRefID#=341b7153-da86-4543-860f-2ba47f0168a5, #messageType#=ThreeDSMethodURLReq}</td>
<td><div><pre>java.lang.AssertionError: errorComponent: S, errorCode: S, errorDescription:CA Merchant Server:: Access Denied, Invalid End Point. Acquirer or Merchant not participating 
	at com.ca.tds.main.TDSMethodURL_TC.testArequestAPI(TDSMethodURL_TC.java:64)
	at java.util.concurrent.ThreadPoolExecutor.runWorker(ThreadPoolExecutor.java:1149)
	at java.util.concurrent.ThreadPoolExecutor$Worker.run(ThreadPoolExecutor.java:624)
	at java.lang.Thread.run(Thread.java:748)
... Removed 10 stack frames</pre></div><a href='#' onClick='toggleBox("stack-trace1954862634", this, "Click to show all stack frames", "Click to hide stack frames")'>Click to show all stack frames</a>
<div class='stack-trace' id='stack-trace1954862634'><pre>java.lang.AssertionError: errorComponent: S, errorCode: S, errorDescription:CA Merchant Server:: Access Denied, Invalid End Point. Acquirer or Merchant not participating 
	at org.testng.Assert.fail(Assert.java:96)
	at com.ca.tds.main.TDSMethodURL_TC.testArequestAPI(TDSMethodURL_TC.java:64)
	at sun.reflect.GeneratedMethodAccessor28.invoke(Unknown Source)
	at sun.reflect.DelegatingMethodAccessorImpl.invoke(DelegatingMethodAccessorImpl.java:43)
	at java.lang.reflect.Method.invoke(Method.java:498)
	at org.testng.internal.MethodInvocationHelper.invokeMethod(MethodInvocationHelper.java:124)
	at org.testng.internal.Invoker.invokeMethod(Invoker.java:583)
	at org.testng.internal.Invoker.invokeTestMethod(Invoker.java:719)
	at org.testng.internal.Invoker.invokeTestMethods(Invoker.java:989)
	at org.testng.internal.TestMethodWorker.invokeTestMethods(TestMethodWorker.java:125)
	at org.testng.internal.TestMethodWorker.run(TestMethodWorker.java:109)
	at java.util.concurrent.ThreadPoolExecutor.runWorker(ThreadPoolExecutor.java:1149)
	at java.util.concurrent.ThreadPoolExecutor$Worker.run(ThreadPoolExecutor.java:624)
	at java.lang.Thread.run(Thread.java:748)
</pre></div></td>
<td>3</td>
<td>com.ca.tds.main.TDSMethodURL_TC@2a556333</td></tr>
<tr>
<td title='com.ca.tds.main.TDSMethodURL_TC.testArequestAPI()'><b>testArequestAPI</b><br>Test class: com.ca.tds.main.TDSMethodURL_TC<br>Parameters: org.testng.TestRunner@139ffcfb, {TestCaseID=_S007, TestCaseName=_VISA_For_Verify_TC007, SanityFlag=Y, Test Case type=P, RequirementID=, Expected-messageType=ThreeDSMethodURLRes, Expected-callerTxnRefID=G, Expected-messageVersion=2.1.0, Expected-threeDSServerTransID=G, Expected-threeDSMethodURL=G, #acctNumber#=4000500060000008, #caMerchantID#=CA_EU, #callerTxnRefID#=341b7153-da86-4543-860f-2ba47f0168a5, #messageType#=ThreeDSMethodURLReq}</td>
<td><div><pre>java.lang.AssertionError: errorComponent: S, errorCode: S, errorDescription:CA Merchant Server:: Access Denied, Invalid End Point. Acquirer or Merchant not participating 
	at com.ca.tds.main.TDSMethodURL_TC.testArequestAPI(TDSMethodURL_TC.java:64)
	at java.util.concurrent.ThreadPoolExecutor.runWorker(ThreadPoolExecutor.java:1149)
	at java.util.concurrent.ThreadPoolExecutor$Worker.run(ThreadPoolExecutor.java:624)
	at java.lang.Thread.run(Thread.java:748)
... Removed 10 stack frames</pre></div><a href='#' onClick='toggleBox("stack-trace1274471046", this, "Click to show all stack frames", "Click to hide stack frames")'>Click to show all stack frames</a>
<div class='stack-trace' id='stack-trace1274471046'><pre>java.lang.AssertionError: errorComponent: S, errorCode: S, errorDescription:CA Merchant Server:: Access Denied, Invalid End Point. Acquirer or Merchant not participating 
	at org.testng.Assert.fail(Assert.java:96)
	at com.ca.tds.main.TDSMethodURL_TC.testArequestAPI(TDSMethodURL_TC.java:64)
	at sun.reflect.GeneratedMethodAccessor28.invoke(Unknown Source)
	at sun.reflect.DelegatingMethodAccessorImpl.invoke(DelegatingMethodAccessorImpl.java:43)
	at java.lang.reflect.Method.invoke(Method.java:498)
	at org.testng.internal.MethodInvocationHelper.invokeMethod(MethodInvocationHelper.java:124)
	at org.testng.internal.Invoker.invokeMethod(Invoker.java:583)
	at org.testng.internal.Invoker.invokeTestMethod(Invoker.java:719)
	at org.testng.internal.Invoker.invokeTestMethods(Invoker.java:989)
	at org.testng.internal.TestMethodWorker.invokeTestMethods(TestMethodWorker.java:125)
	at org.testng.internal.TestMethodWorker.run(TestMethodWorker.java:109)
	at java.util.concurrent.ThreadPoolExecutor.runWorker(ThreadPoolExecutor.java:1149)
	at java.util.concurrent.ThreadPoolExecutor$Worker.run(ThreadPoolExecutor.java:624)
	at java.lang.Thread.run(Thread.java:748)
</pre></div></td>
<td>2</td>
<td>com.ca.tds.main.TDSMethodURL_TC@2a556333</td></tr>
<tr>
<td title='com.ca.tds.main.TDSMethodURL_TC.testArequestAPI()'><b>testArequestAPI</b><br>Test class: com.ca.tds.main.TDSMethodURL_TC<br>Parameters: org.testng.TestRunner@139ffcfb, {TestCaseID=_S008, TestCaseName=_VISA_For_Verify_TC008, SanityFlag=Y, Test Case type=P, RequirementID=, Expected-messageType=ThreeDSMethodURLRes, Expected-callerTxnRefID=G, Expected-messageVersion=2.1.0, Expected-threeDSServerTransID=G, Expected-threeDSMethodURL=G, #acctNumber#=4000500060000008, #caMerchantID#=CA_EU, #callerTxnRefID#=341b7153-da86-4543-860f-2ba47f0168a5, #messageType#=ThreeDSMethodURLReq}</td>
<td><div><pre>java.lang.AssertionError: errorComponent: S, errorCode: S, errorDescription:CA Merchant Server:: Access Denied, Invalid End Point. Acquirer or Merchant not participating 
	at com.ca.tds.main.TDSMethodURL_TC.testArequestAPI(TDSMethodURL_TC.java:64)
	at java.util.concurrent.ThreadPoolExecutor.runWorker(ThreadPoolExecutor.java:1149)
	at java.util.concurrent.ThreadPoolExecutor$Worker.run(ThreadPoolExecutor.java:624)
	at java.lang.Thread.run(Thread.java:748)
... Removed 10 stack frames</pre></div><a href='#' onClick='toggleBox("stack-trace746474333", this, "Click to show all stack frames", "Click to hide stack frames")'>Click to show all stack frames</a>
<div class='stack-trace' id='stack-trace746474333'><pre>java.lang.AssertionError: errorComponent: S, errorCode: S, errorDescription:CA Merchant Server:: Access Denied, Invalid End Point. Acquirer or Merchant not participating 
	at org.testng.Assert.fail(Assert.java:96)
	at com.ca.tds.main.TDSMethodURL_TC.testArequestAPI(TDSMethodURL_TC.java:64)
	at sun.reflect.GeneratedMethodAccessor28.invoke(Unknown Source)
	at sun.reflect.DelegatingMethodAccessorImpl.invoke(DelegatingMethodAccessorImpl.java:43)
	at java.lang.reflect.Method.invoke(Method.java:498)
	at org.testng.internal.MethodInvocationHelper.invokeMethod(MethodInvocationHelper.java:124)
	at org.testng.internal.Invoker.invokeMethod(Invoker.java:583)
	at org.testng.internal.Invoker.invokeTestMethod(Invoker.java:719)
	at org.testng.internal.Invoker.invokeTestMethods(Invoker.java:989)
	at org.testng.internal.TestMethodWorker.invokeTestMethods(TestMethodWorker.java:125)
	at org.testng.internal.TestMethodWorker.run(TestMethodWorker.java:109)
	at java.util.concurrent.ThreadPoolExecutor.runWorker(ThreadPoolExecutor.java:1149)
	at java.util.concurrent.ThreadPoolExecutor$Worker.run(ThreadPoolExecutor.java:624)
	at java.lang.Thread.run(Thread.java:748)
</pre></div></td>
<td>2</td>
<td>com.ca.tds.main.TDSMethodURL_TC@2a556333</td></tr>
<tr>
<td title='com.ca.tds.main.TDSMethodURL_TC.testArequestAPI()'><b>testArequestAPI</b><br>Test class: com.ca.tds.main.TDSMethodURL_TC<br>Parameters: org.testng.TestRunner@139ffcfb, {TestCaseID=_S009, TestCaseName=_VISA_For_Verify_TC009, SanityFlag=Y, Test Case type=P, RequirementID=, Expected-messageType=ThreeDSMethodURLRes, Expected-callerTxnRefID=G, Expected-messageVersion=2.1.0, Expected-threeDSServerTransID=G, Expected-threeDSMethodURL=G, #acctNumber#=4000500060000008, #caMerchantID#=CA_EU, #callerTxnRefID#=341b7153-da86-4543-860f-2ba47f0168a5, #messageType#=ThreeDSMethodURLReq}</td>
<td><div><pre>java.lang.AssertionError: errorComponent: S, errorCode: S, errorDescription:CA Merchant Server:: Access Denied, Invalid End Point. Acquirer or Merchant not participating 
	at com.ca.tds.main.TDSMethodURL_TC.testArequestAPI(TDSMethodURL_TC.java:64)
	at java.util.concurrent.ThreadPoolExecutor.runWorker(ThreadPoolExecutor.java:1149)
	at java.util.concurrent.ThreadPoolExecutor$Worker.run(ThreadPoolExecutor.java:624)
	at java.lang.Thread.run(Thread.java:748)
... Removed 10 stack frames</pre></div><a href='#' onClick='toggleBox("stack-trace759734023", this, "Click to show all stack frames", "Click to hide stack frames")'>Click to show all stack frames</a>
<div class='stack-trace' id='stack-trace759734023'><pre>java.lang.AssertionError: errorComponent: S, errorCode: S, errorDescription:CA Merchant Server:: Access Denied, Invalid End Point. Acquirer or Merchant not participating 
	at org.testng.Assert.fail(Assert.java:96)
	at com.ca.tds.main.TDSMethodURL_TC.testArequestAPI(TDSMethodURL_TC.java:64)
	at sun.reflect.GeneratedMethodAccessor28.invoke(Unknown Source)
	at sun.reflect.DelegatingMethodAccessorImpl.invoke(DelegatingMethodAccessorImpl.java:43)
	at java.lang.reflect.Method.invoke(Method.java:498)
	at org.testng.internal.MethodInvocationHelper.invokeMethod(MethodInvocationHelper.java:124)
	at org.testng.internal.Invoker.invokeMethod(Invoker.java:583)
	at org.testng.internal.Invoker.invokeTestMethod(Invoker.java:719)
	at org.testng.internal.Invoker.invokeTestMethods(Invoker.java:989)
	at org.testng.internal.TestMethodWorker.invokeTestMethods(TestMethodWorker.java:125)
	at org.testng.internal.TestMethodWorker.run(TestMethodWorker.java:109)
	at java.util.concurrent.ThreadPoolExecutor.runWorker(ThreadPoolExecutor.java:1149)
	at java.util.concurrent.ThreadPoolExecutor$Worker.run(ThreadPoolExecutor.java:624)
	at java.lang.Thread.run(Thread.java:748)
</pre></div></td>
<td>2</td>
<td>com.ca.tds.main.TDSMethodURL_TC@2a556333</td></tr>
<tr>
<td title='com.ca.tds.main.TDSMethodURL_TC.testArequestAPI()'><b>testArequestAPI</b><br>Test class: com.ca.tds.main.TDSMethodURL_TC<br>Parameters: org.testng.TestRunner@139ffcfb, {TestCaseID=_S010, TestCaseName=_VISA_For_Verify_TC010, SanityFlag=Y, Test Case type=P, RequirementID=, Expected-messageType=ThreeDSMethodURLRes, Expected-callerTxnRefID=G, Expected-messageVersion=2.1.0, Expected-threeDSServerTransID=G, Expected-threeDSMethodURL=G, #acctNumber#=4000500060000008, #caMerchantID#=CA_EU, #callerTxnRefID#=341b7153-da86-4543-860f-2ba47f0168a5, #messageType#=ThreeDSMethodURLReq}</td>
<td><div><pre>java.lang.AssertionError: errorComponent: S, errorCode: S, errorDescription:CA Merchant Server:: Access Denied, Invalid End Point. Acquirer or Merchant not participating 
	at com.ca.tds.main.TDSMethodURL_TC.testArequestAPI(TDSMethodURL_TC.java:64)
	at java.util.concurrent.ThreadPoolExecutor.runWorker(ThreadPoolExecutor.java:1149)
	at java.util.concurrent.ThreadPoolExecutor$Worker.run(ThreadPoolExecutor.java:624)
	at java.lang.Thread.run(Thread.java:748)
... Removed 10 stack frames</pre></div><a href='#' onClick='toggleBox("stack-trace772933839", this, "Click to show all stack frames", "Click to hide stack frames")'>Click to show all stack frames</a>
<div class='stack-trace' id='stack-trace772933839'><pre>java.lang.AssertionError: errorComponent: S, errorCode: S, errorDescription:CA Merchant Server:: Access Denied, Invalid End Point. Acquirer or Merchant not participating 
	at org.testng.Assert.fail(Assert.java:96)
	at com.ca.tds.main.TDSMethodURL_TC.testArequestAPI(TDSMethodURL_TC.java:64)
	at sun.reflect.GeneratedMethodAccessor28.invoke(Unknown Source)
	at sun.reflect.DelegatingMethodAccessorImpl.invoke(DelegatingMethodAccessorImpl.java:43)
	at java.lang.reflect.Method.invoke(Method.java:498)
	at org.testng.internal.MethodInvocationHelper.invokeMethod(MethodInvocationHelper.java:124)
	at org.testng.internal.Invoker.invokeMethod(Invoker.java:583)
	at org.testng.internal.Invoker.invokeTestMethod(Invoker.java:719)
	at org.testng.internal.Invoker.invokeTestMethods(Invoker.java:989)
	at org.testng.internal.TestMethodWorker.invokeTestMethods(TestMethodWorker.java:125)
	at org.testng.internal.TestMethodWorker.run(TestMethodWorker.java:109)
	at java.util.concurrent.ThreadPoolExecutor.runWorker(ThreadPoolExecutor.java:1149)
	at java.util.concurrent.ThreadPoolExecutor$Worker.run(ThreadPoolExecutor.java:624)
	at java.lang.Thread.run(Thread.java:748)
</pre></div></td>
<td>2</td>
<td>com.ca.tds.main.TDSMethodURL_TC@2a556333</td></tr>
<tr>
<td title='com.ca.tds.main.TDSMethodURL_TC.testArequestAPI()'><b>testArequestAPI</b><br>Test class: com.ca.tds.main.TDSMethodURL_TC<br>Parameters: org.testng.TestRunner@139ffcfb, {TestCaseID=_S011, TestCaseName=_VISA_For_Verify_TC011, SanityFlag=Y, Test Case type=P, RequirementID=, Expected-messageType=ThreeDSMethodURLRes, Expected-callerTxnRefID=G, Expected-messageVersion=2.1.0, Expected-threeDSServerTransID=G, Expected-threeDSMethodURL=G, #acctNumber#=4000500060000008, #caMerchantID#=CA_EU, #callerTxnRefID#=341b7153-da86-4543-860f-2ba47f0168a5, #messageType#=ThreeDSMethodURLReq}</td>
<td><div><pre>java.lang.AssertionError: errorComponent: S, errorCode: S, errorDescription:CA Merchant Server:: Access Denied, Invalid End Point. Acquirer or Merchant not participating 
	at com.ca.tds.main.TDSMethodURL_TC.testArequestAPI(TDSMethodURL_TC.java:64)
	at java.util.concurrent.ThreadPoolExecutor.runWorker(ThreadPoolExecutor.java:1149)
	at java.util.concurrent.ThreadPoolExecutor$Worker.run(ThreadPoolExecutor.java:624)
	at java.lang.Thread.run(Thread.java:748)
... Removed 10 stack frames</pre></div><a href='#' onClick='toggleBox("stack-trace1593044686", this, "Click to show all stack frames", "Click to hide stack frames")'>Click to show all stack frames</a>
<div class='stack-trace' id='stack-trace1593044686'><pre>java.lang.AssertionError: errorComponent: S, errorCode: S, errorDescription:CA Merchant Server:: Access Denied, Invalid End Point. Acquirer or Merchant not participating 
	at org.testng.Assert.fail(Assert.java:96)
	at com.ca.tds.main.TDSMethodURL_TC.testArequestAPI(TDSMethodURL_TC.java:64)
	at sun.reflect.GeneratedMethodAccessor28.invoke(Unknown Source)
	at sun.reflect.DelegatingMethodAccessorImpl.invoke(DelegatingMethodAccessorImpl.java:43)
	at java.lang.reflect.Method.invoke(Method.java:498)
	at org.testng.internal.MethodInvocationHelper.invokeMethod(MethodInvocationHelper.java:124)
	at org.testng.internal.Invoker.invokeMethod(Invoker.java:583)
	at org.testng.internal.Invoker.invokeTestMethod(Invoker.java:719)
	at org.testng.internal.Invoker.invokeTestMethods(Invoker.java:989)
	at org.testng.internal.TestMethodWorker.invokeTestMethods(TestMethodWorker.java:125)
	at org.testng.internal.TestMethodWorker.run(TestMethodWorker.java:109)
	at java.util.concurrent.ThreadPoolExecutor.runWorker(ThreadPoolExecutor.java:1149)
	at java.util.concurrent.ThreadPoolExecutor$Worker.run(ThreadPoolExecutor.java:624)
	at java.lang.Thread.run(Thread.java:748)
</pre></div></td>
<td>2</td>
<td>com.ca.tds.main.TDSMethodURL_TC@2a556333</td></tr>
<tr>
<td title='com.ca.tds.main.TDSMethodURL_TC.testArequestAPI()'><b>testArequestAPI</b><br>Test class: com.ca.tds.main.TDSMethodURL_TC<br>Parameters: org.testng.TestRunner@139ffcfb, {TestCaseID=_S012, TestCaseName=_VISA_For_Verify_TC012, SanityFlag=Y, Test Case type=P, RequirementID=, Expected-messageType=ThreeDSMethodURLRes, Expected-callerTxnRefID=G, Expected-messageVersion=2.1.0, Expected-threeDSServerTransID=G, Expected-threeDSMethodURL=G, #acctNumber#=4000500060000008, #caMerchantID#=CA_EU, #callerTxnRefID#=341b7153-da86-4543-860f-2ba47f0168a5, #messageType#=ThreeDSMethodURLReq}</td>
<td><div><pre>java.lang.AssertionError: errorComponent: S, errorCode: S, errorDescription:CA Merchant Server:: Access Denied, Invalid End Point. Acquirer or Merchant not participating 
	at com.ca.tds.main.TDSMethodURL_TC.testArequestAPI(TDSMethodURL_TC.java:64)
	at java.util.concurrent.ThreadPoolExecutor.runWorker(ThreadPoolExecutor.java:1149)
	at java.util.concurrent.ThreadPoolExecutor$Worker.run(ThreadPoolExecutor.java:624)
	at java.lang.Thread.run(Thread.java:748)
... Removed 10 stack frames</pre></div><a href='#' onClick='toggleBox("stack-trace2075936714", this, "Click to show all stack frames", "Click to hide stack frames")'>Click to show all stack frames</a>
<div class='stack-trace' id='stack-trace2075936714'><pre>java.lang.AssertionError: errorComponent: S, errorCode: S, errorDescription:CA Merchant Server:: Access Denied, Invalid End Point. Acquirer or Merchant not participating 
	at org.testng.Assert.fail(Assert.java:96)
	at com.ca.tds.main.TDSMethodURL_TC.testArequestAPI(TDSMethodURL_TC.java:64)
	at sun.reflect.GeneratedMethodAccessor28.invoke(Unknown Source)
	at sun.reflect.DelegatingMethodAccessorImpl.invoke(DelegatingMethodAccessorImpl.java:43)
	at java.lang.reflect.Method.invoke(Method.java:498)
	at org.testng.internal.MethodInvocationHelper.invokeMethod(MethodInvocationHelper.java:124)
	at org.testng.internal.Invoker.invokeMethod(Invoker.java:583)
	at org.testng.internal.Invoker.invokeTestMethod(Invoker.java:719)
	at org.testng.internal.Invoker.invokeTestMethods(Invoker.java:989)
	at org.testng.internal.TestMethodWorker.invokeTestMethods(TestMethodWorker.java:125)
	at org.testng.internal.TestMethodWorker.run(TestMethodWorker.java:109)
	at java.util.concurrent.ThreadPoolExecutor.runWorker(ThreadPoolExecutor.java:1149)
	at java.util.concurrent.ThreadPoolExecutor$Worker.run(ThreadPoolExecutor.java:624)
	at java.lang.Thread.run(Thread.java:748)
</pre></div></td>
<td>2</td>
<td>com.ca.tds.main.TDSMethodURL_TC@2a556333</td></tr>
<tr>
<td title='com.ca.tds.main.TDSMethodURL_TC.testArequestAPI()'><b>testArequestAPI</b><br>Test class: com.ca.tds.main.TDSMethodURL_TC<br>Parameters: org.testng.TestRunner@139ffcfb, {TestCaseID=_S013, TestCaseName=_VISA_For_Verify_TC013, SanityFlag=Y, Test Case type=P, RequirementID=, Expected-messageType=ThreeDSMethodURLRes, Expected-callerTxnRefID=G, Expected-messageVersion=2.1.0, Expected-threeDSServerTransID=G, Expected-threeDSMethodURL=G, #acctNumber#=4000500060000008, #caMerchantID#=CA_EU, #callerTxnRefID#=341b7153-da86-4543-860f-2ba47f0168a5, #messageType#=ThreeDSMethodURLReq}</td>
<td><div><pre>java.lang.AssertionError: errorComponent: S, errorCode: S, errorDescription:CA Merchant Server:: Access Denied, Invalid End Point. Acquirer or Merchant not participating 
	at com.ca.tds.main.TDSMethodURL_TC.testArequestAPI(TDSMethodURL_TC.java:64)
	at java.util.concurrent.ThreadPoolExecutor.runWorker(ThreadPoolExecutor.java:1149)
	at java.util.concurrent.ThreadPoolExecutor$Worker.run(ThreadPoolExecutor.java:624)
	at java.lang.Thread.run(Thread.java:748)
... Removed 10 stack frames</pre></div><a href='#' onClick='toggleBox("stack-trace2040197941", this, "Click to show all stack frames", "Click to hide stack frames")'>Click to show all stack frames</a>
<div class='stack-trace' id='stack-trace2040197941'><pre>java.lang.AssertionError: errorComponent: S, errorCode: S, errorDescription:CA Merchant Server:: Access Denied, Invalid End Point. Acquirer or Merchant not participating 
	at org.testng.Assert.fail(Assert.java:96)
	at com.ca.tds.main.TDSMethodURL_TC.testArequestAPI(TDSMethodURL_TC.java:64)
	at sun.reflect.GeneratedMethodAccessor28.invoke(Unknown Source)
	at sun.reflect.DelegatingMethodAccessorImpl.invoke(DelegatingMethodAccessorImpl.java:43)
	at java.lang.reflect.Method.invoke(Method.java:498)
	at org.testng.internal.MethodInvocationHelper.invokeMethod(MethodInvocationHelper.java:124)
	at org.testng.internal.Invoker.invokeMethod(Invoker.java:583)
	at org.testng.internal.Invoker.invokeTestMethod(Invoker.java:719)
	at org.testng.internal.Invoker.invokeTestMethods(Invoker.java:989)
	at org.testng.internal.TestMethodWorker.invokeTestMethods(TestMethodWorker.java:125)
	at org.testng.internal.TestMethodWorker.run(TestMethodWorker.java:109)
	at java.util.concurrent.ThreadPoolExecutor.runWorker(ThreadPoolExecutor.java:1149)
	at java.util.concurrent.ThreadPoolExecutor$Worker.run(ThreadPoolExecutor.java:624)
	at java.lang.Thread.run(Thread.java:748)
</pre></div></td>
<td>2</td>
<td>com.ca.tds.main.TDSMethodURL_TC@2a556333</td></tr>
<tr>
<td title='com.ca.tds.main.TDSMethodURL_TC.testArequestAPI()'><b>testArequestAPI</b><br>Test class: com.ca.tds.main.TDSMethodURL_TC<br>Parameters: org.testng.TestRunner@139ffcfb, {TestCaseID=_S014, TestCaseName=_VISA_For_Verify_TC014, SanityFlag=Y, Test Case type=P, RequirementID=, Expected-messageType=ThreeDSMethodURLRes, Expected-callerTxnRefID=G, Expected-messageVersion=2.1.0, Expected-threeDSServerTransID=G, Expected-threeDSMethodURL=G, #acctNumber#=4000500060000008, #caMerchantID#=CA_EU, #callerTxnRefID#=341b7153-da86-4543-860f-2ba47f0168a5, #messageType#=ThreeDSMethodURLReq}</td>
<td><div><pre>java.lang.AssertionError: errorComponent: S, errorCode: S, errorDescription:CA Merchant Server:: Access Denied, Invalid End Point. Acquirer or Merchant not participating 
	at com.ca.tds.main.TDSMethodURL_TC.testArequestAPI(TDSMethodURL_TC.java:64)
	at java.util.concurrent.ThreadPoolExecutor.runWorker(ThreadPoolExecutor.java:1149)
	at java.util.concurrent.ThreadPoolExecutor$Worker.run(ThreadPoolExecutor.java:624)
	at java.lang.Thread.run(Thread.java:748)
... Removed 10 stack frames</pre></div><a href='#' onClick='toggleBox("stack-trace1558260724", this, "Click to show all stack frames", "Click to hide stack frames")'>Click to show all stack frames</a>
<div class='stack-trace' id='stack-trace1558260724'><pre>java.lang.AssertionError: errorComponent: S, errorCode: S, errorDescription:CA Merchant Server:: Access Denied, Invalid End Point. Acquirer or Merchant not participating 
	at org.testng.Assert.fail(Assert.java:96)
	at com.ca.tds.main.TDSMethodURL_TC.testArequestAPI(TDSMethodURL_TC.java:64)
	at sun.reflect.GeneratedMethodAccessor28.invoke(Unknown Source)
	at sun.reflect.DelegatingMethodAccessorImpl.invoke(DelegatingMethodAccessorImpl.java:43)
	at java.lang.reflect.Method.invoke(Method.java:498)
	at org.testng.internal.MethodInvocationHelper.invokeMethod(MethodInvocationHelper.java:124)
	at org.testng.internal.Invoker.invokeMethod(Invoker.java:583)
	at org.testng.internal.Invoker.invokeTestMethod(Invoker.java:719)
	at org.testng.internal.Invoker.invokeTestMethods(Invoker.java:989)
	at org.testng.internal.TestMethodWorker.invokeTestMethods(TestMethodWorker.java:125)
	at org.testng.internal.TestMethodWorker.run(TestMethodWorker.java:109)
	at java.util.concurrent.ThreadPoolExecutor.runWorker(ThreadPoolExecutor.java:1149)
	at java.util.concurrent.ThreadPoolExecutor$Worker.run(ThreadPoolExecutor.java:624)
	at java.lang.Thread.run(Thread.java:748)
</pre></div></td>
<td>2</td>
<td>com.ca.tds.main.TDSMethodURL_TC@2a556333</td></tr>
<tr>
<td title='com.ca.tds.main.TDSMethodURL_TC.testArequestAPI()'><b>testArequestAPI</b><br>Test class: com.ca.tds.main.TDSMethodURL_TC<br>Parameters: org.testng.TestRunner@139ffcfb, {TestCaseID=_S015, TestCaseName=_VISA_For_Verify_TC015, SanityFlag=Y, Test Case type=P, RequirementID=, Expected-messageType=ThreeDSMethodURLRes, Expected-callerTxnRefID=G, Expected-messageVersion=2.1.0, Expected-threeDSServerTransID=G, Expected-threeDSMethodURL=G, #acctNumber#=4000500060000008, #caMerchantID#=CA_EU, #callerTxnRefID#=341b7153-da86-4543-860f-2ba47f0168a5, #messageType#=ThreeDSMethodURLReq}</td>
<td><div><pre>java.lang.AssertionError: errorComponent: S, errorCode: S, errorDescription:CA Merchant Server:: Access Denied, Invalid End Point. Acquirer or Merchant not participating 
	at com.ca.tds.main.TDSMethodURL_TC.testArequestAPI(TDSMethodURL_TC.java:64)
	at java.util.concurrent.ThreadPoolExecutor.runWorker(ThreadPoolExecutor.java:1149)
	at java.util.concurrent.ThreadPoolExecutor$Worker.run(ThreadPoolExecutor.java:624)
	at java.lang.Thread.run(Thread.java:748)
... Removed 10 stack frames</pre></div><a href='#' onClick='toggleBox("stack-trace1580007988", this, "Click to show all stack frames", "Click to hide stack frames")'>Click to show all stack frames</a>
<div class='stack-trace' id='stack-trace1580007988'><pre>java.lang.AssertionError: errorComponent: S, errorCode: S, errorDescription:CA Merchant Server:: Access Denied, Invalid End Point. Acquirer or Merchant not participating 
	at org.testng.Assert.fail(Assert.java:96)
	at com.ca.tds.main.TDSMethodURL_TC.testArequestAPI(TDSMethodURL_TC.java:64)
	at sun.reflect.GeneratedMethodAccessor28.invoke(Unknown Source)
	at sun.reflect.DelegatingMethodAccessorImpl.invoke(DelegatingMethodAccessorImpl.java:43)
	at java.lang.reflect.Method.invoke(Method.java:498)
	at org.testng.internal.MethodInvocationHelper.invokeMethod(MethodInvocationHelper.java:124)
	at org.testng.internal.Invoker.invokeMethod(Invoker.java:583)
	at org.testng.internal.Invoker.invokeTestMethod(Invoker.java:719)
	at org.testng.internal.Invoker.invokeTestMethods(Invoker.java:989)
	at org.testng.internal.TestMethodWorker.invokeTestMethods(TestMethodWorker.java:125)
	at org.testng.internal.TestMethodWorker.run(TestMethodWorker.java:109)
	at java.util.concurrent.ThreadPoolExecutor.runWorker(ThreadPoolExecutor.java:1149)
	at java.util.concurrent.ThreadPoolExecutor$Worker.run(ThreadPoolExecutor.java:624)
	at java.lang.Thread.run(Thread.java:748)
</pre></div></td>
<td>2</td>
<td>com.ca.tds.main.TDSMethodURL_TC@2a556333</td></tr>
<tr>
<td title='com.ca.tds.main.TDSMethodURL_TC.testArequestAPI()'><b>testArequestAPI</b><br>Test class: com.ca.tds.main.TDSMethodURL_TC<br>Parameters: org.testng.TestRunner@139ffcfb, {TestCaseID=_S016, TestCaseName=_VISA_For_Verify_TC016, SanityFlag=Y, Test Case type=P, RequirementID=, Expected-messageType=ThreeDSMethodURLRes, Expected-callerTxnRefID=G, Expected-messageVersion=2.1.0, Expected-threeDSServerTransID=G, Expected-threeDSMethodURL=G, #acctNumber#=4000500060000008, #caMerchantID#=CA_EU, #callerTxnRefID#=341b7153-da86-4543-860f-2ba47f0168a5, #messageType#=ThreeDSMethodURLReq}</td>
<td><div><pre>java.lang.AssertionError: errorComponent: S, errorCode: S, errorDescription:CA Merchant Server:: Access Denied, Invalid End Point. Acquirer or Merchant not participating 
	at com.ca.tds.main.TDSMethodURL_TC.testArequestAPI(TDSMethodURL_TC.java:64)
	at java.util.concurrent.ThreadPoolExecutor.runWorker(ThreadPoolExecutor.java:1149)
	at java.util.concurrent.ThreadPoolExecutor$Worker.run(ThreadPoolExecutor.java:624)
	at java.lang.Thread.run(Thread.java:748)
... Removed 10 stack frames</pre></div><a href='#' onClick='toggleBox("stack-trace1828148916", this, "Click to show all stack frames", "Click to hide stack frames")'>Click to show all stack frames</a>
<div class='stack-trace' id='stack-trace1828148916'><pre>java.lang.AssertionError: errorComponent: S, errorCode: S, errorDescription:CA Merchant Server:: Access Denied, Invalid End Point. Acquirer or Merchant not participating 
	at org.testng.Assert.fail(Assert.java:96)
	at com.ca.tds.main.TDSMethodURL_TC.testArequestAPI(TDSMethodURL_TC.java:64)
	at sun.reflect.GeneratedMethodAccessor28.invoke(Unknown Source)
	at sun.reflect.DelegatingMethodAccessorImpl.invoke(DelegatingMethodAccessorImpl.java:43)
	at java.lang.reflect.Method.invoke(Method.java:498)
	at org.testng.internal.MethodInvocationHelper.invokeMethod(MethodInvocationHelper.java:124)
	at org.testng.internal.Invoker.invokeMethod(Invoker.java:583)
	at org.testng.internal.Invoker.invokeTestMethod(Invoker.java:719)
	at org.testng.internal.Invoker.invokeTestMethods(Invoker.java:989)
	at org.testng.internal.TestMethodWorker.invokeTestMethods(TestMethodWorker.java:125)
	at org.testng.internal.TestMethodWorker.run(TestMethodWorker.java:109)
	at java.util.concurrent.ThreadPoolExecutor.runWorker(ThreadPoolExecutor.java:1149)
	at java.util.concurrent.ThreadPoolExecutor$Worker.run(ThreadPoolExecutor.java:624)
	at java.lang.Thread.run(Thread.java:748)
</pre></div></td>
<td>2</td>
<td>com.ca.tds.main.TDSMethodURL_TC@2a556333</td></tr>
<tr>
<td title='com.ca.tds.main.TDSMethodURL_TC.testArequestAPI()'><b>testArequestAPI</b><br>Test class: com.ca.tds.main.TDSMethodURL_TC<br>Parameters: org.testng.TestRunner@139ffcfb, {TestCaseID=_S017, TestCaseName=_VISA_For_Verify_TC017, SanityFlag=Y, Test Case type=P, RequirementID=, Expected-messageType=ThreeDSMethodURLRes, Expected-callerTxnRefID=G, Expected-messageVersion=2.1.0, Expected-threeDSServerTransID=G, Expected-threeDSMethodURL=G, #acctNumber#=4000500060000008, #caMerchantID#=CA_EU, #callerTxnRefID#=341b7153-da86-4543-860f-2ba47f0168a5, #messageType#=ThreeDSMethodURLReq}</td>
<td><div><pre>java.lang.AssertionError: errorComponent: S, errorCode: S, errorDescription:CA Merchant Server:: Access Denied, Invalid End Point. Acquirer or Merchant not participating 
	at com.ca.tds.main.TDSMethodURL_TC.testArequestAPI(TDSMethodURL_TC.java:64)
	at java.util.concurrent.ThreadPoolExecutor.runWorker(ThreadPoolExecutor.java:1149)
	at java.util.concurrent.ThreadPoolExecutor$Worker.run(ThreadPoolExecutor.java:624)
	at java.lang.Thread.run(Thread.java:748)
... Removed 10 stack frames</pre></div><a href='#' onClick='toggleBox("stack-trace554751788", this, "Click to show all stack frames", "Click to hide stack frames")'>Click to show all stack frames</a>
<div class='stack-trace' id='stack-trace554751788'><pre>java.lang.AssertionError: errorComponent: S, errorCode: S, errorDescription:CA Merchant Server:: Access Denied, Invalid End Point. Acquirer or Merchant not participating 
	at org.testng.Assert.fail(Assert.java:96)
	at com.ca.tds.main.TDSMethodURL_TC.testArequestAPI(TDSMethodURL_TC.java:64)
	at sun.reflect.GeneratedMethodAccessor28.invoke(Unknown Source)
	at sun.reflect.DelegatingMethodAccessorImpl.invoke(DelegatingMethodAccessorImpl.java:43)
	at java.lang.reflect.Method.invoke(Method.java:498)
	at org.testng.internal.MethodInvocationHelper.invokeMethod(MethodInvocationHelper.java:124)
	at org.testng.internal.Invoker.invokeMethod(Invoker.java:583)
	at org.testng.internal.Invoker.invokeTestMethod(Invoker.java:719)
	at org.testng.internal.Invoker.invokeTestMethods(Invoker.java:989)
	at org.testng.internal.TestMethodWorker.invokeTestMethods(TestMethodWorker.java:125)
	at org.testng.internal.TestMethodWorker.run(TestMethodWorker.java:109)
	at java.util.concurrent.ThreadPoolExecutor.runWorker(ThreadPoolExecutor.java:1149)
	at java.util.concurrent.ThreadPoolExecutor$Worker.run(ThreadPoolExecutor.java:624)
	at java.lang.Thread.run(Thread.java:748)
</pre></div></td>
<td>2</td>
<td>com.ca.tds.main.TDSMethodURL_TC@2a556333</td></tr>
<tr>
<td title='com.ca.tds.main.TDSMethodURL_TC.testArequestAPI()'><b>testArequestAPI</b><br>Test class: com.ca.tds.main.TDSMethodURL_TC<br>Parameters: org.testng.TestRunner@139ffcfb, {TestCaseID=_S018, TestCaseName=_VISA_For_Verify_TC018, SanityFlag=Y, Test Case type=P, RequirementID=, Expected-messageType=ThreeDSMethodURLRes, Expected-callerTxnRefID=G, Expected-messageVersion=2.1.0, Expected-threeDSServerTransID=G, Expected-threeDSMethodURL=G, #acctNumber#=4000500060000008, #caMerchantID#=CA_EU, #callerTxnRefID#=341b7153-da86-4543-860f-2ba47f0168a5, #messageType#=ThreeDSMethodURLReq}</td>
<td><div><pre>java.lang.AssertionError: errorComponent: S, errorCode: S, errorDescription:CA Merchant Server:: Access Denied, Invalid End Point. Acquirer or Merchant not participating 
	at com.ca.tds.main.TDSMethodURL_TC.testArequestAPI(TDSMethodURL_TC.java:64)
	at java.util.concurrent.ThreadPoolExecutor.runWorker(ThreadPoolExecutor.java:1149)
	at java.util.concurrent.ThreadPoolExecutor$Worker.run(ThreadPoolExecutor.java:624)
	at java.lang.Thread.run(Thread.java:748)
... Removed 10 stack frames</pre></div><a href='#' onClick='toggleBox("stack-trace1903150548", this, "Click to show all stack frames", "Click to hide stack frames")'>Click to show all stack frames</a>
<div class='stack-trace' id='stack-trace1903150548'><pre>java.lang.AssertionError: errorComponent: S, errorCode: S, errorDescription:CA Merchant Server:: Access Denied, Invalid End Point. Acquirer or Merchant not participating 
	at org.testng.Assert.fail(Assert.java:96)
	at com.ca.tds.main.TDSMethodURL_TC.testArequestAPI(TDSMethodURL_TC.java:64)
	at sun.reflect.GeneratedMethodAccessor28.invoke(Unknown Source)
	at sun.reflect.DelegatingMethodAccessorImpl.invoke(DelegatingMethodAccessorImpl.java:43)
	at java.lang.reflect.Method.invoke(Method.java:498)
	at org.testng.internal.MethodInvocationHelper.invokeMethod(MethodInvocationHelper.java:124)
	at org.testng.internal.Invoker.invokeMethod(Invoker.java:583)
	at org.testng.internal.Invoker.invokeTestMethod(Invoker.java:719)
	at org.testng.internal.Invoker.invokeTestMethods(Invoker.java:989)
	at org.testng.internal.TestMethodWorker.invokeTestMethods(TestMethodWorker.java:125)
	at org.testng.internal.TestMethodWorker.run(TestMethodWorker.java:109)
	at java.util.concurrent.ThreadPoolExecutor.runWorker(ThreadPoolExecutor.java:1149)
	at java.util.concurrent.ThreadPoolExecutor$Worker.run(ThreadPoolExecutor.java:624)
	at java.lang.Thread.run(Thread.java:748)
</pre></div></td>
<td>2</td>
<td>com.ca.tds.main.TDSMethodURL_TC@2a556333</td></tr>
<tr>
<td title='com.ca.tds.main.TDSMethodURL_TC.testArequestAPI()'><b>testArequestAPI</b><br>Test class: com.ca.tds.main.TDSMethodURL_TC<br>Parameters: org.testng.TestRunner@139ffcfb, {TestCaseID=_S019, TestCaseName=_VISA_For_Verify_TC019, SanityFlag=Y, Test Case type=P, RequirementID=, Expected-messageType=ThreeDSMethodURLRes, Expected-callerTxnRefID=G, Expected-messageVersion=2.1.0, Expected-threeDSServerTransID=G, Expected-threeDSMethodURL=G, #acctNumber#=4000500060000008, #caMerchantID#=CA_EU, #callerTxnRefID#=341b7153-da86-4543-860f-2ba47f0168a5, #messageType#=ThreeDSMethodURLReq}</td>
<td><div><pre>java.lang.AssertionError: errorComponent: S, errorCode: S, errorDescription:CA Merchant Server:: Access Denied, Invalid End Point. Acquirer or Merchant not participating 
	at com.ca.tds.main.TDSMethodURL_TC.testArequestAPI(TDSMethodURL_TC.java:64)
	at java.util.concurrent.ThreadPoolExecutor.runWorker(ThreadPoolExecutor.java:1149)
	at java.util.concurrent.ThreadPoolExecutor$Worker.run(ThreadPoolExecutor.java:624)
	at java.lang.Thread.run(Thread.java:748)
... Removed 10 stack frames</pre></div><a href='#' onClick='toggleBox("stack-trace1264532451", this, "Click to show all stack frames", "Click to hide stack frames")'>Click to show all stack frames</a>
<div class='stack-trace' id='stack-trace1264532451'><pre>java.lang.AssertionError: errorComponent: S, errorCode: S, errorDescription:CA Merchant Server:: Access Denied, Invalid End Point. Acquirer or Merchant not participating 
	at org.testng.Assert.fail(Assert.java:96)
	at com.ca.tds.main.TDSMethodURL_TC.testArequestAPI(TDSMethodURL_TC.java:64)
	at sun.reflect.GeneratedMethodAccessor28.invoke(Unknown Source)
	at sun.reflect.DelegatingMethodAccessorImpl.invoke(DelegatingMethodAccessorImpl.java:43)
	at java.lang.reflect.Method.invoke(Method.java:498)
	at org.testng.internal.MethodInvocationHelper.invokeMethod(MethodInvocationHelper.java:124)
	at org.testng.internal.Invoker.invokeMethod(Invoker.java:583)
	at org.testng.internal.Invoker.invokeTestMethod(Invoker.java:719)
	at org.testng.internal.Invoker.invokeTestMethods(Invoker.java:989)
	at org.testng.internal.TestMethodWorker.invokeTestMethods(TestMethodWorker.java:125)
	at org.testng.internal.TestMethodWorker.run(TestMethodWorker.java:109)
	at java.util.concurrent.ThreadPoolExecutor.runWorker(ThreadPoolExecutor.java:1149)
	at java.util.concurrent.ThreadPoolExecutor$Worker.run(ThreadPoolExecutor.java:624)
	at java.lang.Thread.run(Thread.java:748)
</pre></div></td>
<td>2</td>
<td>com.ca.tds.main.TDSMethodURL_TC@2a556333</td></tr>
<tr>
<td title='com.ca.tds.main.TDSMethodURL_TC.testArequestAPI()'><b>testArequestAPI</b><br>Test class: com.ca.tds.main.TDSMethodURL_TC<br>Parameters: org.testng.TestRunner@139ffcfb, {TestCaseID=_S020, TestCaseName=_VISA_For_Verify_TC020, SanityFlag=Y, Test Case type=P, RequirementID=, Expected-messageType=ThreeDSMethodURLRes, Expected-callerTxnRefID=G, Expected-messageVersion=2.1.0, Expected-threeDSServerTransID=G, Expected-threeDSMethodURL=G, #acctNumber#=4000500060000008, #caMerchantID#=CA_EU, #callerTxnRefID#=341b7153-da86-4543-860f-2ba47f0168a5, #messageType#=ThreeDSMethodURLReq}</td>
<td><div><pre>java.lang.AssertionError: errorComponent: S, errorCode: S, errorDescription:CA Merchant Server:: Access Denied, Invalid End Point. Acquirer or Merchant not participating 
	at com.ca.tds.main.TDSMethodURL_TC.testArequestAPI(TDSMethodURL_TC.java:64)
	at java.util.concurrent.ThreadPoolExecutor.runWorker(ThreadPoolExecutor.java:1149)
	at java.util.concurrent.ThreadPoolExecutor$Worker.run(ThreadPoolExecutor.java:624)
	at java.lang.Thread.run(Thread.java:748)
... Removed 10 stack frames</pre></div><a href='#' onClick='toggleBox("stack-trace1157401847", this, "Click to show all stack frames", "Click to hide stack frames")'>Click to show all stack frames</a>
<div class='stack-trace' id='stack-trace1157401847'><pre>java.lang.AssertionError: errorComponent: S, errorCode: S, errorDescription:CA Merchant Server:: Access Denied, Invalid End Point. Acquirer or Merchant not participating 
	at org.testng.Assert.fail(Assert.java:96)
	at com.ca.tds.main.TDSMethodURL_TC.testArequestAPI(TDSMethodURL_TC.java:64)
	at sun.reflect.GeneratedMethodAccessor28.invoke(Unknown Source)
	at sun.reflect.DelegatingMethodAccessorImpl.invoke(DelegatingMethodAccessorImpl.java:43)
	at java.lang.reflect.Method.invoke(Method.java:498)
	at org.testng.internal.MethodInvocationHelper.invokeMethod(MethodInvocationHelper.java:124)
	at org.testng.internal.Invoker.invokeMethod(Invoker.java:583)
	at org.testng.internal.Invoker.invokeTestMethod(Invoker.java:719)
	at org.testng.internal.Invoker.invokeTestMethods(Invoker.java:989)
	at org.testng.internal.TestMethodWorker.invokeTestMethods(TestMethodWorker.java:125)
	at org.testng.internal.TestMethodWorker.run(TestMethodWorker.java:109)
	at java.util.concurrent.ThreadPoolExecutor.runWorker(ThreadPoolExecutor.java:1149)
	at java.util.concurrent.ThreadPoolExecutor$Worker.run(ThreadPoolExecutor.java:624)
	at java.lang.Thread.run(Thread.java:748)
</pre></div></td>
<td>2</td>
<td>com.ca.tds.main.TDSMethodURL_TC@2a556333</td></tr>
<tr>
<td title='com.ca.tds.main.TDSMethodURL_TC.testArequestAPI()'><b>testArequestAPI</b><br>Test class: com.ca.tds.main.TDSMethodURL_TC<br>Parameters: org.testng.TestRunner@139ffcfb, {TestCaseID=_S021, TestCaseName=_VISA_For_Verify_TC021, SanityFlag=Y, Test Case type=P, RequirementID=, Expected-messageType=ThreeDSMethodURLRes, Expected-callerTxnRefID=G, Expected-messageVersion=2.1.0, Expected-threeDSServerTransID=G, Expected-threeDSMethodURL=G, #acctNumber#=4000500060000008, #caMerchantID#=CA_EU, #callerTxnRefID#=341b7153-da86-4543-860f-2ba47f0168a5, #messageType#=ThreeDSMethodURLReq}</td>
<td><div><pre>java.lang.AssertionError: errorComponent: S, errorCode: S, errorDescription:CA Merchant Server:: Access Denied, Invalid End Point. Acquirer or Merchant not participating 
	at com.ca.tds.main.TDSMethodURL_TC.testArequestAPI(TDSMethodURL_TC.java:64)
	at java.util.concurrent.ThreadPoolExecutor.runWorker(ThreadPoolExecutor.java:1149)
	at java.util.concurrent.ThreadPoolExecutor$Worker.run(ThreadPoolExecutor.java:624)
	at java.lang.Thread.run(Thread.java:748)
... Removed 10 stack frames</pre></div><a href='#' onClick='toggleBox("stack-trace1127368896", this, "Click to show all stack frames", "Click to hide stack frames")'>Click to show all stack frames</a>
<div class='stack-trace' id='stack-trace1127368896'><pre>java.lang.AssertionError: errorComponent: S, errorCode: S, errorDescription:CA Merchant Server:: Access Denied, Invalid End Point. Acquirer or Merchant not participating 
	at org.testng.Assert.fail(Assert.java:96)
	at com.ca.tds.main.TDSMethodURL_TC.testArequestAPI(TDSMethodURL_TC.java:64)
	at sun.reflect.GeneratedMethodAccessor28.invoke(Unknown Source)
	at sun.reflect.DelegatingMethodAccessorImpl.invoke(DelegatingMethodAccessorImpl.java:43)
	at java.lang.reflect.Method.invoke(Method.java:498)
	at org.testng.internal.MethodInvocationHelper.invokeMethod(MethodInvocationHelper.java:124)
	at org.testng.internal.Invoker.invokeMethod(Invoker.java:583)
	at org.testng.internal.Invoker.invokeTestMethod(Invoker.java:719)
	at org.testng.internal.Invoker.invokeTestMethods(Invoker.java:989)
	at org.testng.internal.TestMethodWorker.invokeTestMethods(TestMethodWorker.java:125)
	at org.testng.internal.TestMethodWorker.run(TestMethodWorker.java:109)
	at java.util.concurrent.ThreadPoolExecutor.runWorker(ThreadPoolExecutor.java:1149)
	at java.util.concurrent.ThreadPoolExecutor$Worker.run(ThreadPoolExecutor.java:624)
	at java.lang.Thread.run(Thread.java:748)
</pre></div></td>
<td>2</td>
<td>com.ca.tds.main.TDSMethodURL_TC@2a556333</td></tr>
<tr>
<td title='com.ca.tds.main.TDSMethodURL_TC.testArequestAPI()'><b>testArequestAPI</b><br>Test class: com.ca.tds.main.TDSMethodURL_TC<br>Parameters: org.testng.TestRunner@139ffcfb, {TestCaseID=_S022, TestCaseName=_VISA_For_Verify_TC022, SanityFlag=Y, Test Case type=P, RequirementID=, Expected-messageType=ThreeDSMethodURLRes, Expected-callerTxnRefID=G, Expected-messageVersion=2.1.0, Expected-threeDSServerTransID=G, Expected-threeDSMethodURL=G, #acctNumber#=4000500060000008, #caMerchantID#=CA_EU, #callerTxnRefID#=341b7153-da86-4543-860f-2ba47f0168a5, #messageType#=ThreeDSMethodURLReq}</td>
<td><div><pre>java.lang.AssertionError: errorComponent: S, errorCode: S, errorDescription:CA Merchant Server:: Access Denied, Invalid End Point. Acquirer or Merchant not participating 
	at com.ca.tds.main.TDSMethodURL_TC.testArequestAPI(TDSMethodURL_TC.java:64)
	at java.util.concurrent.ThreadPoolExecutor.runWorker(ThreadPoolExecutor.java:1149)
	at java.util.concurrent.ThreadPoolExecutor$Worker.run(ThreadPoolExecutor.java:624)
	at java.lang.Thread.run(Thread.java:748)
... Removed 10 stack frames</pre></div><a href='#' onClick='toggleBox("stack-trace1328763311", this, "Click to show all stack frames", "Click to hide stack frames")'>Click to show all stack frames</a>
<div class='stack-trace' id='stack-trace1328763311'><pre>java.lang.AssertionError: errorComponent: S, errorCode: S, errorDescription:CA Merchant Server:: Access Denied, Invalid End Point. Acquirer or Merchant not participating 
	at org.testng.Assert.fail(Assert.java:96)
	at com.ca.tds.main.TDSMethodURL_TC.testArequestAPI(TDSMethodURL_TC.java:64)
	at sun.reflect.GeneratedMethodAccessor28.invoke(Unknown Source)
	at sun.reflect.DelegatingMethodAccessorImpl.invoke(DelegatingMethodAccessorImpl.java:43)
	at java.lang.reflect.Method.invoke(Method.java:498)
	at org.testng.internal.MethodInvocationHelper.invokeMethod(MethodInvocationHelper.java:124)
	at org.testng.internal.Invoker.invokeMethod(Invoker.java:583)
	at org.testng.internal.Invoker.invokeTestMethod(Invoker.java:719)
	at org.testng.internal.Invoker.invokeTestMethods(Invoker.java:989)
	at org.testng.internal.TestMethodWorker.invokeTestMethods(TestMethodWorker.java:125)
	at org.testng.internal.TestMethodWorker.run(TestMethodWorker.java:109)
	at java.util.concurrent.ThreadPoolExecutor.runWorker(ThreadPoolExecutor.java:1149)
	at java.util.concurrent.ThreadPoolExecutor$Worker.run(ThreadPoolExecutor.java:624)
	at java.lang.Thread.run(Thread.java:748)
</pre></div></td>
<td>2</td>
<td>com.ca.tds.main.TDSMethodURL_TC@2a556333</td></tr>
<tr>
<td title='com.ca.tds.main.TDSMethodURL_TC.testArequestAPI()'><b>testArequestAPI</b><br>Test class: com.ca.tds.main.TDSMethodURL_TC<br>Parameters: org.testng.TestRunner@139ffcfb, {TestCaseID=_S023, TestCaseName=_VISA_For_Verify_TC023, SanityFlag=Y, Test Case type=P, RequirementID=, Expected-messageType=ThreeDSMethodURLRes, Expected-callerTxnRefID=G, Expected-messageVersion=2.1.0, Expected-threeDSServerTransID=G, Expected-threeDSMethodURL=G, #acctNumber#=4000500060000008, #caMerchantID#=CA_EU, #callerTxnRefID#=341b7153-da86-4543-860f-2ba47f0168a5, #messageType#=ThreeDSMethodURLReq}</td>
<td><div><pre>java.lang.AssertionError: errorComponent: S, errorCode: S, errorDescription:CA Merchant Server:: Access Denied, Invalid End Point. Acquirer or Merchant not participating 
	at com.ca.tds.main.TDSMethodURL_TC.testArequestAPI(TDSMethodURL_TC.java:64)
	at java.util.concurrent.ThreadPoolExecutor.runWorker(ThreadPoolExecutor.java:1149)
	at java.util.concurrent.ThreadPoolExecutor$Worker.run(ThreadPoolExecutor.java:624)
	at java.lang.Thread.run(Thread.java:748)
... Removed 10 stack frames</pre></div><a href='#' onClick='toggleBox("stack-trace865780218", this, "Click to show all stack frames", "Click to hide stack frames")'>Click to show all stack frames</a>
<div class='stack-trace' id='stack-trace865780218'><pre>java.lang.AssertionError: errorComponent: S, errorCode: S, errorDescription:CA Merchant Server:: Access Denied, Invalid End Point. Acquirer or Merchant not participating 
	at org.testng.Assert.fail(Assert.java:96)
	at com.ca.tds.main.TDSMethodURL_TC.testArequestAPI(TDSMethodURL_TC.java:64)
	at sun.reflect.GeneratedMethodAccessor28.invoke(Unknown Source)
	at sun.reflect.DelegatingMethodAccessorImpl.invoke(DelegatingMethodAccessorImpl.java:43)
	at java.lang.reflect.Method.invoke(Method.java:498)
	at org.testng.internal.MethodInvocationHelper.invokeMethod(MethodInvocationHelper.java:124)
	at org.testng.internal.Invoker.invokeMethod(Invoker.java:583)
	at org.testng.internal.Invoker.invokeTestMethod(Invoker.java:719)
	at org.testng.internal.Invoker.invokeTestMethods(Invoker.java:989)
	at org.testng.internal.TestMethodWorker.invokeTestMethods(TestMethodWorker.java:125)
	at org.testng.internal.TestMethodWorker.run(TestMethodWorker.java:109)
	at java.util.concurrent.ThreadPoolExecutor.runWorker(ThreadPoolExecutor.java:1149)
	at java.util.concurrent.ThreadPoolExecutor$Worker.run(ThreadPoolExecutor.java:624)
	at java.lang.Thread.run(Thread.java:748)
</pre></div></td>
<td>2</td>
<td>com.ca.tds.main.TDSMethodURL_TC@2a556333</td></tr>
<tr>
<td title='com.ca.tds.main.TDSMethodURL_TC.testArequestAPI()'><b>testArequestAPI</b><br>Test class: com.ca.tds.main.TDSMethodURL_TC<br>Parameters: org.testng.TestRunner@139ffcfb, {TestCaseID=_S024, TestCaseName=_VISA_For_Verify_TC024, SanityFlag=Y, Test Case type=P, RequirementID=, Expected-messageType=ThreeDSMethodURLRes, Expected-callerTxnRefID=G, Expected-messageVersion=2.1.0, Expected-threeDSServerTransID=G, Expected-threeDSMethodURL=G, #acctNumber#=4000500060000008, #caMerchantID#=CA_EU, #callerTxnRefID#=341b7153-da86-4543-860f-2ba47f0168a5, #messageType#=ThreeDSMethodURLReq}</td>
<td><div><pre>java.lang.AssertionError: errorComponent: S, errorCode: S, errorDescription:CA Merchant Server:: Access Denied, Invalid End Point. Acquirer or Merchant not participating 
	at com.ca.tds.main.TDSMethodURL_TC.testArequestAPI(TDSMethodURL_TC.java:64)
	at java.util.concurrent.ThreadPoolExecutor.runWorker(ThreadPoolExecutor.java:1149)
	at java.util.concurrent.ThreadPoolExecutor$Worker.run(ThreadPoolExecutor.java:624)
	at java.lang.Thread.run(Thread.java:748)
... Removed 10 stack frames</pre></div><a href='#' onClick='toggleBox("stack-trace1107654033", this, "Click to show all stack frames", "Click to hide stack frames")'>Click to show all stack frames</a>
<div class='stack-trace' id='stack-trace1107654033'><pre>java.lang.AssertionError: errorComponent: S, errorCode: S, errorDescription:CA Merchant Server:: Access Denied, Invalid End Point. Acquirer or Merchant not participating 
	at org.testng.Assert.fail(Assert.java:96)
	at com.ca.tds.main.TDSMethodURL_TC.testArequestAPI(TDSMethodURL_TC.java:64)
	at sun.reflect.GeneratedMethodAccessor28.invoke(Unknown Source)
	at sun.reflect.DelegatingMethodAccessorImpl.invoke(DelegatingMethodAccessorImpl.java:43)
	at java.lang.reflect.Method.invoke(Method.java:498)
	at org.testng.internal.MethodInvocationHelper.invokeMethod(MethodInvocationHelper.java:124)
	at org.testng.internal.Invoker.invokeMethod(Invoker.java:583)
	at org.testng.internal.Invoker.invokeTestMethod(Invoker.java:719)
	at org.testng.internal.Invoker.invokeTestMethods(Invoker.java:989)
	at org.testng.internal.TestMethodWorker.invokeTestMethods(TestMethodWorker.java:125)
	at org.testng.internal.TestMethodWorker.run(TestMethodWorker.java:109)
	at java.util.concurrent.ThreadPoolExecutor.runWorker(ThreadPoolExecutor.java:1149)
	at java.util.concurrent.ThreadPoolExecutor$Worker.run(ThreadPoolExecutor.java:624)
	at java.lang.Thread.run(Thread.java:748)
</pre></div></td>
<td>2</td>
<td>com.ca.tds.main.TDSMethodURL_TC@2a556333</td></tr>
<tr>
<td title='com.ca.tds.main.TDSMethodURL_TC.testArequestAPI()'><b>testArequestAPI</b><br>Test class: com.ca.tds.main.TDSMethodURL_TC<br>Parameters: org.testng.TestRunner@139ffcfb, {TestCaseID=_S025, TestCaseName=_VISA_For_Verify_TC025, SanityFlag=Y, Test Case type=P, RequirementID=, Expected-messageType=ThreeDSMethodURLRes, Expected-callerTxnRefID=G, Expected-messageVersion=2.1.0, Expected-threeDSServerTransID=G, Expected-threeDSMethodURL=G, #acctNumber#=4000500060000008, #caMerchantID#=CA_EU, #callerTxnRefID#=341b7153-da86-4543-860f-2ba47f0168a5, #messageType#=ThreeDSMethodURLReq}</td>
<td><div><pre>java.lang.AssertionError: errorComponent: S, errorCode: S, errorDescription:CA Merchant Server:: Access Denied, Invalid End Point. Acquirer or Merchant not participating 
	at com.ca.tds.main.TDSMethodURL_TC.testArequestAPI(TDSMethodURL_TC.java:64)
	at java.util.concurrent.ThreadPoolExecutor.runWorker(ThreadPoolExecutor.java:1149)
	at java.util.concurrent.ThreadPoolExecutor$Worker.run(ThreadPoolExecutor.java:624)
	at java.lang.Thread.run(Thread.java:748)
... Removed 10 stack frames</pre></div><a href='#' onClick='toggleBox("stack-trace276399416", this, "Click to show all stack frames", "Click to hide stack frames")'>Click to show all stack frames</a>
<div class='stack-trace' id='stack-trace276399416'><pre>java.lang.AssertionError: errorComponent: S, errorCode: S, errorDescription:CA Merchant Server:: Access Denied, Invalid End Point. Acquirer or Merchant not participating 
	at org.testng.Assert.fail(Assert.java:96)
	at com.ca.tds.main.TDSMethodURL_TC.testArequestAPI(TDSMethodURL_TC.java:64)
	at sun.reflect.GeneratedMethodAccessor28.invoke(Unknown Source)
	at sun.reflect.DelegatingMethodAccessorImpl.invoke(DelegatingMethodAccessorImpl.java:43)
	at java.lang.reflect.Method.invoke(Method.java:498)
	at org.testng.internal.MethodInvocationHelper.invokeMethod(MethodInvocationHelper.java:124)
	at org.testng.internal.Invoker.invokeMethod(Invoker.java:583)
	at org.testng.internal.Invoker.invokeTestMethod(Invoker.java:719)
	at org.testng.internal.Invoker.invokeTestMethods(Invoker.java:989)
	at org.testng.internal.TestMethodWorker.invokeTestMethods(TestMethodWorker.java:125)
	at org.testng.internal.TestMethodWorker.run(TestMethodWorker.java:109)
	at java.util.concurrent.ThreadPoolExecutor.runWorker(ThreadPoolExecutor.java:1149)
	at java.util.concurrent.ThreadPoolExecutor$Worker.run(ThreadPoolExecutor.java:624)
	at java.lang.Thread.run(Thread.java:748)
</pre></div></td>
<td>2</td>
<td>com.ca.tds.main.TDSMethodURL_TC@2a556333</td></tr>
<tr>
<td title='com.ca.tds.main.TDSMethodURL_TC.testArequestAPI()'><b>testArequestAPI</b><br>Test class: com.ca.tds.main.TDSMethodURL_TC<br>Parameters: org.testng.TestRunner@139ffcfb, {TestCaseID=_S026, TestCaseName=_VISA_For_Verify_TC026, SanityFlag=Y, Test Case type=P, RequirementID=, Expected-messageType=ThreeDSMethodURLRes, Expected-callerTxnRefID=G, Expected-messageVersion=2.1.0, Expected-threeDSServerTransID=G, Expected-threeDSMethodURL=G, #acctNumber#=4000500060000008, #caMerchantID#=CA_EU, #callerTxnRefID#=341b7153-da86-4543-860f-2ba47f0168a5, #messageType#=ThreeDSMethodURLReq}</td>
<td><div><pre>java.lang.AssertionError: errorComponent: S, errorCode: S, errorDescription:CA Merchant Server:: Access Denied, Invalid End Point. Acquirer or Merchant not participating 
	at com.ca.tds.main.TDSMethodURL_TC.testArequestAPI(TDSMethodURL_TC.java:64)
	at java.util.concurrent.ThreadPoolExecutor.runWorker(ThreadPoolExecutor.java:1149)
	at java.util.concurrent.ThreadPoolExecutor$Worker.run(ThreadPoolExecutor.java:624)
	at java.lang.Thread.run(Thread.java:748)
... Removed 10 stack frames</pre></div><a href='#' onClick='toggleBox("stack-trace1513707941", this, "Click to show all stack frames", "Click to hide stack frames")'>Click to show all stack frames</a>
<div class='stack-trace' id='stack-trace1513707941'><pre>java.lang.AssertionError: errorComponent: S, errorCode: S, errorDescription:CA Merchant Server:: Access Denied, Invalid End Point. Acquirer or Merchant not participating 
	at org.testng.Assert.fail(Assert.java:96)
	at com.ca.tds.main.TDSMethodURL_TC.testArequestAPI(TDSMethodURL_TC.java:64)
	at sun.reflect.GeneratedMethodAccessor28.invoke(Unknown Source)
	at sun.reflect.DelegatingMethodAccessorImpl.invoke(DelegatingMethodAccessorImpl.java:43)
	at java.lang.reflect.Method.invoke(Method.java:498)
	at org.testng.internal.MethodInvocationHelper.invokeMethod(MethodInvocationHelper.java:124)
	at org.testng.internal.Invoker.invokeMethod(Invoker.java:583)
	at org.testng.internal.Invoker.invokeTestMethod(Invoker.java:719)
	at org.testng.internal.Invoker.invokeTestMethods(Invoker.java:989)
	at org.testng.internal.TestMethodWorker.invokeTestMethods(TestMethodWorker.java:125)
	at org.testng.internal.TestMethodWorker.run(TestMethodWorker.java:109)
	at java.util.concurrent.ThreadPoolExecutor.runWorker(ThreadPoolExecutor.java:1149)
	at java.util.concurrent.ThreadPoolExecutor$Worker.run(ThreadPoolExecutor.java:624)
	at java.lang.Thread.run(Thread.java:748)
</pre></div></td>
<td>2</td>
<td>com.ca.tds.main.TDSMethodURL_TC@2a556333</td></tr>
<tr>
<td title='com.ca.tds.main.TDSMethodURL_TC.testArequestAPI()'><b>testArequestAPI</b><br>Test class: com.ca.tds.main.TDSMethodURL_TC<br>Parameters: org.testng.TestRunner@139ffcfb, {TestCaseID=_S027, TestCaseName=_VISA_For_Verify_TC027, SanityFlag=Y, Test Case type=P, RequirementID=, Expected-messageType=ThreeDSMethodURLRes, Expected-callerTxnRefID=G, Expected-messageVersion=2.1.0, Expected-threeDSServerTransID=G, Expected-threeDSMethodURL=G, #acctNumber#=4000500060000008, #caMerchantID#=CA_EU, #callerTxnRefID#=341b7153-da86-4543-860f-2ba47f0168a5, #messageType#=ThreeDSMethodURLReq}</td>
<td><div><pre>java.lang.AssertionError: errorComponent: S, errorCode: S, errorDescription:CA Merchant Server:: Access Denied, Invalid End Point. Acquirer or Merchant not participating 
	at com.ca.tds.main.TDSMethodURL_TC.testArequestAPI(TDSMethodURL_TC.java:64)
	at java.util.concurrent.ThreadPoolExecutor.runWorker(ThreadPoolExecutor.java:1149)
	at java.util.concurrent.ThreadPoolExecutor$Worker.run(ThreadPoolExecutor.java:624)
	at java.lang.Thread.run(Thread.java:748)
... Removed 10 stack frames</pre></div><a href='#' onClick='toggleBox("stack-trace1203273784", this, "Click to show all stack frames", "Click to hide stack frames")'>Click to show all stack frames</a>
<div class='stack-trace' id='stack-trace1203273784'><pre>java.lang.AssertionError: errorComponent: S, errorCode: S, errorDescription:CA Merchant Server:: Access Denied, Invalid End Point. Acquirer or Merchant not participating 
	at org.testng.Assert.fail(Assert.java:96)
	at com.ca.tds.main.TDSMethodURL_TC.testArequestAPI(TDSMethodURL_TC.java:64)
	at sun.reflect.GeneratedMethodAccessor28.invoke(Unknown Source)
	at sun.reflect.DelegatingMethodAccessorImpl.invoke(DelegatingMethodAccessorImpl.java:43)
	at java.lang.reflect.Method.invoke(Method.java:498)
	at org.testng.internal.MethodInvocationHelper.invokeMethod(MethodInvocationHelper.java:124)
	at org.testng.internal.Invoker.invokeMethod(Invoker.java:583)
	at org.testng.internal.Invoker.invokeTestMethod(Invoker.java:719)
	at org.testng.internal.Invoker.invokeTestMethods(Invoker.java:989)
	at org.testng.internal.TestMethodWorker.invokeTestMethods(TestMethodWorker.java:125)
	at org.testng.internal.TestMethodWorker.run(TestMethodWorker.java:109)
	at java.util.concurrent.ThreadPoolExecutor.runWorker(ThreadPoolExecutor.java:1149)
	at java.util.concurrent.ThreadPoolExecutor$Worker.run(ThreadPoolExecutor.java:624)
	at java.lang.Thread.run(Thread.java:748)
</pre></div></td>
<td>2</td>
<td>com.ca.tds.main.TDSMethodURL_TC@2a556333</td></tr>
<tr>
<td title='com.ca.tds.main.TDSMethodURL_TC.testArequestAPI()'><b>testArequestAPI</b><br>Test class: com.ca.tds.main.TDSMethodURL_TC<br>Parameters: org.testng.TestRunner@139ffcfb, {TestCaseID=_S028, TestCaseName=_VISA_For_Verify_TC028, SanityFlag=Y, Test Case type=P, RequirementID=, Expected-messageType=ThreeDSMethodURLRes, Expected-callerTxnRefID=G, Expected-messageVersion=2.1.0, Expected-threeDSServerTransID=G, Expected-threeDSMethodURL=G, #acctNumber#=4000500060000008, #caMerchantID#=CA_EU, #callerTxnRefID#=341b7153-da86-4543-860f-2ba47f0168a5, #messageType#=ThreeDSMethodURLReq}</td>
<td><div><pre>java.lang.AssertionError: errorComponent: S, errorCode: S, errorDescription:CA Merchant Server:: Access Denied, Invalid End Point. Acquirer or Merchant not participating 
	at com.ca.tds.main.TDSMethodURL_TC.testArequestAPI(TDSMethodURL_TC.java:64)
	at java.util.concurrent.ThreadPoolExecutor.runWorker(ThreadPoolExecutor.java:1149)
	at java.util.concurrent.ThreadPoolExecutor$Worker.run(ThreadPoolExecutor.java:624)
	at java.lang.Thread.run(Thread.java:748)
... Removed 10 stack frames</pre></div><a href='#' onClick='toggleBox("stack-trace1998723427", this, "Click to show all stack frames", "Click to hide stack frames")'>Click to show all stack frames</a>
<div class='stack-trace' id='stack-trace1998723427'><pre>java.lang.AssertionError: errorComponent: S, errorCode: S, errorDescription:CA Merchant Server:: Access Denied, Invalid End Point. Acquirer or Merchant not participating 
	at org.testng.Assert.fail(Assert.java:96)
	at com.ca.tds.main.TDSMethodURL_TC.testArequestAPI(TDSMethodURL_TC.java:64)
	at sun.reflect.GeneratedMethodAccessor28.invoke(Unknown Source)
	at sun.reflect.DelegatingMethodAccessorImpl.invoke(DelegatingMethodAccessorImpl.java:43)
	at java.lang.reflect.Method.invoke(Method.java:498)
	at org.testng.internal.MethodInvocationHelper.invokeMethod(MethodInvocationHelper.java:124)
	at org.testng.internal.Invoker.invokeMethod(Invoker.java:583)
	at org.testng.internal.Invoker.invokeTestMethod(Invoker.java:719)
	at org.testng.internal.Invoker.invokeTestMethods(Invoker.java:989)
	at org.testng.internal.TestMethodWorker.invokeTestMethods(TestMethodWorker.java:125)
	at org.testng.internal.TestMethodWorker.run(TestMethodWorker.java:109)
	at java.util.concurrent.ThreadPoolExecutor.runWorker(ThreadPoolExecutor.java:1149)
	at java.util.concurrent.ThreadPoolExecutor$Worker.run(ThreadPoolExecutor.java:624)
	at java.lang.Thread.run(Thread.java:748)
</pre></div></td>
<td>2</td>
<td>com.ca.tds.main.TDSMethodURL_TC@2a556333</td></tr>
<tr>
<td title='com.ca.tds.main.TDSMethodURL_TC.testArequestAPI()'><b>testArequestAPI</b><br>Test class: com.ca.tds.main.TDSMethodURL_TC<br>Parameters: org.testng.TestRunner@139ffcfb, {TestCaseID=_S029, TestCaseName=_VISA_For_Verify_TC029, SanityFlag=Y, Test Case type=P, RequirementID=, Expected-messageType=ThreeDSMethodURLRes, Expected-callerTxnRefID=G, Expected-messageVersion=2.1.0, Expected-threeDSServerTransID=G, Expected-threeDSMethodURL=G, #acctNumber#=4000500060000008, #caMerchantID#=CA_EU, #callerTxnRefID#=341b7153-da86-4543-860f-2ba47f0168a5, #messageType#=ThreeDSMethodURLReq}</td>
<td><div><pre>java.lang.AssertionError: errorComponent: S, errorCode: S, errorDescription:CA Merchant Server:: Access Denied, Invalid End Point. Acquirer or Merchant not participating 
	at com.ca.tds.main.TDSMethodURL_TC.testArequestAPI(TDSMethodURL_TC.java:64)
	at java.util.concurrent.ThreadPoolExecutor.runWorker(ThreadPoolExecutor.java:1149)
	at java.util.concurrent.ThreadPoolExecutor$Worker.run(ThreadPoolExecutor.java:624)
	at java.lang.Thread.run(Thread.java:748)
... Removed 10 stack frames</pre></div><a href='#' onClick='toggleBox("stack-trace878730940", this, "Click to show all stack frames", "Click to hide stack frames")'>Click to show all stack frames</a>
<div class='stack-trace' id='stack-trace878730940'><pre>java.lang.AssertionError: errorComponent: S, errorCode: S, errorDescription:CA Merchant Server:: Access Denied, Invalid End Point. Acquirer or Merchant not participating 
	at org.testng.Assert.fail(Assert.java:96)
	at com.ca.tds.main.TDSMethodURL_TC.testArequestAPI(TDSMethodURL_TC.java:64)
	at sun.reflect.GeneratedMethodAccessor28.invoke(Unknown Source)
	at sun.reflect.DelegatingMethodAccessorImpl.invoke(DelegatingMethodAccessorImpl.java:43)
	at java.lang.reflect.Method.invoke(Method.java:498)
	at org.testng.internal.MethodInvocationHelper.invokeMethod(MethodInvocationHelper.java:124)
	at org.testng.internal.Invoker.invokeMethod(Invoker.java:583)
	at org.testng.internal.Invoker.invokeTestMethod(Invoker.java:719)
	at org.testng.internal.Invoker.invokeTestMethods(Invoker.java:989)
	at org.testng.internal.TestMethodWorker.invokeTestMethods(TestMethodWorker.java:125)
	at org.testng.internal.TestMethodWorker.run(TestMethodWorker.java:109)
	at java.util.concurrent.ThreadPoolExecutor.runWorker(ThreadPoolExecutor.java:1149)
	at java.util.concurrent.ThreadPoolExecutor$Worker.run(ThreadPoolExecutor.java:624)
	at java.lang.Thread.run(Thread.java:748)
</pre></div></td>
<td>2</td>
<td>com.ca.tds.main.TDSMethodURL_TC@2a556333</td></tr>
<tr>
<td title='com.ca.tds.main.TDSMethodURL_TC.testArequestAPI()'><b>testArequestAPI</b><br>Test class: com.ca.tds.main.TDSMethodURL_TC<br>Parameters: org.testng.TestRunner@139ffcfb, {TestCaseID=_S030, TestCaseName=_VISA_For_Verify_TC030, SanityFlag=Y, Test Case type=P, RequirementID=, Expected-messageType=ThreeDSMethodURLRes, Expected-callerTxnRefID=G, Expected-messageVersion=2.1.0, Expected-threeDSServerTransID=G, Expected-threeDSMethodURL=G, #acctNumber#=4000500060000008, #caMerchantID#=CA_EU, #callerTxnRefID#=341b7153-da86-4543-860f-2ba47f0168a5, #messageType#=ThreeDSMethodURLReq}</td>
<td><div><pre>java.lang.AssertionError: errorComponent: S, errorCode: S, errorDescription:CA Merchant Server:: Access Denied, Invalid End Point. Acquirer or Merchant not participating 
	at com.ca.tds.main.TDSMethodURL_TC.testArequestAPI(TDSMethodURL_TC.java:64)
	at java.util.concurrent.ThreadPoolExecutor.runWorker(ThreadPoolExecutor.java:1149)
	at java.util.concurrent.ThreadPoolExecutor$Worker.run(ThreadPoolExecutor.java:624)
	at java.lang.Thread.run(Thread.java:748)
... Removed 10 stack frames</pre></div><a href='#' onClick='toggleBox("stack-trace26927859", this, "Click to show all stack frames", "Click to hide stack frames")'>Click to show all stack frames</a>
<div class='stack-trace' id='stack-trace26927859'><pre>java.lang.AssertionError: errorComponent: S, errorCode: S, errorDescription:CA Merchant Server:: Access Denied, Invalid End Point. Acquirer or Merchant not participating 
	at org.testng.Assert.fail(Assert.java:96)
	at com.ca.tds.main.TDSMethodURL_TC.testArequestAPI(TDSMethodURL_TC.java:64)
	at sun.reflect.GeneratedMethodAccessor28.invoke(Unknown Source)
	at sun.reflect.DelegatingMethodAccessorImpl.invoke(DelegatingMethodAccessorImpl.java:43)
	at java.lang.reflect.Method.invoke(Method.java:498)
	at org.testng.internal.MethodInvocationHelper.invokeMethod(MethodInvocationHelper.java:124)
	at org.testng.internal.Invoker.invokeMethod(Invoker.java:583)
	at org.testng.internal.Invoker.invokeTestMethod(Invoker.java:719)
	at org.testng.internal.Invoker.invokeTestMethods(Invoker.java:989)
	at org.testng.internal.TestMethodWorker.invokeTestMethods(TestMethodWorker.java:125)
	at org.testng.internal.TestMethodWorker.run(TestMethodWorker.java:109)
	at java.util.concurrent.ThreadPoolExecutor.runWorker(ThreadPoolExecutor.java:1149)
	at java.util.concurrent.ThreadPoolExecutor$Worker.run(ThreadPoolExecutor.java:624)
	at java.lang.Thread.run(Thread.java:748)
</pre></div></td>
<td>2</td>
<td>com.ca.tds.main.TDSMethodURL_TC@2a556333</td></tr>
<tr>
<td title='com.ca.tds.main.TDSMethodURL_TC.testArequestAPI()'><b>testArequestAPI</b><br>Test class: com.ca.tds.main.TDSMethodURL_TC<br>Parameters: org.testng.TestRunner@139ffcfb, {TestCaseID=_S031, TestCaseName=_VISA_For_Verify_TC031, SanityFlag=Y, Test Case type=P, RequirementID=, Expected-messageType=ThreeDSMethodURLRes, Expected-callerTxnRefID=G, Expected-messageVersion=2.1.0, Expected-threeDSServerTransID=G, Expected-threeDSMethodURL=G, #acctNumber#=4000500060000008, #caMerchantID#=CA_EU, #callerTxnRefID#=341b7153-da86-4543-860f-2ba47f0168a5, #messageType#=ThreeDSMethodURLReq}</td>
<td><div><pre>java.lang.AssertionError: errorComponent: S, errorCode: S, errorDescription:CA Merchant Server:: Access Denied, Invalid End Point. Acquirer or Merchant not participating 
	at com.ca.tds.main.TDSMethodURL_TC.testArequestAPI(TDSMethodURL_TC.java:64)
	at java.util.concurrent.ThreadPoolExecutor.runWorker(ThreadPoolExecutor.java:1149)
	at java.util.concurrent.ThreadPoolExecutor$Worker.run(ThreadPoolExecutor.java:624)
	at java.lang.Thread.run(Thread.java:748)
... Removed 10 stack frames</pre></div><a href='#' onClick='toggleBox("stack-trace1851388620", this, "Click to show all stack frames", "Click to hide stack frames")'>Click to show all stack frames</a>
<div class='stack-trace' id='stack-trace1851388620'><pre>java.lang.AssertionError: errorComponent: S, errorCode: S, errorDescription:CA Merchant Server:: Access Denied, Invalid End Point. Acquirer or Merchant not participating 
	at org.testng.Assert.fail(Assert.java:96)
	at com.ca.tds.main.TDSMethodURL_TC.testArequestAPI(TDSMethodURL_TC.java:64)
	at sun.reflect.GeneratedMethodAccessor28.invoke(Unknown Source)
	at sun.reflect.DelegatingMethodAccessorImpl.invoke(DelegatingMethodAccessorImpl.java:43)
	at java.lang.reflect.Method.invoke(Method.java:498)
	at org.testng.internal.MethodInvocationHelper.invokeMethod(MethodInvocationHelper.java:124)
	at org.testng.internal.Invoker.invokeMethod(Invoker.java:583)
	at org.testng.internal.Invoker.invokeTestMethod(Invoker.java:719)
	at org.testng.internal.Invoker.invokeTestMethods(Invoker.java:989)
	at org.testng.internal.TestMethodWorker.invokeTestMethods(TestMethodWorker.java:125)
	at org.testng.internal.TestMethodWorker.run(TestMethodWorker.java:109)
	at java.util.concurrent.ThreadPoolExecutor.runWorker(ThreadPoolExecutor.java:1149)
	at java.util.concurrent.ThreadPoolExecutor$Worker.run(ThreadPoolExecutor.java:624)
	at java.lang.Thread.run(Thread.java:748)
</pre></div></td>
<td>2</td>
<td>com.ca.tds.main.TDSMethodURL_TC@2a556333</td></tr>
<tr>
<td title='com.ca.tds.main.TDSMethodURL_TC.testArequestAPI()'><b>testArequestAPI</b><br>Test class: com.ca.tds.main.TDSMethodURL_TC<br>Parameters: org.testng.TestRunner@139ffcfb, {TestCaseID=_S032, TestCaseName=_VISA_For_Verify_TC032, SanityFlag=Y, Test Case type=P, RequirementID=, Expected-messageType=ThreeDSMethodURLRes, Expected-callerTxnRefID=G, Expected-messageVersion=2.1.0, Expected-threeDSServerTransID=G, Expected-threeDSMethodURL=G, #acctNumber#=4000500060000008, #caMerchantID#=CA_EU, #callerTxnRefID#=341b7153-da86-4543-860f-2ba47f0168a5, #messageType#=ThreeDSMethodURLReq}</td>
<td><div><pre>java.lang.AssertionError: errorComponent: S, errorCode: S, errorDescription:CA Merchant Server:: Access Denied, Invalid End Point. Acquirer or Merchant not participating 
	at com.ca.tds.main.TDSMethodURL_TC.testArequestAPI(TDSMethodURL_TC.java:64)
	at java.util.concurrent.ThreadPoolExecutor.runWorker(ThreadPoolExecutor.java:1149)
	at java.util.concurrent.ThreadPoolExecutor$Worker.run(ThreadPoolExecutor.java:624)
	at java.lang.Thread.run(Thread.java:748)
... Removed 10 stack frames</pre></div><a href='#' onClick='toggleBox("stack-trace1260712659", this, "Click to show all stack frames", "Click to hide stack frames")'>Click to show all stack frames</a>
<div class='stack-trace' id='stack-trace1260712659'><pre>java.lang.AssertionError: errorComponent: S, errorCode: S, errorDescription:CA Merchant Server:: Access Denied, Invalid End Point. Acquirer or Merchant not participating 
	at org.testng.Assert.fail(Assert.java:96)
	at com.ca.tds.main.TDSMethodURL_TC.testArequestAPI(TDSMethodURL_TC.java:64)
	at sun.reflect.GeneratedMethodAccessor28.invoke(Unknown Source)
	at sun.reflect.DelegatingMethodAccessorImpl.invoke(DelegatingMethodAccessorImpl.java:43)
	at java.lang.reflect.Method.invoke(Method.java:498)
	at org.testng.internal.MethodInvocationHelper.invokeMethod(MethodInvocationHelper.java:124)
	at org.testng.internal.Invoker.invokeMethod(Invoker.java:583)
	at org.testng.internal.Invoker.invokeTestMethod(Invoker.java:719)
	at org.testng.internal.Invoker.invokeTestMethods(Invoker.java:989)
	at org.testng.internal.TestMethodWorker.invokeTestMethods(TestMethodWorker.java:125)
	at org.testng.internal.TestMethodWorker.run(TestMethodWorker.java:109)
	at java.util.concurrent.ThreadPoolExecutor.runWorker(ThreadPoolExecutor.java:1149)
	at java.util.concurrent.ThreadPoolExecutor$Worker.run(ThreadPoolExecutor.java:624)
	at java.lang.Thread.run(Thread.java:748)
</pre></div></td>
<td>2</td>
<td>com.ca.tds.main.TDSMethodURL_TC@2a556333</td></tr>
<tr>
<td title='com.ca.tds.main.TDSMethodURL_TC.testArequestAPI()'><b>testArequestAPI</b><br>Test class: com.ca.tds.main.TDSMethodURL_TC<br>Parameters: org.testng.TestRunner@139ffcfb, {TestCaseID=_S033, TestCaseName=_VISA_For_Verify_TC033, SanityFlag=Y, Test Case type=P, RequirementID=, Expected-messageType=ThreeDSMethodURLRes, Expected-callerTxnRefID=G, Expected-messageVersion=2.1.0, Expected-threeDSServerTransID=G, Expected-threeDSMethodURL=G, #acctNumber#=4000500060000008, #caMerchantID#=CA_EU, #callerTxnRefID#=341b7153-da86-4543-860f-2ba47f0168a5, #messageType#=ThreeDSMethodURLReq}</td>
<td><div><pre>java.lang.AssertionError: errorComponent: S, errorCode: S, errorDescription:CA Merchant Server:: Access Denied, Invalid End Point. Acquirer or Merchant not participating 
	at com.ca.tds.main.TDSMethodURL_TC.testArequestAPI(TDSMethodURL_TC.java:64)
	at java.util.concurrent.ThreadPoolExecutor.runWorker(ThreadPoolExecutor.java:1149)
	at java.util.concurrent.ThreadPoolExecutor$Worker.run(ThreadPoolExecutor.java:624)
	at java.lang.Thread.run(Thread.java:748)
... Removed 10 stack frames</pre></div><a href='#' onClick='toggleBox("stack-trace562230623", this, "Click to show all stack frames", "Click to hide stack frames")'>Click to show all stack frames</a>
<div class='stack-trace' id='stack-trace562230623'><pre>java.lang.AssertionError: errorComponent: S, errorCode: S, errorDescription:CA Merchant Server:: Access Denied, Invalid End Point. Acquirer or Merchant not participating 
	at org.testng.Assert.fail(Assert.java:96)
	at com.ca.tds.main.TDSMethodURL_TC.testArequestAPI(TDSMethodURL_TC.java:64)
	at sun.reflect.GeneratedMethodAccessor28.invoke(Unknown Source)
	at sun.reflect.DelegatingMethodAccessorImpl.invoke(DelegatingMethodAccessorImpl.java:43)
	at java.lang.reflect.Method.invoke(Method.java:498)
	at org.testng.internal.MethodInvocationHelper.invokeMethod(MethodInvocationHelper.java:124)
	at org.testng.internal.Invoker.invokeMethod(Invoker.java:583)
	at org.testng.internal.Invoker.invokeTestMethod(Invoker.java:719)
	at org.testng.internal.Invoker.invokeTestMethods(Invoker.java:989)
	at org.testng.internal.TestMethodWorker.invokeTestMethods(TestMethodWorker.java:125)
	at org.testng.internal.TestMethodWorker.run(TestMethodWorker.java:109)
	at java.util.concurrent.ThreadPoolExecutor.runWorker(ThreadPoolExecutor.java:1149)
	at java.util.concurrent.ThreadPoolExecutor$Worker.run(ThreadPoolExecutor.java:624)
	at java.lang.Thread.run(Thread.java:748)
</pre></div></td>
<td>2</td>
<td>com.ca.tds.main.TDSMethodURL_TC@2a556333</td></tr>
<tr>
<td title='com.ca.tds.main.TDSMethodURL_TC.testArequestAPI()'><b>testArequestAPI</b><br>Test class: com.ca.tds.main.TDSMethodURL_TC<br>Parameters: org.testng.TestRunner@139ffcfb, {TestCaseID=_S034, TestCaseName=_VISA_For_Verify_TC034, SanityFlag=Y, Test Case type=P, RequirementID=, Expected-messageType=ThreeDSMethodURLRes, Expected-callerTxnRefID=G, Expected-messageVersion=2.1.0, Expected-threeDSServerTransID=G, Expected-threeDSMethodURL=G, #acctNumber#=4000500060000008, #caMerchantID#=CA_EU, #callerTxnRefID#=341b7153-da86-4543-860f-2ba47f0168a5, #messageType#=ThreeDSMethodURLReq}</td>
<td><div><pre>java.lang.AssertionError: errorComponent: S, errorCode: S, errorDescription:CA Merchant Server:: Access Denied, Invalid End Point. Acquirer or Merchant not participating 
	at com.ca.tds.main.TDSMethodURL_TC.testArequestAPI(TDSMethodURL_TC.java:64)
	at java.util.concurrent.ThreadPoolExecutor.runWorker(ThreadPoolExecutor.java:1149)
	at java.util.concurrent.ThreadPoolExecutor$Worker.run(ThreadPoolExecutor.java:624)
	at java.lang.Thread.run(Thread.java:748)
... Removed 10 stack frames</pre></div><a href='#' onClick='toggleBox("stack-trace1500630528", this, "Click to show all stack frames", "Click to hide stack frames")'>Click to show all stack frames</a>
<div class='stack-trace' id='stack-trace1500630528'><pre>java.lang.AssertionError: errorComponent: S, errorCode: S, errorDescription:CA Merchant Server:: Access Denied, Invalid End Point. Acquirer or Merchant not participating 
	at org.testng.Assert.fail(Assert.java:96)
	at com.ca.tds.main.TDSMethodURL_TC.testArequestAPI(TDSMethodURL_TC.java:64)
	at sun.reflect.GeneratedMethodAccessor28.invoke(Unknown Source)
	at sun.reflect.DelegatingMethodAccessorImpl.invoke(DelegatingMethodAccessorImpl.java:43)
	at java.lang.reflect.Method.invoke(Method.java:498)
	at org.testng.internal.MethodInvocationHelper.invokeMethod(MethodInvocationHelper.java:124)
	at org.testng.internal.Invoker.invokeMethod(Invoker.java:583)
	at org.testng.internal.Invoker.invokeTestMethod(Invoker.java:719)
	at org.testng.internal.Invoker.invokeTestMethods(Invoker.java:989)
	at org.testng.internal.TestMethodWorker.invokeTestMethods(TestMethodWorker.java:125)
	at org.testng.internal.TestMethodWorker.run(TestMethodWorker.java:109)
	at java.util.concurrent.ThreadPoolExecutor.runWorker(ThreadPoolExecutor.java:1149)
	at java.util.concurrent.ThreadPoolExecutor$Worker.run(ThreadPoolExecutor.java:624)
	at java.lang.Thread.run(Thread.java:748)
</pre></div></td>
<td>2</td>
<td>com.ca.tds.main.TDSMethodURL_TC@2a556333</td></tr>
</table><p>
</body>
</html>