<?xml version="1.0" encoding="UTF-8"?>
<!-- Generated by org.testng.reporters.JUnitXMLReporter -->
<testsuite hostname="7BB9LQ2" ignored="0" name="Visa::Clear Card::Browser::AReq flow" tests="1" failures="1" timestamp="15 Nov 2019 09:31:34 GMT" time="0.717" errors="0">
  <testcase name="testArequestAPI" time="0.603" classname="com.ca.tds.main.TDSPreAreq_TC">
    <failure type="java.lang.AssertionError" message="Browser Flow:: Json Validation Failed.JSONObject[&amp;quot;threeDSServerTransID&amp;quot;] not found.&amp;lt;br&amp;gt; api response : {&amp;quot;errorComponent&amp;quot;:&amp;quot;S&amp;quot;,&amp;quot;errorDescription&amp;quot;:&amp;quot;CA Merchant Server:: Invalid Format  for one of the  Element Found in the message &amp;quot;,&amp;quot;messageType&amp;quot;:&amp;quot;Erro&amp;quot;,&amp;quot;errorCode&amp;quot;:&amp;quot;203&amp;quot;,&amp;quot;errorDetail&amp;quot;:&amp;quot;threeDSServerTransID&amp;quot;,&amp;quot;errorMessageType&amp;quot;:&amp;quot;AReq&amp;quot;,&amp;quot;messageVersion&amp;quot;:&amp;quot;2.1.0&amp;quot;}">
      <![CDATA[java.lang.AssertionError: Browser Flow:: Json Validation Failed.JSONObject["threeDSServerTransID"] not found.<br> api response : {"errorComponent":"S","errorDescription":"CA Merchant Server:: Invalid Format  for one of the  Element Found in the message ","messageType":"Erro","errorCode":"203","errorDetail":"threeDSServerTransID","errorMessageType":"AReq","messageVersion":"2.1.0"}
at com.ca.tds.main.TDSPreAreq_TC.testArequestAPI(TDSPreAreq_TC.java:137)
at java.util.concurrent.ThreadPoolExecutor.runWorker(ThreadPoolExecutor.java:1149)
at java.util.concurrent.ThreadPoolExecutor$Worker.run(ThreadPoolExecutor.java:624)
at java.lang.Thread.run(Thread.java:748)
... Removed 11 stack frames]]>
    </failure>
  </testcase> <!-- testArequestAPI -->
</testsuite> <!-- Visa::Clear Card::Browser::AReq flow -->
