<?xml version="1.0" encoding="UTF-8"?>
<!-- Generated by org.testng.reporters.JUnitXMLReporter -->
<testsuite ignored="0" hostname="7BB9LQ2" failures="1" tests="1" name="AMEX::Clear Card::Browser::VerifyAPI flow" time="0.204" errors="0" timestamp="2020-02-17T15:22:21 IST">
  <testcase classname="com.ca.tds.main.TDSVerifyAPI_TC" name="testArequestAPI" time="0.002">
    <failure type="java.lang.AssertionError" message="null">
      <![CDATA[java.lang.AssertionError: null
at com.ca.tds.main.TDSVerifyAPI_TC.testArequestAPI(TDSVerifyAPI_TC.java:45)
at java.base/java.util.concurrent.ThreadPoolExecutor.runWorker(ThreadPoolExecutor.java:1128)
at java.base/java.util.concurrent.ThreadPoolExecutor$Worker.run(ThreadPoolExecutor.java:628)
at java.base/java.lang.Thread.run(Thread.java:834)
... Removed 14 stack frames]]>
    </failure>
  </testcase> <!-- testArequestAPI -->
</testsuite> <!-- AMEX::Clear Card::Browser::VerifyAPI flow -->
