<?xml version="1.0" encoding="UTF-8"?>
<!-- Generated by org.testng.reporters.JUnitXMLReporter -->
<testsuite ignored="0" hostname="7BB9LQ2" failures="1" tests="1" name="AMEX::Clear Card::Browser::AReq flow" time="5.04" errors="0" timestamp="2020-02-17T15:22:20 IST">
  <testcase classname="com.ca.tds.main.TDSPreAreq_TC" name="testArequestAPI" time="4.367">
    <failure type="java.lang.AssertionError" message="Browser Flow:: Json Validation Failed.A JSONObject text must begin with &amp;apos;{&amp;apos; at 1 [character 2 line 1]&amp;lt;br&amp;gt; api response : null">
      <![CDATA[java.lang.AssertionError: Browser Flow:: Json Validation Failed.A JSONObject text must begin with '{' at 1 [character 2 line 1]<br> api response : null
at com.ca.tds.main.TDSPreAreq_TC.testArequestAPI(TDSPreAreq_TC.java:137)
at java.base/java.util.concurrent.ThreadPoolExecutor.runWorker(ThreadPoolExecutor.java:1128)
at java.base/java.util.concurrent.ThreadPoolExecutor$Worker.run(ThreadPoolExecutor.java:628)
at java.base/java.lang.Thread.run(Thread.java:834)
... Removed 13 stack frames]]>
    </failure>
  </testcase> <!-- testArequestAPI -->
</testsuite> <!-- AMEX::Clear Card::Browser::AReq flow -->
