<?xml version="1.0" encoding="UTF-8"?>
<!-- Generated by org.testng.reporters.JUnitXMLReporter -->
<testsuite hostname="7BB9LQ2" ignored="0" name="VISA::Clear Card::Browser::VerifyAPI flow" tests="1" failures="1" timestamp="20 Jan 2020 13:01:40 GMT" time="0.135" errors="0">
  <testcase name="testArequestAPI" time="0.001" classname="com.ca.tds.main.TDSVerifyAPI_TC">
    <failure type="java.lang.AssertionError" message="null">
      <![CDATA[java.lang.AssertionError: null
at com.ca.tds.main.TDSVerifyAPI_TC.testArequestAPI(TDSVerifyAPI_TC.java:45)
at java.util.concurrent.ThreadPoolExecutor.runWorker(ThreadPoolExecutor.java:1149)
at java.util.concurrent.ThreadPoolExecutor$Worker.run(ThreadPoolExecutor.java:624)
at java.lang.Thread.run(Thread.java:748)
... Removed 12 stack frames]]>
    </failure>
  </testcase> <!-- testArequestAPI -->
</testsuite> <!-- VISA::Clear Card::Browser::VerifyAPI flow -->
