<?xml version="1.0" encoding="UTF-8"?>
<!-- Generated by org.testng.reporters.JUnitXMLReporter -->
<testsuite hostname="7BB9LQ2" ignored="0" name="VISA::Clear Card::Browser::AReq flow" tests="1" failures="1" timestamp="20 Jan 2020 13:01:40 GMT" time="0.711" errors="0">
  <testcase name="testArequestAPI" time="0.584" classname="com.ca.tds.main.TDSPreAreq_TC">
    <failure type="java.lang.AssertionError" message="The following asserts failed:
	expected [CADS] but found [DsReferenceNumber],
	expected [ABCDEF987654321] but found [DsReferenceNumber],
	expected [C] but found [U]">
      <![CDATA[java.lang.AssertionError: The following asserts failed:
expected [CADS] but found [DsReferenceNumber],
expected [ABCDEF987654321] but found [DsReferenceNumber],
expected [C] but found [U]
at com.ca.tds.main.TDSPreAreq_TC.testArequestAPI(TDSPreAreq_TC.java:130)
at java.util.concurrent.ThreadPoolExecutor.runWorker(ThreadPoolExecutor.java:1149)
at java.util.concurrent.ThreadPoolExecutor$Worker.run(ThreadPoolExecutor.java:624)
at java.lang.Thread.run(Thread.java:748)
... Removed 11 stack frames]]>
    </failure>
  </testcase> <!-- testArequestAPI -->
</testsuite> <!-- VISA::Clear Card::Browser::AReq flow -->
