<?xml version="1.0" encoding="UTF-8"?>
<!-- Generated by org.testng.reporters.JUnitXMLReporter -->
<testsuite hostname="7BB9LQ2" ignored="0" name="VISA::Clear Card::Browser::AReq flow" tests="161" failures="161" timestamp="14 Nov 2019 18:50:24 GMT" time="609.183" errors="0">
  <testcase name="testArequestAPI" time="2.567" classname="com.ca.tds.main.TDSPreAreq_TC">
    <failure type="java.lang.AssertionError" message="Browser Flow:: Json Validation Failed.JSONObject[&amp;quot;threeDSServerTransID&amp;quot;] not found.&amp;lt;br&amp;gt; api response : {&amp;quot;errorComponent&amp;quot;:&amp;quot;S&amp;quot;,&amp;quot;errorDescription&amp;quot;:&amp;quot;CA Merchant Server:: Access Denied, Invalid End Point. Acquirer or Merchant not participating &amp;quot;,&amp;quot;messageType&amp;quot;:&amp;quot;Erro&amp;quot;,&amp;quot;errorCode&amp;quot;:&amp;quot;303&amp;quot;,&amp;quot;errorDetail&amp;quot;:&amp;quot;Access Denied, Invalid End Point&amp;quot;,&amp;quot;errorMessageType&amp;quot;:&amp;quot;AReq&amp;quot;,&amp;quot;messageVersion&amp;quot;:&amp;quot;2.1.0&amp;quot;}">
      <![CDATA[java.lang.AssertionError: Browser Flow:: Json Validation Failed.JSONObject["threeDSServerTransID"] not found.<br> api response : {"errorComponent":"S","errorDescription":"CA Merchant Server:: Access Denied, Invalid End Point. Acquirer or Merchant not participating ","messageType":"Erro","errorCode":"303","errorDetail":"Access Denied, Invalid End Point","errorMessageType":"AReq","messageVersion":"2.1.0"}
at com.ca.tds.main.TDSPreAreq_TC.testArequestAPI(TDSPreAreq_TC.java:137)
at java.util.concurrent.ThreadPoolExecutor.runWorker(ThreadPoolExecutor.java:1149)
at java.util.concurrent.ThreadPoolExecutor$Worker.run(ThreadPoolExecutor.java:624)
at java.lang.Thread.run(Thread.java:748)
... Removed 10 stack frames]]>
    </failure>
  </testcase> <!-- testArequestAPI -->
  <testcase name="testArequestAPI" time="2.587" classname="com.ca.tds.main.TDSPreAreq_TC">
    <failure type="java.lang.AssertionError" message="Browser Flow:: Json Validation Failed.JSONObject[&amp;quot;threeDSServerTransID&amp;quot;] not found.&amp;lt;br&amp;gt; api response : {&amp;quot;errorComponent&amp;quot;:&amp;quot;S&amp;quot;,&amp;quot;errorDescription&amp;quot;:&amp;quot;CA Merchant Server:: Access Denied, Invalid End Point. Acquirer or Merchant not participating &amp;quot;,&amp;quot;messageType&amp;quot;:&amp;quot;Erro&amp;quot;,&amp;quot;errorCode&amp;quot;:&amp;quot;303&amp;quot;,&amp;quot;errorDetail&amp;quot;:&amp;quot;Access Denied, Invalid End Point&amp;quot;,&amp;quot;errorMessageType&amp;quot;:&amp;quot;AReq&amp;quot;,&amp;quot;messageVersion&amp;quot;:&amp;quot;2.1.0&amp;quot;}">
      <![CDATA[java.lang.AssertionError: Browser Flow:: Json Validation Failed.JSONObject["threeDSServerTransID"] not found.<br> api response : {"errorComponent":"S","errorDescription":"CA Merchant Server:: Access Denied, Invalid End Point. Acquirer or Merchant not participating ","messageType":"Erro","errorCode":"303","errorDetail":"Access Denied, Invalid End Point","errorMessageType":"AReq","messageVersion":"2.1.0"}
at com.ca.tds.main.TDSPreAreq_TC.testArequestAPI(TDSPreAreq_TC.java:137)
at java.util.concurrent.ThreadPoolExecutor.runWorker(ThreadPoolExecutor.java:1149)
at java.util.concurrent.ThreadPoolExecutor$Worker.run(ThreadPoolExecutor.java:624)
at java.lang.Thread.run(Thread.java:748)
... Removed 10 stack frames]]>
    </failure>
  </testcase> <!-- testArequestAPI -->
  <testcase name="testArequestAPI" time="2.514" classname="com.ca.tds.main.TDSPreAreq_TC">
    <failure type="java.lang.AssertionError" message="Browser Flow:: Json Validation Failed.JSONObject[&amp;quot;threeDSServerTransID&amp;quot;] not found.&amp;lt;br&amp;gt; api response : {&amp;quot;errorComponent&amp;quot;:&amp;quot;S&amp;quot;,&amp;quot;errorDescription&amp;quot;:&amp;quot;CA Merchant Server:: Access Denied, Invalid End Point. Acquirer or Merchant not participating &amp;quot;,&amp;quot;messageType&amp;quot;:&amp;quot;Erro&amp;quot;,&amp;quot;errorCode&amp;quot;:&amp;quot;303&amp;quot;,&amp;quot;errorDetail&amp;quot;:&amp;quot;Access Denied, Invalid End Point&amp;quot;,&amp;quot;errorMessageType&amp;quot;:&amp;quot;AReq&amp;quot;,&amp;quot;messageVersion&amp;quot;:&amp;quot;2.1.0&amp;quot;}">
      <![CDATA[java.lang.AssertionError: Browser Flow:: Json Validation Failed.JSONObject["threeDSServerTransID"] not found.<br> api response : {"errorComponent":"S","errorDescription":"CA Merchant Server:: Access Denied, Invalid End Point. Acquirer or Merchant not participating ","messageType":"Erro","errorCode":"303","errorDetail":"Access Denied, Invalid End Point","errorMessageType":"AReq","messageVersion":"2.1.0"}
at com.ca.tds.main.TDSPreAreq_TC.testArequestAPI(TDSPreAreq_TC.java:137)
at java.util.concurrent.ThreadPoolExecutor.runWorker(ThreadPoolExecutor.java:1149)
at java.util.concurrent.ThreadPoolExecutor$Worker.run(ThreadPoolExecutor.java:624)
at java.lang.Thread.run(Thread.java:748)
... Removed 10 stack frames]]>
    </failure>
  </testcase> <!-- testArequestAPI -->
  <testcase name="testArequestAPI" time="2.727" classname="com.ca.tds.main.TDSPreAreq_TC">
    <failure type="java.lang.AssertionError" message="Browser Flow:: Json Validation Failed.JSONObject[&amp;quot;threeDSServerTransID&amp;quot;] not found.&amp;lt;br&amp;gt; api response : {&amp;quot;errorComponent&amp;quot;:&amp;quot;S&amp;quot;,&amp;quot;errorDescription&amp;quot;:&amp;quot;CA Merchant Server:: Access Denied, Invalid End Point. Acquirer or Merchant not participating &amp;quot;,&amp;quot;messageType&amp;quot;:&amp;quot;Erro&amp;quot;,&amp;quot;errorCode&amp;quot;:&amp;quot;303&amp;quot;,&amp;quot;errorDetail&amp;quot;:&amp;quot;Access Denied, Invalid End Point&amp;quot;,&amp;quot;errorMessageType&amp;quot;:&amp;quot;AReq&amp;quot;,&amp;quot;messageVersion&amp;quot;:&amp;quot;2.1.0&amp;quot;}">
      <![CDATA[java.lang.AssertionError: Browser Flow:: Json Validation Failed.JSONObject["threeDSServerTransID"] not found.<br> api response : {"errorComponent":"S","errorDescription":"CA Merchant Server:: Access Denied, Invalid End Point. Acquirer or Merchant not participating ","messageType":"Erro","errorCode":"303","errorDetail":"Access Denied, Invalid End Point","errorMessageType":"AReq","messageVersion":"2.1.0"}
at com.ca.tds.main.TDSPreAreq_TC.testArequestAPI(TDSPreAreq_TC.java:137)
at java.util.concurrent.ThreadPoolExecutor.runWorker(ThreadPoolExecutor.java:1149)
at java.util.concurrent.ThreadPoolExecutor$Worker.run(ThreadPoolExecutor.java:624)
at java.lang.Thread.run(Thread.java:748)
... Removed 10 stack frames]]>
    </failure>
  </testcase> <!-- testArequestAPI -->
  <testcase name="testArequestAPI" time="2.585" classname="com.ca.tds.main.TDSPreAreq_TC">
    <failure type="java.lang.AssertionError" message="Browser Flow:: Json Validation Failed.JSONObject[&amp;quot;threeDSServerTransID&amp;quot;] not found.&amp;lt;br&amp;gt; api response : {&amp;quot;errorComponent&amp;quot;:&amp;quot;S&amp;quot;,&amp;quot;errorDescription&amp;quot;:&amp;quot;CA Merchant Server:: Access Denied, Invalid End Point. Acquirer or Merchant not participating &amp;quot;,&amp;quot;messageType&amp;quot;:&amp;quot;Erro&amp;quot;,&amp;quot;errorCode&amp;quot;:&amp;quot;303&amp;quot;,&amp;quot;errorDetail&amp;quot;:&amp;quot;Access Denied, Invalid End Point&amp;quot;,&amp;quot;errorMessageType&amp;quot;:&amp;quot;AReq&amp;quot;,&amp;quot;messageVersion&amp;quot;:&amp;quot;2.1.0&amp;quot;}">
      <![CDATA[java.lang.AssertionError: Browser Flow:: Json Validation Failed.JSONObject["threeDSServerTransID"] not found.<br> api response : {"errorComponent":"S","errorDescription":"CA Merchant Server:: Access Denied, Invalid End Point. Acquirer or Merchant not participating ","messageType":"Erro","errorCode":"303","errorDetail":"Access Denied, Invalid End Point","errorMessageType":"AReq","messageVersion":"2.1.0"}
at com.ca.tds.main.TDSPreAreq_TC.testArequestAPI(TDSPreAreq_TC.java:137)
at java.util.concurrent.ThreadPoolExecutor.runWorker(ThreadPoolExecutor.java:1149)
at java.util.concurrent.ThreadPoolExecutor$Worker.run(ThreadPoolExecutor.java:624)
at java.lang.Thread.run(Thread.java:748)
... Removed 10 stack frames]]>
    </failure>
  </testcase> <!-- testArequestAPI -->
  <testcase name="testArequestAPI" time="2.449" classname="com.ca.tds.main.TDSPreAreq_TC">
    <failure type="java.lang.AssertionError" message="Browser Flow:: Json Validation Failed.JSONObject[&amp;quot;threeDSServerTransID&amp;quot;] not found.&amp;lt;br&amp;gt; api response : {&amp;quot;errorComponent&amp;quot;:&amp;quot;S&amp;quot;,&amp;quot;errorDescription&amp;quot;:&amp;quot;CA Merchant Server:: Access Denied, Invalid End Point. Acquirer or Merchant not participating &amp;quot;,&amp;quot;messageType&amp;quot;:&amp;quot;Erro&amp;quot;,&amp;quot;errorCode&amp;quot;:&amp;quot;303&amp;quot;,&amp;quot;errorDetail&amp;quot;:&amp;quot;Access Denied, Invalid End Point&amp;quot;,&amp;quot;errorMessageType&amp;quot;:&amp;quot;AReq&amp;quot;,&amp;quot;messageVersion&amp;quot;:&amp;quot;2.1.0&amp;quot;}">
      <![CDATA[java.lang.AssertionError: Browser Flow:: Json Validation Failed.JSONObject["threeDSServerTransID"] not found.<br> api response : {"errorComponent":"S","errorDescription":"CA Merchant Server:: Access Denied, Invalid End Point. Acquirer or Merchant not participating ","messageType":"Erro","errorCode":"303","errorDetail":"Access Denied, Invalid End Point","errorMessageType":"AReq","messageVersion":"2.1.0"}
at com.ca.tds.main.TDSPreAreq_TC.testArequestAPI(TDSPreAreq_TC.java:137)
at java.util.concurrent.ThreadPoolExecutor.runWorker(ThreadPoolExecutor.java:1149)
at java.util.concurrent.ThreadPoolExecutor$Worker.run(ThreadPoolExecutor.java:624)
at java.lang.Thread.run(Thread.java:748)
... Removed 10 stack frames]]>
    </failure>
  </testcase> <!-- testArequestAPI -->
  <testcase name="testArequestAPI" time="2.663" classname="com.ca.tds.main.TDSPreAreq_TC">
    <failure type="java.lang.AssertionError" message="Browser Flow:: Json Validation Failed.JSONObject[&amp;quot;threeDSServerTransID&amp;quot;] not found.&amp;lt;br&amp;gt; api response : {&amp;quot;errorComponent&amp;quot;:&amp;quot;S&amp;quot;,&amp;quot;errorDescription&amp;quot;:&amp;quot;CA Merchant Server:: Access Denied, Invalid End Point. Acquirer or Merchant not participating &amp;quot;,&amp;quot;messageType&amp;quot;:&amp;quot;Erro&amp;quot;,&amp;quot;errorCode&amp;quot;:&amp;quot;303&amp;quot;,&amp;quot;errorDetail&amp;quot;:&amp;quot;Access Denied, Invalid End Point&amp;quot;,&amp;quot;errorMessageType&amp;quot;:&amp;quot;AReq&amp;quot;,&amp;quot;messageVersion&amp;quot;:&amp;quot;2.1.0&amp;quot;}">
      <![CDATA[java.lang.AssertionError: Browser Flow:: Json Validation Failed.JSONObject["threeDSServerTransID"] not found.<br> api response : {"errorComponent":"S","errorDescription":"CA Merchant Server:: Access Denied, Invalid End Point. Acquirer or Merchant not participating ","messageType":"Erro","errorCode":"303","errorDetail":"Access Denied, Invalid End Point","errorMessageType":"AReq","messageVersion":"2.1.0"}
at com.ca.tds.main.TDSPreAreq_TC.testArequestAPI(TDSPreAreq_TC.java:137)
at java.util.concurrent.ThreadPoolExecutor.runWorker(ThreadPoolExecutor.java:1149)
at java.util.concurrent.ThreadPoolExecutor$Worker.run(ThreadPoolExecutor.java:624)
at java.lang.Thread.run(Thread.java:748)
... Removed 10 stack frames]]>
    </failure>
  </testcase> <!-- testArequestAPI -->
  <testcase name="testArequestAPI" time="2.782" classname="com.ca.tds.main.TDSPreAreq_TC">
    <failure type="java.lang.AssertionError" message="Browser Flow:: Json Validation Failed.JSONObject[&amp;quot;threeDSServerTransID&amp;quot;] not found.&amp;lt;br&amp;gt; api response : {&amp;quot;errorComponent&amp;quot;:&amp;quot;S&amp;quot;,&amp;quot;errorDescription&amp;quot;:&amp;quot;CA Merchant Server:: Access Denied, Invalid End Point. Acquirer or Merchant not participating &amp;quot;,&amp;quot;messageType&amp;quot;:&amp;quot;Erro&amp;quot;,&amp;quot;errorCode&amp;quot;:&amp;quot;303&amp;quot;,&amp;quot;errorDetail&amp;quot;:&amp;quot;Access Denied, Invalid End Point&amp;quot;,&amp;quot;errorMessageType&amp;quot;:&amp;quot;AReq&amp;quot;,&amp;quot;messageVersion&amp;quot;:&amp;quot;2.1.0&amp;quot;}">
      <![CDATA[java.lang.AssertionError: Browser Flow:: Json Validation Failed.JSONObject["threeDSServerTransID"] not found.<br> api response : {"errorComponent":"S","errorDescription":"CA Merchant Server:: Access Denied, Invalid End Point. Acquirer or Merchant not participating ","messageType":"Erro","errorCode":"303","errorDetail":"Access Denied, Invalid End Point","errorMessageType":"AReq","messageVersion":"2.1.0"}
at com.ca.tds.main.TDSPreAreq_TC.testArequestAPI(TDSPreAreq_TC.java:137)
at java.util.concurrent.ThreadPoolExecutor.runWorker(ThreadPoolExecutor.java:1149)
at java.util.concurrent.ThreadPoolExecutor$Worker.run(ThreadPoolExecutor.java:624)
at java.lang.Thread.run(Thread.java:748)
... Removed 10 stack frames]]>
    </failure>
  </testcase> <!-- testArequestAPI -->
  <testcase name="testArequestAPI" time="2.715" classname="com.ca.tds.main.TDSPreAreq_TC">
    <failure type="java.lang.AssertionError" message="Browser Flow:: Json Validation Failed.JSONObject[&amp;quot;threeDSServerTransID&amp;quot;] not found.&amp;lt;br&amp;gt; api response : {&amp;quot;errorComponent&amp;quot;:&amp;quot;S&amp;quot;,&amp;quot;errorDescription&amp;quot;:&amp;quot;CA Merchant Server:: Access Denied, Invalid End Point. Acquirer or Merchant not participating &amp;quot;,&amp;quot;messageType&amp;quot;:&amp;quot;Erro&amp;quot;,&amp;quot;errorCode&amp;quot;:&amp;quot;303&amp;quot;,&amp;quot;errorDetail&amp;quot;:&amp;quot;Access Denied, Invalid End Point&amp;quot;,&amp;quot;errorMessageType&amp;quot;:&amp;quot;AReq&amp;quot;,&amp;quot;messageVersion&amp;quot;:&amp;quot;2.1.0&amp;quot;}">
      <![CDATA[java.lang.AssertionError: Browser Flow:: Json Validation Failed.JSONObject["threeDSServerTransID"] not found.<br> api response : {"errorComponent":"S","errorDescription":"CA Merchant Server:: Access Denied, Invalid End Point. Acquirer or Merchant not participating ","messageType":"Erro","errorCode":"303","errorDetail":"Access Denied, Invalid End Point","errorMessageType":"AReq","messageVersion":"2.1.0"}
at com.ca.tds.main.TDSPreAreq_TC.testArequestAPI(TDSPreAreq_TC.java:137)
at java.util.concurrent.ThreadPoolExecutor.runWorker(ThreadPoolExecutor.java:1149)
at java.util.concurrent.ThreadPoolExecutor$Worker.run(ThreadPoolExecutor.java:624)
at java.lang.Thread.run(Thread.java:748)
... Removed 10 stack frames]]>
    </failure>
  </testcase> <!-- testArequestAPI -->
  <testcase name="testArequestAPI" time="2.396" classname="com.ca.tds.main.TDSPreAreq_TC">
    <failure type="java.lang.AssertionError" message="Browser Flow:: Json Validation Failed.JSONObject[&amp;quot;threeDSServerTransID&amp;quot;] not found.&amp;lt;br&amp;gt; api response : {&amp;quot;errorComponent&amp;quot;:&amp;quot;S&amp;quot;,&amp;quot;errorDescription&amp;quot;:&amp;quot;CA Merchant Server:: Access Denied, Invalid End Point. Acquirer or Merchant not participating &amp;quot;,&amp;quot;messageType&amp;quot;:&amp;quot;Erro&amp;quot;,&amp;quot;errorCode&amp;quot;:&amp;quot;303&amp;quot;,&amp;quot;errorDetail&amp;quot;:&amp;quot;Access Denied, Invalid End Point&amp;quot;,&amp;quot;errorMessageType&amp;quot;:&amp;quot;AReq&amp;quot;,&amp;quot;messageVersion&amp;quot;:&amp;quot;2.1.0&amp;quot;}">
      <![CDATA[java.lang.AssertionError: Browser Flow:: Json Validation Failed.JSONObject["threeDSServerTransID"] not found.<br> api response : {"errorComponent":"S","errorDescription":"CA Merchant Server:: Access Denied, Invalid End Point. Acquirer or Merchant not participating ","messageType":"Erro","errorCode":"303","errorDetail":"Access Denied, Invalid End Point","errorMessageType":"AReq","messageVersion":"2.1.0"}
at com.ca.tds.main.TDSPreAreq_TC.testArequestAPI(TDSPreAreq_TC.java:137)
at java.util.concurrent.ThreadPoolExecutor.runWorker(ThreadPoolExecutor.java:1149)
at java.util.concurrent.ThreadPoolExecutor$Worker.run(ThreadPoolExecutor.java:624)
at java.lang.Thread.run(Thread.java:748)
... Removed 10 stack frames]]>
    </failure>
  </testcase> <!-- testArequestAPI -->
  <testcase name="testArequestAPI" time="2.44" classname="com.ca.tds.main.TDSPreAreq_TC">
    <failure type="java.lang.AssertionError" message="Browser Flow:: Json Validation Failed.JSONObject[&amp;quot;threeDSServerTransID&amp;quot;] not found.&amp;lt;br&amp;gt; api response : {&amp;quot;errorComponent&amp;quot;:&amp;quot;S&amp;quot;,&amp;quot;errorDescription&amp;quot;:&amp;quot;CA Merchant Server:: Access Denied, Invalid End Point. Acquirer or Merchant not participating &amp;quot;,&amp;quot;messageType&amp;quot;:&amp;quot;Erro&amp;quot;,&amp;quot;errorCode&amp;quot;:&amp;quot;303&amp;quot;,&amp;quot;errorDetail&amp;quot;:&amp;quot;Access Denied, Invalid End Point&amp;quot;,&amp;quot;errorMessageType&amp;quot;:&amp;quot;AReq&amp;quot;,&amp;quot;messageVersion&amp;quot;:&amp;quot;2.1.0&amp;quot;}">
      <![CDATA[java.lang.AssertionError: Browser Flow:: Json Validation Failed.JSONObject["threeDSServerTransID"] not found.<br> api response : {"errorComponent":"S","errorDescription":"CA Merchant Server:: Access Denied, Invalid End Point. Acquirer or Merchant not participating ","messageType":"Erro","errorCode":"303","errorDetail":"Access Denied, Invalid End Point","errorMessageType":"AReq","messageVersion":"2.1.0"}
at com.ca.tds.main.TDSPreAreq_TC.testArequestAPI(TDSPreAreq_TC.java:137)
at java.util.concurrent.ThreadPoolExecutor.runWorker(ThreadPoolExecutor.java:1149)
at java.util.concurrent.ThreadPoolExecutor$Worker.run(ThreadPoolExecutor.java:624)
at java.lang.Thread.run(Thread.java:748)
... Removed 10 stack frames]]>
    </failure>
  </testcase> <!-- testArequestAPI -->
  <testcase name="testArequestAPI" time="2.694" classname="com.ca.tds.main.TDSPreAreq_TC">
    <failure type="java.lang.AssertionError" message="Browser Flow:: Json Validation Failed.JSONObject[&amp;quot;threeDSServerTransID&amp;quot;] not found.&amp;lt;br&amp;gt; api response : {&amp;quot;errorComponent&amp;quot;:&amp;quot;S&amp;quot;,&amp;quot;errorDescription&amp;quot;:&amp;quot;CA Merchant Server:: Access Denied, Invalid End Point. Acquirer or Merchant not participating &amp;quot;,&amp;quot;messageType&amp;quot;:&amp;quot;Erro&amp;quot;,&amp;quot;errorCode&amp;quot;:&amp;quot;303&amp;quot;,&amp;quot;errorDetail&amp;quot;:&amp;quot;Access Denied, Invalid End Point&amp;quot;,&amp;quot;errorMessageType&amp;quot;:&amp;quot;AReq&amp;quot;,&amp;quot;messageVersion&amp;quot;:&amp;quot;2.1.0&amp;quot;}">
      <![CDATA[java.lang.AssertionError: Browser Flow:: Json Validation Failed.JSONObject["threeDSServerTransID"] not found.<br> api response : {"errorComponent":"S","errorDescription":"CA Merchant Server:: Access Denied, Invalid End Point. Acquirer or Merchant not participating ","messageType":"Erro","errorCode":"303","errorDetail":"Access Denied, Invalid End Point","errorMessageType":"AReq","messageVersion":"2.1.0"}
at com.ca.tds.main.TDSPreAreq_TC.testArequestAPI(TDSPreAreq_TC.java:137)
at java.util.concurrent.ThreadPoolExecutor.runWorker(ThreadPoolExecutor.java:1149)
at java.util.concurrent.ThreadPoolExecutor$Worker.run(ThreadPoolExecutor.java:624)
at java.lang.Thread.run(Thread.java:748)
... Removed 10 stack frames]]>
    </failure>
  </testcase> <!-- testArequestAPI -->
  <testcase name="testArequestAPI" time="2.504" classname="com.ca.tds.main.TDSPreAreq_TC">
    <failure type="java.lang.AssertionError" message="Browser Flow:: Json Validation Failed.JSONObject[&amp;quot;threeDSServerTransID&amp;quot;] not found.&amp;lt;br&amp;gt; api response : {&amp;quot;errorComponent&amp;quot;:&amp;quot;S&amp;quot;,&amp;quot;errorDescription&amp;quot;:&amp;quot;CA Merchant Server:: Access Denied, Invalid End Point. Acquirer or Merchant not participating &amp;quot;,&amp;quot;messageType&amp;quot;:&amp;quot;Erro&amp;quot;,&amp;quot;errorCode&amp;quot;:&amp;quot;303&amp;quot;,&amp;quot;errorDetail&amp;quot;:&amp;quot;Access Denied, Invalid End Point&amp;quot;,&amp;quot;errorMessageType&amp;quot;:&amp;quot;AReq&amp;quot;,&amp;quot;messageVersion&amp;quot;:&amp;quot;2.1.0&amp;quot;}">
      <![CDATA[java.lang.AssertionError: Browser Flow:: Json Validation Failed.JSONObject["threeDSServerTransID"] not found.<br> api response : {"errorComponent":"S","errorDescription":"CA Merchant Server:: Access Denied, Invalid End Point. Acquirer or Merchant not participating ","messageType":"Erro","errorCode":"303","errorDetail":"Access Denied, Invalid End Point","errorMessageType":"AReq","messageVersion":"2.1.0"}
at com.ca.tds.main.TDSPreAreq_TC.testArequestAPI(TDSPreAreq_TC.java:137)
at java.util.concurrent.ThreadPoolExecutor.runWorker(ThreadPoolExecutor.java:1149)
at java.util.concurrent.ThreadPoolExecutor$Worker.run(ThreadPoolExecutor.java:624)
at java.lang.Thread.run(Thread.java:748)
... Removed 10 stack frames]]>
    </failure>
  </testcase> <!-- testArequestAPI -->
  <testcase name="testArequestAPI" time="2.472" classname="com.ca.tds.main.TDSPreAreq_TC">
    <failure type="java.lang.AssertionError" message="Browser Flow:: Json Validation Failed.JSONObject[&amp;quot;threeDSServerTransID&amp;quot;] not found.&amp;lt;br&amp;gt; api response : {&amp;quot;errorComponent&amp;quot;:&amp;quot;S&amp;quot;,&amp;quot;errorDescription&amp;quot;:&amp;quot;CA Merchant Server:: Access Denied, Invalid End Point. Acquirer or Merchant not participating &amp;quot;,&amp;quot;messageType&amp;quot;:&amp;quot;Erro&amp;quot;,&amp;quot;errorCode&amp;quot;:&amp;quot;303&amp;quot;,&amp;quot;errorDetail&amp;quot;:&amp;quot;Access Denied, Invalid End Point&amp;quot;,&amp;quot;errorMessageType&amp;quot;:&amp;quot;AReq&amp;quot;,&amp;quot;messageVersion&amp;quot;:&amp;quot;2.1.0&amp;quot;}">
      <![CDATA[java.lang.AssertionError: Browser Flow:: Json Validation Failed.JSONObject["threeDSServerTransID"] not found.<br> api response : {"errorComponent":"S","errorDescription":"CA Merchant Server:: Access Denied, Invalid End Point. Acquirer or Merchant not participating ","messageType":"Erro","errorCode":"303","errorDetail":"Access Denied, Invalid End Point","errorMessageType":"AReq","messageVersion":"2.1.0"}
at com.ca.tds.main.TDSPreAreq_TC.testArequestAPI(TDSPreAreq_TC.java:137)
at java.util.concurrent.ThreadPoolExecutor.runWorker(ThreadPoolExecutor.java:1149)
at java.util.concurrent.ThreadPoolExecutor$Worker.run(ThreadPoolExecutor.java:624)
at java.lang.Thread.run(Thread.java:748)
... Removed 10 stack frames]]>
    </failure>
  </testcase> <!-- testArequestAPI -->
  <testcase name="testArequestAPI" time="2.504" classname="com.ca.tds.main.TDSPreAreq_TC">
    <failure type="java.lang.AssertionError" message="Browser Flow:: Json Validation Failed.JSONObject[&amp;quot;threeDSServerTransID&amp;quot;] not found.&amp;lt;br&amp;gt; api response : {&amp;quot;errorComponent&amp;quot;:&amp;quot;S&amp;quot;,&amp;quot;errorDescription&amp;quot;:&amp;quot;CA Merchant Server:: Access Denied, Invalid End Point. Acquirer or Merchant not participating &amp;quot;,&amp;quot;messageType&amp;quot;:&amp;quot;Erro&amp;quot;,&amp;quot;errorCode&amp;quot;:&amp;quot;303&amp;quot;,&amp;quot;errorDetail&amp;quot;:&amp;quot;Access Denied, Invalid End Point&amp;quot;,&amp;quot;errorMessageType&amp;quot;:&amp;quot;AReq&amp;quot;,&amp;quot;messageVersion&amp;quot;:&amp;quot;2.1.0&amp;quot;}">
      <![CDATA[java.lang.AssertionError: Browser Flow:: Json Validation Failed.JSONObject["threeDSServerTransID"] not found.<br> api response : {"errorComponent":"S","errorDescription":"CA Merchant Server:: Access Denied, Invalid End Point. Acquirer or Merchant not participating ","messageType":"Erro","errorCode":"303","errorDetail":"Access Denied, Invalid End Point","errorMessageType":"AReq","messageVersion":"2.1.0"}
at com.ca.tds.main.TDSPreAreq_TC.testArequestAPI(TDSPreAreq_TC.java:137)
at java.util.concurrent.ThreadPoolExecutor.runWorker(ThreadPoolExecutor.java:1149)
at java.util.concurrent.ThreadPoolExecutor$Worker.run(ThreadPoolExecutor.java:624)
at java.lang.Thread.run(Thread.java:748)
... Removed 10 stack frames]]>
    </failure>
  </testcase> <!-- testArequestAPI -->
  <testcase name="testArequestAPI" time="2.66" classname="com.ca.tds.main.TDSPreAreq_TC">
    <failure type="java.lang.AssertionError" message="Browser Flow:: Json Validation Failed.JSONObject[&amp;quot;threeDSServerTransID&amp;quot;] not found.&amp;lt;br&amp;gt; api response : {&amp;quot;errorComponent&amp;quot;:&amp;quot;S&amp;quot;,&amp;quot;errorDescription&amp;quot;:&amp;quot;CA Merchant Server:: Access Denied, Invalid End Point. Acquirer or Merchant not participating &amp;quot;,&amp;quot;messageType&amp;quot;:&amp;quot;Erro&amp;quot;,&amp;quot;errorCode&amp;quot;:&amp;quot;303&amp;quot;,&amp;quot;errorDetail&amp;quot;:&amp;quot;Access Denied, Invalid End Point&amp;quot;,&amp;quot;errorMessageType&amp;quot;:&amp;quot;AReq&amp;quot;,&amp;quot;messageVersion&amp;quot;:&amp;quot;2.1.0&amp;quot;}">
      <![CDATA[java.lang.AssertionError: Browser Flow:: Json Validation Failed.JSONObject["threeDSServerTransID"] not found.<br> api response : {"errorComponent":"S","errorDescription":"CA Merchant Server:: Access Denied, Invalid End Point. Acquirer or Merchant not participating ","messageType":"Erro","errorCode":"303","errorDetail":"Access Denied, Invalid End Point","errorMessageType":"AReq","messageVersion":"2.1.0"}
at com.ca.tds.main.TDSPreAreq_TC.testArequestAPI(TDSPreAreq_TC.java:137)
at java.util.concurrent.ThreadPoolExecutor.runWorker(ThreadPoolExecutor.java:1149)
at java.util.concurrent.ThreadPoolExecutor$Worker.run(ThreadPoolExecutor.java:624)
at java.lang.Thread.run(Thread.java:748)
... Removed 10 stack frames]]>
    </failure>
  </testcase> <!-- testArequestAPI -->
  <testcase name="testArequestAPI" time="2.604" classname="com.ca.tds.main.TDSPreAreq_TC">
    <failure type="java.lang.AssertionError" message="Browser Flow:: Json Validation Failed.JSONObject[&amp;quot;threeDSServerTransID&amp;quot;] not found.&amp;lt;br&amp;gt; api response : {&amp;quot;errorComponent&amp;quot;:&amp;quot;S&amp;quot;,&amp;quot;errorDescription&amp;quot;:&amp;quot;CA Merchant Server:: Access Denied, Invalid End Point. Acquirer or Merchant not participating &amp;quot;,&amp;quot;messageType&amp;quot;:&amp;quot;Erro&amp;quot;,&amp;quot;errorCode&amp;quot;:&amp;quot;303&amp;quot;,&amp;quot;errorDetail&amp;quot;:&amp;quot;Access Denied, Invalid End Point&amp;quot;,&amp;quot;errorMessageType&amp;quot;:&amp;quot;AReq&amp;quot;,&amp;quot;messageVersion&amp;quot;:&amp;quot;2.1.0&amp;quot;}">
      <![CDATA[java.lang.AssertionError: Browser Flow:: Json Validation Failed.JSONObject["threeDSServerTransID"] not found.<br> api response : {"errorComponent":"S","errorDescription":"CA Merchant Server:: Access Denied, Invalid End Point. Acquirer or Merchant not participating ","messageType":"Erro","errorCode":"303","errorDetail":"Access Denied, Invalid End Point","errorMessageType":"AReq","messageVersion":"2.1.0"}
at com.ca.tds.main.TDSPreAreq_TC.testArequestAPI(TDSPreAreq_TC.java:137)
at java.util.concurrent.ThreadPoolExecutor.runWorker(ThreadPoolExecutor.java:1149)
at java.util.concurrent.ThreadPoolExecutor$Worker.run(ThreadPoolExecutor.java:624)
at java.lang.Thread.run(Thread.java:748)
... Removed 10 stack frames]]>
    </failure>
  </testcase> <!-- testArequestAPI -->
  <testcase name="testArequestAPI" time="2.683" classname="com.ca.tds.main.TDSPreAreq_TC">
    <failure type="java.lang.AssertionError" message="Browser Flow:: Json Validation Failed.JSONObject[&amp;quot;threeDSServerTransID&amp;quot;] not found.&amp;lt;br&amp;gt; api response : {&amp;quot;errorComponent&amp;quot;:&amp;quot;S&amp;quot;,&amp;quot;errorDescription&amp;quot;:&amp;quot;CA Merchant Server:: Access Denied, Invalid End Point. Acquirer or Merchant not participating &amp;quot;,&amp;quot;messageType&amp;quot;:&amp;quot;Erro&amp;quot;,&amp;quot;errorCode&amp;quot;:&amp;quot;303&amp;quot;,&amp;quot;errorDetail&amp;quot;:&amp;quot;Access Denied, Invalid End Point&amp;quot;,&amp;quot;errorMessageType&amp;quot;:&amp;quot;AReq&amp;quot;,&amp;quot;messageVersion&amp;quot;:&amp;quot;2.1.0&amp;quot;}">
      <![CDATA[java.lang.AssertionError: Browser Flow:: Json Validation Failed.JSONObject["threeDSServerTransID"] not found.<br> api response : {"errorComponent":"S","errorDescription":"CA Merchant Server:: Access Denied, Invalid End Point. Acquirer or Merchant not participating ","messageType":"Erro","errorCode":"303","errorDetail":"Access Denied, Invalid End Point","errorMessageType":"AReq","messageVersion":"2.1.0"}
at com.ca.tds.main.TDSPreAreq_TC.testArequestAPI(TDSPreAreq_TC.java:137)
at java.util.concurrent.ThreadPoolExecutor.runWorker(ThreadPoolExecutor.java:1149)
at java.util.concurrent.ThreadPoolExecutor$Worker.run(ThreadPoolExecutor.java:624)
at java.lang.Thread.run(Thread.java:748)
... Removed 10 stack frames]]>
    </failure>
  </testcase> <!-- testArequestAPI -->
  <testcase name="testArequestAPI" time="2.494" classname="com.ca.tds.main.TDSPreAreq_TC">
    <failure type="java.lang.AssertionError" message="Browser Flow:: Json Validation Failed.JSONObject[&amp;quot;threeDSServerTransID&amp;quot;] not found.&amp;lt;br&amp;gt; api response : {&amp;quot;errorComponent&amp;quot;:&amp;quot;S&amp;quot;,&amp;quot;errorDescription&amp;quot;:&amp;quot;CA Merchant Server:: Access Denied, Invalid End Point. Acquirer or Merchant not participating &amp;quot;,&amp;quot;messageType&amp;quot;:&amp;quot;Erro&amp;quot;,&amp;quot;errorCode&amp;quot;:&amp;quot;303&amp;quot;,&amp;quot;errorDetail&amp;quot;:&amp;quot;Access Denied, Invalid End Point&amp;quot;,&amp;quot;errorMessageType&amp;quot;:&amp;quot;AReq&amp;quot;,&amp;quot;messageVersion&amp;quot;:&amp;quot;2.1.0&amp;quot;}">
      <![CDATA[java.lang.AssertionError: Browser Flow:: Json Validation Failed.JSONObject["threeDSServerTransID"] not found.<br> api response : {"errorComponent":"S","errorDescription":"CA Merchant Server:: Access Denied, Invalid End Point. Acquirer or Merchant not participating ","messageType":"Erro","errorCode":"303","errorDetail":"Access Denied, Invalid End Point","errorMessageType":"AReq","messageVersion":"2.1.0"}
at com.ca.tds.main.TDSPreAreq_TC.testArequestAPI(TDSPreAreq_TC.java:137)
at java.util.concurrent.ThreadPoolExecutor.runWorker(ThreadPoolExecutor.java:1149)
at java.util.concurrent.ThreadPoolExecutor$Worker.run(ThreadPoolExecutor.java:624)
at java.lang.Thread.run(Thread.java:748)
... Removed 10 stack frames]]>
    </failure>
  </testcase> <!-- testArequestAPI -->
  <testcase name="testArequestAPI" time="2.642" classname="com.ca.tds.main.TDSPreAreq_TC">
    <failure type="java.lang.AssertionError" message="Browser Flow:: Json Validation Failed.JSONObject[&amp;quot;threeDSServerTransID&amp;quot;] not found.&amp;lt;br&amp;gt; api response : {&amp;quot;errorComponent&amp;quot;:&amp;quot;S&amp;quot;,&amp;quot;errorDescription&amp;quot;:&amp;quot;CA Merchant Server:: Access Denied, Invalid End Point. Acquirer or Merchant not participating &amp;quot;,&amp;quot;messageType&amp;quot;:&amp;quot;Erro&amp;quot;,&amp;quot;errorCode&amp;quot;:&amp;quot;303&amp;quot;,&amp;quot;errorDetail&amp;quot;:&amp;quot;Access Denied, Invalid End Point&amp;quot;,&amp;quot;errorMessageType&amp;quot;:&amp;quot;AReq&amp;quot;,&amp;quot;messageVersion&amp;quot;:&amp;quot;2.1.0&amp;quot;}">
      <![CDATA[java.lang.AssertionError: Browser Flow:: Json Validation Failed.JSONObject["threeDSServerTransID"] not found.<br> api response : {"errorComponent":"S","errorDescription":"CA Merchant Server:: Access Denied, Invalid End Point. Acquirer or Merchant not participating ","messageType":"Erro","errorCode":"303","errorDetail":"Access Denied, Invalid End Point","errorMessageType":"AReq","messageVersion":"2.1.0"}
at com.ca.tds.main.TDSPreAreq_TC.testArequestAPI(TDSPreAreq_TC.java:137)
at java.util.concurrent.ThreadPoolExecutor.runWorker(ThreadPoolExecutor.java:1149)
at java.util.concurrent.ThreadPoolExecutor$Worker.run(ThreadPoolExecutor.java:624)
at java.lang.Thread.run(Thread.java:748)
... Removed 10 stack frames]]>
    </failure>
  </testcase> <!-- testArequestAPI -->
  <testcase name="testArequestAPI" time="2.637" classname="com.ca.tds.main.TDSPreAreq_TC">
    <failure type="java.lang.AssertionError" message="Browser Flow:: Json Validation Failed.JSONObject[&amp;quot;threeDSServerTransID&amp;quot;] not found.&amp;lt;br&amp;gt; api response : {&amp;quot;errorComponent&amp;quot;:&amp;quot;S&amp;quot;,&amp;quot;errorDescription&amp;quot;:&amp;quot;CA Merchant Server:: Access Denied, Invalid End Point. Acquirer or Merchant not participating &amp;quot;,&amp;quot;messageType&amp;quot;:&amp;quot;Erro&amp;quot;,&amp;quot;errorCode&amp;quot;:&amp;quot;303&amp;quot;,&amp;quot;errorDetail&amp;quot;:&amp;quot;Access Denied, Invalid End Point&amp;quot;,&amp;quot;errorMessageType&amp;quot;:&amp;quot;AReq&amp;quot;,&amp;quot;messageVersion&amp;quot;:&amp;quot;2.1.0&amp;quot;}">
      <![CDATA[java.lang.AssertionError: Browser Flow:: Json Validation Failed.JSONObject["threeDSServerTransID"] not found.<br> api response : {"errorComponent":"S","errorDescription":"CA Merchant Server:: Access Denied, Invalid End Point. Acquirer or Merchant not participating ","messageType":"Erro","errorCode":"303","errorDetail":"Access Denied, Invalid End Point","errorMessageType":"AReq","messageVersion":"2.1.0"}
at com.ca.tds.main.TDSPreAreq_TC.testArequestAPI(TDSPreAreq_TC.java:137)
at java.util.concurrent.ThreadPoolExecutor.runWorker(ThreadPoolExecutor.java:1149)
at java.util.concurrent.ThreadPoolExecutor$Worker.run(ThreadPoolExecutor.java:624)
at java.lang.Thread.run(Thread.java:748)
... Removed 10 stack frames]]>
    </failure>
  </testcase> <!-- testArequestAPI -->
  <testcase name="testArequestAPI" time="2.629" classname="com.ca.tds.main.TDSPreAreq_TC">
    <failure type="java.lang.AssertionError" message="Browser Flow:: Json Validation Failed.JSONObject[&amp;quot;threeDSServerTransID&amp;quot;] not found.&amp;lt;br&amp;gt; api response : {&amp;quot;errorComponent&amp;quot;:&amp;quot;S&amp;quot;,&amp;quot;errorDescription&amp;quot;:&amp;quot;CA Merchant Server:: Access Denied, Invalid End Point. Acquirer or Merchant not participating &amp;quot;,&amp;quot;messageType&amp;quot;:&amp;quot;Erro&amp;quot;,&amp;quot;errorCode&amp;quot;:&amp;quot;303&amp;quot;,&amp;quot;errorDetail&amp;quot;:&amp;quot;Access Denied, Invalid End Point&amp;quot;,&amp;quot;errorMessageType&amp;quot;:&amp;quot;AReq&amp;quot;,&amp;quot;messageVersion&amp;quot;:&amp;quot;2.1.0&amp;quot;}">
      <![CDATA[java.lang.AssertionError: Browser Flow:: Json Validation Failed.JSONObject["threeDSServerTransID"] not found.<br> api response : {"errorComponent":"S","errorDescription":"CA Merchant Server:: Access Denied, Invalid End Point. Acquirer or Merchant not participating ","messageType":"Erro","errorCode":"303","errorDetail":"Access Denied, Invalid End Point","errorMessageType":"AReq","messageVersion":"2.1.0"}
at com.ca.tds.main.TDSPreAreq_TC.testArequestAPI(TDSPreAreq_TC.java:137)
at java.util.concurrent.ThreadPoolExecutor.runWorker(ThreadPoolExecutor.java:1149)
at java.util.concurrent.ThreadPoolExecutor$Worker.run(ThreadPoolExecutor.java:624)
at java.lang.Thread.run(Thread.java:748)
... Removed 10 stack frames]]>
    </failure>
  </testcase> <!-- testArequestAPI -->
  <testcase name="testArequestAPI" time="2.428" classname="com.ca.tds.main.TDSPreAreq_TC">
    <failure type="java.lang.AssertionError" message="Browser Flow:: Json Validation Failed.JSONObject[&amp;quot;threeDSServerTransID&amp;quot;] not found.&amp;lt;br&amp;gt; api response : {&amp;quot;errorComponent&amp;quot;:&amp;quot;S&amp;quot;,&amp;quot;errorDescription&amp;quot;:&amp;quot;CA Merchant Server:: Access Denied, Invalid End Point. Acquirer or Merchant not participating &amp;quot;,&amp;quot;messageType&amp;quot;:&amp;quot;Erro&amp;quot;,&amp;quot;errorCode&amp;quot;:&amp;quot;303&amp;quot;,&amp;quot;errorDetail&amp;quot;:&amp;quot;Access Denied, Invalid End Point&amp;quot;,&amp;quot;errorMessageType&amp;quot;:&amp;quot;AReq&amp;quot;,&amp;quot;messageVersion&amp;quot;:&amp;quot;2.1.0&amp;quot;}">
      <![CDATA[java.lang.AssertionError: Browser Flow:: Json Validation Failed.JSONObject["threeDSServerTransID"] not found.<br> api response : {"errorComponent":"S","errorDescription":"CA Merchant Server:: Access Denied, Invalid End Point. Acquirer or Merchant not participating ","messageType":"Erro","errorCode":"303","errorDetail":"Access Denied, Invalid End Point","errorMessageType":"AReq","messageVersion":"2.1.0"}
at com.ca.tds.main.TDSPreAreq_TC.testArequestAPI(TDSPreAreq_TC.java:137)
at java.util.concurrent.ThreadPoolExecutor.runWorker(ThreadPoolExecutor.java:1149)
at java.util.concurrent.ThreadPoolExecutor$Worker.run(ThreadPoolExecutor.java:624)
at java.lang.Thread.run(Thread.java:748)
... Removed 10 stack frames]]>
    </failure>
  </testcase> <!-- testArequestAPI -->
  <testcase name="testArequestAPI" time="2.715" classname="com.ca.tds.main.TDSPreAreq_TC">
    <failure type="java.lang.AssertionError" message="Browser Flow:: Json Validation Failed.JSONObject[&amp;quot;threeDSServerTransID&amp;quot;] not found.&amp;lt;br&amp;gt; api response : {&amp;quot;errorComponent&amp;quot;:&amp;quot;S&amp;quot;,&amp;quot;errorDescription&amp;quot;:&amp;quot;CA Merchant Server:: Access Denied, Invalid End Point. Acquirer or Merchant not participating &amp;quot;,&amp;quot;messageType&amp;quot;:&amp;quot;Erro&amp;quot;,&amp;quot;errorCode&amp;quot;:&amp;quot;303&amp;quot;,&amp;quot;errorDetail&amp;quot;:&amp;quot;Access Denied, Invalid End Point&amp;quot;,&amp;quot;errorMessageType&amp;quot;:&amp;quot;AReq&amp;quot;,&amp;quot;messageVersion&amp;quot;:&amp;quot;2.1.0&amp;quot;}">
      <![CDATA[java.lang.AssertionError: Browser Flow:: Json Validation Failed.JSONObject["threeDSServerTransID"] not found.<br> api response : {"errorComponent":"S","errorDescription":"CA Merchant Server:: Access Denied, Invalid End Point. Acquirer or Merchant not participating ","messageType":"Erro","errorCode":"303","errorDetail":"Access Denied, Invalid End Point","errorMessageType":"AReq","messageVersion":"2.1.0"}
at com.ca.tds.main.TDSPreAreq_TC.testArequestAPI(TDSPreAreq_TC.java:137)
at java.util.concurrent.ThreadPoolExecutor.runWorker(ThreadPoolExecutor.java:1149)
at java.util.concurrent.ThreadPoolExecutor$Worker.run(ThreadPoolExecutor.java:624)
at java.lang.Thread.run(Thread.java:748)
... Removed 10 stack frames]]>
    </failure>
  </testcase> <!-- testArequestAPI -->
  <testcase name="testArequestAPI" time="2.601" classname="com.ca.tds.main.TDSPreAreq_TC">
    <failure type="java.lang.AssertionError" message="Browser Flow:: Json Validation Failed.JSONObject[&amp;quot;threeDSServerTransID&amp;quot;] not found.&amp;lt;br&amp;gt; api response : {&amp;quot;errorComponent&amp;quot;:&amp;quot;S&amp;quot;,&amp;quot;errorDescription&amp;quot;:&amp;quot;CA Merchant Server:: Access Denied, Invalid End Point. Acquirer or Merchant not participating &amp;quot;,&amp;quot;messageType&amp;quot;:&amp;quot;Erro&amp;quot;,&amp;quot;errorCode&amp;quot;:&amp;quot;303&amp;quot;,&amp;quot;errorDetail&amp;quot;:&amp;quot;Access Denied, Invalid End Point&amp;quot;,&amp;quot;errorMessageType&amp;quot;:&amp;quot;AReq&amp;quot;,&amp;quot;messageVersion&amp;quot;:&amp;quot;2.1.0&amp;quot;}">
      <![CDATA[java.lang.AssertionError: Browser Flow:: Json Validation Failed.JSONObject["threeDSServerTransID"] not found.<br> api response : {"errorComponent":"S","errorDescription":"CA Merchant Server:: Access Denied, Invalid End Point. Acquirer or Merchant not participating ","messageType":"Erro","errorCode":"303","errorDetail":"Access Denied, Invalid End Point","errorMessageType":"AReq","messageVersion":"2.1.0"}
at com.ca.tds.main.TDSPreAreq_TC.testArequestAPI(TDSPreAreq_TC.java:137)
at java.util.concurrent.ThreadPoolExecutor.runWorker(ThreadPoolExecutor.java:1149)
at java.util.concurrent.ThreadPoolExecutor$Worker.run(ThreadPoolExecutor.java:624)
at java.lang.Thread.run(Thread.java:748)
... Removed 10 stack frames]]>
    </failure>
  </testcase> <!-- testArequestAPI -->
  <testcase name="testArequestAPI" time="2.731" classname="com.ca.tds.main.TDSPreAreq_TC">
    <failure type="java.lang.AssertionError" message="Browser Flow:: Json Validation Failed.JSONObject[&amp;quot;threeDSServerTransID&amp;quot;] not found.&amp;lt;br&amp;gt; api response : {&amp;quot;errorComponent&amp;quot;:&amp;quot;S&amp;quot;,&amp;quot;errorDescription&amp;quot;:&amp;quot;CA Merchant Server:: Access Denied, Invalid End Point. Acquirer or Merchant not participating &amp;quot;,&amp;quot;messageType&amp;quot;:&amp;quot;Erro&amp;quot;,&amp;quot;errorCode&amp;quot;:&amp;quot;303&amp;quot;,&amp;quot;errorDetail&amp;quot;:&amp;quot;Access Denied, Invalid End Point&amp;quot;,&amp;quot;errorMessageType&amp;quot;:&amp;quot;AReq&amp;quot;,&amp;quot;messageVersion&amp;quot;:&amp;quot;2.1.0&amp;quot;}">
      <![CDATA[java.lang.AssertionError: Browser Flow:: Json Validation Failed.JSONObject["threeDSServerTransID"] not found.<br> api response : {"errorComponent":"S","errorDescription":"CA Merchant Server:: Access Denied, Invalid End Point. Acquirer or Merchant not participating ","messageType":"Erro","errorCode":"303","errorDetail":"Access Denied, Invalid End Point","errorMessageType":"AReq","messageVersion":"2.1.0"}
at com.ca.tds.main.TDSPreAreq_TC.testArequestAPI(TDSPreAreq_TC.java:137)
at java.util.concurrent.ThreadPoolExecutor.runWorker(ThreadPoolExecutor.java:1149)
at java.util.concurrent.ThreadPoolExecutor$Worker.run(ThreadPoolExecutor.java:624)
at java.lang.Thread.run(Thread.java:748)
... Removed 10 stack frames]]>
    </failure>
  </testcase> <!-- testArequestAPI -->
  <testcase name="testArequestAPI" time="2.561" classname="com.ca.tds.main.TDSPreAreq_TC">
    <failure type="java.lang.AssertionError" message="Browser Flow:: Json Validation Failed.JSONObject[&amp;quot;threeDSServerTransID&amp;quot;] not found.&amp;lt;br&amp;gt; api response : {&amp;quot;errorComponent&amp;quot;:&amp;quot;S&amp;quot;,&amp;quot;errorDescription&amp;quot;:&amp;quot;CA Merchant Server:: Access Denied, Invalid End Point. Acquirer or Merchant not participating &amp;quot;,&amp;quot;messageType&amp;quot;:&amp;quot;Erro&amp;quot;,&amp;quot;errorCode&amp;quot;:&amp;quot;303&amp;quot;,&amp;quot;errorDetail&amp;quot;:&amp;quot;Access Denied, Invalid End Point&amp;quot;,&amp;quot;errorMessageType&amp;quot;:&amp;quot;AReq&amp;quot;,&amp;quot;messageVersion&amp;quot;:&amp;quot;2.1.0&amp;quot;}">
      <![CDATA[java.lang.AssertionError: Browser Flow:: Json Validation Failed.JSONObject["threeDSServerTransID"] not found.<br> api response : {"errorComponent":"S","errorDescription":"CA Merchant Server:: Access Denied, Invalid End Point. Acquirer or Merchant not participating ","messageType":"Erro","errorCode":"303","errorDetail":"Access Denied, Invalid End Point","errorMessageType":"AReq","messageVersion":"2.1.0"}
at com.ca.tds.main.TDSPreAreq_TC.testArequestAPI(TDSPreAreq_TC.java:137)
at java.util.concurrent.ThreadPoolExecutor.runWorker(ThreadPoolExecutor.java:1149)
at java.util.concurrent.ThreadPoolExecutor$Worker.run(ThreadPoolExecutor.java:624)
at java.lang.Thread.run(Thread.java:748)
... Removed 10 stack frames]]>
    </failure>
  </testcase> <!-- testArequestAPI -->
  <testcase name="testArequestAPI" time="2.654" classname="com.ca.tds.main.TDSPreAreq_TC">
    <failure type="java.lang.AssertionError" message="Browser Flow:: Json Validation Failed.JSONObject[&amp;quot;threeDSServerTransID&amp;quot;] not found.&amp;lt;br&amp;gt; api response : {&amp;quot;errorComponent&amp;quot;:&amp;quot;S&amp;quot;,&amp;quot;errorDescription&amp;quot;:&amp;quot;CA Merchant Server:: Access Denied, Invalid End Point. Acquirer or Merchant not participating &amp;quot;,&amp;quot;messageType&amp;quot;:&amp;quot;Erro&amp;quot;,&amp;quot;errorCode&amp;quot;:&amp;quot;303&amp;quot;,&amp;quot;errorDetail&amp;quot;:&amp;quot;Access Denied, Invalid End Point&amp;quot;,&amp;quot;errorMessageType&amp;quot;:&amp;quot;AReq&amp;quot;,&amp;quot;messageVersion&amp;quot;:&amp;quot;2.1.0&amp;quot;}">
      <![CDATA[java.lang.AssertionError: Browser Flow:: Json Validation Failed.JSONObject["threeDSServerTransID"] not found.<br> api response : {"errorComponent":"S","errorDescription":"CA Merchant Server:: Access Denied, Invalid End Point. Acquirer or Merchant not participating ","messageType":"Erro","errorCode":"303","errorDetail":"Access Denied, Invalid End Point","errorMessageType":"AReq","messageVersion":"2.1.0"}
at com.ca.tds.main.TDSPreAreq_TC.testArequestAPI(TDSPreAreq_TC.java:137)
at java.util.concurrent.ThreadPoolExecutor.runWorker(ThreadPoolExecutor.java:1149)
at java.util.concurrent.ThreadPoolExecutor$Worker.run(ThreadPoolExecutor.java:624)
at java.lang.Thread.run(Thread.java:748)
... Removed 10 stack frames]]>
    </failure>
  </testcase> <!-- testArequestAPI -->
  <testcase name="testArequestAPI" time="2.664" classname="com.ca.tds.main.TDSPreAreq_TC">
    <failure type="java.lang.AssertionError" message="Browser Flow:: Json Validation Failed.JSONObject[&amp;quot;threeDSServerTransID&amp;quot;] not found.&amp;lt;br&amp;gt; api response : {&amp;quot;errorComponent&amp;quot;:&amp;quot;S&amp;quot;,&amp;quot;errorDescription&amp;quot;:&amp;quot;CA Merchant Server:: Access Denied, Invalid End Point. Acquirer or Merchant not participating &amp;quot;,&amp;quot;messageType&amp;quot;:&amp;quot;Erro&amp;quot;,&amp;quot;errorCode&amp;quot;:&amp;quot;303&amp;quot;,&amp;quot;errorDetail&amp;quot;:&amp;quot;Access Denied, Invalid End Point&amp;quot;,&amp;quot;errorMessageType&amp;quot;:&amp;quot;AReq&amp;quot;,&amp;quot;messageVersion&amp;quot;:&amp;quot;2.1.0&amp;quot;}">
      <![CDATA[java.lang.AssertionError: Browser Flow:: Json Validation Failed.JSONObject["threeDSServerTransID"] not found.<br> api response : {"errorComponent":"S","errorDescription":"CA Merchant Server:: Access Denied, Invalid End Point. Acquirer or Merchant not participating ","messageType":"Erro","errorCode":"303","errorDetail":"Access Denied, Invalid End Point","errorMessageType":"AReq","messageVersion":"2.1.0"}
at com.ca.tds.main.TDSPreAreq_TC.testArequestAPI(TDSPreAreq_TC.java:137)
at java.util.concurrent.ThreadPoolExecutor.runWorker(ThreadPoolExecutor.java:1149)
at java.util.concurrent.ThreadPoolExecutor$Worker.run(ThreadPoolExecutor.java:624)
at java.lang.Thread.run(Thread.java:748)
... Removed 10 stack frames]]>
    </failure>
  </testcase> <!-- testArequestAPI -->
  <testcase name="testArequestAPI" time="2.57" classname="com.ca.tds.main.TDSPreAreq_TC">
    <failure type="java.lang.AssertionError" message="Browser Flow:: Json Validation Failed.JSONObject[&amp;quot;threeDSServerTransID&amp;quot;] not found.&amp;lt;br&amp;gt; api response : {&amp;quot;errorComponent&amp;quot;:&amp;quot;S&amp;quot;,&amp;quot;errorDescription&amp;quot;:&amp;quot;CA Merchant Server:: Access Denied, Invalid End Point. Acquirer or Merchant not participating &amp;quot;,&amp;quot;messageType&amp;quot;:&amp;quot;Erro&amp;quot;,&amp;quot;errorCode&amp;quot;:&amp;quot;303&amp;quot;,&amp;quot;errorDetail&amp;quot;:&amp;quot;Access Denied, Invalid End Point&amp;quot;,&amp;quot;errorMessageType&amp;quot;:&amp;quot;AReq&amp;quot;,&amp;quot;messageVersion&amp;quot;:&amp;quot;2.1.0&amp;quot;}">
      <![CDATA[java.lang.AssertionError: Browser Flow:: Json Validation Failed.JSONObject["threeDSServerTransID"] not found.<br> api response : {"errorComponent":"S","errorDescription":"CA Merchant Server:: Access Denied, Invalid End Point. Acquirer or Merchant not participating ","messageType":"Erro","errorCode":"303","errorDetail":"Access Denied, Invalid End Point","errorMessageType":"AReq","messageVersion":"2.1.0"}
at com.ca.tds.main.TDSPreAreq_TC.testArequestAPI(TDSPreAreq_TC.java:137)
at java.util.concurrent.ThreadPoolExecutor.runWorker(ThreadPoolExecutor.java:1149)
at java.util.concurrent.ThreadPoolExecutor$Worker.run(ThreadPoolExecutor.java:624)
at java.lang.Thread.run(Thread.java:748)
... Removed 10 stack frames]]>
    </failure>
  </testcase> <!-- testArequestAPI -->
  <testcase name="testArequestAPI" time="2.668" classname="com.ca.tds.main.TDSPreAreq_TC">
    <failure type="java.lang.AssertionError" message="Browser Flow:: Json Validation Failed.10.74.239.30.xip.io&amp;lt;br&amp;gt; api response : null">
      <![CDATA[java.lang.AssertionError: Browser Flow:: Json Validation Failed.10.74.239.30.xip.io<br> api response : null
at com.ca.tds.main.TDSPreAreq_TC.testArequestAPI(TDSPreAreq_TC.java:137)
at java.util.concurrent.ThreadPoolExecutor.runWorker(ThreadPoolExecutor.java:1149)
at java.util.concurrent.ThreadPoolExecutor$Worker.run(ThreadPoolExecutor.java:624)
at java.lang.Thread.run(Thread.java:748)
... Removed 10 stack frames]]>
    </failure>
  </testcase> <!-- testArequestAPI -->
  <testcase name="testArequestAPI" time="2.074" classname="com.ca.tds.main.TDSPreAreq_TC">
    <failure type="java.lang.AssertionError" message="Browser Flow:: Json Validation Failed.10.74.239.30.xip.io&amp;lt;br&amp;gt; api response : null">
      <![CDATA[java.lang.AssertionError: Browser Flow:: Json Validation Failed.10.74.239.30.xip.io<br> api response : null
at com.ca.tds.main.TDSPreAreq_TC.testArequestAPI(TDSPreAreq_TC.java:137)
at java.util.concurrent.ThreadPoolExecutor.runWorker(ThreadPoolExecutor.java:1149)
at java.util.concurrent.ThreadPoolExecutor$Worker.run(ThreadPoolExecutor.java:624)
at java.lang.Thread.run(Thread.java:748)
... Removed 10 stack frames]]>
    </failure>
  </testcase> <!-- testArequestAPI -->
  <testcase name="testArequestAPI" time="2.004" classname="com.ca.tds.main.TDSPreAreq_TC">
    <failure type="java.lang.AssertionError" message="Browser Flow:: Json Validation Failed.10.74.239.30.xip.io&amp;lt;br&amp;gt; api response : null">
      <![CDATA[java.lang.AssertionError: Browser Flow:: Json Validation Failed.10.74.239.30.xip.io<br> api response : null
at com.ca.tds.main.TDSPreAreq_TC.testArequestAPI(TDSPreAreq_TC.java:137)
at java.util.concurrent.ThreadPoolExecutor.runWorker(ThreadPoolExecutor.java:1149)
at java.util.concurrent.ThreadPoolExecutor$Worker.run(ThreadPoolExecutor.java:624)
at java.lang.Thread.run(Thread.java:748)
... Removed 10 stack frames]]>
    </failure>
  </testcase> <!-- testArequestAPI -->
  <testcase name="testArequestAPI" time="1.875" classname="com.ca.tds.main.TDSPreAreq_TC">
    <failure type="java.lang.AssertionError" message="Browser Flow:: Json Validation Failed.10.74.239.30.xip.io&amp;lt;br&amp;gt; api response : null">
      <![CDATA[java.lang.AssertionError: Browser Flow:: Json Validation Failed.10.74.239.30.xip.io<br> api response : null
at com.ca.tds.main.TDSPreAreq_TC.testArequestAPI(TDSPreAreq_TC.java:137)
at java.util.concurrent.ThreadPoolExecutor.runWorker(ThreadPoolExecutor.java:1149)
at java.util.concurrent.ThreadPoolExecutor$Worker.run(ThreadPoolExecutor.java:624)
at java.lang.Thread.run(Thread.java:748)
... Removed 10 stack frames]]>
    </failure>
  </testcase> <!-- testArequestAPI -->
  <testcase name="testArequestAPI" time="2.65" classname="com.ca.tds.main.TDSPreAreq_TC">
    <failure type="java.lang.AssertionError" message="Browser Flow:: Json Validation Failed.10.74.239.30.xip.io&amp;lt;br&amp;gt; api response : null">
      <![CDATA[java.lang.AssertionError: Browser Flow:: Json Validation Failed.10.74.239.30.xip.io<br> api response : null
at com.ca.tds.main.TDSPreAreq_TC.testArequestAPI(TDSPreAreq_TC.java:137)
at java.util.concurrent.ThreadPoolExecutor.runWorker(ThreadPoolExecutor.java:1149)
at java.util.concurrent.ThreadPoolExecutor$Worker.run(ThreadPoolExecutor.java:624)
at java.lang.Thread.run(Thread.java:748)
... Removed 10 stack frames]]>
    </failure>
  </testcase> <!-- testArequestAPI -->
  <testcase name="testArequestAPI" time="2.035" classname="com.ca.tds.main.TDSPreAreq_TC">
    <failure type="java.lang.AssertionError" message="Browser Flow:: Json Validation Failed.10.74.239.30.xip.io&amp;lt;br&amp;gt; api response : null">
      <![CDATA[java.lang.AssertionError: Browser Flow:: Json Validation Failed.10.74.239.30.xip.io<br> api response : null
at com.ca.tds.main.TDSPreAreq_TC.testArequestAPI(TDSPreAreq_TC.java:137)
at java.util.concurrent.ThreadPoolExecutor.runWorker(ThreadPoolExecutor.java:1149)
at java.util.concurrent.ThreadPoolExecutor$Worker.run(ThreadPoolExecutor.java:624)
at java.lang.Thread.run(Thread.java:748)
... Removed 10 stack frames]]>
    </failure>
  </testcase> <!-- testArequestAPI -->
  <testcase name="testArequestAPI" time="1.964" classname="com.ca.tds.main.TDSPreAreq_TC">
    <failure type="java.lang.AssertionError" message="Browser Flow:: Json Validation Failed.10.74.239.30.xip.io&amp;lt;br&amp;gt; api response : null">
      <![CDATA[java.lang.AssertionError: Browser Flow:: Json Validation Failed.10.74.239.30.xip.io<br> api response : null
at com.ca.tds.main.TDSPreAreq_TC.testArequestAPI(TDSPreAreq_TC.java:137)
at java.util.concurrent.ThreadPoolExecutor.runWorker(ThreadPoolExecutor.java:1149)
at java.util.concurrent.ThreadPoolExecutor$Worker.run(ThreadPoolExecutor.java:624)
at java.lang.Thread.run(Thread.java:748)
... Removed 10 stack frames]]>
    </failure>
  </testcase> <!-- testArequestAPI -->
  <testcase name="testArequestAPI" time="1.949" classname="com.ca.tds.main.TDSPreAreq_TC">
    <failure type="java.lang.AssertionError" message="Browser Flow:: Json Validation Failed.10.74.239.30.xip.io&amp;lt;br&amp;gt; api response : null">
      <![CDATA[java.lang.AssertionError: Browser Flow:: Json Validation Failed.10.74.239.30.xip.io<br> api response : null
at com.ca.tds.main.TDSPreAreq_TC.testArequestAPI(TDSPreAreq_TC.java:137)
at java.util.concurrent.ThreadPoolExecutor.runWorker(ThreadPoolExecutor.java:1149)
at java.util.concurrent.ThreadPoolExecutor$Worker.run(ThreadPoolExecutor.java:624)
at java.lang.Thread.run(Thread.java:748)
... Removed 10 stack frames]]>
    </failure>
  </testcase> <!-- testArequestAPI -->
  <testcase name="testArequestAPI" time="2.744" classname="com.ca.tds.main.TDSPreAreq_TC">
    <failure type="java.lang.AssertionError" message="Browser Flow:: Json Validation Failed.10.74.239.30.xip.io&amp;lt;br&amp;gt; api response : null">
      <![CDATA[java.lang.AssertionError: Browser Flow:: Json Validation Failed.10.74.239.30.xip.io<br> api response : null
at com.ca.tds.main.TDSPreAreq_TC.testArequestAPI(TDSPreAreq_TC.java:137)
at java.util.concurrent.ThreadPoolExecutor.runWorker(ThreadPoolExecutor.java:1149)
at java.util.concurrent.ThreadPoolExecutor$Worker.run(ThreadPoolExecutor.java:624)
at java.lang.Thread.run(Thread.java:748)
... Removed 10 stack frames]]>
    </failure>
  </testcase> <!-- testArequestAPI -->
  <testcase name="testArequestAPI" time="2.058" classname="com.ca.tds.main.TDSPreAreq_TC">
    <failure type="java.lang.AssertionError" message="Browser Flow:: Json Validation Failed.10.74.239.30.xip.io&amp;lt;br&amp;gt; api response : null">
      <![CDATA[java.lang.AssertionError: Browser Flow:: Json Validation Failed.10.74.239.30.xip.io<br> api response : null
at com.ca.tds.main.TDSPreAreq_TC.testArequestAPI(TDSPreAreq_TC.java:137)
at java.util.concurrent.ThreadPoolExecutor.runWorker(ThreadPoolExecutor.java:1149)
at java.util.concurrent.ThreadPoolExecutor$Worker.run(ThreadPoolExecutor.java:624)
at java.lang.Thread.run(Thread.java:748)
... Removed 10 stack frames]]>
    </failure>
  </testcase> <!-- testArequestAPI -->
  <testcase name="testArequestAPI" time="1.996" classname="com.ca.tds.main.TDSPreAreq_TC">
    <failure type="java.lang.AssertionError" message="Browser Flow:: Json Validation Failed.10.74.239.30.xip.io&amp;lt;br&amp;gt; api response : null">
      <![CDATA[java.lang.AssertionError: Browser Flow:: Json Validation Failed.10.74.239.30.xip.io<br> api response : null
at com.ca.tds.main.TDSPreAreq_TC.testArequestAPI(TDSPreAreq_TC.java:137)
at java.util.concurrent.ThreadPoolExecutor.runWorker(ThreadPoolExecutor.java:1149)
at java.util.concurrent.ThreadPoolExecutor$Worker.run(ThreadPoolExecutor.java:624)
at java.lang.Thread.run(Thread.java:748)
... Removed 10 stack frames]]>
    </failure>
  </testcase> <!-- testArequestAPI -->
  <testcase name="testArequestAPI" time="1.956" classname="com.ca.tds.main.TDSPreAreq_TC">
    <failure type="java.lang.AssertionError" message="Browser Flow:: Json Validation Failed.10.74.239.30.xip.io&amp;lt;br&amp;gt; api response : null">
      <![CDATA[java.lang.AssertionError: Browser Flow:: Json Validation Failed.10.74.239.30.xip.io<br> api response : null
at com.ca.tds.main.TDSPreAreq_TC.testArequestAPI(TDSPreAreq_TC.java:137)
at java.util.concurrent.ThreadPoolExecutor.runWorker(ThreadPoolExecutor.java:1149)
at java.util.concurrent.ThreadPoolExecutor$Worker.run(ThreadPoolExecutor.java:624)
at java.lang.Thread.run(Thread.java:748)
... Removed 10 stack frames]]>
    </failure>
  </testcase> <!-- testArequestAPI -->
  <testcase name="testArequestAPI" time="2.722" classname="com.ca.tds.main.TDSPreAreq_TC">
    <failure type="java.lang.AssertionError" message="Browser Flow:: Json Validation Failed.10.74.239.30.xip.io&amp;lt;br&amp;gt; api response : null">
      <![CDATA[java.lang.AssertionError: Browser Flow:: Json Validation Failed.10.74.239.30.xip.io<br> api response : null
at com.ca.tds.main.TDSPreAreq_TC.testArequestAPI(TDSPreAreq_TC.java:137)
at java.util.concurrent.ThreadPoolExecutor.runWorker(ThreadPoolExecutor.java:1149)
at java.util.concurrent.ThreadPoolExecutor$Worker.run(ThreadPoolExecutor.java:624)
at java.lang.Thread.run(Thread.java:748)
... Removed 10 stack frames]]>
    </failure>
  </testcase> <!-- testArequestAPI -->
  <testcase name="testArequestAPI" time="2.195" classname="com.ca.tds.main.TDSPreAreq_TC">
    <failure type="java.lang.AssertionError" message="Browser Flow:: Json Validation Failed.10.74.239.30.xip.io&amp;lt;br&amp;gt; api response : null">
      <![CDATA[java.lang.AssertionError: Browser Flow:: Json Validation Failed.10.74.239.30.xip.io<br> api response : null
at com.ca.tds.main.TDSPreAreq_TC.testArequestAPI(TDSPreAreq_TC.java:137)
at java.util.concurrent.ThreadPoolExecutor.runWorker(ThreadPoolExecutor.java:1149)
at java.util.concurrent.ThreadPoolExecutor$Worker.run(ThreadPoolExecutor.java:624)
at java.lang.Thread.run(Thread.java:748)
... Removed 10 stack frames]]>
    </failure>
  </testcase> <!-- testArequestAPI -->
  <testcase name="testArequestAPI" time="1.908" classname="com.ca.tds.main.TDSPreAreq_TC">
    <failure type="java.lang.AssertionError" message="Browser Flow:: Json Validation Failed.10.74.239.30.xip.io&amp;lt;br&amp;gt; api response : null">
      <![CDATA[java.lang.AssertionError: Browser Flow:: Json Validation Failed.10.74.239.30.xip.io<br> api response : null
at com.ca.tds.main.TDSPreAreq_TC.testArequestAPI(TDSPreAreq_TC.java:137)
at java.util.concurrent.ThreadPoolExecutor.runWorker(ThreadPoolExecutor.java:1149)
at java.util.concurrent.ThreadPoolExecutor$Worker.run(ThreadPoolExecutor.java:624)
at java.lang.Thread.run(Thread.java:748)
... Removed 10 stack frames]]>
    </failure>
  </testcase> <!-- testArequestAPI -->
  <testcase name="testArequestAPI" time="1.974" classname="com.ca.tds.main.TDSPreAreq_TC">
    <failure type="java.lang.AssertionError" message="Browser Flow:: Json Validation Failed.10.74.239.30.xip.io&amp;lt;br&amp;gt; api response : null">
      <![CDATA[java.lang.AssertionError: Browser Flow:: Json Validation Failed.10.74.239.30.xip.io<br> api response : null
at com.ca.tds.main.TDSPreAreq_TC.testArequestAPI(TDSPreAreq_TC.java:137)
at java.util.concurrent.ThreadPoolExecutor.runWorker(ThreadPoolExecutor.java:1149)
at java.util.concurrent.ThreadPoolExecutor$Worker.run(ThreadPoolExecutor.java:624)
at java.lang.Thread.run(Thread.java:748)
... Removed 10 stack frames]]>
    </failure>
  </testcase> <!-- testArequestAPI -->
  <testcase name="testArequestAPI" time="3.224" classname="com.ca.tds.main.TDSPreAreq_TC">
    <failure type="java.lang.AssertionError" message="Browser Flow:: Json Validation Failed.JSONObject[&amp;quot;threeDSServerTransID&amp;quot;] not found.&amp;lt;br&amp;gt; api response : {&amp;quot;errorComponent&amp;quot;:&amp;quot;S&amp;quot;,&amp;quot;errorDescription&amp;quot;:&amp;quot;CA Merchant Server:: Access Denied, Invalid End Point. Acquirer or Merchant not participating &amp;quot;,&amp;quot;messageType&amp;quot;:&amp;quot;Erro&amp;quot;,&amp;quot;errorCode&amp;quot;:&amp;quot;303&amp;quot;,&amp;quot;errorDetail&amp;quot;:&amp;quot;Access Denied, Invalid End Point&amp;quot;,&amp;quot;errorMessageType&amp;quot;:&amp;quot;AReq&amp;quot;,&amp;quot;messageVersion&amp;quot;:&amp;quot;2.1.0&amp;quot;}">
      <![CDATA[java.lang.AssertionError: Browser Flow:: Json Validation Failed.JSONObject["threeDSServerTransID"] not found.<br> api response : {"errorComponent":"S","errorDescription":"CA Merchant Server:: Access Denied, Invalid End Point. Acquirer or Merchant not participating ","messageType":"Erro","errorCode":"303","errorDetail":"Access Denied, Invalid End Point","errorMessageType":"AReq","messageVersion":"2.1.0"}
at com.ca.tds.main.TDSPreAreq_TC.testArequestAPI(TDSPreAreq_TC.java:137)
at java.util.concurrent.ThreadPoolExecutor.runWorker(ThreadPoolExecutor.java:1149)
at java.util.concurrent.ThreadPoolExecutor$Worker.run(ThreadPoolExecutor.java:624)
at java.lang.Thread.run(Thread.java:748)
... Removed 10 stack frames]]>
    </failure>
  </testcase> <!-- testArequestAPI -->
  <testcase name="testArequestAPI" time="2.619" classname="com.ca.tds.main.TDSPreAreq_TC">
    <failure type="java.lang.AssertionError" message="Browser Flow:: Json Validation Failed.JSONObject[&amp;quot;threeDSServerTransID&amp;quot;] not found.&amp;lt;br&amp;gt; api response : {&amp;quot;errorComponent&amp;quot;:&amp;quot;S&amp;quot;,&amp;quot;errorDescription&amp;quot;:&amp;quot;CA Merchant Server:: Access Denied, Invalid End Point. Acquirer or Merchant not participating &amp;quot;,&amp;quot;messageType&amp;quot;:&amp;quot;Erro&amp;quot;,&amp;quot;errorCode&amp;quot;:&amp;quot;303&amp;quot;,&amp;quot;errorDetail&amp;quot;:&amp;quot;Access Denied, Invalid End Point&amp;quot;,&amp;quot;errorMessageType&amp;quot;:&amp;quot;AReq&amp;quot;,&amp;quot;messageVersion&amp;quot;:&amp;quot;2.1.0&amp;quot;}">
      <![CDATA[java.lang.AssertionError: Browser Flow:: Json Validation Failed.JSONObject["threeDSServerTransID"] not found.<br> api response : {"errorComponent":"S","errorDescription":"CA Merchant Server:: Access Denied, Invalid End Point. Acquirer or Merchant not participating ","messageType":"Erro","errorCode":"303","errorDetail":"Access Denied, Invalid End Point","errorMessageType":"AReq","messageVersion":"2.1.0"}
at com.ca.tds.main.TDSPreAreq_TC.testArequestAPI(TDSPreAreq_TC.java:137)
at java.util.concurrent.ThreadPoolExecutor.runWorker(ThreadPoolExecutor.java:1149)
at java.util.concurrent.ThreadPoolExecutor$Worker.run(ThreadPoolExecutor.java:624)
at java.lang.Thread.run(Thread.java:748)
... Removed 10 stack frames]]>
    </failure>
  </testcase> <!-- testArequestAPI -->
  <testcase name="testArequestAPI" time="2.552" classname="com.ca.tds.main.TDSPreAreq_TC">
    <failure type="java.lang.AssertionError" message="Browser Flow:: Json Validation Failed.JSONObject[&amp;quot;threeDSServerTransID&amp;quot;] not found.&amp;lt;br&amp;gt; api response : {&amp;quot;errorComponent&amp;quot;:&amp;quot;S&amp;quot;,&amp;quot;errorDescription&amp;quot;:&amp;quot;CA Merchant Server:: Access Denied, Invalid End Point. Acquirer or Merchant not participating &amp;quot;,&amp;quot;messageType&amp;quot;:&amp;quot;Erro&amp;quot;,&amp;quot;errorCode&amp;quot;:&amp;quot;303&amp;quot;,&amp;quot;errorDetail&amp;quot;:&amp;quot;Access Denied, Invalid End Point&amp;quot;,&amp;quot;errorMessageType&amp;quot;:&amp;quot;AReq&amp;quot;,&amp;quot;messageVersion&amp;quot;:&amp;quot;2.1.0&amp;quot;}">
      <![CDATA[java.lang.AssertionError: Browser Flow:: Json Validation Failed.JSONObject["threeDSServerTransID"] not found.<br> api response : {"errorComponent":"S","errorDescription":"CA Merchant Server:: Access Denied, Invalid End Point. Acquirer or Merchant not participating ","messageType":"Erro","errorCode":"303","errorDetail":"Access Denied, Invalid End Point","errorMessageType":"AReq","messageVersion":"2.1.0"}
at com.ca.tds.main.TDSPreAreq_TC.testArequestAPI(TDSPreAreq_TC.java:137)
at java.util.concurrent.ThreadPoolExecutor.runWorker(ThreadPoolExecutor.java:1149)
at java.util.concurrent.ThreadPoolExecutor$Worker.run(ThreadPoolExecutor.java:624)
at java.lang.Thread.run(Thread.java:748)
... Removed 10 stack frames]]>
    </failure>
  </testcase> <!-- testArequestAPI -->
  <testcase name="testArequestAPI" time="2.521" classname="com.ca.tds.main.TDSPreAreq_TC">
    <failure type="java.lang.AssertionError" message="Browser Flow:: Json Validation Failed.JSONObject[&amp;quot;threeDSServerTransID&amp;quot;] not found.&amp;lt;br&amp;gt; api response : {&amp;quot;errorComponent&amp;quot;:&amp;quot;S&amp;quot;,&amp;quot;errorDescription&amp;quot;:&amp;quot;CA Merchant Server:: Access Denied, Invalid End Point. Acquirer or Merchant not participating &amp;quot;,&amp;quot;messageType&amp;quot;:&amp;quot;Erro&amp;quot;,&amp;quot;errorCode&amp;quot;:&amp;quot;303&amp;quot;,&amp;quot;errorDetail&amp;quot;:&amp;quot;Access Denied, Invalid End Point&amp;quot;,&amp;quot;errorMessageType&amp;quot;:&amp;quot;AReq&amp;quot;,&amp;quot;messageVersion&amp;quot;:&amp;quot;2.1.0&amp;quot;}">
      <![CDATA[java.lang.AssertionError: Browser Flow:: Json Validation Failed.JSONObject["threeDSServerTransID"] not found.<br> api response : {"errorComponent":"S","errorDescription":"CA Merchant Server:: Access Denied, Invalid End Point. Acquirer or Merchant not participating ","messageType":"Erro","errorCode":"303","errorDetail":"Access Denied, Invalid End Point","errorMessageType":"AReq","messageVersion":"2.1.0"}
at com.ca.tds.main.TDSPreAreq_TC.testArequestAPI(TDSPreAreq_TC.java:137)
at java.util.concurrent.ThreadPoolExecutor.runWorker(ThreadPoolExecutor.java:1149)
at java.util.concurrent.ThreadPoolExecutor$Worker.run(ThreadPoolExecutor.java:624)
at java.lang.Thread.run(Thread.java:748)
... Removed 10 stack frames]]>
    </failure>
  </testcase> <!-- testArequestAPI -->
  <testcase name="testArequestAPI" time="2.461" classname="com.ca.tds.main.TDSPreAreq_TC">
    <failure type="java.lang.AssertionError" message="Browser Flow:: Json Validation Failed.JSONObject[&amp;quot;threeDSServerTransID&amp;quot;] not found.&amp;lt;br&amp;gt; api response : {&amp;quot;errorComponent&amp;quot;:&amp;quot;S&amp;quot;,&amp;quot;errorDescription&amp;quot;:&amp;quot;CA Merchant Server:: Access Denied, Invalid End Point. Acquirer or Merchant not participating &amp;quot;,&amp;quot;messageType&amp;quot;:&amp;quot;Erro&amp;quot;,&amp;quot;errorCode&amp;quot;:&amp;quot;303&amp;quot;,&amp;quot;errorDetail&amp;quot;:&amp;quot;Access Denied, Invalid End Point&amp;quot;,&amp;quot;errorMessageType&amp;quot;:&amp;quot;AReq&amp;quot;,&amp;quot;messageVersion&amp;quot;:&amp;quot;2.1.0&amp;quot;}">
      <![CDATA[java.lang.AssertionError: Browser Flow:: Json Validation Failed.JSONObject["threeDSServerTransID"] not found.<br> api response : {"errorComponent":"S","errorDescription":"CA Merchant Server:: Access Denied, Invalid End Point. Acquirer or Merchant not participating ","messageType":"Erro","errorCode":"303","errorDetail":"Access Denied, Invalid End Point","errorMessageType":"AReq","messageVersion":"2.1.0"}
at com.ca.tds.main.TDSPreAreq_TC.testArequestAPI(TDSPreAreq_TC.java:137)
at java.util.concurrent.ThreadPoolExecutor.runWorker(ThreadPoolExecutor.java:1149)
at java.util.concurrent.ThreadPoolExecutor$Worker.run(ThreadPoolExecutor.java:624)
at java.lang.Thread.run(Thread.java:748)
... Removed 10 stack frames]]>
    </failure>
  </testcase> <!-- testArequestAPI -->
  <testcase name="testArequestAPI" time="2.666" classname="com.ca.tds.main.TDSPreAreq_TC">
    <failure type="java.lang.AssertionError" message="Browser Flow:: Json Validation Failed.JSONObject[&amp;quot;threeDSServerTransID&amp;quot;] not found.&amp;lt;br&amp;gt; api response : {&amp;quot;errorComponent&amp;quot;:&amp;quot;S&amp;quot;,&amp;quot;errorDescription&amp;quot;:&amp;quot;CA Merchant Server:: Access Denied, Invalid End Point. Acquirer or Merchant not participating &amp;quot;,&amp;quot;messageType&amp;quot;:&amp;quot;Erro&amp;quot;,&amp;quot;errorCode&amp;quot;:&amp;quot;303&amp;quot;,&amp;quot;errorDetail&amp;quot;:&amp;quot;Access Denied, Invalid End Point&amp;quot;,&amp;quot;errorMessageType&amp;quot;:&amp;quot;AReq&amp;quot;,&amp;quot;messageVersion&amp;quot;:&amp;quot;2.1.0&amp;quot;}">
      <![CDATA[java.lang.AssertionError: Browser Flow:: Json Validation Failed.JSONObject["threeDSServerTransID"] not found.<br> api response : {"errorComponent":"S","errorDescription":"CA Merchant Server:: Access Denied, Invalid End Point. Acquirer or Merchant not participating ","messageType":"Erro","errorCode":"303","errorDetail":"Access Denied, Invalid End Point","errorMessageType":"AReq","messageVersion":"2.1.0"}
at com.ca.tds.main.TDSPreAreq_TC.testArequestAPI(TDSPreAreq_TC.java:137)
at java.util.concurrent.ThreadPoolExecutor.runWorker(ThreadPoolExecutor.java:1149)
at java.util.concurrent.ThreadPoolExecutor$Worker.run(ThreadPoolExecutor.java:624)
at java.lang.Thread.run(Thread.java:748)
... Removed 10 stack frames]]>
    </failure>
  </testcase> <!-- testArequestAPI -->
  <testcase name="testArequestAPI" time="2.619" classname="com.ca.tds.main.TDSPreAreq_TC">
    <failure type="java.lang.AssertionError" message="Browser Flow:: Json Validation Failed.JSONObject[&amp;quot;threeDSServerTransID&amp;quot;] not found.&amp;lt;br&amp;gt; api response : {&amp;quot;errorComponent&amp;quot;:&amp;quot;S&amp;quot;,&amp;quot;errorDescription&amp;quot;:&amp;quot;CA Merchant Server:: Access Denied, Invalid End Point. Acquirer or Merchant not participating &amp;quot;,&amp;quot;messageType&amp;quot;:&amp;quot;Erro&amp;quot;,&amp;quot;errorCode&amp;quot;:&amp;quot;303&amp;quot;,&amp;quot;errorDetail&amp;quot;:&amp;quot;Access Denied, Invalid End Point&amp;quot;,&amp;quot;errorMessageType&amp;quot;:&amp;quot;AReq&amp;quot;,&amp;quot;messageVersion&amp;quot;:&amp;quot;2.1.0&amp;quot;}">
      <![CDATA[java.lang.AssertionError: Browser Flow:: Json Validation Failed.JSONObject["threeDSServerTransID"] not found.<br> api response : {"errorComponent":"S","errorDescription":"CA Merchant Server:: Access Denied, Invalid End Point. Acquirer or Merchant not participating ","messageType":"Erro","errorCode":"303","errorDetail":"Access Denied, Invalid End Point","errorMessageType":"AReq","messageVersion":"2.1.0"}
at com.ca.tds.main.TDSPreAreq_TC.testArequestAPI(TDSPreAreq_TC.java:137)
at java.util.concurrent.ThreadPoolExecutor.runWorker(ThreadPoolExecutor.java:1149)
at java.util.concurrent.ThreadPoolExecutor$Worker.run(ThreadPoolExecutor.java:624)
at java.lang.Thread.run(Thread.java:748)
... Removed 10 stack frames]]>
    </failure>
  </testcase> <!-- testArequestAPI -->
  <testcase name="testArequestAPI" time="2.553" classname="com.ca.tds.main.TDSPreAreq_TC">
    <failure type="java.lang.AssertionError" message="Browser Flow:: Json Validation Failed.JSONObject[&amp;quot;threeDSServerTransID&amp;quot;] not found.&amp;lt;br&amp;gt; api response : {&amp;quot;errorComponent&amp;quot;:&amp;quot;S&amp;quot;,&amp;quot;errorDescription&amp;quot;:&amp;quot;CA Merchant Server:: Access Denied, Invalid End Point. Acquirer or Merchant not participating &amp;quot;,&amp;quot;messageType&amp;quot;:&amp;quot;Erro&amp;quot;,&amp;quot;errorCode&amp;quot;:&amp;quot;303&amp;quot;,&amp;quot;errorDetail&amp;quot;:&amp;quot;Access Denied, Invalid End Point&amp;quot;,&amp;quot;errorMessageType&amp;quot;:&amp;quot;AReq&amp;quot;,&amp;quot;messageVersion&amp;quot;:&amp;quot;2.1.0&amp;quot;}">
      <![CDATA[java.lang.AssertionError: Browser Flow:: Json Validation Failed.JSONObject["threeDSServerTransID"] not found.<br> api response : {"errorComponent":"S","errorDescription":"CA Merchant Server:: Access Denied, Invalid End Point. Acquirer or Merchant not participating ","messageType":"Erro","errorCode":"303","errorDetail":"Access Denied, Invalid End Point","errorMessageType":"AReq","messageVersion":"2.1.0"}
at com.ca.tds.main.TDSPreAreq_TC.testArequestAPI(TDSPreAreq_TC.java:137)
at java.util.concurrent.ThreadPoolExecutor.runWorker(ThreadPoolExecutor.java:1149)
at java.util.concurrent.ThreadPoolExecutor$Worker.run(ThreadPoolExecutor.java:624)
at java.lang.Thread.run(Thread.java:748)
... Removed 10 stack frames]]>
    </failure>
  </testcase> <!-- testArequestAPI -->
  <testcase name="testArequestAPI" time="2.486" classname="com.ca.tds.main.TDSPreAreq_TC">
    <failure type="java.lang.AssertionError" message="Browser Flow:: Json Validation Failed.JSONObject[&amp;quot;threeDSServerTransID&amp;quot;] not found.&amp;lt;br&amp;gt; api response : {&amp;quot;errorComponent&amp;quot;:&amp;quot;S&amp;quot;,&amp;quot;errorDescription&amp;quot;:&amp;quot;CA Merchant Server:: Access Denied, Invalid End Point. Acquirer or Merchant not participating &amp;quot;,&amp;quot;messageType&amp;quot;:&amp;quot;Erro&amp;quot;,&amp;quot;errorCode&amp;quot;:&amp;quot;303&amp;quot;,&amp;quot;errorDetail&amp;quot;:&amp;quot;Access Denied, Invalid End Point&amp;quot;,&amp;quot;errorMessageType&amp;quot;:&amp;quot;AReq&amp;quot;,&amp;quot;messageVersion&amp;quot;:&amp;quot;2.1.0&amp;quot;}">
      <![CDATA[java.lang.AssertionError: Browser Flow:: Json Validation Failed.JSONObject["threeDSServerTransID"] not found.<br> api response : {"errorComponent":"S","errorDescription":"CA Merchant Server:: Access Denied, Invalid End Point. Acquirer or Merchant not participating ","messageType":"Erro","errorCode":"303","errorDetail":"Access Denied, Invalid End Point","errorMessageType":"AReq","messageVersion":"2.1.0"}
at com.ca.tds.main.TDSPreAreq_TC.testArequestAPI(TDSPreAreq_TC.java:137)
at java.util.concurrent.ThreadPoolExecutor.runWorker(ThreadPoolExecutor.java:1149)
at java.util.concurrent.ThreadPoolExecutor$Worker.run(ThreadPoolExecutor.java:624)
at java.lang.Thread.run(Thread.java:748)
... Removed 10 stack frames]]>
    </failure>
  </testcase> <!-- testArequestAPI -->
  <testcase name="testArequestAPI" time="2.732" classname="com.ca.tds.main.TDSPreAreq_TC">
    <failure type="java.lang.AssertionError" message="Browser Flow:: Json Validation Failed.JSONObject[&amp;quot;threeDSServerTransID&amp;quot;] not found.&amp;lt;br&amp;gt; api response : {&amp;quot;errorComponent&amp;quot;:&amp;quot;S&amp;quot;,&amp;quot;errorDescription&amp;quot;:&amp;quot;CA Merchant Server:: Access Denied, Invalid End Point. Acquirer or Merchant not participating &amp;quot;,&amp;quot;messageType&amp;quot;:&amp;quot;Erro&amp;quot;,&amp;quot;errorCode&amp;quot;:&amp;quot;303&amp;quot;,&amp;quot;errorDetail&amp;quot;:&amp;quot;Access Denied, Invalid End Point&amp;quot;,&amp;quot;errorMessageType&amp;quot;:&amp;quot;AReq&amp;quot;,&amp;quot;messageVersion&amp;quot;:&amp;quot;2.1.0&amp;quot;}">
      <![CDATA[java.lang.AssertionError: Browser Flow:: Json Validation Failed.JSONObject["threeDSServerTransID"] not found.<br> api response : {"errorComponent":"S","errorDescription":"CA Merchant Server:: Access Denied, Invalid End Point. Acquirer or Merchant not participating ","messageType":"Erro","errorCode":"303","errorDetail":"Access Denied, Invalid End Point","errorMessageType":"AReq","messageVersion":"2.1.0"}
at com.ca.tds.main.TDSPreAreq_TC.testArequestAPI(TDSPreAreq_TC.java:137)
at java.util.concurrent.ThreadPoolExecutor.runWorker(ThreadPoolExecutor.java:1149)
at java.util.concurrent.ThreadPoolExecutor$Worker.run(ThreadPoolExecutor.java:624)
at java.lang.Thread.run(Thread.java:748)
... Removed 10 stack frames]]>
    </failure>
  </testcase> <!-- testArequestAPI -->
  <testcase name="testArequestAPI" time="2.637" classname="com.ca.tds.main.TDSPreAreq_TC">
    <failure type="java.lang.AssertionError" message="Browser Flow:: Json Validation Failed.JSONObject[&amp;quot;threeDSServerTransID&amp;quot;] not found.&amp;lt;br&amp;gt; api response : {&amp;quot;errorComponent&amp;quot;:&amp;quot;S&amp;quot;,&amp;quot;errorDescription&amp;quot;:&amp;quot;CA Merchant Server:: Access Denied, Invalid End Point. Acquirer or Merchant not participating &amp;quot;,&amp;quot;messageType&amp;quot;:&amp;quot;Erro&amp;quot;,&amp;quot;errorCode&amp;quot;:&amp;quot;303&amp;quot;,&amp;quot;errorDetail&amp;quot;:&amp;quot;Access Denied, Invalid End Point&amp;quot;,&amp;quot;errorMessageType&amp;quot;:&amp;quot;AReq&amp;quot;,&amp;quot;messageVersion&amp;quot;:&amp;quot;2.1.0&amp;quot;}">
      <![CDATA[java.lang.AssertionError: Browser Flow:: Json Validation Failed.JSONObject["threeDSServerTransID"] not found.<br> api response : {"errorComponent":"S","errorDescription":"CA Merchant Server:: Access Denied, Invalid End Point. Acquirer or Merchant not participating ","messageType":"Erro","errorCode":"303","errorDetail":"Access Denied, Invalid End Point","errorMessageType":"AReq","messageVersion":"2.1.0"}
at com.ca.tds.main.TDSPreAreq_TC.testArequestAPI(TDSPreAreq_TC.java:137)
at java.util.concurrent.ThreadPoolExecutor.runWorker(ThreadPoolExecutor.java:1149)
at java.util.concurrent.ThreadPoolExecutor$Worker.run(ThreadPoolExecutor.java:624)
at java.lang.Thread.run(Thread.java:748)
... Removed 10 stack frames]]>
    </failure>
  </testcase> <!-- testArequestAPI -->
  <testcase name="testArequestAPI" time="2.576" classname="com.ca.tds.main.TDSPreAreq_TC">
    <failure type="java.lang.AssertionError" message="Browser Flow:: Json Validation Failed.JSONObject[&amp;quot;threeDSServerTransID&amp;quot;] not found.&amp;lt;br&amp;gt; api response : {&amp;quot;errorComponent&amp;quot;:&amp;quot;S&amp;quot;,&amp;quot;errorDescription&amp;quot;:&amp;quot;CA Merchant Server:: Access Denied, Invalid End Point. Acquirer or Merchant not participating &amp;quot;,&amp;quot;messageType&amp;quot;:&amp;quot;Erro&amp;quot;,&amp;quot;errorCode&amp;quot;:&amp;quot;303&amp;quot;,&amp;quot;errorDetail&amp;quot;:&amp;quot;Access Denied, Invalid End Point&amp;quot;,&amp;quot;errorMessageType&amp;quot;:&amp;quot;AReq&amp;quot;,&amp;quot;messageVersion&amp;quot;:&amp;quot;2.1.0&amp;quot;}">
      <![CDATA[java.lang.AssertionError: Browser Flow:: Json Validation Failed.JSONObject["threeDSServerTransID"] not found.<br> api response : {"errorComponent":"S","errorDescription":"CA Merchant Server:: Access Denied, Invalid End Point. Acquirer or Merchant not participating ","messageType":"Erro","errorCode":"303","errorDetail":"Access Denied, Invalid End Point","errorMessageType":"AReq","messageVersion":"2.1.0"}
at com.ca.tds.main.TDSPreAreq_TC.testArequestAPI(TDSPreAreq_TC.java:137)
at java.util.concurrent.ThreadPoolExecutor.runWorker(ThreadPoolExecutor.java:1149)
at java.util.concurrent.ThreadPoolExecutor$Worker.run(ThreadPoolExecutor.java:624)
at java.lang.Thread.run(Thread.java:748)
... Removed 10 stack frames]]>
    </failure>
  </testcase> <!-- testArequestAPI -->
  <testcase name="testArequestAPI" time="2.472" classname="com.ca.tds.main.TDSPreAreq_TC">
    <failure type="java.lang.AssertionError" message="Browser Flow:: Json Validation Failed.JSONObject[&amp;quot;threeDSServerTransID&amp;quot;] not found.&amp;lt;br&amp;gt; api response : {&amp;quot;errorComponent&amp;quot;:&amp;quot;S&amp;quot;,&amp;quot;errorDescription&amp;quot;:&amp;quot;CA Merchant Server:: Access Denied, Invalid End Point. Acquirer or Merchant not participating &amp;quot;,&amp;quot;messageType&amp;quot;:&amp;quot;Erro&amp;quot;,&amp;quot;errorCode&amp;quot;:&amp;quot;303&amp;quot;,&amp;quot;errorDetail&amp;quot;:&amp;quot;Access Denied, Invalid End Point&amp;quot;,&amp;quot;errorMessageType&amp;quot;:&amp;quot;AReq&amp;quot;,&amp;quot;messageVersion&amp;quot;:&amp;quot;2.1.0&amp;quot;}">
      <![CDATA[java.lang.AssertionError: Browser Flow:: Json Validation Failed.JSONObject["threeDSServerTransID"] not found.<br> api response : {"errorComponent":"S","errorDescription":"CA Merchant Server:: Access Denied, Invalid End Point. Acquirer or Merchant not participating ","messageType":"Erro","errorCode":"303","errorDetail":"Access Denied, Invalid End Point","errorMessageType":"AReq","messageVersion":"2.1.0"}
at com.ca.tds.main.TDSPreAreq_TC.testArequestAPI(TDSPreAreq_TC.java:137)
at java.util.concurrent.ThreadPoolExecutor.runWorker(ThreadPoolExecutor.java:1149)
at java.util.concurrent.ThreadPoolExecutor$Worker.run(ThreadPoolExecutor.java:624)
at java.lang.Thread.run(Thread.java:748)
... Removed 10 stack frames]]>
    </failure>
  </testcase> <!-- testArequestAPI -->
  <testcase name="testArequestAPI" time="2.844" classname="com.ca.tds.main.TDSPreAreq_TC">
    <failure type="java.lang.AssertionError" message="Browser Flow:: Json Validation Failed.JSONObject[&amp;quot;threeDSServerTransID&amp;quot;] not found.&amp;lt;br&amp;gt; api response : {&amp;quot;errorComponent&amp;quot;:&amp;quot;S&amp;quot;,&amp;quot;errorDescription&amp;quot;:&amp;quot;CA Merchant Server:: Access Denied, Invalid End Point. Acquirer or Merchant not participating &amp;quot;,&amp;quot;messageType&amp;quot;:&amp;quot;Erro&amp;quot;,&amp;quot;errorCode&amp;quot;:&amp;quot;303&amp;quot;,&amp;quot;errorDetail&amp;quot;:&amp;quot;Access Denied, Invalid End Point&amp;quot;,&amp;quot;errorMessageType&amp;quot;:&amp;quot;AReq&amp;quot;,&amp;quot;messageVersion&amp;quot;:&amp;quot;2.1.0&amp;quot;}">
      <![CDATA[java.lang.AssertionError: Browser Flow:: Json Validation Failed.JSONObject["threeDSServerTransID"] not found.<br> api response : {"errorComponent":"S","errorDescription":"CA Merchant Server:: Access Denied, Invalid End Point. Acquirer or Merchant not participating ","messageType":"Erro","errorCode":"303","errorDetail":"Access Denied, Invalid End Point","errorMessageType":"AReq","messageVersion":"2.1.0"}
at com.ca.tds.main.TDSPreAreq_TC.testArequestAPI(TDSPreAreq_TC.java:137)
at java.util.concurrent.ThreadPoolExecutor.runWorker(ThreadPoolExecutor.java:1149)
at java.util.concurrent.ThreadPoolExecutor$Worker.run(ThreadPoolExecutor.java:624)
at java.lang.Thread.run(Thread.java:748)
... Removed 10 stack frames]]>
    </failure>
  </testcase> <!-- testArequestAPI -->
  <testcase name="testArequestAPI" time="2.732" classname="com.ca.tds.main.TDSPreAreq_TC">
    <failure type="java.lang.AssertionError" message="Browser Flow:: Json Validation Failed.JSONObject[&amp;quot;threeDSServerTransID&amp;quot;] not found.&amp;lt;br&amp;gt; api response : {&amp;quot;errorComponent&amp;quot;:&amp;quot;S&amp;quot;,&amp;quot;errorDescription&amp;quot;:&amp;quot;CA Merchant Server:: Access Denied, Invalid End Point. Acquirer or Merchant not participating &amp;quot;,&amp;quot;messageType&amp;quot;:&amp;quot;Erro&amp;quot;,&amp;quot;errorCode&amp;quot;:&amp;quot;303&amp;quot;,&amp;quot;errorDetail&amp;quot;:&amp;quot;Access Denied, Invalid End Point&amp;quot;,&amp;quot;errorMessageType&amp;quot;:&amp;quot;AReq&amp;quot;,&amp;quot;messageVersion&amp;quot;:&amp;quot;2.1.0&amp;quot;}">
      <![CDATA[java.lang.AssertionError: Browser Flow:: Json Validation Failed.JSONObject["threeDSServerTransID"] not found.<br> api response : {"errorComponent":"S","errorDescription":"CA Merchant Server:: Access Denied, Invalid End Point. Acquirer or Merchant not participating ","messageType":"Erro","errorCode":"303","errorDetail":"Access Denied, Invalid End Point","errorMessageType":"AReq","messageVersion":"2.1.0"}
at com.ca.tds.main.TDSPreAreq_TC.testArequestAPI(TDSPreAreq_TC.java:137)
at java.util.concurrent.ThreadPoolExecutor.runWorker(ThreadPoolExecutor.java:1149)
at java.util.concurrent.ThreadPoolExecutor$Worker.run(ThreadPoolExecutor.java:624)
at java.lang.Thread.run(Thread.java:748)
... Removed 10 stack frames]]>
    </failure>
  </testcase> <!-- testArequestAPI -->
  <testcase name="testArequestAPI" time="2.534" classname="com.ca.tds.main.TDSPreAreq_TC">
    <failure type="java.lang.AssertionError" message="Browser Flow:: Json Validation Failed.JSONObject[&amp;quot;threeDSServerTransID&amp;quot;] not found.&amp;lt;br&amp;gt; api response : {&amp;quot;errorComponent&amp;quot;:&amp;quot;S&amp;quot;,&amp;quot;errorDescription&amp;quot;:&amp;quot;CA Merchant Server:: Access Denied, Invalid End Point. Acquirer or Merchant not participating &amp;quot;,&amp;quot;messageType&amp;quot;:&amp;quot;Erro&amp;quot;,&amp;quot;errorCode&amp;quot;:&amp;quot;303&amp;quot;,&amp;quot;errorDetail&amp;quot;:&amp;quot;Access Denied, Invalid End Point&amp;quot;,&amp;quot;errorMessageType&amp;quot;:&amp;quot;AReq&amp;quot;,&amp;quot;messageVersion&amp;quot;:&amp;quot;2.1.0&amp;quot;}">
      <![CDATA[java.lang.AssertionError: Browser Flow:: Json Validation Failed.JSONObject["threeDSServerTransID"] not found.<br> api response : {"errorComponent":"S","errorDescription":"CA Merchant Server:: Access Denied, Invalid End Point. Acquirer or Merchant not participating ","messageType":"Erro","errorCode":"303","errorDetail":"Access Denied, Invalid End Point","errorMessageType":"AReq","messageVersion":"2.1.0"}
at com.ca.tds.main.TDSPreAreq_TC.testArequestAPI(TDSPreAreq_TC.java:137)
at java.util.concurrent.ThreadPoolExecutor.runWorker(ThreadPoolExecutor.java:1149)
at java.util.concurrent.ThreadPoolExecutor$Worker.run(ThreadPoolExecutor.java:624)
at java.lang.Thread.run(Thread.java:748)
... Removed 10 stack frames]]>
    </failure>
  </testcase> <!-- testArequestAPI -->
  <testcase name="testArequestAPI" time="2.678" classname="com.ca.tds.main.TDSPreAreq_TC">
    <failure type="java.lang.AssertionError" message="Browser Flow:: Json Validation Failed.JSONObject[&amp;quot;threeDSServerTransID&amp;quot;] not found.&amp;lt;br&amp;gt; api response : {&amp;quot;errorComponent&amp;quot;:&amp;quot;S&amp;quot;,&amp;quot;errorDescription&amp;quot;:&amp;quot;CA Merchant Server:: Access Denied, Invalid End Point. Acquirer or Merchant not participating &amp;quot;,&amp;quot;messageType&amp;quot;:&amp;quot;Erro&amp;quot;,&amp;quot;errorCode&amp;quot;:&amp;quot;303&amp;quot;,&amp;quot;errorDetail&amp;quot;:&amp;quot;Access Denied, Invalid End Point&amp;quot;,&amp;quot;errorMessageType&amp;quot;:&amp;quot;AReq&amp;quot;,&amp;quot;messageVersion&amp;quot;:&amp;quot;2.1.0&amp;quot;}">
      <![CDATA[java.lang.AssertionError: Browser Flow:: Json Validation Failed.JSONObject["threeDSServerTransID"] not found.<br> api response : {"errorComponent":"S","errorDescription":"CA Merchant Server:: Access Denied, Invalid End Point. Acquirer or Merchant not participating ","messageType":"Erro","errorCode":"303","errorDetail":"Access Denied, Invalid End Point","errorMessageType":"AReq","messageVersion":"2.1.0"}
at com.ca.tds.main.TDSPreAreq_TC.testArequestAPI(TDSPreAreq_TC.java:137)
at java.util.concurrent.ThreadPoolExecutor.runWorker(ThreadPoolExecutor.java:1149)
at java.util.concurrent.ThreadPoolExecutor$Worker.run(ThreadPoolExecutor.java:624)
at java.lang.Thread.run(Thread.java:748)
... Removed 10 stack frames]]>
    </failure>
  </testcase> <!-- testArequestAPI -->
  <testcase name="testArequestAPI" time="2.625" classname="com.ca.tds.main.TDSPreAreq_TC">
    <failure type="java.lang.AssertionError" message="Browser Flow:: Json Validation Failed.JSONObject[&amp;quot;threeDSServerTransID&amp;quot;] not found.&amp;lt;br&amp;gt; api response : {&amp;quot;errorComponent&amp;quot;:&amp;quot;S&amp;quot;,&amp;quot;errorDescription&amp;quot;:&amp;quot;CA Merchant Server:: Access Denied, Invalid End Point. Acquirer or Merchant not participating &amp;quot;,&amp;quot;messageType&amp;quot;:&amp;quot;Erro&amp;quot;,&amp;quot;errorCode&amp;quot;:&amp;quot;303&amp;quot;,&amp;quot;errorDetail&amp;quot;:&amp;quot;Access Denied, Invalid End Point&amp;quot;,&amp;quot;errorMessageType&amp;quot;:&amp;quot;AReq&amp;quot;,&amp;quot;messageVersion&amp;quot;:&amp;quot;2.1.0&amp;quot;}">
      <![CDATA[java.lang.AssertionError: Browser Flow:: Json Validation Failed.JSONObject["threeDSServerTransID"] not found.<br> api response : {"errorComponent":"S","errorDescription":"CA Merchant Server:: Access Denied, Invalid End Point. Acquirer or Merchant not participating ","messageType":"Erro","errorCode":"303","errorDetail":"Access Denied, Invalid End Point","errorMessageType":"AReq","messageVersion":"2.1.0"}
at com.ca.tds.main.TDSPreAreq_TC.testArequestAPI(TDSPreAreq_TC.java:137)
at java.util.concurrent.ThreadPoolExecutor.runWorker(ThreadPoolExecutor.java:1149)
at java.util.concurrent.ThreadPoolExecutor$Worker.run(ThreadPoolExecutor.java:624)
at java.lang.Thread.run(Thread.java:748)
... Removed 10 stack frames]]>
    </failure>
  </testcase> <!-- testArequestAPI -->
  <testcase name="testArequestAPI" time="2.521" classname="com.ca.tds.main.TDSPreAreq_TC">
    <failure type="java.lang.AssertionError" message="Browser Flow:: Json Validation Failed.JSONObject[&amp;quot;threeDSServerTransID&amp;quot;] not found.&amp;lt;br&amp;gt; api response : {&amp;quot;errorComponent&amp;quot;:&amp;quot;S&amp;quot;,&amp;quot;errorDescription&amp;quot;:&amp;quot;CA Merchant Server:: Access Denied, Invalid End Point. Acquirer or Merchant not participating &amp;quot;,&amp;quot;messageType&amp;quot;:&amp;quot;Erro&amp;quot;,&amp;quot;errorCode&amp;quot;:&amp;quot;303&amp;quot;,&amp;quot;errorDetail&amp;quot;:&amp;quot;Access Denied, Invalid End Point&amp;quot;,&amp;quot;errorMessageType&amp;quot;:&amp;quot;AReq&amp;quot;,&amp;quot;messageVersion&amp;quot;:&amp;quot;2.1.0&amp;quot;}">
      <![CDATA[java.lang.AssertionError: Browser Flow:: Json Validation Failed.JSONObject["threeDSServerTransID"] not found.<br> api response : {"errorComponent":"S","errorDescription":"CA Merchant Server:: Access Denied, Invalid End Point. Acquirer or Merchant not participating ","messageType":"Erro","errorCode":"303","errorDetail":"Access Denied, Invalid End Point","errorMessageType":"AReq","messageVersion":"2.1.0"}
at com.ca.tds.main.TDSPreAreq_TC.testArequestAPI(TDSPreAreq_TC.java:137)
at java.util.concurrent.ThreadPoolExecutor.runWorker(ThreadPoolExecutor.java:1149)
at java.util.concurrent.ThreadPoolExecutor$Worker.run(ThreadPoolExecutor.java:624)
at java.lang.Thread.run(Thread.java:748)
... Removed 10 stack frames]]>
    </failure>
  </testcase> <!-- testArequestAPI -->
  <testcase name="testArequestAPI" time="2.606" classname="com.ca.tds.main.TDSPreAreq_TC">
    <failure type="java.lang.AssertionError" message="Browser Flow:: Json Validation Failed.JSONObject[&amp;quot;threeDSServerTransID&amp;quot;] not found.&amp;lt;br&amp;gt; api response : {&amp;quot;errorComponent&amp;quot;:&amp;quot;S&amp;quot;,&amp;quot;errorDescription&amp;quot;:&amp;quot;CA Merchant Server:: Access Denied, Invalid End Point. Acquirer or Merchant not participating &amp;quot;,&amp;quot;messageType&amp;quot;:&amp;quot;Erro&amp;quot;,&amp;quot;errorCode&amp;quot;:&amp;quot;303&amp;quot;,&amp;quot;errorDetail&amp;quot;:&amp;quot;Access Denied, Invalid End Point&amp;quot;,&amp;quot;errorMessageType&amp;quot;:&amp;quot;AReq&amp;quot;,&amp;quot;messageVersion&amp;quot;:&amp;quot;2.1.0&amp;quot;}">
      <![CDATA[java.lang.AssertionError: Browser Flow:: Json Validation Failed.JSONObject["threeDSServerTransID"] not found.<br> api response : {"errorComponent":"S","errorDescription":"CA Merchant Server:: Access Denied, Invalid End Point. Acquirer or Merchant not participating ","messageType":"Erro","errorCode":"303","errorDetail":"Access Denied, Invalid End Point","errorMessageType":"AReq","messageVersion":"2.1.0"}
at com.ca.tds.main.TDSPreAreq_TC.testArequestAPI(TDSPreAreq_TC.java:137)
at java.util.concurrent.ThreadPoolExecutor.runWorker(ThreadPoolExecutor.java:1149)
at java.util.concurrent.ThreadPoolExecutor$Worker.run(ThreadPoolExecutor.java:624)
at java.lang.Thread.run(Thread.java:748)
... Removed 10 stack frames]]>
    </failure>
  </testcase> <!-- testArequestAPI -->
  <testcase name="testArequestAPI" time="2.501" classname="com.ca.tds.main.TDSPreAreq_TC">
    <failure type="java.lang.AssertionError" message="Browser Flow:: Json Validation Failed.JSONObject[&amp;quot;threeDSServerTransID&amp;quot;] not found.&amp;lt;br&amp;gt; api response : {&amp;quot;errorComponent&amp;quot;:&amp;quot;S&amp;quot;,&amp;quot;errorDescription&amp;quot;:&amp;quot;CA Merchant Server:: Access Denied, Invalid End Point. Acquirer or Merchant not participating &amp;quot;,&amp;quot;messageType&amp;quot;:&amp;quot;Erro&amp;quot;,&amp;quot;errorCode&amp;quot;:&amp;quot;303&amp;quot;,&amp;quot;errorDetail&amp;quot;:&amp;quot;Access Denied, Invalid End Point&amp;quot;,&amp;quot;errorMessageType&amp;quot;:&amp;quot;AReq&amp;quot;,&amp;quot;messageVersion&amp;quot;:&amp;quot;2.1.0&amp;quot;}">
      <![CDATA[java.lang.AssertionError: Browser Flow:: Json Validation Failed.JSONObject["threeDSServerTransID"] not found.<br> api response : {"errorComponent":"S","errorDescription":"CA Merchant Server:: Access Denied, Invalid End Point. Acquirer or Merchant not participating ","messageType":"Erro","errorCode":"303","errorDetail":"Access Denied, Invalid End Point","errorMessageType":"AReq","messageVersion":"2.1.0"}
at com.ca.tds.main.TDSPreAreq_TC.testArequestAPI(TDSPreAreq_TC.java:137)
at java.util.concurrent.ThreadPoolExecutor.runWorker(ThreadPoolExecutor.java:1149)
at java.util.concurrent.ThreadPoolExecutor$Worker.run(ThreadPoolExecutor.java:624)
at java.lang.Thread.run(Thread.java:748)
... Removed 10 stack frames]]>
    </failure>
  </testcase> <!-- testArequestAPI -->
  <testcase name="testArequestAPI" time="2.671" classname="com.ca.tds.main.TDSPreAreq_TC">
    <failure type="java.lang.AssertionError" message="Browser Flow:: Json Validation Failed.JSONObject[&amp;quot;threeDSServerTransID&amp;quot;] not found.&amp;lt;br&amp;gt; api response : {&amp;quot;errorComponent&amp;quot;:&amp;quot;S&amp;quot;,&amp;quot;errorDescription&amp;quot;:&amp;quot;CA Merchant Server:: Access Denied, Invalid End Point. Acquirer or Merchant not participating &amp;quot;,&amp;quot;messageType&amp;quot;:&amp;quot;Erro&amp;quot;,&amp;quot;errorCode&amp;quot;:&amp;quot;303&amp;quot;,&amp;quot;errorDetail&amp;quot;:&amp;quot;Access Denied, Invalid End Point&amp;quot;,&amp;quot;errorMessageType&amp;quot;:&amp;quot;AReq&amp;quot;,&amp;quot;messageVersion&amp;quot;:&amp;quot;2.1.0&amp;quot;}">
      <![CDATA[java.lang.AssertionError: Browser Flow:: Json Validation Failed.JSONObject["threeDSServerTransID"] not found.<br> api response : {"errorComponent":"S","errorDescription":"CA Merchant Server:: Access Denied, Invalid End Point. Acquirer or Merchant not participating ","messageType":"Erro","errorCode":"303","errorDetail":"Access Denied, Invalid End Point","errorMessageType":"AReq","messageVersion":"2.1.0"}
at com.ca.tds.main.TDSPreAreq_TC.testArequestAPI(TDSPreAreq_TC.java:137)
at java.util.concurrent.ThreadPoolExecutor.runWorker(ThreadPoolExecutor.java:1149)
at java.util.concurrent.ThreadPoolExecutor$Worker.run(ThreadPoolExecutor.java:624)
at java.lang.Thread.run(Thread.java:748)
... Removed 10 stack frames]]>
    </failure>
  </testcase> <!-- testArequestAPI -->
  <testcase name="testArequestAPI" time="2.615" classname="com.ca.tds.main.TDSPreAreq_TC">
    <failure type="java.lang.AssertionError" message="Browser Flow:: Json Validation Failed.JSONObject[&amp;quot;threeDSServerTransID&amp;quot;] not found.&amp;lt;br&amp;gt; api response : {&amp;quot;errorComponent&amp;quot;:&amp;quot;S&amp;quot;,&amp;quot;errorDescription&amp;quot;:&amp;quot;CA Merchant Server:: Access Denied, Invalid End Point. Acquirer or Merchant not participating &amp;quot;,&amp;quot;messageType&amp;quot;:&amp;quot;Erro&amp;quot;,&amp;quot;errorCode&amp;quot;:&amp;quot;303&amp;quot;,&amp;quot;errorDetail&amp;quot;:&amp;quot;Access Denied, Invalid End Point&amp;quot;,&amp;quot;errorMessageType&amp;quot;:&amp;quot;AReq&amp;quot;,&amp;quot;messageVersion&amp;quot;:&amp;quot;2.1.0&amp;quot;}">
      <![CDATA[java.lang.AssertionError: Browser Flow:: Json Validation Failed.JSONObject["threeDSServerTransID"] not found.<br> api response : {"errorComponent":"S","errorDescription":"CA Merchant Server:: Access Denied, Invalid End Point. Acquirer or Merchant not participating ","messageType":"Erro","errorCode":"303","errorDetail":"Access Denied, Invalid End Point","errorMessageType":"AReq","messageVersion":"2.1.0"}
at com.ca.tds.main.TDSPreAreq_TC.testArequestAPI(TDSPreAreq_TC.java:137)
at java.util.concurrent.ThreadPoolExecutor.runWorker(ThreadPoolExecutor.java:1149)
at java.util.concurrent.ThreadPoolExecutor$Worker.run(ThreadPoolExecutor.java:624)
at java.lang.Thread.run(Thread.java:748)
... Removed 10 stack frames]]>
    </failure>
  </testcase> <!-- testArequestAPI -->
  <testcase name="testArequestAPI" time="2.588" classname="com.ca.tds.main.TDSPreAreq_TC">
    <failure type="java.lang.AssertionError" message="Browser Flow:: Json Validation Failed.JSONObject[&amp;quot;threeDSServerTransID&amp;quot;] not found.&amp;lt;br&amp;gt; api response : {&amp;quot;errorComponent&amp;quot;:&amp;quot;S&amp;quot;,&amp;quot;errorDescription&amp;quot;:&amp;quot;CA Merchant Server:: Access Denied, Invalid End Point. Acquirer or Merchant not participating &amp;quot;,&amp;quot;messageType&amp;quot;:&amp;quot;Erro&amp;quot;,&amp;quot;errorCode&amp;quot;:&amp;quot;303&amp;quot;,&amp;quot;errorDetail&amp;quot;:&amp;quot;Access Denied, Invalid End Point&amp;quot;,&amp;quot;errorMessageType&amp;quot;:&amp;quot;AReq&amp;quot;,&amp;quot;messageVersion&amp;quot;:&amp;quot;2.1.0&amp;quot;}">
      <![CDATA[java.lang.AssertionError: Browser Flow:: Json Validation Failed.JSONObject["threeDSServerTransID"] not found.<br> api response : {"errorComponent":"S","errorDescription":"CA Merchant Server:: Access Denied, Invalid End Point. Acquirer or Merchant not participating ","messageType":"Erro","errorCode":"303","errorDetail":"Access Denied, Invalid End Point","errorMessageType":"AReq","messageVersion":"2.1.0"}
at com.ca.tds.main.TDSPreAreq_TC.testArequestAPI(TDSPreAreq_TC.java:137)
at java.util.concurrent.ThreadPoolExecutor.runWorker(ThreadPoolExecutor.java:1149)
at java.util.concurrent.ThreadPoolExecutor$Worker.run(ThreadPoolExecutor.java:624)
at java.lang.Thread.run(Thread.java:748)
... Removed 10 stack frames]]>
    </failure>
  </testcase> <!-- testArequestAPI -->
  <testcase name="testArequestAPI" time="2.591" classname="com.ca.tds.main.TDSPreAreq_TC">
    <failure type="java.lang.AssertionError" message="Browser Flow:: Json Validation Failed.JSONObject[&amp;quot;threeDSServerTransID&amp;quot;] not found.&amp;lt;br&amp;gt; api response : {&amp;quot;errorComponent&amp;quot;:&amp;quot;S&amp;quot;,&amp;quot;errorDescription&amp;quot;:&amp;quot;CA Merchant Server:: Access Denied, Invalid End Point. Acquirer or Merchant not participating &amp;quot;,&amp;quot;messageType&amp;quot;:&amp;quot;Erro&amp;quot;,&amp;quot;errorCode&amp;quot;:&amp;quot;303&amp;quot;,&amp;quot;errorDetail&amp;quot;:&amp;quot;Access Denied, Invalid End Point&amp;quot;,&amp;quot;errorMessageType&amp;quot;:&amp;quot;AReq&amp;quot;,&amp;quot;messageVersion&amp;quot;:&amp;quot;2.1.0&amp;quot;}">
      <![CDATA[java.lang.AssertionError: Browser Flow:: Json Validation Failed.JSONObject["threeDSServerTransID"] not found.<br> api response : {"errorComponent":"S","errorDescription":"CA Merchant Server:: Access Denied, Invalid End Point. Acquirer or Merchant not participating ","messageType":"Erro","errorCode":"303","errorDetail":"Access Denied, Invalid End Point","errorMessageType":"AReq","messageVersion":"2.1.0"}
at com.ca.tds.main.TDSPreAreq_TC.testArequestAPI(TDSPreAreq_TC.java:137)
at java.util.concurrent.ThreadPoolExecutor.runWorker(ThreadPoolExecutor.java:1149)
at java.util.concurrent.ThreadPoolExecutor$Worker.run(ThreadPoolExecutor.java:624)
at java.lang.Thread.run(Thread.java:748)
... Removed 10 stack frames]]>
    </failure>
  </testcase> <!-- testArequestAPI -->
  <testcase name="testArequestAPI" time="2.65" classname="com.ca.tds.main.TDSPreAreq_TC">
    <failure type="java.lang.AssertionError" message="Browser Flow:: Json Validation Failed.JSONObject[&amp;quot;threeDSServerTransID&amp;quot;] not found.&amp;lt;br&amp;gt; api response : {&amp;quot;errorComponent&amp;quot;:&amp;quot;S&amp;quot;,&amp;quot;errorDescription&amp;quot;:&amp;quot;CA Merchant Server:: Access Denied, Invalid End Point. Acquirer or Merchant not participating &amp;quot;,&amp;quot;messageType&amp;quot;:&amp;quot;Erro&amp;quot;,&amp;quot;errorCode&amp;quot;:&amp;quot;303&amp;quot;,&amp;quot;errorDetail&amp;quot;:&amp;quot;Access Denied, Invalid End Point&amp;quot;,&amp;quot;errorMessageType&amp;quot;:&amp;quot;AReq&amp;quot;,&amp;quot;messageVersion&amp;quot;:&amp;quot;2.1.0&amp;quot;}">
      <![CDATA[java.lang.AssertionError: Browser Flow:: Json Validation Failed.JSONObject["threeDSServerTransID"] not found.<br> api response : {"errorComponent":"S","errorDescription":"CA Merchant Server:: Access Denied, Invalid End Point. Acquirer or Merchant not participating ","messageType":"Erro","errorCode":"303","errorDetail":"Access Denied, Invalid End Point","errorMessageType":"AReq","messageVersion":"2.1.0"}
at com.ca.tds.main.TDSPreAreq_TC.testArequestAPI(TDSPreAreq_TC.java:137)
at java.util.concurrent.ThreadPoolExecutor.runWorker(ThreadPoolExecutor.java:1149)
at java.util.concurrent.ThreadPoolExecutor$Worker.run(ThreadPoolExecutor.java:624)
at java.lang.Thread.run(Thread.java:748)
... Removed 10 stack frames]]>
    </failure>
  </testcase> <!-- testArequestAPI -->
  <testcase name="testArequestAPI" time="2.598" classname="com.ca.tds.main.TDSPreAreq_TC">
    <failure type="java.lang.AssertionError" message="Browser Flow:: Json Validation Failed.JSONObject[&amp;quot;threeDSServerTransID&amp;quot;] not found.&amp;lt;br&amp;gt; api response : {&amp;quot;errorComponent&amp;quot;:&amp;quot;S&amp;quot;,&amp;quot;errorDescription&amp;quot;:&amp;quot;CA Merchant Server:: Access Denied, Invalid End Point. Acquirer or Merchant not participating &amp;quot;,&amp;quot;messageType&amp;quot;:&amp;quot;Erro&amp;quot;,&amp;quot;errorCode&amp;quot;:&amp;quot;303&amp;quot;,&amp;quot;errorDetail&amp;quot;:&amp;quot;Access Denied, Invalid End Point&amp;quot;,&amp;quot;errorMessageType&amp;quot;:&amp;quot;AReq&amp;quot;,&amp;quot;messageVersion&amp;quot;:&amp;quot;2.1.0&amp;quot;}">
      <![CDATA[java.lang.AssertionError: Browser Flow:: Json Validation Failed.JSONObject["threeDSServerTransID"] not found.<br> api response : {"errorComponent":"S","errorDescription":"CA Merchant Server:: Access Denied, Invalid End Point. Acquirer or Merchant not participating ","messageType":"Erro","errorCode":"303","errorDetail":"Access Denied, Invalid End Point","errorMessageType":"AReq","messageVersion":"2.1.0"}
at com.ca.tds.main.TDSPreAreq_TC.testArequestAPI(TDSPreAreq_TC.java:137)
at java.util.concurrent.ThreadPoolExecutor.runWorker(ThreadPoolExecutor.java:1149)
at java.util.concurrent.ThreadPoolExecutor$Worker.run(ThreadPoolExecutor.java:624)
at java.lang.Thread.run(Thread.java:748)
... Removed 10 stack frames]]>
    </failure>
  </testcase> <!-- testArequestAPI -->
  <testcase name="testArequestAPI" time="2.594" classname="com.ca.tds.main.TDSPreAreq_TC">
    <failure type="java.lang.AssertionError" message="Browser Flow:: Json Validation Failed.JSONObject[&amp;quot;threeDSServerTransID&amp;quot;] not found.&amp;lt;br&amp;gt; api response : {&amp;quot;errorComponent&amp;quot;:&amp;quot;S&amp;quot;,&amp;quot;errorDescription&amp;quot;:&amp;quot;CA Merchant Server:: Access Denied, Invalid End Point. Acquirer or Merchant not participating &amp;quot;,&amp;quot;messageType&amp;quot;:&amp;quot;Erro&amp;quot;,&amp;quot;errorCode&amp;quot;:&amp;quot;303&amp;quot;,&amp;quot;errorDetail&amp;quot;:&amp;quot;Access Denied, Invalid End Point&amp;quot;,&amp;quot;errorMessageType&amp;quot;:&amp;quot;AReq&amp;quot;,&amp;quot;messageVersion&amp;quot;:&amp;quot;2.1.0&amp;quot;}">
      <![CDATA[java.lang.AssertionError: Browser Flow:: Json Validation Failed.JSONObject["threeDSServerTransID"] not found.<br> api response : {"errorComponent":"S","errorDescription":"CA Merchant Server:: Access Denied, Invalid End Point. Acquirer or Merchant not participating ","messageType":"Erro","errorCode":"303","errorDetail":"Access Denied, Invalid End Point","errorMessageType":"AReq","messageVersion":"2.1.0"}
at com.ca.tds.main.TDSPreAreq_TC.testArequestAPI(TDSPreAreq_TC.java:137)
at java.util.concurrent.ThreadPoolExecutor.runWorker(ThreadPoolExecutor.java:1149)
at java.util.concurrent.ThreadPoolExecutor$Worker.run(ThreadPoolExecutor.java:624)
at java.lang.Thread.run(Thread.java:748)
... Removed 10 stack frames]]>
    </failure>
  </testcase> <!-- testArequestAPI -->
  <testcase name="testArequestAPI" time="2.498" classname="com.ca.tds.main.TDSPreAreq_TC">
    <failure type="java.lang.AssertionError" message="Browser Flow:: Json Validation Failed.JSONObject[&amp;quot;threeDSServerTransID&amp;quot;] not found.&amp;lt;br&amp;gt; api response : {&amp;quot;errorComponent&amp;quot;:&amp;quot;S&amp;quot;,&amp;quot;errorDescription&amp;quot;:&amp;quot;CA Merchant Server:: Access Denied, Invalid End Point. Acquirer or Merchant not participating &amp;quot;,&amp;quot;messageType&amp;quot;:&amp;quot;Erro&amp;quot;,&amp;quot;errorCode&amp;quot;:&amp;quot;303&amp;quot;,&amp;quot;errorDetail&amp;quot;:&amp;quot;Access Denied, Invalid End Point&amp;quot;,&amp;quot;errorMessageType&amp;quot;:&amp;quot;AReq&amp;quot;,&amp;quot;messageVersion&amp;quot;:&amp;quot;2.1.0&amp;quot;}">
      <![CDATA[java.lang.AssertionError: Browser Flow:: Json Validation Failed.JSONObject["threeDSServerTransID"] not found.<br> api response : {"errorComponent":"S","errorDescription":"CA Merchant Server:: Access Denied, Invalid End Point. Acquirer or Merchant not participating ","messageType":"Erro","errorCode":"303","errorDetail":"Access Denied, Invalid End Point","errorMessageType":"AReq","messageVersion":"2.1.0"}
at com.ca.tds.main.TDSPreAreq_TC.testArequestAPI(TDSPreAreq_TC.java:137)
at java.util.concurrent.ThreadPoolExecutor.runWorker(ThreadPoolExecutor.java:1149)
at java.util.concurrent.ThreadPoolExecutor$Worker.run(ThreadPoolExecutor.java:624)
at java.lang.Thread.run(Thread.java:748)
... Removed 10 stack frames]]>
    </failure>
  </testcase> <!-- testArequestAPI -->
  <testcase name="testArequestAPI" time="2.633" classname="com.ca.tds.main.TDSPreAreq_TC">
    <failure type="java.lang.AssertionError" message="Browser Flow:: Json Validation Failed.JSONObject[&amp;quot;threeDSServerTransID&amp;quot;] not found.&amp;lt;br&amp;gt; api response : {&amp;quot;errorComponent&amp;quot;:&amp;quot;S&amp;quot;,&amp;quot;errorDescription&amp;quot;:&amp;quot;CA Merchant Server:: Access Denied, Invalid End Point. Acquirer or Merchant not participating &amp;quot;,&amp;quot;messageType&amp;quot;:&amp;quot;Erro&amp;quot;,&amp;quot;errorCode&amp;quot;:&amp;quot;303&amp;quot;,&amp;quot;errorDetail&amp;quot;:&amp;quot;Access Denied, Invalid End Point&amp;quot;,&amp;quot;errorMessageType&amp;quot;:&amp;quot;AReq&amp;quot;,&amp;quot;messageVersion&amp;quot;:&amp;quot;2.1.0&amp;quot;}">
      <![CDATA[java.lang.AssertionError: Browser Flow:: Json Validation Failed.JSONObject["threeDSServerTransID"] not found.<br> api response : {"errorComponent":"S","errorDescription":"CA Merchant Server:: Access Denied, Invalid End Point. Acquirer or Merchant not participating ","messageType":"Erro","errorCode":"303","errorDetail":"Access Denied, Invalid End Point","errorMessageType":"AReq","messageVersion":"2.1.0"}
at com.ca.tds.main.TDSPreAreq_TC.testArequestAPI(TDSPreAreq_TC.java:137)
at java.util.concurrent.ThreadPoolExecutor.runWorker(ThreadPoolExecutor.java:1149)
at java.util.concurrent.ThreadPoolExecutor$Worker.run(ThreadPoolExecutor.java:624)
at java.lang.Thread.run(Thread.java:748)
... Removed 10 stack frames]]>
    </failure>
  </testcase> <!-- testArequestAPI -->
  <testcase name="testArequestAPI" time="2.786" classname="com.ca.tds.main.TDSPreAreq_TC">
    <failure type="java.lang.AssertionError" message="Browser Flow:: Json Validation Failed.JSONObject[&amp;quot;threeDSServerTransID&amp;quot;] not found.&amp;lt;br&amp;gt; api response : {&amp;quot;errorComponent&amp;quot;:&amp;quot;S&amp;quot;,&amp;quot;errorDescription&amp;quot;:&amp;quot;CA Merchant Server:: Access Denied, Invalid End Point. Acquirer or Merchant not participating &amp;quot;,&amp;quot;messageType&amp;quot;:&amp;quot;Erro&amp;quot;,&amp;quot;errorCode&amp;quot;:&amp;quot;303&amp;quot;,&amp;quot;errorDetail&amp;quot;:&amp;quot;Access Denied, Invalid End Point&amp;quot;,&amp;quot;errorMessageType&amp;quot;:&amp;quot;AReq&amp;quot;,&amp;quot;messageVersion&amp;quot;:&amp;quot;2.1.0&amp;quot;}">
      <![CDATA[java.lang.AssertionError: Browser Flow:: Json Validation Failed.JSONObject["threeDSServerTransID"] not found.<br> api response : {"errorComponent":"S","errorDescription":"CA Merchant Server:: Access Denied, Invalid End Point. Acquirer or Merchant not participating ","messageType":"Erro","errorCode":"303","errorDetail":"Access Denied, Invalid End Point","errorMessageType":"AReq","messageVersion":"2.1.0"}
at com.ca.tds.main.TDSPreAreq_TC.testArequestAPI(TDSPreAreq_TC.java:137)
at java.util.concurrent.ThreadPoolExecutor.runWorker(ThreadPoolExecutor.java:1149)
at java.util.concurrent.ThreadPoolExecutor$Worker.run(ThreadPoolExecutor.java:624)
at java.lang.Thread.run(Thread.java:748)
... Removed 10 stack frames]]>
    </failure>
  </testcase> <!-- testArequestAPI -->
  <testcase name="testArequestAPI" time="2.668" classname="com.ca.tds.main.TDSPreAreq_TC">
    <failure type="java.lang.AssertionError" message="Browser Flow:: Json Validation Failed.JSONObject[&amp;quot;threeDSServerTransID&amp;quot;] not found.&amp;lt;br&amp;gt; api response : {&amp;quot;errorComponent&amp;quot;:&amp;quot;S&amp;quot;,&amp;quot;errorDescription&amp;quot;:&amp;quot;CA Merchant Server:: Access Denied, Invalid End Point. Acquirer or Merchant not participating &amp;quot;,&amp;quot;messageType&amp;quot;:&amp;quot;Erro&amp;quot;,&amp;quot;errorCode&amp;quot;:&amp;quot;303&amp;quot;,&amp;quot;errorDetail&amp;quot;:&amp;quot;Access Denied, Invalid End Point&amp;quot;,&amp;quot;errorMessageType&amp;quot;:&amp;quot;AReq&amp;quot;,&amp;quot;messageVersion&amp;quot;:&amp;quot;2.1.0&amp;quot;}">
      <![CDATA[java.lang.AssertionError: Browser Flow:: Json Validation Failed.JSONObject["threeDSServerTransID"] not found.<br> api response : {"errorComponent":"S","errorDescription":"CA Merchant Server:: Access Denied, Invalid End Point. Acquirer or Merchant not participating ","messageType":"Erro","errorCode":"303","errorDetail":"Access Denied, Invalid End Point","errorMessageType":"AReq","messageVersion":"2.1.0"}
at com.ca.tds.main.TDSPreAreq_TC.testArequestAPI(TDSPreAreq_TC.java:137)
at java.util.concurrent.ThreadPoolExecutor.runWorker(ThreadPoolExecutor.java:1149)
at java.util.concurrent.ThreadPoolExecutor$Worker.run(ThreadPoolExecutor.java:624)
at java.lang.Thread.run(Thread.java:748)
... Removed 10 stack frames]]>
    </failure>
  </testcase> <!-- testArequestAPI -->
  <testcase name="testArequestAPI" time="2.382" classname="com.ca.tds.main.TDSPreAreq_TC">
    <failure type="java.lang.AssertionError" message="Browser Flow:: Json Validation Failed.JSONObject[&amp;quot;threeDSServerTransID&amp;quot;] not found.&amp;lt;br&amp;gt; api response : {&amp;quot;errorComponent&amp;quot;:&amp;quot;S&amp;quot;,&amp;quot;errorDescription&amp;quot;:&amp;quot;CA Merchant Server:: Access Denied, Invalid End Point. Acquirer or Merchant not participating &amp;quot;,&amp;quot;messageType&amp;quot;:&amp;quot;Erro&amp;quot;,&amp;quot;errorCode&amp;quot;:&amp;quot;303&amp;quot;,&amp;quot;errorDetail&amp;quot;:&amp;quot;Access Denied, Invalid End Point&amp;quot;,&amp;quot;errorMessageType&amp;quot;:&amp;quot;AReq&amp;quot;,&amp;quot;messageVersion&amp;quot;:&amp;quot;2.1.0&amp;quot;}">
      <![CDATA[java.lang.AssertionError: Browser Flow:: Json Validation Failed.JSONObject["threeDSServerTransID"] not found.<br> api response : {"errorComponent":"S","errorDescription":"CA Merchant Server:: Access Denied, Invalid End Point. Acquirer or Merchant not participating ","messageType":"Erro","errorCode":"303","errorDetail":"Access Denied, Invalid End Point","errorMessageType":"AReq","messageVersion":"2.1.0"}
at com.ca.tds.main.TDSPreAreq_TC.testArequestAPI(TDSPreAreq_TC.java:137)
at java.util.concurrent.ThreadPoolExecutor.runWorker(ThreadPoolExecutor.java:1149)
at java.util.concurrent.ThreadPoolExecutor$Worker.run(ThreadPoolExecutor.java:624)
at java.lang.Thread.run(Thread.java:748)
... Removed 10 stack frames]]>
    </failure>
  </testcase> <!-- testArequestAPI -->
  <testcase name="testArequestAPI" time="2.678" classname="com.ca.tds.main.TDSPreAreq_TC">
    <failure type="java.lang.AssertionError" message="Browser Flow:: Json Validation Failed.JSONObject[&amp;quot;threeDSServerTransID&amp;quot;] not found.&amp;lt;br&amp;gt; api response : {&amp;quot;errorComponent&amp;quot;:&amp;quot;S&amp;quot;,&amp;quot;errorDescription&amp;quot;:&amp;quot;CA Merchant Server:: Access Denied, Invalid End Point. Acquirer or Merchant not participating &amp;quot;,&amp;quot;messageType&amp;quot;:&amp;quot;Erro&amp;quot;,&amp;quot;errorCode&amp;quot;:&amp;quot;303&amp;quot;,&amp;quot;errorDetail&amp;quot;:&amp;quot;Access Denied, Invalid End Point&amp;quot;,&amp;quot;errorMessageType&amp;quot;:&amp;quot;AReq&amp;quot;,&amp;quot;messageVersion&amp;quot;:&amp;quot;2.1.0&amp;quot;}">
      <![CDATA[java.lang.AssertionError: Browser Flow:: Json Validation Failed.JSONObject["threeDSServerTransID"] not found.<br> api response : {"errorComponent":"S","errorDescription":"CA Merchant Server:: Access Denied, Invalid End Point. Acquirer or Merchant not participating ","messageType":"Erro","errorCode":"303","errorDetail":"Access Denied, Invalid End Point","errorMessageType":"AReq","messageVersion":"2.1.0"}
at com.ca.tds.main.TDSPreAreq_TC.testArequestAPI(TDSPreAreq_TC.java:137)
at java.util.concurrent.ThreadPoolExecutor.runWorker(ThreadPoolExecutor.java:1149)
at java.util.concurrent.ThreadPoolExecutor$Worker.run(ThreadPoolExecutor.java:624)
at java.lang.Thread.run(Thread.java:748)
... Removed 10 stack frames]]>
    </failure>
  </testcase> <!-- testArequestAPI -->
  <testcase name="testArequestAPI" time="2.635" classname="com.ca.tds.main.TDSPreAreq_TC">
    <failure type="java.lang.AssertionError" message="Browser Flow:: Json Validation Failed.JSONObject[&amp;quot;threeDSServerTransID&amp;quot;] not found.&amp;lt;br&amp;gt; api response : {&amp;quot;errorComponent&amp;quot;:&amp;quot;S&amp;quot;,&amp;quot;errorDescription&amp;quot;:&amp;quot;CA Merchant Server:: Access Denied, Invalid End Point. Acquirer or Merchant not participating &amp;quot;,&amp;quot;messageType&amp;quot;:&amp;quot;Erro&amp;quot;,&amp;quot;errorCode&amp;quot;:&amp;quot;303&amp;quot;,&amp;quot;errorDetail&amp;quot;:&amp;quot;Access Denied, Invalid End Point&amp;quot;,&amp;quot;errorMessageType&amp;quot;:&amp;quot;AReq&amp;quot;,&amp;quot;messageVersion&amp;quot;:&amp;quot;2.1.0&amp;quot;}">
      <![CDATA[java.lang.AssertionError: Browser Flow:: Json Validation Failed.JSONObject["threeDSServerTransID"] not found.<br> api response : {"errorComponent":"S","errorDescription":"CA Merchant Server:: Access Denied, Invalid End Point. Acquirer or Merchant not participating ","messageType":"Erro","errorCode":"303","errorDetail":"Access Denied, Invalid End Point","errorMessageType":"AReq","messageVersion":"2.1.0"}
at com.ca.tds.main.TDSPreAreq_TC.testArequestAPI(TDSPreAreq_TC.java:137)
at java.util.concurrent.ThreadPoolExecutor.runWorker(ThreadPoolExecutor.java:1149)
at java.util.concurrent.ThreadPoolExecutor$Worker.run(ThreadPoolExecutor.java:624)
at java.lang.Thread.run(Thread.java:748)
... Removed 10 stack frames]]>
    </failure>
  </testcase> <!-- testArequestAPI -->
  <testcase name="testArequestAPI" time="2.539" classname="com.ca.tds.main.TDSPreAreq_TC">
    <failure type="java.lang.AssertionError" message="Browser Flow:: Json Validation Failed.JSONObject[&amp;quot;threeDSServerTransID&amp;quot;] not found.&amp;lt;br&amp;gt; api response : {&amp;quot;errorComponent&amp;quot;:&amp;quot;S&amp;quot;,&amp;quot;errorDescription&amp;quot;:&amp;quot;CA Merchant Server:: Access Denied, Invalid End Point. Acquirer or Merchant not participating &amp;quot;,&amp;quot;messageType&amp;quot;:&amp;quot;Erro&amp;quot;,&amp;quot;errorCode&amp;quot;:&amp;quot;303&amp;quot;,&amp;quot;errorDetail&amp;quot;:&amp;quot;Access Denied, Invalid End Point&amp;quot;,&amp;quot;errorMessageType&amp;quot;:&amp;quot;AReq&amp;quot;,&amp;quot;messageVersion&amp;quot;:&amp;quot;2.1.0&amp;quot;}">
      <![CDATA[java.lang.AssertionError: Browser Flow:: Json Validation Failed.JSONObject["threeDSServerTransID"] not found.<br> api response : {"errorComponent":"S","errorDescription":"CA Merchant Server:: Access Denied, Invalid End Point. Acquirer or Merchant not participating ","messageType":"Erro","errorCode":"303","errorDetail":"Access Denied, Invalid End Point","errorMessageType":"AReq","messageVersion":"2.1.0"}
at com.ca.tds.main.TDSPreAreq_TC.testArequestAPI(TDSPreAreq_TC.java:137)
at java.util.concurrent.ThreadPoolExecutor.runWorker(ThreadPoolExecutor.java:1149)
at java.util.concurrent.ThreadPoolExecutor$Worker.run(ThreadPoolExecutor.java:624)
at java.lang.Thread.run(Thread.java:748)
... Removed 10 stack frames]]>
    </failure>
  </testcase> <!-- testArequestAPI -->
  <testcase name="testArequestAPI" time="2.503" classname="com.ca.tds.main.TDSPreAreq_TC">
    <failure type="java.lang.AssertionError" message="Browser Flow:: Json Validation Failed.JSONObject[&amp;quot;threeDSServerTransID&amp;quot;] not found.&amp;lt;br&amp;gt; api response : {&amp;quot;errorComponent&amp;quot;:&amp;quot;S&amp;quot;,&amp;quot;errorDescription&amp;quot;:&amp;quot;CA Merchant Server:: Access Denied, Invalid End Point. Acquirer or Merchant not participating &amp;quot;,&amp;quot;messageType&amp;quot;:&amp;quot;Erro&amp;quot;,&amp;quot;errorCode&amp;quot;:&amp;quot;303&amp;quot;,&amp;quot;errorDetail&amp;quot;:&amp;quot;Access Denied, Invalid End Point&amp;quot;,&amp;quot;errorMessageType&amp;quot;:&amp;quot;AReq&amp;quot;,&amp;quot;messageVersion&amp;quot;:&amp;quot;2.1.0&amp;quot;}">
      <![CDATA[java.lang.AssertionError: Browser Flow:: Json Validation Failed.JSONObject["threeDSServerTransID"] not found.<br> api response : {"errorComponent":"S","errorDescription":"CA Merchant Server:: Access Denied, Invalid End Point. Acquirer or Merchant not participating ","messageType":"Erro","errorCode":"303","errorDetail":"Access Denied, Invalid End Point","errorMessageType":"AReq","messageVersion":"2.1.0"}
at com.ca.tds.main.TDSPreAreq_TC.testArequestAPI(TDSPreAreq_TC.java:137)
at java.util.concurrent.ThreadPoolExecutor.runWorker(ThreadPoolExecutor.java:1149)
at java.util.concurrent.ThreadPoolExecutor$Worker.run(ThreadPoolExecutor.java:624)
at java.lang.Thread.run(Thread.java:748)
... Removed 10 stack frames]]>
    </failure>
  </testcase> <!-- testArequestAPI -->
  <testcase name="testArequestAPI" time="2.666" classname="com.ca.tds.main.TDSPreAreq_TC">
    <failure type="java.lang.AssertionError" message="Browser Flow:: Json Validation Failed.JSONObject[&amp;quot;threeDSServerTransID&amp;quot;] not found.&amp;lt;br&amp;gt; api response : {&amp;quot;errorComponent&amp;quot;:&amp;quot;S&amp;quot;,&amp;quot;errorDescription&amp;quot;:&amp;quot;CA Merchant Server:: Access Denied, Invalid End Point. Acquirer or Merchant not participating &amp;quot;,&amp;quot;messageType&amp;quot;:&amp;quot;Erro&amp;quot;,&amp;quot;errorCode&amp;quot;:&amp;quot;303&amp;quot;,&amp;quot;errorDetail&amp;quot;:&amp;quot;Access Denied, Invalid End Point&amp;quot;,&amp;quot;errorMessageType&amp;quot;:&amp;quot;AReq&amp;quot;,&amp;quot;messageVersion&amp;quot;:&amp;quot;2.1.0&amp;quot;}">
      <![CDATA[java.lang.AssertionError: Browser Flow:: Json Validation Failed.JSONObject["threeDSServerTransID"] not found.<br> api response : {"errorComponent":"S","errorDescription":"CA Merchant Server:: Access Denied, Invalid End Point. Acquirer or Merchant not participating ","messageType":"Erro","errorCode":"303","errorDetail":"Access Denied, Invalid End Point","errorMessageType":"AReq","messageVersion":"2.1.0"}
at com.ca.tds.main.TDSPreAreq_TC.testArequestAPI(TDSPreAreq_TC.java:137)
at java.util.concurrent.ThreadPoolExecutor.runWorker(ThreadPoolExecutor.java:1149)
at java.util.concurrent.ThreadPoolExecutor$Worker.run(ThreadPoolExecutor.java:624)
at java.lang.Thread.run(Thread.java:748)
... Removed 10 stack frames]]>
    </failure>
  </testcase> <!-- testArequestAPI -->
  <testcase name="testArequestAPI" time="2.793" classname="com.ca.tds.main.TDSPreAreq_TC">
    <failure type="java.lang.AssertionError" message="Browser Flow:: Json Validation Failed.JSONObject[&amp;quot;threeDSServerTransID&amp;quot;] not found.&amp;lt;br&amp;gt; api response : {&amp;quot;errorComponent&amp;quot;:&amp;quot;S&amp;quot;,&amp;quot;errorDescription&amp;quot;:&amp;quot;CA Merchant Server:: Access Denied, Invalid End Point. Acquirer or Merchant not participating &amp;quot;,&amp;quot;messageType&amp;quot;:&amp;quot;Erro&amp;quot;,&amp;quot;errorCode&amp;quot;:&amp;quot;303&amp;quot;,&amp;quot;errorDetail&amp;quot;:&amp;quot;Access Denied, Invalid End Point&amp;quot;,&amp;quot;errorMessageType&amp;quot;:&amp;quot;AReq&amp;quot;,&amp;quot;messageVersion&amp;quot;:&amp;quot;2.1.0&amp;quot;}">
      <![CDATA[java.lang.AssertionError: Browser Flow:: Json Validation Failed.JSONObject["threeDSServerTransID"] not found.<br> api response : {"errorComponent":"S","errorDescription":"CA Merchant Server:: Access Denied, Invalid End Point. Acquirer or Merchant not participating ","messageType":"Erro","errorCode":"303","errorDetail":"Access Denied, Invalid End Point","errorMessageType":"AReq","messageVersion":"2.1.0"}
at com.ca.tds.main.TDSPreAreq_TC.testArequestAPI(TDSPreAreq_TC.java:137)
at java.util.concurrent.ThreadPoolExecutor.runWorker(ThreadPoolExecutor.java:1149)
at java.util.concurrent.ThreadPoolExecutor$Worker.run(ThreadPoolExecutor.java:624)
at java.lang.Thread.run(Thread.java:748)
... Removed 10 stack frames]]>
    </failure>
  </testcase> <!-- testArequestAPI -->
  <testcase name="testArequestAPI" time="2.594" classname="com.ca.tds.main.TDSPreAreq_TC">
    <failure type="java.lang.AssertionError" message="Browser Flow:: Json Validation Failed.JSONObject[&amp;quot;threeDSServerTransID&amp;quot;] not found.&amp;lt;br&amp;gt; api response : {&amp;quot;errorComponent&amp;quot;:&amp;quot;S&amp;quot;,&amp;quot;errorDescription&amp;quot;:&amp;quot;CA Merchant Server:: Access Denied, Invalid End Point. Acquirer or Merchant not participating &amp;quot;,&amp;quot;messageType&amp;quot;:&amp;quot;Erro&amp;quot;,&amp;quot;errorCode&amp;quot;:&amp;quot;303&amp;quot;,&amp;quot;errorDetail&amp;quot;:&amp;quot;Access Denied, Invalid End Point&amp;quot;,&amp;quot;errorMessageType&amp;quot;:&amp;quot;AReq&amp;quot;,&amp;quot;messageVersion&amp;quot;:&amp;quot;2.1.0&amp;quot;}">
      <![CDATA[java.lang.AssertionError: Browser Flow:: Json Validation Failed.JSONObject["threeDSServerTransID"] not found.<br> api response : {"errorComponent":"S","errorDescription":"CA Merchant Server:: Access Denied, Invalid End Point. Acquirer or Merchant not participating ","messageType":"Erro","errorCode":"303","errorDetail":"Access Denied, Invalid End Point","errorMessageType":"AReq","messageVersion":"2.1.0"}
at com.ca.tds.main.TDSPreAreq_TC.testArequestAPI(TDSPreAreq_TC.java:137)
at java.util.concurrent.ThreadPoolExecutor.runWorker(ThreadPoolExecutor.java:1149)
at java.util.concurrent.ThreadPoolExecutor$Worker.run(ThreadPoolExecutor.java:624)
at java.lang.Thread.run(Thread.java:748)
... Removed 10 stack frames]]>
    </failure>
  </testcase> <!-- testArequestAPI -->
  <testcase name="testArequestAPI" time="2.502" classname="com.ca.tds.main.TDSPreAreq_TC">
    <failure type="java.lang.AssertionError" message="Browser Flow:: Json Validation Failed.JSONObject[&amp;quot;threeDSServerTransID&amp;quot;] not found.&amp;lt;br&amp;gt; api response : {&amp;quot;errorComponent&amp;quot;:&amp;quot;S&amp;quot;,&amp;quot;errorDescription&amp;quot;:&amp;quot;CA Merchant Server:: Access Denied, Invalid End Point. Acquirer or Merchant not participating &amp;quot;,&amp;quot;messageType&amp;quot;:&amp;quot;Erro&amp;quot;,&amp;quot;errorCode&amp;quot;:&amp;quot;303&amp;quot;,&amp;quot;errorDetail&amp;quot;:&amp;quot;Access Denied, Invalid End Point&amp;quot;,&amp;quot;errorMessageType&amp;quot;:&amp;quot;AReq&amp;quot;,&amp;quot;messageVersion&amp;quot;:&amp;quot;2.1.0&amp;quot;}">
      <![CDATA[java.lang.AssertionError: Browser Flow:: Json Validation Failed.JSONObject["threeDSServerTransID"] not found.<br> api response : {"errorComponent":"S","errorDescription":"CA Merchant Server:: Access Denied, Invalid End Point. Acquirer or Merchant not participating ","messageType":"Erro","errorCode":"303","errorDetail":"Access Denied, Invalid End Point","errorMessageType":"AReq","messageVersion":"2.1.0"}
at com.ca.tds.main.TDSPreAreq_TC.testArequestAPI(TDSPreAreq_TC.java:137)
at java.util.concurrent.ThreadPoolExecutor.runWorker(ThreadPoolExecutor.java:1149)
at java.util.concurrent.ThreadPoolExecutor$Worker.run(ThreadPoolExecutor.java:624)
at java.lang.Thread.run(Thread.java:748)
... Removed 10 stack frames]]>
    </failure>
  </testcase> <!-- testArequestAPI -->
  <testcase name="testArequestAPI" time="2.774" classname="com.ca.tds.main.TDSPreAreq_TC">
    <failure type="java.lang.AssertionError" message="Browser Flow:: Json Validation Failed.JSONObject[&amp;quot;threeDSServerTransID&amp;quot;] not found.&amp;lt;br&amp;gt; api response : {&amp;quot;errorComponent&amp;quot;:&amp;quot;S&amp;quot;,&amp;quot;errorDescription&amp;quot;:&amp;quot;CA Merchant Server:: Access Denied, Invalid End Point. Acquirer or Merchant not participating &amp;quot;,&amp;quot;messageType&amp;quot;:&amp;quot;Erro&amp;quot;,&amp;quot;errorCode&amp;quot;:&amp;quot;303&amp;quot;,&amp;quot;errorDetail&amp;quot;:&amp;quot;Access Denied, Invalid End Point&amp;quot;,&amp;quot;errorMessageType&amp;quot;:&amp;quot;AReq&amp;quot;,&amp;quot;messageVersion&amp;quot;:&amp;quot;2.1.0&amp;quot;}">
      <![CDATA[java.lang.AssertionError: Browser Flow:: Json Validation Failed.JSONObject["threeDSServerTransID"] not found.<br> api response : {"errorComponent":"S","errorDescription":"CA Merchant Server:: Access Denied, Invalid End Point. Acquirer or Merchant not participating ","messageType":"Erro","errorCode":"303","errorDetail":"Access Denied, Invalid End Point","errorMessageType":"AReq","messageVersion":"2.1.0"}
at com.ca.tds.main.TDSPreAreq_TC.testArequestAPI(TDSPreAreq_TC.java:137)
at java.util.concurrent.ThreadPoolExecutor.runWorker(ThreadPoolExecutor.java:1149)
at java.util.concurrent.ThreadPoolExecutor$Worker.run(ThreadPoolExecutor.java:624)
at java.lang.Thread.run(Thread.java:748)
... Removed 10 stack frames]]>
    </failure>
  </testcase> <!-- testArequestAPI -->
  <testcase name="testArequestAPI" time="2.679" classname="com.ca.tds.main.TDSPreAreq_TC">
    <failure type="java.lang.AssertionError" message="Browser Flow:: Json Validation Failed.JSONObject[&amp;quot;threeDSServerTransID&amp;quot;] not found.&amp;lt;br&amp;gt; api response : {&amp;quot;errorComponent&amp;quot;:&amp;quot;S&amp;quot;,&amp;quot;errorDescription&amp;quot;:&amp;quot;CA Merchant Server:: Access Denied, Invalid End Point. Acquirer or Merchant not participating &amp;quot;,&amp;quot;messageType&amp;quot;:&amp;quot;Erro&amp;quot;,&amp;quot;errorCode&amp;quot;:&amp;quot;303&amp;quot;,&amp;quot;errorDetail&amp;quot;:&amp;quot;Access Denied, Invalid End Point&amp;quot;,&amp;quot;errorMessageType&amp;quot;:&amp;quot;AReq&amp;quot;,&amp;quot;messageVersion&amp;quot;:&amp;quot;2.1.0&amp;quot;}">
      <![CDATA[java.lang.AssertionError: Browser Flow:: Json Validation Failed.JSONObject["threeDSServerTransID"] not found.<br> api response : {"errorComponent":"S","errorDescription":"CA Merchant Server:: Access Denied, Invalid End Point. Acquirer or Merchant not participating ","messageType":"Erro","errorCode":"303","errorDetail":"Access Denied, Invalid End Point","errorMessageType":"AReq","messageVersion":"2.1.0"}
at com.ca.tds.main.TDSPreAreq_TC.testArequestAPI(TDSPreAreq_TC.java:137)
at java.util.concurrent.ThreadPoolExecutor.runWorker(ThreadPoolExecutor.java:1149)
at java.util.concurrent.ThreadPoolExecutor$Worker.run(ThreadPoolExecutor.java:624)
at java.lang.Thread.run(Thread.java:748)
... Removed 10 stack frames]]>
    </failure>
  </testcase> <!-- testArequestAPI -->
  <testcase name="testArequestAPI" time="2.587" classname="com.ca.tds.main.TDSPreAreq_TC">
    <failure type="java.lang.AssertionError" message="Browser Flow:: Json Validation Failed.JSONObject[&amp;quot;threeDSServerTransID&amp;quot;] not found.&amp;lt;br&amp;gt; api response : {&amp;quot;errorComponent&amp;quot;:&amp;quot;S&amp;quot;,&amp;quot;errorDescription&amp;quot;:&amp;quot;CA Merchant Server:: Access Denied, Invalid End Point. Acquirer or Merchant not participating &amp;quot;,&amp;quot;messageType&amp;quot;:&amp;quot;Erro&amp;quot;,&amp;quot;errorCode&amp;quot;:&amp;quot;303&amp;quot;,&amp;quot;errorDetail&amp;quot;:&amp;quot;Access Denied, Invalid End Point&amp;quot;,&amp;quot;errorMessageType&amp;quot;:&amp;quot;AReq&amp;quot;,&amp;quot;messageVersion&amp;quot;:&amp;quot;2.1.0&amp;quot;}">
      <![CDATA[java.lang.AssertionError: Browser Flow:: Json Validation Failed.JSONObject["threeDSServerTransID"] not found.<br> api response : {"errorComponent":"S","errorDescription":"CA Merchant Server:: Access Denied, Invalid End Point. Acquirer or Merchant not participating ","messageType":"Erro","errorCode":"303","errorDetail":"Access Denied, Invalid End Point","errorMessageType":"AReq","messageVersion":"2.1.0"}
at com.ca.tds.main.TDSPreAreq_TC.testArequestAPI(TDSPreAreq_TC.java:137)
at java.util.concurrent.ThreadPoolExecutor.runWorker(ThreadPoolExecutor.java:1149)
at java.util.concurrent.ThreadPoolExecutor$Worker.run(ThreadPoolExecutor.java:624)
at java.lang.Thread.run(Thread.java:748)
... Removed 10 stack frames]]>
    </failure>
  </testcase> <!-- testArequestAPI -->
  <testcase name="testArequestAPI" time="2.558" classname="com.ca.tds.main.TDSPreAreq_TC">
    <failure type="java.lang.AssertionError" message="Browser Flow:: Json Validation Failed.JSONObject[&amp;quot;threeDSServerTransID&amp;quot;] not found.&amp;lt;br&amp;gt; api response : {&amp;quot;errorComponent&amp;quot;:&amp;quot;S&amp;quot;,&amp;quot;errorDescription&amp;quot;:&amp;quot;CA Merchant Server:: Access Denied, Invalid End Point. Acquirer or Merchant not participating &amp;quot;,&amp;quot;messageType&amp;quot;:&amp;quot;Erro&amp;quot;,&amp;quot;errorCode&amp;quot;:&amp;quot;303&amp;quot;,&amp;quot;errorDetail&amp;quot;:&amp;quot;Access Denied, Invalid End Point&amp;quot;,&amp;quot;errorMessageType&amp;quot;:&amp;quot;AReq&amp;quot;,&amp;quot;messageVersion&amp;quot;:&amp;quot;2.1.0&amp;quot;}">
      <![CDATA[java.lang.AssertionError: Browser Flow:: Json Validation Failed.JSONObject["threeDSServerTransID"] not found.<br> api response : {"errorComponent":"S","errorDescription":"CA Merchant Server:: Access Denied, Invalid End Point. Acquirer or Merchant not participating ","messageType":"Erro","errorCode":"303","errorDetail":"Access Denied, Invalid End Point","errorMessageType":"AReq","messageVersion":"2.1.0"}
at com.ca.tds.main.TDSPreAreq_TC.testArequestAPI(TDSPreAreq_TC.java:137)
at java.util.concurrent.ThreadPoolExecutor.runWorker(ThreadPoolExecutor.java:1149)
at java.util.concurrent.ThreadPoolExecutor$Worker.run(ThreadPoolExecutor.java:624)
at java.lang.Thread.run(Thread.java:748)
... Removed 10 stack frames]]>
    </failure>
  </testcase> <!-- testArequestAPI -->
  <testcase name="testArequestAPI" time="2.555" classname="com.ca.tds.main.TDSPreAreq_TC">
    <failure type="java.lang.AssertionError" message="Browser Flow:: Json Validation Failed.JSONObject[&amp;quot;threeDSServerTransID&amp;quot;] not found.&amp;lt;br&amp;gt; api response : {&amp;quot;errorComponent&amp;quot;:&amp;quot;S&amp;quot;,&amp;quot;errorDescription&amp;quot;:&amp;quot;CA Merchant Server:: Access Denied, Invalid End Point. Acquirer or Merchant not participating &amp;quot;,&amp;quot;messageType&amp;quot;:&amp;quot;Erro&amp;quot;,&amp;quot;errorCode&amp;quot;:&amp;quot;303&amp;quot;,&amp;quot;errorDetail&amp;quot;:&amp;quot;Access Denied, Invalid End Point&amp;quot;,&amp;quot;errorMessageType&amp;quot;:&amp;quot;AReq&amp;quot;,&amp;quot;messageVersion&amp;quot;:&amp;quot;2.1.0&amp;quot;}">
      <![CDATA[java.lang.AssertionError: Browser Flow:: Json Validation Failed.JSONObject["threeDSServerTransID"] not found.<br> api response : {"errorComponent":"S","errorDescription":"CA Merchant Server:: Access Denied, Invalid End Point. Acquirer or Merchant not participating ","messageType":"Erro","errorCode":"303","errorDetail":"Access Denied, Invalid End Point","errorMessageType":"AReq","messageVersion":"2.1.0"}
at com.ca.tds.main.TDSPreAreq_TC.testArequestAPI(TDSPreAreq_TC.java:137)
at java.util.concurrent.ThreadPoolExecutor.runWorker(ThreadPoolExecutor.java:1149)
at java.util.concurrent.ThreadPoolExecutor$Worker.run(ThreadPoolExecutor.java:624)
at java.lang.Thread.run(Thread.java:748)
... Removed 10 stack frames]]>
    </failure>
  </testcase> <!-- testArequestAPI -->
  <testcase name="testArequestAPI" time="2.728" classname="com.ca.tds.main.TDSPreAreq_TC">
    <failure type="java.lang.AssertionError" message="Browser Flow:: Json Validation Failed.JSONObject[&amp;quot;threeDSServerTransID&amp;quot;] not found.&amp;lt;br&amp;gt; api response : {&amp;quot;errorComponent&amp;quot;:&amp;quot;S&amp;quot;,&amp;quot;errorDescription&amp;quot;:&amp;quot;CA Merchant Server:: Access Denied, Invalid End Point. Acquirer or Merchant not participating &amp;quot;,&amp;quot;messageType&amp;quot;:&amp;quot;Erro&amp;quot;,&amp;quot;errorCode&amp;quot;:&amp;quot;303&amp;quot;,&amp;quot;errorDetail&amp;quot;:&amp;quot;Access Denied, Invalid End Point&amp;quot;,&amp;quot;errorMessageType&amp;quot;:&amp;quot;AReq&amp;quot;,&amp;quot;messageVersion&amp;quot;:&amp;quot;2.1.0&amp;quot;}">
      <![CDATA[java.lang.AssertionError: Browser Flow:: Json Validation Failed.JSONObject["threeDSServerTransID"] not found.<br> api response : {"errorComponent":"S","errorDescription":"CA Merchant Server:: Access Denied, Invalid End Point. Acquirer or Merchant not participating ","messageType":"Erro","errorCode":"303","errorDetail":"Access Denied, Invalid End Point","errorMessageType":"AReq","messageVersion":"2.1.0"}
at com.ca.tds.main.TDSPreAreq_TC.testArequestAPI(TDSPreAreq_TC.java:137)
at java.util.concurrent.ThreadPoolExecutor.runWorker(ThreadPoolExecutor.java:1149)
at java.util.concurrent.ThreadPoolExecutor$Worker.run(ThreadPoolExecutor.java:624)
at java.lang.Thread.run(Thread.java:748)
... Removed 10 stack frames]]>
    </failure>
  </testcase> <!-- testArequestAPI -->
  <testcase name="testArequestAPI" time="2.563" classname="com.ca.tds.main.TDSPreAreq_TC">
    <failure type="java.lang.AssertionError" message="Browser Flow:: Json Validation Failed.JSONObject[&amp;quot;threeDSServerTransID&amp;quot;] not found.&amp;lt;br&amp;gt; api response : {&amp;quot;errorComponent&amp;quot;:&amp;quot;S&amp;quot;,&amp;quot;errorDescription&amp;quot;:&amp;quot;CA Merchant Server:: Access Denied, Invalid End Point. Acquirer or Merchant not participating &amp;quot;,&amp;quot;messageType&amp;quot;:&amp;quot;Erro&amp;quot;,&amp;quot;errorCode&amp;quot;:&amp;quot;303&amp;quot;,&amp;quot;errorDetail&amp;quot;:&amp;quot;Access Denied, Invalid End Point&amp;quot;,&amp;quot;errorMessageType&amp;quot;:&amp;quot;AReq&amp;quot;,&amp;quot;messageVersion&amp;quot;:&amp;quot;2.1.0&amp;quot;}">
      <![CDATA[java.lang.AssertionError: Browser Flow:: Json Validation Failed.JSONObject["threeDSServerTransID"] not found.<br> api response : {"errorComponent":"S","errorDescription":"CA Merchant Server:: Access Denied, Invalid End Point. Acquirer or Merchant not participating ","messageType":"Erro","errorCode":"303","errorDetail":"Access Denied, Invalid End Point","errorMessageType":"AReq","messageVersion":"2.1.0"}
at com.ca.tds.main.TDSPreAreq_TC.testArequestAPI(TDSPreAreq_TC.java:137)
at java.util.concurrent.ThreadPoolExecutor.runWorker(ThreadPoolExecutor.java:1149)
at java.util.concurrent.ThreadPoolExecutor$Worker.run(ThreadPoolExecutor.java:624)
at java.lang.Thread.run(Thread.java:748)
... Removed 10 stack frames]]>
    </failure>
  </testcase> <!-- testArequestAPI -->
  <testcase name="testArequestAPI" time="2.484" classname="com.ca.tds.main.TDSPreAreq_TC">
    <failure type="java.lang.AssertionError" message="Browser Flow:: Json Validation Failed.JSONObject[&amp;quot;threeDSServerTransID&amp;quot;] not found.&amp;lt;br&amp;gt; api response : {&amp;quot;errorComponent&amp;quot;:&amp;quot;S&amp;quot;,&amp;quot;errorDescription&amp;quot;:&amp;quot;CA Merchant Server:: Access Denied, Invalid End Point. Acquirer or Merchant not participating &amp;quot;,&amp;quot;messageType&amp;quot;:&amp;quot;Erro&amp;quot;,&amp;quot;errorCode&amp;quot;:&amp;quot;303&amp;quot;,&amp;quot;errorDetail&amp;quot;:&amp;quot;Access Denied, Invalid End Point&amp;quot;,&amp;quot;errorMessageType&amp;quot;:&amp;quot;AReq&amp;quot;,&amp;quot;messageVersion&amp;quot;:&amp;quot;2.1.0&amp;quot;}">
      <![CDATA[java.lang.AssertionError: Browser Flow:: Json Validation Failed.JSONObject["threeDSServerTransID"] not found.<br> api response : {"errorComponent":"S","errorDescription":"CA Merchant Server:: Access Denied, Invalid End Point. Acquirer or Merchant not participating ","messageType":"Erro","errorCode":"303","errorDetail":"Access Denied, Invalid End Point","errorMessageType":"AReq","messageVersion":"2.1.0"}
at com.ca.tds.main.TDSPreAreq_TC.testArequestAPI(TDSPreAreq_TC.java:137)
at java.util.concurrent.ThreadPoolExecutor.runWorker(ThreadPoolExecutor.java:1149)
at java.util.concurrent.ThreadPoolExecutor$Worker.run(ThreadPoolExecutor.java:624)
at java.lang.Thread.run(Thread.java:748)
... Removed 10 stack frames]]>
    </failure>
  </testcase> <!-- testArequestAPI -->
  <testcase name="testArequestAPI" time="2.592" classname="com.ca.tds.main.TDSPreAreq_TC">
    <failure type="java.lang.AssertionError" message="Browser Flow:: Json Validation Failed.JSONObject[&amp;quot;threeDSServerTransID&amp;quot;] not found.&amp;lt;br&amp;gt; api response : {&amp;quot;errorComponent&amp;quot;:&amp;quot;S&amp;quot;,&amp;quot;errorDescription&amp;quot;:&amp;quot;CA Merchant Server:: Access Denied, Invalid End Point. Acquirer or Merchant not participating &amp;quot;,&amp;quot;messageType&amp;quot;:&amp;quot;Erro&amp;quot;,&amp;quot;errorCode&amp;quot;:&amp;quot;303&amp;quot;,&amp;quot;errorDetail&amp;quot;:&amp;quot;Access Denied, Invalid End Point&amp;quot;,&amp;quot;errorMessageType&amp;quot;:&amp;quot;AReq&amp;quot;,&amp;quot;messageVersion&amp;quot;:&amp;quot;2.1.0&amp;quot;}">
      <![CDATA[java.lang.AssertionError: Browser Flow:: Json Validation Failed.JSONObject["threeDSServerTransID"] not found.<br> api response : {"errorComponent":"S","errorDescription":"CA Merchant Server:: Access Denied, Invalid End Point. Acquirer or Merchant not participating ","messageType":"Erro","errorCode":"303","errorDetail":"Access Denied, Invalid End Point","errorMessageType":"AReq","messageVersion":"2.1.0"}
at com.ca.tds.main.TDSPreAreq_TC.testArequestAPI(TDSPreAreq_TC.java:137)
at java.util.concurrent.ThreadPoolExecutor.runWorker(ThreadPoolExecutor.java:1149)
at java.util.concurrent.ThreadPoolExecutor$Worker.run(ThreadPoolExecutor.java:624)
at java.lang.Thread.run(Thread.java:748)
... Removed 10 stack frames]]>
    </failure>
  </testcase> <!-- testArequestAPI -->
  <testcase name="testArequestAPI" time="2.693" classname="com.ca.tds.main.TDSPreAreq_TC">
    <failure type="java.lang.AssertionError" message="Browser Flow:: Json Validation Failed.JSONObject[&amp;quot;threeDSServerTransID&amp;quot;] not found.&amp;lt;br&amp;gt; api response : {&amp;quot;errorComponent&amp;quot;:&amp;quot;S&amp;quot;,&amp;quot;errorDescription&amp;quot;:&amp;quot;CA Merchant Server:: Access Denied, Invalid End Point. Acquirer or Merchant not participating &amp;quot;,&amp;quot;messageType&amp;quot;:&amp;quot;Erro&amp;quot;,&amp;quot;errorCode&amp;quot;:&amp;quot;303&amp;quot;,&amp;quot;errorDetail&amp;quot;:&amp;quot;Access Denied, Invalid End Point&amp;quot;,&amp;quot;errorMessageType&amp;quot;:&amp;quot;AReq&amp;quot;,&amp;quot;messageVersion&amp;quot;:&amp;quot;2.1.0&amp;quot;}">
      <![CDATA[java.lang.AssertionError: Browser Flow:: Json Validation Failed.JSONObject["threeDSServerTransID"] not found.<br> api response : {"errorComponent":"S","errorDescription":"CA Merchant Server:: Access Denied, Invalid End Point. Acquirer or Merchant not participating ","messageType":"Erro","errorCode":"303","errorDetail":"Access Denied, Invalid End Point","errorMessageType":"AReq","messageVersion":"2.1.0"}
at com.ca.tds.main.TDSPreAreq_TC.testArequestAPI(TDSPreAreq_TC.java:137)
at java.util.concurrent.ThreadPoolExecutor.runWorker(ThreadPoolExecutor.java:1149)
at java.util.concurrent.ThreadPoolExecutor$Worker.run(ThreadPoolExecutor.java:624)
at java.lang.Thread.run(Thread.java:748)
... Removed 10 stack frames]]>
    </failure>
  </testcase> <!-- testArequestAPI -->
  <testcase name="testArequestAPI" time="2.55" classname="com.ca.tds.main.TDSPreAreq_TC">
    <failure type="java.lang.AssertionError" message="Browser Flow:: Json Validation Failed.JSONObject[&amp;quot;threeDSServerTransID&amp;quot;] not found.&amp;lt;br&amp;gt; api response : {&amp;quot;errorComponent&amp;quot;:&amp;quot;S&amp;quot;,&amp;quot;errorDescription&amp;quot;:&amp;quot;CA Merchant Server:: Access Denied, Invalid End Point. Acquirer or Merchant not participating &amp;quot;,&amp;quot;messageType&amp;quot;:&amp;quot;Erro&amp;quot;,&amp;quot;errorCode&amp;quot;:&amp;quot;303&amp;quot;,&amp;quot;errorDetail&amp;quot;:&amp;quot;Access Denied, Invalid End Point&amp;quot;,&amp;quot;errorMessageType&amp;quot;:&amp;quot;AReq&amp;quot;,&amp;quot;messageVersion&amp;quot;:&amp;quot;2.1.0&amp;quot;}">
      <![CDATA[java.lang.AssertionError: Browser Flow:: Json Validation Failed.JSONObject["threeDSServerTransID"] not found.<br> api response : {"errorComponent":"S","errorDescription":"CA Merchant Server:: Access Denied, Invalid End Point. Acquirer or Merchant not participating ","messageType":"Erro","errorCode":"303","errorDetail":"Access Denied, Invalid End Point","errorMessageType":"AReq","messageVersion":"2.1.0"}
at com.ca.tds.main.TDSPreAreq_TC.testArequestAPI(TDSPreAreq_TC.java:137)
at java.util.concurrent.ThreadPoolExecutor.runWorker(ThreadPoolExecutor.java:1149)
at java.util.concurrent.ThreadPoolExecutor$Worker.run(ThreadPoolExecutor.java:624)
at java.lang.Thread.run(Thread.java:748)
... Removed 10 stack frames]]>
    </failure>
  </testcase> <!-- testArequestAPI -->
  <testcase name="testArequestAPI" time="2.577" classname="com.ca.tds.main.TDSPreAreq_TC">
    <failure type="java.lang.AssertionError" message="Browser Flow:: Json Validation Failed.JSONObject[&amp;quot;threeDSServerTransID&amp;quot;] not found.&amp;lt;br&amp;gt; api response : {&amp;quot;errorComponent&amp;quot;:&amp;quot;S&amp;quot;,&amp;quot;errorDescription&amp;quot;:&amp;quot;CA Merchant Server:: Access Denied, Invalid End Point. Acquirer or Merchant not participating &amp;quot;,&amp;quot;messageType&amp;quot;:&amp;quot;Erro&amp;quot;,&amp;quot;errorCode&amp;quot;:&amp;quot;303&amp;quot;,&amp;quot;errorDetail&amp;quot;:&amp;quot;Access Denied, Invalid End Point&amp;quot;,&amp;quot;errorMessageType&amp;quot;:&amp;quot;AReq&amp;quot;,&amp;quot;messageVersion&amp;quot;:&amp;quot;2.1.0&amp;quot;}">
      <![CDATA[java.lang.AssertionError: Browser Flow:: Json Validation Failed.JSONObject["threeDSServerTransID"] not found.<br> api response : {"errorComponent":"S","errorDescription":"CA Merchant Server:: Access Denied, Invalid End Point. Acquirer or Merchant not participating ","messageType":"Erro","errorCode":"303","errorDetail":"Access Denied, Invalid End Point","errorMessageType":"AReq","messageVersion":"2.1.0"}
at com.ca.tds.main.TDSPreAreq_TC.testArequestAPI(TDSPreAreq_TC.java:137)
at java.util.concurrent.ThreadPoolExecutor.runWorker(ThreadPoolExecutor.java:1149)
at java.util.concurrent.ThreadPoolExecutor$Worker.run(ThreadPoolExecutor.java:624)
at java.lang.Thread.run(Thread.java:748)
... Removed 10 stack frames]]>
    </failure>
  </testcase> <!-- testArequestAPI -->
  <testcase name="testArequestAPI" time="2.634" classname="com.ca.tds.main.TDSPreAreq_TC">
    <failure type="java.lang.AssertionError" message="Browser Flow:: Json Validation Failed.JSONObject[&amp;quot;threeDSServerTransID&amp;quot;] not found.&amp;lt;br&amp;gt; api response : {&amp;quot;errorComponent&amp;quot;:&amp;quot;S&amp;quot;,&amp;quot;errorDescription&amp;quot;:&amp;quot;CA Merchant Server:: Access Denied, Invalid End Point. Acquirer or Merchant not participating &amp;quot;,&amp;quot;messageType&amp;quot;:&amp;quot;Erro&amp;quot;,&amp;quot;errorCode&amp;quot;:&amp;quot;303&amp;quot;,&amp;quot;errorDetail&amp;quot;:&amp;quot;Access Denied, Invalid End Point&amp;quot;,&amp;quot;errorMessageType&amp;quot;:&amp;quot;AReq&amp;quot;,&amp;quot;messageVersion&amp;quot;:&amp;quot;2.1.0&amp;quot;}">
      <![CDATA[java.lang.AssertionError: Browser Flow:: Json Validation Failed.JSONObject["threeDSServerTransID"] not found.<br> api response : {"errorComponent":"S","errorDescription":"CA Merchant Server:: Access Denied, Invalid End Point. Acquirer or Merchant not participating ","messageType":"Erro","errorCode":"303","errorDetail":"Access Denied, Invalid End Point","errorMessageType":"AReq","messageVersion":"2.1.0"}
at com.ca.tds.main.TDSPreAreq_TC.testArequestAPI(TDSPreAreq_TC.java:137)
at java.util.concurrent.ThreadPoolExecutor.runWorker(ThreadPoolExecutor.java:1149)
at java.util.concurrent.ThreadPoolExecutor$Worker.run(ThreadPoolExecutor.java:624)
at java.lang.Thread.run(Thread.java:748)
... Removed 10 stack frames]]>
    </failure>
  </testcase> <!-- testArequestAPI -->
  <testcase name="testArequestAPI" time="2.664" classname="com.ca.tds.main.TDSPreAreq_TC">
    <failure type="java.lang.AssertionError" message="Browser Flow:: Json Validation Failed.JSONObject[&amp;quot;threeDSServerTransID&amp;quot;] not found.&amp;lt;br&amp;gt; api response : {&amp;quot;errorComponent&amp;quot;:&amp;quot;S&amp;quot;,&amp;quot;errorDescription&amp;quot;:&amp;quot;CA Merchant Server:: Access Denied, Invalid End Point. Acquirer or Merchant not participating &amp;quot;,&amp;quot;messageType&amp;quot;:&amp;quot;Erro&amp;quot;,&amp;quot;errorCode&amp;quot;:&amp;quot;303&amp;quot;,&amp;quot;errorDetail&amp;quot;:&amp;quot;Access Denied, Invalid End Point&amp;quot;,&amp;quot;errorMessageType&amp;quot;:&amp;quot;AReq&amp;quot;,&amp;quot;messageVersion&amp;quot;:&amp;quot;2.1.0&amp;quot;}">
      <![CDATA[java.lang.AssertionError: Browser Flow:: Json Validation Failed.JSONObject["threeDSServerTransID"] not found.<br> api response : {"errorComponent":"S","errorDescription":"CA Merchant Server:: Access Denied, Invalid End Point. Acquirer or Merchant not participating ","messageType":"Erro","errorCode":"303","errorDetail":"Access Denied, Invalid End Point","errorMessageType":"AReq","messageVersion":"2.1.0"}
at com.ca.tds.main.TDSPreAreq_TC.testArequestAPI(TDSPreAreq_TC.java:137)
at java.util.concurrent.ThreadPoolExecutor.runWorker(ThreadPoolExecutor.java:1149)
at java.util.concurrent.ThreadPoolExecutor$Worker.run(ThreadPoolExecutor.java:624)
at java.lang.Thread.run(Thread.java:748)
... Removed 10 stack frames]]>
    </failure>
  </testcase> <!-- testArequestAPI -->
  <testcase name="testArequestAPI" time="2.521" classname="com.ca.tds.main.TDSPreAreq_TC">
    <failure type="java.lang.AssertionError" message="Browser Flow:: Json Validation Failed.JSONObject[&amp;quot;threeDSServerTransID&amp;quot;] not found.&amp;lt;br&amp;gt; api response : {&amp;quot;errorComponent&amp;quot;:&amp;quot;S&amp;quot;,&amp;quot;errorDescription&amp;quot;:&amp;quot;CA Merchant Server:: Access Denied, Invalid End Point. Acquirer or Merchant not participating &amp;quot;,&amp;quot;messageType&amp;quot;:&amp;quot;Erro&amp;quot;,&amp;quot;errorCode&amp;quot;:&amp;quot;303&amp;quot;,&amp;quot;errorDetail&amp;quot;:&amp;quot;Access Denied, Invalid End Point&amp;quot;,&amp;quot;errorMessageType&amp;quot;:&amp;quot;AReq&amp;quot;,&amp;quot;messageVersion&amp;quot;:&amp;quot;2.1.0&amp;quot;}">
      <![CDATA[java.lang.AssertionError: Browser Flow:: Json Validation Failed.JSONObject["threeDSServerTransID"] not found.<br> api response : {"errorComponent":"S","errorDescription":"CA Merchant Server:: Access Denied, Invalid End Point. Acquirer or Merchant not participating ","messageType":"Erro","errorCode":"303","errorDetail":"Access Denied, Invalid End Point","errorMessageType":"AReq","messageVersion":"2.1.0"}
at com.ca.tds.main.TDSPreAreq_TC.testArequestAPI(TDSPreAreq_TC.java:137)
at java.util.concurrent.ThreadPoolExecutor.runWorker(ThreadPoolExecutor.java:1149)
at java.util.concurrent.ThreadPoolExecutor$Worker.run(ThreadPoolExecutor.java:624)
at java.lang.Thread.run(Thread.java:748)
... Removed 10 stack frames]]>
    </failure>
  </testcase> <!-- testArequestAPI -->
  <testcase name="testArequestAPI" time="2.56" classname="com.ca.tds.main.TDSPreAreq_TC">
    <failure type="java.lang.AssertionError" message="Browser Flow:: Json Validation Failed.JSONObject[&amp;quot;threeDSServerTransID&amp;quot;] not found.&amp;lt;br&amp;gt; api response : {&amp;quot;errorComponent&amp;quot;:&amp;quot;S&amp;quot;,&amp;quot;errorDescription&amp;quot;:&amp;quot;CA Merchant Server:: Access Denied, Invalid End Point. Acquirer or Merchant not participating &amp;quot;,&amp;quot;messageType&amp;quot;:&amp;quot;Erro&amp;quot;,&amp;quot;errorCode&amp;quot;:&amp;quot;303&amp;quot;,&amp;quot;errorDetail&amp;quot;:&amp;quot;Access Denied, Invalid End Point&amp;quot;,&amp;quot;errorMessageType&amp;quot;:&amp;quot;AReq&amp;quot;,&amp;quot;messageVersion&amp;quot;:&amp;quot;2.1.0&amp;quot;}">
      <![CDATA[java.lang.AssertionError: Browser Flow:: Json Validation Failed.JSONObject["threeDSServerTransID"] not found.<br> api response : {"errorComponent":"S","errorDescription":"CA Merchant Server:: Access Denied, Invalid End Point. Acquirer or Merchant not participating ","messageType":"Erro","errorCode":"303","errorDetail":"Access Denied, Invalid End Point","errorMessageType":"AReq","messageVersion":"2.1.0"}
at com.ca.tds.main.TDSPreAreq_TC.testArequestAPI(TDSPreAreq_TC.java:137)
at java.util.concurrent.ThreadPoolExecutor.runWorker(ThreadPoolExecutor.java:1149)
at java.util.concurrent.ThreadPoolExecutor$Worker.run(ThreadPoolExecutor.java:624)
at java.lang.Thread.run(Thread.java:748)
... Removed 10 stack frames]]>
    </failure>
  </testcase> <!-- testArequestAPI -->
  <testcase name="testArequestAPI" time="2.688" classname="com.ca.tds.main.TDSPreAreq_TC">
    <failure type="java.lang.AssertionError" message="Browser Flow:: Json Validation Failed.JSONObject[&amp;quot;threeDSServerTransID&amp;quot;] not found.&amp;lt;br&amp;gt; api response : {&amp;quot;errorComponent&amp;quot;:&amp;quot;S&amp;quot;,&amp;quot;errorDescription&amp;quot;:&amp;quot;CA Merchant Server:: Access Denied, Invalid End Point. Acquirer or Merchant not participating &amp;quot;,&amp;quot;messageType&amp;quot;:&amp;quot;Erro&amp;quot;,&amp;quot;errorCode&amp;quot;:&amp;quot;303&amp;quot;,&amp;quot;errorDetail&amp;quot;:&amp;quot;Access Denied, Invalid End Point&amp;quot;,&amp;quot;errorMessageType&amp;quot;:&amp;quot;AReq&amp;quot;,&amp;quot;messageVersion&amp;quot;:&amp;quot;2.1.0&amp;quot;}">
      <![CDATA[java.lang.AssertionError: Browser Flow:: Json Validation Failed.JSONObject["threeDSServerTransID"] not found.<br> api response : {"errorComponent":"S","errorDescription":"CA Merchant Server:: Access Denied, Invalid End Point. Acquirer or Merchant not participating ","messageType":"Erro","errorCode":"303","errorDetail":"Access Denied, Invalid End Point","errorMessageType":"AReq","messageVersion":"2.1.0"}
at com.ca.tds.main.TDSPreAreq_TC.testArequestAPI(TDSPreAreq_TC.java:137)
at java.util.concurrent.ThreadPoolExecutor.runWorker(ThreadPoolExecutor.java:1149)
at java.util.concurrent.ThreadPoolExecutor$Worker.run(ThreadPoolExecutor.java:624)
at java.lang.Thread.run(Thread.java:748)
... Removed 10 stack frames]]>
    </failure>
  </testcase> <!-- testArequestAPI -->
  <testcase name="testArequestAPI" time="2.538" classname="com.ca.tds.main.TDSPreAreq_TC">
    <failure type="java.lang.AssertionError" message="Browser Flow:: Json Validation Failed.JSONObject[&amp;quot;threeDSServerTransID&amp;quot;] not found.&amp;lt;br&amp;gt; api response : {&amp;quot;errorComponent&amp;quot;:&amp;quot;S&amp;quot;,&amp;quot;errorDescription&amp;quot;:&amp;quot;CA Merchant Server:: Access Denied, Invalid End Point. Acquirer or Merchant not participating &amp;quot;,&amp;quot;messageType&amp;quot;:&amp;quot;Erro&amp;quot;,&amp;quot;errorCode&amp;quot;:&amp;quot;303&amp;quot;,&amp;quot;errorDetail&amp;quot;:&amp;quot;Access Denied, Invalid End Point&amp;quot;,&amp;quot;errorMessageType&amp;quot;:&amp;quot;AReq&amp;quot;,&amp;quot;messageVersion&amp;quot;:&amp;quot;2.1.0&amp;quot;}">
      <![CDATA[java.lang.AssertionError: Browser Flow:: Json Validation Failed.JSONObject["threeDSServerTransID"] not found.<br> api response : {"errorComponent":"S","errorDescription":"CA Merchant Server:: Access Denied, Invalid End Point. Acquirer or Merchant not participating ","messageType":"Erro","errorCode":"303","errorDetail":"Access Denied, Invalid End Point","errorMessageType":"AReq","messageVersion":"2.1.0"}
at com.ca.tds.main.TDSPreAreq_TC.testArequestAPI(TDSPreAreq_TC.java:137)
at java.util.concurrent.ThreadPoolExecutor.runWorker(ThreadPoolExecutor.java:1149)
at java.util.concurrent.ThreadPoolExecutor$Worker.run(ThreadPoolExecutor.java:624)
at java.lang.Thread.run(Thread.java:748)
... Removed 10 stack frames]]>
    </failure>
  </testcase> <!-- testArequestAPI -->
  <testcase name="testArequestAPI" time="2.544" classname="com.ca.tds.main.TDSPreAreq_TC">
    <failure type="java.lang.AssertionError" message="Browser Flow:: Json Validation Failed.JSONObject[&amp;quot;threeDSServerTransID&amp;quot;] not found.&amp;lt;br&amp;gt; api response : {&amp;quot;errorComponent&amp;quot;:&amp;quot;S&amp;quot;,&amp;quot;errorDescription&amp;quot;:&amp;quot;CA Merchant Server:: Access Denied, Invalid End Point. Acquirer or Merchant not participating &amp;quot;,&amp;quot;messageType&amp;quot;:&amp;quot;Erro&amp;quot;,&amp;quot;errorCode&amp;quot;:&amp;quot;303&amp;quot;,&amp;quot;errorDetail&amp;quot;:&amp;quot;Access Denied, Invalid End Point&amp;quot;,&amp;quot;errorMessageType&amp;quot;:&amp;quot;AReq&amp;quot;,&amp;quot;messageVersion&amp;quot;:&amp;quot;2.1.0&amp;quot;}">
      <![CDATA[java.lang.AssertionError: Browser Flow:: Json Validation Failed.JSONObject["threeDSServerTransID"] not found.<br> api response : {"errorComponent":"S","errorDescription":"CA Merchant Server:: Access Denied, Invalid End Point. Acquirer or Merchant not participating ","messageType":"Erro","errorCode":"303","errorDetail":"Access Denied, Invalid End Point","errorMessageType":"AReq","messageVersion":"2.1.0"}
at com.ca.tds.main.TDSPreAreq_TC.testArequestAPI(TDSPreAreq_TC.java:137)
at java.util.concurrent.ThreadPoolExecutor.runWorker(ThreadPoolExecutor.java:1149)
at java.util.concurrent.ThreadPoolExecutor$Worker.run(ThreadPoolExecutor.java:624)
at java.lang.Thread.run(Thread.java:748)
... Removed 10 stack frames]]>
    </failure>
  </testcase> <!-- testArequestAPI -->
  <testcase name="testArequestAPI" time="2.578" classname="com.ca.tds.main.TDSPreAreq_TC">
    <failure type="java.lang.AssertionError" message="Browser Flow:: Json Validation Failed.JSONObject[&amp;quot;threeDSServerTransID&amp;quot;] not found.&amp;lt;br&amp;gt; api response : {&amp;quot;errorComponent&amp;quot;:&amp;quot;S&amp;quot;,&amp;quot;errorDescription&amp;quot;:&amp;quot;CA Merchant Server:: Access Denied, Invalid End Point. Acquirer or Merchant not participating &amp;quot;,&amp;quot;messageType&amp;quot;:&amp;quot;Erro&amp;quot;,&amp;quot;errorCode&amp;quot;:&amp;quot;303&amp;quot;,&amp;quot;errorDetail&amp;quot;:&amp;quot;Access Denied, Invalid End Point&amp;quot;,&amp;quot;errorMessageType&amp;quot;:&amp;quot;AReq&amp;quot;,&amp;quot;messageVersion&amp;quot;:&amp;quot;2.1.0&amp;quot;}">
      <![CDATA[java.lang.AssertionError: Browser Flow:: Json Validation Failed.JSONObject["threeDSServerTransID"] not found.<br> api response : {"errorComponent":"S","errorDescription":"CA Merchant Server:: Access Denied, Invalid End Point. Acquirer or Merchant not participating ","messageType":"Erro","errorCode":"303","errorDetail":"Access Denied, Invalid End Point","errorMessageType":"AReq","messageVersion":"2.1.0"}
at com.ca.tds.main.TDSPreAreq_TC.testArequestAPI(TDSPreAreq_TC.java:137)
at java.util.concurrent.ThreadPoolExecutor.runWorker(ThreadPoolExecutor.java:1149)
at java.util.concurrent.ThreadPoolExecutor$Worker.run(ThreadPoolExecutor.java:624)
at java.lang.Thread.run(Thread.java:748)
... Removed 10 stack frames]]>
    </failure>
  </testcase> <!-- testArequestAPI -->
  <testcase name="testArequestAPI" time="2.724" classname="com.ca.tds.main.TDSPreAreq_TC">
    <failure type="java.lang.AssertionError" message="Browser Flow:: Json Validation Failed.JSONObject[&amp;quot;threeDSServerTransID&amp;quot;] not found.&amp;lt;br&amp;gt; api response : {&amp;quot;errorComponent&amp;quot;:&amp;quot;S&amp;quot;,&amp;quot;errorDescription&amp;quot;:&amp;quot;CA Merchant Server:: Access Denied, Invalid End Point. Acquirer or Merchant not participating &amp;quot;,&amp;quot;messageType&amp;quot;:&amp;quot;Erro&amp;quot;,&amp;quot;errorCode&amp;quot;:&amp;quot;303&amp;quot;,&amp;quot;errorDetail&amp;quot;:&amp;quot;Access Denied, Invalid End Point&amp;quot;,&amp;quot;errorMessageType&amp;quot;:&amp;quot;AReq&amp;quot;,&amp;quot;messageVersion&amp;quot;:&amp;quot;2.1.0&amp;quot;}">
      <![CDATA[java.lang.AssertionError: Browser Flow:: Json Validation Failed.JSONObject["threeDSServerTransID"] not found.<br> api response : {"errorComponent":"S","errorDescription":"CA Merchant Server:: Access Denied, Invalid End Point. Acquirer or Merchant not participating ","messageType":"Erro","errorCode":"303","errorDetail":"Access Denied, Invalid End Point","errorMessageType":"AReq","messageVersion":"2.1.0"}
at com.ca.tds.main.TDSPreAreq_TC.testArequestAPI(TDSPreAreq_TC.java:137)
at java.util.concurrent.ThreadPoolExecutor.runWorker(ThreadPoolExecutor.java:1149)
at java.util.concurrent.ThreadPoolExecutor$Worker.run(ThreadPoolExecutor.java:624)
at java.lang.Thread.run(Thread.java:748)
... Removed 10 stack frames]]>
    </failure>
  </testcase> <!-- testArequestAPI -->
  <testcase name="testArequestAPI" time="2.623" classname="com.ca.tds.main.TDSPreAreq_TC">
    <failure type="java.lang.AssertionError" message="Browser Flow:: Json Validation Failed.JSONObject[&amp;quot;threeDSServerTransID&amp;quot;] not found.&amp;lt;br&amp;gt; api response : {&amp;quot;errorComponent&amp;quot;:&amp;quot;S&amp;quot;,&amp;quot;errorDescription&amp;quot;:&amp;quot;CA Merchant Server:: Access Denied, Invalid End Point. Acquirer or Merchant not participating &amp;quot;,&amp;quot;messageType&amp;quot;:&amp;quot;Erro&amp;quot;,&amp;quot;errorCode&amp;quot;:&amp;quot;303&amp;quot;,&amp;quot;errorDetail&amp;quot;:&amp;quot;Access Denied, Invalid End Point&amp;quot;,&amp;quot;errorMessageType&amp;quot;:&amp;quot;AReq&amp;quot;,&amp;quot;messageVersion&amp;quot;:&amp;quot;2.1.0&amp;quot;}">
      <![CDATA[java.lang.AssertionError: Browser Flow:: Json Validation Failed.JSONObject["threeDSServerTransID"] not found.<br> api response : {"errorComponent":"S","errorDescription":"CA Merchant Server:: Access Denied, Invalid End Point. Acquirer or Merchant not participating ","messageType":"Erro","errorCode":"303","errorDetail":"Access Denied, Invalid End Point","errorMessageType":"AReq","messageVersion":"2.1.0"}
at com.ca.tds.main.TDSPreAreq_TC.testArequestAPI(TDSPreAreq_TC.java:137)
at java.util.concurrent.ThreadPoolExecutor.runWorker(ThreadPoolExecutor.java:1149)
at java.util.concurrent.ThreadPoolExecutor$Worker.run(ThreadPoolExecutor.java:624)
at java.lang.Thread.run(Thread.java:748)
... Removed 10 stack frames]]>
    </failure>
  </testcase> <!-- testArequestAPI -->
  <testcase name="testArequestAPI" time="2.512" classname="com.ca.tds.main.TDSPreAreq_TC">
    <failure type="java.lang.AssertionError" message="Browser Flow:: Json Validation Failed.JSONObject[&amp;quot;threeDSServerTransID&amp;quot;] not found.&amp;lt;br&amp;gt; api response : {&amp;quot;errorComponent&amp;quot;:&amp;quot;S&amp;quot;,&amp;quot;errorDescription&amp;quot;:&amp;quot;CA Merchant Server:: Access Denied, Invalid End Point. Acquirer or Merchant not participating &amp;quot;,&amp;quot;messageType&amp;quot;:&amp;quot;Erro&amp;quot;,&amp;quot;errorCode&amp;quot;:&amp;quot;303&amp;quot;,&amp;quot;errorDetail&amp;quot;:&amp;quot;Access Denied, Invalid End Point&amp;quot;,&amp;quot;errorMessageType&amp;quot;:&amp;quot;AReq&amp;quot;,&amp;quot;messageVersion&amp;quot;:&amp;quot;2.1.0&amp;quot;}">
      <![CDATA[java.lang.AssertionError: Browser Flow:: Json Validation Failed.JSONObject["threeDSServerTransID"] not found.<br> api response : {"errorComponent":"S","errorDescription":"CA Merchant Server:: Access Denied, Invalid End Point. Acquirer or Merchant not participating ","messageType":"Erro","errorCode":"303","errorDetail":"Access Denied, Invalid End Point","errorMessageType":"AReq","messageVersion":"2.1.0"}
at com.ca.tds.main.TDSPreAreq_TC.testArequestAPI(TDSPreAreq_TC.java:137)
at java.util.concurrent.ThreadPoolExecutor.runWorker(ThreadPoolExecutor.java:1149)
at java.util.concurrent.ThreadPoolExecutor$Worker.run(ThreadPoolExecutor.java:624)
at java.lang.Thread.run(Thread.java:748)
... Removed 10 stack frames]]>
    </failure>
  </testcase> <!-- testArequestAPI -->
  <testcase name="testArequestAPI" time="2.576" classname="com.ca.tds.main.TDSPreAreq_TC">
    <failure type="java.lang.AssertionError" message="Browser Flow:: Json Validation Failed.JSONObject[&amp;quot;threeDSServerTransID&amp;quot;] not found.&amp;lt;br&amp;gt; api response : {&amp;quot;errorComponent&amp;quot;:&amp;quot;S&amp;quot;,&amp;quot;errorDescription&amp;quot;:&amp;quot;CA Merchant Server:: Access Denied, Invalid End Point. Acquirer or Merchant not participating &amp;quot;,&amp;quot;messageType&amp;quot;:&amp;quot;Erro&amp;quot;,&amp;quot;errorCode&amp;quot;:&amp;quot;303&amp;quot;,&amp;quot;errorDetail&amp;quot;:&amp;quot;Access Denied, Invalid End Point&amp;quot;,&amp;quot;errorMessageType&amp;quot;:&amp;quot;AReq&amp;quot;,&amp;quot;messageVersion&amp;quot;:&amp;quot;2.1.0&amp;quot;}">
      <![CDATA[java.lang.AssertionError: Browser Flow:: Json Validation Failed.JSONObject["threeDSServerTransID"] not found.<br> api response : {"errorComponent":"S","errorDescription":"CA Merchant Server:: Access Denied, Invalid End Point. Acquirer or Merchant not participating ","messageType":"Erro","errorCode":"303","errorDetail":"Access Denied, Invalid End Point","errorMessageType":"AReq","messageVersion":"2.1.0"}
at com.ca.tds.main.TDSPreAreq_TC.testArequestAPI(TDSPreAreq_TC.java:137)
at java.util.concurrent.ThreadPoolExecutor.runWorker(ThreadPoolExecutor.java:1149)
at java.util.concurrent.ThreadPoolExecutor$Worker.run(ThreadPoolExecutor.java:624)
at java.lang.Thread.run(Thread.java:748)
... Removed 10 stack frames]]>
    </failure>
  </testcase> <!-- testArequestAPI -->
  <testcase name="testArequestAPI" time="2.481" classname="com.ca.tds.main.TDSPreAreq_TC">
    <failure type="java.lang.AssertionError" message="Browser Flow:: Json Validation Failed.JSONObject[&amp;quot;threeDSServerTransID&amp;quot;] not found.&amp;lt;br&amp;gt; api response : {&amp;quot;errorComponent&amp;quot;:&amp;quot;S&amp;quot;,&amp;quot;errorDescription&amp;quot;:&amp;quot;CA Merchant Server:: Access Denied, Invalid End Point. Acquirer or Merchant not participating &amp;quot;,&amp;quot;messageType&amp;quot;:&amp;quot;Erro&amp;quot;,&amp;quot;errorCode&amp;quot;:&amp;quot;303&amp;quot;,&amp;quot;errorDetail&amp;quot;:&amp;quot;Access Denied, Invalid End Point&amp;quot;,&amp;quot;errorMessageType&amp;quot;:&amp;quot;AReq&amp;quot;,&amp;quot;messageVersion&amp;quot;:&amp;quot;2.1.0&amp;quot;}">
      <![CDATA[java.lang.AssertionError: Browser Flow:: Json Validation Failed.JSONObject["threeDSServerTransID"] not found.<br> api response : {"errorComponent":"S","errorDescription":"CA Merchant Server:: Access Denied, Invalid End Point. Acquirer or Merchant not participating ","messageType":"Erro","errorCode":"303","errorDetail":"Access Denied, Invalid End Point","errorMessageType":"AReq","messageVersion":"2.1.0"}
at com.ca.tds.main.TDSPreAreq_TC.testArequestAPI(TDSPreAreq_TC.java:137)
at java.util.concurrent.ThreadPoolExecutor.runWorker(ThreadPoolExecutor.java:1149)
at java.util.concurrent.ThreadPoolExecutor$Worker.run(ThreadPoolExecutor.java:624)
at java.lang.Thread.run(Thread.java:748)
... Removed 10 stack frames]]>
    </failure>
  </testcase> <!-- testArequestAPI -->
  <testcase name="testArequestAPI" time="2.589" classname="com.ca.tds.main.TDSPreAreq_TC">
    <failure type="java.lang.AssertionError" message="Browser Flow:: Json Validation Failed.JSONObject[&amp;quot;threeDSServerTransID&amp;quot;] not found.&amp;lt;br&amp;gt; api response : {&amp;quot;errorComponent&amp;quot;:&amp;quot;S&amp;quot;,&amp;quot;errorDescription&amp;quot;:&amp;quot;CA Merchant Server:: Access Denied, Invalid End Point. Acquirer or Merchant not participating &amp;quot;,&amp;quot;messageType&amp;quot;:&amp;quot;Erro&amp;quot;,&amp;quot;errorCode&amp;quot;:&amp;quot;303&amp;quot;,&amp;quot;errorDetail&amp;quot;:&amp;quot;Access Denied, Invalid End Point&amp;quot;,&amp;quot;errorMessageType&amp;quot;:&amp;quot;AReq&amp;quot;,&amp;quot;messageVersion&amp;quot;:&amp;quot;2.1.0&amp;quot;}">
      <![CDATA[java.lang.AssertionError: Browser Flow:: Json Validation Failed.JSONObject["threeDSServerTransID"] not found.<br> api response : {"errorComponent":"S","errorDescription":"CA Merchant Server:: Access Denied, Invalid End Point. Acquirer or Merchant not participating ","messageType":"Erro","errorCode":"303","errorDetail":"Access Denied, Invalid End Point","errorMessageType":"AReq","messageVersion":"2.1.0"}
at com.ca.tds.main.TDSPreAreq_TC.testArequestAPI(TDSPreAreq_TC.java:137)
at java.util.concurrent.ThreadPoolExecutor.runWorker(ThreadPoolExecutor.java:1149)
at java.util.concurrent.ThreadPoolExecutor$Worker.run(ThreadPoolExecutor.java:624)
at java.lang.Thread.run(Thread.java:748)
... Removed 10 stack frames]]>
    </failure>
  </testcase> <!-- testArequestAPI -->
  <testcase name="testArequestAPI" time="2.557" classname="com.ca.tds.main.TDSPreAreq_TC">
    <failure type="java.lang.AssertionError" message="Browser Flow:: Json Validation Failed.JSONObject[&amp;quot;threeDSServerTransID&amp;quot;] not found.&amp;lt;br&amp;gt; api response : {&amp;quot;errorComponent&amp;quot;:&amp;quot;S&amp;quot;,&amp;quot;errorDescription&amp;quot;:&amp;quot;CA Merchant Server:: Access Denied, Invalid End Point. Acquirer or Merchant not participating &amp;quot;,&amp;quot;messageType&amp;quot;:&amp;quot;Erro&amp;quot;,&amp;quot;errorCode&amp;quot;:&amp;quot;303&amp;quot;,&amp;quot;errorDetail&amp;quot;:&amp;quot;Access Denied, Invalid End Point&amp;quot;,&amp;quot;errorMessageType&amp;quot;:&amp;quot;AReq&amp;quot;,&amp;quot;messageVersion&amp;quot;:&amp;quot;2.1.0&amp;quot;}">
      <![CDATA[java.lang.AssertionError: Browser Flow:: Json Validation Failed.JSONObject["threeDSServerTransID"] not found.<br> api response : {"errorComponent":"S","errorDescription":"CA Merchant Server:: Access Denied, Invalid End Point. Acquirer or Merchant not participating ","messageType":"Erro","errorCode":"303","errorDetail":"Access Denied, Invalid End Point","errorMessageType":"AReq","messageVersion":"2.1.0"}
at com.ca.tds.main.TDSPreAreq_TC.testArequestAPI(TDSPreAreq_TC.java:137)
at java.util.concurrent.ThreadPoolExecutor.runWorker(ThreadPoolExecutor.java:1149)
at java.util.concurrent.ThreadPoolExecutor$Worker.run(ThreadPoolExecutor.java:624)
at java.lang.Thread.run(Thread.java:748)
... Removed 10 stack frames]]>
    </failure>
  </testcase> <!-- testArequestAPI -->
  <testcase name="testArequestAPI" time="2.52" classname="com.ca.tds.main.TDSPreAreq_TC">
    <failure type="java.lang.AssertionError" message="Browser Flow:: Json Validation Failed.JSONObject[&amp;quot;threeDSServerTransID&amp;quot;] not found.&amp;lt;br&amp;gt; api response : {&amp;quot;errorComponent&amp;quot;:&amp;quot;S&amp;quot;,&amp;quot;errorDescription&amp;quot;:&amp;quot;CA Merchant Server:: Access Denied, Invalid End Point. Acquirer or Merchant not participating &amp;quot;,&amp;quot;messageType&amp;quot;:&amp;quot;Erro&amp;quot;,&amp;quot;errorCode&amp;quot;:&amp;quot;303&amp;quot;,&amp;quot;errorDetail&amp;quot;:&amp;quot;Access Denied, Invalid End Point&amp;quot;,&amp;quot;errorMessageType&amp;quot;:&amp;quot;AReq&amp;quot;,&amp;quot;messageVersion&amp;quot;:&amp;quot;2.1.0&amp;quot;}">
      <![CDATA[java.lang.AssertionError: Browser Flow:: Json Validation Failed.JSONObject["threeDSServerTransID"] not found.<br> api response : {"errorComponent":"S","errorDescription":"CA Merchant Server:: Access Denied, Invalid End Point. Acquirer or Merchant not participating ","messageType":"Erro","errorCode":"303","errorDetail":"Access Denied, Invalid End Point","errorMessageType":"AReq","messageVersion":"2.1.0"}
at com.ca.tds.main.TDSPreAreq_TC.testArequestAPI(TDSPreAreq_TC.java:137)
at java.util.concurrent.ThreadPoolExecutor.runWorker(ThreadPoolExecutor.java:1149)
at java.util.concurrent.ThreadPoolExecutor$Worker.run(ThreadPoolExecutor.java:624)
at java.lang.Thread.run(Thread.java:748)
... Removed 10 stack frames]]>
    </failure>
  </testcase> <!-- testArequestAPI -->
  <testcase name="testArequestAPI" time="2.609" classname="com.ca.tds.main.TDSPreAreq_TC">
    <failure type="java.lang.AssertionError" message="Browser Flow:: Json Validation Failed.JSONObject[&amp;quot;threeDSServerTransID&amp;quot;] not found.&amp;lt;br&amp;gt; api response : {&amp;quot;errorComponent&amp;quot;:&amp;quot;S&amp;quot;,&amp;quot;errorDescription&amp;quot;:&amp;quot;CA Merchant Server:: Access Denied, Invalid End Point. Acquirer or Merchant not participating &amp;quot;,&amp;quot;messageType&amp;quot;:&amp;quot;Erro&amp;quot;,&amp;quot;errorCode&amp;quot;:&amp;quot;303&amp;quot;,&amp;quot;errorDetail&amp;quot;:&amp;quot;Access Denied, Invalid End Point&amp;quot;,&amp;quot;errorMessageType&amp;quot;:&amp;quot;AReq&amp;quot;,&amp;quot;messageVersion&amp;quot;:&amp;quot;2.1.0&amp;quot;}">
      <![CDATA[java.lang.AssertionError: Browser Flow:: Json Validation Failed.JSONObject["threeDSServerTransID"] not found.<br> api response : {"errorComponent":"S","errorDescription":"CA Merchant Server:: Access Denied, Invalid End Point. Acquirer or Merchant not participating ","messageType":"Erro","errorCode":"303","errorDetail":"Access Denied, Invalid End Point","errorMessageType":"AReq","messageVersion":"2.1.0"}
at com.ca.tds.main.TDSPreAreq_TC.testArequestAPI(TDSPreAreq_TC.java:137)
at java.util.concurrent.ThreadPoolExecutor.runWorker(ThreadPoolExecutor.java:1149)
at java.util.concurrent.ThreadPoolExecutor$Worker.run(ThreadPoolExecutor.java:624)
at java.lang.Thread.run(Thread.java:748)
... Removed 10 stack frames]]>
    </failure>
  </testcase> <!-- testArequestAPI -->
  <testcase name="testArequestAPI" time="2.78" classname="com.ca.tds.main.TDSPreAreq_TC">
    <failure type="java.lang.AssertionError" message="Browser Flow:: Json Validation Failed.JSONObject[&amp;quot;threeDSServerTransID&amp;quot;] not found.&amp;lt;br&amp;gt; api response : {&amp;quot;errorComponent&amp;quot;:&amp;quot;S&amp;quot;,&amp;quot;errorDescription&amp;quot;:&amp;quot;CA Merchant Server:: Access Denied, Invalid End Point. Acquirer or Merchant not participating &amp;quot;,&amp;quot;messageType&amp;quot;:&amp;quot;Erro&amp;quot;,&amp;quot;errorCode&amp;quot;:&amp;quot;303&amp;quot;,&amp;quot;errorDetail&amp;quot;:&amp;quot;Access Denied, Invalid End Point&amp;quot;,&amp;quot;errorMessageType&amp;quot;:&amp;quot;AReq&amp;quot;,&amp;quot;messageVersion&amp;quot;:&amp;quot;2.1.0&amp;quot;}">
      <![CDATA[java.lang.AssertionError: Browser Flow:: Json Validation Failed.JSONObject["threeDSServerTransID"] not found.<br> api response : {"errorComponent":"S","errorDescription":"CA Merchant Server:: Access Denied, Invalid End Point. Acquirer or Merchant not participating ","messageType":"Erro","errorCode":"303","errorDetail":"Access Denied, Invalid End Point","errorMessageType":"AReq","messageVersion":"2.1.0"}
at com.ca.tds.main.TDSPreAreq_TC.testArequestAPI(TDSPreAreq_TC.java:137)
at java.util.concurrent.ThreadPoolExecutor.runWorker(ThreadPoolExecutor.java:1149)
at java.util.concurrent.ThreadPoolExecutor$Worker.run(ThreadPoolExecutor.java:624)
at java.lang.Thread.run(Thread.java:748)
... Removed 10 stack frames]]>
    </failure>
  </testcase> <!-- testArequestAPI -->
  <testcase name="testArequestAPI" time="2.593" classname="com.ca.tds.main.TDSPreAreq_TC">
    <failure type="java.lang.AssertionError" message="Browser Flow:: Json Validation Failed.JSONObject[&amp;quot;threeDSServerTransID&amp;quot;] not found.&amp;lt;br&amp;gt; api response : {&amp;quot;errorComponent&amp;quot;:&amp;quot;S&amp;quot;,&amp;quot;errorDescription&amp;quot;:&amp;quot;CA Merchant Server:: Access Denied, Invalid End Point. Acquirer or Merchant not participating &amp;quot;,&amp;quot;messageType&amp;quot;:&amp;quot;Erro&amp;quot;,&amp;quot;errorCode&amp;quot;:&amp;quot;303&amp;quot;,&amp;quot;errorDetail&amp;quot;:&amp;quot;Access Denied, Invalid End Point&amp;quot;,&amp;quot;errorMessageType&amp;quot;:&amp;quot;AReq&amp;quot;,&amp;quot;messageVersion&amp;quot;:&amp;quot;2.1.0&amp;quot;}">
      <![CDATA[java.lang.AssertionError: Browser Flow:: Json Validation Failed.JSONObject["threeDSServerTransID"] not found.<br> api response : {"errorComponent":"S","errorDescription":"CA Merchant Server:: Access Denied, Invalid End Point. Acquirer or Merchant not participating ","messageType":"Erro","errorCode":"303","errorDetail":"Access Denied, Invalid End Point","errorMessageType":"AReq","messageVersion":"2.1.0"}
at com.ca.tds.main.TDSPreAreq_TC.testArequestAPI(TDSPreAreq_TC.java:137)
at java.util.concurrent.ThreadPoolExecutor.runWorker(ThreadPoolExecutor.java:1149)
at java.util.concurrent.ThreadPoolExecutor$Worker.run(ThreadPoolExecutor.java:624)
at java.lang.Thread.run(Thread.java:748)
... Removed 10 stack frames]]>
    </failure>
  </testcase> <!-- testArequestAPI -->
  <testcase name="testArequestAPI" time="2.554" classname="com.ca.tds.main.TDSPreAreq_TC">
    <failure type="java.lang.AssertionError" message="Browser Flow:: Json Validation Failed.JSONObject[&amp;quot;threeDSServerTransID&amp;quot;] not found.&amp;lt;br&amp;gt; api response : {&amp;quot;errorComponent&amp;quot;:&amp;quot;S&amp;quot;,&amp;quot;errorDescription&amp;quot;:&amp;quot;CA Merchant Server:: Access Denied, Invalid End Point. Acquirer or Merchant not participating &amp;quot;,&amp;quot;messageType&amp;quot;:&amp;quot;Erro&amp;quot;,&amp;quot;errorCode&amp;quot;:&amp;quot;303&amp;quot;,&amp;quot;errorDetail&amp;quot;:&amp;quot;Access Denied, Invalid End Point&amp;quot;,&amp;quot;errorMessageType&amp;quot;:&amp;quot;AReq&amp;quot;,&amp;quot;messageVersion&amp;quot;:&amp;quot;2.1.0&amp;quot;}">
      <![CDATA[java.lang.AssertionError: Browser Flow:: Json Validation Failed.JSONObject["threeDSServerTransID"] not found.<br> api response : {"errorComponent":"S","errorDescription":"CA Merchant Server:: Access Denied, Invalid End Point. Acquirer or Merchant not participating ","messageType":"Erro","errorCode":"303","errorDetail":"Access Denied, Invalid End Point","errorMessageType":"AReq","messageVersion":"2.1.0"}
at com.ca.tds.main.TDSPreAreq_TC.testArequestAPI(TDSPreAreq_TC.java:137)
at java.util.concurrent.ThreadPoolExecutor.runWorker(ThreadPoolExecutor.java:1149)
at java.util.concurrent.ThreadPoolExecutor$Worker.run(ThreadPoolExecutor.java:624)
at java.lang.Thread.run(Thread.java:748)
... Removed 10 stack frames]]>
    </failure>
  </testcase> <!-- testArequestAPI -->
  <testcase name="testArequestAPI" time="2.683" classname="com.ca.tds.main.TDSPreAreq_TC">
    <failure type="java.lang.AssertionError" message="Browser Flow:: Json Validation Failed.JSONObject[&amp;quot;threeDSServerTransID&amp;quot;] not found.&amp;lt;br&amp;gt; api response : {&amp;quot;errorComponent&amp;quot;:&amp;quot;S&amp;quot;,&amp;quot;errorDescription&amp;quot;:&amp;quot;CA Merchant Server:: Access Denied, Invalid End Point. Acquirer or Merchant not participating &amp;quot;,&amp;quot;messageType&amp;quot;:&amp;quot;Erro&amp;quot;,&amp;quot;errorCode&amp;quot;:&amp;quot;303&amp;quot;,&amp;quot;errorDetail&amp;quot;:&amp;quot;Access Denied, Invalid End Point&amp;quot;,&amp;quot;errorMessageType&amp;quot;:&amp;quot;AReq&amp;quot;,&amp;quot;messageVersion&amp;quot;:&amp;quot;2.1.0&amp;quot;}">
      <![CDATA[java.lang.AssertionError: Browser Flow:: Json Validation Failed.JSONObject["threeDSServerTransID"] not found.<br> api response : {"errorComponent":"S","errorDescription":"CA Merchant Server:: Access Denied, Invalid End Point. Acquirer or Merchant not participating ","messageType":"Erro","errorCode":"303","errorDetail":"Access Denied, Invalid End Point","errorMessageType":"AReq","messageVersion":"2.1.0"}
at com.ca.tds.main.TDSPreAreq_TC.testArequestAPI(TDSPreAreq_TC.java:137)
at java.util.concurrent.ThreadPoolExecutor.runWorker(ThreadPoolExecutor.java:1149)
at java.util.concurrent.ThreadPoolExecutor$Worker.run(ThreadPoolExecutor.java:624)
at java.lang.Thread.run(Thread.java:748)
... Removed 10 stack frames]]>
    </failure>
  </testcase> <!-- testArequestAPI -->
  <testcase name="testArequestAPI" time="2.58" classname="com.ca.tds.main.TDSPreAreq_TC">
    <failure type="java.lang.AssertionError" message="Browser Flow:: Json Validation Failed.JSONObject[&amp;quot;threeDSServerTransID&amp;quot;] not found.&amp;lt;br&amp;gt; api response : {&amp;quot;errorComponent&amp;quot;:&amp;quot;S&amp;quot;,&amp;quot;errorDescription&amp;quot;:&amp;quot;CA Merchant Server:: Access Denied, Invalid End Point. Acquirer or Merchant not participating &amp;quot;,&amp;quot;messageType&amp;quot;:&amp;quot;Erro&amp;quot;,&amp;quot;errorCode&amp;quot;:&amp;quot;303&amp;quot;,&amp;quot;errorDetail&amp;quot;:&amp;quot;Access Denied, Invalid End Point&amp;quot;,&amp;quot;errorMessageType&amp;quot;:&amp;quot;AReq&amp;quot;,&amp;quot;messageVersion&amp;quot;:&amp;quot;2.1.0&amp;quot;}">
      <![CDATA[java.lang.AssertionError: Browser Flow:: Json Validation Failed.JSONObject["threeDSServerTransID"] not found.<br> api response : {"errorComponent":"S","errorDescription":"CA Merchant Server:: Access Denied, Invalid End Point. Acquirer or Merchant not participating ","messageType":"Erro","errorCode":"303","errorDetail":"Access Denied, Invalid End Point","errorMessageType":"AReq","messageVersion":"2.1.0"}
at com.ca.tds.main.TDSPreAreq_TC.testArequestAPI(TDSPreAreq_TC.java:137)
at java.util.concurrent.ThreadPoolExecutor.runWorker(ThreadPoolExecutor.java:1149)
at java.util.concurrent.ThreadPoolExecutor$Worker.run(ThreadPoolExecutor.java:624)
at java.lang.Thread.run(Thread.java:748)
... Removed 10 stack frames]]>
    </failure>
  </testcase> <!-- testArequestAPI -->
  <testcase name="testArequestAPI" time="2.681" classname="com.ca.tds.main.TDSPreAreq_TC">
    <failure type="java.lang.AssertionError" message="Browser Flow:: Json Validation Failed.JSONObject[&amp;quot;threeDSServerTransID&amp;quot;] not found.&amp;lt;br&amp;gt; api response : {&amp;quot;errorComponent&amp;quot;:&amp;quot;S&amp;quot;,&amp;quot;errorDescription&amp;quot;:&amp;quot;CA Merchant Server:: Access Denied, Invalid End Point. Acquirer or Merchant not participating &amp;quot;,&amp;quot;messageType&amp;quot;:&amp;quot;Erro&amp;quot;,&amp;quot;errorCode&amp;quot;:&amp;quot;303&amp;quot;,&amp;quot;errorDetail&amp;quot;:&amp;quot;Access Denied, Invalid End Point&amp;quot;,&amp;quot;errorMessageType&amp;quot;:&amp;quot;AReq&amp;quot;,&amp;quot;messageVersion&amp;quot;:&amp;quot;2.1.0&amp;quot;}">
      <![CDATA[java.lang.AssertionError: Browser Flow:: Json Validation Failed.JSONObject["threeDSServerTransID"] not found.<br> api response : {"errorComponent":"S","errorDescription":"CA Merchant Server:: Access Denied, Invalid End Point. Acquirer or Merchant not participating ","messageType":"Erro","errorCode":"303","errorDetail":"Access Denied, Invalid End Point","errorMessageType":"AReq","messageVersion":"2.1.0"}
at com.ca.tds.main.TDSPreAreq_TC.testArequestAPI(TDSPreAreq_TC.java:137)
at java.util.concurrent.ThreadPoolExecutor.runWorker(ThreadPoolExecutor.java:1149)
at java.util.concurrent.ThreadPoolExecutor$Worker.run(ThreadPoolExecutor.java:624)
at java.lang.Thread.run(Thread.java:748)
... Removed 10 stack frames]]>
    </failure>
  </testcase> <!-- testArequestAPI -->
  <testcase name="testArequestAPI" time="2.454" classname="com.ca.tds.main.TDSPreAreq_TC">
    <failure type="java.lang.AssertionError" message="Browser Flow:: Json Validation Failed.JSONObject[&amp;quot;threeDSServerTransID&amp;quot;] not found.&amp;lt;br&amp;gt; api response : {&amp;quot;errorComponent&amp;quot;:&amp;quot;S&amp;quot;,&amp;quot;errorDescription&amp;quot;:&amp;quot;CA Merchant Server:: Access Denied, Invalid End Point. Acquirer or Merchant not participating &amp;quot;,&amp;quot;messageType&amp;quot;:&amp;quot;Erro&amp;quot;,&amp;quot;errorCode&amp;quot;:&amp;quot;303&amp;quot;,&amp;quot;errorDetail&amp;quot;:&amp;quot;Access Denied, Invalid End Point&amp;quot;,&amp;quot;errorMessageType&amp;quot;:&amp;quot;AReq&amp;quot;,&amp;quot;messageVersion&amp;quot;:&amp;quot;2.1.0&amp;quot;}">
      <![CDATA[java.lang.AssertionError: Browser Flow:: Json Validation Failed.JSONObject["threeDSServerTransID"] not found.<br> api response : {"errorComponent":"S","errorDescription":"CA Merchant Server:: Access Denied, Invalid End Point. Acquirer or Merchant not participating ","messageType":"Erro","errorCode":"303","errorDetail":"Access Denied, Invalid End Point","errorMessageType":"AReq","messageVersion":"2.1.0"}
at com.ca.tds.main.TDSPreAreq_TC.testArequestAPI(TDSPreAreq_TC.java:137)
at java.util.concurrent.ThreadPoolExecutor.runWorker(ThreadPoolExecutor.java:1149)
at java.util.concurrent.ThreadPoolExecutor$Worker.run(ThreadPoolExecutor.java:624)
at java.lang.Thread.run(Thread.java:748)
... Removed 10 stack frames]]>
    </failure>
  </testcase> <!-- testArequestAPI -->
  <testcase name="testArequestAPI" time="2.634" classname="com.ca.tds.main.TDSPreAreq_TC">
    <failure type="java.lang.AssertionError" message="Browser Flow:: Json Validation Failed.JSONObject[&amp;quot;threeDSServerTransID&amp;quot;] not found.&amp;lt;br&amp;gt; api response : {&amp;quot;errorComponent&amp;quot;:&amp;quot;S&amp;quot;,&amp;quot;errorDescription&amp;quot;:&amp;quot;CA Merchant Server:: Access Denied, Invalid End Point. Acquirer or Merchant not participating &amp;quot;,&amp;quot;messageType&amp;quot;:&amp;quot;Erro&amp;quot;,&amp;quot;errorCode&amp;quot;:&amp;quot;303&amp;quot;,&amp;quot;errorDetail&amp;quot;:&amp;quot;Access Denied, Invalid End Point&amp;quot;,&amp;quot;errorMessageType&amp;quot;:&amp;quot;AReq&amp;quot;,&amp;quot;messageVersion&amp;quot;:&amp;quot;2.1.0&amp;quot;}">
      <![CDATA[java.lang.AssertionError: Browser Flow:: Json Validation Failed.JSONObject["threeDSServerTransID"] not found.<br> api response : {"errorComponent":"S","errorDescription":"CA Merchant Server:: Access Denied, Invalid End Point. Acquirer or Merchant not participating ","messageType":"Erro","errorCode":"303","errorDetail":"Access Denied, Invalid End Point","errorMessageType":"AReq","messageVersion":"2.1.0"}
at com.ca.tds.main.TDSPreAreq_TC.testArequestAPI(TDSPreAreq_TC.java:137)
at java.util.concurrent.ThreadPoolExecutor.runWorker(ThreadPoolExecutor.java:1149)
at java.util.concurrent.ThreadPoolExecutor$Worker.run(ThreadPoolExecutor.java:624)
at java.lang.Thread.run(Thread.java:748)
... Removed 10 stack frames]]>
    </failure>
  </testcase> <!-- testArequestAPI -->
  <testcase name="testArequestAPI" time="2.67" classname="com.ca.tds.main.TDSPreAreq_TC">
    <failure type="java.lang.AssertionError" message="Browser Flow:: Json Validation Failed.JSONObject[&amp;quot;threeDSServerTransID&amp;quot;] not found.&amp;lt;br&amp;gt; api response : {&amp;quot;errorComponent&amp;quot;:&amp;quot;S&amp;quot;,&amp;quot;errorDescription&amp;quot;:&amp;quot;CA Merchant Server:: Access Denied, Invalid End Point. Acquirer or Merchant not participating &amp;quot;,&amp;quot;messageType&amp;quot;:&amp;quot;Erro&amp;quot;,&amp;quot;errorCode&amp;quot;:&amp;quot;303&amp;quot;,&amp;quot;errorDetail&amp;quot;:&amp;quot;Access Denied, Invalid End Point&amp;quot;,&amp;quot;errorMessageType&amp;quot;:&amp;quot;AReq&amp;quot;,&amp;quot;messageVersion&amp;quot;:&amp;quot;2.1.0&amp;quot;}">
      <![CDATA[java.lang.AssertionError: Browser Flow:: Json Validation Failed.JSONObject["threeDSServerTransID"] not found.<br> api response : {"errorComponent":"S","errorDescription":"CA Merchant Server:: Access Denied, Invalid End Point. Acquirer or Merchant not participating ","messageType":"Erro","errorCode":"303","errorDetail":"Access Denied, Invalid End Point","errorMessageType":"AReq","messageVersion":"2.1.0"}
at com.ca.tds.main.TDSPreAreq_TC.testArequestAPI(TDSPreAreq_TC.java:137)
at java.util.concurrent.ThreadPoolExecutor.runWorker(ThreadPoolExecutor.java:1149)
at java.util.concurrent.ThreadPoolExecutor$Worker.run(ThreadPoolExecutor.java:624)
at java.lang.Thread.run(Thread.java:748)
... Removed 10 stack frames]]>
    </failure>
  </testcase> <!-- testArequestAPI -->
  <testcase name="testArequestAPI" time="2.44" classname="com.ca.tds.main.TDSPreAreq_TC">
    <failure type="java.lang.AssertionError" message="Browser Flow:: Json Validation Failed.JSONObject[&amp;quot;threeDSServerTransID&amp;quot;] not found.&amp;lt;br&amp;gt; api response : {&amp;quot;errorComponent&amp;quot;:&amp;quot;S&amp;quot;,&amp;quot;errorDescription&amp;quot;:&amp;quot;CA Merchant Server:: Access Denied, Invalid End Point. Acquirer or Merchant not participating &amp;quot;,&amp;quot;messageType&amp;quot;:&amp;quot;Erro&amp;quot;,&amp;quot;errorCode&amp;quot;:&amp;quot;303&amp;quot;,&amp;quot;errorDetail&amp;quot;:&amp;quot;Access Denied, Invalid End Point&amp;quot;,&amp;quot;errorMessageType&amp;quot;:&amp;quot;AReq&amp;quot;,&amp;quot;messageVersion&amp;quot;:&amp;quot;2.1.0&amp;quot;}">
      <![CDATA[java.lang.AssertionError: Browser Flow:: Json Validation Failed.JSONObject["threeDSServerTransID"] not found.<br> api response : {"errorComponent":"S","errorDescription":"CA Merchant Server:: Access Denied, Invalid End Point. Acquirer or Merchant not participating ","messageType":"Erro","errorCode":"303","errorDetail":"Access Denied, Invalid End Point","errorMessageType":"AReq","messageVersion":"2.1.0"}
at com.ca.tds.main.TDSPreAreq_TC.testArequestAPI(TDSPreAreq_TC.java:137)
at java.util.concurrent.ThreadPoolExecutor.runWorker(ThreadPoolExecutor.java:1149)
at java.util.concurrent.ThreadPoolExecutor$Worker.run(ThreadPoolExecutor.java:624)
at java.lang.Thread.run(Thread.java:748)
... Removed 10 stack frames]]>
    </failure>
  </testcase> <!-- testArequestAPI -->
  <testcase name="testArequestAPI" time="2.968" classname="com.ca.tds.main.TDSPreAreq_TC">
    <failure type="java.lang.AssertionError" message="Browser Flow:: Json Validation Failed.JSONObject[&amp;quot;threeDSServerTransID&amp;quot;] not found.&amp;lt;br&amp;gt; api response : {&amp;quot;errorComponent&amp;quot;:&amp;quot;S&amp;quot;,&amp;quot;errorDescription&amp;quot;:&amp;quot;CA Merchant Server:: Access Denied, Invalid End Point. Acquirer or Merchant not participating &amp;quot;,&amp;quot;messageType&amp;quot;:&amp;quot;Erro&amp;quot;,&amp;quot;errorCode&amp;quot;:&amp;quot;303&amp;quot;,&amp;quot;errorDetail&amp;quot;:&amp;quot;Access Denied, Invalid End Point&amp;quot;,&amp;quot;errorMessageType&amp;quot;:&amp;quot;AReq&amp;quot;,&amp;quot;messageVersion&amp;quot;:&amp;quot;2.1.0&amp;quot;}">
      <![CDATA[java.lang.AssertionError: Browser Flow:: Json Validation Failed.JSONObject["threeDSServerTransID"] not found.<br> api response : {"errorComponent":"S","errorDescription":"CA Merchant Server:: Access Denied, Invalid End Point. Acquirer or Merchant not participating ","messageType":"Erro","errorCode":"303","errorDetail":"Access Denied, Invalid End Point","errorMessageType":"AReq","messageVersion":"2.1.0"}
at com.ca.tds.main.TDSPreAreq_TC.testArequestAPI(TDSPreAreq_TC.java:137)
at java.util.concurrent.ThreadPoolExecutor.runWorker(ThreadPoolExecutor.java:1149)
at java.util.concurrent.ThreadPoolExecutor$Worker.run(ThreadPoolExecutor.java:624)
at java.lang.Thread.run(Thread.java:748)
... Removed 10 stack frames]]>
    </failure>
  </testcase> <!-- testArequestAPI -->
  <testcase name="testArequestAPI" time="2.592" classname="com.ca.tds.main.TDSPreAreq_TC">
    <failure type="java.lang.AssertionError" message="Browser Flow:: Json Validation Failed.JSONObject[&amp;quot;threeDSServerTransID&amp;quot;] not found.&amp;lt;br&amp;gt; api response : {&amp;quot;errorComponent&amp;quot;:&amp;quot;S&amp;quot;,&amp;quot;errorDescription&amp;quot;:&amp;quot;CA Merchant Server:: Access Denied, Invalid End Point. Acquirer or Merchant not participating &amp;quot;,&amp;quot;messageType&amp;quot;:&amp;quot;Erro&amp;quot;,&amp;quot;errorCode&amp;quot;:&amp;quot;303&amp;quot;,&amp;quot;errorDetail&amp;quot;:&amp;quot;Access Denied, Invalid End Point&amp;quot;,&amp;quot;errorMessageType&amp;quot;:&amp;quot;AReq&amp;quot;,&amp;quot;messageVersion&amp;quot;:&amp;quot;2.1.0&amp;quot;}">
      <![CDATA[java.lang.AssertionError: Browser Flow:: Json Validation Failed.JSONObject["threeDSServerTransID"] not found.<br> api response : {"errorComponent":"S","errorDescription":"CA Merchant Server:: Access Denied, Invalid End Point. Acquirer or Merchant not participating ","messageType":"Erro","errorCode":"303","errorDetail":"Access Denied, Invalid End Point","errorMessageType":"AReq","messageVersion":"2.1.0"}
at com.ca.tds.main.TDSPreAreq_TC.testArequestAPI(TDSPreAreq_TC.java:137)
at java.util.concurrent.ThreadPoolExecutor.runWorker(ThreadPoolExecutor.java:1149)
at java.util.concurrent.ThreadPoolExecutor$Worker.run(ThreadPoolExecutor.java:624)
at java.lang.Thread.run(Thread.java:748)
... Removed 10 stack frames]]>
    </failure>
  </testcase> <!-- testArequestAPI -->
  <testcase name="testArequestAPI" time="2.575" classname="com.ca.tds.main.TDSPreAreq_TC">
    <failure type="java.lang.AssertionError" message="Browser Flow:: Json Validation Failed.JSONObject[&amp;quot;threeDSServerTransID&amp;quot;] not found.&amp;lt;br&amp;gt; api response : {&amp;quot;errorComponent&amp;quot;:&amp;quot;S&amp;quot;,&amp;quot;errorDescription&amp;quot;:&amp;quot;CA Merchant Server:: Access Denied, Invalid End Point. Acquirer or Merchant not participating &amp;quot;,&amp;quot;messageType&amp;quot;:&amp;quot;Erro&amp;quot;,&amp;quot;errorCode&amp;quot;:&amp;quot;303&amp;quot;,&amp;quot;errorDetail&amp;quot;:&amp;quot;Access Denied, Invalid End Point&amp;quot;,&amp;quot;errorMessageType&amp;quot;:&amp;quot;AReq&amp;quot;,&amp;quot;messageVersion&amp;quot;:&amp;quot;2.1.0&amp;quot;}">
      <![CDATA[java.lang.AssertionError: Browser Flow:: Json Validation Failed.JSONObject["threeDSServerTransID"] not found.<br> api response : {"errorComponent":"S","errorDescription":"CA Merchant Server:: Access Denied, Invalid End Point. Acquirer or Merchant not participating ","messageType":"Erro","errorCode":"303","errorDetail":"Access Denied, Invalid End Point","errorMessageType":"AReq","messageVersion":"2.1.0"}
at com.ca.tds.main.TDSPreAreq_TC.testArequestAPI(TDSPreAreq_TC.java:137)
at java.util.concurrent.ThreadPoolExecutor.runWorker(ThreadPoolExecutor.java:1149)
at java.util.concurrent.ThreadPoolExecutor$Worker.run(ThreadPoolExecutor.java:624)
at java.lang.Thread.run(Thread.java:748)
... Removed 10 stack frames]]>
    </failure>
  </testcase> <!-- testArequestAPI -->
  <testcase name="testArequestAPI" time="2.474" classname="com.ca.tds.main.TDSPreAreq_TC">
    <failure type="java.lang.AssertionError" message="Browser Flow:: Json Validation Failed.JSONObject[&amp;quot;threeDSServerTransID&amp;quot;] not found.&amp;lt;br&amp;gt; api response : {&amp;quot;errorComponent&amp;quot;:&amp;quot;S&amp;quot;,&amp;quot;errorDescription&amp;quot;:&amp;quot;CA Merchant Server:: Access Denied, Invalid End Point. Acquirer or Merchant not participating &amp;quot;,&amp;quot;messageType&amp;quot;:&amp;quot;Erro&amp;quot;,&amp;quot;errorCode&amp;quot;:&amp;quot;303&amp;quot;,&amp;quot;errorDetail&amp;quot;:&amp;quot;Access Denied, Invalid End Point&amp;quot;,&amp;quot;errorMessageType&amp;quot;:&amp;quot;AReq&amp;quot;,&amp;quot;messageVersion&amp;quot;:&amp;quot;2.1.0&amp;quot;}">
      <![CDATA[java.lang.AssertionError: Browser Flow:: Json Validation Failed.JSONObject["threeDSServerTransID"] not found.<br> api response : {"errorComponent":"S","errorDescription":"CA Merchant Server:: Access Denied, Invalid End Point. Acquirer or Merchant not participating ","messageType":"Erro","errorCode":"303","errorDetail":"Access Denied, Invalid End Point","errorMessageType":"AReq","messageVersion":"2.1.0"}
at com.ca.tds.main.TDSPreAreq_TC.testArequestAPI(TDSPreAreq_TC.java:137)
at java.util.concurrent.ThreadPoolExecutor.runWorker(ThreadPoolExecutor.java:1149)
at java.util.concurrent.ThreadPoolExecutor$Worker.run(ThreadPoolExecutor.java:624)
at java.lang.Thread.run(Thread.java:748)
... Removed 10 stack frames]]>
    </failure>
  </testcase> <!-- testArequestAPI -->
  <testcase name="testArequestAPI" time="2.522" classname="com.ca.tds.main.TDSPreAreq_TC">
    <failure type="java.lang.AssertionError" message="Browser Flow:: Json Validation Failed.JSONObject[&amp;quot;threeDSServerTransID&amp;quot;] not found.&amp;lt;br&amp;gt; api response : {&amp;quot;errorComponent&amp;quot;:&amp;quot;S&amp;quot;,&amp;quot;errorDescription&amp;quot;:&amp;quot;CA Merchant Server:: Access Denied, Invalid End Point. Acquirer or Merchant not participating &amp;quot;,&amp;quot;messageType&amp;quot;:&amp;quot;Erro&amp;quot;,&amp;quot;errorCode&amp;quot;:&amp;quot;303&amp;quot;,&amp;quot;errorDetail&amp;quot;:&amp;quot;Access Denied, Invalid End Point&amp;quot;,&amp;quot;errorMessageType&amp;quot;:&amp;quot;AReq&amp;quot;,&amp;quot;messageVersion&amp;quot;:&amp;quot;2.1.0&amp;quot;}">
      <![CDATA[java.lang.AssertionError: Browser Flow:: Json Validation Failed.JSONObject["threeDSServerTransID"] not found.<br> api response : {"errorComponent":"S","errorDescription":"CA Merchant Server:: Access Denied, Invalid End Point. Acquirer or Merchant not participating ","messageType":"Erro","errorCode":"303","errorDetail":"Access Denied, Invalid End Point","errorMessageType":"AReq","messageVersion":"2.1.0"}
at com.ca.tds.main.TDSPreAreq_TC.testArequestAPI(TDSPreAreq_TC.java:137)
at java.util.concurrent.ThreadPoolExecutor.runWorker(ThreadPoolExecutor.java:1149)
at java.util.concurrent.ThreadPoolExecutor$Worker.run(ThreadPoolExecutor.java:624)
at java.lang.Thread.run(Thread.java:748)
... Removed 10 stack frames]]>
    </failure>
  </testcase> <!-- testArequestAPI -->
  <testcase name="testArequestAPI" time="2.658" classname="com.ca.tds.main.TDSPreAreq_TC">
    <failure type="java.lang.AssertionError" message="Browser Flow:: Json Validation Failed.JSONObject[&amp;quot;threeDSServerTransID&amp;quot;] not found.&amp;lt;br&amp;gt; api response : {&amp;quot;errorComponent&amp;quot;:&amp;quot;S&amp;quot;,&amp;quot;errorDescription&amp;quot;:&amp;quot;CA Merchant Server:: Access Denied, Invalid End Point. Acquirer or Merchant not participating &amp;quot;,&amp;quot;messageType&amp;quot;:&amp;quot;Erro&amp;quot;,&amp;quot;errorCode&amp;quot;:&amp;quot;303&amp;quot;,&amp;quot;errorDetail&amp;quot;:&amp;quot;Access Denied, Invalid End Point&amp;quot;,&amp;quot;errorMessageType&amp;quot;:&amp;quot;AReq&amp;quot;,&amp;quot;messageVersion&amp;quot;:&amp;quot;2.1.0&amp;quot;}">
      <![CDATA[java.lang.AssertionError: Browser Flow:: Json Validation Failed.JSONObject["threeDSServerTransID"] not found.<br> api response : {"errorComponent":"S","errorDescription":"CA Merchant Server:: Access Denied, Invalid End Point. Acquirer or Merchant not participating ","messageType":"Erro","errorCode":"303","errorDetail":"Access Denied, Invalid End Point","errorMessageType":"AReq","messageVersion":"2.1.0"}
at com.ca.tds.main.TDSPreAreq_TC.testArequestAPI(TDSPreAreq_TC.java:137)
at java.util.concurrent.ThreadPoolExecutor.runWorker(ThreadPoolExecutor.java:1149)
at java.util.concurrent.ThreadPoolExecutor$Worker.run(ThreadPoolExecutor.java:624)
at java.lang.Thread.run(Thread.java:748)
... Removed 10 stack frames]]>
    </failure>
  </testcase> <!-- testArequestAPI -->
  <testcase name="testArequestAPI" time="2.618" classname="com.ca.tds.main.TDSPreAreq_TC">
    <failure type="java.lang.AssertionError" message="Browser Flow:: Json Validation Failed.JSONObject[&amp;quot;threeDSServerTransID&amp;quot;] not found.&amp;lt;br&amp;gt; api response : {&amp;quot;errorComponent&amp;quot;:&amp;quot;S&amp;quot;,&amp;quot;errorDescription&amp;quot;:&amp;quot;CA Merchant Server:: Access Denied, Invalid End Point. Acquirer or Merchant not participating &amp;quot;,&amp;quot;messageType&amp;quot;:&amp;quot;Erro&amp;quot;,&amp;quot;errorCode&amp;quot;:&amp;quot;303&amp;quot;,&amp;quot;errorDetail&amp;quot;:&amp;quot;Access Denied, Invalid End Point&amp;quot;,&amp;quot;errorMessageType&amp;quot;:&amp;quot;AReq&amp;quot;,&amp;quot;messageVersion&amp;quot;:&amp;quot;2.1.0&amp;quot;}">
      <![CDATA[java.lang.AssertionError: Browser Flow:: Json Validation Failed.JSONObject["threeDSServerTransID"] not found.<br> api response : {"errorComponent":"S","errorDescription":"CA Merchant Server:: Access Denied, Invalid End Point. Acquirer or Merchant not participating ","messageType":"Erro","errorCode":"303","errorDetail":"Access Denied, Invalid End Point","errorMessageType":"AReq","messageVersion":"2.1.0"}
at com.ca.tds.main.TDSPreAreq_TC.testArequestAPI(TDSPreAreq_TC.java:137)
at java.util.concurrent.ThreadPoolExecutor.runWorker(ThreadPoolExecutor.java:1149)
at java.util.concurrent.ThreadPoolExecutor$Worker.run(ThreadPoolExecutor.java:624)
at java.lang.Thread.run(Thread.java:748)
... Removed 10 stack frames]]>
    </failure>
  </testcase> <!-- testArequestAPI -->
  <testcase name="testArequestAPI" time="2.552" classname="com.ca.tds.main.TDSPreAreq_TC">
    <failure type="java.lang.AssertionError" message="Browser Flow:: Json Validation Failed.JSONObject[&amp;quot;threeDSServerTransID&amp;quot;] not found.&amp;lt;br&amp;gt; api response : {&amp;quot;errorComponent&amp;quot;:&amp;quot;S&amp;quot;,&amp;quot;errorDescription&amp;quot;:&amp;quot;CA Merchant Server:: Access Denied, Invalid End Point. Acquirer or Merchant not participating &amp;quot;,&amp;quot;messageType&amp;quot;:&amp;quot;Erro&amp;quot;,&amp;quot;errorCode&amp;quot;:&amp;quot;303&amp;quot;,&amp;quot;errorDetail&amp;quot;:&amp;quot;Access Denied, Invalid End Point&amp;quot;,&amp;quot;errorMessageType&amp;quot;:&amp;quot;AReq&amp;quot;,&amp;quot;messageVersion&amp;quot;:&amp;quot;2.1.0&amp;quot;}">
      <![CDATA[java.lang.AssertionError: Browser Flow:: Json Validation Failed.JSONObject["threeDSServerTransID"] not found.<br> api response : {"errorComponent":"S","errorDescription":"CA Merchant Server:: Access Denied, Invalid End Point. Acquirer or Merchant not participating ","messageType":"Erro","errorCode":"303","errorDetail":"Access Denied, Invalid End Point","errorMessageType":"AReq","messageVersion":"2.1.0"}
at com.ca.tds.main.TDSPreAreq_TC.testArequestAPI(TDSPreAreq_TC.java:137)
at java.util.concurrent.ThreadPoolExecutor.runWorker(ThreadPoolExecutor.java:1149)
at java.util.concurrent.ThreadPoolExecutor$Worker.run(ThreadPoolExecutor.java:624)
at java.lang.Thread.run(Thread.java:748)
... Removed 10 stack frames]]>
    </failure>
  </testcase> <!-- testArequestAPI -->
  <testcase name="testArequestAPI" time="2.59" classname="com.ca.tds.main.TDSPreAreq_TC">
    <failure type="java.lang.AssertionError" message="Browser Flow:: Json Validation Failed.JSONObject[&amp;quot;threeDSServerTransID&amp;quot;] not found.&amp;lt;br&amp;gt; api response : {&amp;quot;errorComponent&amp;quot;:&amp;quot;S&amp;quot;,&amp;quot;errorDescription&amp;quot;:&amp;quot;CA Merchant Server:: Access Denied, Invalid End Point. Acquirer or Merchant not participating &amp;quot;,&amp;quot;messageType&amp;quot;:&amp;quot;Erro&amp;quot;,&amp;quot;errorCode&amp;quot;:&amp;quot;303&amp;quot;,&amp;quot;errorDetail&amp;quot;:&amp;quot;Access Denied, Invalid End Point&amp;quot;,&amp;quot;errorMessageType&amp;quot;:&amp;quot;AReq&amp;quot;,&amp;quot;messageVersion&amp;quot;:&amp;quot;2.1.0&amp;quot;}">
      <![CDATA[java.lang.AssertionError: Browser Flow:: Json Validation Failed.JSONObject["threeDSServerTransID"] not found.<br> api response : {"errorComponent":"S","errorDescription":"CA Merchant Server:: Access Denied, Invalid End Point. Acquirer or Merchant not participating ","messageType":"Erro","errorCode":"303","errorDetail":"Access Denied, Invalid End Point","errorMessageType":"AReq","messageVersion":"2.1.0"}
at com.ca.tds.main.TDSPreAreq_TC.testArequestAPI(TDSPreAreq_TC.java:137)
at java.util.concurrent.ThreadPoolExecutor.runWorker(ThreadPoolExecutor.java:1149)
at java.util.concurrent.ThreadPoolExecutor$Worker.run(ThreadPoolExecutor.java:624)
at java.lang.Thread.run(Thread.java:748)
... Removed 10 stack frames]]>
    </failure>
  </testcase> <!-- testArequestAPI -->
  <testcase name="testArequestAPI" time="2.608" classname="com.ca.tds.main.TDSPreAreq_TC">
    <failure type="java.lang.AssertionError" message="Browser Flow:: Json Validation Failed.JSONObject[&amp;quot;threeDSServerTransID&amp;quot;] not found.&amp;lt;br&amp;gt; api response : {&amp;quot;errorComponent&amp;quot;:&amp;quot;S&amp;quot;,&amp;quot;errorDescription&amp;quot;:&amp;quot;CA Merchant Server:: Access Denied, Invalid End Point. Acquirer or Merchant not participating &amp;quot;,&amp;quot;messageType&amp;quot;:&amp;quot;Erro&amp;quot;,&amp;quot;errorCode&amp;quot;:&amp;quot;303&amp;quot;,&amp;quot;errorDetail&amp;quot;:&amp;quot;Access Denied, Invalid End Point&amp;quot;,&amp;quot;errorMessageType&amp;quot;:&amp;quot;AReq&amp;quot;,&amp;quot;messageVersion&amp;quot;:&amp;quot;2.1.0&amp;quot;}">
      <![CDATA[java.lang.AssertionError: Browser Flow:: Json Validation Failed.JSONObject["threeDSServerTransID"] not found.<br> api response : {"errorComponent":"S","errorDescription":"CA Merchant Server:: Access Denied, Invalid End Point. Acquirer or Merchant not participating ","messageType":"Erro","errorCode":"303","errorDetail":"Access Denied, Invalid End Point","errorMessageType":"AReq","messageVersion":"2.1.0"}
at com.ca.tds.main.TDSPreAreq_TC.testArequestAPI(TDSPreAreq_TC.java:137)
at java.util.concurrent.ThreadPoolExecutor.runWorker(ThreadPoolExecutor.java:1149)
at java.util.concurrent.ThreadPoolExecutor$Worker.run(ThreadPoolExecutor.java:624)
at java.lang.Thread.run(Thread.java:748)
... Removed 10 stack frames]]>
    </failure>
  </testcase> <!-- testArequestAPI -->
  <testcase name="testArequestAPI" time="2.571" classname="com.ca.tds.main.TDSPreAreq_TC">
    <failure type="java.lang.AssertionError" message="Browser Flow:: Json Validation Failed.JSONObject[&amp;quot;threeDSServerTransID&amp;quot;] not found.&amp;lt;br&amp;gt; api response : {&amp;quot;errorComponent&amp;quot;:&amp;quot;S&amp;quot;,&amp;quot;errorDescription&amp;quot;:&amp;quot;CA Merchant Server:: Access Denied, Invalid End Point. Acquirer or Merchant not participating &amp;quot;,&amp;quot;messageType&amp;quot;:&amp;quot;Erro&amp;quot;,&amp;quot;errorCode&amp;quot;:&amp;quot;303&amp;quot;,&amp;quot;errorDetail&amp;quot;:&amp;quot;Access Denied, Invalid End Point&amp;quot;,&amp;quot;errorMessageType&amp;quot;:&amp;quot;AReq&amp;quot;,&amp;quot;messageVersion&amp;quot;:&amp;quot;2.1.0&amp;quot;}">
      <![CDATA[java.lang.AssertionError: Browser Flow:: Json Validation Failed.JSONObject["threeDSServerTransID"] not found.<br> api response : {"errorComponent":"S","errorDescription":"CA Merchant Server:: Access Denied, Invalid End Point. Acquirer or Merchant not participating ","messageType":"Erro","errorCode":"303","errorDetail":"Access Denied, Invalid End Point","errorMessageType":"AReq","messageVersion":"2.1.0"}
at com.ca.tds.main.TDSPreAreq_TC.testArequestAPI(TDSPreAreq_TC.java:137)
at java.util.concurrent.ThreadPoolExecutor.runWorker(ThreadPoolExecutor.java:1149)
at java.util.concurrent.ThreadPoolExecutor$Worker.run(ThreadPoolExecutor.java:624)
at java.lang.Thread.run(Thread.java:748)
... Removed 10 stack frames]]>
    </failure>
  </testcase> <!-- testArequestAPI -->
  <testcase name="testArequestAPI" time="2.613" classname="com.ca.tds.main.TDSPreAreq_TC">
    <failure type="java.lang.AssertionError" message="Browser Flow:: Json Validation Failed.JSONObject[&amp;quot;threeDSServerTransID&amp;quot;] not found.&amp;lt;br&amp;gt; api response : {&amp;quot;errorComponent&amp;quot;:&amp;quot;S&amp;quot;,&amp;quot;errorDescription&amp;quot;:&amp;quot;CA Merchant Server:: Access Denied, Invalid End Point. Acquirer or Merchant not participating &amp;quot;,&amp;quot;messageType&amp;quot;:&amp;quot;Erro&amp;quot;,&amp;quot;errorCode&amp;quot;:&amp;quot;303&amp;quot;,&amp;quot;errorDetail&amp;quot;:&amp;quot;Access Denied, Invalid End Point&amp;quot;,&amp;quot;errorMessageType&amp;quot;:&amp;quot;AReq&amp;quot;,&amp;quot;messageVersion&amp;quot;:&amp;quot;2.1.0&amp;quot;}">
      <![CDATA[java.lang.AssertionError: Browser Flow:: Json Validation Failed.JSONObject["threeDSServerTransID"] not found.<br> api response : {"errorComponent":"S","errorDescription":"CA Merchant Server:: Access Denied, Invalid End Point. Acquirer or Merchant not participating ","messageType":"Erro","errorCode":"303","errorDetail":"Access Denied, Invalid End Point","errorMessageType":"AReq","messageVersion":"2.1.0"}
at com.ca.tds.main.TDSPreAreq_TC.testArequestAPI(TDSPreAreq_TC.java:137)
at java.util.concurrent.ThreadPoolExecutor.runWorker(ThreadPoolExecutor.java:1149)
at java.util.concurrent.ThreadPoolExecutor$Worker.run(ThreadPoolExecutor.java:624)
at java.lang.Thread.run(Thread.java:748)
... Removed 10 stack frames]]>
    </failure>
  </testcase> <!-- testArequestAPI -->
  <testcase name="testArequestAPI" time="2.482" classname="com.ca.tds.main.TDSPreAreq_TC">
    <failure type="java.lang.AssertionError" message="Browser Flow:: Json Validation Failed.JSONObject[&amp;quot;threeDSServerTransID&amp;quot;] not found.&amp;lt;br&amp;gt; api response : {&amp;quot;errorComponent&amp;quot;:&amp;quot;S&amp;quot;,&amp;quot;errorDescription&amp;quot;:&amp;quot;CA Merchant Server:: Access Denied, Invalid End Point. Acquirer or Merchant not participating &amp;quot;,&amp;quot;messageType&amp;quot;:&amp;quot;Erro&amp;quot;,&amp;quot;errorCode&amp;quot;:&amp;quot;303&amp;quot;,&amp;quot;errorDetail&amp;quot;:&amp;quot;Access Denied, Invalid End Point&amp;quot;,&amp;quot;errorMessageType&amp;quot;:&amp;quot;AReq&amp;quot;,&amp;quot;messageVersion&amp;quot;:&amp;quot;2.1.0&amp;quot;}">
      <![CDATA[java.lang.AssertionError: Browser Flow:: Json Validation Failed.JSONObject["threeDSServerTransID"] not found.<br> api response : {"errorComponent":"S","errorDescription":"CA Merchant Server:: Access Denied, Invalid End Point. Acquirer or Merchant not participating ","messageType":"Erro","errorCode":"303","errorDetail":"Access Denied, Invalid End Point","errorMessageType":"AReq","messageVersion":"2.1.0"}
at com.ca.tds.main.TDSPreAreq_TC.testArequestAPI(TDSPreAreq_TC.java:137)
at java.util.concurrent.ThreadPoolExecutor.runWorker(ThreadPoolExecutor.java:1149)
at java.util.concurrent.ThreadPoolExecutor$Worker.run(ThreadPoolExecutor.java:624)
at java.lang.Thread.run(Thread.java:748)
... Removed 10 stack frames]]>
    </failure>
  </testcase> <!-- testArequestAPI -->
  <testcase name="testArequestAPI" time="2.651" classname="com.ca.tds.main.TDSPreAreq_TC">
    <failure type="java.lang.AssertionError" message="Browser Flow:: Json Validation Failed.JSONObject[&amp;quot;threeDSServerTransID&amp;quot;] not found.&amp;lt;br&amp;gt; api response : {&amp;quot;errorComponent&amp;quot;:&amp;quot;S&amp;quot;,&amp;quot;errorDescription&amp;quot;:&amp;quot;CA Merchant Server:: Access Denied, Invalid End Point. Acquirer or Merchant not participating &amp;quot;,&amp;quot;messageType&amp;quot;:&amp;quot;Erro&amp;quot;,&amp;quot;errorCode&amp;quot;:&amp;quot;303&amp;quot;,&amp;quot;errorDetail&amp;quot;:&amp;quot;Access Denied, Invalid End Point&amp;quot;,&amp;quot;errorMessageType&amp;quot;:&amp;quot;AReq&amp;quot;,&amp;quot;messageVersion&amp;quot;:&amp;quot;2.1.0&amp;quot;}">
      <![CDATA[java.lang.AssertionError: Browser Flow:: Json Validation Failed.JSONObject["threeDSServerTransID"] not found.<br> api response : {"errorComponent":"S","errorDescription":"CA Merchant Server:: Access Denied, Invalid End Point. Acquirer or Merchant not participating ","messageType":"Erro","errorCode":"303","errorDetail":"Access Denied, Invalid End Point","errorMessageType":"AReq","messageVersion":"2.1.0"}
at com.ca.tds.main.TDSPreAreq_TC.testArequestAPI(TDSPreAreq_TC.java:137)
at java.util.concurrent.ThreadPoolExecutor.runWorker(ThreadPoolExecutor.java:1149)
at java.util.concurrent.ThreadPoolExecutor$Worker.run(ThreadPoolExecutor.java:624)
at java.lang.Thread.run(Thread.java:748)
... Removed 10 stack frames]]>
    </failure>
  </testcase> <!-- testArequestAPI -->
  <testcase name="testArequestAPI" time="2.628" classname="com.ca.tds.main.TDSPreAreq_TC">
    <failure type="java.lang.AssertionError" message="Browser Flow:: Json Validation Failed.JSONObject[&amp;quot;threeDSServerTransID&amp;quot;] not found.&amp;lt;br&amp;gt; api response : {&amp;quot;errorComponent&amp;quot;:&amp;quot;S&amp;quot;,&amp;quot;errorDescription&amp;quot;:&amp;quot;CA Merchant Server:: Access Denied, Invalid End Point. Acquirer or Merchant not participating &amp;quot;,&amp;quot;messageType&amp;quot;:&amp;quot;Erro&amp;quot;,&amp;quot;errorCode&amp;quot;:&amp;quot;303&amp;quot;,&amp;quot;errorDetail&amp;quot;:&amp;quot;Access Denied, Invalid End Point&amp;quot;,&amp;quot;errorMessageType&amp;quot;:&amp;quot;AReq&amp;quot;,&amp;quot;messageVersion&amp;quot;:&amp;quot;2.1.0&amp;quot;}">
      <![CDATA[java.lang.AssertionError: Browser Flow:: Json Validation Failed.JSONObject["threeDSServerTransID"] not found.<br> api response : {"errorComponent":"S","errorDescription":"CA Merchant Server:: Access Denied, Invalid End Point. Acquirer or Merchant not participating ","messageType":"Erro","errorCode":"303","errorDetail":"Access Denied, Invalid End Point","errorMessageType":"AReq","messageVersion":"2.1.0"}
at com.ca.tds.main.TDSPreAreq_TC.testArequestAPI(TDSPreAreq_TC.java:137)
at java.util.concurrent.ThreadPoolExecutor.runWorker(ThreadPoolExecutor.java:1149)
at java.util.concurrent.ThreadPoolExecutor$Worker.run(ThreadPoolExecutor.java:624)
at java.lang.Thread.run(Thread.java:748)
... Removed 10 stack frames]]>
    </failure>
  </testcase> <!-- testArequestAPI -->
  <testcase name="testArequestAPI" time="2.596" classname="com.ca.tds.main.TDSPreAreq_TC">
    <failure type="java.lang.AssertionError" message="Browser Flow:: Json Validation Failed.JSONObject[&amp;quot;threeDSServerTransID&amp;quot;] not found.&amp;lt;br&amp;gt; api response : {&amp;quot;errorComponent&amp;quot;:&amp;quot;S&amp;quot;,&amp;quot;errorDescription&amp;quot;:&amp;quot;CA Merchant Server:: Access Denied, Invalid End Point. Acquirer or Merchant not participating &amp;quot;,&amp;quot;messageType&amp;quot;:&amp;quot;Erro&amp;quot;,&amp;quot;errorCode&amp;quot;:&amp;quot;303&amp;quot;,&amp;quot;errorDetail&amp;quot;:&amp;quot;Access Denied, Invalid End Point&amp;quot;,&amp;quot;errorMessageType&amp;quot;:&amp;quot;AReq&amp;quot;,&amp;quot;messageVersion&amp;quot;:&amp;quot;2.1.0&amp;quot;}">
      <![CDATA[java.lang.AssertionError: Browser Flow:: Json Validation Failed.JSONObject["threeDSServerTransID"] not found.<br> api response : {"errorComponent":"S","errorDescription":"CA Merchant Server:: Access Denied, Invalid End Point. Acquirer or Merchant not participating ","messageType":"Erro","errorCode":"303","errorDetail":"Access Denied, Invalid End Point","errorMessageType":"AReq","messageVersion":"2.1.0"}
at com.ca.tds.main.TDSPreAreq_TC.testArequestAPI(TDSPreAreq_TC.java:137)
at java.util.concurrent.ThreadPoolExecutor.runWorker(ThreadPoolExecutor.java:1149)
at java.util.concurrent.ThreadPoolExecutor$Worker.run(ThreadPoolExecutor.java:624)
at java.lang.Thread.run(Thread.java:748)
... Removed 10 stack frames]]>
    </failure>
  </testcase> <!-- testArequestAPI -->
  <testcase name="testArequestAPI" time="2.572" classname="com.ca.tds.main.TDSPreAreq_TC">
    <failure type="java.lang.AssertionError" message="Browser Flow:: Json Validation Failed.JSONObject[&amp;quot;threeDSServerTransID&amp;quot;] not found.&amp;lt;br&amp;gt; api response : {&amp;quot;errorComponent&amp;quot;:&amp;quot;S&amp;quot;,&amp;quot;errorDescription&amp;quot;:&amp;quot;CA Merchant Server:: Access Denied, Invalid End Point. Acquirer or Merchant not participating &amp;quot;,&amp;quot;messageType&amp;quot;:&amp;quot;Erro&amp;quot;,&amp;quot;errorCode&amp;quot;:&amp;quot;303&amp;quot;,&amp;quot;errorDetail&amp;quot;:&amp;quot;Access Denied, Invalid End Point&amp;quot;,&amp;quot;errorMessageType&amp;quot;:&amp;quot;AReq&amp;quot;,&amp;quot;messageVersion&amp;quot;:&amp;quot;2.1.0&amp;quot;}">
      <![CDATA[java.lang.AssertionError: Browser Flow:: Json Validation Failed.JSONObject["threeDSServerTransID"] not found.<br> api response : {"errorComponent":"S","errorDescription":"CA Merchant Server:: Access Denied, Invalid End Point. Acquirer or Merchant not participating ","messageType":"Erro","errorCode":"303","errorDetail":"Access Denied, Invalid End Point","errorMessageType":"AReq","messageVersion":"2.1.0"}
at com.ca.tds.main.TDSPreAreq_TC.testArequestAPI(TDSPreAreq_TC.java:137)
at java.util.concurrent.ThreadPoolExecutor.runWorker(ThreadPoolExecutor.java:1149)
at java.util.concurrent.ThreadPoolExecutor$Worker.run(ThreadPoolExecutor.java:624)
at java.lang.Thread.run(Thread.java:748)
... Removed 10 stack frames]]>
    </failure>
  </testcase> <!-- testArequestAPI -->
  <testcase name="testArequestAPI" time="2.532" classname="com.ca.tds.main.TDSPreAreq_TC">
    <failure type="java.lang.AssertionError" message="Browser Flow:: Json Validation Failed.JSONObject[&amp;quot;threeDSServerTransID&amp;quot;] not found.&amp;lt;br&amp;gt; api response : {&amp;quot;errorComponent&amp;quot;:&amp;quot;S&amp;quot;,&amp;quot;errorDescription&amp;quot;:&amp;quot;CA Merchant Server:: Access Denied, Invalid End Point. Acquirer or Merchant not participating &amp;quot;,&amp;quot;messageType&amp;quot;:&amp;quot;Erro&amp;quot;,&amp;quot;errorCode&amp;quot;:&amp;quot;303&amp;quot;,&amp;quot;errorDetail&amp;quot;:&amp;quot;Access Denied, Invalid End Point&amp;quot;,&amp;quot;errorMessageType&amp;quot;:&amp;quot;AReq&amp;quot;,&amp;quot;messageVersion&amp;quot;:&amp;quot;2.1.0&amp;quot;}">
      <![CDATA[java.lang.AssertionError: Browser Flow:: Json Validation Failed.JSONObject["threeDSServerTransID"] not found.<br> api response : {"errorComponent":"S","errorDescription":"CA Merchant Server:: Access Denied, Invalid End Point. Acquirer or Merchant not participating ","messageType":"Erro","errorCode":"303","errorDetail":"Access Denied, Invalid End Point","errorMessageType":"AReq","messageVersion":"2.1.0"}
at com.ca.tds.main.TDSPreAreq_TC.testArequestAPI(TDSPreAreq_TC.java:137)
at java.util.concurrent.ThreadPoolExecutor.runWorker(ThreadPoolExecutor.java:1149)
at java.util.concurrent.ThreadPoolExecutor$Worker.run(ThreadPoolExecutor.java:624)
at java.lang.Thread.run(Thread.java:748)
... Removed 10 stack frames]]>
    </failure>
  </testcase> <!-- testArequestAPI -->
  <testcase name="testArequestAPI" time="2.564" classname="com.ca.tds.main.TDSPreAreq_TC">
    <failure type="java.lang.AssertionError" message="Browser Flow:: Json Validation Failed.JSONObject[&amp;quot;threeDSServerTransID&amp;quot;] not found.&amp;lt;br&amp;gt; api response : {&amp;quot;errorComponent&amp;quot;:&amp;quot;S&amp;quot;,&amp;quot;errorDescription&amp;quot;:&amp;quot;CA Merchant Server:: Access Denied, Invalid End Point. Acquirer or Merchant not participating &amp;quot;,&amp;quot;messageType&amp;quot;:&amp;quot;Erro&amp;quot;,&amp;quot;errorCode&amp;quot;:&amp;quot;303&amp;quot;,&amp;quot;errorDetail&amp;quot;:&amp;quot;Access Denied, Invalid End Point&amp;quot;,&amp;quot;errorMessageType&amp;quot;:&amp;quot;AReq&amp;quot;,&amp;quot;messageVersion&amp;quot;:&amp;quot;2.1.0&amp;quot;}">
      <![CDATA[java.lang.AssertionError: Browser Flow:: Json Validation Failed.JSONObject["threeDSServerTransID"] not found.<br> api response : {"errorComponent":"S","errorDescription":"CA Merchant Server:: Access Denied, Invalid End Point. Acquirer or Merchant not participating ","messageType":"Erro","errorCode":"303","errorDetail":"Access Denied, Invalid End Point","errorMessageType":"AReq","messageVersion":"2.1.0"}
at com.ca.tds.main.TDSPreAreq_TC.testArequestAPI(TDSPreAreq_TC.java:137)
at java.util.concurrent.ThreadPoolExecutor.runWorker(ThreadPoolExecutor.java:1149)
at java.util.concurrent.ThreadPoolExecutor$Worker.run(ThreadPoolExecutor.java:624)
at java.lang.Thread.run(Thread.java:748)
... Removed 10 stack frames]]>
    </failure>
  </testcase> <!-- testArequestAPI -->
  <testcase name="testArequestAPI" time="2.546" classname="com.ca.tds.main.TDSPreAreq_TC">
    <failure type="java.lang.AssertionError" message="Browser Flow:: Json Validation Failed.JSONObject[&amp;quot;threeDSServerTransID&amp;quot;] not found.&amp;lt;br&amp;gt; api response : {&amp;quot;errorComponent&amp;quot;:&amp;quot;S&amp;quot;,&amp;quot;errorDescription&amp;quot;:&amp;quot;CA Merchant Server:: Access Denied, Invalid End Point. Acquirer or Merchant not participating &amp;quot;,&amp;quot;messageType&amp;quot;:&amp;quot;Erro&amp;quot;,&amp;quot;errorCode&amp;quot;:&amp;quot;303&amp;quot;,&amp;quot;errorDetail&amp;quot;:&amp;quot;Access Denied, Invalid End Point&amp;quot;,&amp;quot;errorMessageType&amp;quot;:&amp;quot;AReq&amp;quot;,&amp;quot;messageVersion&amp;quot;:&amp;quot;2.1.0&amp;quot;}">
      <![CDATA[java.lang.AssertionError: Browser Flow:: Json Validation Failed.JSONObject["threeDSServerTransID"] not found.<br> api response : {"errorComponent":"S","errorDescription":"CA Merchant Server:: Access Denied, Invalid End Point. Acquirer or Merchant not participating ","messageType":"Erro","errorCode":"303","errorDetail":"Access Denied, Invalid End Point","errorMessageType":"AReq","messageVersion":"2.1.0"}
at com.ca.tds.main.TDSPreAreq_TC.testArequestAPI(TDSPreAreq_TC.java:137)
at java.util.concurrent.ThreadPoolExecutor.runWorker(ThreadPoolExecutor.java:1149)
at java.util.concurrent.ThreadPoolExecutor$Worker.run(ThreadPoolExecutor.java:624)
at java.lang.Thread.run(Thread.java:748)
... Removed 10 stack frames]]>
    </failure>
  </testcase> <!-- testArequestAPI -->
  <testcase name="testArequestAPI" time="2.446" classname="com.ca.tds.main.TDSPreAreq_TC">
    <failure type="java.lang.AssertionError" message="Browser Flow:: Json Validation Failed.JSONObject[&amp;quot;threeDSServerTransID&amp;quot;] not found.&amp;lt;br&amp;gt; api response : {&amp;quot;errorComponent&amp;quot;:&amp;quot;S&amp;quot;,&amp;quot;errorDescription&amp;quot;:&amp;quot;CA Merchant Server:: Access Denied, Invalid End Point. Acquirer or Merchant not participating &amp;quot;,&amp;quot;messageType&amp;quot;:&amp;quot;Erro&amp;quot;,&amp;quot;errorCode&amp;quot;:&amp;quot;303&amp;quot;,&amp;quot;errorDetail&amp;quot;:&amp;quot;Access Denied, Invalid End Point&amp;quot;,&amp;quot;errorMessageType&amp;quot;:&amp;quot;AReq&amp;quot;,&amp;quot;messageVersion&amp;quot;:&amp;quot;2.1.0&amp;quot;}">
      <![CDATA[java.lang.AssertionError: Browser Flow:: Json Validation Failed.JSONObject["threeDSServerTransID"] not found.<br> api response : {"errorComponent":"S","errorDescription":"CA Merchant Server:: Access Denied, Invalid End Point. Acquirer or Merchant not participating ","messageType":"Erro","errorCode":"303","errorDetail":"Access Denied, Invalid End Point","errorMessageType":"AReq","messageVersion":"2.1.0"}
at com.ca.tds.main.TDSPreAreq_TC.testArequestAPI(TDSPreAreq_TC.java:137)
at java.util.concurrent.ThreadPoolExecutor.runWorker(ThreadPoolExecutor.java:1149)
at java.util.concurrent.ThreadPoolExecutor$Worker.run(ThreadPoolExecutor.java:624)
at java.lang.Thread.run(Thread.java:748)
... Removed 10 stack frames]]>
    </failure>
  </testcase> <!-- testArequestAPI -->
  <testcase name="testArequestAPI" time="2.684" classname="com.ca.tds.main.TDSPreAreq_TC">
    <failure type="java.lang.AssertionError" message="Browser Flow:: Json Validation Failed.JSONObject[&amp;quot;threeDSServerTransID&amp;quot;] not found.&amp;lt;br&amp;gt; api response : {&amp;quot;errorComponent&amp;quot;:&amp;quot;S&amp;quot;,&amp;quot;errorDescription&amp;quot;:&amp;quot;CA Merchant Server:: Access Denied, Invalid End Point. Acquirer or Merchant not participating &amp;quot;,&amp;quot;messageType&amp;quot;:&amp;quot;Erro&amp;quot;,&amp;quot;errorCode&amp;quot;:&amp;quot;303&amp;quot;,&amp;quot;errorDetail&amp;quot;:&amp;quot;Access Denied, Invalid End Point&amp;quot;,&amp;quot;errorMessageType&amp;quot;:&amp;quot;AReq&amp;quot;,&amp;quot;messageVersion&amp;quot;:&amp;quot;2.1.0&amp;quot;}">
      <![CDATA[java.lang.AssertionError: Browser Flow:: Json Validation Failed.JSONObject["threeDSServerTransID"] not found.<br> api response : {"errorComponent":"S","errorDescription":"CA Merchant Server:: Access Denied, Invalid End Point. Acquirer or Merchant not participating ","messageType":"Erro","errorCode":"303","errorDetail":"Access Denied, Invalid End Point","errorMessageType":"AReq","messageVersion":"2.1.0"}
at com.ca.tds.main.TDSPreAreq_TC.testArequestAPI(TDSPreAreq_TC.java:137)
at java.util.concurrent.ThreadPoolExecutor.runWorker(ThreadPoolExecutor.java:1149)
at java.util.concurrent.ThreadPoolExecutor$Worker.run(ThreadPoolExecutor.java:624)
at java.lang.Thread.run(Thread.java:748)
... Removed 10 stack frames]]>
    </failure>
  </testcase> <!-- testArequestAPI -->
  <testcase name="testArequestAPI" time="2.694" classname="com.ca.tds.main.TDSPreAreq_TC">
    <failure type="java.lang.AssertionError" message="Browser Flow:: Json Validation Failed.JSONObject[&amp;quot;threeDSServerTransID&amp;quot;] not found.&amp;lt;br&amp;gt; api response : {&amp;quot;errorComponent&amp;quot;:&amp;quot;S&amp;quot;,&amp;quot;errorDescription&amp;quot;:&amp;quot;CA Merchant Server:: Access Denied, Invalid End Point. Acquirer or Merchant not participating &amp;quot;,&amp;quot;messageType&amp;quot;:&amp;quot;Erro&amp;quot;,&amp;quot;errorCode&amp;quot;:&amp;quot;303&amp;quot;,&amp;quot;errorDetail&amp;quot;:&amp;quot;Access Denied, Invalid End Point&amp;quot;,&amp;quot;errorMessageType&amp;quot;:&amp;quot;AReq&amp;quot;,&amp;quot;messageVersion&amp;quot;:&amp;quot;2.1.0&amp;quot;}">
      <![CDATA[java.lang.AssertionError: Browser Flow:: Json Validation Failed.JSONObject["threeDSServerTransID"] not found.<br> api response : {"errorComponent":"S","errorDescription":"CA Merchant Server:: Access Denied, Invalid End Point. Acquirer or Merchant not participating ","messageType":"Erro","errorCode":"303","errorDetail":"Access Denied, Invalid End Point","errorMessageType":"AReq","messageVersion":"2.1.0"}
at com.ca.tds.main.TDSPreAreq_TC.testArequestAPI(TDSPreAreq_TC.java:137)
at java.util.concurrent.ThreadPoolExecutor.runWorker(ThreadPoolExecutor.java:1149)
at java.util.concurrent.ThreadPoolExecutor$Worker.run(ThreadPoolExecutor.java:624)
at java.lang.Thread.run(Thread.java:748)
... Removed 10 stack frames]]>
    </failure>
  </testcase> <!-- testArequestAPI -->
  <testcase name="testArequestAPI" time="2.501" classname="com.ca.tds.main.TDSPreAreq_TC">
    <failure type="java.lang.AssertionError" message="Browser Flow:: Json Validation Failed.JSONObject[&amp;quot;threeDSServerTransID&amp;quot;] not found.&amp;lt;br&amp;gt; api response : {&amp;quot;errorComponent&amp;quot;:&amp;quot;S&amp;quot;,&amp;quot;errorDescription&amp;quot;:&amp;quot;CA Merchant Server:: Access Denied, Invalid End Point. Acquirer or Merchant not participating &amp;quot;,&amp;quot;messageType&amp;quot;:&amp;quot;Erro&amp;quot;,&amp;quot;errorCode&amp;quot;:&amp;quot;303&amp;quot;,&amp;quot;errorDetail&amp;quot;:&amp;quot;Access Denied, Invalid End Point&amp;quot;,&amp;quot;errorMessageType&amp;quot;:&amp;quot;AReq&amp;quot;,&amp;quot;messageVersion&amp;quot;:&amp;quot;2.1.0&amp;quot;}">
      <![CDATA[java.lang.AssertionError: Browser Flow:: Json Validation Failed.JSONObject["threeDSServerTransID"] not found.<br> api response : {"errorComponent":"S","errorDescription":"CA Merchant Server:: Access Denied, Invalid End Point. Acquirer or Merchant not participating ","messageType":"Erro","errorCode":"303","errorDetail":"Access Denied, Invalid End Point","errorMessageType":"AReq","messageVersion":"2.1.0"}
at com.ca.tds.main.TDSPreAreq_TC.testArequestAPI(TDSPreAreq_TC.java:137)
at java.util.concurrent.ThreadPoolExecutor.runWorker(ThreadPoolExecutor.java:1149)
at java.util.concurrent.ThreadPoolExecutor$Worker.run(ThreadPoolExecutor.java:624)
at java.lang.Thread.run(Thread.java:748)
... Removed 10 stack frames]]>
    </failure>
  </testcase> <!-- testArequestAPI -->
  <testcase name="testArequestAPI" time="2.46" classname="com.ca.tds.main.TDSPreAreq_TC">
    <failure type="java.lang.AssertionError" message="Browser Flow:: Json Validation Failed.JSONObject[&amp;quot;threeDSServerTransID&amp;quot;] not found.&amp;lt;br&amp;gt; api response : {&amp;quot;errorComponent&amp;quot;:&amp;quot;S&amp;quot;,&amp;quot;errorDescription&amp;quot;:&amp;quot;CA Merchant Server:: Access Denied, Invalid End Point. Acquirer or Merchant not participating &amp;quot;,&amp;quot;messageType&amp;quot;:&amp;quot;Erro&amp;quot;,&amp;quot;errorCode&amp;quot;:&amp;quot;303&amp;quot;,&amp;quot;errorDetail&amp;quot;:&amp;quot;Access Denied, Invalid End Point&amp;quot;,&amp;quot;errorMessageType&amp;quot;:&amp;quot;AReq&amp;quot;,&amp;quot;messageVersion&amp;quot;:&amp;quot;2.1.0&amp;quot;}">
      <![CDATA[java.lang.AssertionError: Browser Flow:: Json Validation Failed.JSONObject["threeDSServerTransID"] not found.<br> api response : {"errorComponent":"S","errorDescription":"CA Merchant Server:: Access Denied, Invalid End Point. Acquirer or Merchant not participating ","messageType":"Erro","errorCode":"303","errorDetail":"Access Denied, Invalid End Point","errorMessageType":"AReq","messageVersion":"2.1.0"}
at com.ca.tds.main.TDSPreAreq_TC.testArequestAPI(TDSPreAreq_TC.java:137)
at java.util.concurrent.ThreadPoolExecutor.runWorker(ThreadPoolExecutor.java:1149)
at java.util.concurrent.ThreadPoolExecutor$Worker.run(ThreadPoolExecutor.java:624)
at java.lang.Thread.run(Thread.java:748)
... Removed 10 stack frames]]>
    </failure>
  </testcase> <!-- testArequestAPI -->
  <testcase name="testArequestAPI" time="2.769" classname="com.ca.tds.main.TDSPreAreq_TC">
    <failure type="java.lang.AssertionError" message="Browser Flow:: Json Validation Failed.JSONObject[&amp;quot;threeDSServerTransID&amp;quot;] not found.&amp;lt;br&amp;gt; api response : {&amp;quot;errorComponent&amp;quot;:&amp;quot;S&amp;quot;,&amp;quot;errorDescription&amp;quot;:&amp;quot;CA Merchant Server:: Access Denied, Invalid End Point. Acquirer or Merchant not participating &amp;quot;,&amp;quot;messageType&amp;quot;:&amp;quot;Erro&amp;quot;,&amp;quot;errorCode&amp;quot;:&amp;quot;303&amp;quot;,&amp;quot;errorDetail&amp;quot;:&amp;quot;Access Denied, Invalid End Point&amp;quot;,&amp;quot;errorMessageType&amp;quot;:&amp;quot;AReq&amp;quot;,&amp;quot;messageVersion&amp;quot;:&amp;quot;2.1.0&amp;quot;}">
      <![CDATA[java.lang.AssertionError: Browser Flow:: Json Validation Failed.JSONObject["threeDSServerTransID"] not found.<br> api response : {"errorComponent":"S","errorDescription":"CA Merchant Server:: Access Denied, Invalid End Point. Acquirer or Merchant not participating ","messageType":"Erro","errorCode":"303","errorDetail":"Access Denied, Invalid End Point","errorMessageType":"AReq","messageVersion":"2.1.0"}
at com.ca.tds.main.TDSPreAreq_TC.testArequestAPI(TDSPreAreq_TC.java:137)
at java.util.concurrent.ThreadPoolExecutor.runWorker(ThreadPoolExecutor.java:1149)
at java.util.concurrent.ThreadPoolExecutor$Worker.run(ThreadPoolExecutor.java:624)
at java.lang.Thread.run(Thread.java:748)
... Removed 10 stack frames]]>
    </failure>
  </testcase> <!-- testArequestAPI -->
  <testcase name="testArequestAPI" time="2.688" classname="com.ca.tds.main.TDSPreAreq_TC">
    <failure type="java.lang.AssertionError" message="Browser Flow:: Json Validation Failed.JSONObject[&amp;quot;threeDSServerTransID&amp;quot;] not found.&amp;lt;br&amp;gt; api response : {&amp;quot;errorComponent&amp;quot;:&amp;quot;S&amp;quot;,&amp;quot;errorDescription&amp;quot;:&amp;quot;CA Merchant Server:: Access Denied, Invalid End Point. Acquirer or Merchant not participating &amp;quot;,&amp;quot;messageType&amp;quot;:&amp;quot;Erro&amp;quot;,&amp;quot;errorCode&amp;quot;:&amp;quot;303&amp;quot;,&amp;quot;errorDetail&amp;quot;:&amp;quot;Access Denied, Invalid End Point&amp;quot;,&amp;quot;errorMessageType&amp;quot;:&amp;quot;AReq&amp;quot;,&amp;quot;messageVersion&amp;quot;:&amp;quot;2.1.0&amp;quot;}">
      <![CDATA[java.lang.AssertionError: Browser Flow:: Json Validation Failed.JSONObject["threeDSServerTransID"] not found.<br> api response : {"errorComponent":"S","errorDescription":"CA Merchant Server:: Access Denied, Invalid End Point. Acquirer or Merchant not participating ","messageType":"Erro","errorCode":"303","errorDetail":"Access Denied, Invalid End Point","errorMessageType":"AReq","messageVersion":"2.1.0"}
at com.ca.tds.main.TDSPreAreq_TC.testArequestAPI(TDSPreAreq_TC.java:137)
at java.util.concurrent.ThreadPoolExecutor.runWorker(ThreadPoolExecutor.java:1149)
at java.util.concurrent.ThreadPoolExecutor$Worker.run(ThreadPoolExecutor.java:624)
at java.lang.Thread.run(Thread.java:748)
... Removed 10 stack frames]]>
    </failure>
  </testcase> <!-- testArequestAPI -->
  <testcase name="testArequestAPI" time="2.559" classname="com.ca.tds.main.TDSPreAreq_TC">
    <failure type="java.lang.AssertionError" message="Browser Flow:: Json Validation Failed.JSONObject[&amp;quot;threeDSServerTransID&amp;quot;] not found.&amp;lt;br&amp;gt; api response : {&amp;quot;errorComponent&amp;quot;:&amp;quot;S&amp;quot;,&amp;quot;errorDescription&amp;quot;:&amp;quot;CA Merchant Server:: Access Denied, Invalid End Point. Acquirer or Merchant not participating &amp;quot;,&amp;quot;messageType&amp;quot;:&amp;quot;Erro&amp;quot;,&amp;quot;errorCode&amp;quot;:&amp;quot;303&amp;quot;,&amp;quot;errorDetail&amp;quot;:&amp;quot;Access Denied, Invalid End Point&amp;quot;,&amp;quot;errorMessageType&amp;quot;:&amp;quot;AReq&amp;quot;,&amp;quot;messageVersion&amp;quot;:&amp;quot;2.1.0&amp;quot;}">
      <![CDATA[java.lang.AssertionError: Browser Flow:: Json Validation Failed.JSONObject["threeDSServerTransID"] not found.<br> api response : {"errorComponent":"S","errorDescription":"CA Merchant Server:: Access Denied, Invalid End Point. Acquirer or Merchant not participating ","messageType":"Erro","errorCode":"303","errorDetail":"Access Denied, Invalid End Point","errorMessageType":"AReq","messageVersion":"2.1.0"}
at com.ca.tds.main.TDSPreAreq_TC.testArequestAPI(TDSPreAreq_TC.java:137)
at java.util.concurrent.ThreadPoolExecutor.runWorker(ThreadPoolExecutor.java:1149)
at java.util.concurrent.ThreadPoolExecutor$Worker.run(ThreadPoolExecutor.java:624)
at java.lang.Thread.run(Thread.java:748)
... Removed 10 stack frames]]>
    </failure>
  </testcase> <!-- testArequestAPI -->
  <testcase name="testArequestAPI" time="2.462" classname="com.ca.tds.main.TDSPreAreq_TC">
    <failure type="java.lang.AssertionError" message="Browser Flow:: Json Validation Failed.JSONObject[&amp;quot;threeDSServerTransID&amp;quot;] not found.&amp;lt;br&amp;gt; api response : {&amp;quot;errorComponent&amp;quot;:&amp;quot;S&amp;quot;,&amp;quot;errorDescription&amp;quot;:&amp;quot;CA Merchant Server:: Access Denied, Invalid End Point. Acquirer or Merchant not participating &amp;quot;,&amp;quot;messageType&amp;quot;:&amp;quot;Erro&amp;quot;,&amp;quot;errorCode&amp;quot;:&amp;quot;303&amp;quot;,&amp;quot;errorDetail&amp;quot;:&amp;quot;Access Denied, Invalid End Point&amp;quot;,&amp;quot;errorMessageType&amp;quot;:&amp;quot;AReq&amp;quot;,&amp;quot;messageVersion&amp;quot;:&amp;quot;2.1.0&amp;quot;}">
      <![CDATA[java.lang.AssertionError: Browser Flow:: Json Validation Failed.JSONObject["threeDSServerTransID"] not found.<br> api response : {"errorComponent":"S","errorDescription":"CA Merchant Server:: Access Denied, Invalid End Point. Acquirer or Merchant not participating ","messageType":"Erro","errorCode":"303","errorDetail":"Access Denied, Invalid End Point","errorMessageType":"AReq","messageVersion":"2.1.0"}
at com.ca.tds.main.TDSPreAreq_TC.testArequestAPI(TDSPreAreq_TC.java:137)
at java.util.concurrent.ThreadPoolExecutor.runWorker(ThreadPoolExecutor.java:1149)
at java.util.concurrent.ThreadPoolExecutor$Worker.run(ThreadPoolExecutor.java:624)
at java.lang.Thread.run(Thread.java:748)
... Removed 10 stack frames]]>
    </failure>
  </testcase> <!-- testArequestAPI -->
  <testcase name="testArequestAPI" time="2.625" classname="com.ca.tds.main.TDSPreAreq_TC">
    <failure type="java.lang.AssertionError" message="Browser Flow:: Json Validation Failed.JSONObject[&amp;quot;threeDSServerTransID&amp;quot;] not found.&amp;lt;br&amp;gt; api response : {&amp;quot;errorComponent&amp;quot;:&amp;quot;S&amp;quot;,&amp;quot;errorDescription&amp;quot;:&amp;quot;CA Merchant Server:: Access Denied, Invalid End Point. Acquirer or Merchant not participating &amp;quot;,&amp;quot;messageType&amp;quot;:&amp;quot;Erro&amp;quot;,&amp;quot;errorCode&amp;quot;:&amp;quot;303&amp;quot;,&amp;quot;errorDetail&amp;quot;:&amp;quot;Access Denied, Invalid End Point&amp;quot;,&amp;quot;errorMessageType&amp;quot;:&amp;quot;AReq&amp;quot;,&amp;quot;messageVersion&amp;quot;:&amp;quot;2.1.0&amp;quot;}">
      <![CDATA[java.lang.AssertionError: Browser Flow:: Json Validation Failed.JSONObject["threeDSServerTransID"] not found.<br> api response : {"errorComponent":"S","errorDescription":"CA Merchant Server:: Access Denied, Invalid End Point. Acquirer or Merchant not participating ","messageType":"Erro","errorCode":"303","errorDetail":"Access Denied, Invalid End Point","errorMessageType":"AReq","messageVersion":"2.1.0"}
at com.ca.tds.main.TDSPreAreq_TC.testArequestAPI(TDSPreAreq_TC.java:137)
at java.util.concurrent.ThreadPoolExecutor.runWorker(ThreadPoolExecutor.java:1149)
at java.util.concurrent.ThreadPoolExecutor$Worker.run(ThreadPoolExecutor.java:624)
at java.lang.Thread.run(Thread.java:748)
... Removed 10 stack frames]]>
    </failure>
  </testcase> <!-- testArequestAPI -->
  <testcase name="testArequestAPI" time="2.704" classname="com.ca.tds.main.TDSPreAreq_TC">
    <failure type="java.lang.AssertionError" message="Browser Flow:: Json Validation Failed.JSONObject[&amp;quot;threeDSServerTransID&amp;quot;] not found.&amp;lt;br&amp;gt; api response : {&amp;quot;errorComponent&amp;quot;:&amp;quot;S&amp;quot;,&amp;quot;errorDescription&amp;quot;:&amp;quot;CA Merchant Server:: Access Denied, Invalid End Point. Acquirer or Merchant not participating &amp;quot;,&amp;quot;messageType&amp;quot;:&amp;quot;Erro&amp;quot;,&amp;quot;errorCode&amp;quot;:&amp;quot;303&amp;quot;,&amp;quot;errorDetail&amp;quot;:&amp;quot;Access Denied, Invalid End Point&amp;quot;,&amp;quot;errorMessageType&amp;quot;:&amp;quot;AReq&amp;quot;,&amp;quot;messageVersion&amp;quot;:&amp;quot;2.1.0&amp;quot;}">
      <![CDATA[java.lang.AssertionError: Browser Flow:: Json Validation Failed.JSONObject["threeDSServerTransID"] not found.<br> api response : {"errorComponent":"S","errorDescription":"CA Merchant Server:: Access Denied, Invalid End Point. Acquirer or Merchant not participating ","messageType":"Erro","errorCode":"303","errorDetail":"Access Denied, Invalid End Point","errorMessageType":"AReq","messageVersion":"2.1.0"}
at com.ca.tds.main.TDSPreAreq_TC.testArequestAPI(TDSPreAreq_TC.java:137)
at java.util.concurrent.ThreadPoolExecutor.runWorker(ThreadPoolExecutor.java:1149)
at java.util.concurrent.ThreadPoolExecutor$Worker.run(ThreadPoolExecutor.java:624)
at java.lang.Thread.run(Thread.java:748)
... Removed 10 stack frames]]>
    </failure>
  </testcase> <!-- testArequestAPI -->
  <testcase name="testArequestAPI" time="2.543" classname="com.ca.tds.main.TDSPreAreq_TC">
    <failure type="java.lang.AssertionError" message="Browser Flow:: Json Validation Failed.JSONObject[&amp;quot;threeDSServerTransID&amp;quot;] not found.&amp;lt;br&amp;gt; api response : {&amp;quot;errorComponent&amp;quot;:&amp;quot;S&amp;quot;,&amp;quot;errorDescription&amp;quot;:&amp;quot;CA Merchant Server:: Access Denied, Invalid End Point. Acquirer or Merchant not participating &amp;quot;,&amp;quot;messageType&amp;quot;:&amp;quot;Erro&amp;quot;,&amp;quot;errorCode&amp;quot;:&amp;quot;303&amp;quot;,&amp;quot;errorDetail&amp;quot;:&amp;quot;Access Denied, Invalid End Point&amp;quot;,&amp;quot;errorMessageType&amp;quot;:&amp;quot;AReq&amp;quot;,&amp;quot;messageVersion&amp;quot;:&amp;quot;2.1.0&amp;quot;}">
      <![CDATA[java.lang.AssertionError: Browser Flow:: Json Validation Failed.JSONObject["threeDSServerTransID"] not found.<br> api response : {"errorComponent":"S","errorDescription":"CA Merchant Server:: Access Denied, Invalid End Point. Acquirer or Merchant not participating ","messageType":"Erro","errorCode":"303","errorDetail":"Access Denied, Invalid End Point","errorMessageType":"AReq","messageVersion":"2.1.0"}
at com.ca.tds.main.TDSPreAreq_TC.testArequestAPI(TDSPreAreq_TC.java:137)
at java.util.concurrent.ThreadPoolExecutor.runWorker(ThreadPoolExecutor.java:1149)
at java.util.concurrent.ThreadPoolExecutor$Worker.run(ThreadPoolExecutor.java:624)
at java.lang.Thread.run(Thread.java:748)
... Removed 10 stack frames]]>
    </failure>
  </testcase> <!-- testArequestAPI -->
  <testcase name="testArequestAPI" time="2.562" classname="com.ca.tds.main.TDSPreAreq_TC">
    <failure type="java.lang.AssertionError" message="Browser Flow:: Json Validation Failed.JSONObject[&amp;quot;threeDSServerTransID&amp;quot;] not found.&amp;lt;br&amp;gt; api response : {&amp;quot;errorComponent&amp;quot;:&amp;quot;S&amp;quot;,&amp;quot;errorDescription&amp;quot;:&amp;quot;CA Merchant Server:: Access Denied, Invalid End Point. Acquirer or Merchant not participating &amp;quot;,&amp;quot;messageType&amp;quot;:&amp;quot;Erro&amp;quot;,&amp;quot;errorCode&amp;quot;:&amp;quot;303&amp;quot;,&amp;quot;errorDetail&amp;quot;:&amp;quot;Access Denied, Invalid End Point&amp;quot;,&amp;quot;errorMessageType&amp;quot;:&amp;quot;AReq&amp;quot;,&amp;quot;messageVersion&amp;quot;:&amp;quot;2.1.0&amp;quot;}">
      <![CDATA[java.lang.AssertionError: Browser Flow:: Json Validation Failed.JSONObject["threeDSServerTransID"] not found.<br> api response : {"errorComponent":"S","errorDescription":"CA Merchant Server:: Access Denied, Invalid End Point. Acquirer or Merchant not participating ","messageType":"Erro","errorCode":"303","errorDetail":"Access Denied, Invalid End Point","errorMessageType":"AReq","messageVersion":"2.1.0"}
at com.ca.tds.main.TDSPreAreq_TC.testArequestAPI(TDSPreAreq_TC.java:137)
at java.util.concurrent.ThreadPoolExecutor.runWorker(ThreadPoolExecutor.java:1149)
at java.util.concurrent.ThreadPoolExecutor$Worker.run(ThreadPoolExecutor.java:624)
at java.lang.Thread.run(Thread.java:748)
... Removed 10 stack frames]]>
    </failure>
  </testcase> <!-- testArequestAPI -->
  <testcase name="testArequestAPI" time="2.68" classname="com.ca.tds.main.TDSPreAreq_TC">
    <failure type="java.lang.AssertionError" message="Browser Flow:: Json Validation Failed.JSONObject[&amp;quot;threeDSServerTransID&amp;quot;] not found.&amp;lt;br&amp;gt; api response : {&amp;quot;errorComponent&amp;quot;:&amp;quot;S&amp;quot;,&amp;quot;errorDescription&amp;quot;:&amp;quot;CA Merchant Server:: Access Denied, Invalid End Point. Acquirer or Merchant not participating &amp;quot;,&amp;quot;messageType&amp;quot;:&amp;quot;Erro&amp;quot;,&amp;quot;errorCode&amp;quot;:&amp;quot;303&amp;quot;,&amp;quot;errorDetail&amp;quot;:&amp;quot;Access Denied, Invalid End Point&amp;quot;,&amp;quot;errorMessageType&amp;quot;:&amp;quot;AReq&amp;quot;,&amp;quot;messageVersion&amp;quot;:&amp;quot;2.1.0&amp;quot;}">
      <![CDATA[java.lang.AssertionError: Browser Flow:: Json Validation Failed.JSONObject["threeDSServerTransID"] not found.<br> api response : {"errorComponent":"S","errorDescription":"CA Merchant Server:: Access Denied, Invalid End Point. Acquirer or Merchant not participating ","messageType":"Erro","errorCode":"303","errorDetail":"Access Denied, Invalid End Point","errorMessageType":"AReq","messageVersion":"2.1.0"}
at com.ca.tds.main.TDSPreAreq_TC.testArequestAPI(TDSPreAreq_TC.java:137)
at java.util.concurrent.ThreadPoolExecutor.runWorker(ThreadPoolExecutor.java:1149)
at java.util.concurrent.ThreadPoolExecutor$Worker.run(ThreadPoolExecutor.java:624)
at java.lang.Thread.run(Thread.java:748)
... Removed 10 stack frames]]>
    </failure>
  </testcase> <!-- testArequestAPI -->
  <testcase name="testArequestAPI" time="2.678" classname="com.ca.tds.main.TDSPreAreq_TC">
    <failure type="java.lang.AssertionError" message="Browser Flow:: Json Validation Failed.JSONObject[&amp;quot;threeDSServerTransID&amp;quot;] not found.&amp;lt;br&amp;gt; api response : {&amp;quot;errorComponent&amp;quot;:&amp;quot;S&amp;quot;,&amp;quot;errorDescription&amp;quot;:&amp;quot;CA Merchant Server:: Access Denied, Invalid End Point. Acquirer or Merchant not participating &amp;quot;,&amp;quot;messageType&amp;quot;:&amp;quot;Erro&amp;quot;,&amp;quot;errorCode&amp;quot;:&amp;quot;303&amp;quot;,&amp;quot;errorDetail&amp;quot;:&amp;quot;Access Denied, Invalid End Point&amp;quot;,&amp;quot;errorMessageType&amp;quot;:&amp;quot;AReq&amp;quot;,&amp;quot;messageVersion&amp;quot;:&amp;quot;2.1.0&amp;quot;}">
      <![CDATA[java.lang.AssertionError: Browser Flow:: Json Validation Failed.JSONObject["threeDSServerTransID"] not found.<br> api response : {"errorComponent":"S","errorDescription":"CA Merchant Server:: Access Denied, Invalid End Point. Acquirer or Merchant not participating ","messageType":"Erro","errorCode":"303","errorDetail":"Access Denied, Invalid End Point","errorMessageType":"AReq","messageVersion":"2.1.0"}
at com.ca.tds.main.TDSPreAreq_TC.testArequestAPI(TDSPreAreq_TC.java:137)
at java.util.concurrent.ThreadPoolExecutor.runWorker(ThreadPoolExecutor.java:1149)
at java.util.concurrent.ThreadPoolExecutor$Worker.run(ThreadPoolExecutor.java:624)
at java.lang.Thread.run(Thread.java:748)
... Removed 10 stack frames]]>
    </failure>
  </testcase> <!-- testArequestAPI -->
</testsuite> <!-- VISA::Clear Card::Browser::AReq flow -->
