<!DOCTYPE html>

<html>
  <head>
  <meta charset='utf-8'>
  <title>TestNG reports</title>

    <link type="text/css" href="testng-reports.css" rel="stylesheet" />
    <script type="text/javascript" src="jquery-1.7.1.min.js"></script>
    <script type="text/javascript" src="testng-reports.js"></script>
    <script type="text/javascript" src="https://www.google.com/jsapi"></script>
    <script type='text/javascript'>
      google.load('visualization', '1', {packages:['table']});
      google.setOnLoadCallback(drawTable);
      var suiteTableInitFunctions = new Array();
      var suiteTableData = new Array();
    </script>
    <!--
      <script type="text/javascript" src="jquery-ui/js/jquery-ui-1.8.16.custom.min.js"></script>
     -->
  </head>

  <body>
    <div class="top-banner-root">
      <span class="top-banner-title-font">Test results</span>
      <br/>
      <span class="top-banner-font-1">5 suites, 26 failed tests</span>
    </div> <!-- top-banner-root -->
    <div class="navigator-root">
      <div class="navigator-suite-header">
        <span>All suites</span>
        <a href="#" class="collapse-all-link" title="Collapse/expand all the suites">
          <img class="collapse-all-icon" src="collapseall.gif">
          </img> <!-- collapse-all-icon -->
        </a> <!-- collapse-all-link -->
      </div> <!-- navigator-suite-header -->
      <div class="suite">
        <div class="rounded-window">
          <div class="suite-header light-rounded-window-top">
            <a href="#" class="navigator-link" panel-name="suite-SanityFrictionLess">
              <span class="suite-name border-failed">SanityFrictionLess</span>
            </a> <!-- navigator-link -->
          </div> <!-- suite-header light-rounded-window-top -->
          <div class="navigator-suite-content">
            <div class="suite-section-title">
              <span>Info</span>
            </div> <!-- suite-section-title -->
            <div class="suite-section-content">
              <ul>
                <li>
                  <a href="#" class="navigator-link " panel-name="test-xml-SanityFrictionLess">
                    <span>C:\AutomationTDS\TDSAutomation\xmlfiles\3DS_SanityFrictionlessFlow.xml</span>
                  </a> <!-- navigator-link  -->
                </li>
                <li>
                  <a href="#" class="navigator-link " panel-name="testlist-SanityFrictionLess">
                    <span class="test-stats">3 tests</span>
                  </a> <!-- navigator-link  -->
                </li>
                <li>
                  <a href="#" class="navigator-link " panel-name="group-SanityFrictionLess">
                    <span>0 groups</span>
                  </a> <!-- navigator-link  -->
                </li>
                <li>
                  <a href="#" class="navigator-link " panel-name="times-SanityFrictionLess">
                    <span>Times</span>
                  </a> <!-- navigator-link  -->
                </li>
                <li>
                  <a href="#" class="navigator-link " panel-name="reporter-SanityFrictionLess">
                    <span>Reporter output</span>
                  </a> <!-- navigator-link  -->
                </li>
                <li>
                  <a href="#" class="navigator-link " panel-name="ignored-methods-SanityFrictionLess">
                    <span>Ignored methods</span>
                  </a> <!-- navigator-link  -->
                </li>
                <li>
                  <a href="#" class="navigator-link " panel-name="chronological-SanityFrictionLess">
                    <span>Chronological view</span>
                  </a> <!-- navigator-link  -->
                </li>
              </ul>
            </div> <!-- suite-section-content -->
            <div class="result-section">
              <div class="suite-section-title">
                <span>Results</span>
              </div> <!-- suite-section-title -->
              <div class="suite-section-content">
                <ul>
                  <li>
                    <span class="method-stats">3 methods, 3 failed,   </span>
                  </li>
                  <li>
                    <span class="method-list-title failed">Failed methods</span>
                    <span class="show-or-hide-methods failed">
                      <a href="#" panel-name="suite-SanityFrictionLess" class="hide-methods failed suite-SanityFrictionLess"> (hide)</a> <!-- hide-methods failed suite-SanityFrictionLess -->
                      <a href="#" panel-name="suite-SanityFrictionLess" class="show-methods failed suite-SanityFrictionLess"> (show)</a> <!-- show-methods failed suite-SanityFrictionLess -->
                    </span>
                    <div class="method-list-content failed suite-SanityFrictionLess">
                      <span>
                        <img width="3%" src="failed.png"/>
                        <a href="#" class="method navigator-link" panel-name="suite-SanityFrictionLess" title="com.ca.tds.main.TDSPreAreq_TC" hash-for-method="testArequestAPI(org.testng.TestRunner@3c84954, {TestCaseID=_A001, TestCaseName=_SanityFrictionless_Sample Valid Areq...)">testArequestAPI(org.testng.TestRunner@3c84954, {TestCaseID=_A001, TestCaseName=_SanityFrictionless_Sample Valid Areq...)</a> <!-- method navigator-link -->
                      </span>
                      <br/>
                      <span>
                        <img width="3%" src="failed.png"/>
                        <a href="#" class="method navigator-link" panel-name="suite-SanityFrictionLess" title="com.ca.tds.main.TDSPreAreq_TC" hash-for-method="testArequestAPI(org.testng.TestRunner@1723af66, {TestCaseID=_M001, TestCaseName=_SanityFrictionless_Sample Valid Are...)">testArequestAPI(org.testng.TestRunner@1723af66, {TestCaseID=_M001, TestCaseName=_SanityFrictionless_Sample Valid Are...)</a> <!-- method navigator-link -->
                      </span>
                      <br/>
                      <span>
                        <img width="3%" src="failed.png"/>
                        <a href="#" class="method navigator-link" panel-name="suite-SanityFrictionLess" title="com.ca.tds.main.TDSPreAreq_TC" hash-for-method="testArequestAPI(org.testng.TestRunner@28313631, {TestCaseID=_V001, TestCaseName=_SanityFrictionless_Sample Valid Are...)">testArequestAPI(org.testng.TestRunner@28313631, {TestCaseID=_V001, TestCaseName=_SanityFrictionless_Sample Valid Are...)</a> <!-- method navigator-link -->
                      </span>
                      <br/>
                    </div> <!-- method-list-content failed suite-SanityFrictionLess -->
                  </li>
                </ul>
              </div> <!-- suite-section-content -->
            </div> <!-- result-section -->
          </div> <!-- navigator-suite-content -->
        </div> <!-- rounded-window -->
      </div> <!-- suite -->
      <div class="suite">
        <div class="rounded-window">
          <div class="suite-header light-rounded-window-top">
            <a href="#" class="navigator-link" panel-name="suite-SanityChallengeflow">
              <span class="suite-name border-failed">SanityChallengeflow</span>
            </a> <!-- navigator-link -->
          </div> <!-- suite-header light-rounded-window-top -->
          <div class="navigator-suite-content">
            <div class="suite-section-title">
              <span>Info</span>
            </div> <!-- suite-section-title -->
            <div class="suite-section-content">
              <ul>
                <li>
                  <a href="#" class="navigator-link " panel-name="test-xml-SanityChallengeflow">
                    <span>C:\AutomationTDS\TDSAutomation\xmlfiles\3DS_SanityChallengeFlow.xml</span>
                  </a> <!-- navigator-link  -->
                </li>
                <li>
                  <a href="#" class="navigator-link " panel-name="testlist-SanityChallengeflow">
                    <span class="test-stats">9 tests</span>
                  </a> <!-- navigator-link  -->
                </li>
                <li>
                  <a href="#" class="navigator-link " panel-name="group-SanityChallengeflow">
                    <span>0 groups</span>
                  </a> <!-- navigator-link  -->
                </li>
                <li>
                  <a href="#" class="navigator-link " panel-name="times-SanityChallengeflow">
                    <span>Times</span>
                  </a> <!-- navigator-link  -->
                </li>
                <li>
                  <a href="#" class="navigator-link " panel-name="reporter-SanityChallengeflow">
                    <span>Reporter output</span>
                  </a> <!-- navigator-link  -->
                </li>
                <li>
                  <a href="#" class="navigator-link " panel-name="ignored-methods-SanityChallengeflow">
                    <span>Ignored methods</span>
                  </a> <!-- navigator-link  -->
                </li>
                <li>
                  <a href="#" class="navigator-link " panel-name="chronological-SanityChallengeflow">
                    <span>Chronological view</span>
                  </a> <!-- navigator-link  -->
                </li>
              </ul>
            </div> <!-- suite-section-content -->
            <div class="result-section">
              <div class="suite-section-title">
                <span>Results</span>
              </div> <!-- suite-section-title -->
              <div class="suite-section-content">
                <ul>
                  <li>
                    <span class="method-stats">9 methods, 9 failed,   </span>
                  </li>
                  <li>
                    <span class="method-list-title failed">Failed methods</span>
                    <span class="show-or-hide-methods failed">
                      <a href="#" panel-name="suite-SanityChallengeflow" class="hide-methods failed suite-SanityChallengeflow"> (hide)</a> <!-- hide-methods failed suite-SanityChallengeflow -->
                      <a href="#" panel-name="suite-SanityChallengeflow" class="show-methods failed suite-SanityChallengeflow"> (show)</a> <!-- show-methods failed suite-SanityChallengeflow -->
                    </span>
                    <div class="method-list-content failed suite-SanityChallengeflow">
                      <span>
                        <img width="3%" src="failed.png"/>
                        <a href="#" class="method navigator-link" panel-name="suite-SanityChallengeflow" title="com.ca.tds.main.TDSPreAreq_TC" hash-for-method="testArequestAPI(org.testng.TestRunner@1c69479, {TestCaseID=_S001, TestCaseName=_SanityChallenge_AReq_AMEX_For_Verify...)">testArequestAPI(org.testng.TestRunner@1c69479, {TestCaseID=_S001, TestCaseName=_SanityChallenge_AReq_AMEX_For_Verify...)</a> <!-- method navigator-link -->
                      </span>
                      <br/>
                      <span>
                        <img width="3%" src="failed.png"/>
                        <a href="#" class="method navigator-link" panel-name="suite-SanityChallengeflow" title="com.ca.tds.main.TDSVerifyAPI_TC" hash-for-method="testArequestAPI(org.testng.TestRunner@a7b06ae, {TestCaseID=_S001, TestCaseName=_SanityChallenge_Sample Valid Verify ...)">testArequestAPI(org.testng.TestRunner@a7b06ae, {TestCaseID=_S001, TestCaseName=_SanityChallenge_Sample Valid Verify ...)</a> <!-- method navigator-link -->
                      </span>
                      <br/>
                      <span>
                        <img width="3%" src="failed.png"/>
                        <a href="#" class="method navigator-link" panel-name="suite-SanityChallengeflow" title="com.ca.tds.main.TDSPreAreq_TC" hash-for-method="testArequestAPI(org.testng.TestRunner@244ecd02, {TestCaseID=_S001, TestCaseName=_SanityChallenge_AReq_MC_For_Verify_...)">testArequestAPI(org.testng.TestRunner@244ecd02, {TestCaseID=_S001, TestCaseName=_SanityChallenge_AReq_MC_For_Verify_...)</a> <!-- method navigator-link -->
                      </span>
                      <br/>
                      <span>
                        <img width="3%" src="failed.png"/>
                        <a href="#" class="method navigator-link" panel-name="suite-SanityChallengeflow" title="com.ca.tds.main.TDSVerifyAPI_TC" hash-for-method="testArequestAPI(org.testng.TestRunner@2920237f, {TestCaseID=_S001, TestCaseName=_SanityChallenge_Sample Valid Verify...)">testArequestAPI(org.testng.TestRunner@2920237f, {TestCaseID=_S001, TestCaseName=_SanityChallenge_Sample Valid Verify...)</a> <!-- method navigator-link -->
                      </span>
                      <br/>
                      <span>
                        <img width="3%" src="failed.png"/>
                        <a href="#" class="method navigator-link" panel-name="suite-SanityChallengeflow" title="com.ca.tds.main.TDSPreAreq_TC" hash-for-method="testArequestAPI(org.testng.TestRunner@7f869858, {TestCaseID=_S001, TestCaseName=_SanityChallenge_AReq_VISA_For_Verif...)">testArequestAPI(org.testng.TestRunner@7f869858, {TestCaseID=_S001, TestCaseName=_SanityChallenge_AReq_VISA_For_Verif...)</a> <!-- method navigator-link -->
                      </span>
                      <br/>
                      <span>
                        <img width="3%" src="failed.png"/>
                        <a href="#" class="method navigator-link" panel-name="suite-SanityChallengeflow" title="com.ca.tds.main.TDSVerifyAPI_TC" hash-for-method="testArequestAPI(org.testng.TestRunner@148f8faf, {TestCaseID=_S001, TestCaseName=_SanityChallenge_Sample Valid Verify...)">testArequestAPI(org.testng.TestRunner@148f8faf, {TestCaseID=_S001, TestCaseName=_SanityChallenge_Sample Valid Verify...)</a> <!-- method navigator-link -->
                      </span>
                      <br/>
                      <span>
                        <img width="3%" src="failed.png"/>
                        <a href="#" class="method navigator-link" panel-name="suite-SanityChallengeflow" title="com.ca.tds.main.TDSRReq_TC" hash-for-method="testRRequestAPI(org.testng.TestRunner@43ccc5e7, {TestCaseID=_S001, TestCaseName=_SanityChallenge_RReq_For_Verify_TC0...)">testRRequestAPI(org.testng.TestRunner@43ccc5e7, {TestCaseID=_S001, TestCaseName=_SanityChallenge_RReq_For_Verify_TC0...)</a> <!-- method navigator-link -->
                      </span>
                      <br/>
                      <span>
                        <img width="3%" src="failed.png"/>
                        <a href="#" class="method navigator-link" panel-name="suite-SanityChallengeflow" title="com.ca.tds.main.TDSRReq_TC" hash-for-method="testRRequestAPI(org.testng.TestRunner@17c16608, {TestCaseID=_S001, TestCaseName=_SanityChallenge_RReq_For_Verify_TC0...)">testRRequestAPI(org.testng.TestRunner@17c16608, {TestCaseID=_S001, TestCaseName=_SanityChallenge_RReq_For_Verify_TC0...)</a> <!-- method navigator-link -->
                      </span>
                      <br/>
                      <span>
                        <img width="3%" src="failed.png"/>
                        <a href="#" class="method navigator-link" panel-name="suite-SanityChallengeflow" title="com.ca.tds.main.TDSRReq_TC" hash-for-method="testRRequestAPI(org.testng.TestRunner@47ea7510, {TestCaseID=_S001, TestCaseName=_SanityChallenge_RReq_For_Verify_TC0...)">testRRequestAPI(org.testng.TestRunner@47ea7510, {TestCaseID=_S001, TestCaseName=_SanityChallenge_RReq_For_Verify_TC0...)</a> <!-- method navigator-link -->
                      </span>
                      <br/>
                    </div> <!-- method-list-content failed suite-SanityChallengeflow -->
                  </li>
                </ul>
              </div> <!-- suite-section-content -->
            </div> <!-- result-section -->
          </div> <!-- navigator-suite-content -->
        </div> <!-- rounded-window -->
      </div> <!-- suite -->
      <div class="suite">
        <div class="rounded-window">
          <div class="suite-header light-rounded-window-top">
            <a href="#" class="navigator-link" panel-name="suite-SanityFrictionLessMethodurl">
              <span class="suite-name border-failed">SanityFrictionLessMethodurl</span>
            </a> <!-- navigator-link -->
          </div> <!-- suite-header light-rounded-window-top -->
          <div class="navigator-suite-content">
            <div class="suite-section-title">
              <span>Info</span>
            </div> <!-- suite-section-title -->
            <div class="suite-section-content">
              <ul>
                <li>
                  <a href="#" class="navigator-link " panel-name="test-xml-SanityFrictionLessMethodurl">
                    <span>C:\AutomationTDS\TDSAutomation\xmlfiles\3DS_SanityFrictionlessMethodurl.xml</span>
                  </a> <!-- navigator-link  -->
                </li>
                <li>
                  <a href="#" class="navigator-link " panel-name="testlist-SanityFrictionLessMethodurl">
                    <span class="test-stats">6 tests</span>
                  </a> <!-- navigator-link  -->
                </li>
                <li>
                  <a href="#" class="navigator-link " panel-name="group-SanityFrictionLessMethodurl">
                    <span>0 groups</span>
                  </a> <!-- navigator-link  -->
                </li>
                <li>
                  <a href="#" class="navigator-link " panel-name="times-SanityFrictionLessMethodurl">
                    <span>Times</span>
                  </a> <!-- navigator-link  -->
                </li>
                <li>
                  <a href="#" class="navigator-link " panel-name="reporter-SanityFrictionLessMethodurl">
                    <span>Reporter output</span>
                  </a> <!-- navigator-link  -->
                </li>
                <li>
                  <a href="#" class="navigator-link " panel-name="ignored-methods-SanityFrictionLessMethodurl">
                    <span>Ignored methods</span>
                  </a> <!-- navigator-link  -->
                </li>
                <li>
                  <a href="#" class="navigator-link " panel-name="chronological-SanityFrictionLessMethodurl">
                    <span>Chronological view</span>
                  </a> <!-- navigator-link  -->
                </li>
              </ul>
            </div> <!-- suite-section-content -->
            <div class="result-section">
              <div class="suite-section-title">
                <span>Results</span>
              </div> <!-- suite-section-title -->
              <div class="suite-section-content">
                <ul>
                  <li>
                    <span class="method-stats">6 methods, 4 failed,   2 passed</span>
                  </li>
                  <li>
                    <span class="method-list-title failed">Failed methods</span>
                    <span class="show-or-hide-methods failed">
                      <a href="#" panel-name="suite-SanityFrictionLessMethodurl" class="hide-methods failed suite-SanityFrictionLessMethodurl"> (hide)</a> <!-- hide-methods failed suite-SanityFrictionLessMethodurl -->
                      <a href="#" panel-name="suite-SanityFrictionLessMethodurl" class="show-methods failed suite-SanityFrictionLessMethodurl"> (show)</a> <!-- show-methods failed suite-SanityFrictionLessMethodurl -->
                    </span>
                    <div class="method-list-content failed suite-SanityFrictionLessMethodurl">
                      <span>
                        <img width="3%" src="failed.png"/>
                        <a href="#" class="method navigator-link" panel-name="suite-SanityFrictionLessMethodurl" title="com.ca.tds.main.TDSPreAreq_TC" hash-for-method="testArequestAPI(org.testng.TestRunner@46997473, {TestCaseID=_A001, TestCaseName=_SanityFrictionless_Sample Valid Are...)">testArequestAPI(org.testng.TestRunner@46997473, {TestCaseID=_A001, TestCaseName=_SanityFrictionless_Sample Valid Are...)</a> <!-- method navigator-link -->
                      </span>
                      <br/>
                      <span>
                        <img width="3%" src="failed.png"/>
                        <a href="#" class="method navigator-link" panel-name="suite-SanityFrictionLessMethodurl" title="com.ca.tds.main.TDSMethodURL_TC" hash-for-method="testArequestAPI(org.testng.TestRunner@7c228aa7, {TestCaseID=_M001, TestCaseName=_SanityFrictionless_TDSMethodURL_Cal...)">testArequestAPI(org.testng.TestRunner@7c228aa7, {TestCaseID=_M001, TestCaseName=_SanityFrictionless_TDSMethodURL_Cal...)</a> <!-- method navigator-link -->
                      </span>
                      <br/>
                      <span>
                        <img width="3%" src="failed.png"/>
                        <a href="#" class="method navigator-link" panel-name="suite-SanityFrictionLessMethodurl" title="com.ca.tds.main.TDSPreAreq_TC" hash-for-method="testArequestAPI(org.testng.TestRunner@6968aaa2, {TestCaseID=_M001, TestCaseName=_SanityFrictionless_Sample Valid Are...)">testArequestAPI(org.testng.TestRunner@6968aaa2, {TestCaseID=_M001, TestCaseName=_SanityFrictionless_Sample Valid Are...)</a> <!-- method navigator-link -->
                      </span>
                      <br/>
                      <span>
                        <img width="3%" src="failed.png"/>
                        <a href="#" class="method navigator-link" panel-name="suite-SanityFrictionLessMethodurl" title="com.ca.tds.main.TDSPreAreq_TC" hash-for-method="testArequestAPI(org.testng.TestRunner@5e39845c, {TestCaseID=_V001, TestCaseName=_SanityFrictionless_Sample Valid Are...)">testArequestAPI(org.testng.TestRunner@5e39845c, {TestCaseID=_V001, TestCaseName=_SanityFrictionless_Sample Valid Are...)</a> <!-- method navigator-link -->
                      </span>
                      <br/>
                    </div> <!-- method-list-content failed suite-SanityFrictionLessMethodurl -->
                  </li>
                  <li>
                    <span class="method-list-title passed">Passed methods</span>
                    <span class="show-or-hide-methods passed">
                      <a href="#" panel-name="suite-SanityFrictionLessMethodurl" class="hide-methods passed suite-SanityFrictionLessMethodurl"> (hide)</a> <!-- hide-methods passed suite-SanityFrictionLessMethodurl -->
                      <a href="#" panel-name="suite-SanityFrictionLessMethodurl" class="show-methods passed suite-SanityFrictionLessMethodurl"> (show)</a> <!-- show-methods passed suite-SanityFrictionLessMethodurl -->
                    </span>
                    <div class="method-list-content passed suite-SanityFrictionLessMethodurl">
                      <span>
                        <img width="3%" src="passed.png"/>
                        <a href="#" class="method navigator-link" panel-name="suite-SanityFrictionLessMethodurl" title="com.ca.tds.main.TDSMethodURL_TC" hash-for-method="testArequestAPI(org.testng.TestRunner@31c7c25f, {TestCaseID=_A001, TestCaseName=_SanityFrictionless_TDSMethodURL_Cal...)">testArequestAPI(org.testng.TestRunner@31c7c25f, {TestCaseID=_A001, TestCaseName=_SanityFrictionless_TDSMethodURL_Cal...)</a> <!-- method navigator-link -->
                      </span>
                      <br/>
                      <span>
                        <img width="3%" src="passed.png"/>
                        <a href="#" class="method navigator-link" panel-name="suite-SanityFrictionLessMethodurl" title="com.ca.tds.main.TDSMethodURL_TC" hash-for-method="testArequestAPI(org.testng.TestRunner@589072bc, {TestCaseID=_V001, TestCaseName=_SanityFrictionless_TDSMethodURL_Cal...)">testArequestAPI(org.testng.TestRunner@589072bc, {TestCaseID=_V001, TestCaseName=_SanityFrictionless_TDSMethodURL_Cal...)</a> <!-- method navigator-link -->
                      </span>
                      <br/>
                    </div> <!-- method-list-content passed suite-SanityFrictionLessMethodurl -->
                  </li>
                </ul>
              </div> <!-- suite-section-content -->
            </div> <!-- result-section -->
          </div> <!-- navigator-suite-content -->
        </div> <!-- rounded-window -->
      </div> <!-- suite -->
      <div class="suite">
        <div class="rounded-window">
          <div class="suite-header light-rounded-window-top">
            <a href="#" class="navigator-link" panel-name="suite-SanityChallengeflowMethodurl">
              <span class="suite-name border-failed">SanityChallengeflowMethodurl</span>
            </a> <!-- navigator-link -->
          </div> <!-- suite-header light-rounded-window-top -->
          <div class="navigator-suite-content">
            <div class="suite-section-title">
              <span>Info</span>
            </div> <!-- suite-section-title -->
            <div class="suite-section-content">
              <ul>
                <li>
                  <a href="#" class="navigator-link " panel-name="test-xml-SanityChallengeflowMethodurl">
                    <span>C:\AutomationTDS\TDSAutomation\xmlfiles\3DS_SanityChallengeMethodurl.xml</span>
                  </a> <!-- navigator-link  -->
                </li>
                <li>
                  <a href="#" class="navigator-link " panel-name="testlist-SanityChallengeflowMethodurl">
                    <span class="test-stats">12 tests</span>
                  </a> <!-- navigator-link  -->
                </li>
                <li>
                  <a href="#" class="navigator-link " panel-name="group-SanityChallengeflowMethodurl">
                    <span>0 groups</span>
                  </a> <!-- navigator-link  -->
                </li>
                <li>
                  <a href="#" class="navigator-link " panel-name="times-SanityChallengeflowMethodurl">
                    <span>Times</span>
                  </a> <!-- navigator-link  -->
                </li>
                <li>
                  <a href="#" class="navigator-link " panel-name="reporter-SanityChallengeflowMethodurl">
                    <span>Reporter output</span>
                  </a> <!-- navigator-link  -->
                </li>
                <li>
                  <a href="#" class="navigator-link " panel-name="ignored-methods-SanityChallengeflowMethodurl">
                    <span>Ignored methods</span>
                  </a> <!-- navigator-link  -->
                </li>
                <li>
                  <a href="#" class="navigator-link " panel-name="chronological-SanityChallengeflowMethodurl">
                    <span>Chronological view</span>
                  </a> <!-- navigator-link  -->
                </li>
              </ul>
            </div> <!-- suite-section-content -->
            <div class="result-section">
              <div class="suite-section-title">
                <span>Results</span>
              </div> <!-- suite-section-title -->
              <div class="suite-section-content">
                <ul>
                  <li>
                    <span class="method-stats">12 methods, 10 failed,   2 passed</span>
                  </li>
                  <li>
                    <span class="method-list-title failed">Failed methods</span>
                    <span class="show-or-hide-methods failed">
                      <a href="#" panel-name="suite-SanityChallengeflowMethodurl" class="hide-methods failed suite-SanityChallengeflowMethodurl"> (hide)</a> <!-- hide-methods failed suite-SanityChallengeflowMethodurl -->
                      <a href="#" panel-name="suite-SanityChallengeflowMethodurl" class="show-methods failed suite-SanityChallengeflowMethodurl"> (show)</a> <!-- show-methods failed suite-SanityChallengeflowMethodurl -->
                    </span>
                    <div class="method-list-content failed suite-SanityChallengeflowMethodurl">
                      <span>
                        <img width="3%" src="failed.png"/>
                        <a href="#" class="method navigator-link" panel-name="suite-SanityChallengeflowMethodurl" title="com.ca.tds.main.TDSPreAreq_TC" hash-for-method="testArequestAPI(org.testng.TestRunner@7932de85, {TestCaseID=_S001, TestCaseName=_SanityChallenge_AReq_AMEX_For_Verif...)">testArequestAPI(org.testng.TestRunner@7932de85, {TestCaseID=_S001, TestCaseName=_SanityChallenge_AReq_AMEX_For_Verif...)</a> <!-- method navigator-link -->
                      </span>
                      <br/>
                      <span>
                        <img width="3%" src="failed.png"/>
                        <a href="#" class="method navigator-link" panel-name="suite-SanityChallengeflowMethodurl" title="com.ca.tds.main.TDSVerifyAPI_TC" hash-for-method="testArequestAPI(org.testng.TestRunner@51f918e5, {TestCaseID=_S001, TestCaseName=_SanityChallenge_Sample Valid Verify...)">testArequestAPI(org.testng.TestRunner@51f918e5, {TestCaseID=_S001, TestCaseName=_SanityChallenge_Sample Valid Verify...)</a> <!-- method navigator-link -->
                      </span>
                      <br/>
                      <span>
                        <img width="3%" src="failed.png"/>
                        <a href="#" class="method navigator-link" panel-name="suite-SanityChallengeflowMethodurl" title="com.ca.tds.main.TDSMethodURL_TC" hash-for-method="testArequestAPI(org.testng.TestRunner@2938a7c0, {TestCaseID=_S001, TestCaseName=_SanityChallenge_MC_For_Verify_TC001...)">testArequestAPI(org.testng.TestRunner@2938a7c0, {TestCaseID=_S001, TestCaseName=_SanityChallenge_MC_For_Verify_TC001...)</a> <!-- method navigator-link -->
                      </span>
                      <br/>
                      <span>
                        <img width="3%" src="failed.png"/>
                        <a href="#" class="method navigator-link" panel-name="suite-SanityChallengeflowMethodurl" title="com.ca.tds.main.TDSPreAreq_TC" hash-for-method="testArequestAPI(org.testng.TestRunner@8c91427, {TestCaseID=_S001, TestCaseName=_SanityChallenge_AReq_MC_For_Verify_T...)">testArequestAPI(org.testng.TestRunner@8c91427, {TestCaseID=_S001, TestCaseName=_SanityChallenge_AReq_MC_For_Verify_T...)</a> <!-- method navigator-link -->
                      </span>
                      <br/>
                      <span>
                        <img width="3%" src="failed.png"/>
                        <a href="#" class="method navigator-link" panel-name="suite-SanityChallengeflowMethodurl" title="com.ca.tds.main.TDSVerifyAPI_TC" hash-for-method="testArequestAPI(org.testng.TestRunner@810acbb, {TestCaseID=_S001, TestCaseName=_SanityChallenge_Sample Valid Verify ...)">testArequestAPI(org.testng.TestRunner@810acbb, {TestCaseID=_S001, TestCaseName=_SanityChallenge_Sample Valid Verify ...)</a> <!-- method navigator-link -->
                      </span>
                      <br/>
                      <span>
                        <img width="3%" src="failed.png"/>
                        <a href="#" class="method navigator-link" panel-name="suite-SanityChallengeflowMethodurl" title="com.ca.tds.main.TDSPreAreq_TC" hash-for-method="testArequestAPI(org.testng.TestRunner@1085b639, {TestCaseID=_S001, TestCaseName=_SanityChallenge_AReq_VISA_For_Verif...)">testArequestAPI(org.testng.TestRunner@1085b639, {TestCaseID=_S001, TestCaseName=_SanityChallenge_AReq_VISA_For_Verif...)</a> <!-- method navigator-link -->
                      </span>
                      <br/>
                      <span>
                        <img width="3%" src="failed.png"/>
                        <a href="#" class="method navigator-link" panel-name="suite-SanityChallengeflowMethodurl" title="com.ca.tds.main.TDSVerifyAPI_TC" hash-for-method="testArequestAPI(org.testng.TestRunner@74d53b10, {TestCaseID=_S001, TestCaseName=_SanityChallenge_Sample Valid Verify...)">testArequestAPI(org.testng.TestRunner@74d53b10, {TestCaseID=_S001, TestCaseName=_SanityChallenge_Sample Valid Verify...)</a> <!-- method navigator-link -->
                      </span>
                      <br/>
                      <span>
                        <img width="3%" src="failed.png"/>
                        <a href="#" class="method navigator-link" panel-name="suite-SanityChallengeflowMethodurl" title="com.ca.tds.main.TDSRReq_TC" hash-for-method="testRRequestAPI(org.testng.TestRunner@7911aae5, {TestCaseID=_S001, TestCaseName=_SanityChallenge_RReq_For_Verify_TC0...)">testRRequestAPI(org.testng.TestRunner@7911aae5, {TestCaseID=_S001, TestCaseName=_SanityChallenge_RReq_For_Verify_TC0...)</a> <!-- method navigator-link -->
                      </span>
                      <br/>
                      <span>
                        <img width="3%" src="failed.png"/>
                        <a href="#" class="method navigator-link" panel-name="suite-SanityChallengeflowMethodurl" title="com.ca.tds.main.TDSRReq_TC" hash-for-method="testRRequestAPI(org.testng.TestRunner@2b3ad3d, {TestCaseID=_S001, TestCaseName=_SanityChallenge_RReq_For_Verify_TC00...)">testRRequestAPI(org.testng.TestRunner@2b3ad3d, {TestCaseID=_S001, TestCaseName=_SanityChallenge_RReq_For_Verify_TC00...)</a> <!-- method navigator-link -->
                      </span>
                      <br/>
                      <span>
                        <img width="3%" src="failed.png"/>
                        <a href="#" class="method navigator-link" panel-name="suite-SanityChallengeflowMethodurl" title="com.ca.tds.main.TDSRReq_TC" hash-for-method="testRRequestAPI(org.testng.TestRunner@75ee153e, {TestCaseID=_S001, TestCaseName=_SanityChallenge_RReq_For_Verify_TC0...)">testRRequestAPI(org.testng.TestRunner@75ee153e, {TestCaseID=_S001, TestCaseName=_SanityChallenge_RReq_For_Verify_TC0...)</a> <!-- method navigator-link -->
                      </span>
                      <br/>
                    </div> <!-- method-list-content failed suite-SanityChallengeflowMethodurl -->
                  </li>
                  <li>
                    <span class="method-list-title passed">Passed methods</span>
                    <span class="show-or-hide-methods passed">
                      <a href="#" panel-name="suite-SanityChallengeflowMethodurl" class="hide-methods passed suite-SanityChallengeflowMethodurl"> (hide)</a> <!-- hide-methods passed suite-SanityChallengeflowMethodurl -->
                      <a href="#" panel-name="suite-SanityChallengeflowMethodurl" class="show-methods passed suite-SanityChallengeflowMethodurl"> (show)</a> <!-- show-methods passed suite-SanityChallengeflowMethodurl -->
                    </span>
                    <div class="method-list-content passed suite-SanityChallengeflowMethodurl">
                      <span>
                        <img width="3%" src="passed.png"/>
                        <a href="#" class="method navigator-link" panel-name="suite-SanityChallengeflowMethodurl" title="com.ca.tds.main.TDSMethodURL_TC" hash-for-method="testArequestAPI(org.testng.TestRunner@69ecbef0, {TestCaseID=_S001, TestCaseName=_SanityChallenge_AMEX_For_Verify_TC0...)">testArequestAPI(org.testng.TestRunner@69ecbef0, {TestCaseID=_S001, TestCaseName=_SanityChallenge_AMEX_For_Verify_TC0...)</a> <!-- method navigator-link -->
                      </span>
                      <br/>
                      <span>
                        <img width="3%" src="passed.png"/>
                        <a href="#" class="method navigator-link" panel-name="suite-SanityChallengeflowMethodurl" title="com.ca.tds.main.TDSMethodURL_TC" hash-for-method="testArequestAPI(org.testng.TestRunner@1f502ed2, {TestCaseID=_S001, TestCaseName=_SanityChallenge_VISA_For_Verify_TC0...)">testArequestAPI(org.testng.TestRunner@1f502ed2, {TestCaseID=_S001, TestCaseName=_SanityChallenge_VISA_For_Verify_TC0...)</a> <!-- method navigator-link -->
                      </span>
                      <br/>
                    </div> <!-- method-list-content passed suite-SanityChallengeflowMethodurl -->
                  </li>
                </ul>
              </div> <!-- suite-section-content -->
            </div> <!-- result-section -->
          </div> <!-- navigator-suite-content -->
        </div> <!-- rounded-window -->
      </div> <!-- suite -->
    </div> <!-- navigator-root -->
    <div class="wrapper">
      <div class="main-panel-root">
        <div panel-name="suite-SanityFrictionLess" class="panel SanityFrictionLess">
          <div class="suite-SanityFrictionLess-class-failed">
            <div class="main-panel-header rounded-window-top">
              <img src="failed.png"/>
              <span class="class-name">com.ca.tds.main.TDSPreAreq_TC</span>
            </div> <!-- main-panel-header rounded-window-top -->
            <div class="main-panel-content rounded-window-bottom">
              <div class="method">
                <div class="method-content">
                  <a name="testArequestAPI(org.testng.TestRunner@3c84954, {TestCaseID=_A001, TestCaseName=_SanityFrictionless_Sample Valid Areq...)">
                  </a> <!-- testArequestAPI(org.testng.TestRunner@3c84954, {TestCaseID=_A001, TestCaseName=_SanityFrictionless_Sample Valid Areq...) -->
                  <span class="method-name">testArequestAPI</span>
                  <span class="parameters">(org.testng.TestRunner@3c84954, {TestCaseID=_A001, TestCaseName=_SanityFrictionless_Sample Valid Areq Request, SanityFlag=Y, Test Case type=P, RequirementID=, FieldName=, Expected-cardholderInfo=NA, Expected-creq=NA, Expected-transStatusReason=NA, Expected-authenticationValue=G, Expected-authenticationType=NA, Expected-acsURL=NA, Expected-acsOperatorID=ACS_OPERATOR_ID, Expected-acsChallengeMandated=NA, Expected-callerTxnRefID=G, Expected-threeDSServerTransID=G, Expected-dsTransID=G, Expected-acsTransID=G, Expected-eci=G, Expected-messageType=ARes, Expected-dsName=amex, Expected-messageVersion=2.1.0, Expected-dsReferenceNumber=CADS, Expected-acsReferenceNumber=ABCDEF987654321, Expected-transStatus=Y, Expected-errorCode=NA, Expected-errorComponent=NA, Expected-errorDescription=NA, Expected-errorDetail=NA, #browserJavascriptEnabled#=true, #challengeWindowSize#=04, #callerTxnRefID#=341b7153-da86-4543-860f-2ba47f0168a5, #caMerchantID#=MTD000000, #acctID#=ACCTID98X3fw3, #chAccAgeInd#=02, #chAccChange#=20180928, #chAccChangeInd#=02, #chAccDate#=20180928, #chAccPwChange#=20180901, #chAccPwChangeInd#=01, #nbPurchaseAccount#=8, #paymentAccAge#=20180808, #paymentAccInd#=01, #provisionAttemptsDay#=1, #shipAddressUsage#=20180910, #shipAddressUsageInd#=03, #shipNameIndicator#=01, #suspiciousAccActivity#=01, #txnActivityDay#=5, #txnActivityYear#=8, #acctNumber#=wg2T1yuQgrz1a4x4vyV0LuSoVIMobbSuYGcS1JHozKzuWMFUBDEt3gJWiPn6MFm5bsNkj9Nl+tGqWZGZzdqAg4Uf4nWJYoH6IiPaOkLXsqhICrVuRWpchtpVWYiRba2Vw98lgZmE1Qhc0ZohDBiam29xOGM85GpMrOk84BDHMJ5SeEbv21bXxP/UWGgkKEbuetHynMfF91NDL6FBwMe8o35sMWdwks3ny+v+OekFNwImZS6qyFoQVsFs+xwiu2SafN1K5O1DxL+4bdLVxTbiXwiO41iPnSUsLU/JN0HgtN7b3/cJR5mR96KYfB6eBvVPq/j6jw2LzDuPKHZ39DkPSA=, #acctType#=01, #addrMatch#=Y, #billAddrCity#=San Jose, #billAddrCountry#=840, #billAddrLine1#=500 West Maude Ave, #billAddrLine2#=ABC, #billAddrLine3#=HMS, #billAddrPostCode#=95101, #billAddrState#=CA, #browserAcceptHeader#=text/html,application/xhtml+xml,application/xml;q=0.9,image/webp,image/apng,*/*;q=0.8, #browserColorDepth#=24, #browserIP#=155.35.122.4, #browserJavaEnabled#=true, #browserLanguage#=en-US, #browserScreenHeight#=720, #browserScreenWidth#=1280, #browserTZ#=-330, #browserUserAgent#=Mozilla/5.0 (Windows NT 10.0; Win64; x64) AppleWebKit/537.36 (KHTML, like Gecko) Chrome/68.0.3440.84 Safari/537.36, #cardExpiryDate#=2008, #cardholderName#=Stephen, #deviceChannel#=02, #email#=harsh08@ca.com, #hcc#=1, #hsubscriber#=1234567899, #messageCategory#=01, #messageType#=AReq, #messageVersion#=2.1.0, #mcc#=1, #msubscriber#=1234567899, #notificationURL#=http://localhost:9090/golfstore2/CreqNotification.jsp, #purchaseAmount#=100, #purchaseCurrency#=840, #purchaseDate#=20180928160450, #purchaseExponent#=2, #recurringExpiry#=#REMOVE#, #recurringFrequency#=#REMOVE#, #shipAddrCity#=San Jose, #shipAddrCountry#=840, #shipAddrLine1#=500 West Maude Ave, #shipAddrLine2#=ABC, #shipAddrLine3#=HMS, #shipAddrPostCode#=95101, #shipAddrState#=CA, #threeDSCompInd#=Y, #threeDSServerTransID#=, #wcc#=1, #wsubscriber#=1234567899, #threeDSRequestorAuthenticationInd#=01, #threeDSReqAuthData#=3DS PA Request, #threeDSReqAuthMethod#=02, #threeDSReqAuthTimestamp#=201809281603, #threeDSRequestorChallengeInd#=01, #threeDSRequestorID#=611, #threeDSRequestorName#=ew0KCSJEViI6ICIxLjAiLA0KCSJERCI6Iaa45, #threeDSReqPriorAuthData#=three DS Request Prior Authentication Data, #threeDSReqPriorAuthMethod#=01, #threeDSReqPriorAuthTimestamp#=201810010323, #threeDSReqPriorRef#=4c6453da-4c56-4980-98cd-d04a064899c4, #threeDSRequestorURL#=http://10.131.94.242:1080/content-server/api/tds2/txn/browser/v1/tds-method, #threeDSServerRefNumber#=AAAAAA123456789, #threeDSServerOperatorID#=serverOperatorID, #threeDSServerURL#=http://10.138.158.51:9608, #acquirerBIN#=123456, #acquirerMerchantID#=AcquirerMerchantID222, #payTokenInd#=true, #purchaseInstalData#=#REMOVE#, #mcc1#=0742, #merchantCountryCode#=840, #merchantName#=global, #deliveryEmailAddress#=harsh08@ca.com, #deliveryTimeframe#=01, #giftCardAmount#=500, #giftCardCount#=02, #giftCardCurr#=840, #preOrderDate#=20200803, #preOrderPurchaseInd#=01, #reorderItemsInd#=01, #shipIndicator#=01, #criticalityIndicator#=false, #id#=ID2018SEP282001, #name#=ShashishekharHM, #transType#=01, #threeDSRequestorAuthenticationInfo#=, #threeDSRequestorPriorAuthenticationInfo#=, #broadInfo#=, #broadInfoValue#=broadInfoValue, #acctInfo#=, #homePhone#=, #mobilePhone#=, #workPhone#=, #merchantRiskIndicator#=, #messageExtension#=, #Dvalue#=HMS, #Dvalue1#=HMS, #Dvalue2#=HMS})</span>
                  <div class="stack-trace">java.lang.AssertionError: The following asserts failed:
	expected [CADS] but found [DsReferenceNumber]
	at com.ca.tds.main.TDSPreAreq_TC.testArequestAPI(TDSPreAreq_TC.java:130)
	at java.util.concurrent.ThreadPoolExecutor.runWorker(ThreadPoolExecutor.java:1149)
	at java.util.concurrent.ThreadPoolExecutor$Worker.run(ThreadPoolExecutor.java:624)
	at java.lang.Thread.run(Thread.java:748)
... Removed 11 stack frames
</div> <!-- stack-trace -->
                </div> <!-- method-content -->
              </div> <!-- method -->
              <div class="method">
                <div class="method-content">
                  <a name="testArequestAPI(org.testng.TestRunner@1723af66, {TestCaseID=_M001, TestCaseName=_SanityFrictionless_Sample Valid Are...)">
                  </a> <!-- testArequestAPI(org.testng.TestRunner@1723af66, {TestCaseID=_M001, TestCaseName=_SanityFrictionless_Sample Valid Are...) -->
                  <span class="method-name">testArequestAPI</span>
                  <span class="parameters">(org.testng.TestRunner@1723af66, {TestCaseID=_M001, TestCaseName=_SanityFrictionless_Sample Valid Areq Request, SanityFlag=Y, Test Case type=P, RequirementID=, FieldName=, Expected-cardholderInfo=NA, Expected-creq=NA, Expected-transStatusReason=NA, Expected-authenticationValue=G, Expected-authenticationType=NA, Expected-acsURL=NA, Expected-acsOperatorID=ACS_OPERATOR_ID, Expected-acsChallengeMandated=NA, Expected-callerTxnRefID=G, Expected-threeDSServerTransID=G, Expected-dsTransID=G, Expected-acsTransID=G, Expected-eci=G, Expected-messageType=ARes, Expected-dsName=mastercard, Expected-messageVersion=2.1.0, Expected-dsReferenceNumber=CADS, Expected-acsReferenceNumber=ABCDEF987654321, Expected-transStatus=Y, Expected-errorCode=NA, Expected-errorComponent=NA, Expected-errorDescription=NA, Expected-errorDetail=NA, #browserJavascriptEnabled#=true, #challengeWindowSize#=04, #callerTxnRefID#=341b7153-da86-4543-860f-2ba47f0168a5, #caMerchantID#=MTD000000, #acctID#=ACCTID98X3fw3, #chAccAgeInd#=02, #chAccChange#=20180928, #chAccChangeInd#=02, #chAccDate#=20180928, #chAccPwChange#=20180901, #chAccPwChangeInd#=01, #nbPurchaseAccount#=8, #paymentAccAge#=20180808, #paymentAccInd#=01, #provisionAttemptsDay#=1, #shipAddressUsage#=20180910, #shipAddressUsageInd#=03, #shipNameIndicator#=01, #suspiciousAccActivity#=01, #txnActivityDay#=5, #txnActivityYear#=8, #acctNumber#=nryb12B1oZMhWzpQOpmp5YiPiZgTHXQhpBQnlNs/rJn2NBTOqmdbWZ9tZbyZYCuW3xVrbRzKgCR9AplwU8entf7XQebRssBHlkiFtczzcutAWLlkFC6pp89Ogsf/Heb6zMi1bvjq97ivKDnANWB70tMNwepMnHO1doi+3YIhcrL3RRKQqhqNUMrTStiS+v8eKeXbuq2zdnCQbuaRyyODinCTTFufPIOdyDfCgADlSC4etthZAD7E2t61OKu0EI+uwJ76jn2RAqEhnV8aPCzstaM8DCoV0uXIR50m4Jysmw9H8oR7WvAyLAmxVUsH5N8axwaUHLktu9RUXJi33l57Tw==, #acctType#=01, #addrMatch#=Y, #billAddrCity#=San Jose, #billAddrCountry#=840, #billAddrLine1#=500 West Maude Ave, #billAddrLine2#=ABC, #billAddrLine3#=HMS, #billAddrPostCode#=95101, #billAddrState#=CA, #browserAcceptHeader#=text/html,application/xhtml+xml,application/xml;q=0.9,image/webp,image/apng,*/*;q=0.8, #browserColorDepth#=24, #browserIP#=155.35.122.4, #browserJavaEnabled#=true, #browserLanguage#=en-US, #browserScreenHeight#=720, #browserScreenWidth#=1280, #browserTZ#=-330, #browserUserAgent#=Mozilla/5.0 (Windows NT 10.0; Win64; x64) AppleWebKit/537.36 (KHTML, like Gecko) Chrome/68.0.3440.84 Safari/537.36, #cardExpiryDate#=2008, #cardholderName#=Stephen, #deviceChannel#=02, #email#=harsh08@ca.com, #hcc#=1, #hsubscriber#=1234567899, #messageCategory#=01, #messageType#=AReq, #messageVersion#=2.1.0, #mcc#=1, #msubscriber#=1234567899, #notificationURL#=http://localhost:9090/golfstore2/CreqNotification.jsp, #purchaseAmount#=100, #purchaseCurrency#=840, #purchaseDate#=20180928160450, #purchaseExponent#=2, #recurringExpiry#=#REMOVE#, #recurringFrequency#=#REMOVE#, #shipAddrCity#=San Jose, #shipAddrCountry#=840, #shipAddrLine1#=500 West Maude Ave, #shipAddrLine2#=ABC, #shipAddrLine3#=HMS, #shipAddrPostCode#=95101, #shipAddrState#=CA, #threeDSCompInd#=Y, #threeDSServerTransID#=, #wcc#=1, #wsubscriber#=1234567899, #threeDSRequestorAuthenticationInd#=01, #threeDSReqAuthData#=3DS PA Request, #threeDSReqAuthMethod#=02, #threeDSReqAuthTimestamp#=201809281603, #threeDSRequestorChallengeInd#=01, #threeDSRequestorID#=611, #threeDSRequestorName#=ew0KCSJEViI6ICIxLjAiLA0KCSJERCI6Iaa45, #threeDSReqPriorAuthData#=three DS Request Prior Authentication Data, #threeDSReqPriorAuthMethod#=01, #threeDSReqPriorAuthTimestamp#=201810010323, #threeDSReqPriorRef#=4c6453da-4c56-4980-98cd-d04a064899c4, #threeDSRequestorURL#=http://10.131.94.242:1080/content-server/api/tds2/txn/browser/v1/tds-method, #threeDSServerRefNumber#=AAAAAA123456789, #threeDSServerOperatorID#=serverOperatorID, #threeDSServerURL#=http://10.138.158.51:9608, #acquirerBIN#=123456, #acquirerMerchantID#=AcquirerMerchantID222, #payTokenInd#=true, #purchaseInstalData#=#REMOVE#, #mcc1#=0742, #merchantCountryCode#=840, #merchantName#=global, #deliveryEmailAddress#=harsh08@ca.com, #deliveryTimeframe#=01, #giftCardAmount#=500, #giftCardCount#=02, #giftCardCurr#=840, #preOrderDate#=20200803, #preOrderPurchaseInd#=01, #reorderItemsInd#=01, #shipIndicator#=01, #criticalityIndicator#=false, #id#=ID2018SEP282001, #name#=ShashishekharHM, #transType#=01, #threeDSRequestorAuthenticationInfo#=, #threeDSRequestorPriorAuthenticationInfo#=, #broadInfo#=, #broadInfoValue#=broadInfoValue, #acctInfo#=, #homePhone#=, #mobilePhone#=, #workPhone#=, #merchantRiskIndicator#=, #messageExtension#=, #Dvalue#=HMS, #Dvalue1#=HMS, #Dvalue2#=HMS})</span>
                  <div class="stack-trace">java.lang.AssertionError: errorComponent : S, errorCode : 403, errorDescription : No DS configured for this PAN - Not found in Card Range Cache, errorDetail :  Internal Trasient error occured for this transaction , threeDSServerTransID : fd138bec-00ce-4a5a-a426-eae8d02ff45a
	at com.ca.tds.main.TDSPreAreq_TC.testArequestAPI(TDSPreAreq_TC.java:104)
	at java.util.concurrent.ThreadPoolExecutor.runWorker(ThreadPoolExecutor.java:1149)
	at java.util.concurrent.ThreadPoolExecutor$Worker.run(ThreadPoolExecutor.java:624)
	at java.lang.Thread.run(Thread.java:748)
... Removed 11 stack frames
</div> <!-- stack-trace -->
                </div> <!-- method-content -->
              </div> <!-- method -->
              <div class="method">
                <div class="method-content">
                  <a name="testArequestAPI(org.testng.TestRunner@28313631, {TestCaseID=_V001, TestCaseName=_SanityFrictionless_Sample Valid Are...)">
                  </a> <!-- testArequestAPI(org.testng.TestRunner@28313631, {TestCaseID=_V001, TestCaseName=_SanityFrictionless_Sample Valid Are...) -->
                  <span class="method-name">testArequestAPI</span>
                  <span class="parameters">(org.testng.TestRunner@28313631, {TestCaseID=_V001, TestCaseName=_SanityFrictionless_Sample Valid Areq Request, SanityFlag=Y, Test Case type=P, RequirementID=, FieldName=, Expected-cardholderInfo=NA, Expected-creq=NA, Expected-transStatusReason=NA, Expected-authenticationValue=G, Expected-authenticationType=NA, Expected-acsURL=NA, Expected-acsOperatorID=ACS_OPERATOR_ID, Expected-acsChallengeMandated=NA, Expected-callerTxnRefID=G, Expected-threeDSServerTransID=G, Expected-dsTransID=G, Expected-acsTransID=G, Expected-eci=G, Expected-messageType=ARes, Expected-dsName=visa, Expected-messageVersion=2.1.0, Expected-dsReferenceNumber=CADS, Expected-acsReferenceNumber=ABCDEF987654321, Expected-transStatus=Y, Expected-errorCode=NA, Expected-errorComponent=NA, Expected-errorDescription=NA, Expected-errorDetail=NA, #browserJavascriptEnabled#=true, #challengeWindowSize#=04, #callerTxnRefID#=341b7153-da86-4543-860f-2ba47f0168a5, #caMerchantID#=MTD000000, #acctID#=ACCTID98X3fw3, #chAccAgeInd#=02, #chAccChange#=20180928, #chAccChangeInd#=02, #chAccDate#=20180928, #chAccPwChange#=20180901, #chAccPwChangeInd#=01, #nbPurchaseAccount#=8, #paymentAccAge#=20180808, #paymentAccInd#=01, #provisionAttemptsDay#=1, #shipAddressUsage#=20180910, #shipAddressUsageInd#=03, #shipNameIndicator#=01, #suspiciousAccActivity#=01, #txnActivityDay#=5, #txnActivityYear#=8, #acctNumber#=7baLwVsvt5uXuVG0qvgpAlTuab3zxrLi4etiUy5qvntg+ADqJPeZCKy/69Ww7/9ITmT9ah7PemYJQGLSkzCNfWKW+6fdJEo5IKNULs4lD8i0Dxqx8dezuPGAzBmSQKLvmX2iKhJcADPBn838rQtBo5B0eph6lhmDiOh8PDWwA/NOk7o7ujiqoTAiaTTM0QDWo52n3YI2P7KfE8qQUR9MSYmVXdFgJ9qZ1uWqGdOtXXYX9zRnvuvE+TH5qG1BvUiUgdwQEz/AZDfB3EdGDLS70QBcD+a0JEgDXd8Uw2xfocQXFKB+orVj0eiFt+fnqdfXedWSX8bbko809DaeyeEriA==, #acctType#=01, #addrMatch#=Y, #billAddrCity#=San Jose, #billAddrCountry#=840, #billAddrLine1#=500 West Maude Ave, #billAddrLine2#=ABC, #billAddrLine3#=HMS, #billAddrPostCode#=95101, #billAddrState#=CA, #browserAcceptHeader#=text/html,application/xhtml+xml,application/xml;q=0.9,image/webp,image/apng,*/*;q=0.8, #browserColorDepth#=24, #browserIP#=155.35.122.4, #browserJavaEnabled#=true, #browserLanguage#=en-US, #browserScreenHeight#=720, #browserScreenWidth#=1280, #browserTZ#=-330, #browserUserAgent#=Mozilla/5.0 (Windows NT 10.0; Win64; x64) AppleWebKit/537.36 (KHTML, like Gecko) Chrome/68.0.3440.84 Safari/537.36, #cardExpiryDate#=2008, #cardholderName#=Stephen, #deviceChannel#=02, #email#=harsh08@ca.com, #hcc#=1, #hsubscriber#=1234567899, #messageCategory#=01, #messageType#=AReq, #messageVersion#=2.1.0, #mcc#=1, #msubscriber#=1234567899, #notificationURL#=http://localhost:9090/golfstore2/CreqNotification.jsp, #purchaseAmount#=100, #purchaseCurrency#=840, #purchaseDate#=20180928160450, #purchaseExponent#=2, #recurringExpiry#=#REMOVE#, #recurringFrequency#=#REMOVE#, #shipAddrCity#=San Jose, #shipAddrCountry#=840, #shipAddrLine1#=500 West Maude Ave, #shipAddrLine2#=ABC, #shipAddrLine3#=HMS, #shipAddrPostCode#=95101, #shipAddrState#=CA, #threeDSCompInd#=Y, #threeDSServerTransID#=, #wcc#=1, #wsubscriber#=1234567899, #threeDSRequestorAuthenticationInd#=01, #threeDSReqAuthData#=3DS PA Request, #threeDSReqAuthMethod#=02, #threeDSReqAuthTimestamp#=201809281603, #threeDSRequestorChallengeInd#=01, #threeDSRequestorID#=611, #threeDSRequestorName#=ew0KCSJEViI6ICIxLjAiLA0KCSJERCI6Iaa45, #threeDSReqPriorAuthData#=three DS Request Prior Authentication Data, #threeDSReqPriorAuthMethod#=01, #threeDSReqPriorAuthTimestamp#=201810010323, #threeDSReqPriorRef#=4c6453da-4c56-4980-98cd-d04a064899c4, #threeDSRequestorURL#=http://10.131.94.242:1080/content-server/api/tds2/txn/browser/v1/tds-method, #threeDSServerRefNumber#=AAAAAA123456789, #threeDSServerOperatorID#=serverOperatorID, #threeDSServerURL#=http://10.138.158.51:9608, #acquirerBIN#=123456, #acquirerMerchantID#=AcquirerMerchantID222, #payTokenInd#=true, #purchaseInstalData#=#REMOVE#, #mcc1#=0742, #merchantCountryCode#=840, #merchantName#=global, #deliveryEmailAddress#=harsh08@ca.com, #deliveryTimeframe#=01, #giftCardAmount#=500, #giftCardCount#=02, #giftCardCurr#=840, #preOrderDate#=20200803, #preOrderPurchaseInd#=01, #reorderItemsInd#=01, #shipIndicator#=01, #criticalityIndicator#=false, #id#=ID2018SEP282001, #name#=ShashishekharHM, #transType#=01, #threeDSRequestorAuthenticationInfo#=, #threeDSRequestorPriorAuthenticationInfo#=, #broadInfo#=, #broadInfoValue#=broadInfoValue, #acctInfo#=, #homePhone#=, #mobilePhone#=, #workPhone#=, #merchantRiskIndicator#=, #messageExtension#=, #Dvalue#=HMS, #Dvalue1#=HMS, #Dvalue2#=HMS})</span>
                  <div class="stack-trace">java.lang.AssertionError: The following asserts failed:
	expected [CADS] but found [DsReferenceNumber],
	expected [ABCDEF987654321] but found [DsReferenceNumber],
	expected [Y] but found [U]
	at com.ca.tds.main.TDSPreAreq_TC.testArequestAPI(TDSPreAreq_TC.java:130)
	at java.util.concurrent.ThreadPoolExecutor.runWorker(ThreadPoolExecutor.java:1149)
	at java.util.concurrent.ThreadPoolExecutor$Worker.run(ThreadPoolExecutor.java:624)
	at java.lang.Thread.run(Thread.java:748)
... Removed 11 stack frames
</div> <!-- stack-trace -->
                </div> <!-- method-content -->
              </div> <!-- method -->
            </div> <!-- main-panel-content rounded-window-bottom -->
          </div> <!-- suite-SanityFrictionLess-class-failed -->
        </div> <!-- panel SanityFrictionLess -->
        <div panel-name="suite-SanityChallengeflow" class="panel SanityChallengeflow">
          <div class="suite-SanityChallengeflow-class-failed">
            <div class="main-panel-header rounded-window-top">
              <img src="failed.png"/>
              <span class="class-name">com.ca.tds.main.TDSRReq_TC</span>
            </div> <!-- main-panel-header rounded-window-top -->
            <div class="main-panel-content rounded-window-bottom">
              <div class="method">
                <div class="method-content">
                  <a name="testRRequestAPI(org.testng.TestRunner@43ccc5e7, {TestCaseID=_S001, TestCaseName=_SanityChallenge_RReq_For_Verify_TC0...)">
                  </a> <!-- testRRequestAPI(org.testng.TestRunner@43ccc5e7, {TestCaseID=_S001, TestCaseName=_SanityChallenge_RReq_For_Verify_TC0...) -->
                  <span class="method-name">testRRequestAPI</span>
                  <span class="parameters">(org.testng.TestRunner@43ccc5e7, {TestCaseID=_S001, TestCaseName=_SanityChallenge_RReq_For_Verify_TC001, SanityFlag=Y, Test Case type=P, RequirementID=, FieldName=, Expected-threeDSServerTransID=G, Expected-dsTransID=G, Expected-acsTransID=G, Expected-messageExtension=G, Expected-messageType=RRes, Expected-messageVersion=2.1.0, Expected-resultsStatus=G, Expected-errorCode=NA, Expected-errorComponent=NA, Expected-errorDescription=NA, Expected-errorDetail=NA, #acsTransID#=, #authenticationType#=, #challengeCancel#=#REMOVE#, #dsTransID#=, #eci#=#REMOVE#, #interactionCounter#=01, #messageCategory#=01, #messageType#=RReq, #messageVersion#=, #threeDSServerTransID#=, #transStatus#=Y, #transStatusReason#=#REMOVE#, #criticalityIndicator#=false, #Dvalue#=HMS, #Dvalue1#=HMS, #Dvalue2#=HMS, #id#=ID2019JAN240101, #name#=ShashishekharHM, #authenticationValue#=AJkCCBFHJhl3gGhDA0cmAAAAAAA=})</span>
                  <div class="stack-trace">java.lang.AssertionError: null
	at com.ca.tds.main.TDSRReq_TC.testRRequestAPI(TDSRReq_TC.java:42)
	at java.util.concurrent.ThreadPoolExecutor.runWorker(ThreadPoolExecutor.java:1149)
	at java.util.concurrent.ThreadPoolExecutor$Worker.run(ThreadPoolExecutor.java:624)
	at java.lang.Thread.run(Thread.java:748)
... Removed 12 stack frames
</div> <!-- stack-trace -->
                </div> <!-- method-content -->
              </div> <!-- method -->
              <div class="method">
                <div class="method-content">
                  <a name="testRRequestAPI(org.testng.TestRunner@17c16608, {TestCaseID=_S001, TestCaseName=_SanityChallenge_RReq_For_Verify_TC0...)">
                  </a> <!-- testRRequestAPI(org.testng.TestRunner@17c16608, {TestCaseID=_S001, TestCaseName=_SanityChallenge_RReq_For_Verify_TC0...) -->
                  <span class="method-name">testRRequestAPI</span>
                  <span class="parameters">(org.testng.TestRunner@17c16608, {TestCaseID=_S001, TestCaseName=_SanityChallenge_RReq_For_Verify_TC001, SanityFlag=Y, Test Case type=P, RequirementID=, FieldName=, Expected-threeDSServerTransID=G, Expected-dsTransID=G, Expected-acsTransID=G, Expected-messageExtension=G, Expected-messageType=RRes, Expected-messageVersion=2.1.0, Expected-resultsStatus=G, Expected-errorCode=NA, Expected-errorComponent=NA, Expected-errorDescription=NA, Expected-errorDetail=NA, #acsTransID#=, #authenticationType#=, #challengeCancel#=#REMOVE#, #dsTransID#=, #eci#=#REMOVE#, #interactionCounter#=01, #messageCategory#=01, #messageType#=RReq, #messageVersion#=, #threeDSServerTransID#=, #transStatus#=Y, #transStatusReason#=#REMOVE#, #criticalityIndicator#=false, #Dvalue#=HMS, #Dvalue1#=HMS, #Dvalue2#=HMS, #id#=ID2019JAN240101, #name#=ShashishekharHM, #authenticationValue#=AJkCCBFHJhl3gGhDA0cmAAAAAAA=})</span>
                  <div class="stack-trace">java.lang.AssertionError: null
	at com.ca.tds.main.TDSRReq_TC.testRRequestAPI(TDSRReq_TC.java:42)
	at java.util.concurrent.ThreadPoolExecutor.runWorker(ThreadPoolExecutor.java:1149)
	at java.util.concurrent.ThreadPoolExecutor$Worker.run(ThreadPoolExecutor.java:624)
	at java.lang.Thread.run(Thread.java:748)
... Removed 12 stack frames
</div> <!-- stack-trace -->
                </div> <!-- method-content -->
              </div> <!-- method -->
              <div class="method">
                <div class="method-content">
                  <a name="testRRequestAPI(org.testng.TestRunner@47ea7510, {TestCaseID=_S001, TestCaseName=_SanityChallenge_RReq_For_Verify_TC0...)">
                  </a> <!-- testRRequestAPI(org.testng.TestRunner@47ea7510, {TestCaseID=_S001, TestCaseName=_SanityChallenge_RReq_For_Verify_TC0...) -->
                  <span class="method-name">testRRequestAPI</span>
                  <span class="parameters">(org.testng.TestRunner@47ea7510, {TestCaseID=_S001, TestCaseName=_SanityChallenge_RReq_For_Verify_TC001, SanityFlag=Y, Test Case type=P, RequirementID=, FieldName=, Expected-threeDSServerTransID=G, Expected-dsTransID=G, Expected-acsTransID=G, Expected-messageExtension=G, Expected-messageType=RRes, Expected-messageVersion=2.1.0, Expected-resultsStatus=G, Expected-errorCode=NA, Expected-errorComponent=NA, Expected-errorDescription=NA, Expected-errorDetail=NA, #acsTransID#=, #authenticationType#=, #challengeCancel#=#REMOVE#, #dsTransID#=, #eci#=#REMOVE#, #interactionCounter#=01, #messageCategory#=01, #messageType#=RReq, #messageVersion#=, #threeDSServerTransID#=, #transStatus#=Y, #transStatusReason#=#REMOVE#, #criticalityIndicator#=false, #Dvalue#=HMS, #Dvalue1#=HMS, #Dvalue2#=HMS, #id#=ID2019JAN240101, #name#=ShashishekharHM, #authenticationValue#=AJkCCBFHJhl3gGhDA0cmAAAAAAA=})</span>
                  <div class="stack-trace">java.lang.AssertionError: null
	at com.ca.tds.main.TDSRReq_TC.testRRequestAPI(TDSRReq_TC.java:42)
	at java.util.concurrent.ThreadPoolExecutor.runWorker(ThreadPoolExecutor.java:1149)
	at java.util.concurrent.ThreadPoolExecutor$Worker.run(ThreadPoolExecutor.java:624)
	at java.lang.Thread.run(Thread.java:748)
... Removed 12 stack frames
</div> <!-- stack-trace -->
                </div> <!-- method-content -->
              </div> <!-- method -->
            </div> <!-- main-panel-content rounded-window-bottom -->
          </div> <!-- suite-SanityChallengeflow-class-failed -->
          <div class="suite-SanityChallengeflow-class-failed">
            <div class="main-panel-header rounded-window-top">
              <img src="failed.png"/>
              <span class="class-name">com.ca.tds.main.TDSPreAreq_TC</span>
            </div> <!-- main-panel-header rounded-window-top -->
            <div class="main-panel-content rounded-window-bottom">
              <div class="method">
                <div class="method-content">
                  <a name="testArequestAPI(org.testng.TestRunner@1c69479, {TestCaseID=_S001, TestCaseName=_SanityChallenge_AReq_AMEX_For_Verify...)">
                  </a> <!-- testArequestAPI(org.testng.TestRunner@1c69479, {TestCaseID=_S001, TestCaseName=_SanityChallenge_AReq_AMEX_For_Verify...) -->
                  <span class="method-name">testArequestAPI</span>
                  <span class="parameters">(org.testng.TestRunner@1c69479, {TestCaseID=_S001, TestCaseName=_SanityChallenge_AReq_AMEX_For_Verify_TC001, SanityFlag=Y, Test Case type=P, RequirementID=, FieldName=, Expected-cardholderInfo=NA, Expected-creq=G, Expected-transStatusReason=NA, Expected-authenticationValue=NA, Expected-authenticationType=G, Expected-acsURL=G, Expected-acsOperatorID=ACS_OPERATOR_ID, Expected-acsChallengeMandated=G, Expected-callerTxnRefID=G, Expected-threeDSServerTransID=G, Expected-dsTransID=G, Expected-acsTransID=G, Expected-eci=NA, Expected-messageType=ARes, Expected-dsName=amex, Expected-messageVersion=2.1.0, Expected-dsReferenceNumber=CADS, Expected-acsReferenceNumber=ABCDEF987654321, Expected-transStatus=C, Expected-errorCode=NA, Expected-errorComponent=NA, Expected-errorDescription=NA, Expected-errorDetail=NA, #browserJavascriptEnabled#=true, #challengeWindowSize#=04, #callerTxnRefID#=341b7153-da86-4543-860f-2ba47f0168a5, #caMerchantID#=MTD000000, #acctID#=ACCTID98X3fw3, #chAccAgeInd#=02, #chAccChange#=20180928, #chAccChangeInd#=02, #chAccDate#=20180928, #chAccPwChange#=20180901, #chAccPwChangeInd#=01, #nbPurchaseAccount#=8, #paymentAccAge#=20180808, #paymentAccInd#=01, #provisionAttemptsDay#=1, #shipAddressUsage#=20180910, #shipAddressUsageInd#=03, #shipNameIndicator#=01, #suspiciousAccActivity#=01, #txnActivityDay#=5, #txnActivityYear#=8, #acctNumber#=wg2T1yuQgrz1a4x4vyV0LuSoVIMobbSuYGcS1JHozKzuWMFUBDEt3gJWiPn6MFm5bsNkj9Nl+tGqWZGZzdqAg4Uf4nWJYoH6IiPaOkLXsqhICrVuRWpchtpVWYiRba2Vw98lgZmE1Qhc0ZohDBiam29xOGM85GpMrOk84BDHMJ5SeEbv21bXxP/UWGgkKEbuetHynMfF91NDL6FBwMe8o35sMWdwks3ny+v+OekFNwImZS6qyFoQVsFs+xwiu2SafN1K5O1DxL+4bdLVxTbiXwiO41iPnSUsLU/JN0HgtN7b3/cJR5mR96KYfB6eBvVPq/j6jw2LzDuPKHZ39DkPSA=, #acctType#=01, #addrMatch#=Y, #billAddrCity#=San Jose, #billAddrCountry#=840, #billAddrLine1#=500 West Maude Ave, #billAddrLine2#=ABC, #billAddrLine3#=HMS, #billAddrPostCode#=95101, #billAddrState#=CA, #browserAcceptHeader#=text/html,application/xhtml+xml,application/xml;q=0.9,image/webp,image/apng,*/*;q=0.8, #browserColorDepth#=24, #browserIP#=155.35.122.4, #browserJavaEnabled#=true, #browserLanguage#=en-US, #browserScreenHeight#=720, #browserScreenWidth#=1280, #browserTZ#=-330, #browserUserAgent#=Mozilla/5.0 (Windows NT 10.0; Win64; x64) AppleWebKit/537.36 (KHTML, like Gecko) Chrome/68.0.3440.84 Safari/537.36, #cardExpiryDate#=2008, #cardholderName#=Stephen, #deviceChannel#=02, #email#=harsh08@ca.com, #hcc#=1, #hsubscriber#=1234567899, #messageCategory#=01, #messageType#=AReq, #messageVersion#=2.1.0, #mcc#=1, #msubscriber#=1234567899, #notificationURL#=http://localhost:9090/golfstore2/CreqNotification.jsp, #purchaseAmount#=350, #purchaseCurrency#=840, #purchaseDate#=20180928160450, #purchaseExponent#=2, #recurringExpiry#=#REMOVE#, #recurringFrequency#=#REMOVE#, #shipAddrCity#=San Jose, #shipAddrCountry#=840, #shipAddrLine1#=500 West Maude Ave, #shipAddrLine2#=ABC, #shipAddrLine3#=HMS, #shipAddrPostCode#=95101, #shipAddrState#=CA, #threeDSCompInd#=Y, #threeDSServerTransID#=, #wcc#=1, #wsubscriber#=1234567899, #threeDSRequestorAuthenticationInd#=01, #threeDSReqAuthData#=3DS PA Request, #threeDSReqAuthMethod#=02, #threeDSReqAuthTimestamp#=201809281603, #threeDSRequestorChallengeInd#=01, #threeDSRequestorID#=611, #threeDSRequestorName#=ew0KCSJEViI6ICIxLjAiLA0KCSJERCI6Iaa45, #threeDSReqPriorAuthData#=three DS Request Prior Authentication Data, #threeDSReqPriorAuthMethod#=01, #threeDSReqPriorAuthTimestamp#=201810010323, #threeDSReqPriorRef#=4c6453da-4c56-4980-98cd-d04a064899c4, #threeDSRequestorURL#=http://10.131.94.242:1080/content-server/api/tds2/txn/browser/v1/tds-method, #threeDSServerRefNumber#=AAAAAA123456789, #threeDSServerOperatorID#=serverOperatorID, #threeDSServerURL#=http://10.138.158.51:9608, #acquirerBIN#=123456, #acquirerMerchantID#=AcquirerMerchantID222, #payTokenInd#=true, #purchaseInstalData#=#REMOVE#, #mcc1#=0742, #merchantCountryCode#=840, #merchantName#=global, #deliveryEmailAddress#=harsh08@ca.com, #deliveryTimeframe#=01, #giftCardAmount#=500, #giftCardCount#=02, #giftCardCurr#=840, #preOrderDate#=20200803, #preOrderPurchaseInd#=01, #reorderItemsInd#=01, #shipIndicator#=01, #criticalityIndicator#=false, #id#=ID2018SEP282001, #name#=ShashishekharHM, #transType#=01, #threeDSRequestorAuthenticationInfo#=, #threeDSRequestorPriorAuthenticationInfo#=, #broadInfo#=, #broadInfoValue#=broadInfoValue, #acctInfo#=, #homePhone#=, #mobilePhone#=, #workPhone#=, #merchantRiskIndicator#=, #messageExtension#=, #Dvalue#=HMS, #Dvalue1#=HMS, #Dvalue2#=HMS})</span>
                  <div class="stack-trace">java.lang.AssertionError: The following asserts failed:
	expected [CADS] but found [DsReferenceNumber],
	expected [C] but found [Y]
	at com.ca.tds.main.TDSPreAreq_TC.testArequestAPI(TDSPreAreq_TC.java:130)
	at java.util.concurrent.ThreadPoolExecutor.runWorker(ThreadPoolExecutor.java:1149)
	at java.util.concurrent.ThreadPoolExecutor$Worker.run(ThreadPoolExecutor.java:624)
	at java.lang.Thread.run(Thread.java:748)
... Removed 11 stack frames
</div> <!-- stack-trace -->
                </div> <!-- method-content -->
              </div> <!-- method -->
              <div class="method">
                <div class="method-content">
                  <a name="testArequestAPI(org.testng.TestRunner@244ecd02, {TestCaseID=_S001, TestCaseName=_SanityChallenge_AReq_MC_For_Verify_...)">
                  </a> <!-- testArequestAPI(org.testng.TestRunner@244ecd02, {TestCaseID=_S001, TestCaseName=_SanityChallenge_AReq_MC_For_Verify_...) -->
                  <span class="method-name">testArequestAPI</span>
                  <span class="parameters">(org.testng.TestRunner@244ecd02, {TestCaseID=_S001, TestCaseName=_SanityChallenge_AReq_MC_For_Verify_TC001, SanityFlag=Y, Test Case type=P, RequirementID=, FieldName=, Expected-cardholderInfo=NA, Expected-creq=G, Expected-transStatusReason=NA, Expected-authenticationValue=NA, Expected-authenticationType=G, Expected-acsURL=G, Expected-acsOperatorID=ACS_OPERATOR_ID, Expected-acsChallengeMandated=G, Expected-callerTxnRefID=G, Expected-threeDSServerTransID=G, Expected-dsTransID=G, Expected-acsTransID=G, Expected-eci=NA, Expected-messageType=ARes, Expected-dsName=mastercard, Expected-messageVersion=2.1.0, Expected-dsReferenceNumber=CADS, Expected-acsReferenceNumber=ABCDEF987654321, Expected-transStatus=C, Expected-errorCode=NA, Expected-errorComponent=NA, Expected-errorDescription=NA, Expected-errorDetail=NA, #browserJavascriptEnabled#=true, #challengeWindowSize#=04, #callerTxnRefID#=341b7153-da86-4543-860f-2ba47f0168a5, #caMerchantID#=MTD000000, #acctID#=ACCTID98X3fw3, #chAccAgeInd#=02, #chAccChange#=20180928, #chAccChangeInd#=02, #chAccDate#=20180928, #chAccPwChange#=20180901, #chAccPwChangeInd#=01, #nbPurchaseAccount#=8, #paymentAccAge#=20180808, #paymentAccInd#=01, #provisionAttemptsDay#=1, #shipAddressUsage#=20180910, #shipAddressUsageInd#=03, #shipNameIndicator#=01, #suspiciousAccActivity#=01, #txnActivityDay#=5, #txnActivityYear#=8, #acctNumber#=nryb12B1oZMhWzpQOpmp5YiPiZgTHXQhpBQnlNs/rJn2NBTOqmdbWZ9tZbyZYCuW3xVrbRzKgCR9AplwU8entf7XQebRssBHlkiFtczzcutAWLlkFC6pp89Ogsf/Heb6zMi1bvjq97ivKDnANWB70tMNwepMnHO1doi+3YIhcrL3RRKQqhqNUMrTStiS+v8eKeXbuq2zdnCQbuaRyyODinCTTFufPIOdyDfCgADlSC4etthZAD7E2t61OKu0EI+uwJ76jn2RAqEhnV8aPCzstaM8DCoV0uXIR50m4Jysmw9H8oR7WvAyLAmxVUsH5N8axwaUHLktu9RUXJi33l57Tw==, #acctType#=01, #addrMatch#=Y, #billAddrCity#=San Jose, #billAddrCountry#=840, #billAddrLine1#=500 West Maude Ave, #billAddrLine2#=ABC, #billAddrLine3#=HMS, #billAddrPostCode#=95101, #billAddrState#=CA, #browserAcceptHeader#=text/html,application/xhtml+xml,application/xml;q=0.9,image/webp,image/apng,*/*;q=0.8, #browserColorDepth#=24, #browserIP#=155.35.122.4, #browserJavaEnabled#=true, #browserLanguage#=en-US, #browserScreenHeight#=720, #browserScreenWidth#=1280, #browserTZ#=-330, #browserUserAgent#=Mozilla/5.0 (Windows NT 10.0; Win64; x64) AppleWebKit/537.36 (KHTML, like Gecko) Chrome/68.0.3440.84 Safari/537.36, #cardExpiryDate#=2008, #cardholderName#=Stephen, #deviceChannel#=02, #email#=harsh08@ca.com, #hcc#=1, #hsubscriber#=1234567899, #messageCategory#=01, #messageType#=AReq, #messageVersion#=2.1.0, #mcc#=1, #msubscriber#=1234567899, #notificationURL#=http://localhost:9090/golfstore2/CreqNotification.jsp, #purchaseAmount#=300, #purchaseCurrency#=840, #purchaseDate#=20180928160450, #purchaseExponent#=2, #recurringExpiry#=#REMOVE#, #recurringFrequency#=#REMOVE#, #shipAddrCity#=San Jose, #shipAddrCountry#=840, #shipAddrLine1#=500 West Maude Ave, #shipAddrLine2#=ABC, #shipAddrLine3#=HMS, #shipAddrPostCode#=95101, #shipAddrState#=CA, #threeDSCompInd#=Y, #threeDSServerTransID#=, #wcc#=1, #wsubscriber#=1234567899, #threeDSRequestorAuthenticationInd#=01, #threeDSReqAuthData#=3DS PA Request, #threeDSReqAuthMethod#=02, #threeDSReqAuthTimestamp#=201809281603, #threeDSRequestorChallengeInd#=01, #threeDSRequestorID#=611, #threeDSRequestorName#=ew0KCSJEViI6ICIxLjAiLA0KCSJERCI6Iaa45, #threeDSReqPriorAuthData#=three DS Request Prior Authentication Data, #threeDSReqPriorAuthMethod#=01, #threeDSReqPriorAuthTimestamp#=201810010323, #threeDSReqPriorRef#=4c6453da-4c56-4980-98cd-d04a064899c4, #threeDSRequestorURL#=http://10.131.94.242:1080/content-server/api/tds2/txn/browser/v1/tds-method, #threeDSServerRefNumber#=AAAAAA123456789, #threeDSServerOperatorID#=serverOperatorID, #threeDSServerURL#=http://10.138.158.51:9608, #acquirerBIN#=123456, #acquirerMerchantID#=AcquirerMerchantID222, #payTokenInd#=true, #purchaseInstalData#=#REMOVE#, #mcc1#=0742, #merchantCountryCode#=840, #merchantName#=global, #deliveryEmailAddress#=harsh08@ca.com, #deliveryTimeframe#=01, #giftCardAmount#=500, #giftCardCount#=02, #giftCardCurr#=840, #preOrderDate#=20200803, #preOrderPurchaseInd#=01, #reorderItemsInd#=01, #shipIndicator#=01, #criticalityIndicator#=false, #id#=ID2018SEP282001, #name#=ShashishekharHM, #transType#=01, #threeDSRequestorAuthenticationInfo#=, #threeDSRequestorPriorAuthenticationInfo#=, #broadInfo#=, #broadInfoValue#=broadInfoValue, #acctInfo#=, #homePhone#=, #mobilePhone#=, #workPhone#=, #merchantRiskIndicator#=, #messageExtension#=, #Dvalue#=HMS, #Dvalue1#=HMS, #Dvalue2#=HMS})</span>
                  <div class="stack-trace">java.lang.AssertionError: errorComponent : S, errorCode : 403, errorDescription : No DS configured for this PAN - Not found in Card Range Cache, errorDetail :  Internal Trasient error occured for this transaction , threeDSServerTransID : 320a88e6-f1d2-4225-9739-d350992b9b33
	at com.ca.tds.main.TDSPreAreq_TC.testArequestAPI(TDSPreAreq_TC.java:104)
	at java.util.concurrent.ThreadPoolExecutor.runWorker(ThreadPoolExecutor.java:1149)
	at java.util.concurrent.ThreadPoolExecutor$Worker.run(ThreadPoolExecutor.java:624)
	at java.lang.Thread.run(Thread.java:748)
... Removed 11 stack frames
</div> <!-- stack-trace -->
                </div> <!-- method-content -->
              </div> <!-- method -->
              <div class="method">
                <div class="method-content">
                  <a name="testArequestAPI(org.testng.TestRunner@7f869858, {TestCaseID=_S001, TestCaseName=_SanityChallenge_AReq_VISA_For_Verif...)">
                  </a> <!-- testArequestAPI(org.testng.TestRunner@7f869858, {TestCaseID=_S001, TestCaseName=_SanityChallenge_AReq_VISA_For_Verif...) -->
                  <span class="method-name">testArequestAPI</span>
                  <span class="parameters">(org.testng.TestRunner@7f869858, {TestCaseID=_S001, TestCaseName=_SanityChallenge_AReq_VISA_For_Verify_TC001, SanityFlag=Y, Test Case type=P, RequirementID=, FieldName=, Expected-cardholderInfo=NA, Expected-creq=G, Expected-transStatusReason=NA, Expected-authenticationValue=NA, Expected-authenticationType=G, Expected-acsURL=G, Expected-acsOperatorID=ACS_OPERATOR_ID, Expected-acsChallengeMandated=G, Expected-callerTxnRefID=G, Expected-threeDSServerTransID=G, Expected-dsTransID=G, Expected-acsTransID=G, Expected-eci=NA, Expected-messageType=ARes, Expected-dsName=visa, Expected-messageVersion=2.1.0, Expected-dsReferenceNumber=CADS, Expected-acsReferenceNumber=ABCDEF987654321, Expected-transStatus=C, Expected-errorCode=NA, Expected-errorComponent=NA, Expected-errorDescription=NA, Expected-errorDetail=NA, #browserJavascriptEnabled#=true, #challengeWindowSize#=04, #callerTxnRefID#=341b7153-da86-4543-860f-2ba47f0168a5, #caMerchantID#=MTD000000, #acctID#=ACCTID98X3fw3, #chAccAgeInd#=02, #chAccChange#=20180928, #chAccChangeInd#=02, #chAccDate#=20180928, #chAccPwChange#=20180901, #chAccPwChangeInd#=01, #nbPurchaseAccount#=8, #paymentAccAge#=20180808, #paymentAccInd#=01, #provisionAttemptsDay#=1, #shipAddressUsage#=20180910, #shipAddressUsageInd#=03, #shipNameIndicator#=01, #suspiciousAccActivity#=01, #txnActivityDay#=5, #txnActivityYear#=8, #acctNumber#=7baLwVsvt5uXuVG0qvgpAlTuab3zxrLi4etiUy5qvntg+ADqJPeZCKy/69Ww7/9ITmT9ah7PemYJQGLSkzCNfWKW+6fdJEo5IKNULs4lD8i0Dxqx8dezuPGAzBmSQKLvmX2iKhJcADPBn838rQtBo5B0eph6lhmDiOh8PDWwA/NOk7o7ujiqoTAiaTTM0QDWo52n3YI2P7KfE8qQUR9MSYmVXdFgJ9qZ1uWqGdOtXXYX9zRnvuvE+TH5qG1BvUiUgdwQEz/AZDfB3EdGDLS70QBcD+a0JEgDXd8Uw2xfocQXFKB+orVj0eiFt+fnqdfXedWSX8bbko809DaeyeEriA==, #acctType#=01, #addrMatch#=Y, #billAddrCity#=San Jose, #billAddrCountry#=840, #billAddrLine1#=500 West Maude Ave, #billAddrLine2#=ABC, #billAddrLine3#=HMS, #billAddrPostCode#=95101, #billAddrState#=CA, #browserAcceptHeader#=text/html,application/xhtml+xml,application/xml;q=0.9,image/webp,image/apng,*/*;q=0.8, #browserColorDepth#=24, #browserIP#=155.35.122.4, #browserJavaEnabled#=true, #browserLanguage#=en-US, #browserScreenHeight#=720, #browserScreenWidth#=1280, #browserTZ#=-330, #browserUserAgent#=Mozilla/5.0 (Windows NT 10.0; Win64; x64) AppleWebKit/537.36 (KHTML, like Gecko) Chrome/68.0.3440.84 Safari/537.36, #cardExpiryDate#=2008, #cardholderName#=Stephen, #deviceChannel#=02, #email#=harsh08@ca.com, #hcc#=1, #hsubscriber#=1234567899, #messageCategory#=01, #messageType#=AReq, #messageVersion#=2.1.0, #mcc#=1, #msubscriber#=1234567899, #notificationURL#=http://localhost:9090/golfstore2/CreqNotification.jsp, #purchaseAmount#=300, #purchaseCurrency#=840, #purchaseDate#=20180928160450, #purchaseExponent#=2, #recurringExpiry#=#REMOVE#, #recurringFrequency#=#REMOVE#, #shipAddrCity#=San Jose, #shipAddrCountry#=840, #shipAddrLine1#=500 West Maude Ave, #shipAddrLine2#=ABC, #shipAddrLine3#=HMS, #shipAddrPostCode#=95101, #shipAddrState#=CA, #threeDSCompInd#=Y, #threeDSServerTransID#=, #wcc#=1, #wsubscriber#=1234567899, #threeDSRequestorAuthenticationInd#=01, #threeDSReqAuthData#=3DS PA Request, #threeDSReqAuthMethod#=02, #threeDSReqAuthTimestamp#=201809281603, #threeDSRequestorChallengeInd#=01, #threeDSRequestorID#=611, #threeDSRequestorName#=ew0KCSJEViI6ICIxLjAiLA0KCSJERCI6Iaa45, #threeDSReqPriorAuthData#=three DS Request Prior Authentication Data, #threeDSReqPriorAuthMethod#=01, #threeDSReqPriorAuthTimestamp#=201810010323, #threeDSReqPriorRef#=4c6453da-4c56-4980-98cd-d04a064899c4, #threeDSRequestorURL#=http://10.131.94.242:1080/content-server/api/tds2/txn/browser/v1/tds-method, #threeDSServerRefNumber#=AAAAAA123456789, #threeDSServerOperatorID#=serverOperatorID, #threeDSServerURL#=http://10.138.158.51:9608, #acquirerBIN#=123456, #acquirerMerchantID#=AcquirerMerchantID222, #payTokenInd#=true, #purchaseInstalData#=#REMOVE#, #mcc1#=0742, #merchantCountryCode#=840, #merchantName#=global, #deliveryEmailAddress#=harsh08@ca.com, #deliveryTimeframe#=01, #giftCardAmount#=500, #giftCardCount#=02, #giftCardCurr#=840, #preOrderDate#=20200803, #preOrderPurchaseInd#=01, #reorderItemsInd#=01, #shipIndicator#=01, #criticalityIndicator#=false, #id#=ID2018SEP282001, #name#=ShashishekharHM, #transType#=01, #threeDSRequestorAuthenticationInfo#=, #threeDSRequestorPriorAuthenticationInfo#=, #broadInfo#=, #broadInfoValue#=broadInfoValue, #acctInfo#=, #homePhone#=, #mobilePhone#=, #workPhone#=, #merchantRiskIndicator#=, #messageExtension#=, #Dvalue#=HMS, #Dvalue1#=HMS, #Dvalue2#=HMS})</span>
                  <div class="stack-trace">java.lang.AssertionError: The following asserts failed:
	expected [CADS] but found [DsReferenceNumber],
	expected [ABCDEF987654321] but found [DsReferenceNumber],
	expected [C] but found [U]
	at com.ca.tds.main.TDSPreAreq_TC.testArequestAPI(TDSPreAreq_TC.java:130)
	at java.util.concurrent.ThreadPoolExecutor.runWorker(ThreadPoolExecutor.java:1149)
	at java.util.concurrent.ThreadPoolExecutor$Worker.run(ThreadPoolExecutor.java:624)
	at java.lang.Thread.run(Thread.java:748)
... Removed 11 stack frames
</div> <!-- stack-trace -->
                </div> <!-- method-content -->
              </div> <!-- method -->
            </div> <!-- main-panel-content rounded-window-bottom -->
          </div> <!-- suite-SanityChallengeflow-class-failed -->
          <div class="suite-SanityChallengeflow-class-failed">
            <div class="main-panel-header rounded-window-top">
              <img src="failed.png"/>
              <span class="class-name">com.ca.tds.main.TDSVerifyAPI_TC</span>
            </div> <!-- main-panel-header rounded-window-top -->
            <div class="main-panel-content rounded-window-bottom">
              <div class="method">
                <div class="method-content">
                  <a name="testArequestAPI(org.testng.TestRunner@a7b06ae, {TestCaseID=_S001, TestCaseName=_SanityChallenge_Sample Valid Verify ...)">
                  </a> <!-- testArequestAPI(org.testng.TestRunner@a7b06ae, {TestCaseID=_S001, TestCaseName=_SanityChallenge_Sample Valid Verify ...) -->
                  <span class="method-name">testArequestAPI</span>
                  <span class="parameters">(org.testng.TestRunner@a7b06ae, {TestCaseID=_S001, TestCaseName=_SanityChallenge_Sample Valid Verify Request, SanityFlag=Y, Test Case type=P, RequirementID=, FieldName=, Expected-threeDSServerTransID=G, Expected-callerTxnRefID=G, Expected-eci=G, Expected-authenticationValue=G, Expected-transStatus=G, Expected-transStatusReason=G, Expected-challengeCancel=G, Expected-resultsStatus=G, Expected-authenticationType=G, Expected-interactionCounter=G, Expected-messageType=RSRs, Expected-XID=G, Expected-errorCode=NA, Expected-errorComponent=NA, Expected-errorDescription=NA, Expected-errorDetail=NA, #threeDSServerTransID#=, #callerTxnRefID#=341b7153-da86-4543-860f-2ba47f0168a5, #cres#=, #messageType#=RSRq, #caMerchantID#=CA_EU, #transStatus#=Y})</span>
                  <div class="stack-trace">java.lang.AssertionError: null
	at com.ca.tds.main.TDSVerifyAPI_TC.testArequestAPI(TDSVerifyAPI_TC.java:45)
	at java.util.concurrent.ThreadPoolExecutor.runWorker(ThreadPoolExecutor.java:1149)
	at java.util.concurrent.ThreadPoolExecutor$Worker.run(ThreadPoolExecutor.java:624)
	at java.lang.Thread.run(Thread.java:748)
... Removed 12 stack frames
</div> <!-- stack-trace -->
                </div> <!-- method-content -->
              </div> <!-- method -->
              <div class="method">
                <div class="method-content">
                  <a name="testArequestAPI(org.testng.TestRunner@2920237f, {TestCaseID=_S001, TestCaseName=_SanityChallenge_Sample Valid Verify...)">
                  </a> <!-- testArequestAPI(org.testng.TestRunner@2920237f, {TestCaseID=_S001, TestCaseName=_SanityChallenge_Sample Valid Verify...) -->
                  <span class="method-name">testArequestAPI</span>
                  <span class="parameters">(org.testng.TestRunner@2920237f, {TestCaseID=_S001, TestCaseName=_SanityChallenge_Sample Valid Verify Request, SanityFlag=Y, Test Case type=P, RequirementID=, FieldName=, Expected-threeDSServerTransID=G, Expected-callerTxnRefID=G, Expected-eci=G, Expected-authenticationValue=G, Expected-transStatus=G, Expected-transStatusReason=G, Expected-challengeCancel=G, Expected-resultsStatus=G, Expected-authenticationType=G, Expected-interactionCounter=G, Expected-messageType=RSRs, Expected-XID=G, Expected-errorCode=NA, Expected-errorComponent=NA, Expected-errorDescription=NA, Expected-errorDetail=NA, #threeDSServerTransID#=, #callerTxnRefID#=341b7153-da86-4543-860f-2ba47f0168a5, #cres#=, #messageType#=RSRq, #caMerchantID#=CA_EU, #transStatus#=Y})</span>
                  <div class="stack-trace">java.lang.AssertionError: null
	at com.ca.tds.main.TDSVerifyAPI_TC.testArequestAPI(TDSVerifyAPI_TC.java:45)
	at java.util.concurrent.ThreadPoolExecutor.runWorker(ThreadPoolExecutor.java:1149)
	at java.util.concurrent.ThreadPoolExecutor$Worker.run(ThreadPoolExecutor.java:624)
	at java.lang.Thread.run(Thread.java:748)
... Removed 12 stack frames
</div> <!-- stack-trace -->
                </div> <!-- method-content -->
              </div> <!-- method -->
              <div class="method">
                <div class="method-content">
                  <a name="testArequestAPI(org.testng.TestRunner@148f8faf, {TestCaseID=_S001, TestCaseName=_SanityChallenge_Sample Valid Verify...)">
                  </a> <!-- testArequestAPI(org.testng.TestRunner@148f8faf, {TestCaseID=_S001, TestCaseName=_SanityChallenge_Sample Valid Verify...) -->
                  <span class="method-name">testArequestAPI</span>
                  <span class="parameters">(org.testng.TestRunner@148f8faf, {TestCaseID=_S001, TestCaseName=_SanityChallenge_Sample Valid Verify Request, SanityFlag=Y, Test Case type=P, RequirementID=, FieldName=, Expected-threeDSServerTransID=G, Expected-callerTxnRefID=G, Expected-eci=G, Expected-authenticationValue=G, Expected-transStatus=G, Expected-transStatusReason=G, Expected-challengeCancel=G, Expected-resultsStatus=G, Expected-authenticationType=G, Expected-interactionCounter=G, Expected-messageType=RSRs, Expected-XID=G, Expected-errorCode=NA, Expected-errorComponent=NA, Expected-errorDescription=NA, Expected-errorDetail=NA, #threeDSServerTransID#=, #callerTxnRefID#=341b7153-da86-4543-860f-2ba47f0168a5, #cres#=, #messageType#=RSRq, #caMerchantID#=CA_EU, #transStatus#=Y})</span>
                  <div class="stack-trace">java.lang.AssertionError: null
	at com.ca.tds.main.TDSVerifyAPI_TC.testArequestAPI(TDSVerifyAPI_TC.java:45)
	at java.util.concurrent.ThreadPoolExecutor.runWorker(ThreadPoolExecutor.java:1149)
	at java.util.concurrent.ThreadPoolExecutor$Worker.run(ThreadPoolExecutor.java:624)
	at java.lang.Thread.run(Thread.java:748)
... Removed 12 stack frames
</div> <!-- stack-trace -->
                </div> <!-- method-content -->
              </div> <!-- method -->
            </div> <!-- main-panel-content rounded-window-bottom -->
          </div> <!-- suite-SanityChallengeflow-class-failed -->
        </div> <!-- panel SanityChallengeflow -->
        <div panel-name="suite-SanityFrictionLessMethodurl" class="panel SanityFrictionLessMethodurl">
          <div class="suite-SanityFrictionLessMethodurl-class-failed">
            <div class="main-panel-header rounded-window-top">
              <img src="failed.png"/>
              <span class="class-name">com.ca.tds.main.TDSMethodURL_TC</span>
            </div> <!-- main-panel-header rounded-window-top -->
            <div class="main-panel-content rounded-window-bottom">
              <div class="method">
                <div class="method-content">
                  <a name="testArequestAPI(org.testng.TestRunner@7c228aa7, {TestCaseID=_M001, TestCaseName=_SanityFrictionless_TDSMethodURL_Cal...)">
                  </a> <!-- testArequestAPI(org.testng.TestRunner@7c228aa7, {TestCaseID=_M001, TestCaseName=_SanityFrictionless_TDSMethodURL_Cal...) -->
                  <span class="method-name">testArequestAPI</span>
                  <span class="parameters">(org.testng.TestRunner@7c228aa7, {TestCaseID=_M001, TestCaseName=_SanityFrictionless_TDSMethodURL_CallFor_Sample Valid Areq Request, SanityFlag=Y, Test Case type=P, RequirementID=, Expected-messageType=ThreeDSMethodURLRes, Expected-callerTxnRefID=G, Expected-messageVersion=2.1.0, Expected-threeDSServerTransID=G, Expected-threeDSMethodURL=G, #acctNumber#=nryb12B1oZMhWzpQOpmp5YiPiZgTHXQhpBQnlNs/rJn2NBTOqmdbWZ9tZbyZYCuW3xVrbRzKgCR9AplwU8entf7XQebRssBHlkiFtczzcutAWLlkFC6pp89Ogsf/Heb6zMi1bvjq97ivKDnANWB70tMNwepMnHO1doi+3YIhcrL3RRKQqhqNUMrTStiS+v8eKeXbuq2zdnCQbuaRyyODinCTTFufPIOdyDfCgADlSC4etthZAD7E2t61OKu0EI+uwJ76jn2RAqEhnV8aPCzstaM8DCoV0uXIR50m4Jysmw9H8oR7WvAyLAmxVUsH5N8axwaUHLktu9RUXJi33l57Tw==, #caMerchantID#=CA_EU, #callerTxnRefID#=341b7153-da86-4543-860f-2ba47f0168a5, #messageType#=ThreeDSMethodURLReq})</span>
                  <div class="stack-trace">java.lang.AssertionError: errorComponent: S, errorCode: S, errorDescription:No DS configured for this PAN - Not found in Card Range Cache
	at com.ca.tds.main.TDSMethodURL_TC.testArequestAPI(TDSMethodURL_TC.java:64)
	at java.util.concurrent.ThreadPoolExecutor.runWorker(ThreadPoolExecutor.java:1149)
	at java.util.concurrent.ThreadPoolExecutor$Worker.run(ThreadPoolExecutor.java:624)
	at java.lang.Thread.run(Thread.java:748)
... Removed 11 stack frames
</div> <!-- stack-trace -->
                </div> <!-- method-content -->
              </div> <!-- method -->
            </div> <!-- main-panel-content rounded-window-bottom -->
          </div> <!-- suite-SanityFrictionLessMethodurl-class-failed -->
          <div class="suite-SanityFrictionLessMethodurl-class-failed">
            <div class="main-panel-header rounded-window-top">
              <img src="failed.png"/>
              <span class="class-name">com.ca.tds.main.TDSPreAreq_TC</span>
            </div> <!-- main-panel-header rounded-window-top -->
            <div class="main-panel-content rounded-window-bottom">
              <div class="method">
                <div class="method-content">
                  <a name="testArequestAPI(org.testng.TestRunner@46997473, {TestCaseID=_A001, TestCaseName=_SanityFrictionless_Sample Valid Are...)">
                  </a> <!-- testArequestAPI(org.testng.TestRunner@46997473, {TestCaseID=_A001, TestCaseName=_SanityFrictionless_Sample Valid Are...) -->
                  <span class="method-name">testArequestAPI</span>
                  <span class="parameters">(org.testng.TestRunner@46997473, {TestCaseID=_A001, TestCaseName=_SanityFrictionless_Sample Valid Areq Request, SanityFlag=Y, Test Case type=P, RequirementID=, FieldName=, Expected-cardholderInfo=NA, Expected-creq=NA, Expected-transStatusReason=NA, Expected-authenticationValue=G, Expected-authenticationType=NA, Expected-acsURL=NA, Expected-acsOperatorID=ACS_OPERATOR_ID, Expected-acsChallengeMandated=NA, Expected-callerTxnRefID=G, Expected-threeDSServerTransID=G, Expected-dsTransID=G, Expected-acsTransID=G, Expected-eci=G, Expected-messageType=ARes, Expected-dsName=amex, Expected-messageVersion=2.1.0, Expected-dsReferenceNumber=CADS, Expected-acsReferenceNumber=ABCDEF987654321, Expected-transStatus=Y, Expected-errorCode=NA, Expected-errorComponent=NA, Expected-errorDescription=NA, Expected-errorDetail=NA, #browserJavascriptEnabled#=true, #challengeWindowSize#=04, #callerTxnRefID#=341b7153-da86-4543-860f-2ba47f0168a5, #caMerchantID#=MTD000000, #acctID#=ACCTID98X3fw3, #chAccAgeInd#=02, #chAccChange#=20180928, #chAccChangeInd#=02, #chAccDate#=20180928, #chAccPwChange#=20180901, #chAccPwChangeInd#=01, #nbPurchaseAccount#=8, #paymentAccAge#=20180808, #paymentAccInd#=01, #provisionAttemptsDay#=1, #shipAddressUsage#=20180910, #shipAddressUsageInd#=03, #shipNameIndicator#=01, #suspiciousAccActivity#=01, #txnActivityDay#=5, #txnActivityYear#=8, #acctNumber#=wg2T1yuQgrz1a4x4vyV0LuSoVIMobbSuYGcS1JHozKzuWMFUBDEt3gJWiPn6MFm5bsNkj9Nl+tGqWZGZzdqAg4Uf4nWJYoH6IiPaOkLXsqhICrVuRWpchtpVWYiRba2Vw98lgZmE1Qhc0ZohDBiam29xOGM85GpMrOk84BDHMJ5SeEbv21bXxP/UWGgkKEbuetHynMfF91NDL6FBwMe8o35sMWdwks3ny+v+OekFNwImZS6qyFoQVsFs+xwiu2SafN1K5O1DxL+4bdLVxTbiXwiO41iPnSUsLU/JN0HgtN7b3/cJR5mR96KYfB6eBvVPq/j6jw2LzDuPKHZ39DkPSA=, #acctType#=01, #addrMatch#=Y, #billAddrCity#=San Jose, #billAddrCountry#=840, #billAddrLine1#=500 West Maude Ave, #billAddrLine2#=ABC, #billAddrLine3#=HMS, #billAddrPostCode#=95101, #billAddrState#=CA, #browserAcceptHeader#=text/html,application/xhtml+xml,application/xml;q=0.9,image/webp,image/apng,*/*;q=0.8, #browserColorDepth#=24, #browserIP#=155.35.122.4, #browserJavaEnabled#=true, #browserLanguage#=en-US, #browserScreenHeight#=720, #browserScreenWidth#=1280, #browserTZ#=-330, #browserUserAgent#=Mozilla/5.0 (Windows NT 10.0; Win64; x64) AppleWebKit/537.36 (KHTML, like Gecko) Chrome/68.0.3440.84 Safari/537.36, #cardExpiryDate#=2008, #cardholderName#=Stephen, #deviceChannel#=02, #email#=harsh08@ca.com, #hcc#=1, #hsubscriber#=1234567899, #messageCategory#=01, #messageType#=AReq, #messageVersion#=2.1.0, #mcc#=1, #msubscriber#=1234567899, #notificationURL#=http://localhost:9090/golfstore2/CreqNotification.jsp, #purchaseAmount#=100, #purchaseCurrency#=840, #purchaseDate#=20180928160450, #purchaseExponent#=2, #recurringExpiry#=#REMOVE#, #recurringFrequency#=#REMOVE#, #shipAddrCity#=San Jose, #shipAddrCountry#=840, #shipAddrLine1#=500 West Maude Ave, #shipAddrLine2#=ABC, #shipAddrLine3#=HMS, #shipAddrPostCode#=95101, #shipAddrState#=CA, #threeDSCompInd#=Y, #threeDSServerTransID#=, #wcc#=1, #wsubscriber#=1234567899, #threeDSRequestorAuthenticationInd#=01, #threeDSReqAuthData#=3DS PA Request, #threeDSReqAuthMethod#=02, #threeDSReqAuthTimestamp#=201809281603, #threeDSRequestorChallengeInd#=01, #threeDSRequestorID#=611, #threeDSRequestorName#=ew0KCSJEViI6ICIxLjAiLA0KCSJERCI6Iaa45, #threeDSReqPriorAuthData#=three DS Request Prior Authentication Data, #threeDSReqPriorAuthMethod#=01, #threeDSReqPriorAuthTimestamp#=201810010323, #threeDSReqPriorRef#=4c6453da-4c56-4980-98cd-d04a064899c4, #threeDSRequestorURL#=http://10.131.94.242:1080/content-server/api/tds2/txn/browser/v1/tds-method, #threeDSServerRefNumber#=AAAAAA123456789, #threeDSServerOperatorID#=serverOperatorID, #threeDSServerURL#=http://10.138.158.51:9608, #acquirerBIN#=123456, #acquirerMerchantID#=AcquirerMerchantID222, #payTokenInd#=true, #purchaseInstalData#=#REMOVE#, #mcc1#=0742, #merchantCountryCode#=840, #merchantName#=global, #deliveryEmailAddress#=harsh08@ca.com, #deliveryTimeframe#=01, #giftCardAmount#=500, #giftCardCount#=02, #giftCardCurr#=840, #preOrderDate#=20200803, #preOrderPurchaseInd#=01, #reorderItemsInd#=01, #shipIndicator#=01, #criticalityIndicator#=false, #id#=ID2018SEP282001, #name#=ShashishekharHM, #transType#=01, #threeDSRequestorAuthenticationInfo#=, #threeDSRequestorPriorAuthenticationInfo#=, #broadInfo#=, #broadInfoValue#=broadInfoValue, #acctInfo#=, #homePhone#=, #mobilePhone#=, #workPhone#=, #merchantRiskIndicator#=, #messageExtension#=, #Dvalue#=HMS, #Dvalue1#=HMS, #Dvalue2#=HMS})</span>
                  <div class="stack-trace">java.lang.AssertionError: The following asserts failed:
	expected [CADS] but found [DsReferenceNumber]
	at com.ca.tds.main.TDSPreAreq_TC.testArequestAPI(TDSPreAreq_TC.java:130)
	at java.util.concurrent.ThreadPoolExecutor.runWorker(ThreadPoolExecutor.java:1149)
	at java.util.concurrent.ThreadPoolExecutor$Worker.run(ThreadPoolExecutor.java:624)
	at java.lang.Thread.run(Thread.java:748)
... Removed 11 stack frames
</div> <!-- stack-trace -->
                </div> <!-- method-content -->
              </div> <!-- method -->
              <div class="method">
                <div class="method-content">
                  <a name="testArequestAPI(org.testng.TestRunner@6968aaa2, {TestCaseID=_M001, TestCaseName=_SanityFrictionless_Sample Valid Are...)">
                  </a> <!-- testArequestAPI(org.testng.TestRunner@6968aaa2, {TestCaseID=_M001, TestCaseName=_SanityFrictionless_Sample Valid Are...) -->
                  <span class="method-name">testArequestAPI</span>
                  <span class="parameters">(org.testng.TestRunner@6968aaa2, {TestCaseID=_M001, TestCaseName=_SanityFrictionless_Sample Valid Areq Request, SanityFlag=Y, Test Case type=P, RequirementID=, FieldName=, Expected-cardholderInfo=NA, Expected-creq=NA, Expected-transStatusReason=NA, Expected-authenticationValue=G, Expected-authenticationType=NA, Expected-acsURL=NA, Expected-acsOperatorID=ACS_OPERATOR_ID, Expected-acsChallengeMandated=NA, Expected-callerTxnRefID=G, Expected-threeDSServerTransID=G, Expected-dsTransID=G, Expected-acsTransID=G, Expected-eci=G, Expected-messageType=ARes, Expected-dsName=mastercard, Expected-messageVersion=2.1.0, Expected-dsReferenceNumber=CADS, Expected-acsReferenceNumber=ABCDEF987654321, Expected-transStatus=Y, Expected-errorCode=NA, Expected-errorComponent=NA, Expected-errorDescription=NA, Expected-errorDetail=NA, #browserJavascriptEnabled#=true, #challengeWindowSize#=04, #callerTxnRefID#=341b7153-da86-4543-860f-2ba47f0168a5, #caMerchantID#=MTD000000, #acctID#=ACCTID98X3fw3, #chAccAgeInd#=02, #chAccChange#=20180928, #chAccChangeInd#=02, #chAccDate#=20180928, #chAccPwChange#=20180901, #chAccPwChangeInd#=01, #nbPurchaseAccount#=8, #paymentAccAge#=20180808, #paymentAccInd#=01, #provisionAttemptsDay#=1, #shipAddressUsage#=20180910, #shipAddressUsageInd#=03, #shipNameIndicator#=01, #suspiciousAccActivity#=01, #txnActivityDay#=5, #txnActivityYear#=8, #acctNumber#=nryb12B1oZMhWzpQOpmp5YiPiZgTHXQhpBQnlNs/rJn2NBTOqmdbWZ9tZbyZYCuW3xVrbRzKgCR9AplwU8entf7XQebRssBHlkiFtczzcutAWLlkFC6pp89Ogsf/Heb6zMi1bvjq97ivKDnANWB70tMNwepMnHO1doi+3YIhcrL3RRKQqhqNUMrTStiS+v8eKeXbuq2zdnCQbuaRyyODinCTTFufPIOdyDfCgADlSC4etthZAD7E2t61OKu0EI+uwJ76jn2RAqEhnV8aPCzstaM8DCoV0uXIR50m4Jysmw9H8oR7WvAyLAmxVUsH5N8axwaUHLktu9RUXJi33l57Tw==, #acctType#=01, #addrMatch#=Y, #billAddrCity#=San Jose, #billAddrCountry#=840, #billAddrLine1#=500 West Maude Ave, #billAddrLine2#=ABC, #billAddrLine3#=HMS, #billAddrPostCode#=95101, #billAddrState#=CA, #browserAcceptHeader#=text/html,application/xhtml+xml,application/xml;q=0.9,image/webp,image/apng,*/*;q=0.8, #browserColorDepth#=24, #browserIP#=155.35.122.4, #browserJavaEnabled#=true, #browserLanguage#=en-US, #browserScreenHeight#=720, #browserScreenWidth#=1280, #browserTZ#=-330, #browserUserAgent#=Mozilla/5.0 (Windows NT 10.0; Win64; x64) AppleWebKit/537.36 (KHTML, like Gecko) Chrome/68.0.3440.84 Safari/537.36, #cardExpiryDate#=2008, #cardholderName#=Stephen, #deviceChannel#=02, #email#=harsh08@ca.com, #hcc#=1, #hsubscriber#=1234567899, #messageCategory#=01, #messageType#=AReq, #messageVersion#=2.1.0, #mcc#=1, #msubscriber#=1234567899, #notificationURL#=http://localhost:9090/golfstore2/CreqNotification.jsp, #purchaseAmount#=100, #purchaseCurrency#=840, #purchaseDate#=20180928160450, #purchaseExponent#=2, #recurringExpiry#=#REMOVE#, #recurringFrequency#=#REMOVE#, #shipAddrCity#=San Jose, #shipAddrCountry#=840, #shipAddrLine1#=500 West Maude Ave, #shipAddrLine2#=ABC, #shipAddrLine3#=HMS, #shipAddrPostCode#=95101, #shipAddrState#=CA, #threeDSCompInd#=Y, #threeDSServerTransID#=, #wcc#=1, #wsubscriber#=1234567899, #threeDSRequestorAuthenticationInd#=01, #threeDSReqAuthData#=3DS PA Request, #threeDSReqAuthMethod#=02, #threeDSReqAuthTimestamp#=201809281603, #threeDSRequestorChallengeInd#=01, #threeDSRequestorID#=611, #threeDSRequestorName#=ew0KCSJEViI6ICIxLjAiLA0KCSJERCI6Iaa45, #threeDSReqPriorAuthData#=three DS Request Prior Authentication Data, #threeDSReqPriorAuthMethod#=01, #threeDSReqPriorAuthTimestamp#=201810010323, #threeDSReqPriorRef#=4c6453da-4c56-4980-98cd-d04a064899c4, #threeDSRequestorURL#=http://10.131.94.242:1080/content-server/api/tds2/txn/browser/v1/tds-method, #threeDSServerRefNumber#=AAAAAA123456789, #threeDSServerOperatorID#=serverOperatorID, #threeDSServerURL#=http://10.138.158.51:9608, #acquirerBIN#=123456, #acquirerMerchantID#=AcquirerMerchantID222, #payTokenInd#=true, #purchaseInstalData#=#REMOVE#, #mcc1#=0742, #merchantCountryCode#=840, #merchantName#=global, #deliveryEmailAddress#=harsh08@ca.com, #deliveryTimeframe#=01, #giftCardAmount#=500, #giftCardCount#=02, #giftCardCurr#=840, #preOrderDate#=20200803, #preOrderPurchaseInd#=01, #reorderItemsInd#=01, #shipIndicator#=01, #criticalityIndicator#=false, #id#=ID2018SEP282001, #name#=ShashishekharHM, #transType#=01, #threeDSRequestorAuthenticationInfo#=, #threeDSRequestorPriorAuthenticationInfo#=, #broadInfo#=, #broadInfoValue#=broadInfoValue, #acctInfo#=, #homePhone#=, #mobilePhone#=, #workPhone#=, #merchantRiskIndicator#=, #messageExtension#=, #Dvalue#=HMS, #Dvalue1#=HMS, #Dvalue2#=HMS})</span>
                  <div class="stack-trace">java.lang.AssertionError: errorComponent : S, errorCode : 203, errorDescription : CA Merchant Server:: Invalid Format  for one of the  Element Found in the message , errorDetail : threeDSServerTransID, threeDSServerTransID : 85deb90f-2eeb-4bcd-8cdd-376adb9b4a5c
	at com.ca.tds.main.TDSPreAreq_TC.testArequestAPI(TDSPreAreq_TC.java:104)
	at java.util.concurrent.ThreadPoolExecutor.runWorker(ThreadPoolExecutor.java:1149)
	at java.util.concurrent.ThreadPoolExecutor$Worker.run(ThreadPoolExecutor.java:624)
	at java.lang.Thread.run(Thread.java:748)
... Removed 11 stack frames
</div> <!-- stack-trace -->
                </div> <!-- method-content -->
              </div> <!-- method -->
              <div class="method">
                <div class="method-content">
                  <a name="testArequestAPI(org.testng.TestRunner@5e39845c, {TestCaseID=_V001, TestCaseName=_SanityFrictionless_Sample Valid Are...)">
                  </a> <!-- testArequestAPI(org.testng.TestRunner@5e39845c, {TestCaseID=_V001, TestCaseName=_SanityFrictionless_Sample Valid Are...) -->
                  <span class="method-name">testArequestAPI</span>
                  <span class="parameters">(org.testng.TestRunner@5e39845c, {TestCaseID=_V001, TestCaseName=_SanityFrictionless_Sample Valid Areq Request, SanityFlag=Y, Test Case type=P, RequirementID=, FieldName=, Expected-cardholderInfo=NA, Expected-creq=NA, Expected-transStatusReason=NA, Expected-authenticationValue=G, Expected-authenticationType=NA, Expected-acsURL=NA, Expected-acsOperatorID=ACS_OPERATOR_ID, Expected-acsChallengeMandated=NA, Expected-callerTxnRefID=G, Expected-threeDSServerTransID=G, Expected-dsTransID=G, Expected-acsTransID=G, Expected-eci=G, Expected-messageType=ARes, Expected-dsName=visa, Expected-messageVersion=2.1.0, Expected-dsReferenceNumber=CADS, Expected-acsReferenceNumber=ABCDEF987654321, Expected-transStatus=Y, Expected-errorCode=NA, Expected-errorComponent=NA, Expected-errorDescription=NA, Expected-errorDetail=NA, #browserJavascriptEnabled#=true, #challengeWindowSize#=04, #callerTxnRefID#=341b7153-da86-4543-860f-2ba47f0168a5, #caMerchantID#=MTD000000, #acctID#=ACCTID98X3fw3, #chAccAgeInd#=02, #chAccChange#=20180928, #chAccChangeInd#=02, #chAccDate#=20180928, #chAccPwChange#=20180901, #chAccPwChangeInd#=01, #nbPurchaseAccount#=8, #paymentAccAge#=20180808, #paymentAccInd#=01, #provisionAttemptsDay#=1, #shipAddressUsage#=20180910, #shipAddressUsageInd#=03, #shipNameIndicator#=01, #suspiciousAccActivity#=01, #txnActivityDay#=5, #txnActivityYear#=8, #acctNumber#=7baLwVsvt5uXuVG0qvgpAlTuab3zxrLi4etiUy5qvntg+ADqJPeZCKy/69Ww7/9ITmT9ah7PemYJQGLSkzCNfWKW+6fdJEo5IKNULs4lD8i0Dxqx8dezuPGAzBmSQKLvmX2iKhJcADPBn838rQtBo5B0eph6lhmDiOh8PDWwA/NOk7o7ujiqoTAiaTTM0QDWo52n3YI2P7KfE8qQUR9MSYmVXdFgJ9qZ1uWqGdOtXXYX9zRnvuvE+TH5qG1BvUiUgdwQEz/AZDfB3EdGDLS70QBcD+a0JEgDXd8Uw2xfocQXFKB+orVj0eiFt+fnqdfXedWSX8bbko809DaeyeEriA==, #acctType#=01, #addrMatch#=Y, #billAddrCity#=San Jose, #billAddrCountry#=840, #billAddrLine1#=500 West Maude Ave, #billAddrLine2#=ABC, #billAddrLine3#=HMS, #billAddrPostCode#=95101, #billAddrState#=CA, #browserAcceptHeader#=text/html,application/xhtml+xml,application/xml;q=0.9,image/webp,image/apng,*/*;q=0.8, #browserColorDepth#=24, #browserIP#=155.35.122.4, #browserJavaEnabled#=true, #browserLanguage#=en-US, #browserScreenHeight#=720, #browserScreenWidth#=1280, #browserTZ#=-330, #browserUserAgent#=Mozilla/5.0 (Windows NT 10.0; Win64; x64) AppleWebKit/537.36 (KHTML, like Gecko) Chrome/68.0.3440.84 Safari/537.36, #cardExpiryDate#=2008, #cardholderName#=Stephen, #deviceChannel#=02, #email#=harsh08@ca.com, #hcc#=1, #hsubscriber#=1234567899, #messageCategory#=01, #messageType#=AReq, #messageVersion#=2.1.0, #mcc#=1, #msubscriber#=1234567899, #notificationURL#=http://localhost:9090/golfstore2/CreqNotification.jsp, #purchaseAmount#=100, #purchaseCurrency#=840, #purchaseDate#=20180928160450, #purchaseExponent#=2, #recurringExpiry#=#REMOVE#, #recurringFrequency#=#REMOVE#, #shipAddrCity#=San Jose, #shipAddrCountry#=840, #shipAddrLine1#=500 West Maude Ave, #shipAddrLine2#=ABC, #shipAddrLine3#=HMS, #shipAddrPostCode#=95101, #shipAddrState#=CA, #threeDSCompInd#=Y, #threeDSServerTransID#=, #wcc#=1, #wsubscriber#=1234567899, #threeDSRequestorAuthenticationInd#=01, #threeDSReqAuthData#=3DS PA Request, #threeDSReqAuthMethod#=02, #threeDSReqAuthTimestamp#=201809281603, #threeDSRequestorChallengeInd#=01, #threeDSRequestorID#=611, #threeDSRequestorName#=ew0KCSJEViI6ICIxLjAiLA0KCSJERCI6Iaa45, #threeDSReqPriorAuthData#=three DS Request Prior Authentication Data, #threeDSReqPriorAuthMethod#=01, #threeDSReqPriorAuthTimestamp#=201810010323, #threeDSReqPriorRef#=4c6453da-4c56-4980-98cd-d04a064899c4, #threeDSRequestorURL#=http://10.131.94.242:1080/content-server/api/tds2/txn/browser/v1/tds-method, #threeDSServerRefNumber#=AAAAAA123456789, #threeDSServerOperatorID#=serverOperatorID, #threeDSServerURL#=http://10.138.158.51:9608, #acquirerBIN#=123456, #acquirerMerchantID#=AcquirerMerchantID222, #payTokenInd#=true, #purchaseInstalData#=#REMOVE#, #mcc1#=0742, #merchantCountryCode#=840, #merchantName#=global, #deliveryEmailAddress#=harsh08@ca.com, #deliveryTimeframe#=01, #giftCardAmount#=500, #giftCardCount#=02, #giftCardCurr#=840, #preOrderDate#=20200803, #preOrderPurchaseInd#=01, #reorderItemsInd#=01, #shipIndicator#=01, #criticalityIndicator#=false, #id#=ID2018SEP282001, #name#=ShashishekharHM, #transType#=01, #threeDSRequestorAuthenticationInfo#=, #threeDSRequestorPriorAuthenticationInfo#=, #broadInfo#=, #broadInfoValue#=broadInfoValue, #acctInfo#=, #homePhone#=, #mobilePhone#=, #workPhone#=, #merchantRiskIndicator#=, #messageExtension#=, #Dvalue#=HMS, #Dvalue1#=HMS, #Dvalue2#=HMS})</span>
                  <div class="stack-trace">java.lang.AssertionError: The following asserts failed:
	expected [CADS] but found [DsReferenceNumber],
	expected [ABCDEF987654321] but found [DsReferenceNumber],
	expected [Y] but found [U]
	at com.ca.tds.main.TDSPreAreq_TC.testArequestAPI(TDSPreAreq_TC.java:130)
	at java.util.concurrent.ThreadPoolExecutor.runWorker(ThreadPoolExecutor.java:1149)
	at java.util.concurrent.ThreadPoolExecutor$Worker.run(ThreadPoolExecutor.java:624)
	at java.lang.Thread.run(Thread.java:748)
... Removed 11 stack frames
</div> <!-- stack-trace -->
                </div> <!-- method-content -->
              </div> <!-- method -->
            </div> <!-- main-panel-content rounded-window-bottom -->
          </div> <!-- suite-SanityFrictionLessMethodurl-class-failed -->
          <div class="suite-SanityFrictionLessMethodurl-class-passed">
            <div class="main-panel-header rounded-window-top">
              <img src="passed.png"/>
              <span class="class-name">com.ca.tds.main.TDSMethodURL_TC</span>
            </div> <!-- main-panel-header rounded-window-top -->
            <div class="main-panel-content rounded-window-bottom">
              <div class="method">
                <div class="method-content">
                  <a name="testArequestAPI(org.testng.TestRunner@31c7c25f, {TestCaseID=_A001, TestCaseName=_SanityFrictionless_TDSMethodURL_Cal...)">
                  </a> <!-- testArequestAPI(org.testng.TestRunner@31c7c25f, {TestCaseID=_A001, TestCaseName=_SanityFrictionless_TDSMethodURL_Cal...) -->
                  <span class="method-name">testArequestAPI</span>
                  <span class="parameters">(org.testng.TestRunner@31c7c25f, {TestCaseID=_A001, TestCaseName=_SanityFrictionless_TDSMethodURL_CallFor_Sample Valid Areq Request, SanityFlag=Y, Test Case type=P, RequirementID=, Expected-messageType=ThreeDSMethodURLRes, Expected-callerTxnRefID=G, Expected-messageVersion=2.1.0, Expected-threeDSServerTransID=G, Expected-threeDSMethodURL=G, #acctNumber#=wg2T1yuQgrz1a4x4vyV0LuSoVIMobbSuYGcS1JHozKzuWMFUBDEt3gJWiPn6MFm5bsNkj9Nl+tGqWZGZzdqAg4Uf4nWJYoH6IiPaOkLXsqhICrVuRWpchtpVWYiRba2Vw98lgZmE1Qhc0ZohDBiam29xOGM85GpMrOk84BDHMJ5SeEbv21bXxP/UWGgkKEbuetHynMfF91NDL6FBwMe8o35sMWdwks3ny+v+OekFNwImZS6qyFoQVsFs+xwiu2SafN1K5O1DxL+4bdLVxTbiXwiO41iPnSUsLU/JN0HgtN7b3/cJR5mR96KYfB6eBvVPq/j6jw2LzDuPKHZ39DkPSA=, #caMerchantID#=CA_EU, #callerTxnRefID#=341b7153-da86-4543-860f-2ba47f0168a5, #messageType#=ThreeDSMethodURLReq})</span>
                </div> <!-- method-content -->
              </div> <!-- method -->
              <div class="method">
                <div class="method-content">
                  <a name="testArequestAPI(org.testng.TestRunner@589072bc, {TestCaseID=_V001, TestCaseName=_SanityFrictionless_TDSMethodURL_Cal...)">
                  </a> <!-- testArequestAPI(org.testng.TestRunner@589072bc, {TestCaseID=_V001, TestCaseName=_SanityFrictionless_TDSMethodURL_Cal...) -->
                  <span class="method-name">testArequestAPI</span>
                  <span class="parameters">(org.testng.TestRunner@589072bc, {TestCaseID=_V001, TestCaseName=_SanityFrictionless_TDSMethodURL_CallFor_Sample Valid Areq Request, SanityFlag=Y, Test Case type=P, RequirementID=, Expected-messageType=ThreeDSMethodURLRes, Expected-callerTxnRefID=G, Expected-messageVersion=2.1.0, Expected-threeDSServerTransID=G, Expected-threeDSMethodURL=G, #acctNumber#=7baLwVsvt5uXuVG0qvgpAlTuab3zxrLi4etiUy5qvntg+ADqJPeZCKy/69Ww7/9ITmT9ah7PemYJQGLSkzCNfWKW+6fdJEo5IKNULs4lD8i0Dxqx8dezuPGAzBmSQKLvmX2iKhJcADPBn838rQtBo5B0eph6lhmDiOh8PDWwA/NOk7o7ujiqoTAiaTTM0QDWo52n3YI2P7KfE8qQUR9MSYmVXdFgJ9qZ1uWqGdOtXXYX9zRnvuvE+TH5qG1BvUiUgdwQEz/AZDfB3EdGDLS70QBcD+a0JEgDXd8Uw2xfocQXFKB+orVj0eiFt+fnqdfXedWSX8bbko809DaeyeEriA==, #caMerchantID#=CA_EU, #callerTxnRefID#=341b7153-da86-4543-860f-2ba47f0168a5, #messageType#=ThreeDSMethodURLReq})</span>
                </div> <!-- method-content -->
              </div> <!-- method -->
            </div> <!-- main-panel-content rounded-window-bottom -->
          </div> <!-- suite-SanityFrictionLessMethodurl-class-passed -->
        </div> <!-- panel SanityFrictionLessMethodurl -->
        <div panel-name="suite-SanityChallengeflowMethodurl" class="panel SanityChallengeflowMethodurl">
          <div class="suite-SanityChallengeflowMethodurl-class-failed">
            <div class="main-panel-header rounded-window-top">
              <img src="failed.png"/>
              <span class="class-name">com.ca.tds.main.TDSMethodURL_TC</span>
            </div> <!-- main-panel-header rounded-window-top -->
            <div class="main-panel-content rounded-window-bottom">
              <div class="method">
                <div class="method-content">
                  <a name="testArequestAPI(org.testng.TestRunner@2938a7c0, {TestCaseID=_S001, TestCaseName=_SanityChallenge_MC_For_Verify_TC001...)">
                  </a> <!-- testArequestAPI(org.testng.TestRunner@2938a7c0, {TestCaseID=_S001, TestCaseName=_SanityChallenge_MC_For_Verify_TC001...) -->
                  <span class="method-name">testArequestAPI</span>
                  <span class="parameters">(org.testng.TestRunner@2938a7c0, {TestCaseID=_S001, TestCaseName=_SanityChallenge_MC_For_Verify_TC001, SanityFlag=Y, Test Case type=P, RequirementID=, Expected-messageType=ThreeDSMethodURLRes, Expected-callerTxnRefID=G, Expected-messageVersion=2.1.0, Expected-threeDSServerTransID=G, Expected-threeDSMethodURL=G, #acctNumber#=nryb12B1oZMhWzpQOpmp5YiPiZgTHXQhpBQnlNs/rJn2NBTOqmdbWZ9tZbyZYCuW3xVrbRzKgCR9AplwU8entf7XQebRssBHlkiFtczzcutAWLlkFC6pp89Ogsf/Heb6zMi1bvjq97ivKDnANWB70tMNwepMnHO1doi+3YIhcrL3RRKQqhqNUMrTStiS+v8eKeXbuq2zdnCQbuaRyyODinCTTFufPIOdyDfCgADlSC4etthZAD7E2t61OKu0EI+uwJ76jn2RAqEhnV8aPCzstaM8DCoV0uXIR50m4Jysmw9H8oR7WvAyLAmxVUsH5N8axwaUHLktu9RUXJi33l57Tw==, #caMerchantID#=CA_EU, #callerTxnRefID#=341b7153-da86-4543-860f-2ba47f0168a5, #messageType#=ThreeDSMethodURLReq})</span>
                  <div class="stack-trace">java.lang.AssertionError: errorComponent: S, errorCode: S, errorDescription:No DS configured for this PAN - Not found in Card Range Cache
	at com.ca.tds.main.TDSMethodURL_TC.testArequestAPI(TDSMethodURL_TC.java:64)
	at java.util.concurrent.ThreadPoolExecutor.runWorker(ThreadPoolExecutor.java:1149)
	at java.util.concurrent.ThreadPoolExecutor$Worker.run(ThreadPoolExecutor.java:624)
	at java.lang.Thread.run(Thread.java:748)
... Removed 11 stack frames
</div> <!-- stack-trace -->
                </div> <!-- method-content -->
              </div> <!-- method -->
            </div> <!-- main-panel-content rounded-window-bottom -->
          </div> <!-- suite-SanityChallengeflowMethodurl-class-failed -->
          <div class="suite-SanityChallengeflowMethodurl-class-failed">
            <div class="main-panel-header rounded-window-top">
              <img src="failed.png"/>
              <span class="class-name">com.ca.tds.main.TDSRReq_TC</span>
            </div> <!-- main-panel-header rounded-window-top -->
            <div class="main-panel-content rounded-window-bottom">
              <div class="method">
                <div class="method-content">
                  <a name="testRRequestAPI(org.testng.TestRunner@7911aae5, {TestCaseID=_S001, TestCaseName=_SanityChallenge_RReq_For_Verify_TC0...)">
                  </a> <!-- testRRequestAPI(org.testng.TestRunner@7911aae5, {TestCaseID=_S001, TestCaseName=_SanityChallenge_RReq_For_Verify_TC0...) -->
                  <span class="method-name">testRRequestAPI</span>
                  <span class="parameters">(org.testng.TestRunner@7911aae5, {TestCaseID=_S001, TestCaseName=_SanityChallenge_RReq_For_Verify_TC001, SanityFlag=Y, Test Case type=P, RequirementID=, FieldName=, Expected-threeDSServerTransID=G, Expected-dsTransID=G, Expected-acsTransID=G, Expected-messageExtension=G, Expected-messageType=RRes, Expected-messageVersion=2.1.0, Expected-resultsStatus=G, Expected-errorCode=NA, Expected-errorComponent=NA, Expected-errorDescription=NA, Expected-errorDetail=NA, #acsTransID#=, #authenticationType#=, #challengeCancel#=#REMOVE#, #dsTransID#=, #eci#=#REMOVE#, #interactionCounter#=01, #messageCategory#=01, #messageType#=RReq, #messageVersion#=, #threeDSServerTransID#=, #transStatus#=Y, #transStatusReason#=#REMOVE#, #criticalityIndicator#=false, #Dvalue#=HMS, #Dvalue1#=HMS, #Dvalue2#=HMS, #id#=ID2019JAN240101, #name#=ShashishekharHM, #authenticationValue#=AJkCCBFHJhl3gGhDA0cmAAAAAAA=})</span>
                  <div class="stack-trace">java.lang.AssertionError: null
	at com.ca.tds.main.TDSRReq_TC.testRRequestAPI(TDSRReq_TC.java:42)
	at java.util.concurrent.ThreadPoolExecutor.runWorker(ThreadPoolExecutor.java:1149)
	at java.util.concurrent.ThreadPoolExecutor$Worker.run(ThreadPoolExecutor.java:624)
	at java.lang.Thread.run(Thread.java:748)
... Removed 12 stack frames
</div> <!-- stack-trace -->
                </div> <!-- method-content -->
              </div> <!-- method -->
              <div class="method">
                <div class="method-content">
                  <a name="testRRequestAPI(org.testng.TestRunner@2b3ad3d, {TestCaseID=_S001, TestCaseName=_SanityChallenge_RReq_For_Verify_TC00...)">
                  </a> <!-- testRRequestAPI(org.testng.TestRunner@2b3ad3d, {TestCaseID=_S001, TestCaseName=_SanityChallenge_RReq_For_Verify_TC00...) -->
                  <span class="method-name">testRRequestAPI</span>
                  <span class="parameters">(org.testng.TestRunner@2b3ad3d, {TestCaseID=_S001, TestCaseName=_SanityChallenge_RReq_For_Verify_TC001, SanityFlag=Y, Test Case type=P, RequirementID=, FieldName=, Expected-threeDSServerTransID=G, Expected-dsTransID=G, Expected-acsTransID=G, Expected-messageExtension=G, Expected-messageType=RRes, Expected-messageVersion=2.1.0, Expected-resultsStatus=G, Expected-errorCode=NA, Expected-errorComponent=NA, Expected-errorDescription=NA, Expected-errorDetail=NA, #acsTransID#=, #authenticationType#=, #challengeCancel#=#REMOVE#, #dsTransID#=, #eci#=#REMOVE#, #interactionCounter#=01, #messageCategory#=01, #messageType#=RReq, #messageVersion#=, #threeDSServerTransID#=, #transStatus#=Y, #transStatusReason#=#REMOVE#, #criticalityIndicator#=false, #Dvalue#=HMS, #Dvalue1#=HMS, #Dvalue2#=HMS, #id#=ID2019JAN240101, #name#=ShashishekharHM, #authenticationValue#=AJkCCBFHJhl3gGhDA0cmAAAAAAA=})</span>
                  <div class="stack-trace">java.lang.AssertionError: null
	at com.ca.tds.main.TDSRReq_TC.testRRequestAPI(TDSRReq_TC.java:42)
	at java.util.concurrent.ThreadPoolExecutor.runWorker(ThreadPoolExecutor.java:1149)
	at java.util.concurrent.ThreadPoolExecutor$Worker.run(ThreadPoolExecutor.java:624)
	at java.lang.Thread.run(Thread.java:748)
... Removed 12 stack frames
</div> <!-- stack-trace -->
                </div> <!-- method-content -->
              </div> <!-- method -->
              <div class="method">
                <div class="method-content">
                  <a name="testRRequestAPI(org.testng.TestRunner@75ee153e, {TestCaseID=_S001, TestCaseName=_SanityChallenge_RReq_For_Verify_TC0...)">
                  </a> <!-- testRRequestAPI(org.testng.TestRunner@75ee153e, {TestCaseID=_S001, TestCaseName=_SanityChallenge_RReq_For_Verify_TC0...) -->
                  <span class="method-name">testRRequestAPI</span>
                  <span class="parameters">(org.testng.TestRunner@75ee153e, {TestCaseID=_S001, TestCaseName=_SanityChallenge_RReq_For_Verify_TC001, SanityFlag=Y, Test Case type=P, RequirementID=, FieldName=, Expected-threeDSServerTransID=G, Expected-dsTransID=G, Expected-acsTransID=G, Expected-messageExtension=G, Expected-messageType=RRes, Expected-messageVersion=2.1.0, Expected-resultsStatus=G, Expected-errorCode=NA, Expected-errorComponent=NA, Expected-errorDescription=NA, Expected-errorDetail=NA, #acsTransID#=, #authenticationType#=, #challengeCancel#=#REMOVE#, #dsTransID#=, #eci#=#REMOVE#, #interactionCounter#=01, #messageCategory#=01, #messageType#=RReq, #messageVersion#=, #threeDSServerTransID#=, #transStatus#=Y, #transStatusReason#=#REMOVE#, #criticalityIndicator#=false, #Dvalue#=HMS, #Dvalue1#=HMS, #Dvalue2#=HMS, #id#=ID2019JAN240101, #name#=ShashishekharHM, #authenticationValue#=AJkCCBFHJhl3gGhDA0cmAAAAAAA=})</span>
                  <div class="stack-trace">java.lang.AssertionError: null
	at com.ca.tds.main.TDSRReq_TC.testRRequestAPI(TDSRReq_TC.java:42)
	at java.util.concurrent.ThreadPoolExecutor.runWorker(ThreadPoolExecutor.java:1149)
	at java.util.concurrent.ThreadPoolExecutor$Worker.run(ThreadPoolExecutor.java:624)
	at java.lang.Thread.run(Thread.java:748)
... Removed 12 stack frames
</div> <!-- stack-trace -->
                </div> <!-- method-content -->
              </div> <!-- method -->
            </div> <!-- main-panel-content rounded-window-bottom -->
          </div> <!-- suite-SanityChallengeflowMethodurl-class-failed -->
          <div class="suite-SanityChallengeflowMethodurl-class-failed">
            <div class="main-panel-header rounded-window-top">
              <img src="failed.png"/>
              <span class="class-name">com.ca.tds.main.TDSPreAreq_TC</span>
            </div> <!-- main-panel-header rounded-window-top -->
            <div class="main-panel-content rounded-window-bottom">
              <div class="method">
                <div class="method-content">
                  <a name="testArequestAPI(org.testng.TestRunner@7932de85, {TestCaseID=_S001, TestCaseName=_SanityChallenge_AReq_AMEX_For_Verif...)">
                  </a> <!-- testArequestAPI(org.testng.TestRunner@7932de85, {TestCaseID=_S001, TestCaseName=_SanityChallenge_AReq_AMEX_For_Verif...) -->
                  <span class="method-name">testArequestAPI</span>
                  <span class="parameters">(org.testng.TestRunner@7932de85, {TestCaseID=_S001, TestCaseName=_SanityChallenge_AReq_AMEX_For_Verify_TC001, SanityFlag=Y, Test Case type=P, RequirementID=, FieldName=, Expected-cardholderInfo=NA, Expected-creq=G, Expected-transStatusReason=NA, Expected-authenticationValue=NA, Expected-authenticationType=G, Expected-acsURL=G, Expected-acsOperatorID=ACS_OPERATOR_ID, Expected-acsChallengeMandated=G, Expected-callerTxnRefID=G, Expected-threeDSServerTransID=G, Expected-dsTransID=G, Expected-acsTransID=G, Expected-eci=NA, Expected-messageType=ARes, Expected-dsName=amex, Expected-messageVersion=2.1.0, Expected-dsReferenceNumber=CADS, Expected-acsReferenceNumber=ABCDEF987654321, Expected-transStatus=C, Expected-errorCode=NA, Expected-errorComponent=NA, Expected-errorDescription=NA, Expected-errorDetail=NA, #browserJavascriptEnabled#=true, #challengeWindowSize#=04, #callerTxnRefID#=341b7153-da86-4543-860f-2ba47f0168a5, #caMerchantID#=MTD000000, #acctID#=ACCTID98X3fw3, #chAccAgeInd#=02, #chAccChange#=20180928, #chAccChangeInd#=02, #chAccDate#=20180928, #chAccPwChange#=20180901, #chAccPwChangeInd#=01, #nbPurchaseAccount#=8, #paymentAccAge#=20180808, #paymentAccInd#=01, #provisionAttemptsDay#=1, #shipAddressUsage#=20180910, #shipAddressUsageInd#=03, #shipNameIndicator#=01, #suspiciousAccActivity#=01, #txnActivityDay#=5, #txnActivityYear#=8, #acctNumber#=wg2T1yuQgrz1a4x4vyV0LuSoVIMobbSuYGcS1JHozKzuWMFUBDEt3gJWiPn6MFm5bsNkj9Nl+tGqWZGZzdqAg4Uf4nWJYoH6IiPaOkLXsqhICrVuRWpchtpVWYiRba2Vw98lgZmE1Qhc0ZohDBiam29xOGM85GpMrOk84BDHMJ5SeEbv21bXxP/UWGgkKEbuetHynMfF91NDL6FBwMe8o35sMWdwks3ny+v+OekFNwImZS6qyFoQVsFs+xwiu2SafN1K5O1DxL+4bdLVxTbiXwiO41iPnSUsLU/JN0HgtN7b3/cJR5mR96KYfB6eBvVPq/j6jw2LzDuPKHZ39DkPSA=, #acctType#=01, #addrMatch#=Y, #billAddrCity#=San Jose, #billAddrCountry#=840, #billAddrLine1#=500 West Maude Ave, #billAddrLine2#=ABC, #billAddrLine3#=HMS, #billAddrPostCode#=95101, #billAddrState#=CA, #browserAcceptHeader#=text/html,application/xhtml+xml,application/xml;q=0.9,image/webp,image/apng,*/*;q=0.8, #browserColorDepth#=24, #browserIP#=155.35.122.4, #browserJavaEnabled#=true, #browserLanguage#=en-US, #browserScreenHeight#=720, #browserScreenWidth#=1280, #browserTZ#=-330, #browserUserAgent#=Mozilla/5.0 (Windows NT 10.0; Win64; x64) AppleWebKit/537.36 (KHTML, like Gecko) Chrome/68.0.3440.84 Safari/537.36, #cardExpiryDate#=2008, #cardholderName#=Stephen, #deviceChannel#=02, #email#=harsh08@ca.com, #hcc#=1, #hsubscriber#=1234567899, #messageCategory#=01, #messageType#=AReq, #messageVersion#=2.1.0, #mcc#=1, #msubscriber#=1234567899, #notificationURL#=http://localhost:9090/golfstore2/CreqNotification.jsp, #purchaseAmount#=350, #purchaseCurrency#=840, #purchaseDate#=20180928160450, #purchaseExponent#=2, #recurringExpiry#=#REMOVE#, #recurringFrequency#=#REMOVE#, #shipAddrCity#=San Jose, #shipAddrCountry#=840, #shipAddrLine1#=500 West Maude Ave, #shipAddrLine2#=ABC, #shipAddrLine3#=HMS, #shipAddrPostCode#=95101, #shipAddrState#=CA, #threeDSCompInd#=Y, #threeDSServerTransID#=, #wcc#=1, #wsubscriber#=1234567899, #threeDSRequestorAuthenticationInd#=01, #threeDSReqAuthData#=3DS PA Request, #threeDSReqAuthMethod#=02, #threeDSReqAuthTimestamp#=201809281603, #threeDSRequestorChallengeInd#=01, #threeDSRequestorID#=611, #threeDSRequestorName#=ew0KCSJEViI6ICIxLjAiLA0KCSJERCI6Iaa45, #threeDSReqPriorAuthData#=three DS Request Prior Authentication Data, #threeDSReqPriorAuthMethod#=01, #threeDSReqPriorAuthTimestamp#=201810010323, #threeDSReqPriorRef#=4c6453da-4c56-4980-98cd-d04a064899c4, #threeDSRequestorURL#=http://10.131.94.242:1080/content-server/api/tds2/txn/browser/v1/tds-method, #threeDSServerRefNumber#=AAAAAA123456789, #threeDSServerOperatorID#=serverOperatorID, #threeDSServerURL#=http://10.138.158.51:9608, #acquirerBIN#=123456, #acquirerMerchantID#=AcquirerMerchantID222, #payTokenInd#=true, #purchaseInstalData#=#REMOVE#, #mcc1#=0742, #merchantCountryCode#=840, #merchantName#=global, #deliveryEmailAddress#=harsh08@ca.com, #deliveryTimeframe#=01, #giftCardAmount#=500, #giftCardCount#=02, #giftCardCurr#=840, #preOrderDate#=20200803, #preOrderPurchaseInd#=01, #reorderItemsInd#=01, #shipIndicator#=01, #criticalityIndicator#=false, #id#=ID2018SEP282001, #name#=ShashishekharHM, #transType#=01, #threeDSRequestorAuthenticationInfo#=, #threeDSRequestorPriorAuthenticationInfo#=, #broadInfo#=, #broadInfoValue#=broadInfoValue, #acctInfo#=, #homePhone#=, #mobilePhone#=, #workPhone#=, #merchantRiskIndicator#=, #messageExtension#=, #Dvalue#=HMS, #Dvalue1#=HMS, #Dvalue2#=HMS})</span>
                  <div class="stack-trace">java.lang.AssertionError: The following asserts failed:
	expected [CADS] but found [DsReferenceNumber],
	expected [C] but found [Y]
	at com.ca.tds.main.TDSPreAreq_TC.testArequestAPI(TDSPreAreq_TC.java:130)
	at java.util.concurrent.ThreadPoolExecutor.runWorker(ThreadPoolExecutor.java:1149)
	at java.util.concurrent.ThreadPoolExecutor$Worker.run(ThreadPoolExecutor.java:624)
	at java.lang.Thread.run(Thread.java:748)
... Removed 11 stack frames
</div> <!-- stack-trace -->
                </div> <!-- method-content -->
              </div> <!-- method -->
              <div class="method">
                <div class="method-content">
                  <a name="testArequestAPI(org.testng.TestRunner@8c91427, {TestCaseID=_S001, TestCaseName=_SanityChallenge_AReq_MC_For_Verify_T...)">
                  </a> <!-- testArequestAPI(org.testng.TestRunner@8c91427, {TestCaseID=_S001, TestCaseName=_SanityChallenge_AReq_MC_For_Verify_T...) -->
                  <span class="method-name">testArequestAPI</span>
                  <span class="parameters">(org.testng.TestRunner@8c91427, {TestCaseID=_S001, TestCaseName=_SanityChallenge_AReq_MC_For_Verify_TC001, SanityFlag=Y, Test Case type=P, RequirementID=, FieldName=, Expected-cardholderInfo=NA, Expected-creq=G, Expected-transStatusReason=NA, Expected-authenticationValue=NA, Expected-authenticationType=G, Expected-acsURL=G, Expected-acsOperatorID=ACS_OPERATOR_ID, Expected-acsChallengeMandated=G, Expected-callerTxnRefID=G, Expected-threeDSServerTransID=G, Expected-dsTransID=G, Expected-acsTransID=G, Expected-eci=NA, Expected-messageType=ARes, Expected-dsName=mastercard, Expected-messageVersion=2.1.0, Expected-dsReferenceNumber=CADS, Expected-acsReferenceNumber=ABCDEF987654321, Expected-transStatus=C, Expected-errorCode=NA, Expected-errorComponent=NA, Expected-errorDescription=NA, Expected-errorDetail=NA, #browserJavascriptEnabled#=true, #challengeWindowSize#=04, #callerTxnRefID#=341b7153-da86-4543-860f-2ba47f0168a5, #caMerchantID#=MTD000000, #acctID#=ACCTID98X3fw3, #chAccAgeInd#=02, #chAccChange#=20180928, #chAccChangeInd#=02, #chAccDate#=20180928, #chAccPwChange#=20180901, #chAccPwChangeInd#=01, #nbPurchaseAccount#=8, #paymentAccAge#=20180808, #paymentAccInd#=01, #provisionAttemptsDay#=1, #shipAddressUsage#=20180910, #shipAddressUsageInd#=03, #shipNameIndicator#=01, #suspiciousAccActivity#=01, #txnActivityDay#=5, #txnActivityYear#=8, #acctNumber#=nryb12B1oZMhWzpQOpmp5YiPiZgTHXQhpBQnlNs/rJn2NBTOqmdbWZ9tZbyZYCuW3xVrbRzKgCR9AplwU8entf7XQebRssBHlkiFtczzcutAWLlkFC6pp89Ogsf/Heb6zMi1bvjq97ivKDnANWB70tMNwepMnHO1doi+3YIhcrL3RRKQqhqNUMrTStiS+v8eKeXbuq2zdnCQbuaRyyODinCTTFufPIOdyDfCgADlSC4etthZAD7E2t61OKu0EI+uwJ76jn2RAqEhnV8aPCzstaM8DCoV0uXIR50m4Jysmw9H8oR7WvAyLAmxVUsH5N8axwaUHLktu9RUXJi33l57Tw==, #acctType#=01, #addrMatch#=Y, #billAddrCity#=San Jose, #billAddrCountry#=840, #billAddrLine1#=500 West Maude Ave, #billAddrLine2#=ABC, #billAddrLine3#=HMS, #billAddrPostCode#=95101, #billAddrState#=CA, #browserAcceptHeader#=text/html,application/xhtml+xml,application/xml;q=0.9,image/webp,image/apng,*/*;q=0.8, #browserColorDepth#=24, #browserIP#=155.35.122.4, #browserJavaEnabled#=true, #browserLanguage#=en-US, #browserScreenHeight#=720, #browserScreenWidth#=1280, #browserTZ#=-330, #browserUserAgent#=Mozilla/5.0 (Windows NT 10.0; Win64; x64) AppleWebKit/537.36 (KHTML, like Gecko) Chrome/68.0.3440.84 Safari/537.36, #cardExpiryDate#=2008, #cardholderName#=Stephen, #deviceChannel#=02, #email#=harsh08@ca.com, #hcc#=1, #hsubscriber#=1234567899, #messageCategory#=01, #messageType#=AReq, #messageVersion#=2.1.0, #mcc#=1, #msubscriber#=1234567899, #notificationURL#=http://localhost:9090/golfstore2/CreqNotification.jsp, #purchaseAmount#=300, #purchaseCurrency#=840, #purchaseDate#=20180928160450, #purchaseExponent#=2, #recurringExpiry#=#REMOVE#, #recurringFrequency#=#REMOVE#, #shipAddrCity#=San Jose, #shipAddrCountry#=840, #shipAddrLine1#=500 West Maude Ave, #shipAddrLine2#=ABC, #shipAddrLine3#=HMS, #shipAddrPostCode#=95101, #shipAddrState#=CA, #threeDSCompInd#=Y, #threeDSServerTransID#=, #wcc#=1, #wsubscriber#=1234567899, #threeDSRequestorAuthenticationInd#=01, #threeDSReqAuthData#=3DS PA Request, #threeDSReqAuthMethod#=02, #threeDSReqAuthTimestamp#=201809281603, #threeDSRequestorChallengeInd#=01, #threeDSRequestorID#=611, #threeDSRequestorName#=ew0KCSJEViI6ICIxLjAiLA0KCSJERCI6Iaa45, #threeDSReqPriorAuthData#=three DS Request Prior Authentication Data, #threeDSReqPriorAuthMethod#=01, #threeDSReqPriorAuthTimestamp#=201810010323, #threeDSReqPriorRef#=4c6453da-4c56-4980-98cd-d04a064899c4, #threeDSRequestorURL#=http://10.131.94.242:1080/content-server/api/tds2/txn/browser/v1/tds-method, #threeDSServerRefNumber#=AAAAAA123456789, #threeDSServerOperatorID#=serverOperatorID, #threeDSServerURL#=http://10.138.158.51:9608, #acquirerBIN#=123456, #acquirerMerchantID#=AcquirerMerchantID222, #payTokenInd#=true, #purchaseInstalData#=#REMOVE#, #mcc1#=0742, #merchantCountryCode#=840, #merchantName#=global, #deliveryEmailAddress#=harsh08@ca.com, #deliveryTimeframe#=01, #giftCardAmount#=500, #giftCardCount#=02, #giftCardCurr#=840, #preOrderDate#=20200803, #preOrderPurchaseInd#=01, #reorderItemsInd#=01, #shipIndicator#=01, #criticalityIndicator#=false, #id#=ID2018SEP282001, #name#=ShashishekharHM, #transType#=01, #threeDSRequestorAuthenticationInfo#=, #threeDSRequestorPriorAuthenticationInfo#=, #broadInfo#=, #broadInfoValue#=broadInfoValue, #acctInfo#=, #homePhone#=, #mobilePhone#=, #workPhone#=, #merchantRiskIndicator#=, #messageExtension#=, #Dvalue#=HMS, #Dvalue1#=HMS, #Dvalue2#=HMS})</span>
                  <div class="stack-trace">java.lang.AssertionError: errorComponent : S, errorCode : 203, errorDescription : CA Merchant Server:: Invalid Format  for one of the  Element Found in the message , errorDetail : threeDSServerTransID, threeDSServerTransID : e5d9b124-580a-4913-afe7-b3c056597b50
	at com.ca.tds.main.TDSPreAreq_TC.testArequestAPI(TDSPreAreq_TC.java:104)
	at java.util.concurrent.ThreadPoolExecutor.runWorker(ThreadPoolExecutor.java:1149)
	at java.util.concurrent.ThreadPoolExecutor$Worker.run(ThreadPoolExecutor.java:624)
	at java.lang.Thread.run(Thread.java:748)
... Removed 11 stack frames
</div> <!-- stack-trace -->
                </div> <!-- method-content -->
              </div> <!-- method -->
              <div class="method">
                <div class="method-content">
                  <a name="testArequestAPI(org.testng.TestRunner@1085b639, {TestCaseID=_S001, TestCaseName=_SanityChallenge_AReq_VISA_For_Verif...)">
                  </a> <!-- testArequestAPI(org.testng.TestRunner@1085b639, {TestCaseID=_S001, TestCaseName=_SanityChallenge_AReq_VISA_For_Verif...) -->
                  <span class="method-name">testArequestAPI</span>
                  <span class="parameters">(org.testng.TestRunner@1085b639, {TestCaseID=_S001, TestCaseName=_SanityChallenge_AReq_VISA_For_Verify_TC001, SanityFlag=Y, Test Case type=P, RequirementID=, FieldName=, Expected-cardholderInfo=NA, Expected-creq=G, Expected-transStatusReason=NA, Expected-authenticationValue=NA, Expected-authenticationType=G, Expected-acsURL=G, Expected-acsOperatorID=ACS_OPERATOR_ID, Expected-acsChallengeMandated=G, Expected-callerTxnRefID=G, Expected-threeDSServerTransID=G, Expected-dsTransID=G, Expected-acsTransID=G, Expected-eci=NA, Expected-messageType=ARes, Expected-dsName=visa, Expected-messageVersion=2.1.0, Expected-dsReferenceNumber=CADS, Expected-acsReferenceNumber=ABCDEF987654321, Expected-transStatus=C, Expected-errorCode=NA, Expected-errorComponent=NA, Expected-errorDescription=NA, Expected-errorDetail=NA, #browserJavascriptEnabled#=true, #challengeWindowSize#=04, #callerTxnRefID#=341b7153-da86-4543-860f-2ba47f0168a5, #caMerchantID#=MTD000000, #acctID#=ACCTID98X3fw3, #chAccAgeInd#=02, #chAccChange#=20180928, #chAccChangeInd#=02, #chAccDate#=20180928, #chAccPwChange#=20180901, #chAccPwChangeInd#=01, #nbPurchaseAccount#=8, #paymentAccAge#=20180808, #paymentAccInd#=01, #provisionAttemptsDay#=1, #shipAddressUsage#=20180910, #shipAddressUsageInd#=03, #shipNameIndicator#=01, #suspiciousAccActivity#=01, #txnActivityDay#=5, #txnActivityYear#=8, #acctNumber#=7baLwVsvt5uXuVG0qvgpAlTuab3zxrLi4etiUy5qvntg+ADqJPeZCKy/69Ww7/9ITmT9ah7PemYJQGLSkzCNfWKW+6fdJEo5IKNULs4lD8i0Dxqx8dezuPGAzBmSQKLvmX2iKhJcADPBn838rQtBo5B0eph6lhmDiOh8PDWwA/NOk7o7ujiqoTAiaTTM0QDWo52n3YI2P7KfE8qQUR9MSYmVXdFgJ9qZ1uWqGdOtXXYX9zRnvuvE+TH5qG1BvUiUgdwQEz/AZDfB3EdGDLS70QBcD+a0JEgDXd8Uw2xfocQXFKB+orVj0eiFt+fnqdfXedWSX8bbko809DaeyeEriA==, #acctType#=01, #addrMatch#=Y, #billAddrCity#=San Jose, #billAddrCountry#=840, #billAddrLine1#=500 West Maude Ave, #billAddrLine2#=ABC, #billAddrLine3#=HMS, #billAddrPostCode#=95101, #billAddrState#=CA, #browserAcceptHeader#=text/html,application/xhtml+xml,application/xml;q=0.9,image/webp,image/apng,*/*;q=0.8, #browserColorDepth#=24, #browserIP#=155.35.122.4, #browserJavaEnabled#=true, #browserLanguage#=en-US, #browserScreenHeight#=720, #browserScreenWidth#=1280, #browserTZ#=-330, #browserUserAgent#=Mozilla/5.0 (Windows NT 10.0; Win64; x64) AppleWebKit/537.36 (KHTML, like Gecko) Chrome/68.0.3440.84 Safari/537.36, #cardExpiryDate#=2008, #cardholderName#=Stephen, #deviceChannel#=02, #email#=harsh08@ca.com, #hcc#=1, #hsubscriber#=1234567899, #messageCategory#=01, #messageType#=AReq, #messageVersion#=2.1.0, #mcc#=1, #msubscriber#=1234567899, #notificationURL#=http://localhost:9090/golfstore2/CreqNotification.jsp, #purchaseAmount#=300, #purchaseCurrency#=840, #purchaseDate#=20180928160450, #purchaseExponent#=2, #recurringExpiry#=#REMOVE#, #recurringFrequency#=#REMOVE#, #shipAddrCity#=San Jose, #shipAddrCountry#=840, #shipAddrLine1#=500 West Maude Ave, #shipAddrLine2#=ABC, #shipAddrLine3#=HMS, #shipAddrPostCode#=95101, #shipAddrState#=CA, #threeDSCompInd#=Y, #threeDSServerTransID#=, #wcc#=1, #wsubscriber#=1234567899, #threeDSRequestorAuthenticationInd#=01, #threeDSReqAuthData#=3DS PA Request, #threeDSReqAuthMethod#=02, #threeDSReqAuthTimestamp#=201809281603, #threeDSRequestorChallengeInd#=01, #threeDSRequestorID#=611, #threeDSRequestorName#=ew0KCSJEViI6ICIxLjAiLA0KCSJERCI6Iaa45, #threeDSReqPriorAuthData#=three DS Request Prior Authentication Data, #threeDSReqPriorAuthMethod#=01, #threeDSReqPriorAuthTimestamp#=201810010323, #threeDSReqPriorRef#=4c6453da-4c56-4980-98cd-d04a064899c4, #threeDSRequestorURL#=http://10.131.94.242:1080/content-server/api/tds2/txn/browser/v1/tds-method, #threeDSServerRefNumber#=AAAAAA123456789, #threeDSServerOperatorID#=serverOperatorID, #threeDSServerURL#=http://10.138.158.51:9608, #acquirerBIN#=123456, #acquirerMerchantID#=AcquirerMerchantID222, #payTokenInd#=true, #purchaseInstalData#=#REMOVE#, #mcc1#=0742, #merchantCountryCode#=840, #merchantName#=global, #deliveryEmailAddress#=harsh08@ca.com, #deliveryTimeframe#=01, #giftCardAmount#=500, #giftCardCount#=02, #giftCardCurr#=840, #preOrderDate#=20200803, #preOrderPurchaseInd#=01, #reorderItemsInd#=01, #shipIndicator#=01, #criticalityIndicator#=false, #id#=ID2018SEP282001, #name#=ShashishekharHM, #transType#=01, #threeDSRequestorAuthenticationInfo#=, #threeDSRequestorPriorAuthenticationInfo#=, #broadInfo#=, #broadInfoValue#=broadInfoValue, #acctInfo#=, #homePhone#=, #mobilePhone#=, #workPhone#=, #merchantRiskIndicator#=, #messageExtension#=, #Dvalue#=HMS, #Dvalue1#=HMS, #Dvalue2#=HMS})</span>
                  <div class="stack-trace">java.lang.AssertionError: The following asserts failed:
	expected [CADS] but found [DsReferenceNumber],
	expected [ABCDEF987654321] but found [DsReferenceNumber],
	expected [C] but found [U]
	at com.ca.tds.main.TDSPreAreq_TC.testArequestAPI(TDSPreAreq_TC.java:130)
	at java.util.concurrent.ThreadPoolExecutor.runWorker(ThreadPoolExecutor.java:1149)
	at java.util.concurrent.ThreadPoolExecutor$Worker.run(ThreadPoolExecutor.java:624)
	at java.lang.Thread.run(Thread.java:748)
... Removed 11 stack frames
</div> <!-- stack-trace -->
                </div> <!-- method-content -->
              </div> <!-- method -->
            </div> <!-- main-panel-content rounded-window-bottom -->
          </div> <!-- suite-SanityChallengeflowMethodurl-class-failed -->
          <div class="suite-SanityChallengeflowMethodurl-class-failed">
            <div class="main-panel-header rounded-window-top">
              <img src="failed.png"/>
              <span class="class-name">com.ca.tds.main.TDSVerifyAPI_TC</span>
            </div> <!-- main-panel-header rounded-window-top -->
            <div class="main-panel-content rounded-window-bottom">
              <div class="method">
                <div class="method-content">
                  <a name="testArequestAPI(org.testng.TestRunner@51f918e5, {TestCaseID=_S001, TestCaseName=_SanityChallenge_Sample Valid Verify...)">
                  </a> <!-- testArequestAPI(org.testng.TestRunner@51f918e5, {TestCaseID=_S001, TestCaseName=_SanityChallenge_Sample Valid Verify...) -->
                  <span class="method-name">testArequestAPI</span>
                  <span class="parameters">(org.testng.TestRunner@51f918e5, {TestCaseID=_S001, TestCaseName=_SanityChallenge_Sample Valid Verify Request, SanityFlag=Y, Test Case type=P, RequirementID=, FieldName=, Expected-threeDSServerTransID=G, Expected-callerTxnRefID=G, Expected-eci=G, Expected-authenticationValue=G, Expected-transStatus=G, Expected-transStatusReason=G, Expected-challengeCancel=G, Expected-resultsStatus=G, Expected-authenticationType=G, Expected-interactionCounter=G, Expected-messageType=RSRs, Expected-XID=G, Expected-errorCode=NA, Expected-errorComponent=NA, Expected-errorDescription=NA, Expected-errorDetail=NA, #threeDSServerTransID#=, #callerTxnRefID#=341b7153-da86-4543-860f-2ba47f0168a5, #cres#=, #messageType#=RSRq, #caMerchantID#=CA_EU, #transStatus#=Y})</span>
                  <div class="stack-trace">java.lang.AssertionError: null
	at com.ca.tds.main.TDSVerifyAPI_TC.testArequestAPI(TDSVerifyAPI_TC.java:45)
	at java.util.concurrent.ThreadPoolExecutor.runWorker(ThreadPoolExecutor.java:1149)
	at java.util.concurrent.ThreadPoolExecutor$Worker.run(ThreadPoolExecutor.java:624)
	at java.lang.Thread.run(Thread.java:748)
... Removed 12 stack frames
</div> <!-- stack-trace -->
                </div> <!-- method-content -->
              </div> <!-- method -->
              <div class="method">
                <div class="method-content">
                  <a name="testArequestAPI(org.testng.TestRunner@810acbb, {TestCaseID=_S001, TestCaseName=_SanityChallenge_Sample Valid Verify ...)">
                  </a> <!-- testArequestAPI(org.testng.TestRunner@810acbb, {TestCaseID=_S001, TestCaseName=_SanityChallenge_Sample Valid Verify ...) -->
                  <span class="method-name">testArequestAPI</span>
                  <span class="parameters">(org.testng.TestRunner@810acbb, {TestCaseID=_S001, TestCaseName=_SanityChallenge_Sample Valid Verify Request, SanityFlag=Y, Test Case type=P, RequirementID=, FieldName=, Expected-threeDSServerTransID=G, Expected-callerTxnRefID=G, Expected-eci=G, Expected-authenticationValue=G, Expected-transStatus=G, Expected-transStatusReason=G, Expected-challengeCancel=G, Expected-resultsStatus=G, Expected-authenticationType=G, Expected-interactionCounter=G, Expected-messageType=RSRs, Expected-XID=G, Expected-errorCode=NA, Expected-errorComponent=NA, Expected-errorDescription=NA, Expected-errorDetail=NA, #threeDSServerTransID#=, #callerTxnRefID#=341b7153-da86-4543-860f-2ba47f0168a5, #cres#=, #messageType#=RSRq, #caMerchantID#=CA_EU, #transStatus#=Y})</span>
                  <div class="stack-trace">java.lang.AssertionError: null
	at com.ca.tds.main.TDSVerifyAPI_TC.testArequestAPI(TDSVerifyAPI_TC.java:45)
	at java.util.concurrent.ThreadPoolExecutor.runWorker(ThreadPoolExecutor.java:1149)
	at java.util.concurrent.ThreadPoolExecutor$Worker.run(ThreadPoolExecutor.java:624)
	at java.lang.Thread.run(Thread.java:748)
... Removed 12 stack frames
</div> <!-- stack-trace -->
                </div> <!-- method-content -->
              </div> <!-- method -->
              <div class="method">
                <div class="method-content">
                  <a name="testArequestAPI(org.testng.TestRunner@74d53b10, {TestCaseID=_S001, TestCaseName=_SanityChallenge_Sample Valid Verify...)">
                  </a> <!-- testArequestAPI(org.testng.TestRunner@74d53b10, {TestCaseID=_S001, TestCaseName=_SanityChallenge_Sample Valid Verify...) -->
                  <span class="method-name">testArequestAPI</span>
                  <span class="parameters">(org.testng.TestRunner@74d53b10, {TestCaseID=_S001, TestCaseName=_SanityChallenge_Sample Valid Verify Request, SanityFlag=Y, Test Case type=P, RequirementID=, FieldName=, Expected-threeDSServerTransID=G, Expected-callerTxnRefID=G, Expected-eci=G, Expected-authenticationValue=G, Expected-transStatus=G, Expected-transStatusReason=G, Expected-challengeCancel=G, Expected-resultsStatus=G, Expected-authenticationType=G, Expected-interactionCounter=G, Expected-messageType=RSRs, Expected-XID=G, Expected-errorCode=NA, Expected-errorComponent=NA, Expected-errorDescription=NA, Expected-errorDetail=NA, #threeDSServerTransID#=, #callerTxnRefID#=341b7153-da86-4543-860f-2ba47f0168a5, #cres#=, #messageType#=RSRq, #caMerchantID#=CA_EU, #transStatus#=Y})</span>
                  <div class="stack-trace">java.lang.AssertionError: null
	at com.ca.tds.main.TDSVerifyAPI_TC.testArequestAPI(TDSVerifyAPI_TC.java:45)
	at java.util.concurrent.ThreadPoolExecutor.runWorker(ThreadPoolExecutor.java:1149)
	at java.util.concurrent.ThreadPoolExecutor$Worker.run(ThreadPoolExecutor.java:624)
	at java.lang.Thread.run(Thread.java:748)
... Removed 12 stack frames
</div> <!-- stack-trace -->
                </div> <!-- method-content -->
              </div> <!-- method -->
            </div> <!-- main-panel-content rounded-window-bottom -->
          </div> <!-- suite-SanityChallengeflowMethodurl-class-failed -->
          <div class="suite-SanityChallengeflowMethodurl-class-passed">
            <div class="main-panel-header rounded-window-top">
              <img src="passed.png"/>
              <span class="class-name">com.ca.tds.main.TDSMethodURL_TC</span>
            </div> <!-- main-panel-header rounded-window-top -->
            <div class="main-panel-content rounded-window-bottom">
              <div class="method">
                <div class="method-content">
                  <a name="testArequestAPI(org.testng.TestRunner@69ecbef0, {TestCaseID=_S001, TestCaseName=_SanityChallenge_AMEX_For_Verify_TC0...)">
                  </a> <!-- testArequestAPI(org.testng.TestRunner@69ecbef0, {TestCaseID=_S001, TestCaseName=_SanityChallenge_AMEX_For_Verify_TC0...) -->
                  <span class="method-name">testArequestAPI</span>
                  <span class="parameters">(org.testng.TestRunner@69ecbef0, {TestCaseID=_S001, TestCaseName=_SanityChallenge_AMEX_For_Verify_TC001, SanityFlag=Y, Test Case type=P, RequirementID=, Expected-messageType=ThreeDSMethodURLRes, Expected-callerTxnRefID=G, Expected-messageVersion=2.1.0, Expected-threeDSServerTransID=G, Expected-threeDSMethodURL=G, #acctNumber#=wg2T1yuQgrz1a4x4vyV0LuSoVIMobbSuYGcS1JHozKzuWMFUBDEt3gJWiPn6MFm5bsNkj9Nl+tGqWZGZzdqAg4Uf4nWJYoH6IiPaOkLXsqhICrVuRWpchtpVWYiRba2Vw98lgZmE1Qhc0ZohDBiam29xOGM85GpMrOk84BDHMJ5SeEbv21bXxP/UWGgkKEbuetHynMfF91NDL6FBwMe8o35sMWdwks3ny+v+OekFNwImZS6qyFoQVsFs+xwiu2SafN1K5O1DxL+4bdLVxTbiXwiO41iPnSUsLU/JN0HgtN7b3/cJR5mR96KYfB6eBvVPq/j6jw2LzDuPKHZ39DkPSA=, #caMerchantID#=CA_EU, #callerTxnRefID#=341b7153-da86-4543-860f-2ba47f0168a5, #messageType#=ThreeDSMethodURLReq})</span>
                </div> <!-- method-content -->
              </div> <!-- method -->
              <div class="method">
                <div class="method-content">
                  <a name="testArequestAPI(org.testng.TestRunner@1f502ed2, {TestCaseID=_S001, TestCaseName=_SanityChallenge_VISA_For_Verify_TC0...)">
                  </a> <!-- testArequestAPI(org.testng.TestRunner@1f502ed2, {TestCaseID=_S001, TestCaseName=_SanityChallenge_VISA_For_Verify_TC0...) -->
                  <span class="method-name">testArequestAPI</span>
                  <span class="parameters">(org.testng.TestRunner@1f502ed2, {TestCaseID=_S001, TestCaseName=_SanityChallenge_VISA_For_Verify_TC001, SanityFlag=Y, Test Case type=P, RequirementID=, Expected-messageType=ThreeDSMethodURLRes, Expected-callerTxnRefID=G, Expected-messageVersion=2.1.0, Expected-threeDSServerTransID=G, Expected-threeDSMethodURL=G, #acctNumber#=7baLwVsvt5uXuVG0qvgpAlTuab3zxrLi4etiUy5qvntg+ADqJPeZCKy/69Ww7/9ITmT9ah7PemYJQGLSkzCNfWKW+6fdJEo5IKNULs4lD8i0Dxqx8dezuPGAzBmSQKLvmX2iKhJcADPBn838rQtBo5B0eph6lhmDiOh8PDWwA/NOk7o7ujiqoTAiaTTM0QDWo52n3YI2P7KfE8qQUR9MSYmVXdFgJ9qZ1uWqGdOtXXYX9zRnvuvE+TH5qG1BvUiUgdwQEz/AZDfB3EdGDLS70QBcD+a0JEgDXd8Uw2xfocQXFKB+orVj0eiFt+fnqdfXedWSX8bbko809DaeyeEriA==, #caMerchantID#=CA_EU, #callerTxnRefID#=341b7153-da86-4543-860f-2ba47f0168a5, #messageType#=ThreeDSMethodURLReq})</span>
                </div> <!-- method-content -->
              </div> <!-- method -->
            </div> <!-- main-panel-content rounded-window-bottom -->
          </div> <!-- suite-SanityChallengeflowMethodurl-class-passed -->
        </div> <!-- panel SanityChallengeflowMethodurl -->
        <div panel-name="suite-3DSSAllFlowsPreview" class="panel 3DSSAllFlowsPreview">
        </div> <!-- panel 3DSSAllFlowsPreview -->
        <div panel-name="test-xml-SanityFrictionLess" class="panel">
          <div class="main-panel-header rounded-window-top">
            <span class="header-content">C:\AutomationTDS\TDSAutomation\xmlfiles\3DS_SanityFrictionlessFlow.xml</span>
          </div> <!-- main-panel-header rounded-window-top -->
          <div class="main-panel-content rounded-window-bottom">
            <pre>
&lt;?xml version=&quot;1.0&quot; encoding=&quot;UTF-8&quot;?&gt;
&lt;!DOCTYPE suite SYSTEM &quot;http://testng.org/testng-1.0.dtd&quot;&gt;
&lt;suite thread-count=&quot;3&quot; guice-stage=&quot;DEVELOPMENT&quot; name=&quot;SanityFrictionLess&quot; parallel=&quot;classes&quot; group-by-instances=&quot;true&quot;&gt;
  &lt;parameter name=&quot;TDSExcelFileE&quot; value=&quot;data/3DS_SanityEncryptedCardTestData.xlsx&quot;/&gt;
  &lt;parameter name=&quot;TDSExcelFileC&quot; value=&quot;data/3DS_SanityClearCardTestData.xlsx&quot;/&gt;
  &lt;test thread-count=&quot;3&quot; name=&quot;AMEX::Clear Card::Browser::AReq flow&quot; parallel=&quot;classes&quot; group-by-instances=&quot;true&quot;&gt;
    &lt;parameter name=&quot;ReportTitle&quot; value=&quot;3DSAutomationReportOfBrowser&quot;/&gt;
    &lt;parameter name=&quot;ExcelSheetVerify&quot; value=&quot;2_AAREQ&quot;/&gt;
    &lt;classes&gt;
      &lt;class name=&quot;com.ca.tds.main.TDSPreAreq_TC&quot;/&gt;
    &lt;/classes&gt;
  &lt;/test&gt; &lt;!-- AMEX::Clear Card::Browser::AReq flow --&gt;
  &lt;test thread-count=&quot;3&quot; name=&quot;MASTERC::Clear Card::Browser::AReq flow&quot; parallel=&quot;classes&quot; group-by-instances=&quot;true&quot;&gt;
    &lt;parameter name=&quot;ReportTitle&quot; value=&quot;3DSAutomationReportOfBrowser&quot;/&gt;
    &lt;parameter name=&quot;ExcelSheetVerify&quot; value=&quot;2_MAREQ&quot;/&gt;
    &lt;classes&gt;
      &lt;class name=&quot;com.ca.tds.main.TDSPreAreq_TC&quot;/&gt;
    &lt;/classes&gt;
  &lt;/test&gt; &lt;!-- MASTERC::Clear Card::Browser::AReq flow --&gt;
  &lt;test thread-count=&quot;3&quot; name=&quot;VISA::Clear Card::Browser::AReq flow&quot; parallel=&quot;classes&quot; group-by-instances=&quot;true&quot;&gt;
    &lt;parameter name=&quot;ReportTitle&quot; value=&quot;3DSAutomationReportOfBrowser&quot;/&gt;
    &lt;parameter name=&quot;ExcelSheetVerify&quot; value=&quot;2_VAREQ&quot;/&gt;
    &lt;classes&gt;
      &lt;class name=&quot;com.ca.tds.main.TDSPreAreq_TC&quot;/&gt;
    &lt;/classes&gt;
  &lt;/test&gt; &lt;!-- VISA::Clear Card::Browser::AReq flow --&gt;
&lt;/suite&gt; &lt;!-- SanityFrictionLess --&gt;
            </pre>
          </div> <!-- main-panel-content rounded-window-bottom -->
        </div> <!-- panel -->
        <div panel-name="test-xml-SanityChallengeflow" class="panel">
          <div class="main-panel-header rounded-window-top">
            <span class="header-content">C:\AutomationTDS\TDSAutomation\xmlfiles\3DS_SanityChallengeFlow.xml</span>
          </div> <!-- main-panel-header rounded-window-top -->
          <div class="main-panel-content rounded-window-bottom">
            <pre>
&lt;?xml version=&quot;1.0&quot; encoding=&quot;UTF-8&quot;?&gt;
&lt;!DOCTYPE suite SYSTEM &quot;http://testng.org/testng-1.0.dtd&quot;&gt;
&lt;suite guice-stage=&quot;DEVELOPMENT&quot; name=&quot;SanityChallengeflow&quot; parallel=&quot;instances&quot; group-by-instances=&quot;true&quot;&gt;
  &lt;parameter name=&quot;TDSExcelFileE&quot; value=&quot;data/3DS_SanityEncryptedCardTestData.xlsx&quot;/&gt;
  &lt;parameter name=&quot;TDSExcelFileC&quot; value=&quot;data/3DS_SanityClearCardTestData.xlsx&quot;/&gt;
  &lt;test thread-count=&quot;5&quot; name=&quot;AMEX::Clear Card::Browser::AReq flow&quot; parallel=&quot;instances&quot; group-by-instances=&quot;true&quot;&gt;
    &lt;parameter name=&quot;ReportTitle&quot; value=&quot;3DSAutomationReportOfBrowser&quot;/&gt;
    &lt;parameter name=&quot;ExcelSheetVerify&quot; value=&quot;4_AAREQ_V&quot;/&gt;
    &lt;classes&gt;
      &lt;class name=&quot;com.ca.tds.main.TDSPreAreq_TC&quot;/&gt;
    &lt;/classes&gt;
  &lt;/test&gt; &lt;!-- AMEX::Clear Card::Browser::AReq flow --&gt;
  &lt;test thread-count=&quot;5&quot; name=&quot;AMEX::Clear Card::Browser::RReq flow&quot; parallel=&quot;instances&quot; group-by-instances=&quot;true&quot;&gt;
    &lt;parameter name=&quot;ReportTitle&quot; value=&quot;3DSAutomationReportOfBrowser&quot;/&gt;
    &lt;parameter name=&quot;ExcelSheetVerify&quot; value=&quot;4_RREQ&quot;/&gt;
    &lt;classes&gt;
      &lt;class name=&quot;com.ca.tds.main.TDSRReq_TC&quot;/&gt;
    &lt;/classes&gt;
  &lt;/test&gt; &lt;!-- AMEX::Clear Card::Browser::RReq flow --&gt;
  &lt;test thread-count=&quot;5&quot; name=&quot;AMEX::Clear Card::Browser::VerifyAPI flow&quot; parallel=&quot;instances&quot; group-by-instances=&quot;true&quot;&gt;
    &lt;parameter name=&quot;ReportTitle&quot; value=&quot;3DSAutomationReportOfBrowser&quot;/&gt;
    &lt;parameter name=&quot;ExcelSheetVerify&quot; value=&quot;4_VERIFY&quot;/&gt;
    &lt;classes&gt;
      &lt;class name=&quot;com.ca.tds.main.TDSVerifyAPI_TC&quot;/&gt;
    &lt;/classes&gt;
  &lt;/test&gt; &lt;!-- AMEX::Clear Card::Browser::VerifyAPI flow --&gt;
  &lt;test thread-count=&quot;5&quot; name=&quot;MasterCard::Clear Card::Browser::AReq flow&quot; parallel=&quot;instances&quot; group-by-instances=&quot;true&quot;&gt;
    &lt;parameter name=&quot;ReportTitle&quot; value=&quot;3DSAutomationReportOfBrowser&quot;/&gt;
    &lt;parameter name=&quot;ExcelSheetVerify&quot; value=&quot;4_MAREQ_V&quot;/&gt;
    &lt;classes&gt;
      &lt;class name=&quot;com.ca.tds.main.TDSPreAreq_TC&quot;/&gt;
    &lt;/classes&gt;
  &lt;/test&gt; &lt;!-- MasterCard::Clear Card::Browser::AReq flow --&gt;
  &lt;test thread-count=&quot;5&quot; name=&quot;MasterCard::Clear Card::Browser::RReq flow&quot; parallel=&quot;instances&quot; group-by-instances=&quot;true&quot;&gt;
    &lt;parameter name=&quot;ReportTitle&quot; value=&quot;3DSAutomationReportOfBrowser&quot;/&gt;
    &lt;parameter name=&quot;ExcelSheetVerify&quot; value=&quot;4_RREQ&quot;/&gt;
    &lt;classes&gt;
      &lt;class name=&quot;com.ca.tds.main.TDSRReq_TC&quot;/&gt;
    &lt;/classes&gt;
  &lt;/test&gt; &lt;!-- MasterCard::Clear Card::Browser::RReq flow --&gt;
  &lt;test thread-count=&quot;5&quot; name=&quot;MasterCard::Clear Card::Browser::VerifyAPI flow&quot; parallel=&quot;instances&quot; group-by-instances=&quot;true&quot;&gt;
    &lt;parameter name=&quot;ReportTitle&quot; value=&quot;3DSAutomationReportOfBrowser&quot;/&gt;
    &lt;parameter name=&quot;ExcelSheetVerify&quot; value=&quot;4_VERIFY&quot;/&gt;
    &lt;classes&gt;
      &lt;class name=&quot;com.ca.tds.main.TDSVerifyAPI_TC&quot;/&gt;
    &lt;/classes&gt;
  &lt;/test&gt; &lt;!-- MasterCard::Clear Card::Browser::VerifyAPI flow --&gt;
  &lt;test thread-count=&quot;5&quot; name=&quot;Visa::Clear Card::Browser::AReq flow&quot; parallel=&quot;instances&quot; group-by-instances=&quot;true&quot;&gt;
    &lt;parameter name=&quot;ReportTitle&quot; value=&quot;3DSAutomationReportOfBrowser&quot;/&gt;
    &lt;parameter name=&quot;ExcelSheetVerify&quot; value=&quot;4_VAREQ_V&quot;/&gt;
    &lt;classes&gt;
      &lt;class name=&quot;com.ca.tds.main.TDSPreAreq_TC&quot;/&gt;
    &lt;/classes&gt;
  &lt;/test&gt; &lt;!-- Visa::Clear Card::Browser::AReq flow --&gt;
  &lt;test thread-count=&quot;5&quot; name=&quot;VISA::Clear Card::Browser::RReq flow&quot; parallel=&quot;instances&quot; group-by-instances=&quot;true&quot;&gt;
    &lt;parameter name=&quot;ReportTitle&quot; value=&quot;3DSAutomationReportOfBrowser&quot;/&gt;
    &lt;parameter name=&quot;ExcelSheetVerify&quot; value=&quot;4_RREQ&quot;/&gt;
    &lt;classes&gt;
      &lt;class name=&quot;com.ca.tds.main.TDSRReq_TC&quot;/&gt;
    &lt;/classes&gt;
  &lt;/test&gt; &lt;!-- VISA::Clear Card::Browser::RReq flow --&gt;
  &lt;test thread-count=&quot;5&quot; name=&quot;VISA::Clear Card::Browser::VerifyAPI flow&quot; parallel=&quot;instances&quot; group-by-instances=&quot;true&quot;&gt;
    &lt;parameter name=&quot;ReportTitle&quot; value=&quot;3DSAutomationReportOfBrowser&quot;/&gt;
    &lt;parameter name=&quot;ExcelSheetVerify&quot; value=&quot;4_VERIFY&quot;/&gt;
    &lt;classes&gt;
      &lt;class name=&quot;com.ca.tds.main.TDSVerifyAPI_TC&quot;/&gt;
    &lt;/classes&gt;
  &lt;/test&gt; &lt;!-- VISA::Clear Card::Browser::VerifyAPI flow --&gt;
&lt;/suite&gt; &lt;!-- SanityChallengeflow --&gt;
            </pre>
          </div> <!-- main-panel-content rounded-window-bottom -->
        </div> <!-- panel -->
        <div panel-name="test-xml-SanityFrictionLessMethodurl" class="panel">
          <div class="main-panel-header rounded-window-top">
            <span class="header-content">C:\AutomationTDS\TDSAutomation\xmlfiles\3DS_SanityFrictionlessMethodurl.xml</span>
          </div> <!-- main-panel-header rounded-window-top -->
          <div class="main-panel-content rounded-window-bottom">
            <pre>
&lt;?xml version=&quot;1.0&quot; encoding=&quot;UTF-8&quot;?&gt;
&lt;!DOCTYPE suite SYSTEM &quot;http://testng.org/testng-1.0.dtd&quot;&gt;
&lt;suite thread-count=&quot;2&quot; guice-stage=&quot;DEVELOPMENT&quot; name=&quot;SanityFrictionLessMethodurl&quot; parallel=&quot;methods&quot; group-by-instances=&quot;true&quot;&gt;
  &lt;parameter name=&quot;TDSExcelFileE&quot; value=&quot;data/3DS_SanityEncryptedCardTestData.xlsx&quot;/&gt;
  &lt;parameter name=&quot;TDSExcelFileC&quot; value=&quot;data/3DS_SanityClearCardTestData.xlsx&quot;/&gt;
  &lt;test thread-count=&quot;2&quot; name=&quot;AMEX::Clear Card::Browser::ThreeDSMethodURL flow&quot; parallel=&quot;methods&quot; group-by-instances=&quot;true&quot;&gt;
    &lt;parameter name=&quot;ReportTitle&quot; value=&quot;3DSAutomationReportOfBrowser&quot;/&gt;
    &lt;parameter name=&quot;ExcelSheetVerify&quot; value=&quot;2_AMURL&quot;/&gt;
    &lt;classes&gt;
      &lt;class name=&quot;com.ca.tds.main.TDSMethodURL_TC&quot;/&gt;
    &lt;/classes&gt;
  &lt;/test&gt; &lt;!-- AMEX::Clear Card::Browser::ThreeDSMethodURL flow --&gt;
  &lt;test thread-count=&quot;2&quot; name=&quot;AMEX::Clear Card::Browser::AReq flow&quot; parallel=&quot;methods&quot; group-by-instances=&quot;true&quot;&gt;
    &lt;parameter name=&quot;ReportTitle&quot; value=&quot;3DSAutomationReportOfBrowser&quot;/&gt;
    &lt;parameter name=&quot;ExcelSheetVerify&quot; value=&quot;2_AAREQ&quot;/&gt;
    &lt;classes&gt;
      &lt;class name=&quot;com.ca.tds.main.TDSPreAreq_TC&quot;/&gt;
    &lt;/classes&gt;
  &lt;/test&gt; &lt;!-- AMEX::Clear Card::Browser::AReq flow --&gt;
  &lt;test thread-count=&quot;2&quot; name=&quot;MASTERC::Clear Card::Browser::ThreeDSMethodURL flow&quot; parallel=&quot;methods&quot; group-by-instances=&quot;true&quot;&gt;
    &lt;parameter name=&quot;ReportTitle&quot; value=&quot;3DSAutomationReportOfBrowser&quot;/&gt;
    &lt;parameter name=&quot;ExcelSheetVerify&quot; value=&quot;2_MMURL&quot;/&gt;
    &lt;classes&gt;
      &lt;class name=&quot;com.ca.tds.main.TDSMethodURL_TC&quot;/&gt;
    &lt;/classes&gt;
  &lt;/test&gt; &lt;!-- MASTERC::Clear Card::Browser::ThreeDSMethodURL flow --&gt;
  &lt;test thread-count=&quot;2&quot; name=&quot;MASTERC::Clear Card::Browser::AReq flow&quot; parallel=&quot;methods&quot; group-by-instances=&quot;true&quot;&gt;
    &lt;parameter name=&quot;ReportTitle&quot; value=&quot;3DSAutomationReportOfBrowser&quot;/&gt;
    &lt;parameter name=&quot;ExcelSheetVerify&quot; value=&quot;2_MAREQ&quot;/&gt;
    &lt;classes&gt;
      &lt;class name=&quot;com.ca.tds.main.TDSPreAreq_TC&quot;/&gt;
    &lt;/classes&gt;
  &lt;/test&gt; &lt;!-- MASTERC::Clear Card::Browser::AReq flow --&gt;
  &lt;test thread-count=&quot;2&quot; name=&quot;VISA::Clear Card::Browser::ThreeDSMethodURL flow&quot; parallel=&quot;methods&quot; group-by-instances=&quot;true&quot;&gt;
    &lt;parameter name=&quot;ReportTitle&quot; value=&quot;3DSAutomationReportOfBrowser&quot;/&gt;
    &lt;parameter name=&quot;ExcelSheetVerify&quot; value=&quot;2_VMURL&quot;/&gt;
    &lt;classes&gt;
      &lt;class name=&quot;com.ca.tds.main.TDSMethodURL_TC&quot;/&gt;
    &lt;/classes&gt;
  &lt;/test&gt; &lt;!-- VISA::Clear Card::Browser::ThreeDSMethodURL flow --&gt;
  &lt;test thread-count=&quot;2&quot; name=&quot;VISA::Clear Card::Browser::AReq flow&quot; parallel=&quot;methods&quot; group-by-instances=&quot;true&quot;&gt;
    &lt;parameter name=&quot;ReportTitle&quot; value=&quot;3DSAutomationReportOfBrowser&quot;/&gt;
    &lt;parameter name=&quot;ExcelSheetVerify&quot; value=&quot;2_VAREQ&quot;/&gt;
    &lt;classes&gt;
      &lt;class name=&quot;com.ca.tds.main.TDSPreAreq_TC&quot;/&gt;
    &lt;/classes&gt;
  &lt;/test&gt; &lt;!-- VISA::Clear Card::Browser::AReq flow --&gt;
&lt;/suite&gt; &lt;!-- SanityFrictionLessMethodurl --&gt;
            </pre>
          </div> <!-- main-panel-content rounded-window-bottom -->
        </div> <!-- panel -->
        <div panel-name="test-xml-SanityChallengeflowMethodurl" class="panel">
          <div class="main-panel-header rounded-window-top">
            <span class="header-content">C:\AutomationTDS\TDSAutomation\xmlfiles\3DS_SanityChallengeMethodurl.xml</span>
          </div> <!-- main-panel-header rounded-window-top -->
          <div class="main-panel-content rounded-window-bottom">
            <pre>
&lt;?xml version=&quot;1.0&quot; encoding=&quot;UTF-8&quot;?&gt;
&lt;!DOCTYPE suite SYSTEM &quot;http://testng.org/testng-1.0.dtd&quot;&gt;
&lt;suite thread-count=&quot;4&quot; guice-stage=&quot;DEVELOPMENT&quot; name=&quot;SanityChallengeflowMethodurl&quot; parallel=&quot;methods&quot; group-by-instances=&quot;true&quot;&gt;
  &lt;parameter name=&quot;TDSExcelFileE&quot; value=&quot;data/3DS_SanityEncryptedCardTestData.xlsx&quot;/&gt;
  &lt;parameter name=&quot;TDSExcelFileC&quot; value=&quot;data/3DS_SanityClearCardTestData.xlsx&quot;/&gt;
  &lt;test thread-count=&quot;4&quot; name=&quot;AMEX::Clear Card::Browser::ThreeDSMethodURL flow&quot; parallel=&quot;methods&quot; group-by-instances=&quot;true&quot;&gt;
    &lt;parameter name=&quot;ReportTitle&quot; value=&quot;3DSAutomationReportOfBrowser&quot;/&gt;
    &lt;parameter name=&quot;ExcelSheetVerify&quot; value=&quot;4_AMURL_V&quot;/&gt;
    &lt;classes&gt;
      &lt;class name=&quot;com.ca.tds.main.TDSMethodURL_TC&quot;/&gt;
    &lt;/classes&gt;
  &lt;/test&gt; &lt;!-- AMEX::Clear Card::Browser::ThreeDSMethodURL flow --&gt;
  &lt;test thread-count=&quot;4&quot; name=&quot;AMEX::Clear Card::Browser::AReq flow&quot; parallel=&quot;methods&quot; group-by-instances=&quot;true&quot;&gt;
    &lt;parameter name=&quot;ReportTitle&quot; value=&quot;3DSAutomationReportOfBrowser&quot;/&gt;
    &lt;parameter name=&quot;ExcelSheetVerify&quot; value=&quot;4_AAREQ_V&quot;/&gt;
    &lt;classes&gt;
      &lt;class name=&quot;com.ca.tds.main.TDSPreAreq_TC&quot;/&gt;
    &lt;/classes&gt;
  &lt;/test&gt; &lt;!-- AMEX::Clear Card::Browser::AReq flow --&gt;
  &lt;test thread-count=&quot;4&quot; name=&quot;AMEX::Clear Card::Browser::RReq flow&quot; parallel=&quot;methods&quot; group-by-instances=&quot;true&quot;&gt;
    &lt;parameter name=&quot;ReportTitle&quot; value=&quot;3DSAutomationReportOfBrowser&quot;/&gt;
    &lt;parameter name=&quot;ExcelSheetVerify&quot; value=&quot;4_RREQ&quot;/&gt;
    &lt;classes&gt;
      &lt;class name=&quot;com.ca.tds.main.TDSRReq_TC&quot;/&gt;
    &lt;/classes&gt;
  &lt;/test&gt; &lt;!-- AMEX::Clear Card::Browser::RReq flow --&gt;
  &lt;test thread-count=&quot;4&quot; name=&quot;AMEX::Clear Card::Browser::VerifyAPI flow&quot; parallel=&quot;methods&quot; group-by-instances=&quot;true&quot;&gt;
    &lt;parameter name=&quot;ReportTitle&quot; value=&quot;3DSAutomationReportOfBrowser&quot;/&gt;
    &lt;parameter name=&quot;ExcelSheetVerify&quot; value=&quot;4_VERIFY&quot;/&gt;
    &lt;classes&gt;
      &lt;class name=&quot;com.ca.tds.main.TDSVerifyAPI_TC&quot;/&gt;
    &lt;/classes&gt;
  &lt;/test&gt; &lt;!-- AMEX::Clear Card::Browser::VerifyAPI flow --&gt;
  &lt;test thread-count=&quot;4&quot; name=&quot;MasterCard::Clear Card::Browser::ThreeDSMethodURL flow&quot; parallel=&quot;methods&quot; group-by-instances=&quot;true&quot;&gt;
    &lt;parameter name=&quot;ReportTitle&quot; value=&quot;3DSAutomationReportOfBrowser&quot;/&gt;
    &lt;parameter name=&quot;ExcelSheetVerify&quot; value=&quot;4_MMURL_V&quot;/&gt;
    &lt;classes&gt;
      &lt;class name=&quot;com.ca.tds.main.TDSMethodURL_TC&quot;/&gt;
    &lt;/classes&gt;
  &lt;/test&gt; &lt;!-- MasterCard::Clear Card::Browser::ThreeDSMethodURL flow --&gt;
  &lt;test thread-count=&quot;4&quot; name=&quot;MasterCard::Clear Card::Browser::AReq flow&quot; parallel=&quot;methods&quot; group-by-instances=&quot;true&quot;&gt;
    &lt;parameter name=&quot;ReportTitle&quot; value=&quot;3DSAutomationReportOfBrowser&quot;/&gt;
    &lt;parameter name=&quot;ExcelSheetVerify&quot; value=&quot;4_MAREQ_V&quot;/&gt;
    &lt;classes&gt;
      &lt;class name=&quot;com.ca.tds.main.TDSPreAreq_TC&quot;/&gt;
    &lt;/classes&gt;
  &lt;/test&gt; &lt;!-- MasterCard::Clear Card::Browser::AReq flow --&gt;
  &lt;test thread-count=&quot;4&quot; name=&quot;MASTERCARD::Clear Card::Browser::RReq flow&quot; parallel=&quot;methods&quot; group-by-instances=&quot;true&quot;&gt;
    &lt;parameter name=&quot;ReportTitle&quot; value=&quot;3DSAutomationReportOfBrowser&quot;/&gt;
    &lt;parameter name=&quot;ExcelSheetVerify&quot; value=&quot;4_RREQ&quot;/&gt;
    &lt;classes&gt;
      &lt;class name=&quot;com.ca.tds.main.TDSRReq_TC&quot;/&gt;
    &lt;/classes&gt;
  &lt;/test&gt; &lt;!-- MASTERCARD::Clear Card::Browser::RReq flow --&gt;
  &lt;test thread-count=&quot;4&quot; name=&quot;MasterCard::Clear Card::Browser::VerifyAPI flow&quot; parallel=&quot;methods&quot; group-by-instances=&quot;true&quot;&gt;
    &lt;parameter name=&quot;ReportTitle&quot; value=&quot;3DSAutomationReportOfBrowser&quot;/&gt;
    &lt;parameter name=&quot;ExcelSheetVerify&quot; value=&quot;4_VERIFY&quot;/&gt;
    &lt;classes&gt;
      &lt;class name=&quot;com.ca.tds.main.TDSVerifyAPI_TC&quot;/&gt;
    &lt;/classes&gt;
  &lt;/test&gt; &lt;!-- MasterCard::Clear Card::Browser::VerifyAPI flow --&gt;
  &lt;test thread-count=&quot;4&quot; name=&quot;VISA::Clear Card::Browser::ThreeDSMethodURL flow&quot; parallel=&quot;methods&quot; group-by-instances=&quot;true&quot;&gt;
    &lt;parameter name=&quot;ReportTitle&quot; value=&quot;3DSAutomationReportOfBrowser&quot;/&gt;
    &lt;parameter name=&quot;ExcelSheetVerify&quot; value=&quot;4_VMURL_V&quot;/&gt;
    &lt;classes&gt;
      &lt;class name=&quot;com.ca.tds.main.TDSMethodURL_TC&quot;/&gt;
    &lt;/classes&gt;
  &lt;/test&gt; &lt;!-- VISA::Clear Card::Browser::ThreeDSMethodURL flow --&gt;
  &lt;test thread-count=&quot;4&quot; name=&quot;VISA::Clear Card::Browser::AReq flow&quot; parallel=&quot;methods&quot; group-by-instances=&quot;true&quot;&gt;
    &lt;parameter name=&quot;ReportTitle&quot; value=&quot;3DSAutomationReportOfBrowser&quot;/&gt;
    &lt;parameter name=&quot;ExcelSheetVerify&quot; value=&quot;4_VAREQ_V&quot;/&gt;
    &lt;classes&gt;
      &lt;class name=&quot;com.ca.tds.main.TDSPreAreq_TC&quot;/&gt;
    &lt;/classes&gt;
  &lt;/test&gt; &lt;!-- VISA::Clear Card::Browser::AReq flow --&gt;
  &lt;test thread-count=&quot;4&quot; name=&quot;VISA::Clear Card::Browser::RReq flow&quot; parallel=&quot;methods&quot; group-by-instances=&quot;true&quot;&gt;
    &lt;parameter name=&quot;ReportTitle&quot; value=&quot;3DSAutomationReportOfBrowser&quot;/&gt;
    &lt;parameter name=&quot;ExcelSheetVerify&quot; value=&quot;4_RREQ&quot;/&gt;
    &lt;classes&gt;
      &lt;class name=&quot;com.ca.tds.main.TDSRReq_TC&quot;/&gt;
    &lt;/classes&gt;
  &lt;/test&gt; &lt;!-- VISA::Clear Card::Browser::RReq flow --&gt;
  &lt;test thread-count=&quot;4&quot; name=&quot;VISA::Clear Card::Browser::VerifyAPI flow&quot; parallel=&quot;methods&quot; group-by-instances=&quot;true&quot;&gt;
    &lt;parameter name=&quot;ReportTitle&quot; value=&quot;3DSAutomationReportOfBrowser&quot;/&gt;
    &lt;parameter name=&quot;ExcelSheetVerify&quot; value=&quot;4_VERIFY&quot;/&gt;
    &lt;classes&gt;
      &lt;class name=&quot;com.ca.tds.main.TDSVerifyAPI_TC&quot;/&gt;
    &lt;/classes&gt;
  &lt;/test&gt; &lt;!-- VISA::Clear Card::Browser::VerifyAPI flow --&gt;
&lt;/suite&gt; &lt;!-- SanityChallengeflowMethodurl --&gt;
            </pre>
          </div> <!-- main-panel-content rounded-window-bottom -->
        </div> <!-- panel -->
        <div panel-name="test-xml-3DSSAllFlowsPreview" class="panel">
          <div class="main-panel-header rounded-window-top">
            <span class="header-content">C:\AutomationTDS\TDSAutomation\xmlfiles\3DS_AllFlows_preview.xml</span>
          </div> <!-- main-panel-header rounded-window-top -->
          <div class="main-panel-content rounded-window-bottom">
            <pre>
&lt;?xml version=&quot;1.0&quot; encoding=&quot;UTF-8&quot;?&gt;
&lt;!DOCTYPE suite SYSTEM &quot;http://testng.org/testng-1.0.dtd&quot;&gt;
&lt;suite guice-stage=&quot;DEVELOPMENT&quot; name=&quot;3DSSAllFlowsPreview&quot; parallel=&quot;instances&quot; group-by-instances=&quot;true&quot;&gt;
  &lt;suite-files&gt;
    &lt;suite-file path=&quot;3DS_SanityFrictionlessFlow.xml&quot;/&gt;
    &lt;suite-file path=&quot;3DS_SanityChallengeFlow.xml&quot;/&gt;
    &lt;suite-file path=&quot;3DS_SanityFrictionlessMethodurl.xml&quot;/&gt;
    &lt;suite-file path=&quot;3DS_SanityChallengeMethodurl.xml&quot;/&gt;
  &lt;/suite-files&gt;
&lt;/suite&gt; &lt;!-- 3DSSAllFlowsPreview --&gt;
            </pre>
          </div> <!-- main-panel-content rounded-window-bottom -->
        </div> <!-- panel -->
        <div panel-name="testlist-SanityFrictionLess" class="panel">
          <div class="main-panel-header rounded-window-top">
            <span class="header-content">Tests for SanityFrictionLess</span>
          </div> <!-- main-panel-header rounded-window-top -->
          <div class="main-panel-content rounded-window-bottom">
            <ul>
              <li>
                <span class="test-name">AMEX::Clear Card::Browser::AReq flow (1 class)</span>
              </li>
              <li>
                <span class="test-name">MASTERC::Clear Card::Browser::AReq flow (1 class)</span>
              </li>
              <li>
                <span class="test-name">VISA::Clear Card::Browser::AReq flow (1 class)</span>
              </li>
            </ul>
          </div> <!-- main-panel-content rounded-window-bottom -->
        </div> <!-- panel -->
        <div panel-name="testlist-SanityChallengeflow" class="panel">
          <div class="main-panel-header rounded-window-top">
            <span class="header-content">Tests for SanityChallengeflow</span>
          </div> <!-- main-panel-header rounded-window-top -->
          <div class="main-panel-content rounded-window-bottom">
            <ul>
              <li>
                <span class="test-name">AMEX::Clear Card::Browser::AReq flow (1 class)</span>
              </li>
              <li>
                <span class="test-name">AMEX::Clear Card::Browser::RReq flow (1 class)</span>
              </li>
              <li>
                <span class="test-name">AMEX::Clear Card::Browser::VerifyAPI flow (1 class)</span>
              </li>
              <li>
                <span class="test-name">MasterCard::Clear Card::Browser::AReq flow (1 class)</span>
              </li>
              <li>
                <span class="test-name">MasterCard::Clear Card::Browser::RReq flow (1 class)</span>
              </li>
              <li>
                <span class="test-name">MasterCard::Clear Card::Browser::VerifyAPI flow (1 class)</span>
              </li>
              <li>
                <span class="test-name">Visa::Clear Card::Browser::AReq flow (1 class)</span>
              </li>
              <li>
                <span class="test-name">VISA::Clear Card::Browser::RReq flow (1 class)</span>
              </li>
              <li>
                <span class="test-name">VISA::Clear Card::Browser::VerifyAPI flow (1 class)</span>
              </li>
            </ul>
          </div> <!-- main-panel-content rounded-window-bottom -->
        </div> <!-- panel -->
        <div panel-name="testlist-SanityFrictionLessMethodurl" class="panel">
          <div class="main-panel-header rounded-window-top">
            <span class="header-content">Tests for SanityFrictionLessMethodurl</span>
          </div> <!-- main-panel-header rounded-window-top -->
          <div class="main-panel-content rounded-window-bottom">
            <ul>
              <li>
                <span class="test-name">AMEX::Clear Card::Browser::ThreeDSMethodURL flow (1 class)</span>
              </li>
              <li>
                <span class="test-name">AMEX::Clear Card::Browser::AReq flow (1 class)</span>
              </li>
              <li>
                <span class="test-name">MASTERC::Clear Card::Browser::ThreeDSMethodURL flow (1 class)</span>
              </li>
              <li>
                <span class="test-name">MASTERC::Clear Card::Browser::AReq flow (1 class)</span>
              </li>
              <li>
                <span class="test-name">VISA::Clear Card::Browser::ThreeDSMethodURL flow (1 class)</span>
              </li>
              <li>
                <span class="test-name">VISA::Clear Card::Browser::AReq flow (1 class)</span>
              </li>
            </ul>
          </div> <!-- main-panel-content rounded-window-bottom -->
        </div> <!-- panel -->
        <div panel-name="testlist-SanityChallengeflowMethodurl" class="panel">
          <div class="main-panel-header rounded-window-top">
            <span class="header-content">Tests for SanityChallengeflowMethodurl</span>
          </div> <!-- main-panel-header rounded-window-top -->
          <div class="main-panel-content rounded-window-bottom">
            <ul>
              <li>
                <span class="test-name">AMEX::Clear Card::Browser::ThreeDSMethodURL flow (1 class)</span>
              </li>
              <li>
                <span class="test-name">AMEX::Clear Card::Browser::AReq flow (1 class)</span>
              </li>
              <li>
                <span class="test-name">AMEX::Clear Card::Browser::RReq flow (1 class)</span>
              </li>
              <li>
                <span class="test-name">AMEX::Clear Card::Browser::VerifyAPI flow (1 class)</span>
              </li>
              <li>
                <span class="test-name">MasterCard::Clear Card::Browser::ThreeDSMethodURL flow (1 class)</span>
              </li>
              <li>
                <span class="test-name">MasterCard::Clear Card::Browser::AReq flow (1 class)</span>
              </li>
              <li>
                <span class="test-name">MASTERCARD::Clear Card::Browser::RReq flow (1 class)</span>
              </li>
              <li>
                <span class="test-name">MasterCard::Clear Card::Browser::VerifyAPI flow (1 class)</span>
              </li>
              <li>
                <span class="test-name">VISA::Clear Card::Browser::ThreeDSMethodURL flow (1 class)</span>
              </li>
              <li>
                <span class="test-name">VISA::Clear Card::Browser::AReq flow (1 class)</span>
              </li>
              <li>
                <span class="test-name">VISA::Clear Card::Browser::RReq flow (1 class)</span>
              </li>
              <li>
                <span class="test-name">VISA::Clear Card::Browser::VerifyAPI flow (1 class)</span>
              </li>
            </ul>
          </div> <!-- main-panel-content rounded-window-bottom -->
        </div> <!-- panel -->
        <div panel-name="testlist-3DSSAllFlowsPreview" class="panel">
          <div class="main-panel-header rounded-window-top">
            <span class="header-content">Tests for 3DSSAllFlowsPreview</span>
          </div> <!-- main-panel-header rounded-window-top -->
          <div class="main-panel-content rounded-window-bottom">
            <ul>
            </ul>
          </div> <!-- main-panel-content rounded-window-bottom -->
        </div> <!-- panel -->
        <div panel-name="group-SanityFrictionLess" class="panel">
          <div class="main-panel-header rounded-window-top">
            <span class="header-content">Groups for SanityFrictionLess</span>
          </div> <!-- main-panel-header rounded-window-top -->
          <div class="main-panel-content rounded-window-bottom">
          </div> <!-- main-panel-content rounded-window-bottom -->
        </div> <!-- panel -->
        <div panel-name="group-SanityChallengeflow" class="panel">
          <div class="main-panel-header rounded-window-top">
            <span class="header-content">Groups for SanityChallengeflow</span>
          </div> <!-- main-panel-header rounded-window-top -->
          <div class="main-panel-content rounded-window-bottom">
          </div> <!-- main-panel-content rounded-window-bottom -->
        </div> <!-- panel -->
        <div panel-name="group-SanityFrictionLessMethodurl" class="panel">
          <div class="main-panel-header rounded-window-top">
            <span class="header-content">Groups for SanityFrictionLessMethodurl</span>
          </div> <!-- main-panel-header rounded-window-top -->
          <div class="main-panel-content rounded-window-bottom">
          </div> <!-- main-panel-content rounded-window-bottom -->
        </div> <!-- panel -->
        <div panel-name="group-SanityChallengeflowMethodurl" class="panel">
          <div class="main-panel-header rounded-window-top">
            <span class="header-content">Groups for SanityChallengeflowMethodurl</span>
          </div> <!-- main-panel-header rounded-window-top -->
          <div class="main-panel-content rounded-window-bottom">
          </div> <!-- main-panel-content rounded-window-bottom -->
        </div> <!-- panel -->
        <div panel-name="group-3DSSAllFlowsPreview" class="panel">
          <div class="main-panel-header rounded-window-top">
            <span class="header-content">Groups for 3DSSAllFlowsPreview</span>
          </div> <!-- main-panel-header rounded-window-top -->
          <div class="main-panel-content rounded-window-bottom">
          </div> <!-- main-panel-content rounded-window-bottom -->
        </div> <!-- panel -->
        <div panel-name="times-SanityFrictionLess" class="panel">
          <div class="main-panel-header rounded-window-top">
            <span class="header-content">Times for SanityFrictionLess</span>
          </div> <!-- main-panel-header rounded-window-top -->
          <div class="main-panel-content rounded-window-bottom">
            <div class="times-div">
              <script type="text/javascript">
suiteTableInitFunctions.push('tableData_SanityFrictionLess');
function tableData_SanityFrictionLess() {
var data = new google.visualization.DataTable();
data.addColumn('number', 'Number');
data.addColumn('string', 'Method');
data.addColumn('string', 'Class');
data.addColumn('number', 'Time (ms)');
data.addRows(3);
data.setCell(0, 0, 0)
data.setCell(0, 1, 'testArequestAPI')
data.setCell(0, 2, 'com.ca.tds.main.TDSPreAreq_TC')
data.setCell(0, 3, 1889);
data.setCell(1, 0, 1)
data.setCell(1, 1, 'testArequestAPI')
data.setCell(1, 2, 'com.ca.tds.main.TDSPreAreq_TC')
data.setCell(1, 3, 700);
data.setCell(2, 0, 2)
data.setCell(2, 1, 'testArequestAPI')
data.setCell(2, 2, 'com.ca.tds.main.TDSPreAreq_TC')
data.setCell(2, 3, 660);
window.suiteTableData['SanityFrictionLess']= { tableData: data, tableDiv: 'times-div-SanityFrictionLess'}
return data;
}
              </script>
              <span class="suite-total-time">Total running time: 3 seconds</span>
              <div id="times-div-SanityFrictionLess">
              </div> <!-- times-div-SanityFrictionLess -->
            </div> <!-- times-div -->
          </div> <!-- main-panel-content rounded-window-bottom -->
        </div> <!-- panel -->
        <div panel-name="times-SanityChallengeflow" class="panel">
          <div class="main-panel-header rounded-window-top">
            <span class="header-content">Times for SanityChallengeflow</span>
          </div> <!-- main-panel-header rounded-window-top -->
          <div class="main-panel-content rounded-window-bottom">
            <div class="times-div">
              <script type="text/javascript">
suiteTableInitFunctions.push('tableData_SanityChallengeflow');
function tableData_SanityChallengeflow() {
var data = new google.visualization.DataTable();
data.addColumn('number', 'Number');
data.addColumn('string', 'Method');
data.addColumn('string', 'Class');
data.addColumn('number', 'Time (ms)');
data.addRows(9);
data.setCell(0, 0, 0)
data.setCell(0, 1, 'testArequestAPI')
data.setCell(0, 2, 'com.ca.tds.main.TDSPreAreq_TC')
data.setCell(0, 3, 658);
data.setCell(1, 0, 1)
data.setCell(1, 1, 'testArequestAPI')
data.setCell(1, 2, 'com.ca.tds.main.TDSPreAreq_TC')
data.setCell(1, 3, 613);
data.setCell(2, 0, 2)
data.setCell(2, 1, 'testArequestAPI')
data.setCell(2, 2, 'com.ca.tds.main.TDSPreAreq_TC')
data.setCell(2, 3, 612);
data.setCell(3, 0, 3)
data.setCell(3, 1, 'testRRequestAPI')
data.setCell(3, 2, 'com.ca.tds.main.TDSRReq_TC')
data.setCell(3, 3, 7);
data.setCell(4, 0, 4)
data.setCell(4, 1, 'testRRequestAPI')
data.setCell(4, 2, 'com.ca.tds.main.TDSRReq_TC')
data.setCell(4, 3, 4);
data.setCell(5, 0, 5)
data.setCell(5, 1, 'testArequestAPI')
data.setCell(5, 2, 'com.ca.tds.main.TDSVerifyAPI_TC')
data.setCell(5, 3, 3);
data.setCell(6, 0, 6)
data.setCell(6, 1, 'testRRequestAPI')
data.setCell(6, 2, 'com.ca.tds.main.TDSRReq_TC')
data.setCell(6, 3, 2);
data.setCell(7, 0, 7)
data.setCell(7, 1, 'testArequestAPI')
data.setCell(7, 2, 'com.ca.tds.main.TDSVerifyAPI_TC')
data.setCell(7, 3, 2);
data.setCell(8, 0, 8)
data.setCell(8, 1, 'testArequestAPI')
data.setCell(8, 2, 'com.ca.tds.main.TDSVerifyAPI_TC')
data.setCell(8, 3, 2);
window.suiteTableData['SanityChallengeflow']= { tableData: data, tableDiv: 'times-div-SanityChallengeflow'}
return data;
}
              </script>
              <span class="suite-total-time">Total running time: 1 seconds</span>
              <div id="times-div-SanityChallengeflow">
              </div> <!-- times-div-SanityChallengeflow -->
            </div> <!-- times-div -->
          </div> <!-- main-panel-content rounded-window-bottom -->
        </div> <!-- panel -->
        <div panel-name="times-SanityFrictionLessMethodurl" class="panel">
          <div class="main-panel-header rounded-window-top">
            <span class="header-content">Times for SanityFrictionLessMethodurl</span>
          </div> <!-- main-panel-header rounded-window-top -->
          <div class="main-panel-content rounded-window-bottom">
            <div class="times-div">
              <script type="text/javascript">
suiteTableInitFunctions.push('tableData_SanityFrictionLessMethodurl');
function tableData_SanityFrictionLessMethodurl() {
var data = new google.visualization.DataTable();
data.addColumn('number', 'Number');
data.addColumn('string', 'Method');
data.addColumn('string', 'Class');
data.addColumn('number', 'Time (ms)');
data.addRows(6);
data.setCell(0, 0, 0)
data.setCell(0, 1, 'testArequestAPI')
data.setCell(0, 2, 'com.ca.tds.main.TDSPreAreq_TC')
data.setCell(0, 3, 632);
data.setCell(1, 0, 1)
data.setCell(1, 1, 'testArequestAPI')
data.setCell(1, 2, 'com.ca.tds.main.TDSPreAreq_TC')
data.setCell(1, 3, 591);
data.setCell(2, 0, 2)
data.setCell(2, 1, 'testArequestAPI')
data.setCell(2, 2, 'com.ca.tds.main.TDSMethodURL_TC')
data.setCell(2, 3, 576);
data.setCell(3, 0, 3)
data.setCell(3, 1, 'testArequestAPI')
data.setCell(3, 2, 'com.ca.tds.main.TDSMethodURL_TC')
data.setCell(3, 3, 549);
data.setCell(4, 0, 4)
data.setCell(4, 1, 'testArequestAPI')
data.setCell(4, 2, 'com.ca.tds.main.TDSPreAreq_TC')
data.setCell(4, 3, 546);
data.setCell(5, 0, 5)
data.setCell(5, 1, 'testArequestAPI')
data.setCell(5, 2, 'com.ca.tds.main.TDSMethodURL_TC')
data.setCell(5, 3, 545);
window.suiteTableData['SanityFrictionLessMethodurl']= { tableData: data, tableDiv: 'times-div-SanityFrictionLessMethodurl'}
return data;
}
              </script>
              <span class="suite-total-time">Total running time: 3 seconds</span>
              <div id="times-div-SanityFrictionLessMethodurl">
              </div> <!-- times-div-SanityFrictionLessMethodurl -->
            </div> <!-- times-div -->
          </div> <!-- main-panel-content rounded-window-bottom -->
        </div> <!-- panel -->
        <div panel-name="times-SanityChallengeflowMethodurl" class="panel">
          <div class="main-panel-header rounded-window-top">
            <span class="header-content">Times for SanityChallengeflowMethodurl</span>
          </div> <!-- main-panel-header rounded-window-top -->
          <div class="main-panel-content rounded-window-bottom">
            <div class="times-div">
              <script type="text/javascript">
suiteTableInitFunctions.push('tableData_SanityChallengeflowMethodurl');
function tableData_SanityChallengeflowMethodurl() {
var data = new google.visualization.DataTable();
data.addColumn('number', 'Number');
data.addColumn('string', 'Method');
data.addColumn('string', 'Class');
data.addColumn('number', 'Time (ms)');
data.addRows(12);
data.setCell(0, 0, 0)
data.setCell(0, 1, 'testArequestAPI')
data.setCell(0, 2, 'com.ca.tds.main.TDSPreAreq_TC')
data.setCell(0, 3, 662);
data.setCell(1, 0, 1)
data.setCell(1, 1, 'testArequestAPI')
data.setCell(1, 2, 'com.ca.tds.main.TDSPreAreq_TC')
data.setCell(1, 3, 584);
data.setCell(2, 0, 2)
data.setCell(2, 1, 'testArequestAPI')
data.setCell(2, 2, 'com.ca.tds.main.TDSMethodURL_TC')
data.setCell(2, 3, 566);
data.setCell(3, 0, 3)
data.setCell(3, 1, 'testArequestAPI')
data.setCell(3, 2, 'com.ca.tds.main.TDSPreAreq_TC')
data.setCell(3, 3, 547);
data.setCell(4, 0, 4)
data.setCell(4, 1, 'testArequestAPI')
data.setCell(4, 2, 'com.ca.tds.main.TDSMethodURL_TC')
data.setCell(4, 3, 534);
data.setCell(5, 0, 5)
data.setCell(5, 1, 'testArequestAPI')
data.setCell(5, 2, 'com.ca.tds.main.TDSMethodURL_TC')
data.setCell(5, 3, 532);
data.setCell(6, 0, 6)
data.setCell(6, 1, 'testRRequestAPI')
data.setCell(6, 2, 'com.ca.tds.main.TDSRReq_TC')
data.setCell(6, 3, 2);
data.setCell(7, 0, 7)
data.setCell(7, 1, 'testArequestAPI')
data.setCell(7, 2, 'com.ca.tds.main.TDSVerifyAPI_TC')
data.setCell(7, 3, 2);
data.setCell(8, 0, 8)
data.setCell(8, 1, 'testRRequestAPI')
data.setCell(8, 2, 'com.ca.tds.main.TDSRReq_TC')
data.setCell(8, 3, 1);
data.setCell(9, 0, 9)
data.setCell(9, 1, 'testArequestAPI')
data.setCell(9, 2, 'com.ca.tds.main.TDSVerifyAPI_TC')
data.setCell(9, 3, 1);
data.setCell(10, 0, 10)
data.setCell(10, 1, 'testRRequestAPI')
data.setCell(10, 2, 'com.ca.tds.main.TDSRReq_TC')
data.setCell(10, 3, 1);
data.setCell(11, 0, 11)
data.setCell(11, 1, 'testArequestAPI')
data.setCell(11, 2, 'com.ca.tds.main.TDSVerifyAPI_TC')
data.setCell(11, 3, 1);
window.suiteTableData['SanityChallengeflowMethodurl']= { tableData: data, tableDiv: 'times-div-SanityChallengeflowMethodurl'}
return data;
}
              </script>
              <span class="suite-total-time">Total running time: 3 seconds</span>
              <div id="times-div-SanityChallengeflowMethodurl">
              </div> <!-- times-div-SanityChallengeflowMethodurl -->
            </div> <!-- times-div -->
          </div> <!-- main-panel-content rounded-window-bottom -->
        </div> <!-- panel -->
        <div panel-name="times-3DSSAllFlowsPreview" class="panel">
          <div class="main-panel-header rounded-window-top">
            <span class="header-content">Times for 3DSSAllFlowsPreview</span>
          </div> <!-- main-panel-header rounded-window-top -->
          <div class="main-panel-content rounded-window-bottom">
            <div class="times-div">
              <script type="text/javascript">
suiteTableInitFunctions.push('tableData_3DSSAllFlowsPreview');
function tableData_3DSSAllFlowsPreview() {
var data = new google.visualization.DataTable();
data.addColumn('number', 'Number');
data.addColumn('string', 'Method');
data.addColumn('string', 'Class');
data.addColumn('number', 'Time (ms)');
data.addRows(0);
window.suiteTableData['3DSSAllFlowsPreview']= { tableData: data, tableDiv: 'times-div-3DSSAllFlowsPreview'}
return data;
}
              </script>
              <div id="times-div-3DSSAllFlowsPreview">
              </div> <!-- times-div-3DSSAllFlowsPreview -->
            </div> <!-- times-div -->
          </div> <!-- main-panel-content rounded-window-bottom -->
        </div> <!-- panel -->
        <div panel-name="reporter-SanityFrictionLess" class="panel">
          <div class="main-panel-header rounded-window-top">
            <span class="header-content">Reporter output for SanityFrictionLess</span>
          </div> <!-- main-panel-header rounded-window-top -->
          <div class="main-panel-content rounded-window-bottom">
          </div> <!-- main-panel-content rounded-window-bottom -->
        </div> <!-- panel -->
        <div panel-name="reporter-SanityChallengeflow" class="panel">
          <div class="main-panel-header rounded-window-top">
            <span class="header-content">Reporter output for SanityChallengeflow</span>
          </div> <!-- main-panel-header rounded-window-top -->
          <div class="main-panel-content rounded-window-bottom">
          </div> <!-- main-panel-content rounded-window-bottom -->
        </div> <!-- panel -->
        <div panel-name="reporter-SanityFrictionLessMethodurl" class="panel">
          <div class="main-panel-header rounded-window-top">
            <span class="header-content">Reporter output for SanityFrictionLessMethodurl</span>
          </div> <!-- main-panel-header rounded-window-top -->
          <div class="main-panel-content rounded-window-bottom">
          </div> <!-- main-panel-content rounded-window-bottom -->
        </div> <!-- panel -->
        <div panel-name="reporter-SanityChallengeflowMethodurl" class="panel">
          <div class="main-panel-header rounded-window-top">
            <span class="header-content">Reporter output for SanityChallengeflowMethodurl</span>
          </div> <!-- main-panel-header rounded-window-top -->
          <div class="main-panel-content rounded-window-bottom">
          </div> <!-- main-panel-content rounded-window-bottom -->
        </div> <!-- panel -->
        <div panel-name="reporter-3DSSAllFlowsPreview" class="panel">
          <div class="main-panel-header rounded-window-top">
            <span class="header-content">Reporter output for 3DSSAllFlowsPreview</span>
          </div> <!-- main-panel-header rounded-window-top -->
          <div class="main-panel-content rounded-window-bottom">
          </div> <!-- main-panel-content rounded-window-bottom -->
        </div> <!-- panel -->
        <div panel-name="ignored-methods-SanityFrictionLess" class="panel">
          <div class="main-panel-header rounded-window-top">
            <span class="header-content">0 ignored methods</span>
          </div> <!-- main-panel-header rounded-window-top -->
          <div class="main-panel-content rounded-window-bottom">
          </div> <!-- main-panel-content rounded-window-bottom -->
        </div> <!-- panel -->
        <div panel-name="ignored-methods-SanityChallengeflow" class="panel">
          <div class="main-panel-header rounded-window-top">
            <span class="header-content">0 ignored methods</span>
          </div> <!-- main-panel-header rounded-window-top -->
          <div class="main-panel-content rounded-window-bottom">
          </div> <!-- main-panel-content rounded-window-bottom -->
        </div> <!-- panel -->
        <div panel-name="ignored-methods-SanityFrictionLessMethodurl" class="panel">
          <div class="main-panel-header rounded-window-top">
            <span class="header-content">0 ignored methods</span>
          </div> <!-- main-panel-header rounded-window-top -->
          <div class="main-panel-content rounded-window-bottom">
          </div> <!-- main-panel-content rounded-window-bottom -->
        </div> <!-- panel -->
        <div panel-name="ignored-methods-SanityChallengeflowMethodurl" class="panel">
          <div class="main-panel-header rounded-window-top">
            <span class="header-content">0 ignored methods</span>
          </div> <!-- main-panel-header rounded-window-top -->
          <div class="main-panel-content rounded-window-bottom">
          </div> <!-- main-panel-content rounded-window-bottom -->
        </div> <!-- panel -->
        <div panel-name="ignored-methods-3DSSAllFlowsPreview" class="panel">
          <div class="main-panel-header rounded-window-top">
            <span class="header-content">0 ignored methods</span>
          </div> <!-- main-panel-header rounded-window-top -->
          <div class="main-panel-content rounded-window-bottom">
          </div> <!-- main-panel-content rounded-window-bottom -->
        </div> <!-- panel -->
        <div panel-name="chronological-SanityFrictionLess" class="panel">
          <div class="main-panel-header rounded-window-top">
            <span class="header-content">Methods in chronological order</span>
          </div> <!-- main-panel-header rounded-window-top -->
          <div class="main-panel-content rounded-window-bottom">
            <div class="chronological-class">
              <div class="chronological-class-name">com.ca.tds.main.TDSPreAreq_TC</div> <!-- chronological-class-name -->
              <div class="configuration-suite before">
                <span class="method-name">beforeSuite(org.testng.TestRunner@28313631)</span>
                <span class="method-start">0 ms</span>
              </div> <!-- configuration-suite before -->
              <div class="configuration-test before">
                <span class="method-name">beforeTestClass</span>
                <span class="method-start">3607 ms</span>
              </div> <!-- configuration-test before -->
              <div class="configuration-class before">
                <span class="method-name">BeforeClass</span>
                <span class="method-start">3622 ms</span>
              </div> <!-- configuration-class before -->
              <div class="test-method">
                <img src="failed.png">
                </img>
                <span class="method-name">testArequestAPI(org.testng.TestRunner@3c84954, {TestCaseID=_A001, TestCaseName=_SanityFrictionless_Sample Valid Areq...)</span>
                <span class="method-start">3913 ms</span>
              </div> <!-- test-method -->
              <div class="configuration-method after">
                <span class="method-name">afterMethodProcessing([TestResult name=testArequestAPI status=FAILURE method=TDSPreAreq_TC.testArequestAPI(org.testng.ITes...)</span>
                <span class="method-start">5807 ms</span>
              </div> <!-- configuration-method after -->
              <div class="configuration-class after">
                <span class="method-name">AfterClass</span>
                <span class="method-start">6087 ms</span>
              </div> <!-- configuration-class after -->
              <div class="configuration-test after">
                <span class="method-name">AfterTestClass</span>
                <span class="method-start">6088 ms</span>
              </div> <!-- configuration-test after -->
              <div class="configuration-test before">
                <span class="method-name">beforeTestClass</span>
                <span class="method-start">6139 ms</span>
              </div> <!-- configuration-test before -->
              <div class="configuration-class before">
                <span class="method-name">BeforeClass</span>
                <span class="method-start">6140 ms</span>
              </div> <!-- configuration-class before -->
              <div class="test-method">
                <img src="failed.png">
                </img>
                <span class="method-name">testArequestAPI(org.testng.TestRunner@1723af66, {TestCaseID=_M001, TestCaseName=_SanityFrictionless_Sample Valid Are...)</span>
                <span class="method-start">6391 ms</span>
              </div> <!-- test-method -->
              <div class="configuration-method after">
                <span class="method-name">afterMethodProcessing([TestResult name=testArequestAPI status=FAILURE method=TDSPreAreq_TC.testArequestAPI(org.testng.ITes...)</span>
                <span class="method-start">7055 ms</span>
              </div> <!-- configuration-method after -->
              <div class="configuration-class after">
                <span class="method-name">AfterClass</span>
                <span class="method-start">7105 ms</span>
              </div> <!-- configuration-class after -->
              <div class="configuration-test after">
                <span class="method-name">AfterTestClass</span>
                <span class="method-start">7106 ms</span>
              </div> <!-- configuration-test after -->
              <div class="configuration-test before">
                <span class="method-name">beforeTestClass</span>
                <span class="method-start">7136 ms</span>
              </div> <!-- configuration-test before -->
              <div class="configuration-class before">
                <span class="method-name">BeforeClass</span>
                <span class="method-start">7137 ms</span>
              </div> <!-- configuration-class before -->
              <div class="test-method">
                <img src="failed.png">
                </img>
                <span class="method-name">testArequestAPI(org.testng.TestRunner@28313631, {TestCaseID=_V001, TestCaseName=_SanityFrictionless_Sample Valid Are...)</span>
                <span class="method-start">7271 ms</span>
              </div> <!-- test-method -->
              <div class="configuration-method after">
                <span class="method-name">afterMethodProcessing([TestResult name=testArequestAPI status=FAILURE method=TDSPreAreq_TC.testArequestAPI(org.testng.ITes...)</span>
                <span class="method-start">7974 ms</span>
              </div> <!-- configuration-method after -->
              <div class="configuration-class after">
                <span class="method-name">AfterClass</span>
                <span class="method-start">8004 ms</span>
              </div> <!-- configuration-class after -->
              <div class="configuration-test after">
                <span class="method-name">AfterTestClass</span>
                <span class="method-start">8005 ms</span>
              </div> <!-- configuration-test after -->
              <div class="configuration-suite after">
                <span class="method-name">endSuite</span>
                <span class="method-start">8023 ms</span>
              </div> <!-- configuration-suite after -->
          </div> <!-- main-panel-content rounded-window-bottom -->
        </div> <!-- panel -->
        <div panel-name="chronological-SanityChallengeflow" class="panel">
          <div class="main-panel-header rounded-window-top">
            <span class="header-content">Methods in chronological order</span>
          </div> <!-- main-panel-header rounded-window-top -->
          <div class="main-panel-content rounded-window-bottom">
            <div class="chronological-class">
              <div class="chronological-class-name">com.ca.tds.main.TDSVerifyAPI_TC</div> <!-- chronological-class-name -->
              <div class="configuration-suite before">
                <span class="method-name">beforeSuite(org.testng.TestRunner@148f8faf)</span>
                <span class="method-start">0 ms</span>
              </div> <!-- configuration-suite before -->
            </div> <!-- chronological-class -->
            <div class="chronological-class">
              <div class="chronological-class-name">com.ca.tds.main.TDSPreAreq_TC</div> <!-- chronological-class-name -->
              <div class="configuration-test before">
                <span class="method-name">beforeTestClass</span>
                <span class="method-start">96 ms</span>
              </div> <!-- configuration-test before -->
              <div class="configuration-class before">
                <span class="method-name">BeforeClass</span>
                <span class="method-start">98 ms</span>
              </div> <!-- configuration-class before -->
              <div class="test-method">
                <img src="failed.png">
                </img>
                <span class="method-name">testArequestAPI(org.testng.TestRunner@1c69479, {TestCaseID=_S001, TestCaseName=_SanityChallenge_AReq_AMEX_For_Verify...)</span>
                <span class="method-start">206 ms</span>
              </div> <!-- test-method -->
              <div class="configuration-method after">
                <span class="method-name">afterMethodProcessing([TestResult name=testArequestAPI status=FAILURE method=TDSPreAreq_TC.testArequestAPI(org.testng.ITes...)</span>
                <span class="method-start">868 ms</span>
              </div> <!-- configuration-method after -->
              <div class="configuration-class after">
                <span class="method-name">AfterClass</span>
                <span class="method-start">943 ms</span>
              </div> <!-- configuration-class after -->
              <div class="configuration-test after">
                <span class="method-name">AfterTestClass</span>
                <span class="method-start">944 ms</span>
              </div> <!-- configuration-test after -->
            </div> <!-- chronological-class -->
            <div class="chronological-class">
              <div class="chronological-class-name">com.ca.tds.main.TDSRReq_TC</div> <!-- chronological-class-name -->
              <div class="configuration-test before">
                <span class="method-name">beforeTestClass</span>
                <span class="method-start">987 ms</span>
              </div> <!-- configuration-test before -->
              <div class="configuration-class before">
                <span class="method-name">BeforeClass</span>
                <span class="method-start">988 ms</span>
              </div> <!-- configuration-class before -->
              <div class="test-method">
                <img src="failed.png">
                </img>
                <span class="method-name">testRRequestAPI(org.testng.TestRunner@43ccc5e7, {TestCaseID=_S001, TestCaseName=_SanityChallenge_RReq_For_Verify_TC0...)</span>
                <span class="method-start">1171 ms</span>
              </div> <!-- test-method -->
              <div class="configuration-method after">
                <span class="method-name">afterMethodProcessing([TestResult name=testRRequestAPI status=FAILURE method=TDSRReq_TC.testRRequestAPI(org.testng.ITestCo...)</span>
                <span class="method-start">1188 ms</span>
              </div> <!-- configuration-method after -->
              <div class="configuration-class after">
                <span class="method-name">AfterClass</span>
                <span class="method-start">1253 ms</span>
              </div> <!-- configuration-class after -->
              <div class="configuration-test after">
                <span class="method-name">AfterTestClass</span>
                <span class="method-start">1254 ms</span>
              </div> <!-- configuration-test after -->
            </div> <!-- chronological-class -->
            <div class="chronological-class">
              <div class="chronological-class-name">com.ca.tds.main.TDSVerifyAPI_TC</div> <!-- chronological-class-name -->
              <div class="configuration-test before">
                <span class="method-name">beforeTestClass</span>
                <span class="method-start">1296 ms</span>
              </div> <!-- configuration-test before -->
              <div class="configuration-class before">
                <span class="method-name">BeforeClass</span>
                <span class="method-start">1299 ms</span>
              </div> <!-- configuration-class before -->
              <div class="test-method">
                <img src="failed.png">
                </img>
                <span class="method-name">testArequestAPI(org.testng.TestRunner@a7b06ae, {TestCaseID=_S001, TestCaseName=_SanityChallenge_Sample Valid Verify ...)</span>
                <span class="method-start">1426 ms</span>
              </div> <!-- test-method -->
              <div class="configuration-method after">
                <span class="method-name">afterMethodProcessing([TestResult name=testArequestAPI status=FAILURE method=TDSVerifyAPI_TC.testArequestAPI(org.testng.IT...)</span>
                <span class="method-start">1433 ms</span>
              </div> <!-- configuration-method after -->
              <div class="configuration-class after">
                <span class="method-name">AfterClass</span>
                <span class="method-start">1494 ms</span>
              </div> <!-- configuration-class after -->
              <div class="configuration-test after">
                <span class="method-name">AfterTestClass</span>
                <span class="method-start">1494 ms</span>
              </div> <!-- configuration-test after -->
            </div> <!-- chronological-class -->
            <div class="chronological-class">
              <div class="chronological-class-name">com.ca.tds.main.TDSPreAreq_TC</div> <!-- chronological-class-name -->
              <div class="configuration-test before">
                <span class="method-name">beforeTestClass</span>
                <span class="method-start">1528 ms</span>
              </div> <!-- configuration-test before -->
              <div class="configuration-class before">
                <span class="method-name">BeforeClass</span>
                <span class="method-start">1528 ms</span>
              </div> <!-- configuration-class before -->
              <div class="test-method">
                <img src="failed.png">
                </img>
                <span class="method-name">testArequestAPI(org.testng.TestRunner@244ecd02, {TestCaseID=_S001, TestCaseName=_SanityChallenge_AReq_MC_For_Verify_...)</span>
                <span class="method-start">1638 ms</span>
              </div> <!-- test-method -->
              <div class="configuration-method after">
                <span class="method-name">afterMethodProcessing([TestResult name=testArequestAPI status=FAILURE method=TDSPreAreq_TC.testArequestAPI(org.testng.ITes...)</span>
                <span class="method-start">2254 ms</span>
              </div> <!-- configuration-method after -->
              <div class="configuration-class after">
                <span class="method-name">AfterClass</span>
                <span class="method-start">2326 ms</span>
              </div> <!-- configuration-class after -->
              <div class="configuration-test after">
                <span class="method-name">AfterTestClass</span>
                <span class="method-start">2327 ms</span>
              </div> <!-- configuration-test after -->
            </div> <!-- chronological-class -->
            <div class="chronological-class">
              <div class="chronological-class-name">com.ca.tds.main.TDSRReq_TC</div> <!-- chronological-class-name -->
              <div class="configuration-test before">
                <span class="method-name">beforeTestClass</span>
                <span class="method-start">2360 ms</span>
              </div> <!-- configuration-test before -->
              <div class="configuration-class before">
                <span class="method-name">BeforeClass</span>
                <span class="method-start">2361 ms</span>
              </div> <!-- configuration-class before -->
              <div class="test-method">
                <img src="failed.png">
                </img>
                <span class="method-name">testRRequestAPI(org.testng.TestRunner@17c16608, {TestCaseID=_S001, TestCaseName=_SanityChallenge_RReq_For_Verify_TC0...)</span>
                <span class="method-start">2464 ms</span>
              </div> <!-- test-method -->
              <div class="configuration-method after">
                <span class="method-name">afterMethodProcessing([TestResult name=testRRequestAPI status=FAILURE method=TDSRReq_TC.testRRequestAPI(org.testng.ITestCo...)</span>
                <span class="method-start">2468 ms</span>
              </div> <!-- configuration-method after -->
              <div class="configuration-class after">
                <span class="method-name">AfterClass</span>
                <span class="method-start">2566 ms</span>
              </div> <!-- configuration-class after -->
              <div class="configuration-test after">
                <span class="method-name">AfterTestClass</span>
                <span class="method-start">2567 ms</span>
              </div> <!-- configuration-test after -->
            </div> <!-- chronological-class -->
            <div class="chronological-class">
              <div class="chronological-class-name">com.ca.tds.main.TDSVerifyAPI_TC</div> <!-- chronological-class-name -->
              <div class="configuration-test before">
                <span class="method-name">beforeTestClass</span>
                <span class="method-start">2602 ms</span>
              </div> <!-- configuration-test before -->
              <div class="configuration-class before">
                <span class="method-name">BeforeClass</span>
                <span class="method-start">2604 ms</span>
              </div> <!-- configuration-class before -->
              <div class="test-method">
                <img src="failed.png">
                </img>
                <span class="method-name">testArequestAPI(org.testng.TestRunner@2920237f, {TestCaseID=_S001, TestCaseName=_SanityChallenge_Sample Valid Verify...)</span>
                <span class="method-start">2732 ms</span>
              </div> <!-- test-method -->
              <div class="configuration-method after">
                <span class="method-name">afterMethodProcessing([TestResult name=testArequestAPI status=FAILURE method=TDSVerifyAPI_TC.testArequestAPI(org.testng.IT...)</span>
                <span class="method-start">2736 ms</span>
              </div> <!-- configuration-method after -->
              <div class="configuration-class after">
                <span class="method-name">AfterClass</span>
                <span class="method-start">2804 ms</span>
              </div> <!-- configuration-class after -->
              <div class="configuration-test after">
                <span class="method-name">AfterTestClass</span>
                <span class="method-start">2805 ms</span>
              </div> <!-- configuration-test after -->
            </div> <!-- chronological-class -->
            <div class="chronological-class">
              <div class="chronological-class-name">com.ca.tds.main.TDSPreAreq_TC</div> <!-- chronological-class-name -->
              <div class="configuration-test before">
                <span class="method-name">beforeTestClass</span>
                <span class="method-start">2834 ms</span>
              </div> <!-- configuration-test before -->
              <div class="configuration-class before">
                <span class="method-name">BeforeClass</span>
                <span class="method-start">2835 ms</span>
              </div> <!-- configuration-class before -->
              <div class="test-method">
                <img src="failed.png">
                </img>
                <span class="method-name">testArequestAPI(org.testng.TestRunner@7f869858, {TestCaseID=_S001, TestCaseName=_SanityChallenge_AReq_VISA_For_Verif...)</span>
                <span class="method-start">2929 ms</span>
              </div> <!-- test-method -->
              <div class="configuration-method after">
                <span class="method-name">afterMethodProcessing([TestResult name=testArequestAPI status=FAILURE method=TDSPreAreq_TC.testArequestAPI(org.testng.ITes...)</span>
                <span class="method-start">3553 ms</span>
              </div> <!-- configuration-method after -->
              <div class="configuration-class after">
                <span class="method-name">AfterClass</span>
                <span class="method-start">3635 ms</span>
              </div> <!-- configuration-class after -->
              <div class="configuration-test after">
                <span class="method-name">AfterTestClass</span>
                <span class="method-start">3636 ms</span>
              </div> <!-- configuration-test after -->
            </div> <!-- chronological-class -->
            <div class="chronological-class">
              <div class="chronological-class-name">com.ca.tds.main.TDSRReq_TC</div> <!-- chronological-class-name -->
              <div class="configuration-test before">
                <span class="method-name">beforeTestClass</span>
                <span class="method-start">3677 ms</span>
              </div> <!-- configuration-test before -->
              <div class="configuration-class before">
                <span class="method-name">BeforeClass</span>
                <span class="method-start">3678 ms</span>
              </div> <!-- configuration-class before -->
              <div class="test-method">
                <img src="failed.png">
                </img>
                <span class="method-name">testRRequestAPI(org.testng.TestRunner@47ea7510, {TestCaseID=_S001, TestCaseName=_SanityChallenge_RReq_For_Verify_TC0...)</span>
                <span class="method-start">3813 ms</span>
              </div> <!-- test-method -->
              <div class="configuration-method after">
                <span class="method-name">afterMethodProcessing([TestResult name=testRRequestAPI status=FAILURE method=TDSRReq_TC.testRRequestAPI(org.testng.ITestCo...)</span>
                <span class="method-start">3820 ms</span>
              </div> <!-- configuration-method after -->
              <div class="configuration-class after">
                <span class="method-name">AfterClass</span>
                <span class="method-start">3878 ms</span>
              </div> <!-- configuration-class after -->
              <div class="configuration-test after">
                <span class="method-name">AfterTestClass</span>
                <span class="method-start">3879 ms</span>
              </div> <!-- configuration-test after -->
            </div> <!-- chronological-class -->
            <div class="chronological-class">
              <div class="chronological-class-name">com.ca.tds.main.TDSVerifyAPI_TC</div> <!-- chronological-class-name -->
              <div class="configuration-test before">
                <span class="method-name">beforeTestClass</span>
                <span class="method-start">3952 ms</span>
              </div> <!-- configuration-test before -->
              <div class="configuration-class before">
                <span class="method-name">BeforeClass</span>
                <span class="method-start">3959 ms</span>
              </div> <!-- configuration-class before -->
              <div class="test-method">
                <img src="failed.png">
                </img>
                <span class="method-name">testArequestAPI(org.testng.TestRunner@148f8faf, {TestCaseID=_S001, TestCaseName=_SanityChallenge_Sample Valid Verify...)</span>
                <span class="method-start">4078 ms</span>
              </div> <!-- test-method -->
              <div class="configuration-method after">
                <span class="method-name">afterMethodProcessing([TestResult name=testArequestAPI status=FAILURE method=TDSVerifyAPI_TC.testArequestAPI(org.testng.IT...)</span>
                <span class="method-start">4082 ms</span>
              </div> <!-- configuration-method after -->
              <div class="configuration-class after">
                <span class="method-name">AfterClass</span>
                <span class="method-start">4142 ms</span>
              </div> <!-- configuration-class after -->
              <div class="configuration-test after">
                <span class="method-name">AfterTestClass</span>
                <span class="method-start">4143 ms</span>
              </div> <!-- configuration-test after -->
              <div class="configuration-suite after">
                <span class="method-name">endSuite</span>
                <span class="method-start">4173 ms</span>
              </div> <!-- configuration-suite after -->
          </div> <!-- main-panel-content rounded-window-bottom -->
        </div> <!-- panel -->
        <div panel-name="chronological-SanityFrictionLessMethodurl" class="panel">
          <div class="main-panel-header rounded-window-top">
            <span class="header-content">Methods in chronological order</span>
          </div> <!-- main-panel-header rounded-window-top -->
          <div class="main-panel-content rounded-window-bottom">
            <div class="chronological-class">
              <div class="chronological-class-name">com.ca.tds.main.TDSPreAreq_TC</div> <!-- chronological-class-name -->
              <div class="configuration-suite before">
                <span class="method-name">beforeSuite(org.testng.TestRunner@5e39845c)</span>
                <span class="method-start">0 ms</span>
              </div> <!-- configuration-suite before -->
            </div> <!-- chronological-class -->
            <div class="chronological-class">
              <div class="chronological-class-name">com.ca.tds.main.TDSMethodURL_TC</div> <!-- chronological-class-name -->
              <div class="configuration-test before">
                <span class="method-name">beforeTestClass</span>
                <span class="method-start">105 ms</span>
              </div> <!-- configuration-test before -->
              <div class="configuration-class before">
                <span class="method-name">BeforeClass</span>
                <span class="method-start">106 ms</span>
              </div> <!-- configuration-class before -->
              <div class="test-method">
                <span class="method-name">testArequestAPI(org.testng.TestRunner@31c7c25f, {TestCaseID=_A001, TestCaseName=_SanityFrictionless_TDSMethodURL_Cal...)</span>
                <span class="method-start">255 ms</span>
              </div> <!-- test-method -->
              <div class="configuration-method after">
                <span class="method-name">afterMethodProcessing([TestResult name=testArequestAPI status=SUCCESS method=TDSMethodURL_TC.testArequestAPI(org.testng.IT...)</span>
                <span class="method-start">832 ms</span>
              </div> <!-- configuration-method after -->
              <div class="configuration-class after">
                <span class="method-name">AfterClass</span>
                <span class="method-start">871 ms</span>
              </div> <!-- configuration-class after -->
              <div class="configuration-test after">
                <span class="method-name">AfterTestClass</span>
                <span class="method-start">872 ms</span>
              </div> <!-- configuration-test after -->
            </div> <!-- chronological-class -->
            <div class="chronological-class">
              <div class="chronological-class-name">com.ca.tds.main.TDSPreAreq_TC</div> <!-- chronological-class-name -->
              <div class="configuration-test before">
                <span class="method-name">beforeTestClass</span>
                <span class="method-start">902 ms</span>
              </div> <!-- configuration-test before -->
              <div class="configuration-class before">
                <span class="method-name">BeforeClass</span>
                <span class="method-start">904 ms</span>
              </div> <!-- configuration-class before -->
              <div class="test-method">
                <img src="failed.png">
                </img>
                <span class="method-name">testArequestAPI(org.testng.TestRunner@46997473, {TestCaseID=_A001, TestCaseName=_SanityFrictionless_Sample Valid Are...)</span>
                <span class="method-start">989 ms</span>
              </div> <!-- test-method -->
              <div class="configuration-method after">
                <span class="method-name">afterMethodProcessing([TestResult name=testArequestAPI status=FAILURE method=TDSPreAreq_TC.testArequestAPI(org.testng.ITes...)</span>
                <span class="method-start">1625 ms</span>
              </div> <!-- configuration-method after -->
              <div class="configuration-class after">
                <span class="method-name">AfterClass</span>
                <span class="method-start">1665 ms</span>
              </div> <!-- configuration-class after -->
              <div class="configuration-test after">
                <span class="method-name">AfterTestClass</span>
                <span class="method-start">1665 ms</span>
              </div> <!-- configuration-test after -->
            </div> <!-- chronological-class -->
            <div class="chronological-class">
              <div class="chronological-class-name">com.ca.tds.main.TDSMethodURL_TC</div> <!-- chronological-class-name -->
              <div class="configuration-test before">
                <span class="method-name">beforeTestClass</span>
                <span class="method-start">1697 ms</span>
              </div> <!-- configuration-test before -->
              <div class="configuration-class before">
                <span class="method-name">BeforeClass</span>
                <span class="method-start">1698 ms</span>
              </div> <!-- configuration-class before -->
              <div class="test-method">
                <img src="failed.png">
                </img>
                <span class="method-name">testArequestAPI(org.testng.TestRunner@7c228aa7, {TestCaseID=_M001, TestCaseName=_SanityFrictionless_TDSMethodURL_Cal...)</span>
                <span class="method-start">1796 ms</span>
              </div> <!-- test-method -->
              <div class="configuration-method after">
                <span class="method-name">afterMethodProcessing([TestResult name=testArequestAPI status=FAILURE method=TDSMethodURL_TC.testArequestAPI(org.testng.IT...)</span>
                <span class="method-start">2347 ms</span>
              </div> <!-- configuration-method after -->
              <div class="configuration-class after">
                <span class="method-name">AfterClass</span>
                <span class="method-start">2385 ms</span>
              </div> <!-- configuration-class after -->
              <div class="configuration-test after">
                <span class="method-name">AfterTestClass</span>
                <span class="method-start">2386 ms</span>
              </div> <!-- configuration-test after -->
            </div> <!-- chronological-class -->
            <div class="chronological-class">
              <div class="chronological-class-name">com.ca.tds.main.TDSPreAreq_TC</div> <!-- chronological-class-name -->
              <div class="configuration-test before">
                <span class="method-name">beforeTestClass</span>
                <span class="method-start">2434 ms</span>
              </div> <!-- configuration-test before -->
              <div class="configuration-class before">
                <span class="method-name">BeforeClass</span>
                <span class="method-start">2436 ms</span>
              </div> <!-- configuration-class before -->
              <div class="test-method">
                <img src="failed.png">
                </img>
                <span class="method-name">testArequestAPI(org.testng.TestRunner@6968aaa2, {TestCaseID=_M001, TestCaseName=_SanityFrictionless_Sample Valid Are...)</span>
                <span class="method-start">2514 ms</span>
              </div> <!-- test-method -->
              <div class="configuration-method after">
                <span class="method-name">afterMethodProcessing([TestResult name=testArequestAPI status=FAILURE method=TDSPreAreq_TC.testArequestAPI(org.testng.ITes...)</span>
                <span class="method-start">3064 ms</span>
              </div> <!-- configuration-method after -->
              <div class="configuration-class after">
                <span class="method-name">AfterClass</span>
                <span class="method-start">3111 ms</span>
              </div> <!-- configuration-class after -->
              <div class="configuration-test after">
                <span class="method-name">AfterTestClass</span>
                <span class="method-start">3112 ms</span>
              </div> <!-- configuration-test after -->
            </div> <!-- chronological-class -->
            <div class="chronological-class">
              <div class="chronological-class-name">com.ca.tds.main.TDSMethodURL_TC</div> <!-- chronological-class-name -->
              <div class="configuration-test before">
                <span class="method-name">beforeTestClass</span>
                <span class="method-start">3146 ms</span>
              </div> <!-- configuration-test before -->
              <div class="configuration-class before">
                <span class="method-name">BeforeClass</span>
                <span class="method-start">3147 ms</span>
              </div> <!-- configuration-class before -->
              <div class="test-method">
                <span class="method-name">testArequestAPI(org.testng.TestRunner@589072bc, {TestCaseID=_V001, TestCaseName=_SanityFrictionless_TDSMethodURL_Cal...)</span>
                <span class="method-start">3211 ms</span>
              </div> <!-- test-method -->
              <div class="configuration-method after">
                <span class="method-name">afterMethodProcessing([TestResult name=testArequestAPI status=SUCCESS method=TDSMethodURL_TC.testArequestAPI(org.testng.IT...)</span>
                <span class="method-start">3758 ms</span>
              </div> <!-- configuration-method after -->
              <div class="configuration-class after">
                <span class="method-name">AfterClass</span>
                <span class="method-start">3793 ms</span>
              </div> <!-- configuration-class after -->
              <div class="configuration-test after">
                <span class="method-name">AfterTestClass</span>
                <span class="method-start">3793 ms</span>
              </div> <!-- configuration-test after -->
            </div> <!-- chronological-class -->
            <div class="chronological-class">
              <div class="chronological-class-name">com.ca.tds.main.TDSPreAreq_TC</div> <!-- chronological-class-name -->
              <div class="configuration-test before">
                <span class="method-name">beforeTestClass</span>
                <span class="method-start">3829 ms</span>
              </div> <!-- configuration-test before -->
              <div class="configuration-class before">
                <span class="method-name">BeforeClass</span>
                <span class="method-start">3831 ms</span>
              </div> <!-- configuration-class before -->
              <div class="test-method">
                <img src="failed.png">
                </img>
                <span class="method-name">testArequestAPI(org.testng.TestRunner@5e39845c, {TestCaseID=_V001, TestCaseName=_SanityFrictionless_Sample Valid Are...)</span>
                <span class="method-start">3935 ms</span>
              </div> <!-- test-method -->
              <div class="configuration-method after">
                <span class="method-name">afterMethodProcessing([TestResult name=testArequestAPI status=FAILURE method=TDSPreAreq_TC.testArequestAPI(org.testng.ITes...)</span>
                <span class="method-start">4529 ms</span>
              </div> <!-- configuration-method after -->
              <div class="configuration-class after">
                <span class="method-name">AfterClass</span>
                <span class="method-start">4556 ms</span>
              </div> <!-- configuration-class after -->
              <div class="configuration-test after">
                <span class="method-name">AfterTestClass</span>
                <span class="method-start">4556 ms</span>
              </div> <!-- configuration-test after -->
              <div class="configuration-suite after">
                <span class="method-name">endSuite</span>
                <span class="method-start">4577 ms</span>
              </div> <!-- configuration-suite after -->
          </div> <!-- main-panel-content rounded-window-bottom -->
        </div> <!-- panel -->
        <div panel-name="chronological-SanityChallengeflowMethodurl" class="panel">
          <div class="main-panel-header rounded-window-top">
            <span class="header-content">Methods in chronological order</span>
          </div> <!-- main-panel-header rounded-window-top -->
          <div class="main-panel-content rounded-window-bottom">
            <div class="chronological-class">
              <div class="chronological-class-name">com.ca.tds.main.TDSVerifyAPI_TC</div> <!-- chronological-class-name -->
              <div class="configuration-suite before">
                <span class="method-name">beforeSuite(org.testng.TestRunner@74d53b10)</span>
                <span class="method-start">0 ms</span>
              </div> <!-- configuration-suite before -->
            </div> <!-- chronological-class -->
            <div class="chronological-class">
              <div class="chronological-class-name">com.ca.tds.main.TDSMethodURL_TC</div> <!-- chronological-class-name -->
              <div class="configuration-test before">
                <span class="method-name">beforeTestClass</span>
                <span class="method-start">53 ms</span>
              </div> <!-- configuration-test before -->
              <div class="configuration-class before">
                <span class="method-name">BeforeClass</span>
                <span class="method-start">54 ms</span>
              </div> <!-- configuration-class before -->
              <div class="test-method">
                <span class="method-name">testArequestAPI(org.testng.TestRunner@69ecbef0, {TestCaseID=_S001, TestCaseName=_SanityChallenge_AMEX_For_Verify_TC0...)</span>
                <span class="method-start">127 ms</span>
              </div> <!-- test-method -->
              <div class="configuration-method after">
                <span class="method-name">afterMethodProcessing([TestResult name=testArequestAPI status=SUCCESS method=TDSMethodURL_TC.testArequestAPI(org.testng.IT...)</span>
                <span class="method-start">662 ms</span>
              </div> <!-- configuration-method after -->
              <div class="configuration-class after">
                <span class="method-name">AfterClass</span>
                <span class="method-start">691 ms</span>
              </div> <!-- configuration-class after -->
              <div class="configuration-test after">
                <span class="method-name">AfterTestClass</span>
                <span class="method-start">692 ms</span>
              </div> <!-- configuration-test after -->
            </div> <!-- chronological-class -->
            <div class="chronological-class">
              <div class="chronological-class-name">com.ca.tds.main.TDSPreAreq_TC</div> <!-- chronological-class-name -->
              <div class="configuration-test before">
                <span class="method-name">beforeTestClass</span>
                <span class="method-start">718 ms</span>
              </div> <!-- configuration-test before -->
              <div class="configuration-class before">
                <span class="method-name">BeforeClass</span>
                <span class="method-start">720 ms</span>
              </div> <!-- configuration-class before -->
              <div class="test-method">
                <img src="failed.png">
                </img>
                <span class="method-name">testArequestAPI(org.testng.TestRunner@7932de85, {TestCaseID=_S001, TestCaseName=_SanityChallenge_AReq_AMEX_For_Verif...)</span>
                <span class="method-start">828 ms</span>
              </div> <!-- test-method -->
              <div class="configuration-method after">
                <span class="method-name">afterMethodProcessing([TestResult name=testArequestAPI status=FAILURE method=TDSPreAreq_TC.testArequestAPI(org.testng.ITes...)</span>
                <span class="method-start">1494 ms</span>
              </div> <!-- configuration-method after -->
              <div class="configuration-class after">
                <span class="method-name">AfterClass</span>
                <span class="method-start">1536 ms</span>
              </div> <!-- configuration-class after -->
              <div class="configuration-test after">
                <span class="method-name">AfterTestClass</span>
                <span class="method-start">1536 ms</span>
              </div> <!-- configuration-test after -->
            </div> <!-- chronological-class -->
            <div class="chronological-class">
              <div class="chronological-class-name">com.ca.tds.main.TDSRReq_TC</div> <!-- chronological-class-name -->
              <div class="configuration-test before">
                <span class="method-name">beforeTestClass</span>
                <span class="method-start">1565 ms</span>
              </div> <!-- configuration-test before -->
              <div class="configuration-class before">
                <span class="method-name">BeforeClass</span>
                <span class="method-start">1565 ms</span>
              </div> <!-- configuration-class before -->
              <div class="test-method">
                <img src="failed.png">
                </img>
                <span class="method-name">testRRequestAPI(org.testng.TestRunner@7911aae5, {TestCaseID=_S001, TestCaseName=_SanityChallenge_RReq_For_Verify_TC0...)</span>
                <span class="method-start">1635 ms</span>
              </div> <!-- test-method -->
              <div class="configuration-method after">
                <span class="method-name">afterMethodProcessing([TestResult name=testRRequestAPI status=FAILURE method=TDSRReq_TC.testRRequestAPI(org.testng.ITestCo...)</span>
                <span class="method-start">1638 ms</span>
              </div> <!-- configuration-method after -->
              <div class="configuration-class after">
                <span class="method-name">AfterClass</span>
                <span class="method-start">1691 ms</span>
              </div> <!-- configuration-class after -->
              <div class="configuration-test after">
                <span class="method-name">AfterTestClass</span>
                <span class="method-start">1692 ms</span>
              </div> <!-- configuration-test after -->
            </div> <!-- chronological-class -->
            <div class="chronological-class">
              <div class="chronological-class-name">com.ca.tds.main.TDSVerifyAPI_TC</div> <!-- chronological-class-name -->
              <div class="configuration-test before">
                <span class="method-name">beforeTestClass</span>
                <span class="method-start">1730 ms</span>
              </div> <!-- configuration-test before -->
              <div class="configuration-class before">
                <span class="method-name">BeforeClass</span>
                <span class="method-start">1732 ms</span>
              </div> <!-- configuration-class before -->
              <div class="test-method">
                <img src="failed.png">
                </img>
                <span class="method-name">testArequestAPI(org.testng.TestRunner@51f918e5, {TestCaseID=_S001, TestCaseName=_SanityChallenge_Sample Valid Verify...)</span>
                <span class="method-start">1819 ms</span>
              </div> <!-- test-method -->
              <div class="configuration-method after">
                <span class="method-name">afterMethodProcessing([TestResult name=testArequestAPI status=FAILURE method=TDSVerifyAPI_TC.testArequestAPI(org.testng.IT...)</span>
                <span class="method-start">1823 ms</span>
              </div> <!-- configuration-method after -->
              <div class="configuration-class after">
                <span class="method-name">AfterClass</span>
                <span class="method-start">1876 ms</span>
              </div> <!-- configuration-class after -->
              <div class="configuration-test after">
                <span class="method-name">AfterTestClass</span>
                <span class="method-start">1876 ms</span>
              </div> <!-- configuration-test after -->
            </div> <!-- chronological-class -->
            <div class="chronological-class">
              <div class="chronological-class-name">com.ca.tds.main.TDSMethodURL_TC</div> <!-- chronological-class-name -->
              <div class="configuration-test before">
                <span class="method-name">beforeTestClass</span>
                <span class="method-start">1903 ms</span>
              </div> <!-- configuration-test before -->
              <div class="configuration-class before">
                <span class="method-name">BeforeClass</span>
                <span class="method-start">1905 ms</span>
              </div> <!-- configuration-class before -->
              <div class="test-method">
                <img src="failed.png">
                </img>
                <span class="method-name">testArequestAPI(org.testng.TestRunner@2938a7c0, {TestCaseID=_S001, TestCaseName=_SanityChallenge_MC_For_Verify_TC001...)</span>
                <span class="method-start">1976 ms</span>
              </div> <!-- test-method -->
              <div class="configuration-method after">
                <span class="method-name">afterMethodProcessing([TestResult name=testArequestAPI status=FAILURE method=TDSMethodURL_TC.testArequestAPI(org.testng.IT...)</span>
                <span class="method-start">2544 ms</span>
              </div> <!-- configuration-method after -->
              <div class="configuration-class after">
                <span class="method-name">AfterClass</span>
                <span class="method-start">2575 ms</span>
              </div> <!-- configuration-class after -->
              <div class="configuration-test after">
                <span class="method-name">AfterTestClass</span>
                <span class="method-start">2575 ms</span>
              </div> <!-- configuration-test after -->
            </div> <!-- chronological-class -->
            <div class="chronological-class">
              <div class="chronological-class-name">com.ca.tds.main.TDSPreAreq_TC</div> <!-- chronological-class-name -->
              <div class="configuration-test before">
                <span class="method-name">beforeTestClass</span>
                <span class="method-start">2599 ms</span>
              </div> <!-- configuration-test before -->
              <div class="configuration-class before">
                <span class="method-name">BeforeClass</span>
                <span class="method-start">2600 ms</span>
              </div> <!-- configuration-class before -->
              <div class="test-method">
                <img src="failed.png">
                </img>
                <span class="method-name">testArequestAPI(org.testng.TestRunner@8c91427, {TestCaseID=_S001, TestCaseName=_SanityChallenge_AReq_MC_For_Verify_T...)</span>
                <span class="method-start">2663 ms</span>
              </div> <!-- test-method -->
              <div class="configuration-method after">
                <span class="method-name">afterMethodProcessing([TestResult name=testArequestAPI status=FAILURE method=TDSPreAreq_TC.testArequestAPI(org.testng.ITes...)</span>
                <span class="method-start">3212 ms</span>
              </div> <!-- configuration-method after -->
              <div class="configuration-class after">
                <span class="method-name">AfterClass</span>
                <span class="method-start">3238 ms</span>
              </div> <!-- configuration-class after -->
              <div class="configuration-test after">
                <span class="method-name">AfterTestClass</span>
                <span class="method-start">3238 ms</span>
              </div> <!-- configuration-test after -->
            </div> <!-- chronological-class -->
            <div class="chronological-class">
              <div class="chronological-class-name">com.ca.tds.main.TDSRReq_TC</div> <!-- chronological-class-name -->
              <div class="configuration-test before">
                <span class="method-name">beforeTestClass</span>
                <span class="method-start">3259 ms</span>
              </div> <!-- configuration-test before -->
              <div class="configuration-class before">
                <span class="method-name">BeforeClass</span>
                <span class="method-start">3260 ms</span>
              </div> <!-- configuration-class before -->
              <div class="test-method">
                <img src="failed.png">
                </img>
                <span class="method-name">testRRequestAPI(org.testng.TestRunner@2b3ad3d, {TestCaseID=_S001, TestCaseName=_SanityChallenge_RReq_For_Verify_TC00...)</span>
                <span class="method-start">3320 ms</span>
              </div> <!-- test-method -->
              <div class="configuration-method after">
                <span class="method-name">afterMethodProcessing([TestResult name=testRRequestAPI status=FAILURE method=TDSRReq_TC.testRRequestAPI(org.testng.ITestCo...)</span>
                <span class="method-start">3323 ms</span>
              </div> <!-- configuration-method after -->
              <div class="configuration-class after">
                <span class="method-name">AfterClass</span>
                <span class="method-start">3351 ms</span>
              </div> <!-- configuration-class after -->
              <div class="configuration-test after">
                <span class="method-name">AfterTestClass</span>
                <span class="method-start">3352 ms</span>
              </div> <!-- configuration-test after -->
            </div> <!-- chronological-class -->
            <div class="chronological-class">
              <div class="chronological-class-name">com.ca.tds.main.TDSVerifyAPI_TC</div> <!-- chronological-class-name -->
              <div class="configuration-test before">
                <span class="method-name">beforeTestClass</span>
                <span class="method-start">3377 ms</span>
              </div> <!-- configuration-test before -->
              <div class="configuration-class before">
                <span class="method-name">BeforeClass</span>
                <span class="method-start">3378 ms</span>
              </div> <!-- configuration-class before -->
              <div class="test-method">
                <img src="failed.png">
                </img>
                <span class="method-name">testArequestAPI(org.testng.TestRunner@810acbb, {TestCaseID=_S001, TestCaseName=_SanityChallenge_Sample Valid Verify ...)</span>
                <span class="method-start">3432 ms</span>
              </div> <!-- test-method -->
              <div class="configuration-method after">
                <span class="method-name">afterMethodProcessing([TestResult name=testArequestAPI status=FAILURE method=TDSVerifyAPI_TC.testArequestAPI(org.testng.IT...)</span>
                <span class="method-start">3434 ms</span>
              </div> <!-- configuration-method after -->
              <div class="configuration-class after">
                <span class="method-name">AfterClass</span>
                <span class="method-start">3466 ms</span>
              </div> <!-- configuration-class after -->
              <div class="configuration-test after">
                <span class="method-name">AfterTestClass</span>
                <span class="method-start">3466 ms</span>
              </div> <!-- configuration-test after -->
            </div> <!-- chronological-class -->
            <div class="chronological-class">
              <div class="chronological-class-name">com.ca.tds.main.TDSMethodURL_TC</div> <!-- chronological-class-name -->
              <div class="configuration-test before">
                <span class="method-name">beforeTestClass</span>
                <span class="method-start">3490 ms</span>
              </div> <!-- configuration-test before -->
              <div class="configuration-class before">
                <span class="method-name">BeforeClass</span>
                <span class="method-start">3491 ms</span>
              </div> <!-- configuration-class before -->
              <div class="test-method">
                <span class="method-name">testArequestAPI(org.testng.TestRunner@1f502ed2, {TestCaseID=_S001, TestCaseName=_SanityChallenge_VISA_For_Verify_TC0...)</span>
                <span class="method-start">3546 ms</span>
              </div> <!-- test-method -->
              <div class="configuration-method after">
                <span class="method-name">afterMethodProcessing([TestResult name=testArequestAPI status=SUCCESS method=TDSMethodURL_TC.testArequestAPI(org.testng.IT...)</span>
                <span class="method-start">4079 ms</span>
              </div> <!-- configuration-method after -->
              <div class="configuration-class after">
                <span class="method-name">AfterClass</span>
                <span class="method-start">4121 ms</span>
              </div> <!-- configuration-class after -->
              <div class="configuration-test after">
                <span class="method-name">AfterTestClass</span>
                <span class="method-start">4121 ms</span>
              </div> <!-- configuration-test after -->
            </div> <!-- chronological-class -->
            <div class="chronological-class">
              <div class="chronological-class-name">com.ca.tds.main.TDSPreAreq_TC</div> <!-- chronological-class-name -->
              <div class="configuration-test before">
                <span class="method-name">beforeTestClass</span>
                <span class="method-start">4155 ms</span>
              </div> <!-- configuration-test before -->
              <div class="configuration-class before">
                <span class="method-name">BeforeClass</span>
                <span class="method-start">4156 ms</span>
              </div> <!-- configuration-class before -->
              <div class="test-method">
                <img src="failed.png">
                </img>
                <span class="method-name">testArequestAPI(org.testng.TestRunner@1085b639, {TestCaseID=_S001, TestCaseName=_SanityChallenge_AReq_VISA_For_Verif...)</span>
                <span class="method-start">4237 ms</span>
              </div> <!-- test-method -->
              <div class="configuration-method after">
                <span class="method-name">afterMethodProcessing([TestResult name=testArequestAPI status=FAILURE method=TDSPreAreq_TC.testArequestAPI(org.testng.ITes...)</span>
                <span class="method-start">4825 ms</span>
              </div> <!-- configuration-method after -->
              <div class="configuration-class after">
                <span class="method-name">AfterClass</span>
                <span class="method-start">4865 ms</span>
              </div> <!-- configuration-class after -->
              <div class="configuration-test after">
                <span class="method-name">AfterTestClass</span>
                <span class="method-start">4865 ms</span>
              </div> <!-- configuration-test after -->
            </div> <!-- chronological-class -->
            <div class="chronological-class">
              <div class="chronological-class-name">com.ca.tds.main.TDSRReq_TC</div> <!-- chronological-class-name -->
              <div class="configuration-test before">
                <span class="method-name">beforeTestClass</span>
                <span class="method-start">4898 ms</span>
              </div> <!-- configuration-test before -->
              <div class="configuration-class before">
                <span class="method-name">BeforeClass</span>
                <span class="method-start">4899 ms</span>
              </div> <!-- configuration-class before -->
              <div class="test-method">
                <img src="failed.png">
                </img>
                <span class="method-name">testRRequestAPI(org.testng.TestRunner@75ee153e, {TestCaseID=_S001, TestCaseName=_SanityChallenge_RReq_For_Verify_TC0...)</span>
                <span class="method-start">4979 ms</span>
              </div> <!-- test-method -->
              <div class="configuration-method after">
                <span class="method-name">afterMethodProcessing([TestResult name=testRRequestAPI status=FAILURE method=TDSRReq_TC.testRRequestAPI(org.testng.ITestCo...)</span>
                <span class="method-start">4982 ms</span>
              </div> <!-- configuration-method after -->
              <div class="configuration-class after">
                <span class="method-name">AfterClass</span>
                <span class="method-start">5033 ms</span>
              </div> <!-- configuration-class after -->
              <div class="configuration-test after">
                <span class="method-name">AfterTestClass</span>
                <span class="method-start">5033 ms</span>
              </div> <!-- configuration-test after -->
            </div> <!-- chronological-class -->
            <div class="chronological-class">
              <div class="chronological-class-name">com.ca.tds.main.TDSVerifyAPI_TC</div> <!-- chronological-class-name -->
              <div class="configuration-test before">
                <span class="method-name">beforeTestClass</span>
                <span class="method-start">5065 ms</span>
              </div> <!-- configuration-test before -->
              <div class="configuration-class before">
                <span class="method-name">BeforeClass</span>
                <span class="method-start">5066 ms</span>
              </div> <!-- configuration-class before -->
              <div class="test-method">
                <img src="failed.png">
                </img>
                <span class="method-name">testArequestAPI(org.testng.TestRunner@74d53b10, {TestCaseID=_S001, TestCaseName=_SanityChallenge_Sample Valid Verify...)</span>
                <span class="method-start">5143 ms</span>
              </div> <!-- test-method -->
              <div class="configuration-method after">
                <span class="method-name">afterMethodProcessing([TestResult name=testArequestAPI status=FAILURE method=TDSVerifyAPI_TC.testArequestAPI(org.testng.IT...)</span>
                <span class="method-start">5145 ms</span>
              </div> <!-- configuration-method after -->
              <div class="configuration-class after">
                <span class="method-name">AfterClass</span>
                <span class="method-start">5199 ms</span>
              </div> <!-- configuration-class after -->
              <div class="configuration-test after">
                <span class="method-name">AfterTestClass</span>
                <span class="method-start">5200 ms</span>
              </div> <!-- configuration-test after -->
              <div class="configuration-suite after">
                <span class="method-name">endSuite</span>
                <span class="method-start">5225 ms</span>
              </div> <!-- configuration-suite after -->
          </div> <!-- main-panel-content rounded-window-bottom -->
        </div> <!-- panel -->
        <div panel-name="chronological-3DSSAllFlowsPreview" class="panel">
          <div class="main-panel-header rounded-window-top">
            <span class="header-content">Methods in chronological order</span>
          </div> <!-- main-panel-header rounded-window-top -->
          <div class="main-panel-content rounded-window-bottom">
          </div> <!-- main-panel-content rounded-window-bottom -->
        </div> <!-- panel -->
      </div> <!-- main-panel-root -->
    </div> <!-- wrapper -->
  </body>
</html>
