<html>
<head>
<title>TestNG:  AMEX::Clear Card::Browser::VerifyAPI flow</title>
<link href="../testng.css" rel="stylesheet" type="text/css" />
<link href="../my-testng.css" rel="stylesheet" type="text/css" />

<style type="text/css">
.log { display: none;} 
.stack-trace { display: none;} 
</style>
<script type="text/javascript">
<!--
function flip(e) {
  current = e.style.display;
  if (current == 'block') {
    e.style.display = 'none';
    return 0;
  }
  else {
    e.style.display = 'block';
    return 1;
  }
}

function toggleBox(szDivId, elem, msg1, msg2)
{
  var res = -1;  if (document.getElementById) {
    res = flip(document.getElementById(szDivId));
  }
  else if (document.all) {
    // this is the way old msie versions work
    res = flip(document.all[szDivId]);
  }
  if(elem) {
    if(res == 0) elem.innerHTML = msg1; else elem.innerHTML = msg2;
  }

}

function toggleAllBoxes() {
  if (document.getElementsByTagName) {
    d = document.getElementsByTagName('div');
    for (i = 0; i < d.length; i++) {
      if (d[i].className == 'log') {
        flip(d[i]);
      }
    }
  }
}

// -->
</script>

</head>
<body>
<h2 align='center'>AMEX::Clear Card::Browser::VerifyAPI flow</h2><table border='1' align="center">
<tr>
<td>Tests passed/Failed/Skipped:</td><td>22/12/0</td>
</tr><tr>
<td>Started on:</td><td>Wed Nov 20 14:47:35 IST 2019</td>
</tr>
<tr><td>Total time:</td><td>60 seconds (60185 ms)</td>
</tr><tr>
<td>Included groups:</td><td></td>
</tr><tr>
<td>Excluded groups:</td><td></td>
</tr>
</table><p/>
<small><i>(Hover the method name to see the test class name)</i></small><p/>
<table width='100%' border='1' class='invocation-failed'>
<tr><td colspan='4' align='center'><b>FAILED TESTS</b></td></tr>
<tr><td><b>Test method</b></td>
<td width="30%"><b>Exception</b></td>
<td width="10%"><b>Time (seconds)</b></td>
<td><b>Instance</b></td>
</tr>
<tr>
<td title='com.ca.tds.main.TDSVerifyAPI_TC.testArequestAPI()'><b>testArequestAPI</b><br>Test class: com.ca.tds.main.TDSVerifyAPI_TC<br>Parameters: org.testng.TestRunner@135e9ccf, {TestCaseID=_S004, TestCaseName=3DSServerTransactionID_FLV_TransID, SanityFlag=Y, Test Case type=P, RequirementID=, FieldName=, Expected-threeDSServerTransID=G, Expected-callerTxnRefID=G, Expected-eci=G, Expected-authenticationValue=G, Expected-transStatus=G, Expected-transStatusReason=G, Expected-challengeCancel=G, Expected-resultsStatus=G, Expected-authenticationType=G, Expected-interactionCounter=G, Expected-messageType=RSRs, Expected-XID=G, Expected-errorCode=NA, Expected-errorComponent=NA, Expected-errorDescription=NA, Expected-errorDetail=NA, #threeDSServerTransID#=, #callerTxnRefID#=341b7153-da86-4543-860f-2ba47f0168a5, #cres#=, #messageType#=RSRq, #caMerchantID#=CA_EU, #transStatus#=Y}</td>
<td><div><pre>java.lang.AssertionError: errorComponent: S, errorCode: 501, errorDescription:CA Merchant Server:: RReq not recieved due to technical errorerrorDetail : Internal Trasient error occured for this transaction. Temporary Error occured for this transaction, threeDSServerTransID : 8c83b89a-2991-4903-a18d-7c8a1d6f7351
	at com.ca.tds.main.TDSVerifyAPI_TC.testArequestAPI(TDSVerifyAPI_TC.java:120)
	at java.util.concurrent.ThreadPoolExecutor.runWorker(ThreadPoolExecutor.java:1149)
	at java.util.concurrent.ThreadPoolExecutor$Worker.run(ThreadPoolExecutor.java:624)
	at java.lang.Thread.run(Thread.java:748)
... Removed 11 stack frames</pre></div><a href='#' onClick='toggleBox("stack-trace479800765", this, "Click to show all stack frames", "Click to hide stack frames")'>Click to show all stack frames</a>
<div class='stack-trace' id='stack-trace479800765'><pre>java.lang.AssertionError: errorComponent: S, errorCode: 501, errorDescription:CA Merchant Server:: RReq not recieved due to technical errorerrorDetail : Internal Trasient error occured for this transaction. Temporary Error occured for this transaction, threeDSServerTransID : 8c83b89a-2991-4903-a18d-7c8a1d6f7351
	at org.testng.Assert.fail(Assert.java:96)
	at com.ca.tds.main.TDSVerifyAPI_TC.testArequestAPI(TDSVerifyAPI_TC.java:120)
	at sun.reflect.NativeMethodAccessorImpl.invoke0(Native Method)
	at sun.reflect.NativeMethodAccessorImpl.invoke(NativeMethodAccessorImpl.java:62)
	at sun.reflect.DelegatingMethodAccessorImpl.invoke(DelegatingMethodAccessorImpl.java:43)
	at java.lang.reflect.Method.invoke(Method.java:498)
	at org.testng.internal.MethodInvocationHelper.invokeMethod(MethodInvocationHelper.java:124)
	at org.testng.internal.Invoker.invokeMethod(Invoker.java:583)
	at org.testng.internal.Invoker.invokeTestMethod(Invoker.java:719)
	at org.testng.internal.Invoker.invokeTestMethods(Invoker.java:989)
	at org.testng.internal.TestMethodWorker.invokeTestMethods(TestMethodWorker.java:125)
	at org.testng.internal.TestMethodWorker.run(TestMethodWorker.java:109)
	at java.util.concurrent.ThreadPoolExecutor.runWorker(ThreadPoolExecutor.java:1149)
	at java.util.concurrent.ThreadPoolExecutor$Worker.run(ThreadPoolExecutor.java:624)
	at java.lang.Thread.run(Thread.java:748)
</pre></div></td>
<td>1</td>
<td>com.ca.tds.main.TDSVerifyAPI_TC@1f36e637</td></tr>
<tr>
<td title='com.ca.tds.main.TDSVerifyAPI_TC.testArequestAPI()'><b>testArequestAPI</b><br>Test class: com.ca.tds.main.TDSVerifyAPI_TC<br>Parameters: org.testng.TestRunner@135e9ccf, {TestCaseID=_S011, TestCaseName=RemovalOfOptionalField_CallerTxnRefID, SanityFlag=Y, Test Case type=P, RequirementID=, FieldName=, Expected-threeDSServerTransID=G, Expected-callerTxnRefID=G, Expected-eci=G, Expected-authenticationValue=G, Expected-transStatus=G, Expected-transStatusReason=G, Expected-challengeCancel=G, Expected-resultsStatus=G, Expected-authenticationType=G, Expected-interactionCounter=G, Expected-messageType=RSRs, Expected-XID=G, Expected-errorCode=NA, Expected-errorComponent=NA, Expected-errorDescription=NA, Expected-errorDetail=NA, #threeDSServerTransID#=, #callerTxnRefID#=#REMOVE#, #cres#=, #messageType#=RSRq, #caMerchantID#=CA_EU, #transStatus#=Y}</td>
<td><div><pre>java.lang.AssertionError: errorComponent: S, errorCode: 501, errorDescription:CA Merchant Server:: RReq not recieved due to technical errorerrorDetail : Internal Trasient error occured for this transaction. Temporary Error occured for this transaction, threeDSServerTransID : d4f28fa0-274e-42b7-bf11-2ffff4d9ae3a
	at com.ca.tds.main.TDSVerifyAPI_TC.testArequestAPI(TDSVerifyAPI_TC.java:120)
	at java.util.concurrent.ThreadPoolExecutor.runWorker(ThreadPoolExecutor.java:1149)
	at java.util.concurrent.ThreadPoolExecutor$Worker.run(ThreadPoolExecutor.java:624)
	at java.lang.Thread.run(Thread.java:748)
... Removed 11 stack frames</pre></div><a href='#' onClick='toggleBox("stack-trace259986628", this, "Click to show all stack frames", "Click to hide stack frames")'>Click to show all stack frames</a>
<div class='stack-trace' id='stack-trace259986628'><pre>java.lang.AssertionError: errorComponent: S, errorCode: 501, errorDescription:CA Merchant Server:: RReq not recieved due to technical errorerrorDetail : Internal Trasient error occured for this transaction. Temporary Error occured for this transaction, threeDSServerTransID : d4f28fa0-274e-42b7-bf11-2ffff4d9ae3a
	at org.testng.Assert.fail(Assert.java:96)
	at com.ca.tds.main.TDSVerifyAPI_TC.testArequestAPI(TDSVerifyAPI_TC.java:120)
	at sun.reflect.NativeMethodAccessorImpl.invoke0(Native Method)
	at sun.reflect.NativeMethodAccessorImpl.invoke(NativeMethodAccessorImpl.java:62)
	at sun.reflect.DelegatingMethodAccessorImpl.invoke(DelegatingMethodAccessorImpl.java:43)
	at java.lang.reflect.Method.invoke(Method.java:498)
	at org.testng.internal.MethodInvocationHelper.invokeMethod(MethodInvocationHelper.java:124)
	at org.testng.internal.Invoker.invokeMethod(Invoker.java:583)
	at org.testng.internal.Invoker.invokeTestMethod(Invoker.java:719)
	at org.testng.internal.Invoker.invokeTestMethods(Invoker.java:989)
	at org.testng.internal.TestMethodWorker.invokeTestMethods(TestMethodWorker.java:125)
	at org.testng.internal.TestMethodWorker.run(TestMethodWorker.java:109)
	at java.util.concurrent.ThreadPoolExecutor.runWorker(ThreadPoolExecutor.java:1149)
	at java.util.concurrent.ThreadPoolExecutor$Worker.run(ThreadPoolExecutor.java:624)
	at java.lang.Thread.run(Thread.java:748)
</pre></div></td>
<td>1</td>
<td>com.ca.tds.main.TDSVerifyAPI_TC@1f36e637</td></tr>
<tr>
<td title='com.ca.tds.main.TDSVerifyAPI_TC.testArequestAPI()'><b>testArequestAPI</b><br>Test class: com.ca.tds.main.TDSVerifyAPI_TC<br>Parameters: org.testng.TestRunner@135e9ccf, {TestCaseID=_S012, TestCaseName=WithValid_FullCRES, SanityFlag=Y, Test Case type=P, RequirementID=, FieldName=, Expected-threeDSServerTransID=G, Expected-callerTxnRefID=G, Expected-eci=G, Expected-authenticationValue=G, Expected-transStatus=G, Expected-transStatusReason=G, Expected-challengeCancel=G, Expected-resultsStatus=G, Expected-authenticationType=G, Expected-interactionCounter=G, Expected-messageType=RSRs, Expected-XID=G, Expected-errorCode=NA, Expected-errorComponent=NA, Expected-errorDescription=NA, Expected-errorDetail=NA, #threeDSServerTransID#=, #callerTxnRefID#= , #cres#=, #messageType#=RSRq, #caMerchantID#=CA_EU, #transStatus#=Y}</td>
<td><div><pre>java.lang.AssertionError: errorComponent: S, errorCode: 501, errorDescription:CA Merchant Server:: RReq not recieved due to technical errorerrorDetail : Internal Trasient error occured for this transaction. Temporary Error occured for this transaction, threeDSServerTransID : 1ec5faa5-d6bd-4b59-847c-02dd20d5484f
	at com.ca.tds.main.TDSVerifyAPI_TC.testArequestAPI(TDSVerifyAPI_TC.java:120)
	at java.util.concurrent.ThreadPoolExecutor.runWorker(ThreadPoolExecutor.java:1149)
	at java.util.concurrent.ThreadPoolExecutor$Worker.run(ThreadPoolExecutor.java:624)
	at java.lang.Thread.run(Thread.java:748)
... Removed 11 stack frames</pre></div><a href='#' onClick='toggleBox("stack-trace1803701719", this, "Click to show all stack frames", "Click to hide stack frames")'>Click to show all stack frames</a>
<div class='stack-trace' id='stack-trace1803701719'><pre>java.lang.AssertionError: errorComponent: S, errorCode: 501, errorDescription:CA Merchant Server:: RReq not recieved due to technical errorerrorDetail : Internal Trasient error occured for this transaction. Temporary Error occured for this transaction, threeDSServerTransID : 1ec5faa5-d6bd-4b59-847c-02dd20d5484f
	at org.testng.Assert.fail(Assert.java:96)
	at com.ca.tds.main.TDSVerifyAPI_TC.testArequestAPI(TDSVerifyAPI_TC.java:120)
	at sun.reflect.NativeMethodAccessorImpl.invoke0(Native Method)
	at sun.reflect.NativeMethodAccessorImpl.invoke(NativeMethodAccessorImpl.java:62)
	at sun.reflect.DelegatingMethodAccessorImpl.invoke(DelegatingMethodAccessorImpl.java:43)
	at java.lang.reflect.Method.invoke(Method.java:498)
	at org.testng.internal.MethodInvocationHelper.invokeMethod(MethodInvocationHelper.java:124)
	at org.testng.internal.Invoker.invokeMethod(Invoker.java:583)
	at org.testng.internal.Invoker.invokeTestMethod(Invoker.java:719)
	at org.testng.internal.Invoker.invokeTestMethods(Invoker.java:989)
	at org.testng.internal.TestMethodWorker.invokeTestMethods(TestMethodWorker.java:125)
	at org.testng.internal.TestMethodWorker.run(TestMethodWorker.java:109)
	at java.util.concurrent.ThreadPoolExecutor.runWorker(ThreadPoolExecutor.java:1149)
	at java.util.concurrent.ThreadPoolExecutor$Worker.run(ThreadPoolExecutor.java:624)
	at java.lang.Thread.run(Thread.java:748)
</pre></div></td>
<td>1</td>
<td>com.ca.tds.main.TDSVerifyAPI_TC@1f36e637</td></tr>
<tr>
<td title='com.ca.tds.main.TDSVerifyAPI_TC.testArequestAPI()'><b>testArequestAPI</b><br>Test class: com.ca.tds.main.TDSVerifyAPI_TC<br>Parameters: org.testng.TestRunner@135e9ccf, {TestCaseID=_S013, TestCaseName=PartialCRES_Without_threeDSServerTransID, SanityFlag=Y, Test Case type=P, RequirementID=, FieldName=, Expected-threeDSServerTransID=G, Expected-callerTxnRefID=G, Expected-eci=G, Expected-authenticationValue=G, Expected-transStatus=G, Expected-transStatusReason=G, Expected-challengeCancel=G, Expected-resultsStatus=G, Expected-authenticationType=G, Expected-interactionCounter=G, Expected-messageType=RSRs, Expected-XID=G, Expected-errorCode=NA, Expected-errorComponent=NA, Expected-errorDescription=NA, Expected-errorDetail=NA, #threeDSServerTransID#=, #callerTxnRefID#=341b7153-da86-4543-860f-2ba47f0168a5, #cres#=, #messageType#=RSRq, #caMerchantID#=CA_EU, #transStatus#=Y}</td>
<td><div><pre>java.lang.AssertionError: errorComponent: S, errorCode: 501, errorDescription:CA Merchant Server:: RReq not recieved due to technical errorerrorDetail : Internal Trasient error occured for this transaction. Temporary Error occured for this transaction, threeDSServerTransID : 68b0c3b2-ffa3-4fb0-ba08-862fc805c4c2
	at com.ca.tds.main.TDSVerifyAPI_TC.testArequestAPI(TDSVerifyAPI_TC.java:120)
	at java.util.concurrent.ThreadPoolExecutor.runWorker(ThreadPoolExecutor.java:1149)
	at java.util.concurrent.ThreadPoolExecutor$Worker.run(ThreadPoolExecutor.java:624)
	at java.lang.Thread.run(Thread.java:748)
... Removed 11 stack frames</pre></div><a href='#' onClick='toggleBox("stack-trace1074592569", this, "Click to show all stack frames", "Click to hide stack frames")'>Click to show all stack frames</a>
<div class='stack-trace' id='stack-trace1074592569'><pre>java.lang.AssertionError: errorComponent: S, errorCode: 501, errorDescription:CA Merchant Server:: RReq not recieved due to technical errorerrorDetail : Internal Trasient error occured for this transaction. Temporary Error occured for this transaction, threeDSServerTransID : 68b0c3b2-ffa3-4fb0-ba08-862fc805c4c2
	at org.testng.Assert.fail(Assert.java:96)
	at com.ca.tds.main.TDSVerifyAPI_TC.testArequestAPI(TDSVerifyAPI_TC.java:120)
	at sun.reflect.NativeMethodAccessorImpl.invoke0(Native Method)
	at sun.reflect.NativeMethodAccessorImpl.invoke(NativeMethodAccessorImpl.java:62)
	at sun.reflect.DelegatingMethodAccessorImpl.invoke(DelegatingMethodAccessorImpl.java:43)
	at java.lang.reflect.Method.invoke(Method.java:498)
	at org.testng.internal.MethodInvocationHelper.invokeMethod(MethodInvocationHelper.java:124)
	at org.testng.internal.Invoker.invokeMethod(Invoker.java:583)
	at org.testng.internal.Invoker.invokeTestMethod(Invoker.java:719)
	at org.testng.internal.Invoker.invokeTestMethods(Invoker.java:989)
	at org.testng.internal.TestMethodWorker.invokeTestMethods(TestMethodWorker.java:125)
	at org.testng.internal.TestMethodWorker.run(TestMethodWorker.java:109)
	at java.util.concurrent.ThreadPoolExecutor.runWorker(ThreadPoolExecutor.java:1149)
	at java.util.concurrent.ThreadPoolExecutor$Worker.run(ThreadPoolExecutor.java:624)
	at java.lang.Thread.run(Thread.java:748)
</pre></div></td>
<td>1</td>
<td>com.ca.tds.main.TDSVerifyAPI_TC@1f36e637</td></tr>
<tr>
<td title='com.ca.tds.main.TDSVerifyAPI_TC.testArequestAPI()'><b>testArequestAPI</b><br>Test class: com.ca.tds.main.TDSVerifyAPI_TC<br>Parameters: org.testng.TestRunner@135e9ccf, {TestCaseID=_S014, TestCaseName=PartialCRES_Without_acsTransID, SanityFlag=Y, Test Case type=P, RequirementID=, FieldName=, Expected-threeDSServerTransID=G, Expected-callerTxnRefID=G, Expected-eci=G, Expected-authenticationValue=G, Expected-transStatus=G, Expected-transStatusReason=G, Expected-challengeCancel=G, Expected-resultsStatus=G, Expected-authenticationType=G, Expected-interactionCounter=G, Expected-messageType=RSRs, Expected-XID=G, Expected-errorCode=NA, Expected-errorComponent=NA, Expected-errorDescription=NA, Expected-errorDetail=NA, #threeDSServerTransID#=, #callerTxnRefID#=341b7153-da86-4543-860f-2ba47f0168a5, #cres#=, #messageType#=RSRq, #caMerchantID#=CA_EU, #transStatus#=Y}</td>
<td><div><pre>java.lang.AssertionError: errorComponent: S, errorCode: 501, errorDescription:CA Merchant Server:: RReq not recieved due to technical errorerrorDetail : Internal Trasient error occured for this transaction. Temporary Error occured for this transaction, threeDSServerTransID : 2363bd2a-15fb-4580-bb1c-71acb7d06395
	at com.ca.tds.main.TDSVerifyAPI_TC.testArequestAPI(TDSVerifyAPI_TC.java:120)
	at java.util.concurrent.ThreadPoolExecutor.runWorker(ThreadPoolExecutor.java:1149)
	at java.util.concurrent.ThreadPoolExecutor$Worker.run(ThreadPoolExecutor.java:624)
	at java.lang.Thread.run(Thread.java:748)
... Removed 11 stack frames</pre></div><a href='#' onClick='toggleBox("stack-trace48225598", this, "Click to show all stack frames", "Click to hide stack frames")'>Click to show all stack frames</a>
<div class='stack-trace' id='stack-trace48225598'><pre>java.lang.AssertionError: errorComponent: S, errorCode: 501, errorDescription:CA Merchant Server:: RReq not recieved due to technical errorerrorDetail : Internal Trasient error occured for this transaction. Temporary Error occured for this transaction, threeDSServerTransID : 2363bd2a-15fb-4580-bb1c-71acb7d06395
	at org.testng.Assert.fail(Assert.java:96)
	at com.ca.tds.main.TDSVerifyAPI_TC.testArequestAPI(TDSVerifyAPI_TC.java:120)
	at sun.reflect.NativeMethodAccessorImpl.invoke0(Native Method)
	at sun.reflect.NativeMethodAccessorImpl.invoke(NativeMethodAccessorImpl.java:62)
	at sun.reflect.DelegatingMethodAccessorImpl.invoke(DelegatingMethodAccessorImpl.java:43)
	at java.lang.reflect.Method.invoke(Method.java:498)
	at org.testng.internal.MethodInvocationHelper.invokeMethod(MethodInvocationHelper.java:124)
	at org.testng.internal.Invoker.invokeMethod(Invoker.java:583)
	at org.testng.internal.Invoker.invokeTestMethod(Invoker.java:719)
	at org.testng.internal.Invoker.invokeTestMethods(Invoker.java:989)
	at org.testng.internal.TestMethodWorker.invokeTestMethods(TestMethodWorker.java:125)
	at org.testng.internal.TestMethodWorker.run(TestMethodWorker.java:109)
	at java.util.concurrent.ThreadPoolExecutor.runWorker(ThreadPoolExecutor.java:1149)
	at java.util.concurrent.ThreadPoolExecutor$Worker.run(ThreadPoolExecutor.java:624)
	at java.lang.Thread.run(Thread.java:748)
</pre></div></td>
<td>1</td>
<td>com.ca.tds.main.TDSVerifyAPI_TC@1f36e637</td></tr>
<tr>
<td title='com.ca.tds.main.TDSVerifyAPI_TC.testArequestAPI()'><b>testArequestAPI</b><br>Test class: com.ca.tds.main.TDSVerifyAPI_TC<br>Parameters: org.testng.TestRunner@135e9ccf, {TestCaseID=_S015, TestCaseName=PartialCRES_Without_challengeCompletionInd, SanityFlag=Y, Test Case type=P, RequirementID=, FieldName=, Expected-threeDSServerTransID=G, Expected-callerTxnRefID=G, Expected-eci=G, Expected-authenticationValue=G, Expected-transStatus=G, Expected-transStatusReason=G, Expected-challengeCancel=G, Expected-resultsStatus=G, Expected-authenticationType=G, Expected-interactionCounter=G, Expected-messageType=RSRs, Expected-XID=G, Expected-errorCode=NA, Expected-errorComponent=NA, Expected-errorDescription=NA, Expected-errorDetail=NA, #threeDSServerTransID#=, #callerTxnRefID#=341b7153-da86-4543-860f-2ba47f0168a5, #cres#=, #messageType#=RSRq, #caMerchantID#=CA_EU, #transStatus#=Y}</td>
<td><div><pre>java.lang.AssertionError: errorComponent: S, errorCode: 501, errorDescription:CA Merchant Server:: RReq not recieved due to technical errorerrorDetail : Internal Trasient error occured for this transaction. Temporary Error occured for this transaction, threeDSServerTransID : 9004444d-83a1-4740-a89d-69e193902675
	at com.ca.tds.main.TDSVerifyAPI_TC.testArequestAPI(TDSVerifyAPI_TC.java:120)
	at java.util.concurrent.ThreadPoolExecutor.runWorker(ThreadPoolExecutor.java:1149)
	at java.util.concurrent.ThreadPoolExecutor$Worker.run(ThreadPoolExecutor.java:624)
	at java.lang.Thread.run(Thread.java:748)
... Removed 11 stack frames</pre></div><a href='#' onClick='toggleBox("stack-trace2089054209", this, "Click to show all stack frames", "Click to hide stack frames")'>Click to show all stack frames</a>
<div class='stack-trace' id='stack-trace2089054209'><pre>java.lang.AssertionError: errorComponent: S, errorCode: 501, errorDescription:CA Merchant Server:: RReq not recieved due to technical errorerrorDetail : Internal Trasient error occured for this transaction. Temporary Error occured for this transaction, threeDSServerTransID : 9004444d-83a1-4740-a89d-69e193902675
	at org.testng.Assert.fail(Assert.java:96)
	at com.ca.tds.main.TDSVerifyAPI_TC.testArequestAPI(TDSVerifyAPI_TC.java:120)
	at sun.reflect.NativeMethodAccessorImpl.invoke0(Native Method)
	at sun.reflect.NativeMethodAccessorImpl.invoke(NativeMethodAccessorImpl.java:62)
	at sun.reflect.DelegatingMethodAccessorImpl.invoke(DelegatingMethodAccessorImpl.java:43)
	at java.lang.reflect.Method.invoke(Method.java:498)
	at org.testng.internal.MethodInvocationHelper.invokeMethod(MethodInvocationHelper.java:124)
	at org.testng.internal.Invoker.invokeMethod(Invoker.java:583)
	at org.testng.internal.Invoker.invokeTestMethod(Invoker.java:719)
	at org.testng.internal.Invoker.invokeTestMethods(Invoker.java:989)
	at org.testng.internal.TestMethodWorker.invokeTestMethods(TestMethodWorker.java:125)
	at org.testng.internal.TestMethodWorker.run(TestMethodWorker.java:109)
	at java.util.concurrent.ThreadPoolExecutor.runWorker(ThreadPoolExecutor.java:1149)
	at java.util.concurrent.ThreadPoolExecutor$Worker.run(ThreadPoolExecutor.java:624)
	at java.lang.Thread.run(Thread.java:748)
</pre></div></td>
<td>1</td>
<td>com.ca.tds.main.TDSVerifyAPI_TC@1f36e637</td></tr>
<tr>
<td title='com.ca.tds.main.TDSVerifyAPI_TC.testArequestAPI()'><b>testArequestAPI</b><br>Test class: com.ca.tds.main.TDSVerifyAPI_TC<br>Parameters: org.testng.TestRunner@135e9ccf, {TestCaseID=_S016, TestCaseName=PartialCRES_Without_messageType, SanityFlag=Y, Test Case type=P, RequirementID=, FieldName=, Expected-threeDSServerTransID=G, Expected-callerTxnRefID=G, Expected-eci=G, Expected-authenticationValue=G, Expected-transStatus=G, Expected-transStatusReason=G, Expected-challengeCancel=G, Expected-resultsStatus=G, Expected-authenticationType=G, Expected-interactionCounter=G, Expected-messageType=RSRs, Expected-XID=G, Expected-errorCode=NA, Expected-errorComponent=NA, Expected-errorDescription=NA, Expected-errorDetail=NA, #threeDSServerTransID#=, #callerTxnRefID#=341b7153-da86-4543-860f-2ba47f0168a5, #cres#=, #messageType#=RSRq, #caMerchantID#=CA_EU, #transStatus#=Y}</td>
<td><div><pre>java.lang.AssertionError: errorComponent: S, errorCode: 501, errorDescription:CA Merchant Server:: RReq not recieved due to technical errorerrorDetail : Internal Trasient error occured for this transaction. Temporary Error occured for this transaction, threeDSServerTransID : 0618515d-dbbd-4008-9aed-f14be05c2340
	at com.ca.tds.main.TDSVerifyAPI_TC.testArequestAPI(TDSVerifyAPI_TC.java:120)
	at java.util.concurrent.ThreadPoolExecutor.runWorker(ThreadPoolExecutor.java:1149)
	at java.util.concurrent.ThreadPoolExecutor$Worker.run(ThreadPoolExecutor.java:624)
	at java.lang.Thread.run(Thread.java:748)
... Removed 11 stack frames</pre></div><a href='#' onClick='toggleBox("stack-trace948140004", this, "Click to show all stack frames", "Click to hide stack frames")'>Click to show all stack frames</a>
<div class='stack-trace' id='stack-trace948140004'><pre>java.lang.AssertionError: errorComponent: S, errorCode: 501, errorDescription:CA Merchant Server:: RReq not recieved due to technical errorerrorDetail : Internal Trasient error occured for this transaction. Temporary Error occured for this transaction, threeDSServerTransID : 0618515d-dbbd-4008-9aed-f14be05c2340
	at org.testng.Assert.fail(Assert.java:96)
	at com.ca.tds.main.TDSVerifyAPI_TC.testArequestAPI(TDSVerifyAPI_TC.java:120)
	at sun.reflect.NativeMethodAccessorImpl.invoke0(Native Method)
	at sun.reflect.NativeMethodAccessorImpl.invoke(NativeMethodAccessorImpl.java:62)
	at sun.reflect.DelegatingMethodAccessorImpl.invoke(DelegatingMethodAccessorImpl.java:43)
	at java.lang.reflect.Method.invoke(Method.java:498)
	at org.testng.internal.MethodInvocationHelper.invokeMethod(MethodInvocationHelper.java:124)
	at org.testng.internal.Invoker.invokeMethod(Invoker.java:583)
	at org.testng.internal.Invoker.invokeTestMethod(Invoker.java:719)
	at org.testng.internal.Invoker.invokeTestMethods(Invoker.java:989)
	at org.testng.internal.TestMethodWorker.invokeTestMethods(TestMethodWorker.java:125)
	at org.testng.internal.TestMethodWorker.run(TestMethodWorker.java:109)
	at java.util.concurrent.ThreadPoolExecutor.runWorker(ThreadPoolExecutor.java:1149)
	at java.util.concurrent.ThreadPoolExecutor$Worker.run(ThreadPoolExecutor.java:624)
	at java.lang.Thread.run(Thread.java:748)
</pre></div></td>
<td>1</td>
<td>com.ca.tds.main.TDSVerifyAPI_TC@1f36e637</td></tr>
<tr>
<td title='com.ca.tds.main.TDSVerifyAPI_TC.testArequestAPI()'><b>testArequestAPI</b><br>Test class: com.ca.tds.main.TDSVerifyAPI_TC<br>Parameters: org.testng.TestRunner@135e9ccf, {TestCaseID=_S018, TestCaseName=PartialCRES_Without_messageVersion, SanityFlag=Y, Test Case type=P, RequirementID=, FieldName=, Expected-threeDSServerTransID=G, Expected-callerTxnRefID=G, Expected-eci=G, Expected-authenticationValue=G, Expected-transStatus=G, Expected-transStatusReason=G, Expected-challengeCancel=G, Expected-resultsStatus=G, Expected-authenticationType=G, Expected-interactionCounter=G, Expected-messageType=RSRs, Expected-XID=G, Expected-errorCode=NA, Expected-errorComponent=NA, Expected-errorDescription=NA, Expected-errorDetail=NA, #threeDSServerTransID#=, #callerTxnRefID#=341b7153-da86-4543-860f-2ba47f0168a5, #cres#=, #messageType#=RSRq, #caMerchantID#=CA_EU, #transStatus#=Y}</td>
<td><div><pre>java.lang.AssertionError: errorComponent: S, errorCode: 501, errorDescription:CA Merchant Server:: RReq not recieved due to technical errorerrorDetail : Internal Trasient error occured for this transaction. Temporary Error occured for this transaction, threeDSServerTransID : 015e54d2-720a-4e11-8279-cf2e5fceee9b
	at com.ca.tds.main.TDSVerifyAPI_TC.testArequestAPI(TDSVerifyAPI_TC.java:120)
	at java.util.concurrent.ThreadPoolExecutor.runWorker(ThreadPoolExecutor.java:1149)
	at java.util.concurrent.ThreadPoolExecutor$Worker.run(ThreadPoolExecutor.java:624)
	at java.lang.Thread.run(Thread.java:748)
... Removed 10 stack frames</pre></div><a href='#' onClick='toggleBox("stack-trace1165350033", this, "Click to show all stack frames", "Click to hide stack frames")'>Click to show all stack frames</a>
<div class='stack-trace' id='stack-trace1165350033'><pre>java.lang.AssertionError: errorComponent: S, errorCode: 501, errorDescription:CA Merchant Server:: RReq not recieved due to technical errorerrorDetail : Internal Trasient error occured for this transaction. Temporary Error occured for this transaction, threeDSServerTransID : 015e54d2-720a-4e11-8279-cf2e5fceee9b
	at org.testng.Assert.fail(Assert.java:96)
	at com.ca.tds.main.TDSVerifyAPI_TC.testArequestAPI(TDSVerifyAPI_TC.java:120)
	at sun.reflect.GeneratedMethodAccessor37.invoke(Unknown Source)
	at sun.reflect.DelegatingMethodAccessorImpl.invoke(DelegatingMethodAccessorImpl.java:43)
	at java.lang.reflect.Method.invoke(Method.java:498)
	at org.testng.internal.MethodInvocationHelper.invokeMethod(MethodInvocationHelper.java:124)
	at org.testng.internal.Invoker.invokeMethod(Invoker.java:583)
	at org.testng.internal.Invoker.invokeTestMethod(Invoker.java:719)
	at org.testng.internal.Invoker.invokeTestMethods(Invoker.java:989)
	at org.testng.internal.TestMethodWorker.invokeTestMethods(TestMethodWorker.java:125)
	at org.testng.internal.TestMethodWorker.run(TestMethodWorker.java:109)
	at java.util.concurrent.ThreadPoolExecutor.runWorker(ThreadPoolExecutor.java:1149)
	at java.util.concurrent.ThreadPoolExecutor$Worker.run(ThreadPoolExecutor.java:624)
	at java.lang.Thread.run(Thread.java:748)
</pre></div></td>
<td>1</td>
<td>com.ca.tds.main.TDSVerifyAPI_TC@1f36e637</td></tr>
<tr>
<td title='com.ca.tds.main.TDSVerifyAPI_TC.testArequestAPI()'><b>testArequestAPI</b><br>Test class: com.ca.tds.main.TDSVerifyAPI_TC<br>Parameters: org.testng.TestRunner@135e9ccf, {TestCaseID=_S027, TestCaseName=ValidCAMerchantID, SanityFlag=Y, Test Case type=P, RequirementID=, FieldName=, Expected-threeDSServerTransID=G, Expected-callerTxnRefID=G, Expected-eci=G, Expected-authenticationValue=G, Expected-transStatus=G, Expected-transStatusReason=G, Expected-challengeCancel=G, Expected-resultsStatus=G, Expected-authenticationType=G, Expected-interactionCounter=G, Expected-messageType=RSRs, Expected-XID=G, Expected-errorCode=NA, Expected-errorComponent=NA, Expected-errorDescription=NA, Expected-errorDetail=NA, #threeDSServerTransID#=, #callerTxnRefID#=341b7153-da86-4543-860f-2ba47f0168a5, #cres#=, #messageType#=RSRq, #caMerchantID#=CA_EU, #transStatus#=Y}</td>
<td><div><pre>java.lang.AssertionError: errorComponent: S, errorCode: 501, errorDescription:CA Merchant Server:: RReq not recieved due to technical errorerrorDetail : Internal Trasient error occured for this transaction. Temporary Error occured for this transaction, threeDSServerTransID : 37e7eb4e-9d01-4bb7-9c81-43880e265fbd
	at com.ca.tds.main.TDSVerifyAPI_TC.testArequestAPI(TDSVerifyAPI_TC.java:120)
	at java.util.concurrent.ThreadPoolExecutor.runWorker(ThreadPoolExecutor.java:1149)
	at java.util.concurrent.ThreadPoolExecutor$Worker.run(ThreadPoolExecutor.java:624)
	at java.lang.Thread.run(Thread.java:748)
... Removed 10 stack frames</pre></div><a href='#' onClick='toggleBox("stack-trace1485588431", this, "Click to show all stack frames", "Click to hide stack frames")'>Click to show all stack frames</a>
<div class='stack-trace' id='stack-trace1485588431'><pre>java.lang.AssertionError: errorComponent: S, errorCode: 501, errorDescription:CA Merchant Server:: RReq not recieved due to technical errorerrorDetail : Internal Trasient error occured for this transaction. Temporary Error occured for this transaction, threeDSServerTransID : 37e7eb4e-9d01-4bb7-9c81-43880e265fbd
	at org.testng.Assert.fail(Assert.java:96)
	at com.ca.tds.main.TDSVerifyAPI_TC.testArequestAPI(TDSVerifyAPI_TC.java:120)
	at sun.reflect.GeneratedMethodAccessor37.invoke(Unknown Source)
	at sun.reflect.DelegatingMethodAccessorImpl.invoke(DelegatingMethodAccessorImpl.java:43)
	at java.lang.reflect.Method.invoke(Method.java:498)
	at org.testng.internal.MethodInvocationHelper.invokeMethod(MethodInvocationHelper.java:124)
	at org.testng.internal.Invoker.invokeMethod(Invoker.java:583)
	at org.testng.internal.Invoker.invokeTestMethod(Invoker.java:719)
	at org.testng.internal.Invoker.invokeTestMethods(Invoker.java:989)
	at org.testng.internal.TestMethodWorker.invokeTestMethods(TestMethodWorker.java:125)
	at org.testng.internal.TestMethodWorker.run(TestMethodWorker.java:109)
	at java.util.concurrent.ThreadPoolExecutor.runWorker(ThreadPoolExecutor.java:1149)
	at java.util.concurrent.ThreadPoolExecutor$Worker.run(ThreadPoolExecutor.java:624)
	at java.lang.Thread.run(Thread.java:748)
</pre></div></td>
<td>1</td>
<td>com.ca.tds.main.TDSVerifyAPI_TC@1f36e637</td></tr>
<tr>
<td title='com.ca.tds.main.TDSVerifyAPI_TC.testArequestAPI()'><b>testArequestAPI</b><br>Test class: com.ca.tds.main.TDSVerifyAPI_TC<br>Parameters: org.testng.TestRunner@135e9ccf, {TestCaseID=_S028, TestCaseName=Empty_CAMerchantID, SanityFlag=Y, Test Case type=P, RequirementID=, FieldName=, Expected-threeDSServerTransID=G, Expected-callerTxnRefID=G, Expected-eci=G, Expected-authenticationValue=G, Expected-transStatus=G, Expected-transStatusReason=G, Expected-challengeCancel=G, Expected-resultsStatus=G, Expected-authenticationType=G, Expected-interactionCounter=G, Expected-messageType=RSRs, Expected-XID=G, Expected-errorCode=NA, Expected-errorComponent=NA, Expected-errorDescription=NA, Expected-errorDetail=NA, #threeDSServerTransID#=, #callerTxnRefID#=341b7153-da86-4543-860f-2ba47f0168a5, #cres#=, #messageType#=RSRq, #caMerchantID#=empty, #transStatus#=Y}</td>
<td><div><pre>java.lang.AssertionError: errorComponent: S, errorCode: 501, errorDescription:CA Merchant Server:: RReq not recieved due to technical errorerrorDetail : Internal Trasient error occured for this transaction. Temporary Error occured for this transaction, threeDSServerTransID : 11a68216-9564-407e-baba-2db469f6d698
	at com.ca.tds.main.TDSVerifyAPI_TC.testArequestAPI(TDSVerifyAPI_TC.java:120)
	at java.util.concurrent.ThreadPoolExecutor.runWorker(ThreadPoolExecutor.java:1149)
	at java.util.concurrent.ThreadPoolExecutor$Worker.run(ThreadPoolExecutor.java:624)
	at java.lang.Thread.run(Thread.java:748)
... Removed 10 stack frames</pre></div><a href='#' onClick='toggleBox("stack-trace443751501", this, "Click to show all stack frames", "Click to hide stack frames")'>Click to show all stack frames</a>
<div class='stack-trace' id='stack-trace443751501'><pre>java.lang.AssertionError: errorComponent: S, errorCode: 501, errorDescription:CA Merchant Server:: RReq not recieved due to technical errorerrorDetail : Internal Trasient error occured for this transaction. Temporary Error occured for this transaction, threeDSServerTransID : 11a68216-9564-407e-baba-2db469f6d698
	at org.testng.Assert.fail(Assert.java:96)
	at com.ca.tds.main.TDSVerifyAPI_TC.testArequestAPI(TDSVerifyAPI_TC.java:120)
	at sun.reflect.GeneratedMethodAccessor37.invoke(Unknown Source)
	at sun.reflect.DelegatingMethodAccessorImpl.invoke(DelegatingMethodAccessorImpl.java:43)
	at java.lang.reflect.Method.invoke(Method.java:498)
	at org.testng.internal.MethodInvocationHelper.invokeMethod(MethodInvocationHelper.java:124)
	at org.testng.internal.Invoker.invokeMethod(Invoker.java:583)
	at org.testng.internal.Invoker.invokeTestMethod(Invoker.java:719)
	at org.testng.internal.Invoker.invokeTestMethods(Invoker.java:989)
	at org.testng.internal.TestMethodWorker.invokeTestMethods(TestMethodWorker.java:125)
	at org.testng.internal.TestMethodWorker.run(TestMethodWorker.java:109)
	at java.util.concurrent.ThreadPoolExecutor.runWorker(ThreadPoolExecutor.java:1149)
	at java.util.concurrent.ThreadPoolExecutor$Worker.run(ThreadPoolExecutor.java:624)
	at java.lang.Thread.run(Thread.java:748)
</pre></div></td>
<td>1</td>
<td>com.ca.tds.main.TDSVerifyAPI_TC@1f36e637</td></tr>
<tr>
<td title='com.ca.tds.main.TDSVerifyAPI_TC.testArequestAPI()'><b>testArequestAPI</b><br>Test class: com.ca.tds.main.TDSVerifyAPI_TC<br>Parameters: org.testng.TestRunner@135e9ccf, {TestCaseID=_S032, TestCaseName=Timeout scenario for DS unable to send Rres to ACS, SanityFlag=Y, Test Case type=P, RequirementID=, FieldName=, Expected-threeDSServerTransID=G, Expected-callerTxnRefID=G, Expected-eci=G, Expected-authenticationValue=G, Expected-transStatus=G, Expected-transStatusReason=G, Expected-challengeCancel=G, Expected-resultsStatus=G, Expected-authenticationType=G, Expected-interactionCounter=G, Expected-messageType=RSRs, Expected-XID=G, Expected-errorCode=NA, Expected-errorComponent=NA, Expected-errorDescription=NA, Expected-errorDetail=NA, #threeDSServerTransID#=, #callerTxnRefID#=341b7153-da86-4543-860f-2ba47f0168a5, #cres#=, #messageType#=RSRq, #caMerchantID#=CA_EU, #transStatus#=N}</td>
<td><div><pre>java.lang.AssertionError: errorComponent: S, errorCode: 501, errorDescription:CA Merchant Server:: RReq not recieved due to technical errorerrorDetail : Internal Trasient error occured for this transaction. Temporary Error occured for this transaction, threeDSServerTransID : 908d37ed-4b94-42be-af1f-7fc4449745d1
	at com.ca.tds.main.TDSVerifyAPI_TC.testArequestAPI(TDSVerifyAPI_TC.java:120)
	at java.util.concurrent.ThreadPoolExecutor.runWorker(ThreadPoolExecutor.java:1149)
	at java.util.concurrent.ThreadPoolExecutor$Worker.run(ThreadPoolExecutor.java:624)
	at java.lang.Thread.run(Thread.java:748)
... Removed 10 stack frames</pre></div><a href='#' onClick='toggleBox("stack-trace672039436", this, "Click to show all stack frames", "Click to hide stack frames")'>Click to show all stack frames</a>
<div class='stack-trace' id='stack-trace672039436'><pre>java.lang.AssertionError: errorComponent: S, errorCode: 501, errorDescription:CA Merchant Server:: RReq not recieved due to technical errorerrorDetail : Internal Trasient error occured for this transaction. Temporary Error occured for this transaction, threeDSServerTransID : 908d37ed-4b94-42be-af1f-7fc4449745d1
	at org.testng.Assert.fail(Assert.java:96)
	at com.ca.tds.main.TDSVerifyAPI_TC.testArequestAPI(TDSVerifyAPI_TC.java:120)
	at sun.reflect.GeneratedMethodAccessor37.invoke(Unknown Source)
	at sun.reflect.DelegatingMethodAccessorImpl.invoke(DelegatingMethodAccessorImpl.java:43)
	at java.lang.reflect.Method.invoke(Method.java:498)
	at org.testng.internal.MethodInvocationHelper.invokeMethod(MethodInvocationHelper.java:124)
	at org.testng.internal.Invoker.invokeMethod(Invoker.java:583)
	at org.testng.internal.Invoker.invokeTestMethod(Invoker.java:719)
	at org.testng.internal.Invoker.invokeTestMethods(Invoker.java:989)
	at org.testng.internal.TestMethodWorker.invokeTestMethods(TestMethodWorker.java:125)
	at org.testng.internal.TestMethodWorker.run(TestMethodWorker.java:109)
	at java.util.concurrent.ThreadPoolExecutor.runWorker(ThreadPoolExecutor.java:1149)
	at java.util.concurrent.ThreadPoolExecutor$Worker.run(ThreadPoolExecutor.java:624)
	at java.lang.Thread.run(Thread.java:748)
</pre></div></td>
<td>1</td>
<td>com.ca.tds.main.TDSVerifyAPI_TC@1f36e637</td></tr>
<tr>
<td title='com.ca.tds.main.TDSVerifyAPI_TC.testArequestAPI()'><b>testArequestAPI</b><br>Test class: com.ca.tds.main.TDSVerifyAPI_TC<br>Parameters: org.testng.TestRunner@135e9ccf, {TestCaseID=_S033, TestCaseName=Timeout scenario for 3DSS unable to send Rres to DS, SanityFlag=Y, Test Case type=P, RequirementID=, FieldName=, Expected-threeDSServerTransID=G, Expected-callerTxnRefID=G, Expected-eci=G, Expected-authenticationValue=G, Expected-transStatus=G, Expected-transStatusReason=G, Expected-challengeCancel=G, Expected-resultsStatus=G, Expected-authenticationType=G, Expected-interactionCounter=G, Expected-messageType=RSRs, Expected-XID=G, Expected-errorCode=NA, Expected-errorComponent=NA, Expected-errorDescription=NA, Expected-errorDetail=NA, #threeDSServerTransID#=, #callerTxnRefID#=341b7153-da86-4543-860f-2ba47f0168a5, #cres#=, #messageType#=RSRq, #caMerchantID#=CA_EU, #transStatus#=N}</td>
<td><div><pre>java.lang.AssertionError: errorComponent: S, errorCode: 501, errorDescription:CA Merchant Server:: RReq not recieved due to technical errorerrorDetail : Internal Trasient error occured for this transaction. Temporary Error occured for this transaction, threeDSServerTransID : 78d57a45-c0bc-4b18-8014-cfab375eeac1
	at com.ca.tds.main.TDSVerifyAPI_TC.testArequestAPI(TDSVerifyAPI_TC.java:120)
	at java.util.concurrent.ThreadPoolExecutor.runWorker(ThreadPoolExecutor.java:1149)
	at java.util.concurrent.ThreadPoolExecutor$Worker.run(ThreadPoolExecutor.java:624)
	at java.lang.Thread.run(Thread.java:748)
... Removed 10 stack frames</pre></div><a href='#' onClick='toggleBox("stack-trace1387391623", this, "Click to show all stack frames", "Click to hide stack frames")'>Click to show all stack frames</a>
<div class='stack-trace' id='stack-trace1387391623'><pre>java.lang.AssertionError: errorComponent: S, errorCode: 501, errorDescription:CA Merchant Server:: RReq not recieved due to technical errorerrorDetail : Internal Trasient error occured for this transaction. Temporary Error occured for this transaction, threeDSServerTransID : 78d57a45-c0bc-4b18-8014-cfab375eeac1
	at org.testng.Assert.fail(Assert.java:96)
	at com.ca.tds.main.TDSVerifyAPI_TC.testArequestAPI(TDSVerifyAPI_TC.java:120)
	at sun.reflect.GeneratedMethodAccessor37.invoke(Unknown Source)
	at sun.reflect.DelegatingMethodAccessorImpl.invoke(DelegatingMethodAccessorImpl.java:43)
	at java.lang.reflect.Method.invoke(Method.java:498)
	at org.testng.internal.MethodInvocationHelper.invokeMethod(MethodInvocationHelper.java:124)
	at org.testng.internal.Invoker.invokeMethod(Invoker.java:583)
	at org.testng.internal.Invoker.invokeTestMethod(Invoker.java:719)
	at org.testng.internal.Invoker.invokeTestMethods(Invoker.java:989)
	at org.testng.internal.TestMethodWorker.invokeTestMethods(TestMethodWorker.java:125)
	at org.testng.internal.TestMethodWorker.run(TestMethodWorker.java:109)
	at java.util.concurrent.ThreadPoolExecutor.runWorker(ThreadPoolExecutor.java:1149)
	at java.util.concurrent.ThreadPoolExecutor$Worker.run(ThreadPoolExecutor.java:624)
	at java.lang.Thread.run(Thread.java:748)
</pre></div></td>
<td>1</td>
<td>com.ca.tds.main.TDSVerifyAPI_TC@1f36e637</td></tr>
</table><p>
<table width='100%' border='1' class='invocation-passed'>
<tr><td colspan='4' align='center'><b>PASSED TESTS</b></td></tr>
<tr><td><b>Test method</b></td>
<td width="30%"><b>Exception</b></td>
<td width="10%"><b>Time (seconds)</b></td>
<td><b>Instance</b></td>
</tr>
<tr>
<td title='com.ca.tds.main.TDSVerifyAPI_TC.testArequestAPI()'><b>testArequestAPI</b><br>Test class: com.ca.tds.main.TDSVerifyAPI_TC<br>Parameters: org.testng.TestRunner@135e9ccf, {TestCaseID=_S001, TestCaseName=Sample Valid Verify Request, SanityFlag=Y, Test Case type=P, RequirementID=, FieldName=, Expected-threeDSServerTransID=G, Expected-callerTxnRefID=G, Expected-eci=G, Expected-authenticationValue=G, Expected-transStatus=G, Expected-transStatusReason=G, Expected-challengeCancel=G, Expected-resultsStatus=G, Expected-authenticationType=G, Expected-interactionCounter=G, Expected-messageType=RSRs, Expected-XID=G, Expected-errorCode=NA, Expected-errorComponent=NA, Expected-errorDescription=NA, Expected-errorDetail=NA, #threeDSServerTransID#=, #callerTxnRefID#=341b7153-da86-4543-860f-2ba47f0168a5, #cres#=, #messageType#=RSRq, #caMerchantID#=CA_EU, #transStatus#=Y}</td>
<td></td>
<td>2</td>
<td>com.ca.tds.main.TDSVerifyAPI_TC@1f36e637</td></tr>
<tr>
<td title='com.ca.tds.main.TDSVerifyAPI_TC.testArequestAPI()'><b>testArequestAPI</b><br>Test class: com.ca.tds.main.TDSVerifyAPI_TC<br>Parameters: org.testng.TestRunner@135e9ccf, {TestCaseID=_S002, TestCaseName=3DSServerTransactionID_Empty, SanityFlag=Y, Test Case type=N, RequirementID=, FieldName=, Expected-threeDSServerTransID=NA, Expected-callerTxnRefID=NA, Expected-eci=NA, Expected-authenticationValue=NA, Expected-transStatus=NA, Expected-transStatusReason=NA, Expected-challengeCancel=NA, Expected-resultsStatus=NA, Expected-authenticationType=NA, Expected-interactionCounter=NA, Expected-messageType=Erro, Expected-XID=NA, Expected-errorCode=203, Expected-errorComponent=S, Expected-errorDescription=G, Expected-errorDetail=G, #threeDSServerTransID#=empty , #callerTxnRefID#=341b7153-da86-4543-860f-2ba47f0168a5, #cres#=, #messageType#=RSRq, #caMerchantID#=CA_EU, #transStatus#=N}</td>
<td></td>
<td>1</td>
<td>com.ca.tds.main.TDSVerifyAPI_TC@1f36e637</td></tr>
<tr>
<td title='com.ca.tds.main.TDSVerifyAPI_TC.testArequestAPI()'><b>testArequestAPI</b><br>Test class: com.ca.tds.main.TDSVerifyAPI_TC<br>Parameters: org.testng.TestRunner@135e9ccf, {TestCaseID=_S003, TestCaseName=3DSServerTransactionID_MoreThanMaxAcceptedLen>36Chars, SanityFlag=Y, Test Case type=N, RequirementID=, FieldName=, Expected-threeDSServerTransID=G, Expected-callerTxnRefID=NA, Expected-eci=NA, Expected-authenticationValue=NA, Expected-transStatus=NA, Expected-transStatusReason=NA, Expected-challengeCancel=NA, Expected-resultsStatus=NA, Expected-authenticationType=NA, Expected-interactionCounter=NA, Expected-messageType=Erro, Expected-XID=NA, Expected-errorCode=203, Expected-errorComponent=S, Expected-errorDescription=G, Expected-errorDetail=G, #threeDSServerTransID#=74381944-293c-44a0-9ce8-bf3a2491358074381944-293c-44a0-9ce8-bf3a24913580, #callerTxnRefID#=341b7153-da86-4543-860f-2ba47f0168a5, #cres#=, #messageType#=RSRq, #caMerchantID#=CA_EU, #transStatus#=N}</td>
<td></td>
<td>1</td>
<td>com.ca.tds.main.TDSVerifyAPI_TC@1f36e637</td></tr>
<tr>
<td title='com.ca.tds.main.TDSVerifyAPI_TC.testArequestAPI()'><b>testArequestAPI</b><br>Test class: com.ca.tds.main.TDSVerifyAPI_TC<br>Parameters: org.testng.TestRunner@135e9ccf, {TestCaseID=_S005, TestCaseName=RemovalOfRequiredField_3DSServerTransactionID, SanityFlag=Y, Test Case type=N, RequirementID=, FieldName=, Expected-threeDSServerTransID=NA, Expected-callerTxnRefID=NA, Expected-eci=NA, Expected-authenticationValue=NA, Expected-transStatus=NA, Expected-transStatusReason=NA, Expected-challengeCancel=NA, Expected-resultsStatus=NA, Expected-authenticationType=NA, Expected-interactionCounter=NA, Expected-messageType=Erro, Expected-XID=NA, Expected-errorCode=201, Expected-errorComponent=S, Expected-errorDescription=G, Expected-errorDetail=G, #threeDSServerTransID#=#REMOVE#, #callerTxnRefID#=341b7153-da86-4543-860f-2ba47f0168a5, #cres#=, #messageType#=RSRq, #caMerchantID#=CA_EU, #transStatus#=N}</td>
<td></td>
<td>1</td>
<td>com.ca.tds.main.TDSVerifyAPI_TC@1f36e637</td></tr>
<tr>
<td title='com.ca.tds.main.TDSVerifyAPI_TC.testArequestAPI()'><b>testArequestAPI</b><br>Test class: com.ca.tds.main.TDSVerifyAPI_TC<br>Parameters: org.testng.TestRunner@135e9ccf, {TestCaseID=_S006, TestCaseName=3DSServerTransactionID_InvalidTransID, SanityFlag=Y, Test Case type=N, RequirementID=, FieldName=, Expected-threeDSServerTransID=G, Expected-callerTxnRefID=NA, Expected-eci=NA, Expected-authenticationValue=NA, Expected-transStatus=NA, Expected-transStatusReason=NA, Expected-challengeCancel=NA, Expected-resultsStatus=NA, Expected-authenticationType=NA, Expected-interactionCounter=NA, Expected-messageType=Erro, Expected-XID=NA, Expected-errorCode=305, Expected-errorComponent=S, Expected-errorDescription=G, Expected-errorDetail=G, #threeDSServerTransID#=11111111-1111-1111-1111-111111111111, #callerTxnRefID#=341b7153-da86-4543-860f-2ba47f0168a5, #cres#=, #messageType#=RSRq, #caMerchantID#=CA_EU, #transStatus#=N}</td>
<td></td>
<td>1</td>
<td>com.ca.tds.main.TDSVerifyAPI_TC@1f36e637</td></tr>
<tr>
<td title='com.ca.tds.main.TDSVerifyAPI_TC.testArequestAPI()'><b>testArequestAPI</b><br>Test class: com.ca.tds.main.TDSVerifyAPI_TC<br>Parameters: org.testng.TestRunner@135e9ccf, {TestCaseID=_S007, TestCaseName=ValidCallerTxnRefID, SanityFlag=Y, Test Case type=P, RequirementID=, FieldName=, Expected-threeDSServerTransID=G, Expected-callerTxnRefID=G, Expected-eci=G, Expected-authenticationValue=G, Expected-transStatus=G, Expected-transStatusReason=G, Expected-challengeCancel=G, Expected-resultsStatus=G, Expected-authenticationType=G, Expected-interactionCounter=G, Expected-messageType=RSRs, Expected-XID=G, Expected-errorCode=NA, Expected-errorComponent=NA, Expected-errorDescription=NA, Expected-errorDetail=NA, #threeDSServerTransID#=, #callerTxnRefID#=341b7153-da86-4543-860f-2ba47f0168a5, #cres#=, #messageType#=RSRq, #caMerchantID#=CA_EU, #transStatus#=Y}</td>
<td></td>
<td>3</td>
<td>com.ca.tds.main.TDSVerifyAPI_TC@1f36e637</td></tr>
<tr>
<td title='com.ca.tds.main.TDSVerifyAPI_TC.testArequestAPI()'><b>testArequestAPI</b><br>Test class: com.ca.tds.main.TDSVerifyAPI_TC<br>Parameters: org.testng.TestRunner@135e9ccf, {TestCaseID=_S008, TestCaseName=Empty_CallerTxnRefID, SanityFlag=Y, Test Case type=N, RequirementID=, FieldName=, Expected-threeDSServerTransID=G, Expected-callerTxnRefID=NA, Expected-eci=NA, Expected-authenticationValue=NA, Expected-transStatus=NA, Expected-transStatusReason=NA, Expected-challengeCancel=NA, Expected-resultsStatus=NA, Expected-authenticationType=NA, Expected-interactionCounter=NA, Expected-messageType=Erro, Expected-XID=NA, Expected-errorCode=203, Expected-errorComponent=S, Expected-errorDescription=G, Expected-errorDetail=G, #threeDSServerTransID#=, #callerTxnRefID#=empty, #cres#=, #messageType#=RSRq, #caMerchantID#=CA_EU, #transStatus#=N}</td>
<td></td>
<td>1</td>
<td>com.ca.tds.main.TDSVerifyAPI_TC@1f36e637</td></tr>
<tr>
<td title='com.ca.tds.main.TDSVerifyAPI_TC.testArequestAPI()'><b>testArequestAPI</b><br>Test class: com.ca.tds.main.TDSVerifyAPI_TC<br>Parameters: org.testng.TestRunner@135e9ccf, {TestCaseID=_S009, TestCaseName=InvalidCallerTxnRefID, SanityFlag=Y, Test Case type=N, RequirementID=, FieldName=, Expected-threeDSServerTransID=G, Expected-callerTxnRefID=NA, Expected-eci=NA, Expected-authenticationValue=NA, Expected-transStatus=NA, Expected-transStatusReason=NA, Expected-challengeCancel=NA, Expected-resultsStatus=NA, Expected-authenticationType=NA, Expected-interactionCounter=NA, Expected-messageType=Erro, Expected-XID=NA, Expected-errorCode=203, Expected-errorComponent=S, Expected-errorDescription=G, Expected-errorDetail=G, #threeDSServerTransID#=, #callerTxnRefID#=11111111-1111-1111-1111-111111111111111, #cres#=, #messageType#=RSRq, #caMerchantID#=CA_EU, #transStatus#=N}</td>
<td></td>
<td>1</td>
<td>com.ca.tds.main.TDSVerifyAPI_TC@1f36e637</td></tr>
<tr>
<td title='com.ca.tds.main.TDSVerifyAPI_TC.testArequestAPI()'><b>testArequestAPI</b><br>Test class: com.ca.tds.main.TDSVerifyAPI_TC<br>Parameters: org.testng.TestRunner@135e9ccf, {TestCaseID=_S010, TestCaseName=CallerTxnRefIDLengthMoreThan36Chars, SanityFlag=Y, Test Case type=N, RequirementID=, FieldName=, Expected-threeDSServerTransID=G, Expected-callerTxnRefID=NA, Expected-eci=NA, Expected-authenticationValue=NA, Expected-transStatus=NA, Expected-transStatusReason=NA, Expected-challengeCancel=NA, Expected-resultsStatus=NA, Expected-authenticationType=NA, Expected-interactionCounter=NA, Expected-messageType=Erro, Expected-XID=NA, Expected-errorCode=203, Expected-errorComponent=S, Expected-errorDescription=G, Expected-errorDetail=G, #threeDSServerTransID#=, #callerTxnRefID#=341b7153-da86-4543-860f-2ba47f0168a5341b7153-da86-4543-860f-2ba47f0168a5, #cres#=, #messageType#=RSRq, #caMerchantID#=CA_EU, #transStatus#=N}</td>
<td></td>
<td>1</td>
<td>com.ca.tds.main.TDSVerifyAPI_TC@1f36e637</td></tr>
<tr>
<td title='com.ca.tds.main.TDSVerifyAPI_TC.testArequestAPI()'><b>testArequestAPI</b><br>Test class: com.ca.tds.main.TDSVerifyAPI_TC<br>Parameters: org.testng.TestRunner@135e9ccf, {TestCaseID=_S017, TestCaseName=PartialCRES_Without_transStatus, SanityFlag=Y, Test Case type=P, RequirementID=, FieldName=, Expected-threeDSServerTransID=G, Expected-callerTxnRefID=G, Expected-eci=G, Expected-authenticationValue=G, Expected-transStatus=G, Expected-transStatusReason=G, Expected-challengeCancel=G, Expected-resultsStatus=G, Expected-authenticationType=G, Expected-interactionCounter=G, Expected-messageType=RSRs, Expected-XID=G, Expected-errorCode=NA, Expected-errorComponent=NA, Expected-errorDescription=NA, Expected-errorDetail=NA, #threeDSServerTransID#=, #callerTxnRefID#=341b7153-da86-4543-860f-2ba47f0168a5, #cres#=, #messageType#=RSRq, #caMerchantID#=CA_EU, #transStatus#=Y}</td>
<td></td>
<td>3</td>
<td>com.ca.tds.main.TDSVerifyAPI_TC@1f36e637</td></tr>
<tr>
<td title='com.ca.tds.main.TDSVerifyAPI_TC.testArequestAPI()'><b>testArequestAPI</b><br>Test class: com.ca.tds.main.TDSVerifyAPI_TC<br>Parameters: org.testng.TestRunner@135e9ccf, {TestCaseID=_S019, TestCaseName=Empty_CRES, SanityFlag=Y, Test Case type=N, RequirementID=, FieldName=, Expected-threeDSServerTransID=G, Expected-callerTxnRefID=NA, Expected-eci=NA, Expected-authenticationValue=NA, Expected-transStatus=NA, Expected-transStatusReason=NA, Expected-challengeCancel=NA, Expected-resultsStatus=NA, Expected-authenticationType=NA, Expected-interactionCounter=NA, Expected-messageType=Erro, Expected-XID=NA, Expected-errorCode=203, Expected-errorComponent=S, Expected-errorDescription=G, Expected-errorDetail=G, #threeDSServerTransID#=, #callerTxnRefID#=341b7153-da86-4543-860f-2ba47f0168a5, #cres#=empty, #messageType#=RSRq, #caMerchantID#=CA_EU, #transStatus#=N}</td>
<td></td>
<td>1</td>
<td>com.ca.tds.main.TDSVerifyAPI_TC@1f36e637</td></tr>
<tr>
<td title='com.ca.tds.main.TDSVerifyAPI_TC.testArequestAPI()'><b>testArequestAPI</b><br>Test class: com.ca.tds.main.TDSVerifyAPI_TC<br>Parameters: org.testng.TestRunner@135e9ccf, {TestCaseID=_S020, TestCaseName=Invalid_CRES, SanityFlag=Y, Test Case type=N, RequirementID=, FieldName=, Expected-threeDSServerTransID=G, Expected-callerTxnRefID=NA, Expected-eci=NA, Expected-authenticationValue=NA, Expected-transStatus=NA, Expected-transStatusReason=NA, Expected-challengeCancel=NA, Expected-resultsStatus=NA, Expected-authenticationType=NA, Expected-interactionCounter=NA, Expected-messageType=Erro, Expected-XID=NA, Expected-errorCode=305, Expected-errorComponent=S, Expected-errorDescription=G, Expected-errorDetail=G, #threeDSServerTransID#=, #callerTxnRefID#=341b7153-da86-4543-860f-2ba47f0168a5, #cres#=ewogICAiYWNzVHJhbnNJRCIgOiAiZDVmNDZjM2UtMjgzYS00MDU5LTlkNjQtMDZjNzk0ZTdhZGEzIiwKICAgImNoYWxsZW5nZVdpbmRvd1NpemUiIDogIjA0IiwKICAgIm1lc3NhZ2VUeXBlIiA6ICJDUmVxIiwKICAgIm1lc3NhZ2VWZXJzaW9uIiA6ICIyLjEuMCIsCiAgICJ0aHJlZURTU2VydmVyVHJhbnNJRCIgOiAiOTA2MTY2MGQtMzRkMy00YjI0LTk3ZjMtYTBlMjY2MmY1YzRlIgp9Cg==, #messageType#=RSRq, #caMerchantID#=CA_EU, #transStatus#=N}</td>
<td></td>
<td>1</td>
<td>com.ca.tds.main.TDSVerifyAPI_TC@1f36e637</td></tr>
<tr>
<td title='com.ca.tds.main.TDSVerifyAPI_TC.testArequestAPI()'><b>testArequestAPI</b><br>Test class: com.ca.tds.main.TDSVerifyAPI_TC<br>Parameters: org.testng.TestRunner@135e9ccf, {TestCaseID=_S021, TestCaseName=RemovalOfOptionalField_CRES, SanityFlag=Y, Test Case type=P, RequirementID=, FieldName=, Expected-threeDSServerTransID=G, Expected-callerTxnRefID=G, Expected-eci=G, Expected-authenticationValue=G, Expected-transStatus=G, Expected-transStatusReason=G, Expected-challengeCancel=G, Expected-resultsStatus=G, Expected-authenticationType=G, Expected-interactionCounter=G, Expected-messageType=RSRs, Expected-XID=G, Expected-errorCode=NA, Expected-errorComponent=NA, Expected-errorDescription=NA, Expected-errorDetail=NA, #threeDSServerTransID#=, #callerTxnRefID#=341b7153-da86-4543-860f-2ba47f0168a5, #cres#=#REMOVE#, #messageType#=RSRq, #caMerchantID#=CA_EU, #transStatus#=Y}</td>
<td></td>
<td>2</td>
<td>com.ca.tds.main.TDSVerifyAPI_TC@1f36e637</td></tr>
<tr>
<td title='com.ca.tds.main.TDSVerifyAPI_TC.testArequestAPI()'><b>testArequestAPI</b><br>Test class: com.ca.tds.main.TDSVerifyAPI_TC<br>Parameters: org.testng.TestRunner@135e9ccf, {TestCaseID=_S022, TestCaseName=MessageType_RSRq, SanityFlag=Y, Test Case type=P, RequirementID=, FieldName=, Expected-threeDSServerTransID=G, Expected-callerTxnRefID=G, Expected-eci=G, Expected-authenticationValue=G, Expected-transStatus=G, Expected-transStatusReason=G, Expected-challengeCancel=G, Expected-resultsStatus=G, Expected-authenticationType=G, Expected-interactionCounter=G, Expected-messageType=RSRs, Expected-XID=G, Expected-errorCode=NA, Expected-errorComponent=NA, Expected-errorDescription=NA, Expected-errorDetail=NA, #threeDSServerTransID#=, #callerTxnRefID#=341b7153-da86-4543-860f-2ba47f0168a5, #cres#=, #messageType#=RSRq, #caMerchantID#=CA_EU, #transStatus#=Y}</td>
<td></td>
<td>3</td>
<td>com.ca.tds.main.TDSVerifyAPI_TC@1f36e637</td></tr>
<tr>
<td title='com.ca.tds.main.TDSVerifyAPI_TC.testArequestAPI()'><b>testArequestAPI</b><br>Test class: com.ca.tds.main.TDSVerifyAPI_TC<br>Parameters: org.testng.TestRunner@135e9ccf, {TestCaseID=_S023, TestCaseName=MessageType_Invalid_RSRQ, SanityFlag=Y, Test Case type=N, RequirementID=, FieldName=, Expected-threeDSServerTransID=G, Expected-callerTxnRefID=NA, Expected-eci=NA, Expected-authenticationValue=NA, Expected-transStatus=NA, Expected-transStatusReason=NA, Expected-challengeCancel=NA, Expected-resultsStatus=NA, Expected-authenticationType=NA, Expected-interactionCounter=NA, Expected-messageType=Erro, Expected-XID=NA, Expected-errorCode=101, Expected-errorComponent=S, Expected-errorDescription=G, Expected-errorDetail=G, #threeDSServerTransID#=, #callerTxnRefID#=341b7153-da86-4543-860f-2ba47f0168a5, #cres#=, #messageType#=RSRQ, #caMerchantID#=CA_EU, #transStatus#=N}</td>
<td></td>
<td>1</td>
<td>com.ca.tds.main.TDSVerifyAPI_TC@1f36e637</td></tr>
<tr>
<td title='com.ca.tds.main.TDSVerifyAPI_TC.testArequestAPI()'><b>testArequestAPI</b><br>Test class: com.ca.tds.main.TDSVerifyAPI_TC<br>Parameters: org.testng.TestRunner@135e9ccf, {TestCaseID=_S024, TestCaseName=MessageType_Empty, SanityFlag=Y, Test Case type=N, RequirementID=, FieldName=, Expected-threeDSServerTransID=G, Expected-callerTxnRefID=NA, Expected-eci=NA, Expected-authenticationValue=NA, Expected-transStatus=NA, Expected-transStatusReason=NA, Expected-challengeCancel=NA, Expected-resultsStatus=NA, Expected-authenticationType=NA, Expected-interactionCounter=NA, Expected-messageType=Erro, Expected-XID=NA, Expected-errorCode=101, Expected-errorComponent=S, Expected-errorDescription=G, Expected-errorDetail=G, #threeDSServerTransID#=, #callerTxnRefID#=341b7153-da86-4543-860f-2ba47f0168a5, #cres#=, #messageType#=empty , #caMerchantID#=CA_EU, #transStatus#=N}</td>
<td></td>
<td>1</td>
<td>com.ca.tds.main.TDSVerifyAPI_TC@1f36e637</td></tr>
<tr>
<td title='com.ca.tds.main.TDSVerifyAPI_TC.testArequestAPI()'><b>testArequestAPI</b><br>Test class: com.ca.tds.main.TDSVerifyAPI_TC<br>Parameters: org.testng.TestRunner@135e9ccf, {TestCaseID=_S025, TestCaseName=MessageType_MoreThanMaxAcceptedLen>4Chars, SanityFlag=Y, Test Case type=N, RequirementID=, FieldName=, Expected-threeDSServerTransID=G, Expected-callerTxnRefID=NA, Expected-eci=NA, Expected-authenticationValue=NA, Expected-transStatus=NA, Expected-transStatusReason=NA, Expected-challengeCancel=NA, Expected-resultsStatus=NA, Expected-authenticationType=NA, Expected-interactionCounter=NA, Expected-messageType=Erro, Expected-XID=NA, Expected-errorCode=101, Expected-errorComponent=S, Expected-errorDescription=G, Expected-errorDetail=G, #threeDSServerTransID#=, #callerTxnRefID#=341b7153-da86-4543-860f-2ba47f0168a5, #cres#=, #messageType#=RSRQ1, #caMerchantID#=CA_EU, #transStatus#=N}</td>
<td></td>
<td>1</td>
<td>com.ca.tds.main.TDSVerifyAPI_TC@1f36e637</td></tr>
<tr>
<td title='com.ca.tds.main.TDSVerifyAPI_TC.testArequestAPI()'><b>testArequestAPI</b><br>Test class: com.ca.tds.main.TDSVerifyAPI_TC<br>Parameters: org.testng.TestRunner@135e9ccf, {TestCaseID=_S026, TestCaseName=RemovalOfRequiredField_MessageType, SanityFlag=Y, Test Case type=N, RequirementID=, FieldName=, Expected-threeDSServerTransID=G, Expected-callerTxnRefID=NA, Expected-eci=NA, Expected-authenticationValue=NA, Expected-transStatus=NA, Expected-transStatusReason=NA, Expected-challengeCancel=NA, Expected-resultsStatus=NA, Expected-authenticationType=NA, Expected-interactionCounter=NA, Expected-messageType=Erro, Expected-XID=NA, Expected-errorCode=201, Expected-errorComponent=S, Expected-errorDescription=G, Expected-errorDetail=G, #threeDSServerTransID#=, #callerTxnRefID#=341b7153-da86-4543-860f-2ba47f0168a5, #cres#=, #messageType#=#REMOVE#, #caMerchantID#=CA_EU, #transStatus#=N}</td>
<td></td>
<td>1</td>
<td>com.ca.tds.main.TDSVerifyAPI_TC@1f36e637</td></tr>
<tr>
<td title='com.ca.tds.main.TDSVerifyAPI_TC.testArequestAPI()'><b>testArequestAPI</b><br>Test class: com.ca.tds.main.TDSVerifyAPI_TC<br>Parameters: org.testng.TestRunner@135e9ccf, {TestCaseID=_S029, TestCaseName=Invalid_CAMerchantID, SanityFlag=Y, Test Case type=P, RequirementID=, FieldName=, Expected-threeDSServerTransID=G, Expected-callerTxnRefID=G, Expected-eci=G, Expected-authenticationValue=G, Expected-transStatus=G, Expected-transStatusReason=G, Expected-challengeCancel=G, Expected-resultsStatus=G, Expected-authenticationType=G, Expected-interactionCounter=G, Expected-messageType=RSRs, Expected-XID=G, Expected-errorCode=NA, Expected-errorComponent=NA, Expected-errorDescription=NA, Expected-errorDetail=NA, #threeDSServerTransID#=, #callerTxnRefID#=341b7153-da86-4543-860f-2ba47f0168a5, #cres#=, #messageType#=RSRq, #caMerchantID#=CA_EU, #transStatus#=Y}</td>
<td></td>
<td>3</td>
<td>com.ca.tds.main.TDSVerifyAPI_TC@1f36e637</td></tr>
<tr>
<td title='com.ca.tds.main.TDSVerifyAPI_TC.testArequestAPI()'><b>testArequestAPI</b><br>Test class: com.ca.tds.main.TDSVerifyAPI_TC<br>Parameters: org.testng.TestRunner@135e9ccf, {TestCaseID=_S030, TestCaseName=RemovalOfRequiredField_CAMerchantID, SanityFlag=Y, Test Case type=N, RequirementID=, FieldName=, Expected-threeDSServerTransID=G, Expected-callerTxnRefID=NA, Expected-eci=NA, Expected-authenticationValue=NA, Expected-transStatus=NA, Expected-transStatusReason=NA, Expected-challengeCancel=NA, Expected-resultsStatus=NA, Expected-authenticationType=NA, Expected-interactionCounter=NA, Expected-messageType=Erro, Expected-XID=NA, Expected-errorCode=201, Expected-errorComponent=S, Expected-errorDescription=G, Expected-errorDetail=G, #threeDSServerTransID#=, #callerTxnRefID#=341b7153-da86-4543-860f-2ba47f0168a5, #cres#=, #messageType#=RSRq, #caMerchantID#=#REMOVE#, #transStatus#=N}</td>
<td></td>
<td>1</td>
<td>com.ca.tds.main.TDSVerifyAPI_TC@1f36e637</td></tr>
<tr>
<td title='com.ca.tds.main.TDSVerifyAPI_TC.testArequestAPI()'><b>testArequestAPI</b><br>Test class: com.ca.tds.main.TDSVerifyAPI_TC<br>Parameters: org.testng.TestRunner@135e9ccf, {TestCaseID=_S031, TestCaseName=CAMerchantID_MoreThanMaxAcceptedLen>2KChars, SanityFlag=Y, Test Case type=P, RequirementID=, FieldName=, Expected-threeDSServerTransID=G, Expected-callerTxnRefID=G, Expected-eci=G, Expected-authenticationValue=G, Expected-transStatus=G, Expected-transStatusReason=G, Expected-challengeCancel=G, Expected-resultsStatus=G, Expected-authenticationType=G, Expected-interactionCounter=G, Expected-messageType=RSRs, Expected-XID=G, Expected-errorCode=NA, Expected-errorComponent=NA, Expected-errorDescription=NA, Expected-errorDetail=NA, #threeDSServerTransID#=, #callerTxnRefID#=341b7153-da86-4543-860f-2ba47f0168a5, #cres#=, #messageType#=RSRq, #caMerchantID#=CA_EU, #transStatus#=Y}</td>
<td></td>
<td>3</td>
<td>com.ca.tds.main.TDSVerifyAPI_TC@1f36e637</td></tr>
<tr>
<td title='com.ca.tds.main.TDSVerifyAPI_TC.testArequestAPI()'><b>testArequestAPI</b><br>Test class: com.ca.tds.main.TDSVerifyAPI_TC<br>Parameters: org.testng.TestRunner@135e9ccf, {TestCaseID=_S034, TestCaseName=Timeout scenario for Merchant did Rsrq without receiving CRES, SanityFlag=Y, Test Case type=N, RequirementID=, FieldName=, Expected-threeDSServerTransID=G, Expected-callerTxnRefID=NA, Expected-eci=NA, Expected-authenticationValue=NA, Expected-transStatus=NA, Expected-transStatusReason=NA, Expected-challengeCancel=NA, Expected-resultsStatus=NA, Expected-authenticationType=NA, Expected-interactionCounter=NA, Expected-messageType=Erro, Expected-XID=G, Expected-errorCode=501, Expected-errorComponent=S, Expected-errorDescription=G, Expected-errorDetail=G, #threeDSServerTransID#=, #callerTxnRefID#=341b7153-da86-4543-860f-2ba47f0168a5, #cres#=, #messageType#=RSRq, #caMerchantID#=CA_EU, #transStatus#=Y}</td>
<td></td>
<td>1</td>
<td>com.ca.tds.main.TDSVerifyAPI_TC@1f36e637</td></tr>
</table><p>
</body>
</html>