<html>
<head>
<title>TestNG:  AMEX::Clear Card::Browser::ThreeDSMethodURL flow</title>
<link href="../testng.css" rel="stylesheet" type="text/css" />
<link href="../my-testng.css" rel="stylesheet" type="text/css" />

<style type="text/css">
.log { display: none;} 
.stack-trace { display: none;} 
</style>
<script type="text/javascript">
<!--
function flip(e) {
  current = e.style.display;
  if (current == 'block') {
    e.style.display = 'none';
    return 0;
  }
  else {
    e.style.display = 'block';
    return 1;
  }
}

function toggleBox(szDivId, elem, msg1, msg2)
{
  var res = -1;  if (document.getElementById) {
    res = flip(document.getElementById(szDivId));
  }
  else if (document.all) {
    // this is the way old msie versions work
    res = flip(document.all[szDivId]);
  }
  if(elem) {
    if(res == 0) elem.innerHTML = msg1; else elem.innerHTML = msg2;
  }

}

function toggleAllBoxes() {
  if (document.getElementsByTagName) {
    d = document.getElementsByTagName('div');
    for (i = 0; i < d.length; i++) {
      if (d[i].className == 'log') {
        flip(d[i]);
      }
    }
  }
}

// -->
</script>

</head>
<body>
<h2 align='center'>AMEX::Clear Card::Browser::ThreeDSMethodURL flow</h2><table border='1' align="center">
<tr>
<td>Tests passed/Failed/Skipped:</td><td>0/34/0</td>
</tr><tr>
<td>Started on:</td><td>Mon Apr 06 22:45:39 IST 2020</td>
</tr>
<tr><td>Total time:</td><td>77 seconds (77491 ms)</td>
</tr><tr>
<td>Included groups:</td><td></td>
</tr><tr>
<td>Excluded groups:</td><td></td>
</tr>
</table><p/>
<small><i>(Hover the method name to see the test class name)</i></small><p/>
<table width='100%' border='1' class='invocation-failed'>
<tr><td colspan='4' align='center'><b>FAILED TESTS</b></td></tr>
<tr><td><b>Test method</b></td>
<td width="30%"><b>Exception</b></td>
<td width="10%"><b>Time (seconds)</b></td>
<td><b>Instance</b></td>
</tr>
<tr>
<td title='com.ca.tds.main.TDSMethodURL_TC.testArequestAPI()'><b>testArequestAPI</b><br>Test class: com.ca.tds.main.TDSMethodURL_TC<br>Parameters: org.testng.TestRunner@15f75111, {TestCaseID=_S001, TestCaseName=_AMEX_For_Verify_TC001, SanityFlag=Y, Test Case type=P, RequirementID=, Expected-messageType=ThreeDSMethodURLRes, Expected-callerTxnRefID=G, Expected-messageVersion=2.1.0, Expected-threeDSServerTransID=G, Expected-threeDSMethodURL=G, #acctNumber#=4Abuomi9LgxCa7vPYSbXHlv9jX754ALLUd7WxKwnrLZln1vr0ZVO/ahzu6fQh6YLuA3+1M4JoV4oFRd5cPK2lml3yytggURxMETgAx3fb8CMT/YXCYDSzZ+m1ghc+3FtmSFENHIKm3cAoIJBNOGC0VpXdEr5p/3XBdYsXlaODLnQdIZtNAdWIE0ihy6VIcwAlJox+tarG37G0WbEM9lZZcIBH9cXs7IXayzAA5RpynHPOkrs5H5JZ2aIt5B1OuBe1fVcylt66j9OSfQ2apT9bbr0NFgME+Hsn490Z7RhvcGiM7khgaaNkw756VP/1CjKYsTzzhZIt0g31B6vvYdNaw==, #caMerchantID#=CA_EU, #callerTxnRefID#=341b7153-da86-4543-860f-2ba47f0168a5, #messageType#=ThreeDSMethodURLReq}</td>
<td><div><pre>java.lang.AssertionError: errorComponent: S, errorCode: S, errorDescription:No DS configured for this PAN - Not found in Card Range Cache
	at com.ca.tds.main.TDSMethodURL_TC.testArequestAPI(TDSMethodURL_TC.java:64)
	at java.base/java.util.concurrent.ThreadPoolExecutor.runWorker(ThreadPoolExecutor.java:1128)
	at java.base/java.util.concurrent.ThreadPoolExecutor$Worker.run(ThreadPoolExecutor.java:628)
	at java.base/java.lang.Thread.run(Thread.java:834)
... Removed 13 stack frames</pre></div><a href='#' onClick='toggleBox("stack-trace1075717793", this, "Click to show all stack frames", "Click to hide stack frames")'>Click to show all stack frames</a>
<div class='stack-trace' id='stack-trace1075717793'><pre>java.lang.AssertionError: errorComponent: S, errorCode: S, errorDescription:No DS configured for this PAN - Not found in Card Range Cache
	at org.testng.Assert.fail(Assert.java:97)
	at com.ca.tds.main.TDSMethodURL_TC.testArequestAPI(TDSMethodURL_TC.java:64)
	at java.base/jdk.internal.reflect.NativeMethodAccessorImpl.invoke0(Native Method)
	at java.base/jdk.internal.reflect.NativeMethodAccessorImpl.invoke(NativeMethodAccessorImpl.java:62)
	at java.base/jdk.internal.reflect.DelegatingMethodAccessorImpl.invoke(DelegatingMethodAccessorImpl.java:43)
	at java.base/java.lang.reflect.Method.invoke(Method.java:566)
	at org.testng.internal.MethodInvocationHelper.invokeMethod(MethodInvocationHelper.java:133)
	at org.testng.internal.TestInvoker.invokeMethod(TestInvoker.java:584)
	at org.testng.internal.TestInvoker.invokeTestMethod(TestInvoker.java:172)
	at org.testng.internal.MethodRunner.runInSequence(MethodRunner.java:46)
	at org.testng.internal.TestInvoker$MethodInvocationAgent.invoke(TestInvoker.java:804)
	at org.testng.internal.TestInvoker.invokeTestMethods(TestInvoker.java:145)
	at org.testng.internal.TestMethodWorker.invokeTestMethods(TestMethodWorker.java:146)
	at org.testng.internal.TestMethodWorker.run(TestMethodWorker.java:128)
	at java.base/java.util.concurrent.ThreadPoolExecutor.runWorker(ThreadPoolExecutor.java:1128)
	at java.base/java.util.concurrent.ThreadPoolExecutor$Worker.run(ThreadPoolExecutor.java:628)
	at java.base/java.lang.Thread.run(Thread.java:834)
</pre></div></td>
<td>3</td>
<td>com.ca.tds.main.TDSMethodURL_TC@13b13b5d</td></tr>
<tr>
<td title='com.ca.tds.main.TDSMethodURL_TC.testArequestAPI()'><b>testArequestAPI</b><br>Test class: com.ca.tds.main.TDSMethodURL_TC<br>Parameters: org.testng.TestRunner@15f75111, {TestCaseID=_S002, TestCaseName=_AMEX_For_Verify_TC002, SanityFlag=Y, Test Case type=P, RequirementID=, Expected-messageType=ThreeDSMethodURLRes, Expected-callerTxnRefID=G, Expected-messageVersion=2.1.0, Expected-threeDSServerTransID=G, Expected-threeDSMethodURL=G, #acctNumber#=4Abuomi9LgxCa7vPYSbXHlv9jX754ALLUd7WxKwnrLZln1vr0ZVO/ahzu6fQh6YLuA3+1M4JoV4oFRd5cPK2lml3yytggURxMETgAx3fb8CMT/YXCYDSzZ+m1ghc+3FtmSFENHIKm3cAoIJBNOGC0VpXdEr5p/3XBdYsXlaODLnQdIZtNAdWIE0ihy6VIcwAlJox+tarG37G0WbEM9lZZcIBH9cXs7IXayzAA5RpynHPOkrs5H5JZ2aIt5B1OuBe1fVcylt66j9OSfQ2apT9bbr0NFgME+Hsn490Z7RhvcGiM7khgaaNkw756VP/1CjKYsTzzhZIt0g31B6vvYdNaw==, #caMerchantID#=CA_EU, #callerTxnRefID#=341b7153-da86-4543-860f-2ba47f0168a5, #messageType#=ThreeDSMethodURLReq}</td>
<td><div><pre>java.lang.AssertionError: errorComponent: S, errorCode: S, errorDescription:No DS configured for this PAN - Not found in Card Range Cache
	at com.ca.tds.main.TDSMethodURL_TC.testArequestAPI(TDSMethodURL_TC.java:64)
	at java.base/java.util.concurrent.ThreadPoolExecutor.runWorker(ThreadPoolExecutor.java:1128)
	at java.base/java.util.concurrent.ThreadPoolExecutor$Worker.run(ThreadPoolExecutor.java:628)
	at java.base/java.lang.Thread.run(Thread.java:834)
... Removed 13 stack frames</pre></div><a href='#' onClick='toggleBox("stack-trace780742180", this, "Click to show all stack frames", "Click to hide stack frames")'>Click to show all stack frames</a>
<div class='stack-trace' id='stack-trace780742180'><pre>java.lang.AssertionError: errorComponent: S, errorCode: S, errorDescription:No DS configured for this PAN - Not found in Card Range Cache
	at org.testng.Assert.fail(Assert.java:97)
	at com.ca.tds.main.TDSMethodURL_TC.testArequestAPI(TDSMethodURL_TC.java:64)
	at java.base/jdk.internal.reflect.NativeMethodAccessorImpl.invoke0(Native Method)
	at java.base/jdk.internal.reflect.NativeMethodAccessorImpl.invoke(NativeMethodAccessorImpl.java:62)
	at java.base/jdk.internal.reflect.DelegatingMethodAccessorImpl.invoke(DelegatingMethodAccessorImpl.java:43)
	at java.base/java.lang.reflect.Method.invoke(Method.java:566)
	at org.testng.internal.MethodInvocationHelper.invokeMethod(MethodInvocationHelper.java:133)
	at org.testng.internal.TestInvoker.invokeMethod(TestInvoker.java:584)
	at org.testng.internal.TestInvoker.invokeTestMethod(TestInvoker.java:172)
	at org.testng.internal.MethodRunner.runInSequence(MethodRunner.java:46)
	at org.testng.internal.TestInvoker$MethodInvocationAgent.invoke(TestInvoker.java:804)
	at org.testng.internal.TestInvoker.invokeTestMethods(TestInvoker.java:145)
	at org.testng.internal.TestMethodWorker.invokeTestMethods(TestMethodWorker.java:146)
	at org.testng.internal.TestMethodWorker.run(TestMethodWorker.java:128)
	at java.base/java.util.concurrent.ThreadPoolExecutor.runWorker(ThreadPoolExecutor.java:1128)
	at java.base/java.util.concurrent.ThreadPoolExecutor$Worker.run(ThreadPoolExecutor.java:628)
	at java.base/java.lang.Thread.run(Thread.java:834)
</pre></div></td>
<td>2</td>
<td>com.ca.tds.main.TDSMethodURL_TC@13b13b5d</td></tr>
<tr>
<td title='com.ca.tds.main.TDSMethodURL_TC.testArequestAPI()'><b>testArequestAPI</b><br>Test class: com.ca.tds.main.TDSMethodURL_TC<br>Parameters: org.testng.TestRunner@15f75111, {TestCaseID=_S003, TestCaseName=_AMEX_For_Verify_TC003, SanityFlag=Y, Test Case type=P, RequirementID=, Expected-messageType=ThreeDSMethodURLRes, Expected-callerTxnRefID=G, Expected-messageVersion=2.1.0, Expected-threeDSServerTransID=G, Expected-threeDSMethodURL=G, #acctNumber#=4Abuomi9LgxCa7vPYSbXHlv9jX754ALLUd7WxKwnrLZln1vr0ZVO/ahzu6fQh6YLuA3+1M4JoV4oFRd5cPK2lml3yytggURxMETgAx3fb8CMT/YXCYDSzZ+m1ghc+3FtmSFENHIKm3cAoIJBNOGC0VpXdEr5p/3XBdYsXlaODLnQdIZtNAdWIE0ihy6VIcwAlJox+tarG37G0WbEM9lZZcIBH9cXs7IXayzAA5RpynHPOkrs5H5JZ2aIt5B1OuBe1fVcylt66j9OSfQ2apT9bbr0NFgME+Hsn490Z7RhvcGiM7khgaaNkw756VP/1CjKYsTzzhZIt0g31B6vvYdNaw==, #caMerchantID#=CA_EU, #callerTxnRefID#=341b7153-da86-4543-860f-2ba47f0168a5, #messageType#=ThreeDSMethodURLReq}</td>
<td><div><pre>java.lang.AssertionError: errorComponent: S, errorCode: S, errorDescription:No DS configured for this PAN - Not found in Card Range Cache
	at com.ca.tds.main.TDSMethodURL_TC.testArequestAPI(TDSMethodURL_TC.java:64)
	at java.base/java.util.concurrent.ThreadPoolExecutor.runWorker(ThreadPoolExecutor.java:1128)
	at java.base/java.util.concurrent.ThreadPoolExecutor$Worker.run(ThreadPoolExecutor.java:628)
	at java.base/java.lang.Thread.run(Thread.java:834)
... Removed 13 stack frames</pre></div><a href='#' onClick='toggleBox("stack-trace915886040", this, "Click to show all stack frames", "Click to hide stack frames")'>Click to show all stack frames</a>
<div class='stack-trace' id='stack-trace915886040'><pre>java.lang.AssertionError: errorComponent: S, errorCode: S, errorDescription:No DS configured for this PAN - Not found in Card Range Cache
	at org.testng.Assert.fail(Assert.java:97)
	at com.ca.tds.main.TDSMethodURL_TC.testArequestAPI(TDSMethodURL_TC.java:64)
	at java.base/jdk.internal.reflect.NativeMethodAccessorImpl.invoke0(Native Method)
	at java.base/jdk.internal.reflect.NativeMethodAccessorImpl.invoke(NativeMethodAccessorImpl.java:62)
	at java.base/jdk.internal.reflect.DelegatingMethodAccessorImpl.invoke(DelegatingMethodAccessorImpl.java:43)
	at java.base/java.lang.reflect.Method.invoke(Method.java:566)
	at org.testng.internal.MethodInvocationHelper.invokeMethod(MethodInvocationHelper.java:133)
	at org.testng.internal.TestInvoker.invokeMethod(TestInvoker.java:584)
	at org.testng.internal.TestInvoker.invokeTestMethod(TestInvoker.java:172)
	at org.testng.internal.MethodRunner.runInSequence(MethodRunner.java:46)
	at org.testng.internal.TestInvoker$MethodInvocationAgent.invoke(TestInvoker.java:804)
	at org.testng.internal.TestInvoker.invokeTestMethods(TestInvoker.java:145)
	at org.testng.internal.TestMethodWorker.invokeTestMethods(TestMethodWorker.java:146)
	at org.testng.internal.TestMethodWorker.run(TestMethodWorker.java:128)
	at java.base/java.util.concurrent.ThreadPoolExecutor.runWorker(ThreadPoolExecutor.java:1128)
	at java.base/java.util.concurrent.ThreadPoolExecutor$Worker.run(ThreadPoolExecutor.java:628)
	at java.base/java.lang.Thread.run(Thread.java:834)
</pre></div></td>
<td>2</td>
<td>com.ca.tds.main.TDSMethodURL_TC@13b13b5d</td></tr>
<tr>
<td title='com.ca.tds.main.TDSMethodURL_TC.testArequestAPI()'><b>testArequestAPI</b><br>Test class: com.ca.tds.main.TDSMethodURL_TC<br>Parameters: org.testng.TestRunner@15f75111, {TestCaseID=_S004, TestCaseName=_AMEX_For_Verify_TC004, SanityFlag=Y, Test Case type=P, RequirementID=, Expected-messageType=ThreeDSMethodURLRes, Expected-callerTxnRefID=G, Expected-messageVersion=2.1.0, Expected-threeDSServerTransID=G, Expected-threeDSMethodURL=G, #acctNumber#=4Abuomi9LgxCa7vPYSbXHlv9jX754ALLUd7WxKwnrLZln1vr0ZVO/ahzu6fQh6YLuA3+1M4JoV4oFRd5cPK2lml3yytggURxMETgAx3fb8CMT/YXCYDSzZ+m1ghc+3FtmSFENHIKm3cAoIJBNOGC0VpXdEr5p/3XBdYsXlaODLnQdIZtNAdWIE0ihy6VIcwAlJox+tarG37G0WbEM9lZZcIBH9cXs7IXayzAA5RpynHPOkrs5H5JZ2aIt5B1OuBe1fVcylt66j9OSfQ2apT9bbr0NFgME+Hsn490Z7RhvcGiM7khgaaNkw756VP/1CjKYsTzzhZIt0g31B6vvYdNaw==, #caMerchantID#=CA_EU, #callerTxnRefID#=341b7153-da86-4543-860f-2ba47f0168a5, #messageType#=ThreeDSMethodURLReq}</td>
<td><div><pre>java.lang.AssertionError: errorComponent: S, errorCode: S, errorDescription:No DS configured for this PAN - Not found in Card Range Cache
	at com.ca.tds.main.TDSMethodURL_TC.testArequestAPI(TDSMethodURL_TC.java:64)
	at java.base/java.util.concurrent.ThreadPoolExecutor.runWorker(ThreadPoolExecutor.java:1128)
	at java.base/java.util.concurrent.ThreadPoolExecutor$Worker.run(ThreadPoolExecutor.java:628)
	at java.base/java.lang.Thread.run(Thread.java:834)
... Removed 13 stack frames</pre></div><a href='#' onClick='toggleBox("stack-trace619081553", this, "Click to show all stack frames", "Click to hide stack frames")'>Click to show all stack frames</a>
<div class='stack-trace' id='stack-trace619081553'><pre>java.lang.AssertionError: errorComponent: S, errorCode: S, errorDescription:No DS configured for this PAN - Not found in Card Range Cache
	at org.testng.Assert.fail(Assert.java:97)
	at com.ca.tds.main.TDSMethodURL_TC.testArequestAPI(TDSMethodURL_TC.java:64)
	at java.base/jdk.internal.reflect.NativeMethodAccessorImpl.invoke0(Native Method)
	at java.base/jdk.internal.reflect.NativeMethodAccessorImpl.invoke(NativeMethodAccessorImpl.java:62)
	at java.base/jdk.internal.reflect.DelegatingMethodAccessorImpl.invoke(DelegatingMethodAccessorImpl.java:43)
	at java.base/java.lang.reflect.Method.invoke(Method.java:566)
	at org.testng.internal.MethodInvocationHelper.invokeMethod(MethodInvocationHelper.java:133)
	at org.testng.internal.TestInvoker.invokeMethod(TestInvoker.java:584)
	at org.testng.internal.TestInvoker.invokeTestMethod(TestInvoker.java:172)
	at org.testng.internal.MethodRunner.runInSequence(MethodRunner.java:46)
	at org.testng.internal.TestInvoker$MethodInvocationAgent.invoke(TestInvoker.java:804)
	at org.testng.internal.TestInvoker.invokeTestMethods(TestInvoker.java:145)
	at org.testng.internal.TestMethodWorker.invokeTestMethods(TestMethodWorker.java:146)
	at org.testng.internal.TestMethodWorker.run(TestMethodWorker.java:128)
	at java.base/java.util.concurrent.ThreadPoolExecutor.runWorker(ThreadPoolExecutor.java:1128)
	at java.base/java.util.concurrent.ThreadPoolExecutor$Worker.run(ThreadPoolExecutor.java:628)
	at java.base/java.lang.Thread.run(Thread.java:834)
</pre></div></td>
<td>2</td>
<td>com.ca.tds.main.TDSMethodURL_TC@13b13b5d</td></tr>
<tr>
<td title='com.ca.tds.main.TDSMethodURL_TC.testArequestAPI()'><b>testArequestAPI</b><br>Test class: com.ca.tds.main.TDSMethodURL_TC<br>Parameters: org.testng.TestRunner@15f75111, {TestCaseID=_S005, TestCaseName=_AMEX_For_Verify_TC005, SanityFlag=Y, Test Case type=P, RequirementID=, Expected-messageType=ThreeDSMethodURLRes, Expected-callerTxnRefID=G, Expected-messageVersion=2.1.0, Expected-threeDSServerTransID=G, Expected-threeDSMethodURL=G, #acctNumber#=4Abuomi9LgxCa7vPYSbXHlv9jX754ALLUd7WxKwnrLZln1vr0ZVO/ahzu6fQh6YLuA3+1M4JoV4oFRd5cPK2lml3yytggURxMETgAx3fb8CMT/YXCYDSzZ+m1ghc+3FtmSFENHIKm3cAoIJBNOGC0VpXdEr5p/3XBdYsXlaODLnQdIZtNAdWIE0ihy6VIcwAlJox+tarG37G0WbEM9lZZcIBH9cXs7IXayzAA5RpynHPOkrs5H5JZ2aIt5B1OuBe1fVcylt66j9OSfQ2apT9bbr0NFgME+Hsn490Z7RhvcGiM7khgaaNkw756VP/1CjKYsTzzhZIt0g31B6vvYdNaw==, #caMerchantID#=CA_EU, #callerTxnRefID#=341b7153-da86-4543-860f-2ba47f0168a5, #messageType#=ThreeDSMethodURLReq}</td>
<td><div><pre>java.lang.AssertionError: errorComponent: S, errorCode: S, errorDescription:No DS configured for this PAN - Not found in Card Range Cache
	at com.ca.tds.main.TDSMethodURL_TC.testArequestAPI(TDSMethodURL_TC.java:64)
	at java.base/java.util.concurrent.ThreadPoolExecutor.runWorker(ThreadPoolExecutor.java:1128)
	at java.base/java.util.concurrent.ThreadPoolExecutor$Worker.run(ThreadPoolExecutor.java:628)
	at java.base/java.lang.Thread.run(Thread.java:834)
... Removed 13 stack frames</pre></div><a href='#' onClick='toggleBox("stack-trace1482914682", this, "Click to show all stack frames", "Click to hide stack frames")'>Click to show all stack frames</a>
<div class='stack-trace' id='stack-trace1482914682'><pre>java.lang.AssertionError: errorComponent: S, errorCode: S, errorDescription:No DS configured for this PAN - Not found in Card Range Cache
	at org.testng.Assert.fail(Assert.java:97)
	at com.ca.tds.main.TDSMethodURL_TC.testArequestAPI(TDSMethodURL_TC.java:64)
	at java.base/jdk.internal.reflect.NativeMethodAccessorImpl.invoke0(Native Method)
	at java.base/jdk.internal.reflect.NativeMethodAccessorImpl.invoke(NativeMethodAccessorImpl.java:62)
	at java.base/jdk.internal.reflect.DelegatingMethodAccessorImpl.invoke(DelegatingMethodAccessorImpl.java:43)
	at java.base/java.lang.reflect.Method.invoke(Method.java:566)
	at org.testng.internal.MethodInvocationHelper.invokeMethod(MethodInvocationHelper.java:133)
	at org.testng.internal.TestInvoker.invokeMethod(TestInvoker.java:584)
	at org.testng.internal.TestInvoker.invokeTestMethod(TestInvoker.java:172)
	at org.testng.internal.MethodRunner.runInSequence(MethodRunner.java:46)
	at org.testng.internal.TestInvoker$MethodInvocationAgent.invoke(TestInvoker.java:804)
	at org.testng.internal.TestInvoker.invokeTestMethods(TestInvoker.java:145)
	at org.testng.internal.TestMethodWorker.invokeTestMethods(TestMethodWorker.java:146)
	at org.testng.internal.TestMethodWorker.run(TestMethodWorker.java:128)
	at java.base/java.util.concurrent.ThreadPoolExecutor.runWorker(ThreadPoolExecutor.java:1128)
	at java.base/java.util.concurrent.ThreadPoolExecutor$Worker.run(ThreadPoolExecutor.java:628)
	at java.base/java.lang.Thread.run(Thread.java:834)
</pre></div></td>
<td>2</td>
<td>com.ca.tds.main.TDSMethodURL_TC@13b13b5d</td></tr>
<tr>
<td title='com.ca.tds.main.TDSMethodURL_TC.testArequestAPI()'><b>testArequestAPI</b><br>Test class: com.ca.tds.main.TDSMethodURL_TC<br>Parameters: org.testng.TestRunner@15f75111, {TestCaseID=_S006, TestCaseName=_AMEX_For_Verify_TC006, SanityFlag=Y, Test Case type=P, RequirementID=, Expected-messageType=ThreeDSMethodURLRes, Expected-callerTxnRefID=G, Expected-messageVersion=2.1.0, Expected-threeDSServerTransID=G, Expected-threeDSMethodURL=G, #acctNumber#=4Abuomi9LgxCa7vPYSbXHlv9jX754ALLUd7WxKwnrLZln1vr0ZVO/ahzu6fQh6YLuA3+1M4JoV4oFRd5cPK2lml3yytggURxMETgAx3fb8CMT/YXCYDSzZ+m1ghc+3FtmSFENHIKm3cAoIJBNOGC0VpXdEr5p/3XBdYsXlaODLnQdIZtNAdWIE0ihy6VIcwAlJox+tarG37G0WbEM9lZZcIBH9cXs7IXayzAA5RpynHPOkrs5H5JZ2aIt5B1OuBe1fVcylt66j9OSfQ2apT9bbr0NFgME+Hsn490Z7RhvcGiM7khgaaNkw756VP/1CjKYsTzzhZIt0g31B6vvYdNaw==, #caMerchantID#=CA_EU, #callerTxnRefID#=341b7153-da86-4543-860f-2ba47f0168a5, #messageType#=ThreeDSMethodURLReq}</td>
<td><div><pre>java.lang.AssertionError: errorComponent: S, errorCode: S, errorDescription:No DS configured for this PAN - Not found in Card Range Cache
	at com.ca.tds.main.TDSMethodURL_TC.testArequestAPI(TDSMethodURL_TC.java:64)
	at java.base/java.util.concurrent.ThreadPoolExecutor.runWorker(ThreadPoolExecutor.java:1128)
	at java.base/java.util.concurrent.ThreadPoolExecutor$Worker.run(ThreadPoolExecutor.java:628)
	at java.base/java.lang.Thread.run(Thread.java:834)
... Removed 13 stack frames</pre></div><a href='#' onClick='toggleBox("stack-trace404119646", this, "Click to show all stack frames", "Click to hide stack frames")'>Click to show all stack frames</a>
<div class='stack-trace' id='stack-trace404119646'><pre>java.lang.AssertionError: errorComponent: S, errorCode: S, errorDescription:No DS configured for this PAN - Not found in Card Range Cache
	at org.testng.Assert.fail(Assert.java:97)
	at com.ca.tds.main.TDSMethodURL_TC.testArequestAPI(TDSMethodURL_TC.java:64)
	at java.base/jdk.internal.reflect.NativeMethodAccessorImpl.invoke0(Native Method)
	at java.base/jdk.internal.reflect.NativeMethodAccessorImpl.invoke(NativeMethodAccessorImpl.java:62)
	at java.base/jdk.internal.reflect.DelegatingMethodAccessorImpl.invoke(DelegatingMethodAccessorImpl.java:43)
	at java.base/java.lang.reflect.Method.invoke(Method.java:566)
	at org.testng.internal.MethodInvocationHelper.invokeMethod(MethodInvocationHelper.java:133)
	at org.testng.internal.TestInvoker.invokeMethod(TestInvoker.java:584)
	at org.testng.internal.TestInvoker.invokeTestMethod(TestInvoker.java:172)
	at org.testng.internal.MethodRunner.runInSequence(MethodRunner.java:46)
	at org.testng.internal.TestInvoker$MethodInvocationAgent.invoke(TestInvoker.java:804)
	at org.testng.internal.TestInvoker.invokeTestMethods(TestInvoker.java:145)
	at org.testng.internal.TestMethodWorker.invokeTestMethods(TestMethodWorker.java:146)
	at org.testng.internal.TestMethodWorker.run(TestMethodWorker.java:128)
	at java.base/java.util.concurrent.ThreadPoolExecutor.runWorker(ThreadPoolExecutor.java:1128)
	at java.base/java.util.concurrent.ThreadPoolExecutor$Worker.run(ThreadPoolExecutor.java:628)
	at java.base/java.lang.Thread.run(Thread.java:834)
</pre></div></td>
<td>1</td>
<td>com.ca.tds.main.TDSMethodURL_TC@13b13b5d</td></tr>
<tr>
<td title='com.ca.tds.main.TDSMethodURL_TC.testArequestAPI()'><b>testArequestAPI</b><br>Test class: com.ca.tds.main.TDSMethodURL_TC<br>Parameters: org.testng.TestRunner@15f75111, {TestCaseID=_S007, TestCaseName=_AMEX_For_Verify_TC007, SanityFlag=Y, Test Case type=P, RequirementID=, Expected-messageType=ThreeDSMethodURLRes, Expected-callerTxnRefID=G, Expected-messageVersion=2.1.0, Expected-threeDSServerTransID=G, Expected-threeDSMethodURL=G, #acctNumber#=4Abuomi9LgxCa7vPYSbXHlv9jX754ALLUd7WxKwnrLZln1vr0ZVO/ahzu6fQh6YLuA3+1M4JoV4oFRd5cPK2lml3yytggURxMETgAx3fb8CMT/YXCYDSzZ+m1ghc+3FtmSFENHIKm3cAoIJBNOGC0VpXdEr5p/3XBdYsXlaODLnQdIZtNAdWIE0ihy6VIcwAlJox+tarG37G0WbEM9lZZcIBH9cXs7IXayzAA5RpynHPOkrs5H5JZ2aIt5B1OuBe1fVcylt66j9OSfQ2apT9bbr0NFgME+Hsn490Z7RhvcGiM7khgaaNkw756VP/1CjKYsTzzhZIt0g31B6vvYdNaw==, #caMerchantID#=CA_EU, #callerTxnRefID#=341b7153-da86-4543-860f-2ba47f0168a5, #messageType#=ThreeDSMethodURLReq}</td>
<td><div><pre>java.lang.AssertionError: errorComponent: S, errorCode: S, errorDescription:No DS configured for this PAN - Not found in Card Range Cache
	at com.ca.tds.main.TDSMethodURL_TC.testArequestAPI(TDSMethodURL_TC.java:64)
	at java.base/java.util.concurrent.ThreadPoolExecutor.runWorker(ThreadPoolExecutor.java:1128)
	at java.base/java.util.concurrent.ThreadPoolExecutor$Worker.run(ThreadPoolExecutor.java:628)
	at java.base/java.lang.Thread.run(Thread.java:834)
... Removed 13 stack frames</pre></div><a href='#' onClick='toggleBox("stack-trace1287582485", this, "Click to show all stack frames", "Click to hide stack frames")'>Click to show all stack frames</a>
<div class='stack-trace' id='stack-trace1287582485'><pre>java.lang.AssertionError: errorComponent: S, errorCode: S, errorDescription:No DS configured for this PAN - Not found in Card Range Cache
	at org.testng.Assert.fail(Assert.java:97)
	at com.ca.tds.main.TDSMethodURL_TC.testArequestAPI(TDSMethodURL_TC.java:64)
	at java.base/jdk.internal.reflect.NativeMethodAccessorImpl.invoke0(Native Method)
	at java.base/jdk.internal.reflect.NativeMethodAccessorImpl.invoke(NativeMethodAccessorImpl.java:62)
	at java.base/jdk.internal.reflect.DelegatingMethodAccessorImpl.invoke(DelegatingMethodAccessorImpl.java:43)
	at java.base/java.lang.reflect.Method.invoke(Method.java:566)
	at org.testng.internal.MethodInvocationHelper.invokeMethod(MethodInvocationHelper.java:133)
	at org.testng.internal.TestInvoker.invokeMethod(TestInvoker.java:584)
	at org.testng.internal.TestInvoker.invokeTestMethod(TestInvoker.java:172)
	at org.testng.internal.MethodRunner.runInSequence(MethodRunner.java:46)
	at org.testng.internal.TestInvoker$MethodInvocationAgent.invoke(TestInvoker.java:804)
	at org.testng.internal.TestInvoker.invokeTestMethods(TestInvoker.java:145)
	at org.testng.internal.TestMethodWorker.invokeTestMethods(TestMethodWorker.java:146)
	at org.testng.internal.TestMethodWorker.run(TestMethodWorker.java:128)
	at java.base/java.util.concurrent.ThreadPoolExecutor.runWorker(ThreadPoolExecutor.java:1128)
	at java.base/java.util.concurrent.ThreadPoolExecutor$Worker.run(ThreadPoolExecutor.java:628)
	at java.base/java.lang.Thread.run(Thread.java:834)
</pre></div></td>
<td>2</td>
<td>com.ca.tds.main.TDSMethodURL_TC@13b13b5d</td></tr>
<tr>
<td title='com.ca.tds.main.TDSMethodURL_TC.testArequestAPI()'><b>testArequestAPI</b><br>Test class: com.ca.tds.main.TDSMethodURL_TC<br>Parameters: org.testng.TestRunner@15f75111, {TestCaseID=_S008, TestCaseName=_AMEX_For_Verify_TC008, SanityFlag=Y, Test Case type=P, RequirementID=, Expected-messageType=ThreeDSMethodURLRes, Expected-callerTxnRefID=G, Expected-messageVersion=2.1.0, Expected-threeDSServerTransID=G, Expected-threeDSMethodURL=G, #acctNumber#=4Abuomi9LgxCa7vPYSbXHlv9jX754ALLUd7WxKwnrLZln1vr0ZVO/ahzu6fQh6YLuA3+1M4JoV4oFRd5cPK2lml3yytggURxMETgAx3fb8CMT/YXCYDSzZ+m1ghc+3FtmSFENHIKm3cAoIJBNOGC0VpXdEr5p/3XBdYsXlaODLnQdIZtNAdWIE0ihy6VIcwAlJox+tarG37G0WbEM9lZZcIBH9cXs7IXayzAA5RpynHPOkrs5H5JZ2aIt5B1OuBe1fVcylt66j9OSfQ2apT9bbr0NFgME+Hsn490Z7RhvcGiM7khgaaNkw756VP/1CjKYsTzzhZIt0g31B6vvYdNaw==, #caMerchantID#=CA_EU, #callerTxnRefID#=341b7153-da86-4543-860f-2ba47f0168a5, #messageType#=ThreeDSMethodURLReq}</td>
<td><div><pre>java.lang.AssertionError: errorComponent: S, errorCode: S, errorDescription:No DS configured for this PAN - Not found in Card Range Cache
	at com.ca.tds.main.TDSMethodURL_TC.testArequestAPI(TDSMethodURL_TC.java:64)
	at java.base/java.util.concurrent.ThreadPoolExecutor.runWorker(ThreadPoolExecutor.java:1128)
	at java.base/java.util.concurrent.ThreadPoolExecutor$Worker.run(ThreadPoolExecutor.java:628)
	at java.base/java.lang.Thread.run(Thread.java:834)
... Removed 13 stack frames</pre></div><a href='#' onClick='toggleBox("stack-trace306533159", this, "Click to show all stack frames", "Click to hide stack frames")'>Click to show all stack frames</a>
<div class='stack-trace' id='stack-trace306533159'><pre>java.lang.AssertionError: errorComponent: S, errorCode: S, errorDescription:No DS configured for this PAN - Not found in Card Range Cache
	at org.testng.Assert.fail(Assert.java:97)
	at com.ca.tds.main.TDSMethodURL_TC.testArequestAPI(TDSMethodURL_TC.java:64)
	at java.base/jdk.internal.reflect.NativeMethodAccessorImpl.invoke0(Native Method)
	at java.base/jdk.internal.reflect.NativeMethodAccessorImpl.invoke(NativeMethodAccessorImpl.java:62)
	at java.base/jdk.internal.reflect.DelegatingMethodAccessorImpl.invoke(DelegatingMethodAccessorImpl.java:43)
	at java.base/java.lang.reflect.Method.invoke(Method.java:566)
	at org.testng.internal.MethodInvocationHelper.invokeMethod(MethodInvocationHelper.java:133)
	at org.testng.internal.TestInvoker.invokeMethod(TestInvoker.java:584)
	at org.testng.internal.TestInvoker.invokeTestMethod(TestInvoker.java:172)
	at org.testng.internal.MethodRunner.runInSequence(MethodRunner.java:46)
	at org.testng.internal.TestInvoker$MethodInvocationAgent.invoke(TestInvoker.java:804)
	at org.testng.internal.TestInvoker.invokeTestMethods(TestInvoker.java:145)
	at org.testng.internal.TestMethodWorker.invokeTestMethods(TestMethodWorker.java:146)
	at org.testng.internal.TestMethodWorker.run(TestMethodWorker.java:128)
	at java.base/java.util.concurrent.ThreadPoolExecutor.runWorker(ThreadPoolExecutor.java:1128)
	at java.base/java.util.concurrent.ThreadPoolExecutor$Worker.run(ThreadPoolExecutor.java:628)
	at java.base/java.lang.Thread.run(Thread.java:834)
</pre></div></td>
<td>2</td>
<td>com.ca.tds.main.TDSMethodURL_TC@13b13b5d</td></tr>
<tr>
<td title='com.ca.tds.main.TDSMethodURL_TC.testArequestAPI()'><b>testArequestAPI</b><br>Test class: com.ca.tds.main.TDSMethodURL_TC<br>Parameters: org.testng.TestRunner@15f75111, {TestCaseID=_S009, TestCaseName=_AMEX_For_Verify_TC009, SanityFlag=Y, Test Case type=P, RequirementID=, Expected-messageType=ThreeDSMethodURLRes, Expected-callerTxnRefID=G, Expected-messageVersion=2.1.0, Expected-threeDSServerTransID=G, Expected-threeDSMethodURL=G, #acctNumber#=4Abuomi9LgxCa7vPYSbXHlv9jX754ALLUd7WxKwnrLZln1vr0ZVO/ahzu6fQh6YLuA3+1M4JoV4oFRd5cPK2lml3yytggURxMETgAx3fb8CMT/YXCYDSzZ+m1ghc+3FtmSFENHIKm3cAoIJBNOGC0VpXdEr5p/3XBdYsXlaODLnQdIZtNAdWIE0ihy6VIcwAlJox+tarG37G0WbEM9lZZcIBH9cXs7IXayzAA5RpynHPOkrs5H5JZ2aIt5B1OuBe1fVcylt66j9OSfQ2apT9bbr0NFgME+Hsn490Z7RhvcGiM7khgaaNkw756VP/1CjKYsTzzhZIt0g31B6vvYdNaw==, #caMerchantID#=CA_EU, #callerTxnRefID#=341b7153-da86-4543-860f-2ba47f0168a5, #messageType#=ThreeDSMethodURLReq}</td>
<td><div><pre>java.lang.AssertionError: errorComponent: S, errorCode: S, errorDescription:No DS configured for this PAN - Not found in Card Range Cache
	at com.ca.tds.main.TDSMethodURL_TC.testArequestAPI(TDSMethodURL_TC.java:64)
	at java.base/java.util.concurrent.ThreadPoolExecutor.runWorker(ThreadPoolExecutor.java:1128)
	at java.base/java.util.concurrent.ThreadPoolExecutor$Worker.run(ThreadPoolExecutor.java:628)
	at java.base/java.lang.Thread.run(Thread.java:834)
... Removed 13 stack frames</pre></div><a href='#' onClick='toggleBox("stack-trace249737442", this, "Click to show all stack frames", "Click to hide stack frames")'>Click to show all stack frames</a>
<div class='stack-trace' id='stack-trace249737442'><pre>java.lang.AssertionError: errorComponent: S, errorCode: S, errorDescription:No DS configured for this PAN - Not found in Card Range Cache
	at org.testng.Assert.fail(Assert.java:97)
	at com.ca.tds.main.TDSMethodURL_TC.testArequestAPI(TDSMethodURL_TC.java:64)
	at java.base/jdk.internal.reflect.NativeMethodAccessorImpl.invoke0(Native Method)
	at java.base/jdk.internal.reflect.NativeMethodAccessorImpl.invoke(NativeMethodAccessorImpl.java:62)
	at java.base/jdk.internal.reflect.DelegatingMethodAccessorImpl.invoke(DelegatingMethodAccessorImpl.java:43)
	at java.base/java.lang.reflect.Method.invoke(Method.java:566)
	at org.testng.internal.MethodInvocationHelper.invokeMethod(MethodInvocationHelper.java:133)
	at org.testng.internal.TestInvoker.invokeMethod(TestInvoker.java:584)
	at org.testng.internal.TestInvoker.invokeTestMethod(TestInvoker.java:172)
	at org.testng.internal.MethodRunner.runInSequence(MethodRunner.java:46)
	at org.testng.internal.TestInvoker$MethodInvocationAgent.invoke(TestInvoker.java:804)
	at org.testng.internal.TestInvoker.invokeTestMethods(TestInvoker.java:145)
	at org.testng.internal.TestMethodWorker.invokeTestMethods(TestMethodWorker.java:146)
	at org.testng.internal.TestMethodWorker.run(TestMethodWorker.java:128)
	at java.base/java.util.concurrent.ThreadPoolExecutor.runWorker(ThreadPoolExecutor.java:1128)
	at java.base/java.util.concurrent.ThreadPoolExecutor$Worker.run(ThreadPoolExecutor.java:628)
	at java.base/java.lang.Thread.run(Thread.java:834)
</pre></div></td>
<td>2</td>
<td>com.ca.tds.main.TDSMethodURL_TC@13b13b5d</td></tr>
<tr>
<td title='com.ca.tds.main.TDSMethodURL_TC.testArequestAPI()'><b>testArequestAPI</b><br>Test class: com.ca.tds.main.TDSMethodURL_TC<br>Parameters: org.testng.TestRunner@15f75111, {TestCaseID=_S010, TestCaseName=_AMEX_For_Verify_TC010, SanityFlag=Y, Test Case type=P, RequirementID=, Expected-messageType=ThreeDSMethodURLRes, Expected-callerTxnRefID=G, Expected-messageVersion=2.1.0, Expected-threeDSServerTransID=G, Expected-threeDSMethodURL=G, #acctNumber#=4Abuomi9LgxCa7vPYSbXHlv9jX754ALLUd7WxKwnrLZln1vr0ZVO/ahzu6fQh6YLuA3+1M4JoV4oFRd5cPK2lml3yytggURxMETgAx3fb8CMT/YXCYDSzZ+m1ghc+3FtmSFENHIKm3cAoIJBNOGC0VpXdEr5p/3XBdYsXlaODLnQdIZtNAdWIE0ihy6VIcwAlJox+tarG37G0WbEM9lZZcIBH9cXs7IXayzAA5RpynHPOkrs5H5JZ2aIt5B1OuBe1fVcylt66j9OSfQ2apT9bbr0NFgME+Hsn490Z7RhvcGiM7khgaaNkw756VP/1CjKYsTzzhZIt0g31B6vvYdNaw==, #caMerchantID#=CA_EU, #callerTxnRefID#=341b7153-da86-4543-860f-2ba47f0168a5, #messageType#=ThreeDSMethodURLReq}</td>
<td><div><pre>java.lang.AssertionError: errorComponent: S, errorCode: S, errorDescription:No DS configured for this PAN - Not found in Card Range Cache
	at com.ca.tds.main.TDSMethodURL_TC.testArequestAPI(TDSMethodURL_TC.java:64)
	at java.base/java.util.concurrent.ThreadPoolExecutor.runWorker(ThreadPoolExecutor.java:1128)
	at java.base/java.util.concurrent.ThreadPoolExecutor$Worker.run(ThreadPoolExecutor.java:628)
	at java.base/java.lang.Thread.run(Thread.java:834)
... Removed 13 stack frames</pre></div><a href='#' onClick='toggleBox("stack-trace1024044570", this, "Click to show all stack frames", "Click to hide stack frames")'>Click to show all stack frames</a>
<div class='stack-trace' id='stack-trace1024044570'><pre>java.lang.AssertionError: errorComponent: S, errorCode: S, errorDescription:No DS configured for this PAN - Not found in Card Range Cache
	at org.testng.Assert.fail(Assert.java:97)
	at com.ca.tds.main.TDSMethodURL_TC.testArequestAPI(TDSMethodURL_TC.java:64)
	at java.base/jdk.internal.reflect.NativeMethodAccessorImpl.invoke0(Native Method)
	at java.base/jdk.internal.reflect.NativeMethodAccessorImpl.invoke(NativeMethodAccessorImpl.java:62)
	at java.base/jdk.internal.reflect.DelegatingMethodAccessorImpl.invoke(DelegatingMethodAccessorImpl.java:43)
	at java.base/java.lang.reflect.Method.invoke(Method.java:566)
	at org.testng.internal.MethodInvocationHelper.invokeMethod(MethodInvocationHelper.java:133)
	at org.testng.internal.TestInvoker.invokeMethod(TestInvoker.java:584)
	at org.testng.internal.TestInvoker.invokeTestMethod(TestInvoker.java:172)
	at org.testng.internal.MethodRunner.runInSequence(MethodRunner.java:46)
	at org.testng.internal.TestInvoker$MethodInvocationAgent.invoke(TestInvoker.java:804)
	at org.testng.internal.TestInvoker.invokeTestMethods(TestInvoker.java:145)
	at org.testng.internal.TestMethodWorker.invokeTestMethods(TestMethodWorker.java:146)
	at org.testng.internal.TestMethodWorker.run(TestMethodWorker.java:128)
	at java.base/java.util.concurrent.ThreadPoolExecutor.runWorker(ThreadPoolExecutor.java:1128)
	at java.base/java.util.concurrent.ThreadPoolExecutor$Worker.run(ThreadPoolExecutor.java:628)
	at java.base/java.lang.Thread.run(Thread.java:834)
</pre></div></td>
<td>1</td>
<td>com.ca.tds.main.TDSMethodURL_TC@13b13b5d</td></tr>
<tr>
<td title='com.ca.tds.main.TDSMethodURL_TC.testArequestAPI()'><b>testArequestAPI</b><br>Test class: com.ca.tds.main.TDSMethodURL_TC<br>Parameters: org.testng.TestRunner@15f75111, {TestCaseID=_S011, TestCaseName=_AMEX_For_Verify_TC011, SanityFlag=Y, Test Case type=P, RequirementID=, Expected-messageType=ThreeDSMethodURLRes, Expected-callerTxnRefID=G, Expected-messageVersion=2.1.0, Expected-threeDSServerTransID=G, Expected-threeDSMethodURL=G, #acctNumber#=4Abuomi9LgxCa7vPYSbXHlv9jX754ALLUd7WxKwnrLZln1vr0ZVO/ahzu6fQh6YLuA3+1M4JoV4oFRd5cPK2lml3yytggURxMETgAx3fb8CMT/YXCYDSzZ+m1ghc+3FtmSFENHIKm3cAoIJBNOGC0VpXdEr5p/3XBdYsXlaODLnQdIZtNAdWIE0ihy6VIcwAlJox+tarG37G0WbEM9lZZcIBH9cXs7IXayzAA5RpynHPOkrs5H5JZ2aIt5B1OuBe1fVcylt66j9OSfQ2apT9bbr0NFgME+Hsn490Z7RhvcGiM7khgaaNkw756VP/1CjKYsTzzhZIt0g31B6vvYdNaw==, #caMerchantID#=CA_EU, #callerTxnRefID#=341b7153-da86-4543-860f-2ba47f0168a5, #messageType#=ThreeDSMethodURLReq}</td>
<td><div><pre>java.lang.AssertionError: errorComponent: S, errorCode: S, errorDescription:No DS configured for this PAN - Not found in Card Range Cache
	at com.ca.tds.main.TDSMethodURL_TC.testArequestAPI(TDSMethodURL_TC.java:64)
	at java.base/java.util.concurrent.ThreadPoolExecutor.runWorker(ThreadPoolExecutor.java:1128)
	at java.base/java.util.concurrent.ThreadPoolExecutor$Worker.run(ThreadPoolExecutor.java:628)
	at java.base/java.lang.Thread.run(Thread.java:834)
... Removed 13 stack frames</pre></div><a href='#' onClick='toggleBox("stack-trace1550789330", this, "Click to show all stack frames", "Click to hide stack frames")'>Click to show all stack frames</a>
<div class='stack-trace' id='stack-trace1550789330'><pre>java.lang.AssertionError: errorComponent: S, errorCode: S, errorDescription:No DS configured for this PAN - Not found in Card Range Cache
	at org.testng.Assert.fail(Assert.java:97)
	at com.ca.tds.main.TDSMethodURL_TC.testArequestAPI(TDSMethodURL_TC.java:64)
	at java.base/jdk.internal.reflect.NativeMethodAccessorImpl.invoke0(Native Method)
	at java.base/jdk.internal.reflect.NativeMethodAccessorImpl.invoke(NativeMethodAccessorImpl.java:62)
	at java.base/jdk.internal.reflect.DelegatingMethodAccessorImpl.invoke(DelegatingMethodAccessorImpl.java:43)
	at java.base/java.lang.reflect.Method.invoke(Method.java:566)
	at org.testng.internal.MethodInvocationHelper.invokeMethod(MethodInvocationHelper.java:133)
	at org.testng.internal.TestInvoker.invokeMethod(TestInvoker.java:584)
	at org.testng.internal.TestInvoker.invokeTestMethod(TestInvoker.java:172)
	at org.testng.internal.MethodRunner.runInSequence(MethodRunner.java:46)
	at org.testng.internal.TestInvoker$MethodInvocationAgent.invoke(TestInvoker.java:804)
	at org.testng.internal.TestInvoker.invokeTestMethods(TestInvoker.java:145)
	at org.testng.internal.TestMethodWorker.invokeTestMethods(TestMethodWorker.java:146)
	at org.testng.internal.TestMethodWorker.run(TestMethodWorker.java:128)
	at java.base/java.util.concurrent.ThreadPoolExecutor.runWorker(ThreadPoolExecutor.java:1128)
	at java.base/java.util.concurrent.ThreadPoolExecutor$Worker.run(ThreadPoolExecutor.java:628)
	at java.base/java.lang.Thread.run(Thread.java:834)
</pre></div></td>
<td>1</td>
<td>com.ca.tds.main.TDSMethodURL_TC@13b13b5d</td></tr>
<tr>
<td title='com.ca.tds.main.TDSMethodURL_TC.testArequestAPI()'><b>testArequestAPI</b><br>Test class: com.ca.tds.main.TDSMethodURL_TC<br>Parameters: org.testng.TestRunner@15f75111, {TestCaseID=_S012, TestCaseName=_AMEX_For_Verify_TC012, SanityFlag=Y, Test Case type=P, RequirementID=, Expected-messageType=ThreeDSMethodURLRes, Expected-callerTxnRefID=G, Expected-messageVersion=2.1.0, Expected-threeDSServerTransID=G, Expected-threeDSMethodURL=G, #acctNumber#=4Abuomi9LgxCa7vPYSbXHlv9jX754ALLUd7WxKwnrLZln1vr0ZVO/ahzu6fQh6YLuA3+1M4JoV4oFRd5cPK2lml3yytggURxMETgAx3fb8CMT/YXCYDSzZ+m1ghc+3FtmSFENHIKm3cAoIJBNOGC0VpXdEr5p/3XBdYsXlaODLnQdIZtNAdWIE0ihy6VIcwAlJox+tarG37G0WbEM9lZZcIBH9cXs7IXayzAA5RpynHPOkrs5H5JZ2aIt5B1OuBe1fVcylt66j9OSfQ2apT9bbr0NFgME+Hsn490Z7RhvcGiM7khgaaNkw756VP/1CjKYsTzzhZIt0g31B6vvYdNaw==, #caMerchantID#=CA_EU, #callerTxnRefID#=341b7153-da86-4543-860f-2ba47f0168a5, #messageType#=ThreeDSMethodURLReq}</td>
<td><div><pre>java.lang.AssertionError: errorComponent: S, errorCode: S, errorDescription:No DS configured for this PAN - Not found in Card Range Cache
	at com.ca.tds.main.TDSMethodURL_TC.testArequestAPI(TDSMethodURL_TC.java:64)
	at java.base/java.util.concurrent.ThreadPoolExecutor.runWorker(ThreadPoolExecutor.java:1128)
	at java.base/java.util.concurrent.ThreadPoolExecutor$Worker.run(ThreadPoolExecutor.java:628)
	at java.base/java.lang.Thread.run(Thread.java:834)
... Removed 13 stack frames</pre></div><a href='#' onClick='toggleBox("stack-trace1939747153", this, "Click to show all stack frames", "Click to hide stack frames")'>Click to show all stack frames</a>
<div class='stack-trace' id='stack-trace1939747153'><pre>java.lang.AssertionError: errorComponent: S, errorCode: S, errorDescription:No DS configured for this PAN - Not found in Card Range Cache
	at org.testng.Assert.fail(Assert.java:97)
	at com.ca.tds.main.TDSMethodURL_TC.testArequestAPI(TDSMethodURL_TC.java:64)
	at java.base/jdk.internal.reflect.NativeMethodAccessorImpl.invoke0(Native Method)
	at java.base/jdk.internal.reflect.NativeMethodAccessorImpl.invoke(NativeMethodAccessorImpl.java:62)
	at java.base/jdk.internal.reflect.DelegatingMethodAccessorImpl.invoke(DelegatingMethodAccessorImpl.java:43)
	at java.base/java.lang.reflect.Method.invoke(Method.java:566)
	at org.testng.internal.MethodInvocationHelper.invokeMethod(MethodInvocationHelper.java:133)
	at org.testng.internal.TestInvoker.invokeMethod(TestInvoker.java:584)
	at org.testng.internal.TestInvoker.invokeTestMethod(TestInvoker.java:172)
	at org.testng.internal.MethodRunner.runInSequence(MethodRunner.java:46)
	at org.testng.internal.TestInvoker$MethodInvocationAgent.invoke(TestInvoker.java:804)
	at org.testng.internal.TestInvoker.invokeTestMethods(TestInvoker.java:145)
	at org.testng.internal.TestMethodWorker.invokeTestMethods(TestMethodWorker.java:146)
	at org.testng.internal.TestMethodWorker.run(TestMethodWorker.java:128)
	at java.base/java.util.concurrent.ThreadPoolExecutor.runWorker(ThreadPoolExecutor.java:1128)
	at java.base/java.util.concurrent.ThreadPoolExecutor$Worker.run(ThreadPoolExecutor.java:628)
	at java.base/java.lang.Thread.run(Thread.java:834)
</pre></div></td>
<td>2</td>
<td>com.ca.tds.main.TDSMethodURL_TC@13b13b5d</td></tr>
<tr>
<td title='com.ca.tds.main.TDSMethodURL_TC.testArequestAPI()'><b>testArequestAPI</b><br>Test class: com.ca.tds.main.TDSMethodURL_TC<br>Parameters: org.testng.TestRunner@15f75111, {TestCaseID=_S013, TestCaseName=_AMEX_For_Verify_TC013, SanityFlag=Y, Test Case type=P, RequirementID=, Expected-messageType=ThreeDSMethodURLRes, Expected-callerTxnRefID=G, Expected-messageVersion=2.1.0, Expected-threeDSServerTransID=G, Expected-threeDSMethodURL=G, #acctNumber#=4Abuomi9LgxCa7vPYSbXHlv9jX754ALLUd7WxKwnrLZln1vr0ZVO/ahzu6fQh6YLuA3+1M4JoV4oFRd5cPK2lml3yytggURxMETgAx3fb8CMT/YXCYDSzZ+m1ghc+3FtmSFENHIKm3cAoIJBNOGC0VpXdEr5p/3XBdYsXlaODLnQdIZtNAdWIE0ihy6VIcwAlJox+tarG37G0WbEM9lZZcIBH9cXs7IXayzAA5RpynHPOkrs5H5JZ2aIt5B1OuBe1fVcylt66j9OSfQ2apT9bbr0NFgME+Hsn490Z7RhvcGiM7khgaaNkw756VP/1CjKYsTzzhZIt0g31B6vvYdNaw==, #caMerchantID#=CA_EU, #callerTxnRefID#=341b7153-da86-4543-860f-2ba47f0168a5, #messageType#=ThreeDSMethodURLReq}</td>
<td><div><pre>java.lang.AssertionError: errorComponent: S, errorCode: S, errorDescription:No DS configured for this PAN - Not found in Card Range Cache
	at com.ca.tds.main.TDSMethodURL_TC.testArequestAPI(TDSMethodURL_TC.java:64)
	at java.base/java.util.concurrent.ThreadPoolExecutor.runWorker(ThreadPoolExecutor.java:1128)
	at java.base/java.util.concurrent.ThreadPoolExecutor$Worker.run(ThreadPoolExecutor.java:628)
	at java.base/java.lang.Thread.run(Thread.java:834)
... Removed 13 stack frames</pre></div><a href='#' onClick='toggleBox("stack-trace91877756", this, "Click to show all stack frames", "Click to hide stack frames")'>Click to show all stack frames</a>
<div class='stack-trace' id='stack-trace91877756'><pre>java.lang.AssertionError: errorComponent: S, errorCode: S, errorDescription:No DS configured for this PAN - Not found in Card Range Cache
	at org.testng.Assert.fail(Assert.java:97)
	at com.ca.tds.main.TDSMethodURL_TC.testArequestAPI(TDSMethodURL_TC.java:64)
	at java.base/jdk.internal.reflect.NativeMethodAccessorImpl.invoke0(Native Method)
	at java.base/jdk.internal.reflect.NativeMethodAccessorImpl.invoke(NativeMethodAccessorImpl.java:62)
	at java.base/jdk.internal.reflect.DelegatingMethodAccessorImpl.invoke(DelegatingMethodAccessorImpl.java:43)
	at java.base/java.lang.reflect.Method.invoke(Method.java:566)
	at org.testng.internal.MethodInvocationHelper.invokeMethod(MethodInvocationHelper.java:133)
	at org.testng.internal.TestInvoker.invokeMethod(TestInvoker.java:584)
	at org.testng.internal.TestInvoker.invokeTestMethod(TestInvoker.java:172)
	at org.testng.internal.MethodRunner.runInSequence(MethodRunner.java:46)
	at org.testng.internal.TestInvoker$MethodInvocationAgent.invoke(TestInvoker.java:804)
	at org.testng.internal.TestInvoker.invokeTestMethods(TestInvoker.java:145)
	at org.testng.internal.TestMethodWorker.invokeTestMethods(TestMethodWorker.java:146)
	at org.testng.internal.TestMethodWorker.run(TestMethodWorker.java:128)
	at java.base/java.util.concurrent.ThreadPoolExecutor.runWorker(ThreadPoolExecutor.java:1128)
	at java.base/java.util.concurrent.ThreadPoolExecutor$Worker.run(ThreadPoolExecutor.java:628)
	at java.base/java.lang.Thread.run(Thread.java:834)
</pre></div></td>
<td>2</td>
<td>com.ca.tds.main.TDSMethodURL_TC@13b13b5d</td></tr>
<tr>
<td title='com.ca.tds.main.TDSMethodURL_TC.testArequestAPI()'><b>testArequestAPI</b><br>Test class: com.ca.tds.main.TDSMethodURL_TC<br>Parameters: org.testng.TestRunner@15f75111, {TestCaseID=_S014, TestCaseName=_AMEX_For_Verify_TC014, SanityFlag=Y, Test Case type=P, RequirementID=, Expected-messageType=ThreeDSMethodURLRes, Expected-callerTxnRefID=G, Expected-messageVersion=2.1.0, Expected-threeDSServerTransID=G, Expected-threeDSMethodURL=G, #acctNumber#=4Abuomi9LgxCa7vPYSbXHlv9jX754ALLUd7WxKwnrLZln1vr0ZVO/ahzu6fQh6YLuA3+1M4JoV4oFRd5cPK2lml3yytggURxMETgAx3fb8CMT/YXCYDSzZ+m1ghc+3FtmSFENHIKm3cAoIJBNOGC0VpXdEr5p/3XBdYsXlaODLnQdIZtNAdWIE0ihy6VIcwAlJox+tarG37G0WbEM9lZZcIBH9cXs7IXayzAA5RpynHPOkrs5H5JZ2aIt5B1OuBe1fVcylt66j9OSfQ2apT9bbr0NFgME+Hsn490Z7RhvcGiM7khgaaNkw756VP/1CjKYsTzzhZIt0g31B6vvYdNaw==, #caMerchantID#=CA_EU, #callerTxnRefID#=341b7153-da86-4543-860f-2ba47f0168a5, #messageType#=ThreeDSMethodURLReq}</td>
<td><div><pre>java.lang.AssertionError: errorComponent: S, errorCode: S, errorDescription:No DS configured for this PAN - Not found in Card Range Cache
	at com.ca.tds.main.TDSMethodURL_TC.testArequestAPI(TDSMethodURL_TC.java:64)
	at java.base/java.util.concurrent.ThreadPoolExecutor.runWorker(ThreadPoolExecutor.java:1128)
	at java.base/java.util.concurrent.ThreadPoolExecutor$Worker.run(ThreadPoolExecutor.java:628)
	at java.base/java.lang.Thread.run(Thread.java:834)
... Removed 13 stack frames</pre></div><a href='#' onClick='toggleBox("stack-trace418379977", this, "Click to show all stack frames", "Click to hide stack frames")'>Click to show all stack frames</a>
<div class='stack-trace' id='stack-trace418379977'><pre>java.lang.AssertionError: errorComponent: S, errorCode: S, errorDescription:No DS configured for this PAN - Not found in Card Range Cache
	at org.testng.Assert.fail(Assert.java:97)
	at com.ca.tds.main.TDSMethodURL_TC.testArequestAPI(TDSMethodURL_TC.java:64)
	at java.base/jdk.internal.reflect.NativeMethodAccessorImpl.invoke0(Native Method)
	at java.base/jdk.internal.reflect.NativeMethodAccessorImpl.invoke(NativeMethodAccessorImpl.java:62)
	at java.base/jdk.internal.reflect.DelegatingMethodAccessorImpl.invoke(DelegatingMethodAccessorImpl.java:43)
	at java.base/java.lang.reflect.Method.invoke(Method.java:566)
	at org.testng.internal.MethodInvocationHelper.invokeMethod(MethodInvocationHelper.java:133)
	at org.testng.internal.TestInvoker.invokeMethod(TestInvoker.java:584)
	at org.testng.internal.TestInvoker.invokeTestMethod(TestInvoker.java:172)
	at org.testng.internal.MethodRunner.runInSequence(MethodRunner.java:46)
	at org.testng.internal.TestInvoker$MethodInvocationAgent.invoke(TestInvoker.java:804)
	at org.testng.internal.TestInvoker.invokeTestMethods(TestInvoker.java:145)
	at org.testng.internal.TestMethodWorker.invokeTestMethods(TestMethodWorker.java:146)
	at org.testng.internal.TestMethodWorker.run(TestMethodWorker.java:128)
	at java.base/java.util.concurrent.ThreadPoolExecutor.runWorker(ThreadPoolExecutor.java:1128)
	at java.base/java.util.concurrent.ThreadPoolExecutor$Worker.run(ThreadPoolExecutor.java:628)
	at java.base/java.lang.Thread.run(Thread.java:834)
</pre></div></td>
<td>2</td>
<td>com.ca.tds.main.TDSMethodURL_TC@13b13b5d</td></tr>
<tr>
<td title='com.ca.tds.main.TDSMethodURL_TC.testArequestAPI()'><b>testArequestAPI</b><br>Test class: com.ca.tds.main.TDSMethodURL_TC<br>Parameters: org.testng.TestRunner@15f75111, {TestCaseID=_S015, TestCaseName=_AMEX_For_Verify_TC015, SanityFlag=Y, Test Case type=P, RequirementID=, Expected-messageType=ThreeDSMethodURLRes, Expected-callerTxnRefID=G, Expected-messageVersion=2.1.0, Expected-threeDSServerTransID=G, Expected-threeDSMethodURL=G, #acctNumber#=4Abuomi9LgxCa7vPYSbXHlv9jX754ALLUd7WxKwnrLZln1vr0ZVO/ahzu6fQh6YLuA3+1M4JoV4oFRd5cPK2lml3yytggURxMETgAx3fb8CMT/YXCYDSzZ+m1ghc+3FtmSFENHIKm3cAoIJBNOGC0VpXdEr5p/3XBdYsXlaODLnQdIZtNAdWIE0ihy6VIcwAlJox+tarG37G0WbEM9lZZcIBH9cXs7IXayzAA5RpynHPOkrs5H5JZ2aIt5B1OuBe1fVcylt66j9OSfQ2apT9bbr0NFgME+Hsn490Z7RhvcGiM7khgaaNkw756VP/1CjKYsTzzhZIt0g31B6vvYdNaw==, #caMerchantID#=CA_EU, #callerTxnRefID#=341b7153-da86-4543-860f-2ba47f0168a5, #messageType#=ThreeDSMethodURLReq}</td>
<td><div><pre>java.lang.AssertionError: errorComponent: S, errorCode: S, errorDescription:No DS configured for this PAN - Not found in Card Range Cache
	at com.ca.tds.main.TDSMethodURL_TC.testArequestAPI(TDSMethodURL_TC.java:64)
	at java.base/java.util.concurrent.ThreadPoolExecutor.runWorker(ThreadPoolExecutor.java:1128)
	at java.base/java.util.concurrent.ThreadPoolExecutor$Worker.run(ThreadPoolExecutor.java:628)
	at java.base/java.lang.Thread.run(Thread.java:834)
... Removed 13 stack frames</pre></div><a href='#' onClick='toggleBox("stack-trace161316724", this, "Click to show all stack frames", "Click to hide stack frames")'>Click to show all stack frames</a>
<div class='stack-trace' id='stack-trace161316724'><pre>java.lang.AssertionError: errorComponent: S, errorCode: S, errorDescription:No DS configured for this PAN - Not found in Card Range Cache
	at org.testng.Assert.fail(Assert.java:97)
	at com.ca.tds.main.TDSMethodURL_TC.testArequestAPI(TDSMethodURL_TC.java:64)
	at java.base/jdk.internal.reflect.NativeMethodAccessorImpl.invoke0(Native Method)
	at java.base/jdk.internal.reflect.NativeMethodAccessorImpl.invoke(NativeMethodAccessorImpl.java:62)
	at java.base/jdk.internal.reflect.DelegatingMethodAccessorImpl.invoke(DelegatingMethodAccessorImpl.java:43)
	at java.base/java.lang.reflect.Method.invoke(Method.java:566)
	at org.testng.internal.MethodInvocationHelper.invokeMethod(MethodInvocationHelper.java:133)
	at org.testng.internal.TestInvoker.invokeMethod(TestInvoker.java:584)
	at org.testng.internal.TestInvoker.invokeTestMethod(TestInvoker.java:172)
	at org.testng.internal.MethodRunner.runInSequence(MethodRunner.java:46)
	at org.testng.internal.TestInvoker$MethodInvocationAgent.invoke(TestInvoker.java:804)
	at org.testng.internal.TestInvoker.invokeTestMethods(TestInvoker.java:145)
	at org.testng.internal.TestMethodWorker.invokeTestMethods(TestMethodWorker.java:146)
	at org.testng.internal.TestMethodWorker.run(TestMethodWorker.java:128)
	at java.base/java.util.concurrent.ThreadPoolExecutor.runWorker(ThreadPoolExecutor.java:1128)
	at java.base/java.util.concurrent.ThreadPoolExecutor$Worker.run(ThreadPoolExecutor.java:628)
	at java.base/java.lang.Thread.run(Thread.java:834)
</pre></div></td>
<td>2</td>
<td>com.ca.tds.main.TDSMethodURL_TC@13b13b5d</td></tr>
<tr>
<td title='com.ca.tds.main.TDSMethodURL_TC.testArequestAPI()'><b>testArequestAPI</b><br>Test class: com.ca.tds.main.TDSMethodURL_TC<br>Parameters: org.testng.TestRunner@15f75111, {TestCaseID=_S016, TestCaseName=_AMEX_For_Verify_TC016, SanityFlag=Y, Test Case type=P, RequirementID=, Expected-messageType=ThreeDSMethodURLRes, Expected-callerTxnRefID=G, Expected-messageVersion=2.1.0, Expected-threeDSServerTransID=G, Expected-threeDSMethodURL=G, #acctNumber#=4Abuomi9LgxCa7vPYSbXHlv9jX754ALLUd7WxKwnrLZln1vr0ZVO/ahzu6fQh6YLuA3+1M4JoV4oFRd5cPK2lml3yytggURxMETgAx3fb8CMT/YXCYDSzZ+m1ghc+3FtmSFENHIKm3cAoIJBNOGC0VpXdEr5p/3XBdYsXlaODLnQdIZtNAdWIE0ihy6VIcwAlJox+tarG37G0WbEM9lZZcIBH9cXs7IXayzAA5RpynHPOkrs5H5JZ2aIt5B1OuBe1fVcylt66j9OSfQ2apT9bbr0NFgME+Hsn490Z7RhvcGiM7khgaaNkw756VP/1CjKYsTzzhZIt0g31B6vvYdNaw==, #caMerchantID#=CA_EU, #callerTxnRefID#=341b7153-da86-4543-860f-2ba47f0168a5, #messageType#=ThreeDSMethodURLReq}</td>
<td><div><pre>java.lang.AssertionError: errorComponent: S, errorCode: S, errorDescription:No DS configured for this PAN - Not found in Card Range Cache
	at com.ca.tds.main.TDSMethodURL_TC.testArequestAPI(TDSMethodURL_TC.java:64)
	at java.base/java.util.concurrent.ThreadPoolExecutor.runWorker(ThreadPoolExecutor.java:1128)
	at java.base/java.util.concurrent.ThreadPoolExecutor$Worker.run(ThreadPoolExecutor.java:628)
	at java.base/java.lang.Thread.run(Thread.java:834)
... Removed 13 stack frames</pre></div><a href='#' onClick='toggleBox("stack-trace1915050037", this, "Click to show all stack frames", "Click to hide stack frames")'>Click to show all stack frames</a>
<div class='stack-trace' id='stack-trace1915050037'><pre>java.lang.AssertionError: errorComponent: S, errorCode: S, errorDescription:No DS configured for this PAN - Not found in Card Range Cache
	at org.testng.Assert.fail(Assert.java:97)
	at com.ca.tds.main.TDSMethodURL_TC.testArequestAPI(TDSMethodURL_TC.java:64)
	at java.base/jdk.internal.reflect.NativeMethodAccessorImpl.invoke0(Native Method)
	at java.base/jdk.internal.reflect.NativeMethodAccessorImpl.invoke(NativeMethodAccessorImpl.java:62)
	at java.base/jdk.internal.reflect.DelegatingMethodAccessorImpl.invoke(DelegatingMethodAccessorImpl.java:43)
	at java.base/java.lang.reflect.Method.invoke(Method.java:566)
	at org.testng.internal.MethodInvocationHelper.invokeMethod(MethodInvocationHelper.java:133)
	at org.testng.internal.TestInvoker.invokeMethod(TestInvoker.java:584)
	at org.testng.internal.TestInvoker.invokeTestMethod(TestInvoker.java:172)
	at org.testng.internal.MethodRunner.runInSequence(MethodRunner.java:46)
	at org.testng.internal.TestInvoker$MethodInvocationAgent.invoke(TestInvoker.java:804)
	at org.testng.internal.TestInvoker.invokeTestMethods(TestInvoker.java:145)
	at org.testng.internal.TestMethodWorker.invokeTestMethods(TestMethodWorker.java:146)
	at org.testng.internal.TestMethodWorker.run(TestMethodWorker.java:128)
	at java.base/java.util.concurrent.ThreadPoolExecutor.runWorker(ThreadPoolExecutor.java:1128)
	at java.base/java.util.concurrent.ThreadPoolExecutor$Worker.run(ThreadPoolExecutor.java:628)
	at java.base/java.lang.Thread.run(Thread.java:834)
</pre></div></td>
<td>2</td>
<td>com.ca.tds.main.TDSMethodURL_TC@13b13b5d</td></tr>
<tr>
<td title='com.ca.tds.main.TDSMethodURL_TC.testArequestAPI()'><b>testArequestAPI</b><br>Test class: com.ca.tds.main.TDSMethodURL_TC<br>Parameters: org.testng.TestRunner@15f75111, {TestCaseID=_S017, TestCaseName=_AMEX_For_Verify_TC017, SanityFlag=Y, Test Case type=P, RequirementID=, Expected-messageType=ThreeDSMethodURLRes, Expected-callerTxnRefID=G, Expected-messageVersion=2.1.0, Expected-threeDSServerTransID=G, Expected-threeDSMethodURL=G, #acctNumber#=4Abuomi9LgxCa7vPYSbXHlv9jX754ALLUd7WxKwnrLZln1vr0ZVO/ahzu6fQh6YLuA3+1M4JoV4oFRd5cPK2lml3yytggURxMETgAx3fb8CMT/YXCYDSzZ+m1ghc+3FtmSFENHIKm3cAoIJBNOGC0VpXdEr5p/3XBdYsXlaODLnQdIZtNAdWIE0ihy6VIcwAlJox+tarG37G0WbEM9lZZcIBH9cXs7IXayzAA5RpynHPOkrs5H5JZ2aIt5B1OuBe1fVcylt66j9OSfQ2apT9bbr0NFgME+Hsn490Z7RhvcGiM7khgaaNkw756VP/1CjKYsTzzhZIt0g31B6vvYdNaw==, #caMerchantID#=CA_EU, #callerTxnRefID#=341b7153-da86-4543-860f-2ba47f0168a5, #messageType#=ThreeDSMethodURLReq}</td>
<td><div><pre>java.lang.AssertionError: errorComponent: S, errorCode: S, errorDescription:No DS configured for this PAN - Not found in Card Range Cache
	at com.ca.tds.main.TDSMethodURL_TC.testArequestAPI(TDSMethodURL_TC.java:64)
	at java.base/java.util.concurrent.ThreadPoolExecutor.runWorker(ThreadPoolExecutor.java:1128)
	at java.base/java.util.concurrent.ThreadPoolExecutor$Worker.run(ThreadPoolExecutor.java:628)
	at java.base/java.lang.Thread.run(Thread.java:834)
... Removed 12 stack frames</pre></div><a href='#' onClick='toggleBox("stack-trace865349163", this, "Click to show all stack frames", "Click to hide stack frames")'>Click to show all stack frames</a>
<div class='stack-trace' id='stack-trace865349163'><pre>java.lang.AssertionError: errorComponent: S, errorCode: S, errorDescription:No DS configured for this PAN - Not found in Card Range Cache
	at org.testng.Assert.fail(Assert.java:97)
	at com.ca.tds.main.TDSMethodURL_TC.testArequestAPI(TDSMethodURL_TC.java:64)
	at jdk.internal.reflect.GeneratedMethodAccessor28.invoke(Unknown Source)
	at java.base/jdk.internal.reflect.DelegatingMethodAccessorImpl.invoke(DelegatingMethodAccessorImpl.java:43)
	at java.base/java.lang.reflect.Method.invoke(Method.java:566)
	at org.testng.internal.MethodInvocationHelper.invokeMethod(MethodInvocationHelper.java:133)
	at org.testng.internal.TestInvoker.invokeMethod(TestInvoker.java:584)
	at org.testng.internal.TestInvoker.invokeTestMethod(TestInvoker.java:172)
	at org.testng.internal.MethodRunner.runInSequence(MethodRunner.java:46)
	at org.testng.internal.TestInvoker$MethodInvocationAgent.invoke(TestInvoker.java:804)
	at org.testng.internal.TestInvoker.invokeTestMethods(TestInvoker.java:145)
	at org.testng.internal.TestMethodWorker.invokeTestMethods(TestMethodWorker.java:146)
	at org.testng.internal.TestMethodWorker.run(TestMethodWorker.java:128)
	at java.base/java.util.concurrent.ThreadPoolExecutor.runWorker(ThreadPoolExecutor.java:1128)
	at java.base/java.util.concurrent.ThreadPoolExecutor$Worker.run(ThreadPoolExecutor.java:628)
	at java.base/java.lang.Thread.run(Thread.java:834)
</pre></div></td>
<td>2</td>
<td>com.ca.tds.main.TDSMethodURL_TC@13b13b5d</td></tr>
<tr>
<td title='com.ca.tds.main.TDSMethodURL_TC.testArequestAPI()'><b>testArequestAPI</b><br>Test class: com.ca.tds.main.TDSMethodURL_TC<br>Parameters: org.testng.TestRunner@15f75111, {TestCaseID=_S018, TestCaseName=_AMEX_For_Verify_TC018, SanityFlag=Y, Test Case type=P, RequirementID=, Expected-messageType=ThreeDSMethodURLRes, Expected-callerTxnRefID=G, Expected-messageVersion=2.1.0, Expected-threeDSServerTransID=G, Expected-threeDSMethodURL=G, #acctNumber#=4Abuomi9LgxCa7vPYSbXHlv9jX754ALLUd7WxKwnrLZln1vr0ZVO/ahzu6fQh6YLuA3+1M4JoV4oFRd5cPK2lml3yytggURxMETgAx3fb8CMT/YXCYDSzZ+m1ghc+3FtmSFENHIKm3cAoIJBNOGC0VpXdEr5p/3XBdYsXlaODLnQdIZtNAdWIE0ihy6VIcwAlJox+tarG37G0WbEM9lZZcIBH9cXs7IXayzAA5RpynHPOkrs5H5JZ2aIt5B1OuBe1fVcylt66j9OSfQ2apT9bbr0NFgME+Hsn490Z7RhvcGiM7khgaaNkw756VP/1CjKYsTzzhZIt0g31B6vvYdNaw==, #caMerchantID#=CA_EU, #callerTxnRefID#=341b7153-da86-4543-860f-2ba47f0168a5, #messageType#=ThreeDSMethodURLReq}</td>
<td><div><pre>java.lang.AssertionError: errorComponent: S, errorCode: S, errorDescription:No DS configured for this PAN - Not found in Card Range Cache
	at com.ca.tds.main.TDSMethodURL_TC.testArequestAPI(TDSMethodURL_TC.java:64)
	at java.base/java.util.concurrent.ThreadPoolExecutor.runWorker(ThreadPoolExecutor.java:1128)
	at java.base/java.util.concurrent.ThreadPoolExecutor$Worker.run(ThreadPoolExecutor.java:628)
	at java.base/java.lang.Thread.run(Thread.java:834)
... Removed 12 stack frames</pre></div><a href='#' onClick='toggleBox("stack-trace362987283", this, "Click to show all stack frames", "Click to hide stack frames")'>Click to show all stack frames</a>
<div class='stack-trace' id='stack-trace362987283'><pre>java.lang.AssertionError: errorComponent: S, errorCode: S, errorDescription:No DS configured for this PAN - Not found in Card Range Cache
	at org.testng.Assert.fail(Assert.java:97)
	at com.ca.tds.main.TDSMethodURL_TC.testArequestAPI(TDSMethodURL_TC.java:64)
	at jdk.internal.reflect.GeneratedMethodAccessor28.invoke(Unknown Source)
	at java.base/jdk.internal.reflect.DelegatingMethodAccessorImpl.invoke(DelegatingMethodAccessorImpl.java:43)
	at java.base/java.lang.reflect.Method.invoke(Method.java:566)
	at org.testng.internal.MethodInvocationHelper.invokeMethod(MethodInvocationHelper.java:133)
	at org.testng.internal.TestInvoker.invokeMethod(TestInvoker.java:584)
	at org.testng.internal.TestInvoker.invokeTestMethod(TestInvoker.java:172)
	at org.testng.internal.MethodRunner.runInSequence(MethodRunner.java:46)
	at org.testng.internal.TestInvoker$MethodInvocationAgent.invoke(TestInvoker.java:804)
	at org.testng.internal.TestInvoker.invokeTestMethods(TestInvoker.java:145)
	at org.testng.internal.TestMethodWorker.invokeTestMethods(TestMethodWorker.java:146)
	at org.testng.internal.TestMethodWorker.run(TestMethodWorker.java:128)
	at java.base/java.util.concurrent.ThreadPoolExecutor.runWorker(ThreadPoolExecutor.java:1128)
	at java.base/java.util.concurrent.ThreadPoolExecutor$Worker.run(ThreadPoolExecutor.java:628)
	at java.base/java.lang.Thread.run(Thread.java:834)
</pre></div></td>
<td>2</td>
<td>com.ca.tds.main.TDSMethodURL_TC@13b13b5d</td></tr>
<tr>
<td title='com.ca.tds.main.TDSMethodURL_TC.testArequestAPI()'><b>testArequestAPI</b><br>Test class: com.ca.tds.main.TDSMethodURL_TC<br>Parameters: org.testng.TestRunner@15f75111, {TestCaseID=_S019, TestCaseName=_AMEX_For_Verify_TC019, SanityFlag=Y, Test Case type=P, RequirementID=, Expected-messageType=ThreeDSMethodURLRes, Expected-callerTxnRefID=G, Expected-messageVersion=2.1.0, Expected-threeDSServerTransID=G, Expected-threeDSMethodURL=G, #acctNumber#=4Abuomi9LgxCa7vPYSbXHlv9jX754ALLUd7WxKwnrLZln1vr0ZVO/ahzu6fQh6YLuA3+1M4JoV4oFRd5cPK2lml3yytggURxMETgAx3fb8CMT/YXCYDSzZ+m1ghc+3FtmSFENHIKm3cAoIJBNOGC0VpXdEr5p/3XBdYsXlaODLnQdIZtNAdWIE0ihy6VIcwAlJox+tarG37G0WbEM9lZZcIBH9cXs7IXayzAA5RpynHPOkrs5H5JZ2aIt5B1OuBe1fVcylt66j9OSfQ2apT9bbr0NFgME+Hsn490Z7RhvcGiM7khgaaNkw756VP/1CjKYsTzzhZIt0g31B6vvYdNaw==, #caMerchantID#=CA_EU, #callerTxnRefID#=341b7153-da86-4543-860f-2ba47f0168a5, #messageType#=ThreeDSMethodURLReq}</td>
<td><div><pre>java.lang.AssertionError: errorComponent: S, errorCode: S, errorDescription:No DS configured for this PAN - Not found in Card Range Cache
	at com.ca.tds.main.TDSMethodURL_TC.testArequestAPI(TDSMethodURL_TC.java:64)
	at java.base/java.util.concurrent.ThreadPoolExecutor.runWorker(ThreadPoolExecutor.java:1128)
	at java.base/java.util.concurrent.ThreadPoolExecutor$Worker.run(ThreadPoolExecutor.java:628)
	at java.base/java.lang.Thread.run(Thread.java:834)
... Removed 12 stack frames</pre></div><a href='#' onClick='toggleBox("stack-trace326929941", this, "Click to show all stack frames", "Click to hide stack frames")'>Click to show all stack frames</a>
<div class='stack-trace' id='stack-trace326929941'><pre>java.lang.AssertionError: errorComponent: S, errorCode: S, errorDescription:No DS configured for this PAN - Not found in Card Range Cache
	at org.testng.Assert.fail(Assert.java:97)
	at com.ca.tds.main.TDSMethodURL_TC.testArequestAPI(TDSMethodURL_TC.java:64)
	at jdk.internal.reflect.GeneratedMethodAccessor28.invoke(Unknown Source)
	at java.base/jdk.internal.reflect.DelegatingMethodAccessorImpl.invoke(DelegatingMethodAccessorImpl.java:43)
	at java.base/java.lang.reflect.Method.invoke(Method.java:566)
	at org.testng.internal.MethodInvocationHelper.invokeMethod(MethodInvocationHelper.java:133)
	at org.testng.internal.TestInvoker.invokeMethod(TestInvoker.java:584)
	at org.testng.internal.TestInvoker.invokeTestMethod(TestInvoker.java:172)
	at org.testng.internal.MethodRunner.runInSequence(MethodRunner.java:46)
	at org.testng.internal.TestInvoker$MethodInvocationAgent.invoke(TestInvoker.java:804)
	at org.testng.internal.TestInvoker.invokeTestMethods(TestInvoker.java:145)
	at org.testng.internal.TestMethodWorker.invokeTestMethods(TestMethodWorker.java:146)
	at org.testng.internal.TestMethodWorker.run(TestMethodWorker.java:128)
	at java.base/java.util.concurrent.ThreadPoolExecutor.runWorker(ThreadPoolExecutor.java:1128)
	at java.base/java.util.concurrent.ThreadPoolExecutor$Worker.run(ThreadPoolExecutor.java:628)
	at java.base/java.lang.Thread.run(Thread.java:834)
</pre></div></td>
<td>1</td>
<td>com.ca.tds.main.TDSMethodURL_TC@13b13b5d</td></tr>
<tr>
<td title='com.ca.tds.main.TDSMethodURL_TC.testArequestAPI()'><b>testArequestAPI</b><br>Test class: com.ca.tds.main.TDSMethodURL_TC<br>Parameters: org.testng.TestRunner@15f75111, {TestCaseID=_S020, TestCaseName=_AMEX_For_Verify_TC020, SanityFlag=Y, Test Case type=P, RequirementID=, Expected-messageType=ThreeDSMethodURLRes, Expected-callerTxnRefID=G, Expected-messageVersion=2.1.0, Expected-threeDSServerTransID=G, Expected-threeDSMethodURL=G, #acctNumber#=4Abuomi9LgxCa7vPYSbXHlv9jX754ALLUd7WxKwnrLZln1vr0ZVO/ahzu6fQh6YLuA3+1M4JoV4oFRd5cPK2lml3yytggURxMETgAx3fb8CMT/YXCYDSzZ+m1ghc+3FtmSFENHIKm3cAoIJBNOGC0VpXdEr5p/3XBdYsXlaODLnQdIZtNAdWIE0ihy6VIcwAlJox+tarG37G0WbEM9lZZcIBH9cXs7IXayzAA5RpynHPOkrs5H5JZ2aIt5B1OuBe1fVcylt66j9OSfQ2apT9bbr0NFgME+Hsn490Z7RhvcGiM7khgaaNkw756VP/1CjKYsTzzhZIt0g31B6vvYdNaw==, #caMerchantID#=CA_EU, #callerTxnRefID#=341b7153-da86-4543-860f-2ba47f0168a5, #messageType#=ThreeDSMethodURLReq}</td>
<td><div><pre>java.lang.AssertionError: errorComponent: S, errorCode: S, errorDescription:No DS configured for this PAN - Not found in Card Range Cache
	at com.ca.tds.main.TDSMethodURL_TC.testArequestAPI(TDSMethodURL_TC.java:64)
	at java.base/java.util.concurrent.ThreadPoolExecutor.runWorker(ThreadPoolExecutor.java:1128)
	at java.base/java.util.concurrent.ThreadPoolExecutor$Worker.run(ThreadPoolExecutor.java:628)
	at java.base/java.lang.Thread.run(Thread.java:834)
... Removed 12 stack frames</pre></div><a href='#' onClick='toggleBox("stack-trace1692608119", this, "Click to show all stack frames", "Click to hide stack frames")'>Click to show all stack frames</a>
<div class='stack-trace' id='stack-trace1692608119'><pre>java.lang.AssertionError: errorComponent: S, errorCode: S, errorDescription:No DS configured for this PAN - Not found in Card Range Cache
	at org.testng.Assert.fail(Assert.java:97)
	at com.ca.tds.main.TDSMethodURL_TC.testArequestAPI(TDSMethodURL_TC.java:64)
	at jdk.internal.reflect.GeneratedMethodAccessor28.invoke(Unknown Source)
	at java.base/jdk.internal.reflect.DelegatingMethodAccessorImpl.invoke(DelegatingMethodAccessorImpl.java:43)
	at java.base/java.lang.reflect.Method.invoke(Method.java:566)
	at org.testng.internal.MethodInvocationHelper.invokeMethod(MethodInvocationHelper.java:133)
	at org.testng.internal.TestInvoker.invokeMethod(TestInvoker.java:584)
	at org.testng.internal.TestInvoker.invokeTestMethod(TestInvoker.java:172)
	at org.testng.internal.MethodRunner.runInSequence(MethodRunner.java:46)
	at org.testng.internal.TestInvoker$MethodInvocationAgent.invoke(TestInvoker.java:804)
	at org.testng.internal.TestInvoker.invokeTestMethods(TestInvoker.java:145)
	at org.testng.internal.TestMethodWorker.invokeTestMethods(TestMethodWorker.java:146)
	at org.testng.internal.TestMethodWorker.run(TestMethodWorker.java:128)
	at java.base/java.util.concurrent.ThreadPoolExecutor.runWorker(ThreadPoolExecutor.java:1128)
	at java.base/java.util.concurrent.ThreadPoolExecutor$Worker.run(ThreadPoolExecutor.java:628)
	at java.base/java.lang.Thread.run(Thread.java:834)
</pre></div></td>
<td>2</td>
<td>com.ca.tds.main.TDSMethodURL_TC@13b13b5d</td></tr>
<tr>
<td title='com.ca.tds.main.TDSMethodURL_TC.testArequestAPI()'><b>testArequestAPI</b><br>Test class: com.ca.tds.main.TDSMethodURL_TC<br>Parameters: org.testng.TestRunner@15f75111, {TestCaseID=_S021, TestCaseName=_AMEX_For_Verify_TC021, SanityFlag=Y, Test Case type=P, RequirementID=, Expected-messageType=ThreeDSMethodURLRes, Expected-callerTxnRefID=G, Expected-messageVersion=2.1.0, Expected-threeDSServerTransID=G, Expected-threeDSMethodURL=G, #acctNumber#=4Abuomi9LgxCa7vPYSbXHlv9jX754ALLUd7WxKwnrLZln1vr0ZVO/ahzu6fQh6YLuA3+1M4JoV4oFRd5cPK2lml3yytggURxMETgAx3fb8CMT/YXCYDSzZ+m1ghc+3FtmSFENHIKm3cAoIJBNOGC0VpXdEr5p/3XBdYsXlaODLnQdIZtNAdWIE0ihy6VIcwAlJox+tarG37G0WbEM9lZZcIBH9cXs7IXayzAA5RpynHPOkrs5H5JZ2aIt5B1OuBe1fVcylt66j9OSfQ2apT9bbr0NFgME+Hsn490Z7RhvcGiM7khgaaNkw756VP/1CjKYsTzzhZIt0g31B6vvYdNaw==, #caMerchantID#=CA_EU, #callerTxnRefID#=341b7153-da86-4543-860f-2ba47f0168a5, #messageType#=ThreeDSMethodURLReq}</td>
<td><div><pre>java.lang.AssertionError: errorComponent: S, errorCode: S, errorDescription:No DS configured for this PAN - Not found in Card Range Cache
	at com.ca.tds.main.TDSMethodURL_TC.testArequestAPI(TDSMethodURL_TC.java:64)
	at java.base/java.util.concurrent.ThreadPoolExecutor.runWorker(ThreadPoolExecutor.java:1128)
	at java.base/java.util.concurrent.ThreadPoolExecutor$Worker.run(ThreadPoolExecutor.java:628)
	at java.base/java.lang.Thread.run(Thread.java:834)
... Removed 12 stack frames</pre></div><a href='#' onClick='toggleBox("stack-trace1167723153", this, "Click to show all stack frames", "Click to hide stack frames")'>Click to show all stack frames</a>
<div class='stack-trace' id='stack-trace1167723153'><pre>java.lang.AssertionError: errorComponent: S, errorCode: S, errorDescription:No DS configured for this PAN - Not found in Card Range Cache
	at org.testng.Assert.fail(Assert.java:97)
	at com.ca.tds.main.TDSMethodURL_TC.testArequestAPI(TDSMethodURL_TC.java:64)
	at jdk.internal.reflect.GeneratedMethodAccessor28.invoke(Unknown Source)
	at java.base/jdk.internal.reflect.DelegatingMethodAccessorImpl.invoke(DelegatingMethodAccessorImpl.java:43)
	at java.base/java.lang.reflect.Method.invoke(Method.java:566)
	at org.testng.internal.MethodInvocationHelper.invokeMethod(MethodInvocationHelper.java:133)
	at org.testng.internal.TestInvoker.invokeMethod(TestInvoker.java:584)
	at org.testng.internal.TestInvoker.invokeTestMethod(TestInvoker.java:172)
	at org.testng.internal.MethodRunner.runInSequence(MethodRunner.java:46)
	at org.testng.internal.TestInvoker$MethodInvocationAgent.invoke(TestInvoker.java:804)
	at org.testng.internal.TestInvoker.invokeTestMethods(TestInvoker.java:145)
	at org.testng.internal.TestMethodWorker.invokeTestMethods(TestMethodWorker.java:146)
	at org.testng.internal.TestMethodWorker.run(TestMethodWorker.java:128)
	at java.base/java.util.concurrent.ThreadPoolExecutor.runWorker(ThreadPoolExecutor.java:1128)
	at java.base/java.util.concurrent.ThreadPoolExecutor$Worker.run(ThreadPoolExecutor.java:628)
	at java.base/java.lang.Thread.run(Thread.java:834)
</pre></div></td>
<td>2</td>
<td>com.ca.tds.main.TDSMethodURL_TC@13b13b5d</td></tr>
<tr>
<td title='com.ca.tds.main.TDSMethodURL_TC.testArequestAPI()'><b>testArequestAPI</b><br>Test class: com.ca.tds.main.TDSMethodURL_TC<br>Parameters: org.testng.TestRunner@15f75111, {TestCaseID=_S022, TestCaseName=_AMEX_For_Verify_TC022, SanityFlag=Y, Test Case type=P, RequirementID=, Expected-messageType=ThreeDSMethodURLRes, Expected-callerTxnRefID=G, Expected-messageVersion=2.1.0, Expected-threeDSServerTransID=G, Expected-threeDSMethodURL=G, #acctNumber#=4Abuomi9LgxCa7vPYSbXHlv9jX754ALLUd7WxKwnrLZln1vr0ZVO/ahzu6fQh6YLuA3+1M4JoV4oFRd5cPK2lml3yytggURxMETgAx3fb8CMT/YXCYDSzZ+m1ghc+3FtmSFENHIKm3cAoIJBNOGC0VpXdEr5p/3XBdYsXlaODLnQdIZtNAdWIE0ihy6VIcwAlJox+tarG37G0WbEM9lZZcIBH9cXs7IXayzAA5RpynHPOkrs5H5JZ2aIt5B1OuBe1fVcylt66j9OSfQ2apT9bbr0NFgME+Hsn490Z7RhvcGiM7khgaaNkw756VP/1CjKYsTzzhZIt0g31B6vvYdNaw==, #caMerchantID#=CA_EU, #callerTxnRefID#=341b7153-da86-4543-860f-2ba47f0168a5, #messageType#=ThreeDSMethodURLReq}</td>
<td><div><pre>java.lang.AssertionError: errorComponent: S, errorCode: S, errorDescription:No DS configured for this PAN - Not found in Card Range Cache
	at com.ca.tds.main.TDSMethodURL_TC.testArequestAPI(TDSMethodURL_TC.java:64)
	at java.base/java.util.concurrent.ThreadPoolExecutor.runWorker(ThreadPoolExecutor.java:1128)
	at java.base/java.util.concurrent.ThreadPoolExecutor$Worker.run(ThreadPoolExecutor.java:628)
	at java.base/java.lang.Thread.run(Thread.java:834)
... Removed 12 stack frames</pre></div><a href='#' onClick='toggleBox("stack-trace1607849053", this, "Click to show all stack frames", "Click to hide stack frames")'>Click to show all stack frames</a>
<div class='stack-trace' id='stack-trace1607849053'><pre>java.lang.AssertionError: errorComponent: S, errorCode: S, errorDescription:No DS configured for this PAN - Not found in Card Range Cache
	at org.testng.Assert.fail(Assert.java:97)
	at com.ca.tds.main.TDSMethodURL_TC.testArequestAPI(TDSMethodURL_TC.java:64)
	at jdk.internal.reflect.GeneratedMethodAccessor28.invoke(Unknown Source)
	at java.base/jdk.internal.reflect.DelegatingMethodAccessorImpl.invoke(DelegatingMethodAccessorImpl.java:43)
	at java.base/java.lang.reflect.Method.invoke(Method.java:566)
	at org.testng.internal.MethodInvocationHelper.invokeMethod(MethodInvocationHelper.java:133)
	at org.testng.internal.TestInvoker.invokeMethod(TestInvoker.java:584)
	at org.testng.internal.TestInvoker.invokeTestMethod(TestInvoker.java:172)
	at org.testng.internal.MethodRunner.runInSequence(MethodRunner.java:46)
	at org.testng.internal.TestInvoker$MethodInvocationAgent.invoke(TestInvoker.java:804)
	at org.testng.internal.TestInvoker.invokeTestMethods(TestInvoker.java:145)
	at org.testng.internal.TestMethodWorker.invokeTestMethods(TestMethodWorker.java:146)
	at org.testng.internal.TestMethodWorker.run(TestMethodWorker.java:128)
	at java.base/java.util.concurrent.ThreadPoolExecutor.runWorker(ThreadPoolExecutor.java:1128)
	at java.base/java.util.concurrent.ThreadPoolExecutor$Worker.run(ThreadPoolExecutor.java:628)
	at java.base/java.lang.Thread.run(Thread.java:834)
</pre></div></td>
<td>2</td>
<td>com.ca.tds.main.TDSMethodURL_TC@13b13b5d</td></tr>
<tr>
<td title='com.ca.tds.main.TDSMethodURL_TC.testArequestAPI()'><b>testArequestAPI</b><br>Test class: com.ca.tds.main.TDSMethodURL_TC<br>Parameters: org.testng.TestRunner@15f75111, {TestCaseID=_S023, TestCaseName=_AMEX_For_Verify_TC023, SanityFlag=Y, Test Case type=P, RequirementID=, Expected-messageType=ThreeDSMethodURLRes, Expected-callerTxnRefID=G, Expected-messageVersion=2.1.0, Expected-threeDSServerTransID=G, Expected-threeDSMethodURL=G, #acctNumber#=4Abuomi9LgxCa7vPYSbXHlv9jX754ALLUd7WxKwnrLZln1vr0ZVO/ahzu6fQh6YLuA3+1M4JoV4oFRd5cPK2lml3yytggURxMETgAx3fb8CMT/YXCYDSzZ+m1ghc+3FtmSFENHIKm3cAoIJBNOGC0VpXdEr5p/3XBdYsXlaODLnQdIZtNAdWIE0ihy6VIcwAlJox+tarG37G0WbEM9lZZcIBH9cXs7IXayzAA5RpynHPOkrs5H5JZ2aIt5B1OuBe1fVcylt66j9OSfQ2apT9bbr0NFgME+Hsn490Z7RhvcGiM7khgaaNkw756VP/1CjKYsTzzhZIt0g31B6vvYdNaw==, #caMerchantID#=CA_EU, #callerTxnRefID#=341b7153-da86-4543-860f-2ba47f0168a5, #messageType#=ThreeDSMethodURLReq}</td>
<td><div><pre>java.lang.AssertionError: errorComponent: S, errorCode: S, errorDescription:No DS configured for this PAN - Not found in Card Range Cache
	at com.ca.tds.main.TDSMethodURL_TC.testArequestAPI(TDSMethodURL_TC.java:64)
	at java.base/java.util.concurrent.ThreadPoolExecutor.runWorker(ThreadPoolExecutor.java:1128)
	at java.base/java.util.concurrent.ThreadPoolExecutor$Worker.run(ThreadPoolExecutor.java:628)
	at java.base/java.lang.Thread.run(Thread.java:834)
... Removed 12 stack frames</pre></div><a href='#' onClick='toggleBox("stack-trace1413013610", this, "Click to show all stack frames", "Click to hide stack frames")'>Click to show all stack frames</a>
<div class='stack-trace' id='stack-trace1413013610'><pre>java.lang.AssertionError: errorComponent: S, errorCode: S, errorDescription:No DS configured for this PAN - Not found in Card Range Cache
	at org.testng.Assert.fail(Assert.java:97)
	at com.ca.tds.main.TDSMethodURL_TC.testArequestAPI(TDSMethodURL_TC.java:64)
	at jdk.internal.reflect.GeneratedMethodAccessor28.invoke(Unknown Source)
	at java.base/jdk.internal.reflect.DelegatingMethodAccessorImpl.invoke(DelegatingMethodAccessorImpl.java:43)
	at java.base/java.lang.reflect.Method.invoke(Method.java:566)
	at org.testng.internal.MethodInvocationHelper.invokeMethod(MethodInvocationHelper.java:133)
	at org.testng.internal.TestInvoker.invokeMethod(TestInvoker.java:584)
	at org.testng.internal.TestInvoker.invokeTestMethod(TestInvoker.java:172)
	at org.testng.internal.MethodRunner.runInSequence(MethodRunner.java:46)
	at org.testng.internal.TestInvoker$MethodInvocationAgent.invoke(TestInvoker.java:804)
	at org.testng.internal.TestInvoker.invokeTestMethods(TestInvoker.java:145)
	at org.testng.internal.TestMethodWorker.invokeTestMethods(TestMethodWorker.java:146)
	at org.testng.internal.TestMethodWorker.run(TestMethodWorker.java:128)
	at java.base/java.util.concurrent.ThreadPoolExecutor.runWorker(ThreadPoolExecutor.java:1128)
	at java.base/java.util.concurrent.ThreadPoolExecutor$Worker.run(ThreadPoolExecutor.java:628)
	at java.base/java.lang.Thread.run(Thread.java:834)
</pre></div></td>
<td>2</td>
<td>com.ca.tds.main.TDSMethodURL_TC@13b13b5d</td></tr>
<tr>
<td title='com.ca.tds.main.TDSMethodURL_TC.testArequestAPI()'><b>testArequestAPI</b><br>Test class: com.ca.tds.main.TDSMethodURL_TC<br>Parameters: org.testng.TestRunner@15f75111, {TestCaseID=_S024, TestCaseName=_AMEX_For_Verify_TC024, SanityFlag=Y, Test Case type=P, RequirementID=, Expected-messageType=ThreeDSMethodURLRes, Expected-callerTxnRefID=G, Expected-messageVersion=2.1.0, Expected-threeDSServerTransID=G, Expected-threeDSMethodURL=G, #acctNumber#=4Abuomi9LgxCa7vPYSbXHlv9jX754ALLUd7WxKwnrLZln1vr0ZVO/ahzu6fQh6YLuA3+1M4JoV4oFRd5cPK2lml3yytggURxMETgAx3fb8CMT/YXCYDSzZ+m1ghc+3FtmSFENHIKm3cAoIJBNOGC0VpXdEr5p/3XBdYsXlaODLnQdIZtNAdWIE0ihy6VIcwAlJox+tarG37G0WbEM9lZZcIBH9cXs7IXayzAA5RpynHPOkrs5H5JZ2aIt5B1OuBe1fVcylt66j9OSfQ2apT9bbr0NFgME+Hsn490Z7RhvcGiM7khgaaNkw756VP/1CjKYsTzzhZIt0g31B6vvYdNaw==, #caMerchantID#=CA_EU, #callerTxnRefID#=341b7153-da86-4543-860f-2ba47f0168a5, #messageType#=ThreeDSMethodURLReq}</td>
<td><div><pre>java.lang.AssertionError: errorComponent: S, errorCode: S, errorDescription:No DS configured for this PAN - Not found in Card Range Cache
	at com.ca.tds.main.TDSMethodURL_TC.testArequestAPI(TDSMethodURL_TC.java:64)
	at java.base/java.util.concurrent.ThreadPoolExecutor.runWorker(ThreadPoolExecutor.java:1128)
	at java.base/java.util.concurrent.ThreadPoolExecutor$Worker.run(ThreadPoolExecutor.java:628)
	at java.base/java.lang.Thread.run(Thread.java:834)
... Removed 12 stack frames</pre></div><a href='#' onClick='toggleBox("stack-trace1533691286", this, "Click to show all stack frames", "Click to hide stack frames")'>Click to show all stack frames</a>
<div class='stack-trace' id='stack-trace1533691286'><pre>java.lang.AssertionError: errorComponent: S, errorCode: S, errorDescription:No DS configured for this PAN - Not found in Card Range Cache
	at org.testng.Assert.fail(Assert.java:97)
	at com.ca.tds.main.TDSMethodURL_TC.testArequestAPI(TDSMethodURL_TC.java:64)
	at jdk.internal.reflect.GeneratedMethodAccessor28.invoke(Unknown Source)
	at java.base/jdk.internal.reflect.DelegatingMethodAccessorImpl.invoke(DelegatingMethodAccessorImpl.java:43)
	at java.base/java.lang.reflect.Method.invoke(Method.java:566)
	at org.testng.internal.MethodInvocationHelper.invokeMethod(MethodInvocationHelper.java:133)
	at org.testng.internal.TestInvoker.invokeMethod(TestInvoker.java:584)
	at org.testng.internal.TestInvoker.invokeTestMethod(TestInvoker.java:172)
	at org.testng.internal.MethodRunner.runInSequence(MethodRunner.java:46)
	at org.testng.internal.TestInvoker$MethodInvocationAgent.invoke(TestInvoker.java:804)
	at org.testng.internal.TestInvoker.invokeTestMethods(TestInvoker.java:145)
	at org.testng.internal.TestMethodWorker.invokeTestMethods(TestMethodWorker.java:146)
	at org.testng.internal.TestMethodWorker.run(TestMethodWorker.java:128)
	at java.base/java.util.concurrent.ThreadPoolExecutor.runWorker(ThreadPoolExecutor.java:1128)
	at java.base/java.util.concurrent.ThreadPoolExecutor$Worker.run(ThreadPoolExecutor.java:628)
	at java.base/java.lang.Thread.run(Thread.java:834)
</pre></div></td>
<td>2</td>
<td>com.ca.tds.main.TDSMethodURL_TC@13b13b5d</td></tr>
<tr>
<td title='com.ca.tds.main.TDSMethodURL_TC.testArequestAPI()'><b>testArequestAPI</b><br>Test class: com.ca.tds.main.TDSMethodURL_TC<br>Parameters: org.testng.TestRunner@15f75111, {TestCaseID=_S025, TestCaseName=_AMEX_For_Verify_TC025, SanityFlag=Y, Test Case type=P, RequirementID=, Expected-messageType=ThreeDSMethodURLRes, Expected-callerTxnRefID=G, Expected-messageVersion=2.1.0, Expected-threeDSServerTransID=G, Expected-threeDSMethodURL=G, #acctNumber#=4Abuomi9LgxCa7vPYSbXHlv9jX754ALLUd7WxKwnrLZln1vr0ZVO/ahzu6fQh6YLuA3+1M4JoV4oFRd5cPK2lml3yytggURxMETgAx3fb8CMT/YXCYDSzZ+m1ghc+3FtmSFENHIKm3cAoIJBNOGC0VpXdEr5p/3XBdYsXlaODLnQdIZtNAdWIE0ihy6VIcwAlJox+tarG37G0WbEM9lZZcIBH9cXs7IXayzAA5RpynHPOkrs5H5JZ2aIt5B1OuBe1fVcylt66j9OSfQ2apT9bbr0NFgME+Hsn490Z7RhvcGiM7khgaaNkw756VP/1CjKYsTzzhZIt0g31B6vvYdNaw==, #caMerchantID#=CA_EU, #callerTxnRefID#=341b7153-da86-4543-860f-2ba47f0168a5, #messageType#=ThreeDSMethodURLReq}</td>
<td><div><pre>java.lang.AssertionError: errorComponent: S, errorCode: S, errorDescription:No DS configured for this PAN - Not found in Card Range Cache
	at com.ca.tds.main.TDSMethodURL_TC.testArequestAPI(TDSMethodURL_TC.java:64)
	at java.base/java.util.concurrent.ThreadPoolExecutor.runWorker(ThreadPoolExecutor.java:1128)
	at java.base/java.util.concurrent.ThreadPoolExecutor$Worker.run(ThreadPoolExecutor.java:628)
	at java.base/java.lang.Thread.run(Thread.java:834)
... Removed 12 stack frames</pre></div><a href='#' onClick='toggleBox("stack-trace1080576272", this, "Click to show all stack frames", "Click to hide stack frames")'>Click to show all stack frames</a>
<div class='stack-trace' id='stack-trace1080576272'><pre>java.lang.AssertionError: errorComponent: S, errorCode: S, errorDescription:No DS configured for this PAN - Not found in Card Range Cache
	at org.testng.Assert.fail(Assert.java:97)
	at com.ca.tds.main.TDSMethodURL_TC.testArequestAPI(TDSMethodURL_TC.java:64)
	at jdk.internal.reflect.GeneratedMethodAccessor28.invoke(Unknown Source)
	at java.base/jdk.internal.reflect.DelegatingMethodAccessorImpl.invoke(DelegatingMethodAccessorImpl.java:43)
	at java.base/java.lang.reflect.Method.invoke(Method.java:566)
	at org.testng.internal.MethodInvocationHelper.invokeMethod(MethodInvocationHelper.java:133)
	at org.testng.internal.TestInvoker.invokeMethod(TestInvoker.java:584)
	at org.testng.internal.TestInvoker.invokeTestMethod(TestInvoker.java:172)
	at org.testng.internal.MethodRunner.runInSequence(MethodRunner.java:46)
	at org.testng.internal.TestInvoker$MethodInvocationAgent.invoke(TestInvoker.java:804)
	at org.testng.internal.TestInvoker.invokeTestMethods(TestInvoker.java:145)
	at org.testng.internal.TestMethodWorker.invokeTestMethods(TestMethodWorker.java:146)
	at org.testng.internal.TestMethodWorker.run(TestMethodWorker.java:128)
	at java.base/java.util.concurrent.ThreadPoolExecutor.runWorker(ThreadPoolExecutor.java:1128)
	at java.base/java.util.concurrent.ThreadPoolExecutor$Worker.run(ThreadPoolExecutor.java:628)
	at java.base/java.lang.Thread.run(Thread.java:834)
</pre></div></td>
<td>2</td>
<td>com.ca.tds.main.TDSMethodURL_TC@13b13b5d</td></tr>
<tr>
<td title='com.ca.tds.main.TDSMethodURL_TC.testArequestAPI()'><b>testArequestAPI</b><br>Test class: com.ca.tds.main.TDSMethodURL_TC<br>Parameters: org.testng.TestRunner@15f75111, {TestCaseID=_S026, TestCaseName=_AMEX_For_Verify_TC026, SanityFlag=Y, Test Case type=P, RequirementID=, Expected-messageType=ThreeDSMethodURLRes, Expected-callerTxnRefID=G, Expected-messageVersion=2.1.0, Expected-threeDSServerTransID=G, Expected-threeDSMethodURL=G, #acctNumber#=4Abuomi9LgxCa7vPYSbXHlv9jX754ALLUd7WxKwnrLZln1vr0ZVO/ahzu6fQh6YLuA3+1M4JoV4oFRd5cPK2lml3yytggURxMETgAx3fb8CMT/YXCYDSzZ+m1ghc+3FtmSFENHIKm3cAoIJBNOGC0VpXdEr5p/3XBdYsXlaODLnQdIZtNAdWIE0ihy6VIcwAlJox+tarG37G0WbEM9lZZcIBH9cXs7IXayzAA5RpynHPOkrs5H5JZ2aIt5B1OuBe1fVcylt66j9OSfQ2apT9bbr0NFgME+Hsn490Z7RhvcGiM7khgaaNkw756VP/1CjKYsTzzhZIt0g31B6vvYdNaw==, #caMerchantID#=CA_EU, #callerTxnRefID#=341b7153-da86-4543-860f-2ba47f0168a5, #messageType#=ThreeDSMethodURLReq}</td>
<td><div><pre>java.lang.AssertionError: errorComponent: S, errorCode: S, errorDescription:No DS configured for this PAN - Not found in Card Range Cache
	at com.ca.tds.main.TDSMethodURL_TC.testArequestAPI(TDSMethodURL_TC.java:64)
	at java.base/java.util.concurrent.ThreadPoolExecutor.runWorker(ThreadPoolExecutor.java:1128)
	at java.base/java.util.concurrent.ThreadPoolExecutor$Worker.run(ThreadPoolExecutor.java:628)
	at java.base/java.lang.Thread.run(Thread.java:834)
... Removed 12 stack frames</pre></div><a href='#' onClick='toggleBox("stack-trace1389954473", this, "Click to show all stack frames", "Click to hide stack frames")'>Click to show all stack frames</a>
<div class='stack-trace' id='stack-trace1389954473'><pre>java.lang.AssertionError: errorComponent: S, errorCode: S, errorDescription:No DS configured for this PAN - Not found in Card Range Cache
	at org.testng.Assert.fail(Assert.java:97)
	at com.ca.tds.main.TDSMethodURL_TC.testArequestAPI(TDSMethodURL_TC.java:64)
	at jdk.internal.reflect.GeneratedMethodAccessor28.invoke(Unknown Source)
	at java.base/jdk.internal.reflect.DelegatingMethodAccessorImpl.invoke(DelegatingMethodAccessorImpl.java:43)
	at java.base/java.lang.reflect.Method.invoke(Method.java:566)
	at org.testng.internal.MethodInvocationHelper.invokeMethod(MethodInvocationHelper.java:133)
	at org.testng.internal.TestInvoker.invokeMethod(TestInvoker.java:584)
	at org.testng.internal.TestInvoker.invokeTestMethod(TestInvoker.java:172)
	at org.testng.internal.MethodRunner.runInSequence(MethodRunner.java:46)
	at org.testng.internal.TestInvoker$MethodInvocationAgent.invoke(TestInvoker.java:804)
	at org.testng.internal.TestInvoker.invokeTestMethods(TestInvoker.java:145)
	at org.testng.internal.TestMethodWorker.invokeTestMethods(TestMethodWorker.java:146)
	at org.testng.internal.TestMethodWorker.run(TestMethodWorker.java:128)
	at java.base/java.util.concurrent.ThreadPoolExecutor.runWorker(ThreadPoolExecutor.java:1128)
	at java.base/java.util.concurrent.ThreadPoolExecutor$Worker.run(ThreadPoolExecutor.java:628)
	at java.base/java.lang.Thread.run(Thread.java:834)
</pre></div></td>
<td>2</td>
<td>com.ca.tds.main.TDSMethodURL_TC@13b13b5d</td></tr>
<tr>
<td title='com.ca.tds.main.TDSMethodURL_TC.testArequestAPI()'><b>testArequestAPI</b><br>Test class: com.ca.tds.main.TDSMethodURL_TC<br>Parameters: org.testng.TestRunner@15f75111, {TestCaseID=_S027, TestCaseName=_AMEX_For_Verify_TC027, SanityFlag=Y, Test Case type=P, RequirementID=, Expected-messageType=ThreeDSMethodURLRes, Expected-callerTxnRefID=G, Expected-messageVersion=2.1.0, Expected-threeDSServerTransID=G, Expected-threeDSMethodURL=G, #acctNumber#=4Abuomi9LgxCa7vPYSbXHlv9jX754ALLUd7WxKwnrLZln1vr0ZVO/ahzu6fQh6YLuA3+1M4JoV4oFRd5cPK2lml3yytggURxMETgAx3fb8CMT/YXCYDSzZ+m1ghc+3FtmSFENHIKm3cAoIJBNOGC0VpXdEr5p/3XBdYsXlaODLnQdIZtNAdWIE0ihy6VIcwAlJox+tarG37G0WbEM9lZZcIBH9cXs7IXayzAA5RpynHPOkrs5H5JZ2aIt5B1OuBe1fVcylt66j9OSfQ2apT9bbr0NFgME+Hsn490Z7RhvcGiM7khgaaNkw756VP/1CjKYsTzzhZIt0g31B6vvYdNaw==, #caMerchantID#=CA_EU, #callerTxnRefID#=341b7153-da86-4543-860f-2ba47f0168a5, #messageType#=ThreeDSMethodURLReq}</td>
<td><div><pre>java.lang.AssertionError: errorComponent: S, errorCode: S, errorDescription:No DS configured for this PAN - Not found in Card Range Cache
	at com.ca.tds.main.TDSMethodURL_TC.testArequestAPI(TDSMethodURL_TC.java:64)
	at java.base/java.util.concurrent.ThreadPoolExecutor.runWorker(ThreadPoolExecutor.java:1128)
	at java.base/java.util.concurrent.ThreadPoolExecutor$Worker.run(ThreadPoolExecutor.java:628)
	at java.base/java.lang.Thread.run(Thread.java:834)
... Removed 12 stack frames</pre></div><a href='#' onClick='toggleBox("stack-trace1789881039", this, "Click to show all stack frames", "Click to hide stack frames")'>Click to show all stack frames</a>
<div class='stack-trace' id='stack-trace1789881039'><pre>java.lang.AssertionError: errorComponent: S, errorCode: S, errorDescription:No DS configured for this PAN - Not found in Card Range Cache
	at org.testng.Assert.fail(Assert.java:97)
	at com.ca.tds.main.TDSMethodURL_TC.testArequestAPI(TDSMethodURL_TC.java:64)
	at jdk.internal.reflect.GeneratedMethodAccessor28.invoke(Unknown Source)
	at java.base/jdk.internal.reflect.DelegatingMethodAccessorImpl.invoke(DelegatingMethodAccessorImpl.java:43)
	at java.base/java.lang.reflect.Method.invoke(Method.java:566)
	at org.testng.internal.MethodInvocationHelper.invokeMethod(MethodInvocationHelper.java:133)
	at org.testng.internal.TestInvoker.invokeMethod(TestInvoker.java:584)
	at org.testng.internal.TestInvoker.invokeTestMethod(TestInvoker.java:172)
	at org.testng.internal.MethodRunner.runInSequence(MethodRunner.java:46)
	at org.testng.internal.TestInvoker$MethodInvocationAgent.invoke(TestInvoker.java:804)
	at org.testng.internal.TestInvoker.invokeTestMethods(TestInvoker.java:145)
	at org.testng.internal.TestMethodWorker.invokeTestMethods(TestMethodWorker.java:146)
	at org.testng.internal.TestMethodWorker.run(TestMethodWorker.java:128)
	at java.base/java.util.concurrent.ThreadPoolExecutor.runWorker(ThreadPoolExecutor.java:1128)
	at java.base/java.util.concurrent.ThreadPoolExecutor$Worker.run(ThreadPoolExecutor.java:628)
	at java.base/java.lang.Thread.run(Thread.java:834)
</pre></div></td>
<td>2</td>
<td>com.ca.tds.main.TDSMethodURL_TC@13b13b5d</td></tr>
<tr>
<td title='com.ca.tds.main.TDSMethodURL_TC.testArequestAPI()'><b>testArequestAPI</b><br>Test class: com.ca.tds.main.TDSMethodURL_TC<br>Parameters: org.testng.TestRunner@15f75111, {TestCaseID=_S028, TestCaseName=_AMEX_For_Verify_TC028, SanityFlag=Y, Test Case type=P, RequirementID=, Expected-messageType=ThreeDSMethodURLRes, Expected-callerTxnRefID=G, Expected-messageVersion=2.1.0, Expected-threeDSServerTransID=G, Expected-threeDSMethodURL=G, #acctNumber#=4Abuomi9LgxCa7vPYSbXHlv9jX754ALLUd7WxKwnrLZln1vr0ZVO/ahzu6fQh6YLuA3+1M4JoV4oFRd5cPK2lml3yytggURxMETgAx3fb8CMT/YXCYDSzZ+m1ghc+3FtmSFENHIKm3cAoIJBNOGC0VpXdEr5p/3XBdYsXlaODLnQdIZtNAdWIE0ihy6VIcwAlJox+tarG37G0WbEM9lZZcIBH9cXs7IXayzAA5RpynHPOkrs5H5JZ2aIt5B1OuBe1fVcylt66j9OSfQ2apT9bbr0NFgME+Hsn490Z7RhvcGiM7khgaaNkw756VP/1CjKYsTzzhZIt0g31B6vvYdNaw==, #caMerchantID#=CA_EU, #callerTxnRefID#=341b7153-da86-4543-860f-2ba47f0168a5, #messageType#=ThreeDSMethodURLReq}</td>
<td><div><pre>java.lang.AssertionError: errorComponent: S, errorCode: S, errorDescription:No DS configured for this PAN - Not found in Card Range Cache
	at com.ca.tds.main.TDSMethodURL_TC.testArequestAPI(TDSMethodURL_TC.java:64)
	at java.base/java.util.concurrent.ThreadPoolExecutor.runWorker(ThreadPoolExecutor.java:1128)
	at java.base/java.util.concurrent.ThreadPoolExecutor$Worker.run(ThreadPoolExecutor.java:628)
	at java.base/java.lang.Thread.run(Thread.java:834)
... Removed 12 stack frames</pre></div><a href='#' onClick='toggleBox("stack-trace1377564886", this, "Click to show all stack frames", "Click to hide stack frames")'>Click to show all stack frames</a>
<div class='stack-trace' id='stack-trace1377564886'><pre>java.lang.AssertionError: errorComponent: S, errorCode: S, errorDescription:No DS configured for this PAN - Not found in Card Range Cache
	at org.testng.Assert.fail(Assert.java:97)
	at com.ca.tds.main.TDSMethodURL_TC.testArequestAPI(TDSMethodURL_TC.java:64)
	at jdk.internal.reflect.GeneratedMethodAccessor28.invoke(Unknown Source)
	at java.base/jdk.internal.reflect.DelegatingMethodAccessorImpl.invoke(DelegatingMethodAccessorImpl.java:43)
	at java.base/java.lang.reflect.Method.invoke(Method.java:566)
	at org.testng.internal.MethodInvocationHelper.invokeMethod(MethodInvocationHelper.java:133)
	at org.testng.internal.TestInvoker.invokeMethod(TestInvoker.java:584)
	at org.testng.internal.TestInvoker.invokeTestMethod(TestInvoker.java:172)
	at org.testng.internal.MethodRunner.runInSequence(MethodRunner.java:46)
	at org.testng.internal.TestInvoker$MethodInvocationAgent.invoke(TestInvoker.java:804)
	at org.testng.internal.TestInvoker.invokeTestMethods(TestInvoker.java:145)
	at org.testng.internal.TestMethodWorker.invokeTestMethods(TestMethodWorker.java:146)
	at org.testng.internal.TestMethodWorker.run(TestMethodWorker.java:128)
	at java.base/java.util.concurrent.ThreadPoolExecutor.runWorker(ThreadPoolExecutor.java:1128)
	at java.base/java.util.concurrent.ThreadPoolExecutor$Worker.run(ThreadPoolExecutor.java:628)
	at java.base/java.lang.Thread.run(Thread.java:834)
</pre></div></td>
<td>1</td>
<td>com.ca.tds.main.TDSMethodURL_TC@13b13b5d</td></tr>
<tr>
<td title='com.ca.tds.main.TDSMethodURL_TC.testArequestAPI()'><b>testArequestAPI</b><br>Test class: com.ca.tds.main.TDSMethodURL_TC<br>Parameters: org.testng.TestRunner@15f75111, {TestCaseID=_S029, TestCaseName=_AMEX_For_Verify_TC029, SanityFlag=Y, Test Case type=P, RequirementID=, Expected-messageType=ThreeDSMethodURLRes, Expected-callerTxnRefID=G, Expected-messageVersion=2.1.0, Expected-threeDSServerTransID=G, Expected-threeDSMethodURL=G, #acctNumber#=4Abuomi9LgxCa7vPYSbXHlv9jX754ALLUd7WxKwnrLZln1vr0ZVO/ahzu6fQh6YLuA3+1M4JoV4oFRd5cPK2lml3yytggURxMETgAx3fb8CMT/YXCYDSzZ+m1ghc+3FtmSFENHIKm3cAoIJBNOGC0VpXdEr5p/3XBdYsXlaODLnQdIZtNAdWIE0ihy6VIcwAlJox+tarG37G0WbEM9lZZcIBH9cXs7IXayzAA5RpynHPOkrs5H5JZ2aIt5B1OuBe1fVcylt66j9OSfQ2apT9bbr0NFgME+Hsn490Z7RhvcGiM7khgaaNkw756VP/1CjKYsTzzhZIt0g31B6vvYdNaw==, #caMerchantID#=CA_EU, #callerTxnRefID#=341b7153-da86-4543-860f-2ba47f0168a5, #messageType#=ThreeDSMethodURLReq}</td>
<td><div><pre>java.lang.AssertionError: errorComponent: S, errorCode: S, errorDescription:No DS configured for this PAN - Not found in Card Range Cache
	at com.ca.tds.main.TDSMethodURL_TC.testArequestAPI(TDSMethodURL_TC.java:64)
	at java.base/java.util.concurrent.ThreadPoolExecutor.runWorker(ThreadPoolExecutor.java:1128)
	at java.base/java.util.concurrent.ThreadPoolExecutor$Worker.run(ThreadPoolExecutor.java:628)
	at java.base/java.lang.Thread.run(Thread.java:834)
... Removed 12 stack frames</pre></div><a href='#' onClick='toggleBox("stack-trace852862809", this, "Click to show all stack frames", "Click to hide stack frames")'>Click to show all stack frames</a>
<div class='stack-trace' id='stack-trace852862809'><pre>java.lang.AssertionError: errorComponent: S, errorCode: S, errorDescription:No DS configured for this PAN - Not found in Card Range Cache
	at org.testng.Assert.fail(Assert.java:97)
	at com.ca.tds.main.TDSMethodURL_TC.testArequestAPI(TDSMethodURL_TC.java:64)
	at jdk.internal.reflect.GeneratedMethodAccessor28.invoke(Unknown Source)
	at java.base/jdk.internal.reflect.DelegatingMethodAccessorImpl.invoke(DelegatingMethodAccessorImpl.java:43)
	at java.base/java.lang.reflect.Method.invoke(Method.java:566)
	at org.testng.internal.MethodInvocationHelper.invokeMethod(MethodInvocationHelper.java:133)
	at org.testng.internal.TestInvoker.invokeMethod(TestInvoker.java:584)
	at org.testng.internal.TestInvoker.invokeTestMethod(TestInvoker.java:172)
	at org.testng.internal.MethodRunner.runInSequence(MethodRunner.java:46)
	at org.testng.internal.TestInvoker$MethodInvocationAgent.invoke(TestInvoker.java:804)
	at org.testng.internal.TestInvoker.invokeTestMethods(TestInvoker.java:145)
	at org.testng.internal.TestMethodWorker.invokeTestMethods(TestMethodWorker.java:146)
	at org.testng.internal.TestMethodWorker.run(TestMethodWorker.java:128)
	at java.base/java.util.concurrent.ThreadPoolExecutor.runWorker(ThreadPoolExecutor.java:1128)
	at java.base/java.util.concurrent.ThreadPoolExecutor$Worker.run(ThreadPoolExecutor.java:628)
	at java.base/java.lang.Thread.run(Thread.java:834)
</pre></div></td>
<td>2</td>
<td>com.ca.tds.main.TDSMethodURL_TC@13b13b5d</td></tr>
<tr>
<td title='com.ca.tds.main.TDSMethodURL_TC.testArequestAPI()'><b>testArequestAPI</b><br>Test class: com.ca.tds.main.TDSMethodURL_TC<br>Parameters: org.testng.TestRunner@15f75111, {TestCaseID=_S030, TestCaseName=_AMEX_For_Verify_TC030, SanityFlag=Y, Test Case type=P, RequirementID=, Expected-messageType=ThreeDSMethodURLRes, Expected-callerTxnRefID=G, Expected-messageVersion=2.1.0, Expected-threeDSServerTransID=G, Expected-threeDSMethodURL=G, #acctNumber#=4Abuomi9LgxCa7vPYSbXHlv9jX754ALLUd7WxKwnrLZln1vr0ZVO/ahzu6fQh6YLuA3+1M4JoV4oFRd5cPK2lml3yytggURxMETgAx3fb8CMT/YXCYDSzZ+m1ghc+3FtmSFENHIKm3cAoIJBNOGC0VpXdEr5p/3XBdYsXlaODLnQdIZtNAdWIE0ihy6VIcwAlJox+tarG37G0WbEM9lZZcIBH9cXs7IXayzAA5RpynHPOkrs5H5JZ2aIt5B1OuBe1fVcylt66j9OSfQ2apT9bbr0NFgME+Hsn490Z7RhvcGiM7khgaaNkw756VP/1CjKYsTzzhZIt0g31B6vvYdNaw==, #caMerchantID#=CA_EU, #callerTxnRefID#=341b7153-da86-4543-860f-2ba47f0168a5, #messageType#=ThreeDSMethodURLReq}</td>
<td><div><pre>java.lang.AssertionError: errorComponent: S, errorCode: S, errorDescription:No DS configured for this PAN - Not found in Card Range Cache
	at com.ca.tds.main.TDSMethodURL_TC.testArequestAPI(TDSMethodURL_TC.java:64)
	at java.base/java.util.concurrent.ThreadPoolExecutor.runWorker(ThreadPoolExecutor.java:1128)
	at java.base/java.util.concurrent.ThreadPoolExecutor$Worker.run(ThreadPoolExecutor.java:628)
	at java.base/java.lang.Thread.run(Thread.java:834)
... Removed 12 stack frames</pre></div><a href='#' onClick='toggleBox("stack-trace43680900", this, "Click to show all stack frames", "Click to hide stack frames")'>Click to show all stack frames</a>
<div class='stack-trace' id='stack-trace43680900'><pre>java.lang.AssertionError: errorComponent: S, errorCode: S, errorDescription:No DS configured for this PAN - Not found in Card Range Cache
	at org.testng.Assert.fail(Assert.java:97)
	at com.ca.tds.main.TDSMethodURL_TC.testArequestAPI(TDSMethodURL_TC.java:64)
	at jdk.internal.reflect.GeneratedMethodAccessor28.invoke(Unknown Source)
	at java.base/jdk.internal.reflect.DelegatingMethodAccessorImpl.invoke(DelegatingMethodAccessorImpl.java:43)
	at java.base/java.lang.reflect.Method.invoke(Method.java:566)
	at org.testng.internal.MethodInvocationHelper.invokeMethod(MethodInvocationHelper.java:133)
	at org.testng.internal.TestInvoker.invokeMethod(TestInvoker.java:584)
	at org.testng.internal.TestInvoker.invokeTestMethod(TestInvoker.java:172)
	at org.testng.internal.MethodRunner.runInSequence(MethodRunner.java:46)
	at org.testng.internal.TestInvoker$MethodInvocationAgent.invoke(TestInvoker.java:804)
	at org.testng.internal.TestInvoker.invokeTestMethods(TestInvoker.java:145)
	at org.testng.internal.TestMethodWorker.invokeTestMethods(TestMethodWorker.java:146)
	at org.testng.internal.TestMethodWorker.run(TestMethodWorker.java:128)
	at java.base/java.util.concurrent.ThreadPoolExecutor.runWorker(ThreadPoolExecutor.java:1128)
	at java.base/java.util.concurrent.ThreadPoolExecutor$Worker.run(ThreadPoolExecutor.java:628)
	at java.base/java.lang.Thread.run(Thread.java:834)
</pre></div></td>
<td>1</td>
<td>com.ca.tds.main.TDSMethodURL_TC@13b13b5d</td></tr>
<tr>
<td title='com.ca.tds.main.TDSMethodURL_TC.testArequestAPI()'><b>testArequestAPI</b><br>Test class: com.ca.tds.main.TDSMethodURL_TC<br>Parameters: org.testng.TestRunner@15f75111, {TestCaseID=_S031, TestCaseName=_AMEX_For_Verify_TC031, SanityFlag=Y, Test Case type=P, RequirementID=, Expected-messageType=ThreeDSMethodURLRes, Expected-callerTxnRefID=G, Expected-messageVersion=2.1.0, Expected-threeDSServerTransID=G, Expected-threeDSMethodURL=G, #acctNumber#=4Abuomi9LgxCa7vPYSbXHlv9jX754ALLUd7WxKwnrLZln1vr0ZVO/ahzu6fQh6YLuA3+1M4JoV4oFRd5cPK2lml3yytggURxMETgAx3fb8CMT/YXCYDSzZ+m1ghc+3FtmSFENHIKm3cAoIJBNOGC0VpXdEr5p/3XBdYsXlaODLnQdIZtNAdWIE0ihy6VIcwAlJox+tarG37G0WbEM9lZZcIBH9cXs7IXayzAA5RpynHPOkrs5H5JZ2aIt5B1OuBe1fVcylt66j9OSfQ2apT9bbr0NFgME+Hsn490Z7RhvcGiM7khgaaNkw756VP/1CjKYsTzzhZIt0g31B6vvYdNaw==, #caMerchantID#=CA_EU, #callerTxnRefID#=341b7153-da86-4543-860f-2ba47f0168a5, #messageType#=ThreeDSMethodURLReq}</td>
<td><div><pre>java.lang.AssertionError: errorComponent: S, errorCode: S, errorDescription:No DS configured for this PAN - Not found in Card Range Cache
	at com.ca.tds.main.TDSMethodURL_TC.testArequestAPI(TDSMethodURL_TC.java:64)
	at java.base/java.util.concurrent.ThreadPoolExecutor.runWorker(ThreadPoolExecutor.java:1128)
	at java.base/java.util.concurrent.ThreadPoolExecutor$Worker.run(ThreadPoolExecutor.java:628)
	at java.base/java.lang.Thread.run(Thread.java:834)
... Removed 12 stack frames</pre></div><a href='#' onClick='toggleBox("stack-trace1888279984", this, "Click to show all stack frames", "Click to hide stack frames")'>Click to show all stack frames</a>
<div class='stack-trace' id='stack-trace1888279984'><pre>java.lang.AssertionError: errorComponent: S, errorCode: S, errorDescription:No DS configured for this PAN - Not found in Card Range Cache
	at org.testng.Assert.fail(Assert.java:97)
	at com.ca.tds.main.TDSMethodURL_TC.testArequestAPI(TDSMethodURL_TC.java:64)
	at jdk.internal.reflect.GeneratedMethodAccessor28.invoke(Unknown Source)
	at java.base/jdk.internal.reflect.DelegatingMethodAccessorImpl.invoke(DelegatingMethodAccessorImpl.java:43)
	at java.base/java.lang.reflect.Method.invoke(Method.java:566)
	at org.testng.internal.MethodInvocationHelper.invokeMethod(MethodInvocationHelper.java:133)
	at org.testng.internal.TestInvoker.invokeMethod(TestInvoker.java:584)
	at org.testng.internal.TestInvoker.invokeTestMethod(TestInvoker.java:172)
	at org.testng.internal.MethodRunner.runInSequence(MethodRunner.java:46)
	at org.testng.internal.TestInvoker$MethodInvocationAgent.invoke(TestInvoker.java:804)
	at org.testng.internal.TestInvoker.invokeTestMethods(TestInvoker.java:145)
	at org.testng.internal.TestMethodWorker.invokeTestMethods(TestMethodWorker.java:146)
	at org.testng.internal.TestMethodWorker.run(TestMethodWorker.java:128)
	at java.base/java.util.concurrent.ThreadPoolExecutor.runWorker(ThreadPoolExecutor.java:1128)
	at java.base/java.util.concurrent.ThreadPoolExecutor$Worker.run(ThreadPoolExecutor.java:628)
	at java.base/java.lang.Thread.run(Thread.java:834)
</pre></div></td>
<td>1</td>
<td>com.ca.tds.main.TDSMethodURL_TC@13b13b5d</td></tr>
<tr>
<td title='com.ca.tds.main.TDSMethodURL_TC.testArequestAPI()'><b>testArequestAPI</b><br>Test class: com.ca.tds.main.TDSMethodURL_TC<br>Parameters: org.testng.TestRunner@15f75111, {TestCaseID=_S032, TestCaseName=_AMEX_For_Verify_TC032, SanityFlag=Y, Test Case type=P, RequirementID=, Expected-messageType=ThreeDSMethodURLRes, Expected-callerTxnRefID=G, Expected-messageVersion=2.1.0, Expected-threeDSServerTransID=G, Expected-threeDSMethodURL=G, #acctNumber#=4Abuomi9LgxCa7vPYSbXHlv9jX754ALLUd7WxKwnrLZln1vr0ZVO/ahzu6fQh6YLuA3+1M4JoV4oFRd5cPK2lml3yytggURxMETgAx3fb8CMT/YXCYDSzZ+m1ghc+3FtmSFENHIKm3cAoIJBNOGC0VpXdEr5p/3XBdYsXlaODLnQdIZtNAdWIE0ihy6VIcwAlJox+tarG37G0WbEM9lZZcIBH9cXs7IXayzAA5RpynHPOkrs5H5JZ2aIt5B1OuBe1fVcylt66j9OSfQ2apT9bbr0NFgME+Hsn490Z7RhvcGiM7khgaaNkw756VP/1CjKYsTzzhZIt0g31B6vvYdNaw==, #caMerchantID#=CA_EU, #callerTxnRefID#=341b7153-da86-4543-860f-2ba47f0168a5, #messageType#=ThreeDSMethodURLReq}</td>
<td><div><pre>java.lang.AssertionError: errorComponent: S, errorCode: S, errorDescription:No DS configured for this PAN - Not found in Card Range Cache
	at com.ca.tds.main.TDSMethodURL_TC.testArequestAPI(TDSMethodURL_TC.java:64)
	at java.base/java.util.concurrent.ThreadPoolExecutor.runWorker(ThreadPoolExecutor.java:1128)
	at java.base/java.util.concurrent.ThreadPoolExecutor$Worker.run(ThreadPoolExecutor.java:628)
	at java.base/java.lang.Thread.run(Thread.java:834)
... Removed 12 stack frames</pre></div><a href='#' onClick='toggleBox("stack-trace208626514", this, "Click to show all stack frames", "Click to hide stack frames")'>Click to show all stack frames</a>
<div class='stack-trace' id='stack-trace208626514'><pre>java.lang.AssertionError: errorComponent: S, errorCode: S, errorDescription:No DS configured for this PAN - Not found in Card Range Cache
	at org.testng.Assert.fail(Assert.java:97)
	at com.ca.tds.main.TDSMethodURL_TC.testArequestAPI(TDSMethodURL_TC.java:64)
	at jdk.internal.reflect.GeneratedMethodAccessor28.invoke(Unknown Source)
	at java.base/jdk.internal.reflect.DelegatingMethodAccessorImpl.invoke(DelegatingMethodAccessorImpl.java:43)
	at java.base/java.lang.reflect.Method.invoke(Method.java:566)
	at org.testng.internal.MethodInvocationHelper.invokeMethod(MethodInvocationHelper.java:133)
	at org.testng.internal.TestInvoker.invokeMethod(TestInvoker.java:584)
	at org.testng.internal.TestInvoker.invokeTestMethod(TestInvoker.java:172)
	at org.testng.internal.MethodRunner.runInSequence(MethodRunner.java:46)
	at org.testng.internal.TestInvoker$MethodInvocationAgent.invoke(TestInvoker.java:804)
	at org.testng.internal.TestInvoker.invokeTestMethods(TestInvoker.java:145)
	at org.testng.internal.TestMethodWorker.invokeTestMethods(TestMethodWorker.java:146)
	at org.testng.internal.TestMethodWorker.run(TestMethodWorker.java:128)
	at java.base/java.util.concurrent.ThreadPoolExecutor.runWorker(ThreadPoolExecutor.java:1128)
	at java.base/java.util.concurrent.ThreadPoolExecutor$Worker.run(ThreadPoolExecutor.java:628)
	at java.base/java.lang.Thread.run(Thread.java:834)
</pre></div></td>
<td>1</td>
<td>com.ca.tds.main.TDSMethodURL_TC@13b13b5d</td></tr>
<tr>
<td title='com.ca.tds.main.TDSMethodURL_TC.testArequestAPI()'><b>testArequestAPI</b><br>Test class: com.ca.tds.main.TDSMethodURL_TC<br>Parameters: org.testng.TestRunner@15f75111, {TestCaseID=_S033, TestCaseName=_AMEX_For_Verify_TC033, SanityFlag=Y, Test Case type=P, RequirementID=, Expected-messageType=ThreeDSMethodURLRes, Expected-callerTxnRefID=G, Expected-messageVersion=2.1.0, Expected-threeDSServerTransID=G, Expected-threeDSMethodURL=G, #acctNumber#=4Abuomi9LgxCa7vPYSbXHlv9jX754ALLUd7WxKwnrLZln1vr0ZVO/ahzu6fQh6YLuA3+1M4JoV4oFRd5cPK2lml3yytggURxMETgAx3fb8CMT/YXCYDSzZ+m1ghc+3FtmSFENHIKm3cAoIJBNOGC0VpXdEr5p/3XBdYsXlaODLnQdIZtNAdWIE0ihy6VIcwAlJox+tarG37G0WbEM9lZZcIBH9cXs7IXayzAA5RpynHPOkrs5H5JZ2aIt5B1OuBe1fVcylt66j9OSfQ2apT9bbr0NFgME+Hsn490Z7RhvcGiM7khgaaNkw756VP/1CjKYsTzzhZIt0g31B6vvYdNaw==, #caMerchantID#=CA_EU, #callerTxnRefID#=341b7153-da86-4543-860f-2ba47f0168a5, #messageType#=ThreeDSMethodURLReq}</td>
<td><div><pre>java.lang.AssertionError: errorComponent: S, errorCode: S, errorDescription:No DS configured for this PAN - Not found in Card Range Cache
	at com.ca.tds.main.TDSMethodURL_TC.testArequestAPI(TDSMethodURL_TC.java:64)
	at java.base/java.util.concurrent.ThreadPoolExecutor.runWorker(ThreadPoolExecutor.java:1128)
	at java.base/java.util.concurrent.ThreadPoolExecutor$Worker.run(ThreadPoolExecutor.java:628)
	at java.base/java.lang.Thread.run(Thread.java:834)
... Removed 12 stack frames</pre></div><a href='#' onClick='toggleBox("stack-trace1798588208", this, "Click to show all stack frames", "Click to hide stack frames")'>Click to show all stack frames</a>
<div class='stack-trace' id='stack-trace1798588208'><pre>java.lang.AssertionError: errorComponent: S, errorCode: S, errorDescription:No DS configured for this PAN - Not found in Card Range Cache
	at org.testng.Assert.fail(Assert.java:97)
	at com.ca.tds.main.TDSMethodURL_TC.testArequestAPI(TDSMethodURL_TC.java:64)
	at jdk.internal.reflect.GeneratedMethodAccessor28.invoke(Unknown Source)
	at java.base/jdk.internal.reflect.DelegatingMethodAccessorImpl.invoke(DelegatingMethodAccessorImpl.java:43)
	at java.base/java.lang.reflect.Method.invoke(Method.java:566)
	at org.testng.internal.MethodInvocationHelper.invokeMethod(MethodInvocationHelper.java:133)
	at org.testng.internal.TestInvoker.invokeMethod(TestInvoker.java:584)
	at org.testng.internal.TestInvoker.invokeTestMethod(TestInvoker.java:172)
	at org.testng.internal.MethodRunner.runInSequence(MethodRunner.java:46)
	at org.testng.internal.TestInvoker$MethodInvocationAgent.invoke(TestInvoker.java:804)
	at org.testng.internal.TestInvoker.invokeTestMethods(TestInvoker.java:145)
	at org.testng.internal.TestMethodWorker.invokeTestMethods(TestMethodWorker.java:146)
	at org.testng.internal.TestMethodWorker.run(TestMethodWorker.java:128)
	at java.base/java.util.concurrent.ThreadPoolExecutor.runWorker(ThreadPoolExecutor.java:1128)
	at java.base/java.util.concurrent.ThreadPoolExecutor$Worker.run(ThreadPoolExecutor.java:628)
	at java.base/java.lang.Thread.run(Thread.java:834)
</pre></div></td>
<td>2</td>
<td>com.ca.tds.main.TDSMethodURL_TC@13b13b5d</td></tr>
<tr>
<td title='com.ca.tds.main.TDSMethodURL_TC.testArequestAPI()'><b>testArequestAPI</b><br>Test class: com.ca.tds.main.TDSMethodURL_TC<br>Parameters: org.testng.TestRunner@15f75111, {TestCaseID=_S034, TestCaseName=_AMEX_For_Verify_TC034, SanityFlag=Y, Test Case type=P, RequirementID=, Expected-messageType=ThreeDSMethodURLRes, Expected-callerTxnRefID=G, Expected-messageVersion=2.1.0, Expected-threeDSServerTransID=G, Expected-threeDSMethodURL=G, #acctNumber#=4Abuomi9LgxCa7vPYSbXHlv9jX754ALLUd7WxKwnrLZln1vr0ZVO/ahzu6fQh6YLuA3+1M4JoV4oFRd5cPK2lml3yytggURxMETgAx3fb8CMT/YXCYDSzZ+m1ghc+3FtmSFENHIKm3cAoIJBNOGC0VpXdEr5p/3XBdYsXlaODLnQdIZtNAdWIE0ihy6VIcwAlJox+tarG37G0WbEM9lZZcIBH9cXs7IXayzAA5RpynHPOkrs5H5JZ2aIt5B1OuBe1fVcylt66j9OSfQ2apT9bbr0NFgME+Hsn490Z7RhvcGiM7khgaaNkw756VP/1CjKYsTzzhZIt0g31B6vvYdNaw==, #caMerchantID#=CA_EU, #callerTxnRefID#=341b7153-da86-4543-860f-2ba47f0168a5, #messageType#=ThreeDSMethodURLReq}</td>
<td><div><pre>java.lang.AssertionError: errorComponent: S, errorCode: S, errorDescription:No DS configured for this PAN - Not found in Card Range Cache
	at com.ca.tds.main.TDSMethodURL_TC.testArequestAPI(TDSMethodURL_TC.java:64)
	at java.base/java.util.concurrent.ThreadPoolExecutor.runWorker(ThreadPoolExecutor.java:1128)
	at java.base/java.util.concurrent.ThreadPoolExecutor$Worker.run(ThreadPoolExecutor.java:628)
	at java.base/java.lang.Thread.run(Thread.java:834)
... Removed 12 stack frames</pre></div><a href='#' onClick='toggleBox("stack-trace181198277", this, "Click to show all stack frames", "Click to hide stack frames")'>Click to show all stack frames</a>
<div class='stack-trace' id='stack-trace181198277'><pre>java.lang.AssertionError: errorComponent: S, errorCode: S, errorDescription:No DS configured for this PAN - Not found in Card Range Cache
	at org.testng.Assert.fail(Assert.java:97)
	at com.ca.tds.main.TDSMethodURL_TC.testArequestAPI(TDSMethodURL_TC.java:64)
	at jdk.internal.reflect.GeneratedMethodAccessor28.invoke(Unknown Source)
	at java.base/jdk.internal.reflect.DelegatingMethodAccessorImpl.invoke(DelegatingMethodAccessorImpl.java:43)
	at java.base/java.lang.reflect.Method.invoke(Method.java:566)
	at org.testng.internal.MethodInvocationHelper.invokeMethod(MethodInvocationHelper.java:133)
	at org.testng.internal.TestInvoker.invokeMethod(TestInvoker.java:584)
	at org.testng.internal.TestInvoker.invokeTestMethod(TestInvoker.java:172)
	at org.testng.internal.MethodRunner.runInSequence(MethodRunner.java:46)
	at org.testng.internal.TestInvoker$MethodInvocationAgent.invoke(TestInvoker.java:804)
	at org.testng.internal.TestInvoker.invokeTestMethods(TestInvoker.java:145)
	at org.testng.internal.TestMethodWorker.invokeTestMethods(TestMethodWorker.java:146)
	at org.testng.internal.TestMethodWorker.run(TestMethodWorker.java:128)
	at java.base/java.util.concurrent.ThreadPoolExecutor.runWorker(ThreadPoolExecutor.java:1128)
	at java.base/java.util.concurrent.ThreadPoolExecutor$Worker.run(ThreadPoolExecutor.java:628)
	at java.base/java.lang.Thread.run(Thread.java:834)
</pre></div></td>
<td>2</td>
<td>com.ca.tds.main.TDSMethodURL_TC@13b13b5d</td></tr>
</table><p>
</body>
</html>