<?xml version="1.0" encoding="UTF-8"?>
<!-- Generated by org.testng.reporters.JUnitXMLReporter -->
<testsuite hostname="7BB9LQ2" ignored="0" name="AMEX::Clear Card::Browser::AReq flow" tests="592" failures="159" timestamp="17 Sep 2019 03:52:34 GMT" time="1937.197" errors="0">
  <testcase name="testArequestAPI" time="1.384" classname="com.ca.tds.main.TDSPreAreq_TC"/>
  <testcase name="testArequestAPI" time="5.16" classname="com.ca.tds.main.TDSPreAreq_TC"/>
  <testcase name="testArequestAPI" time="5.201" classname="com.ca.tds.main.TDSPreAreq_TC"/>
  <testcase name="testArequestAPI" time="2.787" classname="com.ca.tds.main.TDSPreAreq_TC"/>
  <testcase name="testArequestAPI" time="11.013" classname="com.ca.tds.main.TDSPreAreq_TC">
    <failure type="java.lang.AssertionError" message="The following asserts failed:
	expected [201] but found [203]">
      <![CDATA[java.lang.AssertionError: The following asserts failed:
expected [201] but found [203]
at com.ca.tds.main.TDSPreAreq_TC.testArequestAPI(TDSPreAreq_TC.java:107)
at java.util.concurrent.ThreadPoolExecutor.runWorker(ThreadPoolExecutor.java:1149)
at java.util.concurrent.ThreadPoolExecutor$Worker.run(ThreadPoolExecutor.java:624)
at java.lang.Thread.run(Thread.java:748)
... Removed 11 stack frames]]>
    </failure>
  </testcase> <!-- testArequestAPI -->
  <testcase name="testArequestAPI" time="10.416" classname="com.ca.tds.main.TDSPreAreq_TC"/>
  <testcase name="testArequestAPI" time="1.574" classname="com.ca.tds.main.TDSPreAreq_TC"/>
  <testcase name="testArequestAPI" time="2.274" classname="com.ca.tds.main.TDSPreAreq_TC"/>
  <testcase name="testArequestAPI" time="7.753" classname="com.ca.tds.main.TDSPreAreq_TC"/>
  <testcase name="testArequestAPI" time="3.974" classname="com.ca.tds.main.TDSPreAreq_TC"/>
  <testcase name="testArequestAPI" time="3.397" classname="com.ca.tds.main.TDSPreAreq_TC"/>
  <testcase name="testArequestAPI" time="13.353" classname="com.ca.tds.main.TDSPreAreq_TC"/>
  <testcase name="testArequestAPI" time="1.599" classname="com.ca.tds.main.TDSPreAreq_TC"/>
  <testcase name="testArequestAPI" time="2.149" classname="com.ca.tds.main.TDSPreAreq_TC"/>
  <testcase name="testArequestAPI" time="1.511" classname="com.ca.tds.main.TDSPreAreq_TC"/>
  <testcase name="testArequestAPI" time="4.218" classname="com.ca.tds.main.TDSPreAreq_TC"/>
  <testcase name="testArequestAPI" time="1.648" classname="com.ca.tds.main.TDSPreAreq_TC"/>
  <testcase name="testArequestAPI" time="3.387" classname="com.ca.tds.main.TDSPreAreq_TC"/>
  <testcase name="testArequestAPI" time="5.024" classname="com.ca.tds.main.TDSPreAreq_TC"/>
  <testcase name="testArequestAPI" time="3.386" classname="com.ca.tds.main.TDSPreAreq_TC"/>
  <testcase name="testArequestAPI" time="3.512" classname="com.ca.tds.main.TDSPreAreq_TC"/>
  <testcase name="testArequestAPI" time="1.453" classname="com.ca.tds.main.TDSPreAreq_TC"/>
  <testcase name="testArequestAPI" time="5.036" classname="com.ca.tds.main.TDSPreAreq_TC"/>
  <testcase name="testArequestAPI" time="3.468" classname="com.ca.tds.main.TDSPreAreq_TC"/>
  <testcase name="testArequestAPI" time="9.031" classname="com.ca.tds.main.TDSPreAreq_TC"/>
  <testcase name="testArequestAPI" time="1.739" classname="com.ca.tds.main.TDSPreAreq_TC"/>
  <testcase name="testArequestAPI" time="1.444" classname="com.ca.tds.main.TDSPreAreq_TC"/>
  <testcase name="testArequestAPI" time="2.162" classname="com.ca.tds.main.TDSPreAreq_TC"/>
  <testcase name="testArequestAPI" time="1.595" classname="com.ca.tds.main.TDSPreAreq_TC"/>
  <testcase name="testArequestAPI" time="2.668" classname="com.ca.tds.main.TDSPreAreq_TC"/>
  <testcase name="testArequestAPI" time="6.152" classname="com.ca.tds.main.TDSPreAreq_TC"/>
  <testcase name="testArequestAPI" time="5.064" classname="com.ca.tds.main.TDSPreAreq_TC"/>
  <testcase name="testArequestAPI" time="3.37" classname="com.ca.tds.main.TDSPreAreq_TC"/>
  <testcase name="testArequestAPI" time="2.551" classname="com.ca.tds.main.TDSPreAreq_TC"/>
  <testcase name="testArequestAPI" time="2.297" classname="com.ca.tds.main.TDSPreAreq_TC"/>
  <testcase name="testArequestAPI" time="3.089" classname="com.ca.tds.main.TDSPreAreq_TC"/>
  <testcase name="testArequestAPI" time="2.786" classname="com.ca.tds.main.TDSPreAreq_TC"/>
  <testcase name="testArequestAPI" time="7.608" classname="com.ca.tds.main.TDSPreAreq_TC"/>
  <testcase name="testArequestAPI" time="4.261" classname="com.ca.tds.main.TDSPreAreq_TC"/>
  <testcase name="testArequestAPI" time="2.967" classname="com.ca.tds.main.TDSPreAreq_TC"/>
  <testcase name="testArequestAPI" time="2.009" classname="com.ca.tds.main.TDSPreAreq_TC"/>
  <testcase name="testArequestAPI" time="2.623" classname="com.ca.tds.main.TDSPreAreq_TC"/>
  <testcase name="testArequestAPI" time="1.657" classname="com.ca.tds.main.TDSPreAreq_TC"/>
  <testcase name="testArequestAPI" time="2.787" classname="com.ca.tds.main.TDSPreAreq_TC"/>
  <testcase name="testArequestAPI" time="3.286" classname="com.ca.tds.main.TDSPreAreq_TC"/>
  <testcase name="testArequestAPI" time="5.529" classname="com.ca.tds.main.TDSPreAreq_TC"/>
  <testcase name="testArequestAPI" time="3.341" classname="com.ca.tds.main.TDSPreAreq_TC"/>
  <testcase name="testArequestAPI" time="1.583" classname="com.ca.tds.main.TDSPreAreq_TC"/>
  <testcase name="testArequestAPI" time="5.771" classname="com.ca.tds.main.TDSPreAreq_TC"/>
  <testcase name="testArequestAPI" time="5.073" classname="com.ca.tds.main.TDSPreAreq_TC"/>
  <testcase name="testArequestAPI" time="3.36" classname="com.ca.tds.main.TDSPreAreq_TC"/>
  <testcase name="testArequestAPI" time="3.349" classname="com.ca.tds.main.TDSPreAreq_TC"/>
  <testcase name="testArequestAPI" time="1.663" classname="com.ca.tds.main.TDSPreAreq_TC"/>
  <testcase name="testArequestAPI" time="7.503" classname="com.ca.tds.main.TDSPreAreq_TC"/>
  <testcase name="testArequestAPI" time="2.811" classname="com.ca.tds.main.TDSPreAreq_TC"/>
  <testcase name="testArequestAPI" time="1.943" classname="com.ca.tds.main.TDSPreAreq_TC"/>
  <testcase name="testArequestAPI" time="4.191" classname="com.ca.tds.main.TDSPreAreq_TC"/>
  <testcase name="testArequestAPI" time="2.879" classname="com.ca.tds.main.TDSPreAreq_TC"/>
  <testcase name="testArequestAPI" time="5.691" classname="com.ca.tds.main.TDSPreAreq_TC"/>
  <testcase name="testArequestAPI" time="4.64" classname="com.ca.tds.main.TDSPreAreq_TC"/>
  <testcase name="testArequestAPI" time="3.71" classname="com.ca.tds.main.TDSPreAreq_TC"/>
  <testcase name="testArequestAPI" time="8.284" classname="com.ca.tds.main.TDSPreAreq_TC"/>
  <testcase name="testArequestAPI" time="2.998" classname="com.ca.tds.main.TDSPreAreq_TC"/>
  <testcase name="testArequestAPI" time="48.016" classname="com.ca.tds.main.TDSPreAreq_TC"/>
  <testcase name="testArequestAPI" time="1.371" classname="com.ca.tds.main.TDSPreAreq_TC"/>
  <testcase name="testArequestAPI" time="2.984" classname="com.ca.tds.main.TDSPreAreq_TC"/>
  <testcase name="testArequestAPI" time="2.442" classname="com.ca.tds.main.TDSPreAreq_TC"/>
  <testcase name="testArequestAPI" time="5.451" classname="com.ca.tds.main.TDSPreAreq_TC"/>
  <testcase name="testArequestAPI" time="4.341" classname="com.ca.tds.main.TDSPreAreq_TC"/>
  <testcase name="testArequestAPI" time="1.617" classname="com.ca.tds.main.TDSPreAreq_TC"/>
  <testcase name="testArequestAPI" time="2.469" classname="com.ca.tds.main.TDSPreAreq_TC"/>
  <testcase name="testArequestAPI" time="1.405" classname="com.ca.tds.main.TDSPreAreq_TC"/>
  <testcase name="testArequestAPI" time="3.605" classname="com.ca.tds.main.TDSPreAreq_TC"/>
  <testcase name="testArequestAPI" time="1.956" classname="com.ca.tds.main.TDSPreAreq_TC"/>
  <testcase name="testArequestAPI" time="2.774" classname="com.ca.tds.main.TDSPreAreq_TC"/>
  <testcase name="testArequestAPI" time="2.493" classname="com.ca.tds.main.TDSPreAreq_TC"/>
  <testcase name="testArequestAPI" time="1.628" classname="com.ca.tds.main.TDSPreAreq_TC"/>
  <testcase name="testArequestAPI" time="3.441" classname="com.ca.tds.main.TDSPreAreq_TC"/>
  <testcase name="testArequestAPI" time="6.18" classname="com.ca.tds.main.TDSPreAreq_TC"/>
  <testcase name="testArequestAPI" time="3.591" classname="com.ca.tds.main.TDSPreAreq_TC"/>
  <testcase name="testArequestAPI" time="3.959" classname="com.ca.tds.main.TDSPreAreq_TC"/>
  <testcase name="testArequestAPI" time="5.887" classname="com.ca.tds.main.TDSPreAreq_TC"/>
  <testcase name="testArequestAPI" time="12.427" classname="com.ca.tds.main.TDSPreAreq_TC"/>
  <testcase name="testArequestAPI" time="3.901" classname="com.ca.tds.main.TDSPreAreq_TC"/>
  <testcase name="testArequestAPI" time="3.377" classname="com.ca.tds.main.TDSPreAreq_TC"/>
  <testcase name="testArequestAPI" time="8.009" classname="com.ca.tds.main.TDSPreAreq_TC"/>
  <testcase name="testArequestAPI" time="3.711" classname="com.ca.tds.main.TDSPreAreq_TC"/>
  <testcase name="testArequestAPI" time="2.582" classname="com.ca.tds.main.TDSPreAreq_TC"/>
  <testcase name="testArequestAPI" time="10.355" classname="com.ca.tds.main.TDSPreAreq_TC"/>
  <testcase name="testArequestAPI" time="2.357" classname="com.ca.tds.main.TDSPreAreq_TC"/>
  <testcase name="testArequestAPI" time="5.841" classname="com.ca.tds.main.TDSPreAreq_TC">
    <failure type="java.lang.AssertionError" message="Expected to Fail">
      <![CDATA[java.lang.AssertionError: Expected to Fail
at com.ca.tds.main.TDSPreAreq_TC.testArequestAPI(TDSPreAreq_TC.java:89)
at java.util.concurrent.ThreadPoolExecutor.runWorker(ThreadPoolExecutor.java:1149)
at java.util.concurrent.ThreadPoolExecutor$Worker.run(ThreadPoolExecutor.java:624)
at java.lang.Thread.run(Thread.java:748)
... Removed 10 stack frames]]>
    </failure>
  </testcase> <!-- testArequestAPI -->
  <testcase name="testArequestAPI" time="1.669" classname="com.ca.tds.main.TDSPreAreq_TC">
    <failure type="java.lang.AssertionError" message="Expected to Fail">
      <![CDATA[java.lang.AssertionError: Expected to Fail
at com.ca.tds.main.TDSPreAreq_TC.testArequestAPI(TDSPreAreq_TC.java:89)
at java.util.concurrent.ThreadPoolExecutor.runWorker(ThreadPoolExecutor.java:1149)
at java.util.concurrent.ThreadPoolExecutor$Worker.run(ThreadPoolExecutor.java:624)
at java.lang.Thread.run(Thread.java:748)
... Removed 10 stack frames]]>
    </failure>
  </testcase> <!-- testArequestAPI -->
  <testcase name="testArequestAPI" time="4.236" classname="com.ca.tds.main.TDSPreAreq_TC">
    <failure type="java.lang.AssertionError" message="The following asserts failed:
	expected [201] but found [302]">
      <![CDATA[java.lang.AssertionError: The following asserts failed:
expected [201] but found [302]
at com.ca.tds.main.TDSPreAreq_TC.testArequestAPI(TDSPreAreq_TC.java:107)
at java.util.concurrent.ThreadPoolExecutor.runWorker(ThreadPoolExecutor.java:1149)
at java.util.concurrent.ThreadPoolExecutor$Worker.run(ThreadPoolExecutor.java:624)
at java.lang.Thread.run(Thread.java:748)
... Removed 10 stack frames]]>
    </failure>
  </testcase> <!-- testArequestAPI -->
  <testcase name="testArequestAPI" time="7.01" classname="com.ca.tds.main.TDSPreAreq_TC">
    <failure type="java.lang.AssertionError" message="The following asserts failed:
	expected [203] but found [302]">
      <![CDATA[java.lang.AssertionError: The following asserts failed:
expected [203] but found [302]
at com.ca.tds.main.TDSPreAreq_TC.testArequestAPI(TDSPreAreq_TC.java:107)
at java.util.concurrent.ThreadPoolExecutor.runWorker(ThreadPoolExecutor.java:1149)
at java.util.concurrent.ThreadPoolExecutor$Worker.run(ThreadPoolExecutor.java:624)
at java.lang.Thread.run(Thread.java:748)
... Removed 10 stack frames]]>
    </failure>
  </testcase> <!-- testArequestAPI -->
  <testcase name="testArequestAPI" time="1.513" classname="com.ca.tds.main.TDSPreAreq_TC">
    <failure type="java.lang.AssertionError" message="The following asserts failed:
	expected [203] but found [302]">
      <![CDATA[java.lang.AssertionError: The following asserts failed:
expected [203] but found [302]
at com.ca.tds.main.TDSPreAreq_TC.testArequestAPI(TDSPreAreq_TC.java:107)
at java.util.concurrent.ThreadPoolExecutor.runWorker(ThreadPoolExecutor.java:1149)
at java.util.concurrent.ThreadPoolExecutor$Worker.run(ThreadPoolExecutor.java:624)
at java.lang.Thread.run(Thread.java:748)
... Removed 10 stack frames]]>
    </failure>
  </testcase> <!-- testArequestAPI -->
  <testcase name="testArequestAPI" time="9.36" classname="com.ca.tds.main.TDSPreAreq_TC"/>
  <testcase name="testArequestAPI" time="1.973" classname="com.ca.tds.main.TDSPreAreq_TC"/>
  <testcase name="testArequestAPI" time="2.903" classname="com.ca.tds.main.TDSPreAreq_TC"/>
  <testcase name="testArequestAPI" time="2.283" classname="com.ca.tds.main.TDSPreAreq_TC"/>
  <testcase name="testArequestAPI" time="2.035" classname="com.ca.tds.main.TDSPreAreq_TC"/>
  <testcase name="testArequestAPI" time="2.461" classname="com.ca.tds.main.TDSPreAreq_TC"/>
  <testcase name="testArequestAPI" time="4.156" classname="com.ca.tds.main.TDSPreAreq_TC">
    <failure type="java.lang.AssertionError" message="The following asserts failed:
	expected [201] but found [203]">
      <![CDATA[java.lang.AssertionError: The following asserts failed:
expected [201] but found [203]
at com.ca.tds.main.TDSPreAreq_TC.testArequestAPI(TDSPreAreq_TC.java:107)
at java.util.concurrent.ThreadPoolExecutor.runWorker(ThreadPoolExecutor.java:1149)
at java.util.concurrent.ThreadPoolExecutor$Worker.run(ThreadPoolExecutor.java:624)
at java.lang.Thread.run(Thread.java:748)
... Removed 10 stack frames]]>
    </failure>
  </testcase> <!-- testArequestAPI -->
  <testcase name="testArequestAPI" time="2.538" classname="com.ca.tds.main.TDSPreAreq_TC"/>
  <testcase name="testArequestAPI" time="3.293" classname="com.ca.tds.main.TDSPreAreq_TC"/>
  <testcase name="testArequestAPI" time="2.649" classname="com.ca.tds.main.TDSPreAreq_TC"/>
  <testcase name="testArequestAPI" time="2.56" classname="com.ca.tds.main.TDSPreAreq_TC"/>
  <testcase name="testArequestAPI" time="2.414" classname="com.ca.tds.main.TDSPreAreq_TC"/>
  <testcase name="testArequestAPI" time="3.157" classname="com.ca.tds.main.TDSPreAreq_TC">
    <failure type="java.lang.AssertionError" message="The following asserts failed:
	expected [201] but found [203]">
      <![CDATA[java.lang.AssertionError: The following asserts failed:
expected [201] but found [203]
at com.ca.tds.main.TDSPreAreq_TC.testArequestAPI(TDSPreAreq_TC.java:107)
at java.util.concurrent.ThreadPoolExecutor.runWorker(ThreadPoolExecutor.java:1149)
at java.util.concurrent.ThreadPoolExecutor$Worker.run(ThreadPoolExecutor.java:624)
at java.lang.Thread.run(Thread.java:748)
... Removed 10 stack frames]]>
    </failure>
  </testcase> <!-- testArequestAPI -->
  <testcase name="testArequestAPI" time="3.486" classname="com.ca.tds.main.TDSPreAreq_TC"/>
  <testcase name="testArequestAPI" time="3.468" classname="com.ca.tds.main.TDSPreAreq_TC">
    <failure type="java.lang.AssertionError" message="The following asserts failed:
	expected [201] but found [203]">
      <![CDATA[java.lang.AssertionError: The following asserts failed:
expected [201] but found [203]
at com.ca.tds.main.TDSPreAreq_TC.testArequestAPI(TDSPreAreq_TC.java:107)
at java.util.concurrent.ThreadPoolExecutor.runWorker(ThreadPoolExecutor.java:1149)
at java.util.concurrent.ThreadPoolExecutor$Worker.run(ThreadPoolExecutor.java:624)
at java.lang.Thread.run(Thread.java:748)
... Removed 10 stack frames]]>
    </failure>
  </testcase> <!-- testArequestAPI -->
  <testcase name="testArequestAPI" time="3.243" classname="com.ca.tds.main.TDSPreAreq_TC"/>
  <testcase name="testArequestAPI" time="3.165" classname="com.ca.tds.main.TDSPreAreq_TC"/>
  <testcase name="testArequestAPI" time="3.625" classname="com.ca.tds.main.TDSPreAreq_TC"/>
  <testcase name="testArequestAPI" time="3.066" classname="com.ca.tds.main.TDSPreAreq_TC"/>
  <testcase name="testArequestAPI" time="1.646" classname="com.ca.tds.main.TDSPreAreq_TC">
    <failure type="java.lang.AssertionError" message="The following asserts failed:
	expected [201] but found [203]">
      <![CDATA[java.lang.AssertionError: The following asserts failed:
expected [201] but found [203]
at com.ca.tds.main.TDSPreAreq_TC.testArequestAPI(TDSPreAreq_TC.java:107)
at java.util.concurrent.ThreadPoolExecutor.runWorker(ThreadPoolExecutor.java:1149)
at java.util.concurrent.ThreadPoolExecutor$Worker.run(ThreadPoolExecutor.java:624)
at java.lang.Thread.run(Thread.java:748)
... Removed 10 stack frames]]>
    </failure>
  </testcase> <!-- testArequestAPI -->
  <testcase name="testArequestAPI" time="2.236" classname="com.ca.tds.main.TDSPreAreq_TC"/>
  <testcase name="testArequestAPI" time="4.34" classname="com.ca.tds.main.TDSPreAreq_TC"/>
  <testcase name="testArequestAPI" time="3.879" classname="com.ca.tds.main.TDSPreAreq_TC"/>
  <testcase name="testArequestAPI" time="3.163" classname="com.ca.tds.main.TDSPreAreq_TC"/>
  <testcase name="testArequestAPI" time="2.533" classname="com.ca.tds.main.TDSPreAreq_TC"/>
  <testcase name="testArequestAPI" time="6.123" classname="com.ca.tds.main.TDSPreAreq_TC"/>
  <testcase name="testArequestAPI" time="1.359" classname="com.ca.tds.main.TDSPreAreq_TC"/>
  <testcase name="testArequestAPI" time="1.565" classname="com.ca.tds.main.TDSPreAreq_TC"/>
  <testcase name="testArequestAPI" time="3.288" classname="com.ca.tds.main.TDSPreAreq_TC"/>
  <testcase name="testArequestAPI" time="6.862" classname="com.ca.tds.main.TDSPreAreq_TC"/>
  <testcase name="testArequestAPI" time="3.514" classname="com.ca.tds.main.TDSPreAreq_TC"/>
  <testcase name="testArequestAPI" time="2.852" classname="com.ca.tds.main.TDSPreAreq_TC"/>
  <testcase name="testArequestAPI" time="3.261" classname="com.ca.tds.main.TDSPreAreq_TC">
    <failure type="java.lang.AssertionError" message="The following asserts failed:
	expected [201] but found [203]">
      <![CDATA[java.lang.AssertionError: The following asserts failed:
expected [201] but found [203]
at com.ca.tds.main.TDSPreAreq_TC.testArequestAPI(TDSPreAreq_TC.java:107)
at java.util.concurrent.ThreadPoolExecutor.runWorker(ThreadPoolExecutor.java:1149)
at java.util.concurrent.ThreadPoolExecutor$Worker.run(ThreadPoolExecutor.java:624)
at java.lang.Thread.run(Thread.java:748)
... Removed 10 stack frames]]>
    </failure>
  </testcase> <!-- testArequestAPI -->
  <testcase name="testArequestAPI" time="5.098" classname="com.ca.tds.main.TDSPreAreq_TC"/>
  <testcase name="testArequestAPI" time="5.033" classname="com.ca.tds.main.TDSPreAreq_TC">
    <failure type="java.lang.AssertionError" message="Expected to Fail">
      <![CDATA[java.lang.AssertionError: Expected to Fail
at com.ca.tds.main.TDSPreAreq_TC.testArequestAPI(TDSPreAreq_TC.java:89)
at java.util.concurrent.ThreadPoolExecutor.runWorker(ThreadPoolExecutor.java:1149)
at java.util.concurrent.ThreadPoolExecutor$Worker.run(ThreadPoolExecutor.java:624)
at java.lang.Thread.run(Thread.java:748)
... Removed 10 stack frames]]>
    </failure>
  </testcase> <!-- testArequestAPI -->
  <testcase name="testArequestAPI" time="1.67" classname="com.ca.tds.main.TDSPreAreq_TC">
    <failure type="java.lang.AssertionError" message="The following asserts failed:
	expected [201] but found [203]">
      <![CDATA[java.lang.AssertionError: The following asserts failed:
expected [201] but found [203]
at com.ca.tds.main.TDSPreAreq_TC.testArequestAPI(TDSPreAreq_TC.java:107)
at java.util.concurrent.ThreadPoolExecutor.runWorker(ThreadPoolExecutor.java:1149)
at java.util.concurrent.ThreadPoolExecutor$Worker.run(ThreadPoolExecutor.java:624)
at java.lang.Thread.run(Thread.java:748)
... Removed 10 stack frames]]>
    </failure>
  </testcase> <!-- testArequestAPI -->
  <testcase name="testArequestAPI" time="5.73" classname="com.ca.tds.main.TDSPreAreq_TC"/>
  <testcase name="testArequestAPI" time="2.049" classname="com.ca.tds.main.TDSPreAreq_TC">
    <failure type="java.lang.AssertionError" message="Expected to Fail">
      <![CDATA[java.lang.AssertionError: Expected to Fail
at com.ca.tds.main.TDSPreAreq_TC.testArequestAPI(TDSPreAreq_TC.java:89)
at java.util.concurrent.ThreadPoolExecutor.runWorker(ThreadPoolExecutor.java:1149)
at java.util.concurrent.ThreadPoolExecutor$Worker.run(ThreadPoolExecutor.java:624)
at java.lang.Thread.run(Thread.java:748)
... Removed 10 stack frames]]>
    </failure>
  </testcase> <!-- testArequestAPI -->
  <testcase name="testArequestAPI" time="2.266" classname="com.ca.tds.main.TDSPreAreq_TC">
    <failure type="java.lang.AssertionError" message="The following asserts failed:
	expected [201] but found [203]">
      <![CDATA[java.lang.AssertionError: The following asserts failed:
expected [201] but found [203]
at com.ca.tds.main.TDSPreAreq_TC.testArequestAPI(TDSPreAreq_TC.java:107)
at java.util.concurrent.ThreadPoolExecutor.runWorker(ThreadPoolExecutor.java:1149)
at java.util.concurrent.ThreadPoolExecutor$Worker.run(ThreadPoolExecutor.java:624)
at java.lang.Thread.run(Thread.java:748)
... Removed 10 stack frames]]>
    </failure>
  </testcase> <!-- testArequestAPI -->
  <testcase name="testArequestAPI" time="3.497" classname="com.ca.tds.main.TDSPreAreq_TC"/>
  <testcase name="testArequestAPI" time="6.22" classname="com.ca.tds.main.TDSPreAreq_TC">
    <failure type="java.lang.AssertionError" message="Expected to Fail">
      <![CDATA[java.lang.AssertionError: Expected to Fail
at com.ca.tds.main.TDSPreAreq_TC.testArequestAPI(TDSPreAreq_TC.java:89)
at java.util.concurrent.ThreadPoolExecutor.runWorker(ThreadPoolExecutor.java:1149)
at java.util.concurrent.ThreadPoolExecutor$Worker.run(ThreadPoolExecutor.java:624)
at java.lang.Thread.run(Thread.java:748)
... Removed 10 stack frames]]>
    </failure>
  </testcase> <!-- testArequestAPI -->
  <testcase name="testArequestAPI" time="4.928" classname="com.ca.tds.main.TDSPreAreq_TC">
    <failure type="java.lang.AssertionError" message="The following asserts failed:
	expected [201] but found [203]">
      <![CDATA[java.lang.AssertionError: The following asserts failed:
expected [201] but found [203]
at com.ca.tds.main.TDSPreAreq_TC.testArequestAPI(TDSPreAreq_TC.java:107)
at java.util.concurrent.ThreadPoolExecutor.runWorker(ThreadPoolExecutor.java:1149)
at java.util.concurrent.ThreadPoolExecutor$Worker.run(ThreadPoolExecutor.java:624)
at java.lang.Thread.run(Thread.java:748)
... Removed 10 stack frames]]>
    </failure>
  </testcase> <!-- testArequestAPI -->
  <testcase name="testArequestAPI" time="1.669" classname="com.ca.tds.main.TDSPreAreq_TC">
    <failure type="java.lang.AssertionError" message="Expected to Fail">
      <![CDATA[java.lang.AssertionError: Expected to Fail
at com.ca.tds.main.TDSPreAreq_TC.testArequestAPI(TDSPreAreq_TC.java:89)
at java.util.concurrent.ThreadPoolExecutor.runWorker(ThreadPoolExecutor.java:1149)
at java.util.concurrent.ThreadPoolExecutor$Worker.run(ThreadPoolExecutor.java:624)
at java.lang.Thread.run(Thread.java:748)
... Removed 10 stack frames]]>
    </failure>
  </testcase> <!-- testArequestAPI -->
  <testcase name="testArequestAPI" time="1.747" classname="com.ca.tds.main.TDSPreAreq_TC"/>
  <testcase name="testArequestAPI" time="1.313" classname="com.ca.tds.main.TDSPreAreq_TC"/>
  <testcase name="testArequestAPI" time="1.278" classname="com.ca.tds.main.TDSPreAreq_TC">
    <failure type="java.lang.AssertionError" message="The following asserts failed:
	expected [201] but found [203]">
      <![CDATA[java.lang.AssertionError: The following asserts failed:
expected [201] but found [203]
at com.ca.tds.main.TDSPreAreq_TC.testArequestAPI(TDSPreAreq_TC.java:107)
at java.util.concurrent.ThreadPoolExecutor.runWorker(ThreadPoolExecutor.java:1149)
at java.util.concurrent.ThreadPoolExecutor$Worker.run(ThreadPoolExecutor.java:624)
at java.lang.Thread.run(Thread.java:748)
... Removed 10 stack frames]]>
    </failure>
  </testcase> <!-- testArequestAPI -->
  <testcase name="testArequestAPI" time="1.266" classname="com.ca.tds.main.TDSPreAreq_TC"/>
  <testcase name="testArequestAPI" time="1.338" classname="com.ca.tds.main.TDSPreAreq_TC"/>
  <testcase name="testArequestAPI" time="1.222" classname="com.ca.tds.main.TDSPreAreq_TC">
    <failure type="java.lang.AssertionError" message="The following asserts failed:
	expected [201] but found [203]">
      <![CDATA[java.lang.AssertionError: The following asserts failed:
expected [201] but found [203]
at com.ca.tds.main.TDSPreAreq_TC.testArequestAPI(TDSPreAreq_TC.java:107)
at java.util.concurrent.ThreadPoolExecutor.runWorker(ThreadPoolExecutor.java:1149)
at java.util.concurrent.ThreadPoolExecutor$Worker.run(ThreadPoolExecutor.java:624)
at java.lang.Thread.run(Thread.java:748)
... Removed 10 stack frames]]>
    </failure>
  </testcase> <!-- testArequestAPI -->
  <testcase name="testArequestAPI" time="1.274" classname="com.ca.tds.main.TDSPreAreq_TC"/>
  <testcase name="testArequestAPI" time="1.232" classname="com.ca.tds.main.TDSPreAreq_TC"/>
  <testcase name="testArequestAPI" time="1.324" classname="com.ca.tds.main.TDSPreAreq_TC"/>
  <testcase name="testArequestAPI" time="1.411" classname="com.ca.tds.main.TDSPreAreq_TC"/>
  <testcase name="testArequestAPI" time="1.373" classname="com.ca.tds.main.TDSPreAreq_TC"/>
  <testcase name="testArequestAPI" time="1.28" classname="com.ca.tds.main.TDSPreAreq_TC"/>
  <testcase name="testArequestAPI" time="1.818" classname="com.ca.tds.main.TDSPreAreq_TC"/>
  <testcase name="testArequestAPI" time="1.468" classname="com.ca.tds.main.TDSPreAreq_TC"/>
  <testcase name="testArequestAPI" time="1.402" classname="com.ca.tds.main.TDSPreAreq_TC"/>
  <testcase name="testArequestAPI" time="1.419" classname="com.ca.tds.main.TDSPreAreq_TC">
    <failure type="java.lang.AssertionError" message="The following asserts failed:
	expected [201] but found [203]">
      <![CDATA[java.lang.AssertionError: The following asserts failed:
expected [201] but found [203]
at com.ca.tds.main.TDSPreAreq_TC.testArequestAPI(TDSPreAreq_TC.java:107)
at java.util.concurrent.ThreadPoolExecutor.runWorker(ThreadPoolExecutor.java:1149)
at java.util.concurrent.ThreadPoolExecutor$Worker.run(ThreadPoolExecutor.java:624)
at java.lang.Thread.run(Thread.java:748)
... Removed 10 stack frames]]>
    </failure>
  </testcase> <!-- testArequestAPI -->
  <testcase name="testArequestAPI" time="1.389" classname="com.ca.tds.main.TDSPreAreq_TC"/>
  <testcase name="testArequestAPI" time="1.227" classname="com.ca.tds.main.TDSPreAreq_TC"/>
  <testcase name="testArequestAPI" time="1.411" classname="com.ca.tds.main.TDSPreAreq_TC"/>
  <testcase name="testArequestAPI" time="1.524" classname="com.ca.tds.main.TDSPreAreq_TC"/>
  <testcase name="testArequestAPI" time="1.241" classname="com.ca.tds.main.TDSPreAreq_TC"/>
  <testcase name="testArequestAPI" time="1.36" classname="com.ca.tds.main.TDSPreAreq_TC"/>
  <testcase name="testArequestAPI" time="1.214" classname="com.ca.tds.main.TDSPreAreq_TC">
    <failure type="java.lang.AssertionError" message="errorComponent : D, errorCode : 203, errorDescription : field validation Failed, errorDetail : browserIP, threeDSServerTransID : db04b47a-4a44-4340-8546-654a4cc7d89a">
      <![CDATA[java.lang.AssertionError: errorComponent : D, errorCode : 203, errorDescription : field validation Failed, errorDetail : browserIP, threeDSServerTransID : db04b47a-4a44-4340-8546-654a4cc7d89a
at com.ca.tds.main.TDSPreAreq_TC.testArequestAPI(TDSPreAreq_TC.java:81)
at java.util.concurrent.ThreadPoolExecutor.runWorker(ThreadPoolExecutor.java:1149)
at java.util.concurrent.ThreadPoolExecutor$Worker.run(ThreadPoolExecutor.java:624)
at java.lang.Thread.run(Thread.java:748)
... Removed 10 stack frames]]>
    </failure>
  </testcase> <!-- testArequestAPI -->
  <testcase name="testArequestAPI" time="1.208" classname="com.ca.tds.main.TDSPreAreq_TC"/>
  <testcase name="testArequestAPI" time="1.284" classname="com.ca.tds.main.TDSPreAreq_TC"/>
  <testcase name="testArequestAPI" time="1.306" classname="com.ca.tds.main.TDSPreAreq_TC"/>
  <testcase name="testArequestAPI" time="1.335" classname="com.ca.tds.main.TDSPreAreq_TC"/>
  <testcase name="testArequestAPI" time="1.387" classname="com.ca.tds.main.TDSPreAreq_TC"/>
  <testcase name="testArequestAPI" time="1.254" classname="com.ca.tds.main.TDSPreAreq_TC">
    <failure type="java.lang.AssertionError" message="The following asserts failed:
	expected [201] but found [203]">
      <![CDATA[java.lang.AssertionError: The following asserts failed:
expected [201] but found [203]
at com.ca.tds.main.TDSPreAreq_TC.testArequestAPI(TDSPreAreq_TC.java:107)
at java.util.concurrent.ThreadPoolExecutor.runWorker(ThreadPoolExecutor.java:1149)
at java.util.concurrent.ThreadPoolExecutor$Worker.run(ThreadPoolExecutor.java:624)
at java.lang.Thread.run(Thread.java:748)
... Removed 10 stack frames]]>
    </failure>
  </testcase> <!-- testArequestAPI -->
  <testcase name="testArequestAPI" time="2.195" classname="com.ca.tds.main.TDSPreAreq_TC"/>
  <testcase name="testArequestAPI" time="1.564" classname="com.ca.tds.main.TDSPreAreq_TC"/>
  <testcase name="testArequestAPI" time="1.488" classname="com.ca.tds.main.TDSPreAreq_TC"/>
  <testcase name="testArequestAPI" time="2.723" classname="com.ca.tds.main.TDSPreAreq_TC">
    <failure type="java.lang.AssertionError" message="The following asserts failed:
	expected [201] but found [203]">
      <![CDATA[java.lang.AssertionError: The following asserts failed:
expected [201] but found [203]
at com.ca.tds.main.TDSPreAreq_TC.testArequestAPI(TDSPreAreq_TC.java:107)
at java.util.concurrent.ThreadPoolExecutor.runWorker(ThreadPoolExecutor.java:1149)
at java.util.concurrent.ThreadPoolExecutor$Worker.run(ThreadPoolExecutor.java:624)
at java.lang.Thread.run(Thread.java:748)
... Removed 10 stack frames]]>
    </failure>
  </testcase> <!-- testArequestAPI -->
  <testcase name="testArequestAPI" time="1.248" classname="com.ca.tds.main.TDSPreAreq_TC">
    <failure type="java.lang.AssertionError" message="Expected to Fail">
      <![CDATA[java.lang.AssertionError: Expected to Fail
at com.ca.tds.main.TDSPreAreq_TC.testArequestAPI(TDSPreAreq_TC.java:89)
at java.util.concurrent.ThreadPoolExecutor.runWorker(ThreadPoolExecutor.java:1149)
at java.util.concurrent.ThreadPoolExecutor$Worker.run(ThreadPoolExecutor.java:624)
at java.lang.Thread.run(Thread.java:748)
... Removed 10 stack frames]]>
    </failure>
  </testcase> <!-- testArequestAPI -->
  <testcase name="testArequestAPI" time="1.241" classname="com.ca.tds.main.TDSPreAreq_TC"/>
  <testcase name="testArequestAPI" time="1.508" classname="com.ca.tds.main.TDSPreAreq_TC"/>
  <testcase name="testArequestAPI" time="1.349" classname="com.ca.tds.main.TDSPreAreq_TC">
    <failure type="java.lang.AssertionError" message="The following asserts failed:
	expected [201] but found [203]">
      <![CDATA[java.lang.AssertionError: The following asserts failed:
expected [201] but found [203]
at com.ca.tds.main.TDSPreAreq_TC.testArequestAPI(TDSPreAreq_TC.java:107)
at java.util.concurrent.ThreadPoolExecutor.runWorker(ThreadPoolExecutor.java:1149)
at java.util.concurrent.ThreadPoolExecutor$Worker.run(ThreadPoolExecutor.java:624)
at java.lang.Thread.run(Thread.java:748)
... Removed 10 stack frames]]>
    </failure>
  </testcase> <!-- testArequestAPI -->
  <testcase name="testArequestAPI" time="1.246" classname="com.ca.tds.main.TDSPreAreq_TC"/>
  <testcase name="testArequestAPI" time="2.249" classname="com.ca.tds.main.TDSPreAreq_TC"/>
  <testcase name="testArequestAPI" time="1.289" classname="com.ca.tds.main.TDSPreAreq_TC">
    <failure type="java.lang.AssertionError" message="The following asserts failed:
	expected [201] but found [203]">
      <![CDATA[java.lang.AssertionError: The following asserts failed:
expected [201] but found [203]
at com.ca.tds.main.TDSPreAreq_TC.testArequestAPI(TDSPreAreq_TC.java:107)
at java.util.concurrent.ThreadPoolExecutor.runWorker(ThreadPoolExecutor.java:1149)
at java.util.concurrent.ThreadPoolExecutor$Worker.run(ThreadPoolExecutor.java:624)
at java.lang.Thread.run(Thread.java:748)
... Removed 10 stack frames]]>
    </failure>
  </testcase> <!-- testArequestAPI -->
  <testcase name="testArequestAPI" time="1.26" classname="com.ca.tds.main.TDSPreAreq_TC"/>
  <testcase name="testArequestAPI" time="1.324" classname="com.ca.tds.main.TDSPreAreq_TC"/>
  <testcase name="testArequestAPI" time="1.313" classname="com.ca.tds.main.TDSPreAreq_TC">
    <failure type="java.lang.AssertionError" message="errorComponent : D, errorCode : 203, errorDescription : field validation Failed, errorDetail : browserTZ, threeDSServerTransID : e66d8238-bc22-4dd2-ac2d-98aea893bffe">
      <![CDATA[java.lang.AssertionError: errorComponent : D, errorCode : 203, errorDescription : field validation Failed, errorDetail : browserTZ, threeDSServerTransID : e66d8238-bc22-4dd2-ac2d-98aea893bffe
at com.ca.tds.main.TDSPreAreq_TC.testArequestAPI(TDSPreAreq_TC.java:81)
at java.util.concurrent.ThreadPoolExecutor.runWorker(ThreadPoolExecutor.java:1149)
at java.util.concurrent.ThreadPoolExecutor$Worker.run(ThreadPoolExecutor.java:624)
at java.lang.Thread.run(Thread.java:748)
... Removed 10 stack frames]]>
    </failure>
  </testcase> <!-- testArequestAPI -->
  <testcase name="testArequestAPI" time="1.389" classname="com.ca.tds.main.TDSPreAreq_TC">
    <failure type="java.lang.AssertionError" message="The following asserts failed:
	expected [S] but found [D]">
      <![CDATA[java.lang.AssertionError: The following asserts failed:
expected [S] but found [D]
at com.ca.tds.main.TDSPreAreq_TC.testArequestAPI(TDSPreAreq_TC.java:107)
at java.util.concurrent.ThreadPoolExecutor.runWorker(ThreadPoolExecutor.java:1149)
at java.util.concurrent.ThreadPoolExecutor$Worker.run(ThreadPoolExecutor.java:624)
at java.lang.Thread.run(Thread.java:748)
... Removed 10 stack frames]]>
    </failure>
  </testcase> <!-- testArequestAPI -->
  <testcase name="testArequestAPI" time="2.36" classname="com.ca.tds.main.TDSPreAreq_TC"/>
  <testcase name="testArequestAPI" time="1.312" classname="com.ca.tds.main.TDSPreAreq_TC"/>
  <testcase name="testArequestAPI" time="1.894" classname="com.ca.tds.main.TDSPreAreq_TC">
    <failure type="java.lang.AssertionError" message="Browser Flow:: ARes Validation Failed.JSONObject[&amp;quot;threeDSServerTransID&amp;quot;] not found.&amp;lt;br&amp;gt; api response : {&amp;quot;errorComponent&amp;quot;:&amp;quot;S&amp;quot;,&amp;quot;errorDescription&amp;quot;:&amp;quot;CA Merchant Server:: Permanent System failure occured  at the CA Merchant Server  Unable to insert in DB for for incoming AReq&amp;quot;,&amp;quot;messageType&amp;quot;:&amp;quot;Erro&amp;quot;,&amp;quot;errorCode&amp;quot;:&amp;quot;404&amp;quot;,&amp;quot;errorDetail&amp;quot;:&amp;quot; Permanent System failure occured &amp;quot;,&amp;quot;errorMessageType&amp;quot;:&amp;quot;AReq&amp;quot;,&amp;quot;messageVersion&amp;quot;:&amp;quot;2.1.0&amp;quot;}">
      <![CDATA[java.lang.AssertionError: Browser Flow:: ARes Validation Failed.JSONObject["threeDSServerTransID"] not found.<br> api response : {"errorComponent":"S","errorDescription":"CA Merchant Server:: Permanent System failure occured  at the CA Merchant Server  Unable to insert in DB for for incoming AReq","messageType":"Erro","errorCode":"404","errorDetail":" Permanent System failure occured ","errorMessageType":"AReq","messageVersion":"2.1.0"}
at com.ca.tds.main.TDSPreAreq_TC.testArequestAPI(TDSPreAreq_TC.java:114)
at java.util.concurrent.ThreadPoolExecutor.runWorker(ThreadPoolExecutor.java:1149)
at java.util.concurrent.ThreadPoolExecutor$Worker.run(ThreadPoolExecutor.java:624)
at java.lang.Thread.run(Thread.java:748)
... Removed 10 stack frames]]>
    </failure>
  </testcase> <!-- testArequestAPI -->
  <testcase name="testArequestAPI" time="1.285" classname="com.ca.tds.main.TDSPreAreq_TC"/>
  <testcase name="testArequestAPI" time="1.304" classname="com.ca.tds.main.TDSPreAreq_TC"/>
  <testcase name="testArequestAPI" time="1.326" classname="com.ca.tds.main.TDSPreAreq_TC">
    <failure type="java.lang.AssertionError" message="errorComponent : S, errorCode : 203, errorDescription : CA Merchant Server:: Invalid Format  for one of the  Element Found in the message , errorDetail : cardExpiryDate, threeDSServerTransID : 163f6247-74d4-4efb-939e-935275d546cd">
      <![CDATA[java.lang.AssertionError: errorComponent : S, errorCode : 203, errorDescription : CA Merchant Server:: Invalid Format  for one of the  Element Found in the message , errorDetail : cardExpiryDate, threeDSServerTransID : 163f6247-74d4-4efb-939e-935275d546cd
at com.ca.tds.main.TDSPreAreq_TC.testArequestAPI(TDSPreAreq_TC.java:81)
at java.util.concurrent.ThreadPoolExecutor.runWorker(ThreadPoolExecutor.java:1149)
at java.util.concurrent.ThreadPoolExecutor$Worker.run(ThreadPoolExecutor.java:624)
at java.lang.Thread.run(Thread.java:748)
... Removed 10 stack frames]]>
    </failure>
  </testcase> <!-- testArequestAPI -->
  <testcase name="testArequestAPI" time="1.235" classname="com.ca.tds.main.TDSPreAreq_TC"/>
  <testcase name="testArequestAPI" time="1.373" classname="com.ca.tds.main.TDSPreAreq_TC"/>
  <testcase name="testArequestAPI" time="1.251" classname="com.ca.tds.main.TDSPreAreq_TC"/>
  <testcase name="testArequestAPI" time="2.708" classname="com.ca.tds.main.TDSPreAreq_TC"/>
  <testcase name="testArequestAPI" time="1.274" classname="com.ca.tds.main.TDSPreAreq_TC"/>
  <testcase name="testArequestAPI" time="1.313" classname="com.ca.tds.main.TDSPreAreq_TC">
    <failure type="java.lang.AssertionError" message="Expected to Fail">
      <![CDATA[java.lang.AssertionError: Expected to Fail
at com.ca.tds.main.TDSPreAreq_TC.testArequestAPI(TDSPreAreq_TC.java:89)
at java.util.concurrent.ThreadPoolExecutor.runWorker(ThreadPoolExecutor.java:1149)
at java.util.concurrent.ThreadPoolExecutor$Worker.run(ThreadPoolExecutor.java:624)
at java.lang.Thread.run(Thread.java:748)
... Removed 10 stack frames]]>
    </failure>
  </testcase> <!-- testArequestAPI -->
  <testcase name="testArequestAPI" time="1.288" classname="com.ca.tds.main.TDSPreAreq_TC"/>
  <testcase name="testArequestAPI" time="1.322" classname="com.ca.tds.main.TDSPreAreq_TC"/>
  <testcase name="testArequestAPI" time="1.308" classname="com.ca.tds.main.TDSPreAreq_TC"/>
  <testcase name="testArequestAPI" time="1.365" classname="com.ca.tds.main.TDSPreAreq_TC">
    <failure type="java.lang.AssertionError" message="The following asserts failed:
	expected [201] but found [203],
	expected [S] but found [D]">
      <![CDATA[java.lang.AssertionError: The following asserts failed:
expected [201] but found [203],
expected [S] but found [D]
at com.ca.tds.main.TDSPreAreq_TC.testArequestAPI(TDSPreAreq_TC.java:107)
at java.util.concurrent.ThreadPoolExecutor.runWorker(ThreadPoolExecutor.java:1149)
at java.util.concurrent.ThreadPoolExecutor$Worker.run(ThreadPoolExecutor.java:624)
at java.lang.Thread.run(Thread.java:748)
... Removed 10 stack frames]]>
    </failure>
  </testcase> <!-- testArequestAPI -->
  <testcase name="testArequestAPI" time="1.262" classname="com.ca.tds.main.TDSPreAreq_TC">
    <failure type="java.lang.AssertionError" message="The following asserts failed:
	expected [201] but found [203]">
      <![CDATA[java.lang.AssertionError: The following asserts failed:
expected [201] but found [203]
at com.ca.tds.main.TDSPreAreq_TC.testArequestAPI(TDSPreAreq_TC.java:107)
at java.util.concurrent.ThreadPoolExecutor.runWorker(ThreadPoolExecutor.java:1149)
at java.util.concurrent.ThreadPoolExecutor$Worker.run(ThreadPoolExecutor.java:624)
at java.lang.Thread.run(Thread.java:748)
... Removed 10 stack frames]]>
    </failure>
  </testcase> <!-- testArequestAPI -->
  <testcase name="testArequestAPI" time="1.245" classname="com.ca.tds.main.TDSPreAreq_TC"/>
  <testcase name="testArequestAPI" time="1.268" classname="com.ca.tds.main.TDSPreAreq_TC"/>
  <testcase name="testArequestAPI" time="1.521" classname="com.ca.tds.main.TDSPreAreq_TC"/>
  <testcase name="testArequestAPI" time="1.458" classname="com.ca.tds.main.TDSPreAreq_TC"/>
  <testcase name="testArequestAPI" time="2.111" classname="com.ca.tds.main.TDSPreAreq_TC"/>
  <testcase name="testArequestAPI" time="3.099" classname="com.ca.tds.main.TDSPreAreq_TC">
    <failure type="java.lang.AssertionError" message="The following asserts failed:
	expected [201] but found [203]">
      <![CDATA[java.lang.AssertionError: The following asserts failed:
expected [201] but found [203]
at com.ca.tds.main.TDSPreAreq_TC.testArequestAPI(TDSPreAreq_TC.java:107)
at java.util.concurrent.ThreadPoolExecutor.runWorker(ThreadPoolExecutor.java:1149)
at java.util.concurrent.ThreadPoolExecutor$Worker.run(ThreadPoolExecutor.java:624)
at java.lang.Thread.run(Thread.java:748)
... Removed 10 stack frames]]>
    </failure>
  </testcase> <!-- testArequestAPI -->
  <testcase name="testArequestAPI" time="1.986" classname="com.ca.tds.main.TDSPreAreq_TC"/>
  <testcase name="testArequestAPI" time="2.354" classname="com.ca.tds.main.TDSPreAreq_TC">
    <failure type="java.lang.AssertionError" message="The following asserts failed:
	expected [201] but found [203]">
      <![CDATA[java.lang.AssertionError: The following asserts failed:
expected [201] but found [203]
at com.ca.tds.main.TDSPreAreq_TC.testArequestAPI(TDSPreAreq_TC.java:107)
at java.util.concurrent.ThreadPoolExecutor.runWorker(ThreadPoolExecutor.java:1149)
at java.util.concurrent.ThreadPoolExecutor$Worker.run(ThreadPoolExecutor.java:624)
at java.lang.Thread.run(Thread.java:748)
... Removed 10 stack frames]]>
    </failure>
  </testcase> <!-- testArequestAPI -->
  <testcase name="testArequestAPI" time="1.802" classname="com.ca.tds.main.TDSPreAreq_TC"/>
  <testcase name="testArequestAPI" time="1.568" classname="com.ca.tds.main.TDSPreAreq_TC"/>
  <testcase name="testArequestAPI" time="1.609" classname="com.ca.tds.main.TDSPreAreq_TC"/>
  <testcase name="testArequestAPI" time="1.513" classname="com.ca.tds.main.TDSPreAreq_TC">
    <failure type="java.lang.AssertionError" message="The following asserts failed:
	expected [201] but found [203]">
      <![CDATA[java.lang.AssertionError: The following asserts failed:
expected [201] but found [203]
at com.ca.tds.main.TDSPreAreq_TC.testArequestAPI(TDSPreAreq_TC.java:107)
at java.util.concurrent.ThreadPoolExecutor.runWorker(ThreadPoolExecutor.java:1149)
at java.util.concurrent.ThreadPoolExecutor$Worker.run(ThreadPoolExecutor.java:624)
at java.lang.Thread.run(Thread.java:748)
... Removed 10 stack frames]]>
    </failure>
  </testcase> <!-- testArequestAPI -->
  <testcase name="testArequestAPI" time="1.815" classname="com.ca.tds.main.TDSPreAreq_TC"/>
  <testcase name="testArequestAPI" time="1.732" classname="com.ca.tds.main.TDSPreAreq_TC"/>
  <testcase name="testArequestAPI" time="1.508" classname="com.ca.tds.main.TDSPreAreq_TC">
    <failure type="java.lang.AssertionError" message="The following asserts failed:
	expected [Y] but found [N]">
      <![CDATA[java.lang.AssertionError: The following asserts failed:
expected [Y] but found [N]
at com.ca.tds.main.TDSPreAreq_TC.testArequestAPI(TDSPreAreq_TC.java:107)
at java.util.concurrent.ThreadPoolExecutor.runWorker(ThreadPoolExecutor.java:1149)
at java.util.concurrent.ThreadPoolExecutor$Worker.run(ThreadPoolExecutor.java:624)
at java.lang.Thread.run(Thread.java:748)
... Removed 10 stack frames]]>
    </failure>
  </testcase> <!-- testArequestAPI -->
  <testcase name="testArequestAPI" time="2.251" classname="com.ca.tds.main.TDSPreAreq_TC"/>
  <testcase name="testArequestAPI" time="1.905" classname="com.ca.tds.main.TDSPreAreq_TC">
    <failure type="java.lang.AssertionError" message="The following asserts failed:
	expected [201] but found [203]">
      <![CDATA[java.lang.AssertionError: The following asserts failed:
expected [201] but found [203]
at com.ca.tds.main.TDSPreAreq_TC.testArequestAPI(TDSPreAreq_TC.java:107)
at java.util.concurrent.ThreadPoolExecutor.runWorker(ThreadPoolExecutor.java:1149)
at java.util.concurrent.ThreadPoolExecutor$Worker.run(ThreadPoolExecutor.java:624)
at java.lang.Thread.run(Thread.java:748)
... Removed 10 stack frames]]>
    </failure>
  </testcase> <!-- testArequestAPI -->
  <testcase name="testArequestAPI" time="1.388" classname="com.ca.tds.main.TDSPreAreq_TC"/>
  <testcase name="testArequestAPI" time="1.209" classname="com.ca.tds.main.TDSPreAreq_TC"/>
  <testcase name="testArequestAPI" time="2.445" classname="com.ca.tds.main.TDSPreAreq_TC"/>
  <testcase name="testArequestAPI" time="2.084" classname="com.ca.tds.main.TDSPreAreq_TC">
    <failure type="java.lang.AssertionError" message="ARes response json schema validation failed.&amp;lt;br&amp;gt;5 schema violations found&amp;lt;br&amp;gt; api response : {&amp;quot;notificationURL&amp;quot;:&amp;quot;http://localhost:9090/golfstore2/CreqNotification.jsp&amp;quot;,&amp;quot;messageCategory&amp;quot;:&amp;quot;01&amp;quot;,&amp;quot;mcc&amp;quot;:&amp;quot;0742&amp;quot;,&amp;quot;browserAcceptHeader&amp;quot;:&amp;quot;text/html,application/xhtml+xml,application/xml;q=0.9,image/webp,image/apng,*/*;q=0.8&amp;quot;,&amp;quot;merchantName&amp;quot;:&amp;quot;XXobal&amp;quot;,&amp;quot;merchantRiskIndicator&amp;quot;:{&amp;quot;deliveryTimeframe&amp;quot;:&amp;quot;01&amp;quot;,&amp;quot;deliveryEmailAddress&amp;quot;:&amp;quot;XXXsh08@XX.com&amp;quot;,&amp;quot;giftCardCurr&amp;quot;:&amp;quot;840&amp;quot;,&amp;quot;preOrderDate&amp;quot;:&amp;quot;20200803&amp;quot;,&amp;quot;shipIndicator&amp;quot;:&amp;quot;01&amp;quot;,&amp;quot;giftCardAmount&amp;quot;:&amp;quot;500&amp;quot;,&amp;quot;preOrderPurchaseInd&amp;quot;:&amp;quot;01&amp;quot;,&amp;quot;giftCardCount&amp;quot;:&amp;quot;02&amp;quot;,&amp;quot;reorderItemsInd&amp;quot;:&amp;quot;01&amp;quot;},&amp;quot;threeDSRequestorAuthenticationInd&amp;quot;:&amp;quot;01&amp;quot;,&amp;quot;addrMatch&amp;quot;:&amp;quot;Y&amp;quot;,&amp;quot;messageType&amp;quot;:&amp;quot;Erro&amp;quot;,&amp;quot;threeDSRequestorName&amp;quot;:&amp;quot;ew0KCSJEViI6ICIxLjAiLA0KCSJERCI6Iaa45&amp;quot;,&amp;quot;acquirerMerchantID&amp;quot;:&amp;quot;AcquirerMerchantID222&amp;quot;,&amp;quot;shipAddrPostCode&amp;quot;:&amp;quot;X5101&amp;quot;,&amp;quot;messageExtension&amp;quot;:[{&amp;quot;data&amp;quot;:{&amp;quot;key1&amp;quot;:&amp;quot;HMS&amp;quot;,&amp;quot;key2&amp;quot;:&amp;quot;HMS&amp;quot;,&amp;quot;key&amp;quot;:&amp;quot;HMS&amp;quot;},&amp;quot;criticalityIndicator&amp;quot;:false,&amp;quot;name&amp;quot;:&amp;quot;ShashishekharHM&amp;quot;,&amp;quot;id&amp;quot;:&amp;quot;ID2018SEP282001&amp;quot;}],&amp;quot;billAddrCountry&amp;quot;:&amp;quot;XX0&amp;quot;,&amp;quot;browserLanguage&amp;quot;:&amp;quot;en-US&amp;quot;,&amp;quot;caMerchantID&amp;quot;:&amp;quot;CA_EU&amp;quot;,&amp;quot;challengeWindowSize&amp;quot;:&amp;quot;04&amp;quot;,&amp;quot;broadInfo&amp;quot;:{&amp;quot;key&amp;quot;:&amp;quot;broadInfoValue&amp;quot;},&amp;quot;homePhone&amp;quot;:{&amp;quot;cc&amp;quot;:&amp;quot;840&amp;quot;,&amp;quot;subscriber&amp;quot;:&amp;quot;XXXXXX7899&amp;quot;},&amp;quot;payTokenInd&amp;quot;:true,&amp;quot;billAddrLine2&amp;quot;:&amp;quot;XXC&amp;quot;,&amp;quot;billAddrLine3&amp;quot;:&amp;quot;XXS&amp;quot;,&amp;quot;deviceChannel&amp;quot;:&amp;quot;02&amp;quot;,&amp;quot;browserIP&amp;quot;:&amp;quot;XXX.XX.XXX.X&amp;quot;,&amp;quot;billAddrLine1&amp;quot;:&amp;quot;XXXXXXXXXXXXXX Ave&amp;quot;,&amp;quot;acctInfo&amp;quot;:{&amp;quot;chAccDate&amp;quot;:&amp;quot;20180928&amp;quot;,&amp;quot;shipAddressUsageInd&amp;quot;:&amp;quot;03&amp;quot;,&amp;quot;paymentAccAge&amp;quot;:&amp;quot;20180808&amp;quot;,&amp;quot;paymentAccInd&amp;quot;:&amp;quot;01&amp;quot;,&amp;quot;txnActivityYear&amp;quot;:&amp;quot;8&amp;quot;,&amp;quot;shipNameIndicator&amp;quot;:&amp;quot;01&amp;quot;,&amp;quot;chAccPwChangeInd&amp;quot;:&amp;quot;01&amp;quot;,&amp;quot;provisionAttemptsDay&amp;quot;:&amp;quot;1&amp;quot;,&amp;quot;chAccChange&amp;quot;:&amp;quot;20180928&amp;quot;,&amp;quot;chAccChangeInd&amp;quot;:&amp;quot;02&amp;quot;,&amp;quot;nbPurchaseAccount&amp;quot;:&amp;quot;8&amp;quot;,&amp;quot;chAccAgeInd&amp;quot;:&amp;quot;02&amp;quot;,&amp;quot;chAccPwChange&amp;quot;:&amp;quot;20180901&amp;quot;,&amp;quot;shipAddressUsage&amp;quot;:&amp;quot;20180910&amp;quot;,&amp;quot;suspiciousAccActivity&amp;quot;:&amp;quot;01&amp;quot;,&amp;quot;txnActivityDay&amp;quot;:&amp;quot;5&amp;quot;},&amp;quot;purchaseExponent&amp;quot;:&amp;quot;2&amp;quot;,&amp;quot;mobilePhone&amp;quot;:{&amp;quot;cc&amp;quot;:&amp;quot;840&amp;quot;,&amp;quot;subscriber&amp;quot;:&amp;quot;XXXXXX7899&amp;quot;},&amp;quot;shipAddrCity&amp;quot;:&amp;quot;XXXXJose&amp;quot;,&amp;quot;threeDSRequestorAuthenticationInfo&amp;quot;:{&amp;quot;threeDSReqAuthMethod&amp;quot;:&amp;quot;02&amp;quot;,&amp;quot;threeDSReqAuthData&amp;quot;:&amp;quot;3DS PA Request&amp;quot;,&amp;quot;threeDSReqAuthTimestamp&amp;quot;:&amp;quot;201809281603&amp;quot;},&amp;quot;transType&amp;quot;:&amp;quot;01&amp;quot;,&amp;quot;browserJavascriptEnabled&amp;quot;:true,&amp;quot;acctType&amp;quot;:&amp;quot;01&amp;quot;,&amp;quot;shipAddrCountry&amp;quot;:&amp;quot;XX0&amp;quot;,&amp;quot;threeDSRequestorPriorAuthenticationInfo&amp;quot;:{&amp;quot;threeDSReqPriorRef&amp;quot;:&amp;quot;4c6453da-4c56-4980-98cd-d04a064899c4&amp;quot;,&amp;quot;threeDSReqPriorAuthData&amp;quot;:&amp;quot;three DS Request Prior Authentication Data&amp;quot;,&amp;quot;threeDSReqPriorAuthMethod&amp;quot;:&amp;quot;01&amp;quot;,&amp;quot;threeDSReqPriorAuthTimestamp&amp;quot;:&amp;quot;201810010323&amp;quot;},&amp;quot;threeDSServerTransID&amp;quot;:&amp;quot;99cd3c82-2a22-4976-a097-f2d80831d399&amp;quot;,&amp;quot;purchaseDate&amp;quot;:&amp;quot;20180928160450&amp;quot;,&amp;quot;merchantCountryCode&amp;quot;:&amp;quot;840&amp;quot;,&amp;quot;threeDSServerRefNumber&amp;quot;:&amp;quot;AAAAAA123456789&amp;quot;,&amp;quot;browserColorDepth&amp;quot;:&amp;quot;24&amp;quot;,&amp;quot;billAddrState&amp;quot;:&amp;quot;XA&amp;quot;,&amp;quot;acctID&amp;quot;:&amp;quot;ACCTID98X3fw3&amp;quot;,&amp;quot;browserJavaEnabled&amp;quot;:true,&amp;quot;purchaseCurrency&amp;quot;:&amp;quot;840&amp;quot;,&amp;quot;callerTxnRefID&amp;quot;:&amp;quot;341b7153-da86-4543-860f-2ba47f0168a5&amp;quot;,&amp;quot;cardExpiryDate&amp;quot;:&amp;quot;XXX8&amp;quot;,&amp;quot;browserTZ&amp;quot;:&amp;quot;-330&amp;quot;,&amp;quot;shipAddrState&amp;quot;:&amp;quot;XA&amp;quot;,&amp;quot;shipAddrLine3&amp;quot;:&amp;quot;XXS&amp;quot;,&amp;quot;shipAddrLine2&amp;quot;:&amp;quot;XXC&amp;quot;,&amp;quot;acctNumber&amp;quot;:&amp;quot;wg2T1yXXXXXXXXXXXXXXXXXXXXXXXXXXXXXXXXXXXXXXXXXXXXXXXXXXXXXXXXXXXXXXXXXXXXXXXXXXXXXXXXXXXXXXXXXXXXXXXXXXXXXXXXXXXXXXXXXXXXXXXXXXXXXXXXXXXXXXXXXXXXXXXXXXXXXXXXXXXXXXXXXXXXXXXXXXXXXXXXXXXXXXXXXXXXXXXXXXXXXXXXXXXXXXXXXXXXXXXXXXXXXXXXXXXXXXXXXXXXXXXXXXXXXXXXXXXXXXXXXXXXXXXXXXXXXXXXXXXXXXXXXXXXXXXXXXXXXXXXXXXXXXXXXXXXXXXXXXXXXXXXXXXXXXXXXXXXXXXXX&amp;quot;,&amp;quot;shipAddrLine1&amp;quot;:&amp;quot;XXXXXXXXXXXXXX Ave&amp;quot;,&amp;quot;threeDSRequestorURL&amp;quot;:&amp;quot;http://10.131.94.242:1080/content-server/api/tds2/txn/browser/v1/tds-method&amp;quot;,&amp;quot;browserScreenHeight&amp;quot;:&amp;quot;720&amp;quot;,&amp;quot;messageVersion&amp;quot;:&amp;quot;2.1.0&amp;quot;,&amp;quot;billAddrPostCode&amp;quot;:&amp;quot;X5101&amp;quot;,&amp;quot;email&amp;quot;:&amp;quot;XXXsh08@XX.com&amp;quot;,&amp;quot;acquirerBIN&amp;quot;:&amp;quot;12345678912&amp;quot;,&amp;quot;billAddrCity&amp;quot;:&amp;quot;XXXXJose&amp;quot;,&amp;quot;threeDSRequestorID&amp;quot;:&amp;quot;611&amp;quot;,&amp;quot;browserUserAgent&amp;quot;:&amp;quot;Mozilla/5.0 (Windows NT 10.0; Win64; x64) AppleWebKit/537.36 (KHTML, like Gecko) Chrome/68.0.3440.84 Safari/537.36&amp;quot;,&amp;quot;purchaseAmount&amp;quot;:&amp;quot;100&amp;quot;,&amp;quot;threeDSRequestorChallengeInd&amp;quot;:&amp;quot;01&amp;quot;,&amp;quot;cardholderName&amp;quot;:&amp;quot;XXXphen&amp;quot;,&amp;quot;threeDSServerOperatorID&amp;quot;:&amp;quot;serverOperatorID&amp;quot;,&amp;quot;workPhone&amp;quot;:{&amp;quot;cc&amp;quot;:&amp;quot;840&amp;quot;,&amp;quot;subscriber&amp;quot;:&amp;quot;XXXXXX7899&amp;quot;},&amp;quot;threeDSCompInd&amp;quot;:&amp;quot;Y&amp;quot;,&amp;quot;threeDSServerURL&amp;quot;:&amp;quot;http://10.138.158.51:9608&amp;quot;,&amp;quot;browserScreenWidth&amp;quot;:&amp;quot;1280&amp;quot;}">
      <![CDATA[java.lang.AssertionError: ARes response json schema validation failed.<br>5 schema violations found<br> api response : {"notificationURL":"http://localhost:9090/golfstore2/CreqNotification.jsp","messageCategory":"01","mcc":"0742","browserAcceptHeader":"text/html,application/xhtml+xml,application/xml;q=0.9,image/webp,image/apng,*/*;q=0.8","merchantName":"XXobal","merchantRiskIndicator":{"deliveryTimeframe":"01","deliveryEmailAddress":"XXXsh08@XX.com","giftCardCurr":"840","preOrderDate":"20200803","shipIndicator":"01","giftCardAmount":"500","preOrderPurchaseInd":"01","giftCardCount":"02","reorderItemsInd":"01"},"threeDSRequestorAuthenticationInd":"01","addrMatch":"Y","messageType":"Erro","threeDSRequestorName":"ew0KCSJEViI6ICIxLjAiLA0KCSJERCI6Iaa45","acquirerMerchantID":"AcquirerMerchantID222","shipAddrPostCode":"X5101","messageExtension":[{"data":{"key1":"HMS","key2":"HMS","key":"HMS"},"criticalityIndicator":false,"name":"ShashishekharHM","id":"ID2018SEP282001"}],"billAddrCountry":"XX0","browserLanguage":"en-US","caMerchantID":"CA_EU","challengeWindowSize":"04","broadInfo":{"key":"broadInfoValue"},"homePhone":{"cc":"840","subscriber":"XXXXXX7899"},"payTokenInd":true,"billAddrLine2":"XXC","billAddrLine3":"XXS","deviceChannel":"02","browserIP":"XXX.XX.XXX.X","billAddrLine1":"XXXXXXXXXXXXXX Ave","acctInfo":{"chAccDate":"20180928","shipAddressUsageInd":"03","paymentAccAge":"20180808","paymentAccInd":"01","txnActivityYear":"8","shipNameIndicator":"01","chAccPwChangeInd":"01","provisionAttemptsDay":"1","chAccChange":"20180928","chAccChangeInd":"02","nbPurchaseAccount":"8","chAccAgeInd":"02","chAccPwChange":"20180901","shipAddressUsage":"20180910","suspiciousAccActivity":"01","txnActivityDay":"5"},"purchaseExponent":"2","mobilePhone":{"cc":"840","subscriber":"XXXXXX7899"},"shipAddrCity":"XXXXJose","threeDSRequestorAuthenticationInfo":{"threeDSReqAuthMethod":"02","threeDSReqAuthData":"3DS PA Request","threeDSReqAuthTimestamp":"201809281603"},"transType":"01","browserJavascriptEnabled":true,"acctType":"01","shipAddrCountry":"XX0","threeDSRequestorPriorAuthenticationInfo":{"threeDSReqPriorRef":"4c6453da-4c56-4980-98cd-d04a064899c4","threeDSReqPriorAuthData":"three DS Request Prior Authentication Data","threeDSReqPriorAuthMethod":"01","threeDSReqPriorAuthTimestamp":"201810010323"},"threeDSServerTransID":"99cd3c82-2a22-4976-a097-f2d80831d399","purchaseDate":"20180928160450","merchantCountryCode":"840","threeDSServerRefNumber":"AAAAAA123456789","browserColorDepth":"24","billAddrState":"XA","acctID":"ACCTID98X3fw3","browserJavaEnabled":true,"purchaseCurrency":"840","callerTxnRefID":"341b7153-da86-4543-860f-2ba47f0168a5","cardExpiryDate":"XXX8","browserTZ":"-330","shipAddrState":"XA","shipAddrLine3":"XXS","shipAddrLine2":"XXC","acctNumber":"wg2T1yXXXXXXXXXXXXXXXXXXXXXXXXXXXXXXXXXXXXXXXXXXXXXXXXXXXXXXXXXXXXXXXXXXXXXXXXXXXXXXXXXXXXXXXXXXXXXXXXXXXXXXXXXXXXXXXXXXXXXXXXXXXXXXXXXXXXXXXXXXXXXXXXXXXXXXXXXXXXXXXXXXXXXXXXXXXXXXXXXXXXXXXXXXXXXXXXXXXXXXXXXXXXXXXXXXXXXXXXXXXXXXXXXXXXXXXXXXXXXXXXXXXXXXXXXXXXXXXXXXXXXXXXXXXXXXXXXXXXXXXXXXXXXXXXXXXXXXXXXXXXXXXXXXXXXXXXXXXXXXXXXXXXXXXXXXXXXXXXX","shipAddrLine1":"XXXXXXXXXXXXXX Ave","threeDSRequestorURL":"http://10.131.94.242:1080/content-server/api/tds2/txn/browser/v1/tds-method","browserScreenHeight":"720","messageVersion":"2.1.0","billAddrPostCode":"X5101","email":"XXXsh08@XX.com","acquirerBIN":"12345678912","billAddrCity":"XXXXJose","threeDSRequestorID":"611","browserUserAgent":"Mozilla/5.0 (Windows NT 10.0; Win64; x64) AppleWebKit/537.36 (KHTML, like Gecko) Chrome/68.0.3440.84 Safari/537.36","purchaseAmount":"100","threeDSRequestorChallengeInd":"01","cardholderName":"XXXphen","threeDSServerOperatorID":"serverOperatorID","workPhone":{"cc":"840","subscriber":"XXXXXX7899"},"threeDSCompInd":"Y","threeDSServerURL":"http://10.138.158.51:9608","browserScreenWidth":"1280"}
at com.ca.tds.main.TDSPreAreq_TC.testArequestAPI(TDSPreAreq_TC.java:111)
at java.util.concurrent.ThreadPoolExecutor.runWorker(ThreadPoolExecutor.java:1149)
at java.util.concurrent.ThreadPoolExecutor$Worker.run(ThreadPoolExecutor.java:624)
at java.lang.Thread.run(Thread.java:748)
... Removed 10 stack frames]]>
    </failure>
  </testcase> <!-- testArequestAPI -->
  <testcase name="testArequestAPI" time="2.163" classname="com.ca.tds.main.TDSPreAreq_TC">
    <failure type="java.lang.AssertionError" message="ARes response json schema validation failed.&amp;lt;br&amp;gt;2 schema violations found&amp;lt;br&amp;gt; api response : {&amp;quot;errorComponent&amp;quot;:&amp;quot;S&amp;quot;,&amp;quot;errorDescription&amp;quot;:&amp;quot;Invalid messageType field or messageType field missing&amp;quot;,&amp;quot;messageType&amp;quot;:&amp;quot;Erro&amp;quot;,&amp;quot;errorCode&amp;quot;:&amp;quot;101&amp;quot;,&amp;quot;errorDetail&amp;quot;:&amp;quot;Invalid messageType field or messageType field missing&amp;quot;,&amp;quot;messageVersion&amp;quot;:&amp;quot;2.1.0&amp;quot;}">
      <![CDATA[java.lang.AssertionError: ARes response json schema validation failed.<br>2 schema violations found<br> api response : {"errorComponent":"S","errorDescription":"Invalid messageType field or messageType field missing","messageType":"Erro","errorCode":"101","errorDetail":"Invalid messageType field or messageType field missing","messageVersion":"2.1.0"}
at com.ca.tds.main.TDSPreAreq_TC.testArequestAPI(TDSPreAreq_TC.java:111)
at java.util.concurrent.ThreadPoolExecutor.runWorker(ThreadPoolExecutor.java:1149)
at java.util.concurrent.ThreadPoolExecutor$Worker.run(ThreadPoolExecutor.java:624)
at java.lang.Thread.run(Thread.java:748)
... Removed 10 stack frames]]>
    </failure>
  </testcase> <!-- testArequestAPI -->
  <testcase name="testArequestAPI" time="1.766" classname="com.ca.tds.main.TDSPreAreq_TC">
    <failure type="java.lang.AssertionError" message="ARes response json schema validation failed.&amp;lt;br&amp;gt;2 schema violations found&amp;lt;br&amp;gt; api response : {&amp;quot;errorComponent&amp;quot;:&amp;quot;S&amp;quot;,&amp;quot;errorDescription&amp;quot;:&amp;quot;Invalid messageType field or messageType field missing&amp;quot;,&amp;quot;messageType&amp;quot;:&amp;quot;Erro&amp;quot;,&amp;quot;errorCode&amp;quot;:&amp;quot;101&amp;quot;,&amp;quot;errorDetail&amp;quot;:&amp;quot;Invalid messageType field or messageType field missing&amp;quot;,&amp;quot;messageVersion&amp;quot;:&amp;quot;2.1.0&amp;quot;}">
      <![CDATA[java.lang.AssertionError: ARes response json schema validation failed.<br>2 schema violations found<br> api response : {"errorComponent":"S","errorDescription":"Invalid messageType field or messageType field missing","messageType":"Erro","errorCode":"101","errorDetail":"Invalid messageType field or messageType field missing","messageVersion":"2.1.0"}
at com.ca.tds.main.TDSPreAreq_TC.testArequestAPI(TDSPreAreq_TC.java:111)
at java.util.concurrent.ThreadPoolExecutor.runWorker(ThreadPoolExecutor.java:1149)
at java.util.concurrent.ThreadPoolExecutor$Worker.run(ThreadPoolExecutor.java:624)
at java.lang.Thread.run(Thread.java:748)
... Removed 10 stack frames]]>
    </failure>
  </testcase> <!-- testArequestAPI -->
  <testcase name="testArequestAPI" time="1.687" classname="com.ca.tds.main.TDSPreAreq_TC"/>
  <testcase name="testArequestAPI" time="2.808" classname="com.ca.tds.main.TDSPreAreq_TC"/>
  <testcase name="testArequestAPI" time="3.499" classname="com.ca.tds.main.TDSPreAreq_TC">
    <failure type="java.lang.AssertionError" message="Expected to Fail">
      <![CDATA[java.lang.AssertionError: Expected to Fail
at com.ca.tds.main.TDSPreAreq_TC.testArequestAPI(TDSPreAreq_TC.java:89)
at java.util.concurrent.ThreadPoolExecutor.runWorker(ThreadPoolExecutor.java:1149)
at java.util.concurrent.ThreadPoolExecutor$Worker.run(ThreadPoolExecutor.java:624)
at java.lang.Thread.run(Thread.java:748)
... Removed 10 stack frames]]>
    </failure>
  </testcase> <!-- testArequestAPI -->
  <testcase name="testArequestAPI" time="2.976" classname="com.ca.tds.main.TDSPreAreq_TC">
    <failure type="java.lang.AssertionError" message="Expected to Fail">
      <![CDATA[java.lang.AssertionError: Expected to Fail
at com.ca.tds.main.TDSPreAreq_TC.testArequestAPI(TDSPreAreq_TC.java:89)
at java.util.concurrent.ThreadPoolExecutor.runWorker(ThreadPoolExecutor.java:1149)
at java.util.concurrent.ThreadPoolExecutor$Worker.run(ThreadPoolExecutor.java:624)
at java.lang.Thread.run(Thread.java:748)
... Removed 10 stack frames]]>
    </failure>
  </testcase> <!-- testArequestAPI -->
  <testcase name="testArequestAPI" time="3.199" classname="com.ca.tds.main.TDSPreAreq_TC"/>
  <testcase name="testArequestAPI" time="2.288" classname="com.ca.tds.main.TDSPreAreq_TC">
    <failure type="java.lang.AssertionError" message="The following asserts failed:
	expected [201] but found [203]">
      <![CDATA[java.lang.AssertionError: The following asserts failed:
expected [201] but found [203]
at com.ca.tds.main.TDSPreAreq_TC.testArequestAPI(TDSPreAreq_TC.java:107)
at java.util.concurrent.ThreadPoolExecutor.runWorker(ThreadPoolExecutor.java:1149)
at java.util.concurrent.ThreadPoolExecutor$Worker.run(ThreadPoolExecutor.java:624)
at java.lang.Thread.run(Thread.java:748)
... Removed 10 stack frames]]>
    </failure>
  </testcase> <!-- testArequestAPI -->
  <testcase name="testArequestAPI" time="2.288" classname="com.ca.tds.main.TDSPreAreq_TC"/>
  <testcase name="testArequestAPI" time="1.55" classname="com.ca.tds.main.TDSPreAreq_TC"/>
  <testcase name="testArequestAPI" time="3.645" classname="com.ca.tds.main.TDSPreAreq_TC"/>
  <testcase name="testArequestAPI" time="2.647" classname="com.ca.tds.main.TDSPreAreq_TC">
    <failure type="java.lang.AssertionError" message="The following asserts failed:
	expected [201] but found [203]">
      <![CDATA[java.lang.AssertionError: The following asserts failed:
expected [201] but found [203]
at com.ca.tds.main.TDSPreAreq_TC.testArequestAPI(TDSPreAreq_TC.java:107)
at java.util.concurrent.ThreadPoolExecutor.runWorker(ThreadPoolExecutor.java:1149)
at java.util.concurrent.ThreadPoolExecutor$Worker.run(ThreadPoolExecutor.java:624)
at java.lang.Thread.run(Thread.java:748)
... Removed 10 stack frames]]>
    </failure>
  </testcase> <!-- testArequestAPI -->
  <testcase name="testArequestAPI" time="1.88" classname="com.ca.tds.main.TDSPreAreq_TC"/>
  <testcase name="testArequestAPI" time="3.007" classname="com.ca.tds.main.TDSPreAreq_TC"/>
  <testcase name="testArequestAPI" time="3.687" classname="com.ca.tds.main.TDSPreAreq_TC"/>
  <testcase name="testArequestAPI" time="2.846" classname="com.ca.tds.main.TDSPreAreq_TC">
    <failure type="java.lang.AssertionError" message="The following asserts failed:
	expected [201] but found [203]">
      <![CDATA[java.lang.AssertionError: The following asserts failed:
expected [201] but found [203]
at com.ca.tds.main.TDSPreAreq_TC.testArequestAPI(TDSPreAreq_TC.java:107)
at java.util.concurrent.ThreadPoolExecutor.runWorker(ThreadPoolExecutor.java:1149)
at java.util.concurrent.ThreadPoolExecutor$Worker.run(ThreadPoolExecutor.java:624)
at java.lang.Thread.run(Thread.java:748)
... Removed 10 stack frames]]>
    </failure>
  </testcase> <!-- testArequestAPI -->
  <testcase name="testArequestAPI" time="1.29" classname="com.ca.tds.main.TDSPreAreq_TC"/>
  <testcase name="testArequestAPI" time="3.12" classname="com.ca.tds.main.TDSPreAreq_TC">
    <failure type="java.lang.AssertionError" message="The following asserts failed:
	expected [203] but found [201]">
      <![CDATA[java.lang.AssertionError: The following asserts failed:
expected [203] but found [201]
at com.ca.tds.main.TDSPreAreq_TC.testArequestAPI(TDSPreAreq_TC.java:107)
at java.util.concurrent.ThreadPoolExecutor.runWorker(ThreadPoolExecutor.java:1149)
at java.util.concurrent.ThreadPoolExecutor$Worker.run(ThreadPoolExecutor.java:624)
at java.lang.Thread.run(Thread.java:748)
... Removed 10 stack frames]]>
    </failure>
  </testcase> <!-- testArequestAPI -->
  <testcase name="testArequestAPI" time="4.769" classname="com.ca.tds.main.TDSPreAreq_TC"/>
  <testcase name="testArequestAPI" time="1.759" classname="com.ca.tds.main.TDSPreAreq_TC"/>
  <testcase name="testArequestAPI" time="4.497" classname="com.ca.tds.main.TDSPreAreq_TC"/>
  <testcase name="testArequestAPI" time="1.981" classname="com.ca.tds.main.TDSPreAreq_TC"/>
  <testcase name="testArequestAPI" time="1.403" classname="com.ca.tds.main.TDSPreAreq_TC">
    <failure type="java.lang.AssertionError" message="The following asserts failed:
	expected [201] but found [203]">
      <![CDATA[java.lang.AssertionError: The following asserts failed:
expected [201] but found [203]
at com.ca.tds.main.TDSPreAreq_TC.testArequestAPI(TDSPreAreq_TC.java:107)
at java.util.concurrent.ThreadPoolExecutor.runWorker(ThreadPoolExecutor.java:1149)
at java.util.concurrent.ThreadPoolExecutor$Worker.run(ThreadPoolExecutor.java:624)
at java.lang.Thread.run(Thread.java:748)
... Removed 10 stack frames]]>
    </failure>
  </testcase> <!-- testArequestAPI -->
  <testcase name="testArequestAPI" time="1.373" classname="com.ca.tds.main.TDSPreAreq_TC"/>
  <testcase name="testArequestAPI" time="2.76" classname="com.ca.tds.main.TDSPreAreq_TC"/>
  <testcase name="testArequestAPI" time="1.347" classname="com.ca.tds.main.TDSPreAreq_TC"/>
  <testcase name="testArequestAPI" time="1.682" classname="com.ca.tds.main.TDSPreAreq_TC"/>
  <testcase name="testArequestAPI" time="2.121" classname="com.ca.tds.main.TDSPreAreq_TC"/>
  <testcase name="testArequestAPI" time="1.44" classname="com.ca.tds.main.TDSPreAreq_TC"/>
  <testcase name="testArequestAPI" time="1.842" classname="com.ca.tds.main.TDSPreAreq_TC"/>
  <testcase name="testArequestAPI" time="2.893" classname="com.ca.tds.main.TDSPreAreq_TC"/>
  <testcase name="testArequestAPI" time="1.491" classname="com.ca.tds.main.TDSPreAreq_TC"/>
  <testcase name="testArequestAPI" time="2.783" classname="com.ca.tds.main.TDSPreAreq_TC"/>
  <testcase name="testArequestAPI" time="2.087" classname="com.ca.tds.main.TDSPreAreq_TC"/>
  <testcase name="testArequestAPI" time="1.455" classname="com.ca.tds.main.TDSPreAreq_TC"/>
  <testcase name="testArequestAPI" time="2.771" classname="com.ca.tds.main.TDSPreAreq_TC"/>
  <testcase name="testArequestAPI" time="1.51" classname="com.ca.tds.main.TDSPreAreq_TC"/>
  <testcase name="testArequestAPI" time="3.252" classname="com.ca.tds.main.TDSPreAreq_TC">
    <failure type="java.lang.AssertionError" message="errorComponent : S, errorCode : 201, errorDescription : CA Merchant Server:: Required Element is missing in the message, errorDetail : purchaseExponent, threeDSServerTransID : 6bf33944-aeeb-49d5-925a-66928cd0c68b">
      <![CDATA[java.lang.AssertionError: errorComponent : S, errorCode : 201, errorDescription : CA Merchant Server:: Required Element is missing in the message, errorDetail : purchaseExponent, threeDSServerTransID : 6bf33944-aeeb-49d5-925a-66928cd0c68b
at com.ca.tds.main.TDSPreAreq_TC.testArequestAPI(TDSPreAreq_TC.java:81)
at java.util.concurrent.ThreadPoolExecutor.runWorker(ThreadPoolExecutor.java:1149)
at java.util.concurrent.ThreadPoolExecutor$Worker.run(ThreadPoolExecutor.java:624)
at java.lang.Thread.run(Thread.java:748)
... Removed 10 stack frames]]>
    </failure>
  </testcase> <!-- testArequestAPI -->
  <testcase name="testArequestAPI" time="2.346" classname="com.ca.tds.main.TDSPreAreq_TC"/>
  <testcase name="testArequestAPI" time="1.668" classname="com.ca.tds.main.TDSPreAreq_TC"/>
  <testcase name="testArequestAPI" time="2.404" classname="com.ca.tds.main.TDSPreAreq_TC"/>
  <testcase name="testArequestAPI" time="1.809" classname="com.ca.tds.main.TDSPreAreq_TC"/>
  <testcase name="testArequestAPI" time="1.401" classname="com.ca.tds.main.TDSPreAreq_TC">
    <failure type="java.lang.AssertionError" message="errorComponent : S, errorCode : 201, errorDescription : CA Merchant Server:: Required Element is missing in the message, errorDetail : purchaseExponent, threeDSServerTransID : ebf65f5d-7034-4ae3-a8e6-da68f69c3169">
      <![CDATA[java.lang.AssertionError: errorComponent : S, errorCode : 201, errorDescription : CA Merchant Server:: Required Element is missing in the message, errorDetail : purchaseExponent, threeDSServerTransID : ebf65f5d-7034-4ae3-a8e6-da68f69c3169
at com.ca.tds.main.TDSPreAreq_TC.testArequestAPI(TDSPreAreq_TC.java:81)
at java.util.concurrent.ThreadPoolExecutor.runWorker(ThreadPoolExecutor.java:1149)
at java.util.concurrent.ThreadPoolExecutor$Worker.run(ThreadPoolExecutor.java:624)
at java.lang.Thread.run(Thread.java:748)
... Removed 10 stack frames]]>
    </failure>
  </testcase> <!-- testArequestAPI -->
  <testcase name="testArequestAPI" time="1.785" classname="com.ca.tds.main.TDSPreAreq_TC">
    <failure type="java.lang.AssertionError" message="The following asserts failed:
	expected [203] but found [201]">
      <![CDATA[java.lang.AssertionError: The following asserts failed:
expected [203] but found [201]
at com.ca.tds.main.TDSPreAreq_TC.testArequestAPI(TDSPreAreq_TC.java:107)
at java.util.concurrent.ThreadPoolExecutor.runWorker(ThreadPoolExecutor.java:1149)
at java.util.concurrent.ThreadPoolExecutor$Worker.run(ThreadPoolExecutor.java:624)
at java.lang.Thread.run(Thread.java:748)
... Removed 10 stack frames]]>
    </failure>
  </testcase> <!-- testArequestAPI -->
  <testcase name="testArequestAPI" time="1.546" classname="com.ca.tds.main.TDSPreAreq_TC"/>
  <testcase name="testArequestAPI" time="1.638" classname="com.ca.tds.main.TDSPreAreq_TC"/>
  <testcase name="testArequestAPI" time="5.07" classname="com.ca.tds.main.TDSPreAreq_TC">
    <failure type="java.lang.AssertionError" message="The following asserts failed:
	expected [201] but found [203]">
      <![CDATA[java.lang.AssertionError: The following asserts failed:
expected [201] but found [203]
at com.ca.tds.main.TDSPreAreq_TC.testArequestAPI(TDSPreAreq_TC.java:107)
at java.util.concurrent.ThreadPoolExecutor.runWorker(ThreadPoolExecutor.java:1149)
at java.util.concurrent.ThreadPoolExecutor$Worker.run(ThreadPoolExecutor.java:624)
at java.lang.Thread.run(Thread.java:748)
... Removed 10 stack frames]]>
    </failure>
  </testcase> <!-- testArequestAPI -->
  <testcase name="testArequestAPI" time="3.135" classname="com.ca.tds.main.TDSPreAreq_TC">
    <failure type="java.lang.AssertionError" message="The following asserts failed:
	expected [201] but found [203]">
      <![CDATA[java.lang.AssertionError: The following asserts failed:
expected [201] but found [203]
at com.ca.tds.main.TDSPreAreq_TC.testArequestAPI(TDSPreAreq_TC.java:107)
at java.util.concurrent.ThreadPoolExecutor.runWorker(ThreadPoolExecutor.java:1149)
at java.util.concurrent.ThreadPoolExecutor$Worker.run(ThreadPoolExecutor.java:624)
at java.lang.Thread.run(Thread.java:748)
... Removed 10 stack frames]]>
    </failure>
  </testcase> <!-- testArequestAPI -->
  <testcase name="testArequestAPI" time="1.482" classname="com.ca.tds.main.TDSPreAreq_TC"/>
  <testcase name="testArequestAPI" time="1.558" classname="com.ca.tds.main.TDSPreAreq_TC"/>
  <testcase name="testArequestAPI" time="1.344" classname="com.ca.tds.main.TDSPreAreq_TC"/>
  <testcase name="testArequestAPI" time="1.476" classname="com.ca.tds.main.TDSPreAreq_TC"/>
  <testcase name="testArequestAPI" time="2.506" classname="com.ca.tds.main.TDSPreAreq_TC"/>
  <testcase name="testArequestAPI" time="1.648" classname="com.ca.tds.main.TDSPreAreq_TC">
    <failure type="java.lang.AssertionError" message="Expected to Fail">
      <![CDATA[java.lang.AssertionError: Expected to Fail
at com.ca.tds.main.TDSPreAreq_TC.testArequestAPI(TDSPreAreq_TC.java:89)
at java.util.concurrent.ThreadPoolExecutor.runWorker(ThreadPoolExecutor.java:1149)
at java.util.concurrent.ThreadPoolExecutor$Worker.run(ThreadPoolExecutor.java:624)
at java.lang.Thread.run(Thread.java:748)
... Removed 10 stack frames]]>
    </failure>
  </testcase> <!-- testArequestAPI -->
  <testcase name="testArequestAPI" time="1.535" classname="com.ca.tds.main.TDSPreAreq_TC"/>
  <testcase name="testArequestAPI" time="3.001" classname="com.ca.tds.main.TDSPreAreq_TC"/>
  <testcase name="testArequestAPI" time="3.374" classname="com.ca.tds.main.TDSPreAreq_TC"/>
  <testcase name="testArequestAPI" time="3.203" classname="com.ca.tds.main.TDSPreAreq_TC"/>
  <testcase name="testArequestAPI" time="1.619" classname="com.ca.tds.main.TDSPreAreq_TC"/>
  <testcase name="testArequestAPI" time="1.912" classname="com.ca.tds.main.TDSPreAreq_TC"/>
  <testcase name="testArequestAPI" time="5.962" classname="com.ca.tds.main.TDSPreAreq_TC"/>
  <testcase name="testArequestAPI" time="2.208" classname="com.ca.tds.main.TDSPreAreq_TC"/>
  <testcase name="testArequestAPI" time="1.343" classname="com.ca.tds.main.TDSPreAreq_TC"/>
  <testcase name="testArequestAPI" time="2.236" classname="com.ca.tds.main.TDSPreAreq_TC">
    <failure type="java.lang.AssertionError" message="The following asserts failed:
	expected [201] but found [203]">
      <![CDATA[java.lang.AssertionError: The following asserts failed:
expected [201] but found [203]
at com.ca.tds.main.TDSPreAreq_TC.testArequestAPI(TDSPreAreq_TC.java:107)
at java.util.concurrent.ThreadPoolExecutor.runWorker(ThreadPoolExecutor.java:1149)
at java.util.concurrent.ThreadPoolExecutor$Worker.run(ThreadPoolExecutor.java:624)
at java.lang.Thread.run(Thread.java:748)
... Removed 10 stack frames]]>
    </failure>
  </testcase> <!-- testArequestAPI -->
  <testcase name="testArequestAPI" time="1.902" classname="com.ca.tds.main.TDSPreAreq_TC"/>
  <testcase name="testArequestAPI" time="3.466" classname="com.ca.tds.main.TDSPreAreq_TC"/>
  <testcase name="testArequestAPI" time="2.406" classname="com.ca.tds.main.TDSPreAreq_TC">
    <failure type="java.lang.AssertionError" message="The following asserts failed:
	expected [203] but found [201],
	expected [S] but found [D]">
      <![CDATA[java.lang.AssertionError: The following asserts failed:
expected [203] but found [201],
expected [S] but found [D]
at com.ca.tds.main.TDSPreAreq_TC.testArequestAPI(TDSPreAreq_TC.java:107)
at java.util.concurrent.ThreadPoolExecutor.runWorker(ThreadPoolExecutor.java:1149)
at java.util.concurrent.ThreadPoolExecutor$Worker.run(ThreadPoolExecutor.java:624)
at java.lang.Thread.run(Thread.java:748)
... Removed 10 stack frames]]>
    </failure>
  </testcase> <!-- testArequestAPI -->
  <testcase name="testArequestAPI" time="1.842" classname="com.ca.tds.main.TDSPreAreq_TC">
    <failure type="java.lang.AssertionError" message="The following asserts failed:
	expected [201] but found [203]">
      <![CDATA[java.lang.AssertionError: The following asserts failed:
expected [201] but found [203]
at com.ca.tds.main.TDSPreAreq_TC.testArequestAPI(TDSPreAreq_TC.java:107)
at java.util.concurrent.ThreadPoolExecutor.runWorker(ThreadPoolExecutor.java:1149)
at java.util.concurrent.ThreadPoolExecutor$Worker.run(ThreadPoolExecutor.java:624)
at java.lang.Thread.run(Thread.java:748)
... Removed 10 stack frames]]>
    </failure>
  </testcase> <!-- testArequestAPI -->
  <testcase name="testArequestAPI" time="1.386" classname="com.ca.tds.main.TDSPreAreq_TC"/>
  <testcase name="testArequestAPI" time="1.518" classname="com.ca.tds.main.TDSPreAreq_TC"/>
  <testcase name="testArequestAPI" time="1.581" classname="com.ca.tds.main.TDSPreAreq_TC"/>
  <testcase name="testArequestAPI" time="2.149" classname="com.ca.tds.main.TDSPreAreq_TC"/>
  <testcase name="testArequestAPI" time="1.541" classname="com.ca.tds.main.TDSPreAreq_TC"/>
  <testcase name="testArequestAPI" time="3.369" classname="com.ca.tds.main.TDSPreAreq_TC"/>
  <testcase name="testArequestAPI" time="1.345" classname="com.ca.tds.main.TDSPreAreq_TC"/>
  <testcase name="testArequestAPI" time="2.512" classname="com.ca.tds.main.TDSPreAreq_TC"/>
  <testcase name="testArequestAPI" time="1.341" classname="com.ca.tds.main.TDSPreAreq_TC"/>
  <testcase name="testArequestAPI" time="1.585" classname="com.ca.tds.main.TDSPreAreq_TC"/>
  <testcase name="testArequestAPI" time="1.417" classname="com.ca.tds.main.TDSPreAreq_TC"/>
  <testcase name="testArequestAPI" time="1.385" classname="com.ca.tds.main.TDSPreAreq_TC"/>
  <testcase name="testArequestAPI" time="1.533" classname="com.ca.tds.main.TDSPreAreq_TC"/>
  <testcase name="testArequestAPI" time="1.576" classname="com.ca.tds.main.TDSPreAreq_TC">
    <failure type="java.lang.AssertionError" message="The following asserts failed:
	expected [201] but found [203]">
      <![CDATA[java.lang.AssertionError: The following asserts failed:
expected [201] but found [203]
at com.ca.tds.main.TDSPreAreq_TC.testArequestAPI(TDSPreAreq_TC.java:107)
at java.util.concurrent.ThreadPoolExecutor.runWorker(ThreadPoolExecutor.java:1149)
at java.util.concurrent.ThreadPoolExecutor$Worker.run(ThreadPoolExecutor.java:624)
at java.lang.Thread.run(Thread.java:748)
... Removed 10 stack frames]]>
    </failure>
  </testcase> <!-- testArequestAPI -->
  <testcase name="testArequestAPI" time="2.389" classname="com.ca.tds.main.TDSPreAreq_TC">
    <failure type="java.lang.AssertionError" message="Expected to Fail">
      <![CDATA[java.lang.AssertionError: Expected to Fail
at com.ca.tds.main.TDSPreAreq_TC.testArequestAPI(TDSPreAreq_TC.java:89)
at java.util.concurrent.ThreadPoolExecutor.runWorker(ThreadPoolExecutor.java:1149)
at java.util.concurrent.ThreadPoolExecutor$Worker.run(ThreadPoolExecutor.java:624)
at java.lang.Thread.run(Thread.java:748)
... Removed 10 stack frames]]>
    </failure>
  </testcase> <!-- testArequestAPI -->
  <testcase name="testArequestAPI" time="3.962" classname="com.ca.tds.main.TDSPreAreq_TC"/>
  <testcase name="testArequestAPI" time="2.418" classname="com.ca.tds.main.TDSPreAreq_TC">
    <failure type="java.lang.AssertionError" message="The following asserts failed:
	expected [201] but found [203]">
      <![CDATA[java.lang.AssertionError: The following asserts failed:
expected [201] but found [203]
at com.ca.tds.main.TDSPreAreq_TC.testArequestAPI(TDSPreAreq_TC.java:107)
at java.util.concurrent.ThreadPoolExecutor.runWorker(ThreadPoolExecutor.java:1149)
at java.util.concurrent.ThreadPoolExecutor$Worker.run(ThreadPoolExecutor.java:624)
at java.lang.Thread.run(Thread.java:748)
... Removed 10 stack frames]]>
    </failure>
  </testcase> <!-- testArequestAPI -->
  <testcase name="testArequestAPI" time="1.582" classname="com.ca.tds.main.TDSPreAreq_TC">
    <failure type="java.lang.AssertionError" message="Expected to Fail">
      <![CDATA[java.lang.AssertionError: Expected to Fail
at com.ca.tds.main.TDSPreAreq_TC.testArequestAPI(TDSPreAreq_TC.java:89)
at java.util.concurrent.ThreadPoolExecutor.runWorker(ThreadPoolExecutor.java:1149)
at java.util.concurrent.ThreadPoolExecutor$Worker.run(ThreadPoolExecutor.java:624)
at java.lang.Thread.run(Thread.java:748)
... Removed 10 stack frames]]>
    </failure>
  </testcase> <!-- testArequestAPI -->
  <testcase name="testArequestAPI" time="1.816" classname="com.ca.tds.main.TDSPreAreq_TC"/>
  <testcase name="testArequestAPI" time="1.312" classname="com.ca.tds.main.TDSPreAreq_TC">
    <failure type="java.lang.AssertionError" message="The following asserts failed:
	expected [201] but found [203]">
      <![CDATA[java.lang.AssertionError: The following asserts failed:
expected [201] but found [203]
at com.ca.tds.main.TDSPreAreq_TC.testArequestAPI(TDSPreAreq_TC.java:107)
at java.util.concurrent.ThreadPoolExecutor.runWorker(ThreadPoolExecutor.java:1149)
at java.util.concurrent.ThreadPoolExecutor$Worker.run(ThreadPoolExecutor.java:624)
at java.lang.Thread.run(Thread.java:748)
... Removed 10 stack frames]]>
    </failure>
  </testcase> <!-- testArequestAPI -->
  <testcase name="testArequestAPI" time="1.282" classname="com.ca.tds.main.TDSPreAreq_TC">
    <failure type="java.lang.AssertionError" message="Expected to Fail">
      <![CDATA[java.lang.AssertionError: Expected to Fail
at com.ca.tds.main.TDSPreAreq_TC.testArequestAPI(TDSPreAreq_TC.java:89)
at java.util.concurrent.ThreadPoolExecutor.runWorker(ThreadPoolExecutor.java:1149)
at java.util.concurrent.ThreadPoolExecutor$Worker.run(ThreadPoolExecutor.java:624)
at java.lang.Thread.run(Thread.java:748)
... Removed 10 stack frames]]>
    </failure>
  </testcase> <!-- testArequestAPI -->
  <testcase name="testArequestAPI" time="1.479" classname="com.ca.tds.main.TDSPreAreq_TC"/>
  <testcase name="testArequestAPI" time="1.514" classname="com.ca.tds.main.TDSPreAreq_TC">
    <failure type="java.lang.AssertionError" message="The following asserts failed:
	expected [201] but found [203]">
      <![CDATA[java.lang.AssertionError: The following asserts failed:
expected [201] but found [203]
at com.ca.tds.main.TDSPreAreq_TC.testArequestAPI(TDSPreAreq_TC.java:107)
at java.util.concurrent.ThreadPoolExecutor.runWorker(ThreadPoolExecutor.java:1149)
at java.util.concurrent.ThreadPoolExecutor$Worker.run(ThreadPoolExecutor.java:624)
at java.lang.Thread.run(Thread.java:748)
... Removed 10 stack frames]]>
    </failure>
  </testcase> <!-- testArequestAPI -->
  <testcase name="testArequestAPI" time="1.522" classname="com.ca.tds.main.TDSPreAreq_TC">
    <failure type="java.lang.AssertionError" message="Expected to Fail">
      <![CDATA[java.lang.AssertionError: Expected to Fail
at com.ca.tds.main.TDSPreAreq_TC.testArequestAPI(TDSPreAreq_TC.java:89)
at java.util.concurrent.ThreadPoolExecutor.runWorker(ThreadPoolExecutor.java:1149)
at java.util.concurrent.ThreadPoolExecutor$Worker.run(ThreadPoolExecutor.java:624)
at java.lang.Thread.run(Thread.java:748)
... Removed 10 stack frames]]>
    </failure>
  </testcase> <!-- testArequestAPI -->
  <testcase name="testArequestAPI" time="1.411" classname="com.ca.tds.main.TDSPreAreq_TC"/>
  <testcase name="testArequestAPI" time="1.282" classname="com.ca.tds.main.TDSPreAreq_TC"/>
  <testcase name="testArequestAPI" time="1.269" classname="com.ca.tds.main.TDSPreAreq_TC">
    <failure type="java.lang.AssertionError" message="The following asserts failed:
	expected [201] but found [203]">
      <![CDATA[java.lang.AssertionError: The following asserts failed:
expected [201] but found [203]
at com.ca.tds.main.TDSPreAreq_TC.testArequestAPI(TDSPreAreq_TC.java:107)
at java.util.concurrent.ThreadPoolExecutor.runWorker(ThreadPoolExecutor.java:1149)
at java.util.concurrent.ThreadPoolExecutor$Worker.run(ThreadPoolExecutor.java:624)
at java.lang.Thread.run(Thread.java:748)
... Removed 10 stack frames]]>
    </failure>
  </testcase> <!-- testArequestAPI -->
  <testcase name="testArequestAPI" time="1.421" classname="com.ca.tds.main.TDSPreAreq_TC"/>
  <testcase name="testArequestAPI" time="1.552" classname="com.ca.tds.main.TDSPreAreq_TC"/>
  <testcase name="testArequestAPI" time="1.961" classname="com.ca.tds.main.TDSPreAreq_TC"/>
  <testcase name="testArequestAPI" time="2.557" classname="com.ca.tds.main.TDSPreAreq_TC"/>
  <testcase name="testArequestAPI" time="1.288" classname="com.ca.tds.main.TDSPreAreq_TC">
    <failure type="java.lang.AssertionError" message="The following asserts failed:
	expected [201] but found [203]">
      <![CDATA[java.lang.AssertionError: The following asserts failed:
expected [201] but found [203]
at com.ca.tds.main.TDSPreAreq_TC.testArequestAPI(TDSPreAreq_TC.java:107)
at java.util.concurrent.ThreadPoolExecutor.runWorker(ThreadPoolExecutor.java:1149)
at java.util.concurrent.ThreadPoolExecutor$Worker.run(ThreadPoolExecutor.java:624)
at java.lang.Thread.run(Thread.java:748)
... Removed 10 stack frames]]>
    </failure>
  </testcase> <!-- testArequestAPI -->
  <testcase name="testArequestAPI" time="2.067" classname="com.ca.tds.main.TDSPreAreq_TC"/>
  <testcase name="testArequestAPI" time="1.263" classname="com.ca.tds.main.TDSPreAreq_TC">
    <failure type="java.lang.AssertionError" message="Expected to Fail">
      <![CDATA[java.lang.AssertionError: Expected to Fail
at com.ca.tds.main.TDSPreAreq_TC.testArequestAPI(TDSPreAreq_TC.java:89)
at java.util.concurrent.ThreadPoolExecutor.runWorker(ThreadPoolExecutor.java:1149)
at java.util.concurrent.ThreadPoolExecutor$Worker.run(ThreadPoolExecutor.java:624)
at java.lang.Thread.run(Thread.java:748)
... Removed 10 stack frames]]>
    </failure>
  </testcase> <!-- testArequestAPI -->
  <testcase name="testArequestAPI" time="1.948" classname="com.ca.tds.main.TDSPreAreq_TC"/>
  <testcase name="testArequestAPI" time="2.11" classname="com.ca.tds.main.TDSPreAreq_TC"/>
  <testcase name="testArequestAPI" time="1.327" classname="com.ca.tds.main.TDSPreAreq_TC">
    <failure type="java.lang.AssertionError" message="The following asserts failed:
	expected [201] but found [203]">
      <![CDATA[java.lang.AssertionError: The following asserts failed:
expected [201] but found [203]
at com.ca.tds.main.TDSPreAreq_TC.testArequestAPI(TDSPreAreq_TC.java:107)
at java.util.concurrent.ThreadPoolExecutor.runWorker(ThreadPoolExecutor.java:1149)
at java.util.concurrent.ThreadPoolExecutor$Worker.run(ThreadPoolExecutor.java:624)
at java.lang.Thread.run(Thread.java:748)
... Removed 10 stack frames]]>
    </failure>
  </testcase> <!-- testArequestAPI -->
  <testcase name="testArequestAPI" time="3.011" classname="com.ca.tds.main.TDSPreAreq_TC">
    <failure type="java.lang.AssertionError" message="The following asserts failed:
	expected [S] but found [D]">
      <![CDATA[java.lang.AssertionError: The following asserts failed:
expected [S] but found [D]
at com.ca.tds.main.TDSPreAreq_TC.testArequestAPI(TDSPreAreq_TC.java:107)
at java.util.concurrent.ThreadPoolExecutor.runWorker(ThreadPoolExecutor.java:1149)
at java.util.concurrent.ThreadPoolExecutor$Worker.run(ThreadPoolExecutor.java:624)
at java.lang.Thread.run(Thread.java:748)
... Removed 10 stack frames]]>
    </failure>
  </testcase> <!-- testArequestAPI -->
  <testcase name="testArequestAPI" time="1.635" classname="com.ca.tds.main.TDSPreAreq_TC"/>
  <testcase name="testArequestAPI" time="1.534" classname="com.ca.tds.main.TDSPreAreq_TC"/>
  <testcase name="testArequestAPI" time="1.653" classname="com.ca.tds.main.TDSPreAreq_TC">
    <failure type="java.lang.AssertionError" message="The following asserts failed:
	expected [201] but found [203]">
      <![CDATA[java.lang.AssertionError: The following asserts failed:
expected [201] but found [203]
at com.ca.tds.main.TDSPreAreq_TC.testArequestAPI(TDSPreAreq_TC.java:107)
at java.util.concurrent.ThreadPoolExecutor.runWorker(ThreadPoolExecutor.java:1149)
at java.util.concurrent.ThreadPoolExecutor$Worker.run(ThreadPoolExecutor.java:624)
at java.lang.Thread.run(Thread.java:748)
... Removed 10 stack frames]]>
    </failure>
  </testcase> <!-- testArequestAPI -->
  <testcase name="testArequestAPI" time="1.547" classname="com.ca.tds.main.TDSPreAreq_TC"/>
  <testcase name="testArequestAPI" time="2.079" classname="com.ca.tds.main.TDSPreAreq_TC"/>
  <testcase name="testArequestAPI" time="1.372" classname="com.ca.tds.main.TDSPreAreq_TC"/>
  <testcase name="testArequestAPI" time="1.676" classname="com.ca.tds.main.TDSPreAreq_TC"/>
  <testcase name="testArequestAPI" time="1.724" classname="com.ca.tds.main.TDSPreAreq_TC"/>
  <testcase name="testArequestAPI" time="2.765" classname="com.ca.tds.main.TDSPreAreq_TC"/>
  <testcase name="testArequestAPI" time="1.697" classname="com.ca.tds.main.TDSPreAreq_TC"/>
  <testcase name="testArequestAPI" time="1.565" classname="com.ca.tds.main.TDSPreAreq_TC"/>
  <testcase name="testArequestAPI" time="1.63" classname="com.ca.tds.main.TDSPreAreq_TC"/>
  <testcase name="testArequestAPI" time="1.921" classname="com.ca.tds.main.TDSPreAreq_TC">
    <failure type="java.lang.AssertionError" message="The following asserts failed:
	expected [201] but found [203]">
      <![CDATA[java.lang.AssertionError: The following asserts failed:
expected [201] but found [203]
at com.ca.tds.main.TDSPreAreq_TC.testArequestAPI(TDSPreAreq_TC.java:107)
at java.util.concurrent.ThreadPoolExecutor.runWorker(ThreadPoolExecutor.java:1149)
at java.util.concurrent.ThreadPoolExecutor$Worker.run(ThreadPoolExecutor.java:624)
at java.lang.Thread.run(Thread.java:748)
... Removed 10 stack frames]]>
    </failure>
  </testcase> <!-- testArequestAPI -->
  <testcase name="testArequestAPI" time="2.826" classname="com.ca.tds.main.TDSPreAreq_TC"/>
  <testcase name="testArequestAPI" time="4.16" classname="com.ca.tds.main.TDSPreAreq_TC"/>
  <testcase name="testArequestAPI" time="2.7" classname="com.ca.tds.main.TDSPreAreq_TC"/>
  <testcase name="testArequestAPI" time="2.768" classname="com.ca.tds.main.TDSPreAreq_TC"/>
  <testcase name="testArequestAPI" time="1.813" classname="com.ca.tds.main.TDSPreAreq_TC"/>
  <testcase name="testArequestAPI" time="1.449" classname="com.ca.tds.main.TDSPreAreq_TC"/>
  <testcase name="testArequestAPI" time="1.798" classname="com.ca.tds.main.TDSPreAreq_TC"/>
  <testcase name="testArequestAPI" time="2.402" classname="com.ca.tds.main.TDSPreAreq_TC"/>
  <testcase name="testArequestAPI" time="1.764" classname="com.ca.tds.main.TDSPreAreq_TC"/>
  <testcase name="testArequestAPI" time="1.582" classname="com.ca.tds.main.TDSPreAreq_TC"/>
  <testcase name="testArequestAPI" time="1.989" classname="com.ca.tds.main.TDSPreAreq_TC"/>
  <testcase name="testArequestAPI" time="1.921" classname="com.ca.tds.main.TDSPreAreq_TC"/>
  <testcase name="testArequestAPI" time="1.848" classname="com.ca.tds.main.TDSPreAreq_TC"/>
  <testcase name="testArequestAPI" time="2.036" classname="com.ca.tds.main.TDSPreAreq_TC"/>
  <testcase name="testArequestAPI" time="1.619" classname="com.ca.tds.main.TDSPreAreq_TC"/>
  <testcase name="testArequestAPI" time="4.667" classname="com.ca.tds.main.TDSPreAreq_TC"/>
  <testcase name="testArequestAPI" time="1.721" classname="com.ca.tds.main.TDSPreAreq_TC">
    <failure type="java.lang.AssertionError" message="The following asserts failed:
	expected [201] but found [203]">
      <![CDATA[java.lang.AssertionError: The following asserts failed:
expected [201] but found [203]
at com.ca.tds.main.TDSPreAreq_TC.testArequestAPI(TDSPreAreq_TC.java:107)
at java.util.concurrent.ThreadPoolExecutor.runWorker(ThreadPoolExecutor.java:1149)
at java.util.concurrent.ThreadPoolExecutor$Worker.run(ThreadPoolExecutor.java:624)
at java.lang.Thread.run(Thread.java:748)
... Removed 10 stack frames]]>
    </failure>
  </testcase> <!-- testArequestAPI -->
  <testcase name="testArequestAPI" time="3.617" classname="com.ca.tds.main.TDSPreAreq_TC"/>
  <testcase name="testArequestAPI" time="8.353" classname="com.ca.tds.main.TDSPreAreq_TC"/>
  <testcase name="testArequestAPI" time="11.858" classname="com.ca.tds.main.TDSPreAreq_TC"/>
  <testcase name="testArequestAPI" time="1.792" classname="com.ca.tds.main.TDSPreAreq_TC">
    <failure type="java.lang.AssertionError" message="The following asserts failed:
	expected [201] but found [203]">
      <![CDATA[java.lang.AssertionError: The following asserts failed:
expected [201] but found [203]
at com.ca.tds.main.TDSPreAreq_TC.testArequestAPI(TDSPreAreq_TC.java:107)
at java.util.concurrent.ThreadPoolExecutor.runWorker(ThreadPoolExecutor.java:1149)
at java.util.concurrent.ThreadPoolExecutor$Worker.run(ThreadPoolExecutor.java:624)
at java.lang.Thread.run(Thread.java:748)
... Removed 10 stack frames]]>
    </failure>
  </testcase> <!-- testArequestAPI -->
  <testcase name="testArequestAPI" time="1.996" classname="com.ca.tds.main.TDSPreAreq_TC"/>
  <testcase name="testArequestAPI" time="3.482" classname="com.ca.tds.main.TDSPreAreq_TC"/>
  <testcase name="testArequestAPI" time="6.815" classname="com.ca.tds.main.TDSPreAreq_TC"/>
  <testcase name="testArequestAPI" time="2.648" classname="com.ca.tds.main.TDSPreAreq_TC"/>
  <testcase name="testArequestAPI" time="2.329" classname="com.ca.tds.main.TDSPreAreq_TC"/>
  <testcase name="testArequestAPI" time="1.495" classname="com.ca.tds.main.TDSPreAreq_TC"/>
  <testcase name="testArequestAPI" time="1.481" classname="com.ca.tds.main.TDSPreAreq_TC"/>
  <testcase name="testArequestAPI" time="2.037" classname="com.ca.tds.main.TDSPreAreq_TC"/>
  <testcase name="testArequestAPI" time="2.372" classname="com.ca.tds.main.TDSPreAreq_TC"/>
  <testcase name="testArequestAPI" time="2.228" classname="com.ca.tds.main.TDSPreAreq_TC"/>
  <testcase name="testArequestAPI" time="2.004" classname="com.ca.tds.main.TDSPreAreq_TC"/>
  <testcase name="testArequestAPI" time="1.932" classname="com.ca.tds.main.TDSPreAreq_TC"/>
  <testcase name="testArequestAPI" time="6.46" classname="com.ca.tds.main.TDSPreAreq_TC"/>
  <testcase name="testArequestAPI" time="8.782" classname="com.ca.tds.main.TDSPreAreq_TC">
    <failure type="java.lang.AssertionError" message="Expected to Fail">
      <![CDATA[java.lang.AssertionError: Expected to Fail
at com.ca.tds.main.TDSPreAreq_TC.testArequestAPI(TDSPreAreq_TC.java:89)
at java.util.concurrent.ThreadPoolExecutor.runWorker(ThreadPoolExecutor.java:1149)
at java.util.concurrent.ThreadPoolExecutor$Worker.run(ThreadPoolExecutor.java:624)
at java.lang.Thread.run(Thread.java:748)
... Removed 10 stack frames]]>
    </failure>
  </testcase> <!-- testArequestAPI -->
  <testcase name="testArequestAPI" time="5.076" classname="com.ca.tds.main.TDSPreAreq_TC">
    <failure type="java.lang.AssertionError" message="Expected to Fail">
      <![CDATA[java.lang.AssertionError: Expected to Fail
at com.ca.tds.main.TDSPreAreq_TC.testArequestAPI(TDSPreAreq_TC.java:89)
at java.util.concurrent.ThreadPoolExecutor.runWorker(ThreadPoolExecutor.java:1149)
at java.util.concurrent.ThreadPoolExecutor$Worker.run(ThreadPoolExecutor.java:624)
at java.lang.Thread.run(Thread.java:748)
... Removed 10 stack frames]]>
    </failure>
  </testcase> <!-- testArequestAPI -->
  <testcase name="testArequestAPI" time="4.512" classname="com.ca.tds.main.TDSPreAreq_TC"/>
  <testcase name="testArequestAPI" time="2.073" classname="com.ca.tds.main.TDSPreAreq_TC">
    <failure type="java.lang.AssertionError" message="Expected to Fail">
      <![CDATA[java.lang.AssertionError: Expected to Fail
at com.ca.tds.main.TDSPreAreq_TC.testArequestAPI(TDSPreAreq_TC.java:89)
at java.util.concurrent.ThreadPoolExecutor.runWorker(ThreadPoolExecutor.java:1149)
at java.util.concurrent.ThreadPoolExecutor$Worker.run(ThreadPoolExecutor.java:624)
at java.lang.Thread.run(Thread.java:748)
... Removed 10 stack frames]]>
    </failure>
  </testcase> <!-- testArequestAPI -->
  <testcase name="testArequestAPI" time="3.387" classname="com.ca.tds.main.TDSPreAreq_TC">
    <failure type="java.lang.AssertionError" message="Expected to Fail">
      <![CDATA[java.lang.AssertionError: Expected to Fail
at com.ca.tds.main.TDSPreAreq_TC.testArequestAPI(TDSPreAreq_TC.java:89)
at java.util.concurrent.ThreadPoolExecutor.runWorker(ThreadPoolExecutor.java:1149)
at java.util.concurrent.ThreadPoolExecutor$Worker.run(ThreadPoolExecutor.java:624)
at java.lang.Thread.run(Thread.java:748)
... Removed 10 stack frames]]>
    </failure>
  </testcase> <!-- testArequestAPI -->
  <testcase name="testArequestAPI" time="4.922" classname="com.ca.tds.main.TDSPreAreq_TC"/>
  <testcase name="testArequestAPI" time="2.099" classname="com.ca.tds.main.TDSPreAreq_TC"/>
  <testcase name="testArequestAPI" time="2.339" classname="com.ca.tds.main.TDSPreAreq_TC"/>
  <testcase name="testArequestAPI" time="2.814" classname="com.ca.tds.main.TDSPreAreq_TC"/>
  <testcase name="testArequestAPI" time="2.988" classname="com.ca.tds.main.TDSPreAreq_TC">
    <failure type="java.lang.AssertionError" message="Expected to Fail">
      <![CDATA[java.lang.AssertionError: Expected to Fail
at com.ca.tds.main.TDSPreAreq_TC.testArequestAPI(TDSPreAreq_TC.java:89)
at java.util.concurrent.ThreadPoolExecutor.runWorker(ThreadPoolExecutor.java:1149)
at java.util.concurrent.ThreadPoolExecutor$Worker.run(ThreadPoolExecutor.java:624)
at java.lang.Thread.run(Thread.java:748)
... Removed 10 stack frames]]>
    </failure>
  </testcase> <!-- testArequestAPI -->
  <testcase name="testArequestAPI" time="1.271" classname="com.ca.tds.main.TDSPreAreq_TC">
    <failure type="java.lang.AssertionError" message="Expected to Fail">
      <![CDATA[java.lang.AssertionError: Expected to Fail
at com.ca.tds.main.TDSPreAreq_TC.testArequestAPI(TDSPreAreq_TC.java:89)
at java.util.concurrent.ThreadPoolExecutor.runWorker(ThreadPoolExecutor.java:1149)
at java.util.concurrent.ThreadPoolExecutor$Worker.run(ThreadPoolExecutor.java:624)
at java.lang.Thread.run(Thread.java:748)
... Removed 10 stack frames]]>
    </failure>
  </testcase> <!-- testArequestAPI -->
  <testcase name="testArequestAPI" time="1.885" classname="com.ca.tds.main.TDSPreAreq_TC"/>
  <testcase name="testArequestAPI" time="1.457" classname="com.ca.tds.main.TDSPreAreq_TC"/>
  <testcase name="testArequestAPI" time="3.533" classname="com.ca.tds.main.TDSPreAreq_TC">
    <failure type="java.lang.AssertionError" message="Expected to Fail">
      <![CDATA[java.lang.AssertionError: Expected to Fail
at com.ca.tds.main.TDSPreAreq_TC.testArequestAPI(TDSPreAreq_TC.java:89)
at java.util.concurrent.ThreadPoolExecutor.runWorker(ThreadPoolExecutor.java:1149)
at java.util.concurrent.ThreadPoolExecutor$Worker.run(ThreadPoolExecutor.java:624)
at java.lang.Thread.run(Thread.java:748)
... Removed 10 stack frames]]>
    </failure>
  </testcase> <!-- testArequestAPI -->
  <testcase name="testArequestAPI" time="2.949" classname="com.ca.tds.main.TDSPreAreq_TC">
    <failure type="java.lang.AssertionError" message="Expected to Fail">
      <![CDATA[java.lang.AssertionError: Expected to Fail
at com.ca.tds.main.TDSPreAreq_TC.testArequestAPI(TDSPreAreq_TC.java:89)
at java.util.concurrent.ThreadPoolExecutor.runWorker(ThreadPoolExecutor.java:1149)
at java.util.concurrent.ThreadPoolExecutor$Worker.run(ThreadPoolExecutor.java:624)
at java.lang.Thread.run(Thread.java:748)
... Removed 10 stack frames]]>
    </failure>
  </testcase> <!-- testArequestAPI -->
  <testcase name="testArequestAPI" time="1.52" classname="com.ca.tds.main.TDSPreAreq_TC"/>
  <testcase name="testArequestAPI" time="3.682" classname="com.ca.tds.main.TDSPreAreq_TC"/>
  <testcase name="testArequestAPI" time="2.75" classname="com.ca.tds.main.TDSPreAreq_TC">
    <failure type="java.lang.AssertionError" message="Expected to Fail">
      <![CDATA[java.lang.AssertionError: Expected to Fail
at com.ca.tds.main.TDSPreAreq_TC.testArequestAPI(TDSPreAreq_TC.java:89)
at java.util.concurrent.ThreadPoolExecutor.runWorker(ThreadPoolExecutor.java:1149)
at java.util.concurrent.ThreadPoolExecutor$Worker.run(ThreadPoolExecutor.java:624)
at java.lang.Thread.run(Thread.java:748)
... Removed 10 stack frames]]>
    </failure>
  </testcase> <!-- testArequestAPI -->
  <testcase name="testArequestAPI" time="1.641" classname="com.ca.tds.main.TDSPreAreq_TC">
    <failure type="java.lang.AssertionError" message="Expected to Fail">
      <![CDATA[java.lang.AssertionError: Expected to Fail
at com.ca.tds.main.TDSPreAreq_TC.testArequestAPI(TDSPreAreq_TC.java:89)
at java.util.concurrent.ThreadPoolExecutor.runWorker(ThreadPoolExecutor.java:1149)
at java.util.concurrent.ThreadPoolExecutor$Worker.run(ThreadPoolExecutor.java:624)
at java.lang.Thread.run(Thread.java:748)
... Removed 10 stack frames]]>
    </failure>
  </testcase> <!-- testArequestAPI -->
  <testcase name="testArequestAPI" time="0.727" classname="com.ca.tds.main.TDSPreAreq_TC">
    <failure type="java.lang.AssertionError" message="Browser Flow:: ARes Validation Failed.Missing value at 4098 [character 16 line 109]&amp;lt;br&amp;gt; api response : null">
      <![CDATA[java.lang.AssertionError: Browser Flow:: ARes Validation Failed.Missing value at 4098 [character 16 line 109]<br> api response : null
at com.ca.tds.main.TDSPreAreq_TC.testArequestAPI(TDSPreAreq_TC.java:114)
at java.util.concurrent.ThreadPoolExecutor.runWorker(ThreadPoolExecutor.java:1149)
at java.util.concurrent.ThreadPoolExecutor$Worker.run(ThreadPoolExecutor.java:624)
at java.lang.Thread.run(Thread.java:748)
... Removed 10 stack frames]]>
    </failure>
  </testcase> <!-- testArequestAPI -->
  <testcase name="testArequestAPI" time="1.827" classname="com.ca.tds.main.TDSPreAreq_TC"/>
  <testcase name="testArequestAPI" time="4.294" classname="com.ca.tds.main.TDSPreAreq_TC"/>
  <testcase name="testArequestAPI" time="2.735" classname="com.ca.tds.main.TDSPreAreq_TC"/>
  <testcase name="testArequestAPI" time="0.671" classname="com.ca.tds.main.TDSPreAreq_TC">
    <failure type="java.lang.AssertionError" message="Browser Flow:: ARes Validation Failed.Missing value at 4098 [character 16 line 109]&amp;lt;br&amp;gt; api response : null">
      <![CDATA[java.lang.AssertionError: Browser Flow:: ARes Validation Failed.Missing value at 4098 [character 16 line 109]<br> api response : null
at com.ca.tds.main.TDSPreAreq_TC.testArequestAPI(TDSPreAreq_TC.java:114)
at java.util.concurrent.ThreadPoolExecutor.runWorker(ThreadPoolExecutor.java:1149)
at java.util.concurrent.ThreadPoolExecutor$Worker.run(ThreadPoolExecutor.java:624)
at java.lang.Thread.run(Thread.java:748)
... Removed 10 stack frames]]>
    </failure>
  </testcase> <!-- testArequestAPI -->
  <testcase name="testArequestAPI" time="4.653" classname="com.ca.tds.main.TDSPreAreq_TC">
    <failure type="java.lang.AssertionError" message="The following asserts failed:
	expected [203] but found [201]">
      <![CDATA[java.lang.AssertionError: The following asserts failed:
expected [203] but found [201]
at com.ca.tds.main.TDSPreAreq_TC.testArequestAPI(TDSPreAreq_TC.java:107)
at java.util.concurrent.ThreadPoolExecutor.runWorker(ThreadPoolExecutor.java:1149)
at java.util.concurrent.ThreadPoolExecutor$Worker.run(ThreadPoolExecutor.java:624)
at java.lang.Thread.run(Thread.java:748)
... Removed 10 stack frames]]>
    </failure>
  </testcase> <!-- testArequestAPI -->
  <testcase name="testArequestAPI" time="6.535" classname="com.ca.tds.main.TDSPreAreq_TC"/>
  <testcase name="testArequestAPI" time="1.396" classname="com.ca.tds.main.TDSPreAreq_TC"/>
  <testcase name="testArequestAPI" time="2.032" classname="com.ca.tds.main.TDSPreAreq_TC"/>
  <testcase name="testArequestAPI" time="1.778" classname="com.ca.tds.main.TDSPreAreq_TC"/>
  <testcase name="testArequestAPI" time="3.563" classname="com.ca.tds.main.TDSPreAreq_TC">
    <failure type="java.lang.AssertionError" message="The following asserts failed:
	expected [201] but found [203]">
      <![CDATA[java.lang.AssertionError: The following asserts failed:
expected [201] but found [203]
at com.ca.tds.main.TDSPreAreq_TC.testArequestAPI(TDSPreAreq_TC.java:107)
at java.util.concurrent.ThreadPoolExecutor.runWorker(ThreadPoolExecutor.java:1149)
at java.util.concurrent.ThreadPoolExecutor$Worker.run(ThreadPoolExecutor.java:624)
at java.lang.Thread.run(Thread.java:748)
... Removed 10 stack frames]]>
    </failure>
  </testcase> <!-- testArequestAPI -->
  <testcase name="testArequestAPI" time="3.592" classname="com.ca.tds.main.TDSPreAreq_TC"/>
  <testcase name="testArequestAPI" time="1.957" classname="com.ca.tds.main.TDSPreAreq_TC">
    <failure type="java.lang.AssertionError" message="Expected to Fail">
      <![CDATA[java.lang.AssertionError: Expected to Fail
at com.ca.tds.main.TDSPreAreq_TC.testArequestAPI(TDSPreAreq_TC.java:89)
at java.util.concurrent.ThreadPoolExecutor.runWorker(ThreadPoolExecutor.java:1149)
at java.util.concurrent.ThreadPoolExecutor$Worker.run(ThreadPoolExecutor.java:624)
at java.lang.Thread.run(Thread.java:748)
... Removed 10 stack frames]]>
    </failure>
  </testcase> <!-- testArequestAPI -->
  <testcase name="testArequestAPI" time="1.705" classname="com.ca.tds.main.TDSPreAreq_TC"/>
  <testcase name="testArequestAPI" time="3.524" classname="com.ca.tds.main.TDSPreAreq_TC"/>
  <testcase name="testArequestAPI" time="1.51" classname="com.ca.tds.main.TDSPreAreq_TC"/>
  <testcase name="testArequestAPI" time="3.285" classname="com.ca.tds.main.TDSPreAreq_TC"/>
  <testcase name="testArequestAPI" time="1.878" classname="com.ca.tds.main.TDSPreAreq_TC">
    <failure type="java.lang.AssertionError" message="Expected to Fail">
      <![CDATA[java.lang.AssertionError: Expected to Fail
at com.ca.tds.main.TDSPreAreq_TC.testArequestAPI(TDSPreAreq_TC.java:89)
at java.util.concurrent.ThreadPoolExecutor.runWorker(ThreadPoolExecutor.java:1149)
at java.util.concurrent.ThreadPoolExecutor$Worker.run(ThreadPoolExecutor.java:624)
at java.lang.Thread.run(Thread.java:748)
... Removed 10 stack frames]]>
    </failure>
  </testcase> <!-- testArequestAPI -->
  <testcase name="testArequestAPI" time="2.274" classname="com.ca.tds.main.TDSPreAreq_TC"/>
  <testcase name="testArequestAPI" time="6.72" classname="com.ca.tds.main.TDSPreAreq_TC"/>
  <testcase name="testArequestAPI" time="5.092" classname="com.ca.tds.main.TDSPreAreq_TC"/>
  <testcase name="testArequestAPI" time="5.016" classname="com.ca.tds.main.TDSPreAreq_TC">
    <failure type="java.lang.AssertionError" message="Expected to Fail">
      <![CDATA[java.lang.AssertionError: Expected to Fail
at com.ca.tds.main.TDSPreAreq_TC.testArequestAPI(TDSPreAreq_TC.java:89)
at java.util.concurrent.ThreadPoolExecutor.runWorker(ThreadPoolExecutor.java:1149)
at java.util.concurrent.ThreadPoolExecutor$Worker.run(ThreadPoolExecutor.java:624)
at java.lang.Thread.run(Thread.java:748)
... Removed 10 stack frames]]>
    </failure>
  </testcase> <!-- testArequestAPI -->
  <testcase name="testArequestAPI" time="2.902" classname="com.ca.tds.main.TDSPreAreq_TC">
    <failure type="java.lang.AssertionError" message="Expected to Fail">
      <![CDATA[java.lang.AssertionError: Expected to Fail
at com.ca.tds.main.TDSPreAreq_TC.testArequestAPI(TDSPreAreq_TC.java:89)
at java.util.concurrent.ThreadPoolExecutor.runWorker(ThreadPoolExecutor.java:1149)
at java.util.concurrent.ThreadPoolExecutor$Worker.run(ThreadPoolExecutor.java:624)
at java.lang.Thread.run(Thread.java:748)
... Removed 10 stack frames]]>
    </failure>
  </testcase> <!-- testArequestAPI -->
  <testcase name="testArequestAPI" time="1.511" classname="com.ca.tds.main.TDSPreAreq_TC">
    <failure type="java.lang.AssertionError" message="Expected to Fail">
      <![CDATA[java.lang.AssertionError: Expected to Fail
at com.ca.tds.main.TDSPreAreq_TC.testArequestAPI(TDSPreAreq_TC.java:89)
at java.util.concurrent.ThreadPoolExecutor.runWorker(ThreadPoolExecutor.java:1149)
at java.util.concurrent.ThreadPoolExecutor$Worker.run(ThreadPoolExecutor.java:624)
at java.lang.Thread.run(Thread.java:748)
... Removed 10 stack frames]]>
    </failure>
  </testcase> <!-- testArequestAPI -->
  <testcase name="testArequestAPI" time="3.608" classname="com.ca.tds.main.TDSPreAreq_TC">
    <failure type="java.lang.AssertionError" message="Expected to Fail">
      <![CDATA[java.lang.AssertionError: Expected to Fail
at com.ca.tds.main.TDSPreAreq_TC.testArequestAPI(TDSPreAreq_TC.java:89)
at java.util.concurrent.ThreadPoolExecutor.runWorker(ThreadPoolExecutor.java:1149)
at java.util.concurrent.ThreadPoolExecutor$Worker.run(ThreadPoolExecutor.java:624)
at java.lang.Thread.run(Thread.java:748)
... Removed 10 stack frames]]>
    </failure>
  </testcase> <!-- testArequestAPI -->
  <testcase name="testArequestAPI" time="2.338" classname="com.ca.tds.main.TDSPreAreq_TC">
    <failure type="java.lang.AssertionError" message="Expected to Fail">
      <![CDATA[java.lang.AssertionError: Expected to Fail
at com.ca.tds.main.TDSPreAreq_TC.testArequestAPI(TDSPreAreq_TC.java:89)
at java.util.concurrent.ThreadPoolExecutor.runWorker(ThreadPoolExecutor.java:1149)
at java.util.concurrent.ThreadPoolExecutor$Worker.run(ThreadPoolExecutor.java:624)
at java.lang.Thread.run(Thread.java:748)
... Removed 10 stack frames]]>
    </failure>
  </testcase> <!-- testArequestAPI -->
  <testcase name="testArequestAPI" time="3.808" classname="com.ca.tds.main.TDSPreAreq_TC">
    <failure type="java.lang.AssertionError" message="Expected to Fail">
      <![CDATA[java.lang.AssertionError: Expected to Fail
at com.ca.tds.main.TDSPreAreq_TC.testArequestAPI(TDSPreAreq_TC.java:89)
at java.util.concurrent.ThreadPoolExecutor.runWorker(ThreadPoolExecutor.java:1149)
at java.util.concurrent.ThreadPoolExecutor$Worker.run(ThreadPoolExecutor.java:624)
at java.lang.Thread.run(Thread.java:748)
... Removed 10 stack frames]]>
    </failure>
  </testcase> <!-- testArequestAPI -->
  <testcase name="testArequestAPI" time="1.991" classname="com.ca.tds.main.TDSPreAreq_TC">
    <failure type="java.lang.AssertionError" message="Expected to Fail">
      <![CDATA[java.lang.AssertionError: Expected to Fail
at com.ca.tds.main.TDSPreAreq_TC.testArequestAPI(TDSPreAreq_TC.java:89)
at java.util.concurrent.ThreadPoolExecutor.runWorker(ThreadPoolExecutor.java:1149)
at java.util.concurrent.ThreadPoolExecutor$Worker.run(ThreadPoolExecutor.java:624)
at java.lang.Thread.run(Thread.java:748)
... Removed 10 stack frames]]>
    </failure>
  </testcase> <!-- testArequestAPI -->
  <testcase name="testArequestAPI" time="2.519" classname="com.ca.tds.main.TDSPreAreq_TC">
    <failure type="java.lang.AssertionError" message="Expected to Fail">
      <![CDATA[java.lang.AssertionError: Expected to Fail
at com.ca.tds.main.TDSPreAreq_TC.testArequestAPI(TDSPreAreq_TC.java:89)
at java.util.concurrent.ThreadPoolExecutor.runWorker(ThreadPoolExecutor.java:1149)
at java.util.concurrent.ThreadPoolExecutor$Worker.run(ThreadPoolExecutor.java:624)
at java.lang.Thread.run(Thread.java:748)
... Removed 10 stack frames]]>
    </failure>
  </testcase> <!-- testArequestAPI -->
  <testcase name="testArequestAPI" time="7.184" classname="com.ca.tds.main.TDSPreAreq_TC">
    <failure type="java.lang.AssertionError" message="Expected to Fail">
      <![CDATA[java.lang.AssertionError: Expected to Fail
at com.ca.tds.main.TDSPreAreq_TC.testArequestAPI(TDSPreAreq_TC.java:89)
at java.util.concurrent.ThreadPoolExecutor.runWorker(ThreadPoolExecutor.java:1149)
at java.util.concurrent.ThreadPoolExecutor$Worker.run(ThreadPoolExecutor.java:624)
at java.lang.Thread.run(Thread.java:748)
... Removed 10 stack frames]]>
    </failure>
  </testcase> <!-- testArequestAPI -->
  <testcase name="testArequestAPI" time="7.748" classname="com.ca.tds.main.TDSPreAreq_TC">
    <failure type="java.lang.AssertionError" message="Expected to Fail">
      <![CDATA[java.lang.AssertionError: Expected to Fail
at com.ca.tds.main.TDSPreAreq_TC.testArequestAPI(TDSPreAreq_TC.java:89)
at java.util.concurrent.ThreadPoolExecutor.runWorker(ThreadPoolExecutor.java:1149)
at java.util.concurrent.ThreadPoolExecutor$Worker.run(ThreadPoolExecutor.java:624)
at java.lang.Thread.run(Thread.java:748)
... Removed 10 stack frames]]>
    </failure>
  </testcase> <!-- testArequestAPI -->
  <testcase name="testArequestAPI" time="20.087" classname="com.ca.tds.main.TDSPreAreq_TC">
    <failure type="java.lang.AssertionError" message="Expected to Fail">
      <![CDATA[java.lang.AssertionError: Expected to Fail
at com.ca.tds.main.TDSPreAreq_TC.testArequestAPI(TDSPreAreq_TC.java:89)
at java.util.concurrent.ThreadPoolExecutor.runWorker(ThreadPoolExecutor.java:1149)
at java.util.concurrent.ThreadPoolExecutor$Worker.run(ThreadPoolExecutor.java:624)
at java.lang.Thread.run(Thread.java:748)
... Removed 10 stack frames]]>
    </failure>
  </testcase> <!-- testArequestAPI -->
  <testcase name="testArequestAPI" time="1.715" classname="com.ca.tds.main.TDSPreAreq_TC">
    <failure type="java.lang.AssertionError" message="Expected to Fail">
      <![CDATA[java.lang.AssertionError: Expected to Fail
at com.ca.tds.main.TDSPreAreq_TC.testArequestAPI(TDSPreAreq_TC.java:89)
at java.util.concurrent.ThreadPoolExecutor.runWorker(ThreadPoolExecutor.java:1149)
at java.util.concurrent.ThreadPoolExecutor$Worker.run(ThreadPoolExecutor.java:624)
at java.lang.Thread.run(Thread.java:748)
... Removed 10 stack frames]]>
    </failure>
  </testcase> <!-- testArequestAPI -->
  <testcase name="testArequestAPI" time="2.252" classname="com.ca.tds.main.TDSPreAreq_TC">
    <failure type="java.lang.AssertionError" message="Expected to Fail">
      <![CDATA[java.lang.AssertionError: Expected to Fail
at com.ca.tds.main.TDSPreAreq_TC.testArequestAPI(TDSPreAreq_TC.java:89)
at java.util.concurrent.ThreadPoolExecutor.runWorker(ThreadPoolExecutor.java:1149)
at java.util.concurrent.ThreadPoolExecutor$Worker.run(ThreadPoolExecutor.java:624)
at java.lang.Thread.run(Thread.java:748)
... Removed 10 stack frames]]>
    </failure>
  </testcase> <!-- testArequestAPI -->
  <testcase name="testArequestAPI" time="4.709" classname="com.ca.tds.main.TDSPreAreq_TC"/>
  <testcase name="testArequestAPI" time="6.819" classname="com.ca.tds.main.TDSPreAreq_TC"/>
  <testcase name="testArequestAPI" time="2.671" classname="com.ca.tds.main.TDSPreAreq_TC">
    <failure type="java.lang.AssertionError" message="Expected to Fail">
      <![CDATA[java.lang.AssertionError: Expected to Fail
at com.ca.tds.main.TDSPreAreq_TC.testArequestAPI(TDSPreAreq_TC.java:89)
at java.util.concurrent.ThreadPoolExecutor.runWorker(ThreadPoolExecutor.java:1149)
at java.util.concurrent.ThreadPoolExecutor$Worker.run(ThreadPoolExecutor.java:624)
at java.lang.Thread.run(Thread.java:748)
... Removed 10 stack frames]]>
    </failure>
  </testcase> <!-- testArequestAPI -->
  <testcase name="testArequestAPI" time="3.746" classname="com.ca.tds.main.TDSPreAreq_TC">
    <failure type="java.lang.AssertionError" message="Expected to Fail">
      <![CDATA[java.lang.AssertionError: Expected to Fail
at com.ca.tds.main.TDSPreAreq_TC.testArequestAPI(TDSPreAreq_TC.java:89)
at java.util.concurrent.ThreadPoolExecutor.runWorker(ThreadPoolExecutor.java:1149)
at java.util.concurrent.ThreadPoolExecutor$Worker.run(ThreadPoolExecutor.java:624)
at java.lang.Thread.run(Thread.java:748)
... Removed 10 stack frames]]>
    </failure>
  </testcase> <!-- testArequestAPI -->
  <testcase name="testArequestAPI" time="2.906" classname="com.ca.tds.main.TDSPreAreq_TC"/>
  <testcase name="testArequestAPI" time="2.924" classname="com.ca.tds.main.TDSPreAreq_TC"/>
  <testcase name="testArequestAPI" time="1.235" classname="com.ca.tds.main.TDSPreAreq_TC">
    <failure type="java.lang.AssertionError" message="errorComponent : S, errorCode : 203, errorDescription : CA Merchant Server:: Invalid Format  for one of the  Element Found in the message , errorDetail : merchantRiskIndicator.deliveryEmailAddress, threeDSServerTransID : 09c90d42-59f0-4af7-bad8-272491d94342">
      <![CDATA[java.lang.AssertionError: errorComponent : S, errorCode : 203, errorDescription : CA Merchant Server:: Invalid Format  for one of the  Element Found in the message , errorDetail : merchantRiskIndicator.deliveryEmailAddress, threeDSServerTransID : 09c90d42-59f0-4af7-bad8-272491d94342
at com.ca.tds.main.TDSPreAreq_TC.testArequestAPI(TDSPreAreq_TC.java:81)
at java.util.concurrent.ThreadPoolExecutor.runWorker(ThreadPoolExecutor.java:1149)
at java.util.concurrent.ThreadPoolExecutor$Worker.run(ThreadPoolExecutor.java:624)
at java.lang.Thread.run(Thread.java:748)
... Removed 10 stack frames]]>
    </failure>
  </testcase> <!-- testArequestAPI -->
  <testcase name="testArequestAPI" time="1.964" classname="com.ca.tds.main.TDSPreAreq_TC"/>
  <testcase name="testArequestAPI" time="1.538" classname="com.ca.tds.main.TDSPreAreq_TC"/>
  <testcase name="testArequestAPI" time="1.798" classname="com.ca.tds.main.TDSPreAreq_TC"/>
  <testcase name="testArequestAPI" time="2.21" classname="com.ca.tds.main.TDSPreAreq_TC"/>
  <testcase name="testArequestAPI" time="1.546" classname="com.ca.tds.main.TDSPreAreq_TC"/>
  <testcase name="testArequestAPI" time="4.56" classname="com.ca.tds.main.TDSPreAreq_TC"/>
  <testcase name="testArequestAPI" time="3.397" classname="com.ca.tds.main.TDSPreAreq_TC">
    <failure type="java.lang.AssertionError" message="errorComponent : S, errorCode : 203, errorDescription : CA Merchant Server:: Invalid Format  for one of the  Element Found in the message , errorDetail : merchantRiskIndicator.deliveryTimeframe, threeDSServerTransID : 05dd96d4-eb4a-48e9-82b1-c4e6f8d586e8">
      <![CDATA[java.lang.AssertionError: errorComponent : S, errorCode : 203, errorDescription : CA Merchant Server:: Invalid Format  for one of the  Element Found in the message , errorDetail : merchantRiskIndicator.deliveryTimeframe, threeDSServerTransID : 05dd96d4-eb4a-48e9-82b1-c4e6f8d586e8
at com.ca.tds.main.TDSPreAreq_TC.testArequestAPI(TDSPreAreq_TC.java:81)
at java.util.concurrent.ThreadPoolExecutor.runWorker(ThreadPoolExecutor.java:1149)
at java.util.concurrent.ThreadPoolExecutor$Worker.run(ThreadPoolExecutor.java:624)
at java.lang.Thread.run(Thread.java:748)
... Removed 10 stack frames]]>
    </failure>
  </testcase> <!-- testArequestAPI -->
  <testcase name="testArequestAPI" time="3.818" classname="com.ca.tds.main.TDSPreAreq_TC"/>
  <testcase name="testArequestAPI" time="1.676" classname="com.ca.tds.main.TDSPreAreq_TC">
    <failure type="java.lang.AssertionError" message="errorComponent : S, errorCode : 203, errorDescription : CA Merchant Server:: Invalid Format  for one of the  Element Found in the message , errorDetail : merchantRiskIndicator.giftCardAmount, threeDSServerTransID : 1e885478-d908-4140-a11c-e5264255f414">
      <![CDATA[java.lang.AssertionError: errorComponent : S, errorCode : 203, errorDescription : CA Merchant Server:: Invalid Format  for one of the  Element Found in the message , errorDetail : merchantRiskIndicator.giftCardAmount, threeDSServerTransID : 1e885478-d908-4140-a11c-e5264255f414
at com.ca.tds.main.TDSPreAreq_TC.testArequestAPI(TDSPreAreq_TC.java:81)
at java.util.concurrent.ThreadPoolExecutor.runWorker(ThreadPoolExecutor.java:1149)
at java.util.concurrent.ThreadPoolExecutor$Worker.run(ThreadPoolExecutor.java:624)
at java.lang.Thread.run(Thread.java:748)
... Removed 10 stack frames]]>
    </failure>
  </testcase> <!-- testArequestAPI -->
  <testcase name="testArequestAPI" time="1.882" classname="com.ca.tds.main.TDSPreAreq_TC"/>
  <testcase name="testArequestAPI" time="4.424" classname="com.ca.tds.main.TDSPreAreq_TC"/>
  <testcase name="testArequestAPI" time="2.668" classname="com.ca.tds.main.TDSPreAreq_TC">
    <failure type="java.lang.AssertionError" message="errorComponent : S, errorCode : 203, errorDescription : CA Merchant Server:: Invalid Format  for one of the  Element Found in the message , errorDetail : merchantRiskIndicator.giftCardAmount, threeDSServerTransID : e2cc4e65-b9ee-4e40-99e3-bb1afd827189">
      <![CDATA[java.lang.AssertionError: errorComponent : S, errorCode : 203, errorDescription : CA Merchant Server:: Invalid Format  for one of the  Element Found in the message , errorDetail : merchantRiskIndicator.giftCardAmount, threeDSServerTransID : e2cc4e65-b9ee-4e40-99e3-bb1afd827189
at com.ca.tds.main.TDSPreAreq_TC.testArequestAPI(TDSPreAreq_TC.java:81)
at java.util.concurrent.ThreadPoolExecutor.runWorker(ThreadPoolExecutor.java:1149)
at java.util.concurrent.ThreadPoolExecutor$Worker.run(ThreadPoolExecutor.java:624)
at java.lang.Thread.run(Thread.java:748)
... Removed 10 stack frames]]>
    </failure>
  </testcase> <!-- testArequestAPI -->
  <testcase name="testArequestAPI" time="1.7" classname="com.ca.tds.main.TDSPreAreq_TC"/>
  <testcase name="testArequestAPI" time="2.444" classname="com.ca.tds.main.TDSPreAreq_TC"/>
  <testcase name="testArequestAPI" time="2.205" classname="com.ca.tds.main.TDSPreAreq_TC"/>
  <testcase name="testArequestAPI" time="3.155" classname="com.ca.tds.main.TDSPreAreq_TC"/>
  <testcase name="testArequestAPI" time="5.181" classname="com.ca.tds.main.TDSPreAreq_TC"/>
  <testcase name="testArequestAPI" time="3.11" classname="com.ca.tds.main.TDSPreAreq_TC"/>
  <testcase name="testArequestAPI" time="2.079" classname="com.ca.tds.main.TDSPreAreq_TC">
    <failure type="java.lang.AssertionError" message="errorComponent : S, errorCode : 203, errorDescription : CA Merchant Server:: Invalid Format  for one of the  Element Found in the message , errorDetail : merchantRiskIndicator.giftCardCount, threeDSServerTransID : d858ad50-0902-4308-95fd-d9193ccd9ee3">
      <![CDATA[java.lang.AssertionError: errorComponent : S, errorCode : 203, errorDescription : CA Merchant Server:: Invalid Format  for one of the  Element Found in the message , errorDetail : merchantRiskIndicator.giftCardCount, threeDSServerTransID : d858ad50-0902-4308-95fd-d9193ccd9ee3
at com.ca.tds.main.TDSPreAreq_TC.testArequestAPI(TDSPreAreq_TC.java:81)
at java.util.concurrent.ThreadPoolExecutor.runWorker(ThreadPoolExecutor.java:1149)
at java.util.concurrent.ThreadPoolExecutor$Worker.run(ThreadPoolExecutor.java:624)
at java.lang.Thread.run(Thread.java:748)
... Removed 10 stack frames]]>
    </failure>
  </testcase> <!-- testArequestAPI -->
  <testcase name="testArequestAPI" time="2.045" classname="com.ca.tds.main.TDSPreAreq_TC">
    <failure type="java.lang.AssertionError" message="The following asserts failed:
	expected [304] but found [203]">
      <![CDATA[java.lang.AssertionError: The following asserts failed:
expected [304] but found [203]
at com.ca.tds.main.TDSPreAreq_TC.testArequestAPI(TDSPreAreq_TC.java:107)
at java.util.concurrent.ThreadPoolExecutor.runWorker(ThreadPoolExecutor.java:1149)
at java.util.concurrent.ThreadPoolExecutor$Worker.run(ThreadPoolExecutor.java:624)
at java.lang.Thread.run(Thread.java:748)
... Removed 10 stack frames]]>
    </failure>
  </testcase> <!-- testArequestAPI -->
  <testcase name="testArequestAPI" time="10.513" classname="com.ca.tds.main.TDSPreAreq_TC">
    <failure type="java.lang.AssertionError" message="The following asserts failed:
	expected [304] but found [203]">
      <![CDATA[java.lang.AssertionError: The following asserts failed:
expected [304] but found [203]
at com.ca.tds.main.TDSPreAreq_TC.testArequestAPI(TDSPreAreq_TC.java:107)
at java.util.concurrent.ThreadPoolExecutor.runWorker(ThreadPoolExecutor.java:1149)
at java.util.concurrent.ThreadPoolExecutor$Worker.run(ThreadPoolExecutor.java:624)
at java.lang.Thread.run(Thread.java:748)
... Removed 10 stack frames]]>
    </failure>
  </testcase> <!-- testArequestAPI -->
  <testcase name="testArequestAPI" time="3.128" classname="com.ca.tds.main.TDSPreAreq_TC">
    <failure type="java.lang.AssertionError" message="The following asserts failed:
	expected [304] but found [203]">
      <![CDATA[java.lang.AssertionError: The following asserts failed:
expected [304] but found [203]
at com.ca.tds.main.TDSPreAreq_TC.testArequestAPI(TDSPreAreq_TC.java:107)
at java.util.concurrent.ThreadPoolExecutor.runWorker(ThreadPoolExecutor.java:1149)
at java.util.concurrent.ThreadPoolExecutor$Worker.run(ThreadPoolExecutor.java:624)
at java.lang.Thread.run(Thread.java:748)
... Removed 10 stack frames]]>
    </failure>
  </testcase> <!-- testArequestAPI -->
  <testcase name="testArequestAPI" time="1.502" classname="com.ca.tds.main.TDSPreAreq_TC">
    <failure type="java.lang.AssertionError" message="The following asserts failed:
	expected [304] but found [203]">
      <![CDATA[java.lang.AssertionError: The following asserts failed:
expected [304] but found [203]
at com.ca.tds.main.TDSPreAreq_TC.testArequestAPI(TDSPreAreq_TC.java:107)
at java.util.concurrent.ThreadPoolExecutor.runWorker(ThreadPoolExecutor.java:1149)
at java.util.concurrent.ThreadPoolExecutor$Worker.run(ThreadPoolExecutor.java:624)
at java.lang.Thread.run(Thread.java:748)
... Removed 10 stack frames]]>
    </failure>
  </testcase> <!-- testArequestAPI -->
  <testcase name="testArequestAPI" time="2.055" classname="com.ca.tds.main.TDSPreAreq_TC">
    <failure type="java.lang.AssertionError" message="The following asserts failed:
	expected [304] but found [203]">
      <![CDATA[java.lang.AssertionError: The following asserts failed:
expected [304] but found [203]
at com.ca.tds.main.TDSPreAreq_TC.testArequestAPI(TDSPreAreq_TC.java:107)
at java.util.concurrent.ThreadPoolExecutor.runWorker(ThreadPoolExecutor.java:1149)
at java.util.concurrent.ThreadPoolExecutor$Worker.run(ThreadPoolExecutor.java:624)
at java.lang.Thread.run(Thread.java:748)
... Removed 10 stack frames]]>
    </failure>
  </testcase> <!-- testArequestAPI -->
  <testcase name="testArequestAPI" time="2.33" classname="com.ca.tds.main.TDSPreAreq_TC">
    <failure type="java.lang.AssertionError" message="The following asserts failed:
	expected [304] but found [203]">
      <![CDATA[java.lang.AssertionError: The following asserts failed:
expected [304] but found [203]
at com.ca.tds.main.TDSPreAreq_TC.testArequestAPI(TDSPreAreq_TC.java:107)
at java.util.concurrent.ThreadPoolExecutor.runWorker(ThreadPoolExecutor.java:1149)
at java.util.concurrent.ThreadPoolExecutor$Worker.run(ThreadPoolExecutor.java:624)
at java.lang.Thread.run(Thread.java:748)
... Removed 10 stack frames]]>
    </failure>
  </testcase> <!-- testArequestAPI -->
  <testcase name="testArequestAPI" time="1.49" classname="com.ca.tds.main.TDSPreAreq_TC">
    <failure type="java.lang.AssertionError" message="The following asserts failed:
	expected [304] but found [203]">
      <![CDATA[java.lang.AssertionError: The following asserts failed:
expected [304] but found [203]
at com.ca.tds.main.TDSPreAreq_TC.testArequestAPI(TDSPreAreq_TC.java:107)
at java.util.concurrent.ThreadPoolExecutor.runWorker(ThreadPoolExecutor.java:1149)
at java.util.concurrent.ThreadPoolExecutor$Worker.run(ThreadPoolExecutor.java:624)
at java.lang.Thread.run(Thread.java:748)
... Removed 10 stack frames]]>
    </failure>
  </testcase> <!-- testArequestAPI -->
  <testcase name="testArequestAPI" time="3.478" classname="com.ca.tds.main.TDSPreAreq_TC">
    <failure type="java.lang.AssertionError" message="The following asserts failed:
	expected [304] but found [203]">
      <![CDATA[java.lang.AssertionError: The following asserts failed:
expected [304] but found [203]
at com.ca.tds.main.TDSPreAreq_TC.testArequestAPI(TDSPreAreq_TC.java:107)
at java.util.concurrent.ThreadPoolExecutor.runWorker(ThreadPoolExecutor.java:1149)
at java.util.concurrent.ThreadPoolExecutor$Worker.run(ThreadPoolExecutor.java:624)
at java.lang.Thread.run(Thread.java:748)
... Removed 10 stack frames]]>
    </failure>
  </testcase> <!-- testArequestAPI -->
  <testcase name="testArequestAPI" time="3.765" classname="com.ca.tds.main.TDSPreAreq_TC">
    <failure type="java.lang.AssertionError" message="The following asserts failed:
	expected [304] but found [203]">
      <![CDATA[java.lang.AssertionError: The following asserts failed:
expected [304] but found [203]
at com.ca.tds.main.TDSPreAreq_TC.testArequestAPI(TDSPreAreq_TC.java:107)
at java.util.concurrent.ThreadPoolExecutor.runWorker(ThreadPoolExecutor.java:1149)
at java.util.concurrent.ThreadPoolExecutor$Worker.run(ThreadPoolExecutor.java:624)
at java.lang.Thread.run(Thread.java:748)
... Removed 10 stack frames]]>
    </failure>
  </testcase> <!-- testArequestAPI -->
  <testcase name="testArequestAPI" time="3.367" classname="com.ca.tds.main.TDSPreAreq_TC">
    <failure type="java.lang.AssertionError" message="The following asserts failed:
	expected [304] but found [203]">
      <![CDATA[java.lang.AssertionError: The following asserts failed:
expected [304] but found [203]
at com.ca.tds.main.TDSPreAreq_TC.testArequestAPI(TDSPreAreq_TC.java:107)
at java.util.concurrent.ThreadPoolExecutor.runWorker(ThreadPoolExecutor.java:1149)
at java.util.concurrent.ThreadPoolExecutor$Worker.run(ThreadPoolExecutor.java:624)
at java.lang.Thread.run(Thread.java:748)
... Removed 10 stack frames]]>
    </failure>
  </testcase> <!-- testArequestAPI -->
  <testcase name="testArequestAPI" time="5.823" classname="com.ca.tds.main.TDSPreAreq_TC">
    <failure type="java.lang.AssertionError" message="The following asserts failed:
	expected [304] but found [203]">
      <![CDATA[java.lang.AssertionError: The following asserts failed:
expected [304] but found [203]
at com.ca.tds.main.TDSPreAreq_TC.testArequestAPI(TDSPreAreq_TC.java:107)
at java.util.concurrent.ThreadPoolExecutor.runWorker(ThreadPoolExecutor.java:1149)
at java.util.concurrent.ThreadPoolExecutor$Worker.run(ThreadPoolExecutor.java:624)
at java.lang.Thread.run(Thread.java:748)
... Removed 10 stack frames]]>
    </failure>
  </testcase> <!-- testArequestAPI -->
  <testcase name="testArequestAPI" time="4.693" classname="com.ca.tds.main.TDSPreAreq_TC">
    <failure type="java.lang.AssertionError" message="The following asserts failed:
	expected [304] but found [203]">
      <![CDATA[java.lang.AssertionError: The following asserts failed:
expected [304] but found [203]
at com.ca.tds.main.TDSPreAreq_TC.testArequestAPI(TDSPreAreq_TC.java:107)
at java.util.concurrent.ThreadPoolExecutor.runWorker(ThreadPoolExecutor.java:1149)
at java.util.concurrent.ThreadPoolExecutor$Worker.run(ThreadPoolExecutor.java:624)
at java.lang.Thread.run(Thread.java:748)
... Removed 10 stack frames]]>
    </failure>
  </testcase> <!-- testArequestAPI -->
  <testcase name="testArequestAPI" time="1.555" classname="com.ca.tds.main.TDSPreAreq_TC"/>
  <testcase name="testArequestAPI" time="2.168" classname="com.ca.tds.main.TDSPreAreq_TC">
    <failure type="java.lang.AssertionError" message="errorComponent : S, errorCode : 203, errorDescription : CA Merchant Server:: Invalid Format  for one of the  Element Found in the message , errorDetail : merchantRiskIndicator.preOrderDate, threeDSServerTransID : 1df231f4-2c96-4f6f-b38f-f0e90e930600">
      <![CDATA[java.lang.AssertionError: errorComponent : S, errorCode : 203, errorDescription : CA Merchant Server:: Invalid Format  for one of the  Element Found in the message , errorDetail : merchantRiskIndicator.preOrderDate, threeDSServerTransID : 1df231f4-2c96-4f6f-b38f-f0e90e930600
at com.ca.tds.main.TDSPreAreq_TC.testArequestAPI(TDSPreAreq_TC.java:81)
at java.util.concurrent.ThreadPoolExecutor.runWorker(ThreadPoolExecutor.java:1149)
at java.util.concurrent.ThreadPoolExecutor$Worker.run(ThreadPoolExecutor.java:624)
at java.lang.Thread.run(Thread.java:748)
... Removed 10 stack frames]]>
    </failure>
  </testcase> <!-- testArequestAPI -->
  <testcase name="testArequestAPI" time="4.541" classname="com.ca.tds.main.TDSPreAreq_TC">
    <failure type="java.lang.AssertionError" message="errorComponent : S, errorCode : 203, errorDescription : CA Merchant Server:: Invalid Format  for one of the  Element Found in the message , errorDetail : merchantRiskIndicator.preOrderDate, threeDSServerTransID : c526ca6c-dfd7-4459-81a4-35a554640c47">
      <![CDATA[java.lang.AssertionError: errorComponent : S, errorCode : 203, errorDescription : CA Merchant Server:: Invalid Format  for one of the  Element Found in the message , errorDetail : merchantRiskIndicator.preOrderDate, threeDSServerTransID : c526ca6c-dfd7-4459-81a4-35a554640c47
at com.ca.tds.main.TDSPreAreq_TC.testArequestAPI(TDSPreAreq_TC.java:81)
at java.util.concurrent.ThreadPoolExecutor.runWorker(ThreadPoolExecutor.java:1149)
at java.util.concurrent.ThreadPoolExecutor$Worker.run(ThreadPoolExecutor.java:624)
at java.lang.Thread.run(Thread.java:748)
... Removed 10 stack frames]]>
    </failure>
  </testcase> <!-- testArequestAPI -->
  <testcase name="testArequestAPI" time="8.064" classname="com.ca.tds.main.TDSPreAreq_TC"/>
  <testcase name="testArequestAPI" time="5.132" classname="com.ca.tds.main.TDSPreAreq_TC"/>
  <testcase name="testArequestAPI" time="1.926" classname="com.ca.tds.main.TDSPreAreq_TC">
    <failure type="java.lang.AssertionError" message="errorComponent : S, errorCode : 203, errorDescription : CA Merchant Server:: Invalid Format  for one of the  Element Found in the message , errorDetail : merchantRiskIndicator.preOrderDate, threeDSServerTransID : c321f60c-304a-446c-a00a-27f9887e6435">
      <![CDATA[java.lang.AssertionError: errorComponent : S, errorCode : 203, errorDescription : CA Merchant Server:: Invalid Format  for one of the  Element Found in the message , errorDetail : merchantRiskIndicator.preOrderDate, threeDSServerTransID : c321f60c-304a-446c-a00a-27f9887e6435
at com.ca.tds.main.TDSPreAreq_TC.testArequestAPI(TDSPreAreq_TC.java:81)
at java.util.concurrent.ThreadPoolExecutor.runWorker(ThreadPoolExecutor.java:1149)
at java.util.concurrent.ThreadPoolExecutor$Worker.run(ThreadPoolExecutor.java:624)
at java.lang.Thread.run(Thread.java:748)
... Removed 10 stack frames]]>
    </failure>
  </testcase> <!-- testArequestAPI -->
  <testcase name="testArequestAPI" time="3.506" classname="com.ca.tds.main.TDSPreAreq_TC"/>
  <testcase name="testArequestAPI" time="1.4" classname="com.ca.tds.main.TDSPreAreq_TC"/>
  <testcase name="testArequestAPI" time="3.748" classname="com.ca.tds.main.TDSPreAreq_TC"/>
  <testcase name="testArequestAPI" time="3.147" classname="com.ca.tds.main.TDSPreAreq_TC"/>
  <testcase name="testArequestAPI" time="3.671" classname="com.ca.tds.main.TDSPreAreq_TC">
    <failure type="java.lang.AssertionError" message="errorComponent : S, errorCode : 203, errorDescription : CA Merchant Server:: Invalid Format  for one of the  Element Found in the message , errorDetail : merchantRiskIndicator.preOrderPurchaseInd, threeDSServerTransID : e545db78-4b14-4832-a5fc-65d7bf656efe">
      <![CDATA[java.lang.AssertionError: errorComponent : S, errorCode : 203, errorDescription : CA Merchant Server:: Invalid Format  for one of the  Element Found in the message , errorDetail : merchantRiskIndicator.preOrderPurchaseInd, threeDSServerTransID : e545db78-4b14-4832-a5fc-65d7bf656efe
at com.ca.tds.main.TDSPreAreq_TC.testArequestAPI(TDSPreAreq_TC.java:81)
at java.util.concurrent.ThreadPoolExecutor.runWorker(ThreadPoolExecutor.java:1149)
at java.util.concurrent.ThreadPoolExecutor$Worker.run(ThreadPoolExecutor.java:624)
at java.lang.Thread.run(Thread.java:748)
... Removed 10 stack frames]]>
    </failure>
  </testcase> <!-- testArequestAPI -->
  <testcase name="testArequestAPI" time="1.398" classname="com.ca.tds.main.TDSPreAreq_TC"/>
  <testcase name="testArequestAPI" time="1.996" classname="com.ca.tds.main.TDSPreAreq_TC"/>
  <testcase name="testArequestAPI" time="5.286" classname="com.ca.tds.main.TDSPreAreq_TC"/>
  <testcase name="testArequestAPI" time="4.819" classname="com.ca.tds.main.TDSPreAreq_TC"/>
  <testcase name="testArequestAPI" time="6.606" classname="com.ca.tds.main.TDSPreAreq_TC">
    <failure type="java.lang.AssertionError" message="errorComponent : S, errorCode : 203, errorDescription : CA Merchant Server:: Invalid Format  for one of the  Element Found in the message , errorDetail : merchantRiskIndicator.reorderItemsInd, threeDSServerTransID : f33ba1c5-8ecd-428a-a3e8-3cf60dc4c8f7">
      <![CDATA[java.lang.AssertionError: errorComponent : S, errorCode : 203, errorDescription : CA Merchant Server:: Invalid Format  for one of the  Element Found in the message , errorDetail : merchantRiskIndicator.reorderItemsInd, threeDSServerTransID : f33ba1c5-8ecd-428a-a3e8-3cf60dc4c8f7
at com.ca.tds.main.TDSPreAreq_TC.testArequestAPI(TDSPreAreq_TC.java:81)
at java.util.concurrent.ThreadPoolExecutor.runWorker(ThreadPoolExecutor.java:1149)
at java.util.concurrent.ThreadPoolExecutor$Worker.run(ThreadPoolExecutor.java:624)
at java.lang.Thread.run(Thread.java:748)
... Removed 10 stack frames]]>
    </failure>
  </testcase> <!-- testArequestAPI -->
  <testcase name="testArequestAPI" time="5.002" classname="com.ca.tds.main.TDSPreAreq_TC"/>
  <testcase name="testArequestAPI" time="3.558" classname="com.ca.tds.main.TDSPreAreq_TC"/>
  <testcase name="testArequestAPI" time="9.497" classname="com.ca.tds.main.TDSPreAreq_TC"/>
  <testcase name="testArequestAPI" time="2.384" classname="com.ca.tds.main.TDSPreAreq_TC"/>
  <testcase name="testArequestAPI" time="5.843" classname="com.ca.tds.main.TDSPreAreq_TC"/>
  <testcase name="testArequestAPI" time="1.413" classname="com.ca.tds.main.TDSPreAreq_TC"/>
  <testcase name="testArequestAPI" time="2.129" classname="com.ca.tds.main.TDSPreAreq_TC"/>
  <testcase name="testArequestAPI" time="1.662" classname="com.ca.tds.main.TDSPreAreq_TC"/>
  <testcase name="testArequestAPI" time="2.607" classname="com.ca.tds.main.TDSPreAreq_TC"/>
  <testcase name="testArequestAPI" time="6.456" classname="com.ca.tds.main.TDSPreAreq_TC"/>
  <testcase name="testArequestAPI" time="7.093" classname="com.ca.tds.main.TDSPreAreq_TC"/>
  <testcase name="testArequestAPI" time="1.447" classname="com.ca.tds.main.TDSPreAreq_TC"/>
  <testcase name="testArequestAPI" time="2.42" classname="com.ca.tds.main.TDSPreAreq_TC">
    <failure type="java.lang.AssertionError" message="The following asserts failed:
	expected [201] but found [203]">
      <![CDATA[java.lang.AssertionError: The following asserts failed:
expected [201] but found [203]
at com.ca.tds.main.TDSPreAreq_TC.testArequestAPI(TDSPreAreq_TC.java:107)
at java.util.concurrent.ThreadPoolExecutor.runWorker(ThreadPoolExecutor.java:1149)
at java.util.concurrent.ThreadPoolExecutor$Worker.run(ThreadPoolExecutor.java:624)
at java.lang.Thread.run(Thread.java:748)
... Removed 10 stack frames]]>
    </failure>
  </testcase> <!-- testArequestAPI -->
  <testcase name="testArequestAPI" time="2.219" classname="com.ca.tds.main.TDSPreAreq_TC">
    <failure type="java.lang.AssertionError" message="errorComponent : S, errorCode : 203, errorDescription : CA Merchant Server:: Invalid Format  for one of the  Element Found in the message , errorDetail : messageExtension.criticalityIndicator, threeDSServerTransID : 723d3826-fb44-4b87-b3ed-a14176d9d037">
      <![CDATA[java.lang.AssertionError: errorComponent : S, errorCode : 203, errorDescription : CA Merchant Server:: Invalid Format  for one of the  Element Found in the message , errorDetail : messageExtension.criticalityIndicator, threeDSServerTransID : 723d3826-fb44-4b87-b3ed-a14176d9d037
at com.ca.tds.main.TDSPreAreq_TC.testArequestAPI(TDSPreAreq_TC.java:81)
at java.util.concurrent.ThreadPoolExecutor.runWorker(ThreadPoolExecutor.java:1149)
at java.util.concurrent.ThreadPoolExecutor$Worker.run(ThreadPoolExecutor.java:624)
at java.lang.Thread.run(Thread.java:748)
... Removed 10 stack frames]]>
    </failure>
  </testcase> <!-- testArequestAPI -->
  <testcase name="testArequestAPI" time="1.329" classname="com.ca.tds.main.TDSPreAreq_TC"/>
  <testcase name="testArequestAPI" time="1.814" classname="com.ca.tds.main.TDSPreAreq_TC"/>
  <testcase name="testArequestAPI" time="1.764" classname="com.ca.tds.main.TDSPreAreq_TC"/>
  <testcase name="testArequestAPI" time="2.203" classname="com.ca.tds.main.TDSPreAreq_TC"/>
  <testcase name="testArequestAPI" time="2.554" classname="com.ca.tds.main.TDSPreAreq_TC"/>
  <testcase name="testArequestAPI" time="2.535" classname="com.ca.tds.main.TDSPreAreq_TC"/>
  <testcase name="testArequestAPI" time="4.119" classname="com.ca.tds.main.TDSPreAreq_TC"/>
  <testcase name="testArequestAPI" time="1.726" classname="com.ca.tds.main.TDSPreAreq_TC"/>
  <testcase name="testArequestAPI" time="1.719" classname="com.ca.tds.main.TDSPreAreq_TC"/>
  <testcase name="testArequestAPI" time="4.3" classname="com.ca.tds.main.TDSPreAreq_TC"/>
  <testcase name="testArequestAPI" time="4.267" classname="com.ca.tds.main.TDSPreAreq_TC"/>
  <testcase name="testArequestAPI" time="3.983" classname="com.ca.tds.main.TDSPreAreq_TC"/>
  <testcase name="testArequestAPI" time="5.094" classname="com.ca.tds.main.TDSPreAreq_TC"/>
  <testcase name="testArequestAPI" time="2.95" classname="com.ca.tds.main.TDSPreAreq_TC"/>
  <testcase name="testArequestAPI" time="1.821" classname="com.ca.tds.main.TDSPreAreq_TC"/>
  <testcase name="testArequestAPI" time="1.61" classname="com.ca.tds.main.TDSPreAreq_TC"/>
  <testcase name="testArequestAPI" time="2.123" classname="com.ca.tds.main.TDSPreAreq_TC"/>
  <testcase name="testArequestAPI" time="4.755" classname="com.ca.tds.main.TDSPreAreq_TC"/>
  <testcase name="testArequestAPI" time="3.66" classname="com.ca.tds.main.TDSPreAreq_TC">
    <failure type="java.lang.AssertionError" message="The following asserts failed:
	expected [201] but found [203]">
      <![CDATA[java.lang.AssertionError: The following asserts failed:
expected [201] but found [203]
at com.ca.tds.main.TDSPreAreq_TC.testArequestAPI(TDSPreAreq_TC.java:107)
at java.util.concurrent.ThreadPoolExecutor.runWorker(ThreadPoolExecutor.java:1149)
at java.util.concurrent.ThreadPoolExecutor$Worker.run(ThreadPoolExecutor.java:624)
at java.lang.Thread.run(Thread.java:748)
... Removed 10 stack frames]]>
    </failure>
  </testcase> <!-- testArequestAPI -->
  <testcase name="testArequestAPI" time="3.558" classname="com.ca.tds.main.TDSPreAreq_TC"/>
  <testcase name="testArequestAPI" time="3.34" classname="com.ca.tds.main.TDSPreAreq_TC"/>
  <testcase name="testArequestAPI" time="3.726" classname="com.ca.tds.main.TDSPreAreq_TC"/>
  <testcase name="testArequestAPI" time="4.113" classname="com.ca.tds.main.TDSPreAreq_TC">
    <failure type="java.lang.AssertionError" message="Expected to Fail">
      <![CDATA[java.lang.AssertionError: Expected to Fail
at com.ca.tds.main.TDSPreAreq_TC.testArequestAPI(TDSPreAreq_TC.java:89)
at java.util.concurrent.ThreadPoolExecutor.runWorker(ThreadPoolExecutor.java:1149)
at java.util.concurrent.ThreadPoolExecutor$Worker.run(ThreadPoolExecutor.java:624)
at java.lang.Thread.run(Thread.java:748)
... Removed 10 stack frames]]>
    </failure>
  </testcase> <!-- testArequestAPI -->
  <testcase name="testArequestAPI" time="3.573" classname="com.ca.tds.main.TDSPreAreq_TC"/>
  <testcase name="testArequestAPI" time="3.755" classname="com.ca.tds.main.TDSPreAreq_TC"/>
  <testcase name="testArequestAPI" time="5.273" classname="com.ca.tds.main.TDSPreAreq_TC"/>
  <testcase name="testArequestAPI" time="5.115" classname="com.ca.tds.main.TDSPreAreq_TC"/>
  <testcase name="testArequestAPI" time="10.902" classname="com.ca.tds.main.TDSPreAreq_TC"/>
  <testcase name="testArequestAPI" time="10.516" classname="com.ca.tds.main.TDSPreAreq_TC"/>
  <testcase name="testArequestAPI" time="0.788" classname="com.ca.tds.main.TDSPreAreq_TC">
    <failure type="java.lang.AssertionError" message="Browser Flow:: ARes Validation Failed.Missing value at 2006 [character 26 line 52]&amp;lt;br&amp;gt; api response : null">
      <![CDATA[java.lang.AssertionError: Browser Flow:: ARes Validation Failed.Missing value at 2006 [character 26 line 52]<br> api response : null
at com.ca.tds.main.TDSPreAreq_TC.testArequestAPI(TDSPreAreq_TC.java:114)
at java.util.concurrent.ThreadPoolExecutor.runWorker(ThreadPoolExecutor.java:1149)
at java.util.concurrent.ThreadPoolExecutor$Worker.run(ThreadPoolExecutor.java:624)
at java.lang.Thread.run(Thread.java:748)
... Removed 10 stack frames]]>
    </failure>
  </testcase> <!-- testArequestAPI -->
  <testcase name="testArequestAPI" time="6.008" classname="com.ca.tds.main.TDSPreAreq_TC"/>
  <testcase name="testArequestAPI" time="1.853" classname="com.ca.tds.main.TDSPreAreq_TC"/>
  <testcase name="testArequestAPI" time="4.736" classname="com.ca.tds.main.TDSPreAreq_TC"/>
  <testcase name="testArequestAPI" time="2.287" classname="com.ca.tds.main.TDSPreAreq_TC"/>
  <testcase name="testArequestAPI" time="8.122" classname="com.ca.tds.main.TDSPreAreq_TC"/>
  <testcase name="testArequestAPI" time="1.768" classname="com.ca.tds.main.TDSPreAreq_TC"/>
  <testcase name="testArequestAPI" time="3.622" classname="com.ca.tds.main.TDSPreAreq_TC">
    <failure type="java.lang.AssertionError" message="Expected to Fail">
      <![CDATA[java.lang.AssertionError: Expected to Fail
at com.ca.tds.main.TDSPreAreq_TC.testArequestAPI(TDSPreAreq_TC.java:89)
at java.util.concurrent.ThreadPoolExecutor.runWorker(ThreadPoolExecutor.java:1149)
at java.util.concurrent.ThreadPoolExecutor$Worker.run(ThreadPoolExecutor.java:624)
at java.lang.Thread.run(Thread.java:748)
... Removed 10 stack frames]]>
    </failure>
  </testcase> <!-- testArequestAPI -->
  <testcase name="testArequestAPI" time="2.914" classname="com.ca.tds.main.TDSPreAreq_TC"/>
  <testcase name="testArequestAPI" time="4.893" classname="com.ca.tds.main.TDSPreAreq_TC"/>
  <testcase name="testArequestAPI" time="2.518" classname="com.ca.tds.main.TDSPreAreq_TC">
    <failure type="java.lang.AssertionError" message="ARes response json schema validation failed.&amp;lt;br&amp;gt;2 schema violations found&amp;lt;br&amp;gt; api response : {&amp;quot;errorComponent&amp;quot;:&amp;quot;S&amp;quot;,&amp;quot;errorDescription&amp;quot;:&amp;quot;MessageType field missing&amp;quot;,&amp;quot;messageType&amp;quot;:&amp;quot;Erro&amp;quot;,&amp;quot;errorCode&amp;quot;:&amp;quot;201&amp;quot;,&amp;quot;errorDetail&amp;quot;:&amp;quot;MessageType field missing&amp;quot;,&amp;quot;messageVersion&amp;quot;:&amp;quot;2.1.0&amp;quot;}">
      <![CDATA[java.lang.AssertionError: ARes response json schema validation failed.<br>2 schema violations found<br> api response : {"errorComponent":"S","errorDescription":"MessageType field missing","messageType":"Erro","errorCode":"201","errorDetail":"MessageType field missing","messageVersion":"2.1.0"}
at com.ca.tds.main.TDSPreAreq_TC.testArequestAPI(TDSPreAreq_TC.java:111)
at java.util.concurrent.ThreadPoolExecutor.runWorker(ThreadPoolExecutor.java:1149)
at java.util.concurrent.ThreadPoolExecutor$Worker.run(ThreadPoolExecutor.java:624)
at java.lang.Thread.run(Thread.java:748)
... Removed 10 stack frames]]>
    </failure>
  </testcase> <!-- testArequestAPI -->
  <testcase name="testArequestAPI" time="3.6" classname="com.ca.tds.main.TDSPreAreq_TC"/>
  <testcase name="testArequestAPI" time="5.357" classname="com.ca.tds.main.TDSPreAreq_TC"/>
  <testcase name="testArequestAPI" time="3.376" classname="com.ca.tds.main.TDSPreAreq_TC"/>
  <testcase name="testArequestAPI" time="4.478" classname="com.ca.tds.main.TDSPreAreq_TC"/>
  <testcase name="testArequestAPI" time="2.997" classname="com.ca.tds.main.TDSPreAreq_TC"/>
  <testcase name="testArequestAPI" time="3.536" classname="com.ca.tds.main.TDSPreAreq_TC"/>
  <testcase name="testArequestAPI" time="3.91" classname="com.ca.tds.main.TDSPreAreq_TC"/>
  <testcase name="testArequestAPI" time="0.686" classname="com.ca.tds.main.TDSPreAreq_TC">
    <failure type="java.lang.AssertionError" message="Browser Flow:: ARes Validation Failed.Unterminated string at 1539 [character 0 line 9]&amp;lt;br&amp;gt; api response : null">
      <![CDATA[java.lang.AssertionError: Browser Flow:: ARes Validation Failed.Unterminated string at 1539 [character 0 line 9]<br> api response : null
at com.ca.tds.main.TDSPreAreq_TC.testArequestAPI(TDSPreAreq_TC.java:114)
at java.util.concurrent.ThreadPoolExecutor.runWorker(ThreadPoolExecutor.java:1149)
at java.util.concurrent.ThreadPoolExecutor$Worker.run(ThreadPoolExecutor.java:624)
at java.lang.Thread.run(Thread.java:748)
... Removed 10 stack frames]]>
    </failure>
  </testcase> <!-- testArequestAPI -->
  <testcase name="testArequestAPI" time="0.663" classname="com.ca.tds.main.TDSPreAreq_TC">
    <failure type="java.lang.AssertionError" message="Browser Flow:: ARes Validation Failed.Unterminated string at 1517 [character 0 line 9]&amp;lt;br&amp;gt; api response : null">
      <![CDATA[java.lang.AssertionError: Browser Flow:: ARes Validation Failed.Unterminated string at 1517 [character 0 line 9]<br> api response : null
at com.ca.tds.main.TDSPreAreq_TC.testArequestAPI(TDSPreAreq_TC.java:114)
at java.util.concurrent.ThreadPoolExecutor.runWorker(ThreadPoolExecutor.java:1149)
at java.util.concurrent.ThreadPoolExecutor$Worker.run(ThreadPoolExecutor.java:624)
at java.lang.Thread.run(Thread.java:748)
... Removed 10 stack frames]]>
    </failure>
  </testcase> <!-- testArequestAPI -->
  <testcase name="testArequestAPI" time="1.667" classname="com.ca.tds.main.TDSPreAreq_TC"/>
  <testcase name="testArequestAPI" time="3.19" classname="com.ca.tds.main.TDSPreAreq_TC"/>
  <testcase name="testArequestAPI" time="4.438" classname="com.ca.tds.main.TDSPreAreq_TC"/>
  <testcase name="testArequestAPI" time="3.662" classname="com.ca.tds.main.TDSPreAreq_TC"/>
  <testcase name="testArequestAPI" time="1.691" classname="com.ca.tds.main.TDSPreAreq_TC"/>
  <testcase name="testArequestAPI" time="4.178" classname="com.ca.tds.main.TDSPreAreq_TC"/>
  <testcase name="testArequestAPI" time="3.421" classname="com.ca.tds.main.TDSPreAreq_TC">
    <failure type="java.lang.AssertionError" message="The following asserts failed:
	expected [201] but found [203]">
      <![CDATA[java.lang.AssertionError: The following asserts failed:
expected [201] but found [203]
at com.ca.tds.main.TDSPreAreq_TC.testArequestAPI(TDSPreAreq_TC.java:107)
at java.util.concurrent.ThreadPoolExecutor.runWorker(ThreadPoolExecutor.java:1149)
at java.util.concurrent.ThreadPoolExecutor$Worker.run(ThreadPoolExecutor.java:624)
at java.lang.Thread.run(Thread.java:748)
... Removed 10 stack frames]]>
    </failure>
  </testcase> <!-- testArequestAPI -->
  <testcase name="testArequestAPI" time="5.682" classname="com.ca.tds.main.TDSPreAreq_TC"/>
  <testcase name="testArequestAPI" time="19.444" classname="com.ca.tds.main.TDSPreAreq_TC"/>
  <testcase name="testArequestAPI" time="9.788" classname="com.ca.tds.main.TDSPreAreq_TC"/>
  <testcase name="testArequestAPI" time="4.088" classname="com.ca.tds.main.TDSPreAreq_TC"/>
  <testcase name="testArequestAPI" time="3.625" classname="com.ca.tds.main.TDSPreAreq_TC"/>
  <testcase name="testArequestAPI" time="4.149" classname="com.ca.tds.main.TDSPreAreq_TC"/>
  <testcase name="testArequestAPI" time="3.787" classname="com.ca.tds.main.TDSPreAreq_TC">
    <failure type="java.lang.AssertionError" message="The following asserts failed:
	expected [201] but found [203]">
      <![CDATA[java.lang.AssertionError: The following asserts failed:
expected [201] but found [203]
at com.ca.tds.main.TDSPreAreq_TC.testArequestAPI(TDSPreAreq_TC.java:107)
at java.util.concurrent.ThreadPoolExecutor.runWorker(ThreadPoolExecutor.java:1149)
at java.util.concurrent.ThreadPoolExecutor$Worker.run(ThreadPoolExecutor.java:624)
at java.lang.Thread.run(Thread.java:748)
... Removed 10 stack frames]]>
    </failure>
  </testcase> <!-- testArequestAPI -->
  <testcase name="testArequestAPI" time="4.615" classname="com.ca.tds.main.TDSPreAreq_TC"/>
  <testcase name="testArequestAPI" time="5.011" classname="com.ca.tds.main.TDSPreAreq_TC"/>
  <testcase name="testArequestAPI" time="2.433" classname="com.ca.tds.main.TDSPreAreq_TC">
    <failure type="java.lang.AssertionError" message="The following asserts failed:
	expected [201] but found [203]">
      <![CDATA[java.lang.AssertionError: The following asserts failed:
expected [201] but found [203]
at com.ca.tds.main.TDSPreAreq_TC.testArequestAPI(TDSPreAreq_TC.java:107)
at java.util.concurrent.ThreadPoolExecutor.runWorker(ThreadPoolExecutor.java:1149)
at java.util.concurrent.ThreadPoolExecutor$Worker.run(ThreadPoolExecutor.java:624)
at java.lang.Thread.run(Thread.java:748)
... Removed 10 stack frames]]>
    </failure>
  </testcase> <!-- testArequestAPI -->
  <testcase name="testArequestAPI" time="3.832" classname="com.ca.tds.main.TDSPreAreq_TC"/>
  <testcase name="testArequestAPI" time="4.591" classname="com.ca.tds.main.TDSPreAreq_TC"/>
  <testcase name="testArequestAPI" time="3.335" classname="com.ca.tds.main.TDSPreAreq_TC"/>
  <testcase name="testArequestAPI" time="3.377" classname="com.ca.tds.main.TDSPreAreq_TC"/>
  <testcase name="testArequestAPI" time="3.941" classname="com.ca.tds.main.TDSPreAreq_TC">
    <failure type="java.lang.AssertionError" message="Expected to Fail">
      <![CDATA[java.lang.AssertionError: Expected to Fail
at com.ca.tds.main.TDSPreAreq_TC.testArequestAPI(TDSPreAreq_TC.java:89)
at java.util.concurrent.ThreadPoolExecutor.runWorker(ThreadPoolExecutor.java:1149)
at java.util.concurrent.ThreadPoolExecutor$Worker.run(ThreadPoolExecutor.java:624)
at java.lang.Thread.run(Thread.java:748)
... Removed 10 stack frames]]>
    </failure>
  </testcase> <!-- testArequestAPI -->
  <testcase name="testArequestAPI" time="3.063" classname="com.ca.tds.main.TDSPreAreq_TC"/>
  <testcase name="testArequestAPI" time="3.083" classname="com.ca.tds.main.TDSPreAreq_TC"/>
  <testcase name="testArequestAPI" time="1.703" classname="com.ca.tds.main.TDSPreAreq_TC"/>
  <testcase name="testArequestAPI" time="3.788" classname="com.ca.tds.main.TDSPreAreq_TC"/>
  <testcase name="testArequestAPI" time="7.06" classname="com.ca.tds.main.TDSPreAreq_TC"/>
  <testcase name="testArequestAPI" time="2.378" classname="com.ca.tds.main.TDSPreAreq_TC"/>
  <testcase name="testArequestAPI" time="3.403" classname="com.ca.tds.main.TDSPreAreq_TC"/>
  <testcase name="testArequestAPI" time="2.52" classname="com.ca.tds.main.TDSPreAreq_TC">
    <failure type="java.lang.AssertionError" message="Expected to Fail">
      <![CDATA[java.lang.AssertionError: Expected to Fail
at com.ca.tds.main.TDSPreAreq_TC.testArequestAPI(TDSPreAreq_TC.java:89)
at java.util.concurrent.ThreadPoolExecutor.runWorker(ThreadPoolExecutor.java:1149)
at java.util.concurrent.ThreadPoolExecutor$Worker.run(ThreadPoolExecutor.java:624)
at java.lang.Thread.run(Thread.java:748)
... Removed 10 stack frames]]>
    </failure>
  </testcase> <!-- testArequestAPI -->
  <testcase name="testArequestAPI" time="2.533" classname="com.ca.tds.main.TDSPreAreq_TC"/>
  <testcase name="testArequestAPI" time="2.585" classname="com.ca.tds.main.TDSPreAreq_TC">
    <failure type="java.lang.AssertionError" message="The following asserts failed:
	expected [201] but found [303]">
      <![CDATA[java.lang.AssertionError: The following asserts failed:
expected [201] but found [303]
at com.ca.tds.main.TDSPreAreq_TC.testArequestAPI(TDSPreAreq_TC.java:107)
at java.util.concurrent.ThreadPoolExecutor.runWorker(ThreadPoolExecutor.java:1149)
at java.util.concurrent.ThreadPoolExecutor$Worker.run(ThreadPoolExecutor.java:624)
at java.lang.Thread.run(Thread.java:748)
... Removed 10 stack frames]]>
    </failure>
  </testcase> <!-- testArequestAPI -->
  <testcase name="testArequestAPI" time="2.384" classname="com.ca.tds.main.TDSPreAreq_TC">
    <failure type="java.lang.AssertionError" message="The following asserts failed:
	expected [203] but found [303]">
      <![CDATA[java.lang.AssertionError: The following asserts failed:
expected [203] but found [303]
at com.ca.tds.main.TDSPreAreq_TC.testArequestAPI(TDSPreAreq_TC.java:107)
at java.util.concurrent.ThreadPoolExecutor.runWorker(ThreadPoolExecutor.java:1149)
at java.util.concurrent.ThreadPoolExecutor$Worker.run(ThreadPoolExecutor.java:624)
at java.lang.Thread.run(Thread.java:748)
... Removed 10 stack frames]]>
    </failure>
  </testcase> <!-- testArequestAPI -->
  <testcase name="testArequestAPI" time="3.016" classname="com.ca.tds.main.TDSPreAreq_TC">
    <failure type="java.lang.AssertionError" message="The following asserts failed:
	expected [203] but found [303]">
      <![CDATA[java.lang.AssertionError: The following asserts failed:
expected [203] but found [303]
at com.ca.tds.main.TDSPreAreq_TC.testArequestAPI(TDSPreAreq_TC.java:107)
at java.util.concurrent.ThreadPoolExecutor.runWorker(ThreadPoolExecutor.java:1149)
at java.util.concurrent.ThreadPoolExecutor$Worker.run(ThreadPoolExecutor.java:624)
at java.lang.Thread.run(Thread.java:748)
... Removed 10 stack frames]]>
    </failure>
  </testcase> <!-- testArequestAPI -->
  <testcase name="testArequestAPI" time="2.463" classname="com.ca.tds.main.TDSPreAreq_TC"/>
  <testcase name="testArequestAPI" time="2.383" classname="com.ca.tds.main.TDSPreAreq_TC">
    <failure type="java.lang.AssertionError" message="ARes response json schema validation failed.&amp;lt;br&amp;gt;required key [threeDSServerTransID] not found&amp;lt;br&amp;gt; api response : {&amp;quot;errorComponent&amp;quot;:&amp;quot;S&amp;quot;,&amp;quot;errorDescription&amp;quot;:&amp;quot;CA Merchant Server:: Invalid Format  for one of the  Element Found in the message &amp;quot;,&amp;quot;messageType&amp;quot;:&amp;quot;Erro&amp;quot;,&amp;quot;errorCode&amp;quot;:&amp;quot;203&amp;quot;,&amp;quot;errorDetail&amp;quot;:&amp;quot;callerTxnRefID,threeDSServerTransID&amp;quot;,&amp;quot;errorMessageType&amp;quot;:&amp;quot;AReq&amp;quot;,&amp;quot;messageVersion&amp;quot;:&amp;quot;2.1.0&amp;quot;}">
      <![CDATA[java.lang.AssertionError: ARes response json schema validation failed.<br>required key [threeDSServerTransID] not found<br> api response : {"errorComponent":"S","errorDescription":"CA Merchant Server:: Invalid Format  for one of the  Element Found in the message ","messageType":"Erro","errorCode":"203","errorDetail":"callerTxnRefID,threeDSServerTransID","errorMessageType":"AReq","messageVersion":"2.1.0"}
at com.ca.tds.main.TDSPreAreq_TC.testArequestAPI(TDSPreAreq_TC.java:111)
at java.util.concurrent.ThreadPoolExecutor.runWorker(ThreadPoolExecutor.java:1149)
at java.util.concurrent.ThreadPoolExecutor$Worker.run(ThreadPoolExecutor.java:624)
at java.lang.Thread.run(Thread.java:748)
... Removed 10 stack frames]]>
    </failure>
  </testcase> <!-- testArequestAPI -->
  <testcase name="testArequestAPI" time="3.028" classname="com.ca.tds.main.TDSPreAreq_TC">
    <failure type="java.lang.AssertionError" message="ARes response json schema validation failed.&amp;lt;br&amp;gt;required key [threeDSServerTransID] not found&amp;lt;br&amp;gt; api response : {&amp;quot;errorComponent&amp;quot;:&amp;quot;S&amp;quot;,&amp;quot;errorDescription&amp;quot;:&amp;quot;CA Merchant Server:: Invalid Format  for one of the  Element Found in the message &amp;quot;,&amp;quot;messageType&amp;quot;:&amp;quot;Erro&amp;quot;,&amp;quot;errorCode&amp;quot;:&amp;quot;203&amp;quot;,&amp;quot;errorDetail&amp;quot;:&amp;quot;callerTxnRefID,threeDSServerTransID&amp;quot;,&amp;quot;errorMessageType&amp;quot;:&amp;quot;AReq&amp;quot;,&amp;quot;messageVersion&amp;quot;:&amp;quot;2.1.0&amp;quot;}">
      <![CDATA[java.lang.AssertionError: ARes response json schema validation failed.<br>required key [threeDSServerTransID] not found<br> api response : {"errorComponent":"S","errorDescription":"CA Merchant Server:: Invalid Format  for one of the  Element Found in the message ","messageType":"Erro","errorCode":"203","errorDetail":"callerTxnRefID,threeDSServerTransID","errorMessageType":"AReq","messageVersion":"2.1.0"}
at com.ca.tds.main.TDSPreAreq_TC.testArequestAPI(TDSPreAreq_TC.java:111)
at java.util.concurrent.ThreadPoolExecutor.runWorker(ThreadPoolExecutor.java:1149)
at java.util.concurrent.ThreadPoolExecutor$Worker.run(ThreadPoolExecutor.java:624)
at java.lang.Thread.run(Thread.java:748)
... Removed 10 stack frames]]>
    </failure>
  </testcase> <!-- testArequestAPI -->
  <testcase name="testArequestAPI" time="3.982" classname="com.ca.tds.main.TDSPreAreq_TC">
    <failure type="java.lang.AssertionError" message="ARes response json schema validation failed.&amp;lt;br&amp;gt;required key [threeDSServerTransID] not found&amp;lt;br&amp;gt; api response : {&amp;quot;errorComponent&amp;quot;:&amp;quot;S&amp;quot;,&amp;quot;errorDescription&amp;quot;:&amp;quot;CA Merchant Server:: Invalid Format  for one of the  Element Found in the message &amp;quot;,&amp;quot;messageType&amp;quot;:&amp;quot;Erro&amp;quot;,&amp;quot;errorCode&amp;quot;:&amp;quot;203&amp;quot;,&amp;quot;errorDetail&amp;quot;:&amp;quot;callerTxnRefID,threeDSServerTransID&amp;quot;,&amp;quot;errorMessageType&amp;quot;:&amp;quot;AReq&amp;quot;,&amp;quot;messageVersion&amp;quot;:&amp;quot;2.1.0&amp;quot;}">
      <![CDATA[java.lang.AssertionError: ARes response json schema validation failed.<br>required key [threeDSServerTransID] not found<br> api response : {"errorComponent":"S","errorDescription":"CA Merchant Server:: Invalid Format  for one of the  Element Found in the message ","messageType":"Erro","errorCode":"203","errorDetail":"callerTxnRefID,threeDSServerTransID","errorMessageType":"AReq","messageVersion":"2.1.0"}
at com.ca.tds.main.TDSPreAreq_TC.testArequestAPI(TDSPreAreq_TC.java:111)
at java.util.concurrent.ThreadPoolExecutor.runWorker(ThreadPoolExecutor.java:1149)
at java.util.concurrent.ThreadPoolExecutor$Worker.run(ThreadPoolExecutor.java:624)
at java.lang.Thread.run(Thread.java:748)
... Removed 10 stack frames]]>
    </failure>
  </testcase> <!-- testArequestAPI -->
  <testcase name="testArequestAPI" time="2.398" classname="com.ca.tds.main.TDSPreAreq_TC">
    <failure type="java.lang.AssertionError" message="Browser Flow:: ARes Validation Failed.10.74.239.30.xip.io&amp;lt;br&amp;gt; api response : null">
      <![CDATA[java.lang.AssertionError: Browser Flow:: ARes Validation Failed.10.74.239.30.xip.io<br> api response : null
at com.ca.tds.main.TDSPreAreq_TC.testArequestAPI(TDSPreAreq_TC.java:114)
at java.util.concurrent.ThreadPoolExecutor.runWorker(ThreadPoolExecutor.java:1149)
at java.util.concurrent.ThreadPoolExecutor$Worker.run(ThreadPoolExecutor.java:624)
at java.lang.Thread.run(Thread.java:748)
... Removed 10 stack frames]]>
    </failure>
  </testcase> <!-- testArequestAPI -->
  <testcase name="testArequestAPI" time="1.856" classname="com.ca.tds.main.TDSPreAreq_TC">
    <failure type="java.lang.AssertionError" message="Browser Flow:: ARes Validation Failed.10.74.239.30.xip.io&amp;lt;br&amp;gt; api response : null">
      <![CDATA[java.lang.AssertionError: Browser Flow:: ARes Validation Failed.10.74.239.30.xip.io<br> api response : null
at com.ca.tds.main.TDSPreAreq_TC.testArequestAPI(TDSPreAreq_TC.java:114)
at java.util.concurrent.ThreadPoolExecutor.runWorker(ThreadPoolExecutor.java:1149)
at java.util.concurrent.ThreadPoolExecutor$Worker.run(ThreadPoolExecutor.java:624)
at java.lang.Thread.run(Thread.java:748)
... Removed 10 stack frames]]>
    </failure>
  </testcase> <!-- testArequestAPI -->
  <testcase name="testArequestAPI" time="1.826" classname="com.ca.tds.main.TDSPreAreq_TC">
    <failure type="java.lang.AssertionError" message="Browser Flow:: ARes Validation Failed.10.74.239.30.xip.io&amp;lt;br&amp;gt; api response : null">
      <![CDATA[java.lang.AssertionError: Browser Flow:: ARes Validation Failed.10.74.239.30.xip.io<br> api response : null
at com.ca.tds.main.TDSPreAreq_TC.testArequestAPI(TDSPreAreq_TC.java:114)
at java.util.concurrent.ThreadPoolExecutor.runWorker(ThreadPoolExecutor.java:1149)
at java.util.concurrent.ThreadPoolExecutor$Worker.run(ThreadPoolExecutor.java:624)
at java.lang.Thread.run(Thread.java:748)
... Removed 10 stack frames]]>
    </failure>
  </testcase> <!-- testArequestAPI -->
  <testcase name="testArequestAPI" time="1.807" classname="com.ca.tds.main.TDSPreAreq_TC">
    <failure type="java.lang.AssertionError" message="Browser Flow:: ARes Validation Failed.10.74.239.30.xip.io&amp;lt;br&amp;gt; api response : null">
      <![CDATA[java.lang.AssertionError: Browser Flow:: ARes Validation Failed.10.74.239.30.xip.io<br> api response : null
at com.ca.tds.main.TDSPreAreq_TC.testArequestAPI(TDSPreAreq_TC.java:114)
at java.util.concurrent.ThreadPoolExecutor.runWorker(ThreadPoolExecutor.java:1149)
at java.util.concurrent.ThreadPoolExecutor$Worker.run(ThreadPoolExecutor.java:624)
at java.lang.Thread.run(Thread.java:748)
... Removed 10 stack frames]]>
    </failure>
  </testcase> <!-- testArequestAPI -->
  <testcase name="testArequestAPI" time="1.796" classname="com.ca.tds.main.TDSPreAreq_TC">
    <failure type="java.lang.AssertionError" message="Browser Flow:: ARes Validation Failed.10.74.239.30.xip.io&amp;lt;br&amp;gt; api response : null">
      <![CDATA[java.lang.AssertionError: Browser Flow:: ARes Validation Failed.10.74.239.30.xip.io<br> api response : null
at com.ca.tds.main.TDSPreAreq_TC.testArequestAPI(TDSPreAreq_TC.java:114)
at java.util.concurrent.ThreadPoolExecutor.runWorker(ThreadPoolExecutor.java:1149)
at java.util.concurrent.ThreadPoolExecutor$Worker.run(ThreadPoolExecutor.java:624)
at java.lang.Thread.run(Thread.java:748)
... Removed 10 stack frames]]>
    </failure>
  </testcase> <!-- testArequestAPI -->
  <testcase name="testArequestAPI" time="8.581" classname="com.ca.tds.main.TDSPreAreq_TC">
    <failure type="java.lang.AssertionError" message="Browser Flow:: ARes Validation Failed.JSONObject[&amp;quot;threeDSServerTransID&amp;quot;] not found.&amp;lt;br&amp;gt; api response : {&amp;quot;errorComponent&amp;quot;:&amp;quot;S&amp;quot;,&amp;quot;errorDescription&amp;quot;:&amp;quot;CA Merchant Server:: Invalid Format  for one of the  Element Found in the message &amp;quot;,&amp;quot;messageType&amp;quot;:&amp;quot;Erro&amp;quot;,&amp;quot;errorCode&amp;quot;:&amp;quot;203&amp;quot;,&amp;quot;errorDetail&amp;quot;:&amp;quot;threeDSServerTransID&amp;quot;,&amp;quot;errorMessageType&amp;quot;:&amp;quot;AReq&amp;quot;,&amp;quot;messageVersion&amp;quot;:&amp;quot;2.1.0&amp;quot;}">
      <![CDATA[java.lang.AssertionError: Browser Flow:: ARes Validation Failed.JSONObject["threeDSServerTransID"] not found.<br> api response : {"errorComponent":"S","errorDescription":"CA Merchant Server:: Invalid Format  for one of the  Element Found in the message ","messageType":"Erro","errorCode":"203","errorDetail":"threeDSServerTransID","errorMessageType":"AReq","messageVersion":"2.1.0"}
at com.ca.tds.main.TDSPreAreq_TC.testArequestAPI(TDSPreAreq_TC.java:114)
at java.util.concurrent.ThreadPoolExecutor.runWorker(ThreadPoolExecutor.java:1149)
at java.util.concurrent.ThreadPoolExecutor$Worker.run(ThreadPoolExecutor.java:624)
at java.lang.Thread.run(Thread.java:748)
... Removed 10 stack frames]]>
    </failure>
  </testcase> <!-- testArequestAPI -->
  <testcase name="testArequestAPI" time="9.543" classname="com.ca.tds.main.TDSPreAreq_TC">
    <failure type="java.lang.AssertionError" message="Browser Flow:: ARes Validation Failed.JSONObject[&amp;quot;threeDSServerTransID&amp;quot;] not found.&amp;lt;br&amp;gt; api response : {&amp;quot;errorComponent&amp;quot;:&amp;quot;S&amp;quot;,&amp;quot;errorDescription&amp;quot;:&amp;quot;CA Merchant Server:: Invalid Format  for one of the  Element Found in the message &amp;quot;,&amp;quot;messageType&amp;quot;:&amp;quot;Erro&amp;quot;,&amp;quot;errorCode&amp;quot;:&amp;quot;203&amp;quot;,&amp;quot;errorDetail&amp;quot;:&amp;quot;threeDSServerTransID&amp;quot;,&amp;quot;errorMessageType&amp;quot;:&amp;quot;AReq&amp;quot;,&amp;quot;messageVersion&amp;quot;:&amp;quot;2.1.0&amp;quot;}">
      <![CDATA[java.lang.AssertionError: Browser Flow:: ARes Validation Failed.JSONObject["threeDSServerTransID"] not found.<br> api response : {"errorComponent":"S","errorDescription":"CA Merchant Server:: Invalid Format  for one of the  Element Found in the message ","messageType":"Erro","errorCode":"203","errorDetail":"threeDSServerTransID","errorMessageType":"AReq","messageVersion":"2.1.0"}
at com.ca.tds.main.TDSPreAreq_TC.testArequestAPI(TDSPreAreq_TC.java:114)
at java.util.concurrent.ThreadPoolExecutor.runWorker(ThreadPoolExecutor.java:1149)
at java.util.concurrent.ThreadPoolExecutor$Worker.run(ThreadPoolExecutor.java:624)
at java.lang.Thread.run(Thread.java:748)
... Removed 10 stack frames]]>
    </failure>
  </testcase> <!-- testArequestAPI -->
  <testcase name="testArequestAPI" time="7.548" classname="com.ca.tds.main.TDSPreAreq_TC">
    <failure type="java.lang.AssertionError" message="Browser Flow:: ARes Validation Failed.JSONObject[&amp;quot;threeDSServerTransID&amp;quot;] not found.&amp;lt;br&amp;gt; api response : {&amp;quot;errorComponent&amp;quot;:&amp;quot;S&amp;quot;,&amp;quot;errorDescription&amp;quot;:&amp;quot;CA Merchant Server:: Invalid Format  for one of the  Element Found in the message &amp;quot;,&amp;quot;messageType&amp;quot;:&amp;quot;Erro&amp;quot;,&amp;quot;errorCode&amp;quot;:&amp;quot;203&amp;quot;,&amp;quot;errorDetail&amp;quot;:&amp;quot;threeDSServerTransID&amp;quot;,&amp;quot;errorMessageType&amp;quot;:&amp;quot;AReq&amp;quot;,&amp;quot;messageVersion&amp;quot;:&amp;quot;2.1.0&amp;quot;}">
      <![CDATA[java.lang.AssertionError: Browser Flow:: ARes Validation Failed.JSONObject["threeDSServerTransID"] not found.<br> api response : {"errorComponent":"S","errorDescription":"CA Merchant Server:: Invalid Format  for one of the  Element Found in the message ","messageType":"Erro","errorCode":"203","errorDetail":"threeDSServerTransID","errorMessageType":"AReq","messageVersion":"2.1.0"}
at com.ca.tds.main.TDSPreAreq_TC.testArequestAPI(TDSPreAreq_TC.java:114)
at java.util.concurrent.ThreadPoolExecutor.runWorker(ThreadPoolExecutor.java:1149)
at java.util.concurrent.ThreadPoolExecutor$Worker.run(ThreadPoolExecutor.java:624)
at java.lang.Thread.run(Thread.java:748)
... Removed 10 stack frames]]>
    </failure>
  </testcase> <!-- testArequestAPI -->
  <testcase name="testArequestAPI" time="4.392" classname="com.ca.tds.main.TDSPreAreq_TC">
    <failure type="java.lang.AssertionError" message="Browser Flow:: ARes Validation Failed.JSONObject[&amp;quot;threeDSServerTransID&amp;quot;] not found.&amp;lt;br&amp;gt; api response : {&amp;quot;errorComponent&amp;quot;:&amp;quot;S&amp;quot;,&amp;quot;errorDescription&amp;quot;:&amp;quot;CA Merchant Server:: Invalid Format  for one of the  Element Found in the message &amp;quot;,&amp;quot;messageType&amp;quot;:&amp;quot;Erro&amp;quot;,&amp;quot;errorCode&amp;quot;:&amp;quot;203&amp;quot;,&amp;quot;errorDetail&amp;quot;:&amp;quot;threeDSServerTransID&amp;quot;,&amp;quot;errorMessageType&amp;quot;:&amp;quot;AReq&amp;quot;,&amp;quot;messageVersion&amp;quot;:&amp;quot;2.1.0&amp;quot;}">
      <![CDATA[java.lang.AssertionError: Browser Flow:: ARes Validation Failed.JSONObject["threeDSServerTransID"] not found.<br> api response : {"errorComponent":"S","errorDescription":"CA Merchant Server:: Invalid Format  for one of the  Element Found in the message ","messageType":"Erro","errorCode":"203","errorDetail":"threeDSServerTransID","errorMessageType":"AReq","messageVersion":"2.1.0"}
at com.ca.tds.main.TDSPreAreq_TC.testArequestAPI(TDSPreAreq_TC.java:114)
at java.util.concurrent.ThreadPoolExecutor.runWorker(ThreadPoolExecutor.java:1149)
at java.util.concurrent.ThreadPoolExecutor$Worker.run(ThreadPoolExecutor.java:624)
at java.lang.Thread.run(Thread.java:748)
... Removed 10 stack frames]]>
    </failure>
  </testcase> <!-- testArequestAPI -->
  <testcase name="testArequestAPI" time="6.498" classname="com.ca.tds.main.TDSPreAreq_TC">
    <failure type="java.lang.AssertionError" message="Browser Flow:: ARes Validation Failed.JSONObject[&amp;quot;threeDSServerTransID&amp;quot;] not found.&amp;lt;br&amp;gt; api response : {&amp;quot;errorComponent&amp;quot;:&amp;quot;S&amp;quot;,&amp;quot;errorDescription&amp;quot;:&amp;quot;CA Merchant Server:: Invalid Format  for one of the  Element Found in the message &amp;quot;,&amp;quot;messageType&amp;quot;:&amp;quot;Erro&amp;quot;,&amp;quot;errorCode&amp;quot;:&amp;quot;203&amp;quot;,&amp;quot;errorDetail&amp;quot;:&amp;quot;threeDSServerTransID&amp;quot;,&amp;quot;errorMessageType&amp;quot;:&amp;quot;AReq&amp;quot;,&amp;quot;messageVersion&amp;quot;:&amp;quot;2.1.0&amp;quot;}">
      <![CDATA[java.lang.AssertionError: Browser Flow:: ARes Validation Failed.JSONObject["threeDSServerTransID"] not found.<br> api response : {"errorComponent":"S","errorDescription":"CA Merchant Server:: Invalid Format  for one of the  Element Found in the message ","messageType":"Erro","errorCode":"203","errorDetail":"threeDSServerTransID","errorMessageType":"AReq","messageVersion":"2.1.0"}
at com.ca.tds.main.TDSPreAreq_TC.testArequestAPI(TDSPreAreq_TC.java:114)
at java.util.concurrent.ThreadPoolExecutor.runWorker(ThreadPoolExecutor.java:1149)
at java.util.concurrent.ThreadPoolExecutor$Worker.run(ThreadPoolExecutor.java:624)
at java.lang.Thread.run(Thread.java:748)
... Removed 10 stack frames]]>
    </failure>
  </testcase> <!-- testArequestAPI -->
  <testcase name="testArequestAPI" time="23.663" classname="com.ca.tds.main.TDSPreAreq_TC">
    <failure type="java.lang.AssertionError" message="Browser Flow:: ARes Validation Failed.JSONObject[&amp;quot;threeDSServerTransID&amp;quot;] not found.&amp;lt;br&amp;gt; api response : {&amp;quot;errorComponent&amp;quot;:&amp;quot;S&amp;quot;,&amp;quot;errorDescription&amp;quot;:&amp;quot;CA Merchant Server:: Invalid Format  for one of the  Element Found in the message &amp;quot;,&amp;quot;messageType&amp;quot;:&amp;quot;Erro&amp;quot;,&amp;quot;errorCode&amp;quot;:&amp;quot;203&amp;quot;,&amp;quot;errorDetail&amp;quot;:&amp;quot;threeDSServerTransID&amp;quot;,&amp;quot;errorMessageType&amp;quot;:&amp;quot;AReq&amp;quot;,&amp;quot;messageVersion&amp;quot;:&amp;quot;2.1.0&amp;quot;}">
      <![CDATA[java.lang.AssertionError: Browser Flow:: ARes Validation Failed.JSONObject["threeDSServerTransID"] not found.<br> api response : {"errorComponent":"S","errorDescription":"CA Merchant Server:: Invalid Format  for one of the  Element Found in the message ","messageType":"Erro","errorCode":"203","errorDetail":"threeDSServerTransID","errorMessageType":"AReq","messageVersion":"2.1.0"}
at com.ca.tds.main.TDSPreAreq_TC.testArequestAPI(TDSPreAreq_TC.java:114)
at java.util.concurrent.ThreadPoolExecutor.runWorker(ThreadPoolExecutor.java:1149)
at java.util.concurrent.ThreadPoolExecutor$Worker.run(ThreadPoolExecutor.java:624)
at java.lang.Thread.run(Thread.java:748)
... Removed 10 stack frames]]>
    </failure>
  </testcase> <!-- testArequestAPI -->
</testsuite> <!-- AMEX::Clear Card::Browser::AReq flow -->
