<html>
<head>
<title>TestNG:  AMEX::Clear Card::Browser::Verify flow</title>
<link href="../testng.css" rel="stylesheet" type="text/css" />
<link href="../my-testng.css" rel="stylesheet" type="text/css" />

<style type="text/css">
.log { display: none;} 
.stack-trace { display: none;} 
</style>
<script type="text/javascript">
<!--
function flip(e) {
  current = e.style.display;
  if (current == 'block') {
    e.style.display = 'none';
    return 0;
  }
  else {
    e.style.display = 'block';
    return 1;
  }
}

function toggleBox(szDivId, elem, msg1, msg2)
{
  var res = -1;  if (document.getElementById) {
    res = flip(document.getElementById(szDivId));
  }
  else if (document.all) {
    // this is the way old msie versions work
    res = flip(document.all[szDivId]);
  }
  if(elem) {
    if(res == 0) elem.innerHTML = msg1; else elem.innerHTML = msg2;
  }

}

function toggleAllBoxes() {
  if (document.getElementsByTagName) {
    d = document.getElementsByTagName('div');
    for (i = 0; i < d.length; i++) {
      if (d[i].className == 'log') {
        flip(d[i]);
      }
    }
  }
}

// -->
</script>

</head>
<body>
<h2 align='center'>AMEX::Clear Card::Browser::Verify flow</h2><table border='1' align="center">
<tr>
<td>Tests passed/Failed/Skipped:</td><td>31/31/62</td>
</tr><tr>
<td>Started on:</td><td>Fri Aug 30 15:46:29 IST 2019</td>
</tr>
<tr><td>Total time:</td><td>39 seconds (39650 ms)</td>
</tr><tr>
<td>Included groups:</td><td></td>
</tr><tr>
<td>Excluded groups:</td><td></td>
</tr>
</table><p/>
<small><i>(Hover the method name to see the test class name)</i></small><p/>
<table width='100%' border='1' class='invocation-failed'>
<tr><td colspan='4' align='center'><b>FAILED TESTS</b></td></tr>
<tr><td><b>Test method</b></td>
<td width="30%"><b>Exception</b></td>
<td width="10%"><b>Time (seconds)</b></td>
<td><b>Instance</b></td>
</tr>
<tr>
<td title='com.ca.tds.main.TDSFlowTest.brwPreAreq()'><b>brwPreAreq</b><br>Test class: com.ca.tds.main.TDSFlowTest</td>
<td><div><pre>java.lang.AssertionError: ARes response json schema validation failed.&lt;br&gt;expected minLength: 17, actual: 4&lt;br&gt; api response : {&quot;acsTransID&quot;:&quot;8e6dd826-fa3b-4a58-a08b-cc4b63fe8084&quot;,&quot;dsName&quot;:&quot;amex&quot;,&quot;eci&quot;:&quot;07&quot;,&quot;callerTxnRefID&quot;:&quot;341b7153-da86-4543-860f-2ba47f0168a5&quot;,&quot;dsReferenceNumber&quot;:&quot;CADS&quot;,&quot;acsReferenceNumber&quot;:&quot;ABCDEF987654321&quot;,&quot;XID&quot;:&quot;02010000bfb4aaffdd0c4509a3d36beada9e6bbd&quot;,&quot;messageType&quot;:&quot;ARes&quot;,&quot;dsTransID&quot;:&quot;bfb4aaff-dd0c-4509-a3d3-6beada9e6bbd&quot;,&quot;transStatusReason&quot;:&quot;09&quot;,&quot;acsOperatorID&quot;:&quot;ACS_OPERATOR_ID&quot;,&quot;messageVersion&quot;:&quot;2.1.0&quot;,&quot;transStatus&quot;:&quot;R&quot;,&quot;threeDSServerTransID&quot;:&quot;c774f1b5-f9e7-4263-be8f-6e3260348963&quot;}
	at com.ca.tds.main.TDSFlowTest.brwPreAreq(TDSFlowTest.java:176)
	at java.util.concurrent.ThreadPoolExecutor.runWorker(ThreadPoolExecutor.java:1149)
	at java.util.concurrent.ThreadPoolExecutor$Worker.run(ThreadPoolExecutor.java:624)
	at java.lang.Thread.run(Thread.java:748)
... Removed 11 stack frames</pre></div><a href='#' onClick='toggleBox("stack-trace1948521272", this, "Click to show all stack frames", "Click to hide stack frames")'>Click to show all stack frames</a>
<div class='stack-trace' id='stack-trace1948521272'><pre>java.lang.AssertionError: ARes response json schema validation failed.&lt;br&gt;expected minLength: 17, actual: 4&lt;br&gt; api response : {&quot;acsTransID&quot;:&quot;8e6dd826-fa3b-4a58-a08b-cc4b63fe8084&quot;,&quot;dsName&quot;:&quot;amex&quot;,&quot;eci&quot;:&quot;07&quot;,&quot;callerTxnRefID&quot;:&quot;341b7153-da86-4543-860f-2ba47f0168a5&quot;,&quot;dsReferenceNumber&quot;:&quot;CADS&quot;,&quot;acsReferenceNumber&quot;:&quot;ABCDEF987654321&quot;,&quot;XID&quot;:&quot;02010000bfb4aaffdd0c4509a3d36beada9e6bbd&quot;,&quot;messageType&quot;:&quot;ARes&quot;,&quot;dsTransID&quot;:&quot;bfb4aaff-dd0c-4509-a3d3-6beada9e6bbd&quot;,&quot;transStatusReason&quot;:&quot;09&quot;,&quot;acsOperatorID&quot;:&quot;ACS_OPERATOR_ID&quot;,&quot;messageVersion&quot;:&quot;2.1.0&quot;,&quot;transStatus&quot;:&quot;R&quot;,&quot;threeDSServerTransID&quot;:&quot;c774f1b5-f9e7-4263-be8f-6e3260348963&quot;}
	at org.testng.Assert.fail(Assert.java:94)
	at com.ca.tds.main.TDSFlowTest.brwPreAreq(TDSFlowTest.java:176)
	at sun.reflect.NativeMethodAccessorImpl.invoke0(Native Method)
	at sun.reflect.NativeMethodAccessorImpl.invoke(NativeMethodAccessorImpl.java:62)
	at sun.reflect.DelegatingMethodAccessorImpl.invoke(DelegatingMethodAccessorImpl.java:43)
	at java.lang.reflect.Method.invoke(Method.java:498)
	at org.testng.internal.MethodInvocationHelper.invokeMethod(MethodInvocationHelper.java:85)
	at org.testng.internal.Invoker.invokeMethod(Invoker.java:639)
	at org.testng.internal.Invoker.invokeTestMethod(Invoker.java:821)
	at org.testng.internal.Invoker.invokeTestMethods(Invoker.java:1131)
	at org.testng.internal.TestMethodWorker.invokeTestMethods(TestMethodWorker.java:124)
	at org.testng.internal.TestMethodWorker.run(TestMethodWorker.java:108)
	at java.util.concurrent.ThreadPoolExecutor.runWorker(ThreadPoolExecutor.java:1149)
	at java.util.concurrent.ThreadPoolExecutor$Worker.run(ThreadPoolExecutor.java:624)
	at java.lang.Thread.run(Thread.java:748)
</pre></div></td>
<td>1</td>
<td>com.ca.tds.main.TDSFlowTest@27216cd</td></tr>
<tr>
<td title='com.ca.tds.main.TDSFlowTest.brwPreAreq()'><b>brwPreAreq</b><br>Test class: com.ca.tds.main.TDSFlowTest</td>
<td><div><pre>java.lang.AssertionError: ARes response json schema validation failed.&lt;br&gt;expected minLength: 17, actual: 4&lt;br&gt; api response : {&quot;acsTransID&quot;:&quot;07bfddb6-155a-465b-b362-b3a9d03f66b0&quot;,&quot;dsName&quot;:&quot;amex&quot;,&quot;eci&quot;:&quot;07&quot;,&quot;callerTxnRefID&quot;:&quot;341b7153-da86-4543-860f-2ba47f0168a5&quot;,&quot;dsReferenceNumber&quot;:&quot;CADS&quot;,&quot;acsReferenceNumber&quot;:&quot;ABCDEF987654321&quot;,&quot;XID&quot;:&quot;0201000070005a3798e44ed789b7a5d58f10f7f7&quot;,&quot;messageType&quot;:&quot;ARes&quot;,&quot;dsTransID&quot;:&quot;70005a37-98e4-4ed7-89b7-a5d58f10f7f7&quot;,&quot;transStatusReason&quot;:&quot;09&quot;,&quot;acsOperatorID&quot;:&quot;ACS_OPERATOR_ID&quot;,&quot;messageVersion&quot;:&quot;2.1.0&quot;,&quot;transStatus&quot;:&quot;R&quot;,&quot;threeDSServerTransID&quot;:&quot;35ec9410-327a-44e7-9436-024de5c064a0&quot;}
	at com.ca.tds.main.TDSFlowTest.brwPreAreq(TDSFlowTest.java:176)
	at java.util.concurrent.ThreadPoolExecutor.runWorker(ThreadPoolExecutor.java:1149)
	at java.util.concurrent.ThreadPoolExecutor$Worker.run(ThreadPoolExecutor.java:624)
	at java.lang.Thread.run(Thread.java:748)
... Removed 11 stack frames</pre></div><a href='#' onClick='toggleBox("stack-trace862734756", this, "Click to show all stack frames", "Click to hide stack frames")'>Click to show all stack frames</a>
<div class='stack-trace' id='stack-trace862734756'><pre>java.lang.AssertionError: ARes response json schema validation failed.&lt;br&gt;expected minLength: 17, actual: 4&lt;br&gt; api response : {&quot;acsTransID&quot;:&quot;07bfddb6-155a-465b-b362-b3a9d03f66b0&quot;,&quot;dsName&quot;:&quot;amex&quot;,&quot;eci&quot;:&quot;07&quot;,&quot;callerTxnRefID&quot;:&quot;341b7153-da86-4543-860f-2ba47f0168a5&quot;,&quot;dsReferenceNumber&quot;:&quot;CADS&quot;,&quot;acsReferenceNumber&quot;:&quot;ABCDEF987654321&quot;,&quot;XID&quot;:&quot;0201000070005a3798e44ed789b7a5d58f10f7f7&quot;,&quot;messageType&quot;:&quot;ARes&quot;,&quot;dsTransID&quot;:&quot;70005a37-98e4-4ed7-89b7-a5d58f10f7f7&quot;,&quot;transStatusReason&quot;:&quot;09&quot;,&quot;acsOperatorID&quot;:&quot;ACS_OPERATOR_ID&quot;,&quot;messageVersion&quot;:&quot;2.1.0&quot;,&quot;transStatus&quot;:&quot;R&quot;,&quot;threeDSServerTransID&quot;:&quot;35ec9410-327a-44e7-9436-024de5c064a0&quot;}
	at org.testng.Assert.fail(Assert.java:94)
	at com.ca.tds.main.TDSFlowTest.brwPreAreq(TDSFlowTest.java:176)
	at sun.reflect.NativeMethodAccessorImpl.invoke0(Native Method)
	at sun.reflect.NativeMethodAccessorImpl.invoke(NativeMethodAccessorImpl.java:62)
	at sun.reflect.DelegatingMethodAccessorImpl.invoke(DelegatingMethodAccessorImpl.java:43)
	at java.lang.reflect.Method.invoke(Method.java:498)
	at org.testng.internal.MethodInvocationHelper.invokeMethod(MethodInvocationHelper.java:85)
	at org.testng.internal.Invoker.invokeMethod(Invoker.java:639)
	at org.testng.internal.Invoker.invokeTestMethod(Invoker.java:821)
	at org.testng.internal.Invoker.invokeTestMethods(Invoker.java:1131)
	at org.testng.internal.TestMethodWorker.invokeTestMethods(TestMethodWorker.java:124)
	at org.testng.internal.TestMethodWorker.run(TestMethodWorker.java:108)
	at java.util.concurrent.ThreadPoolExecutor.runWorker(ThreadPoolExecutor.java:1149)
	at java.util.concurrent.ThreadPoolExecutor$Worker.run(ThreadPoolExecutor.java:624)
	at java.lang.Thread.run(Thread.java:748)
</pre></div></td>
<td>0</td>
<td>com.ca.tds.main.TDSFlowTest@7a55af6b</td></tr>
<tr>
<td title='com.ca.tds.main.TDSFlowTest.brwPreAreq()'><b>brwPreAreq</b><br>Test class: com.ca.tds.main.TDSFlowTest</td>
<td><div><pre>java.lang.AssertionError: ARes response json schema validation failed.&lt;br&gt;expected minLength: 17, actual: 4&lt;br&gt; api response : {&quot;acsTransID&quot;:&quot;7f8ebb77-de17-423e-82f6-e1ea5e703452&quot;,&quot;dsName&quot;:&quot;amex&quot;,&quot;eci&quot;:&quot;07&quot;,&quot;callerTxnRefID&quot;:&quot;341b7153-da86-4543-860f-2ba47f0168a5&quot;,&quot;dsReferenceNumber&quot;:&quot;CADS&quot;,&quot;acsReferenceNumber&quot;:&quot;ABCDEF987654321&quot;,&quot;XID&quot;:&quot;0201000041bf7b699a3342d184460338497a6417&quot;,&quot;messageType&quot;:&quot;ARes&quot;,&quot;dsTransID&quot;:&quot;41bf7b69-9a33-42d1-8446-0338497a6417&quot;,&quot;transStatusReason&quot;:&quot;09&quot;,&quot;acsOperatorID&quot;:&quot;ACS_OPERATOR_ID&quot;,&quot;messageVersion&quot;:&quot;2.1.0&quot;,&quot;transStatus&quot;:&quot;R&quot;,&quot;threeDSServerTransID&quot;:&quot;d97a1983-7c5a-42cf-986b-6c50371340a0&quot;}
	at com.ca.tds.main.TDSFlowTest.brwPreAreq(TDSFlowTest.java:176)
	at java.util.concurrent.ThreadPoolExecutor.runWorker(ThreadPoolExecutor.java:1149)
	at java.util.concurrent.ThreadPoolExecutor$Worker.run(ThreadPoolExecutor.java:624)
	at java.lang.Thread.run(Thread.java:748)
... Removed 11 stack frames</pre></div><a href='#' onClick='toggleBox("stack-trace1936727150", this, "Click to show all stack frames", "Click to hide stack frames")'>Click to show all stack frames</a>
<div class='stack-trace' id='stack-trace1936727150'><pre>java.lang.AssertionError: ARes response json schema validation failed.&lt;br&gt;expected minLength: 17, actual: 4&lt;br&gt; api response : {&quot;acsTransID&quot;:&quot;7f8ebb77-de17-423e-82f6-e1ea5e703452&quot;,&quot;dsName&quot;:&quot;amex&quot;,&quot;eci&quot;:&quot;07&quot;,&quot;callerTxnRefID&quot;:&quot;341b7153-da86-4543-860f-2ba47f0168a5&quot;,&quot;dsReferenceNumber&quot;:&quot;CADS&quot;,&quot;acsReferenceNumber&quot;:&quot;ABCDEF987654321&quot;,&quot;XID&quot;:&quot;0201000041bf7b699a3342d184460338497a6417&quot;,&quot;messageType&quot;:&quot;ARes&quot;,&quot;dsTransID&quot;:&quot;41bf7b69-9a33-42d1-8446-0338497a6417&quot;,&quot;transStatusReason&quot;:&quot;09&quot;,&quot;acsOperatorID&quot;:&quot;ACS_OPERATOR_ID&quot;,&quot;messageVersion&quot;:&quot;2.1.0&quot;,&quot;transStatus&quot;:&quot;R&quot;,&quot;threeDSServerTransID&quot;:&quot;d97a1983-7c5a-42cf-986b-6c50371340a0&quot;}
	at org.testng.Assert.fail(Assert.java:94)
	at com.ca.tds.main.TDSFlowTest.brwPreAreq(TDSFlowTest.java:176)
	at sun.reflect.NativeMethodAccessorImpl.invoke0(Native Method)
	at sun.reflect.NativeMethodAccessorImpl.invoke(NativeMethodAccessorImpl.java:62)
	at sun.reflect.DelegatingMethodAccessorImpl.invoke(DelegatingMethodAccessorImpl.java:43)
	at java.lang.reflect.Method.invoke(Method.java:498)
	at org.testng.internal.MethodInvocationHelper.invokeMethod(MethodInvocationHelper.java:85)
	at org.testng.internal.Invoker.invokeMethod(Invoker.java:639)
	at org.testng.internal.Invoker.invokeTestMethod(Invoker.java:821)
	at org.testng.internal.Invoker.invokeTestMethods(Invoker.java:1131)
	at org.testng.internal.TestMethodWorker.invokeTestMethods(TestMethodWorker.java:124)
	at org.testng.internal.TestMethodWorker.run(TestMethodWorker.java:108)
	at java.util.concurrent.ThreadPoolExecutor.runWorker(ThreadPoolExecutor.java:1149)
	at java.util.concurrent.ThreadPoolExecutor$Worker.run(ThreadPoolExecutor.java:624)
	at java.lang.Thread.run(Thread.java:748)
</pre></div></td>
<td>1</td>
<td>com.ca.tds.main.TDSFlowTest@132e0cc</td></tr>
<tr>
<td title='com.ca.tds.main.TDSFlowTest.brwPreAreq()'><b>brwPreAreq</b><br>Test class: com.ca.tds.main.TDSFlowTest</td>
<td><div><pre>java.lang.AssertionError: ARes response json schema validation failed.&lt;br&gt;expected minLength: 17, actual: 4&lt;br&gt; api response : {&quot;acsTransID&quot;:&quot;23b20e69-52c9-45e4-954a-7b25a77a6a7a&quot;,&quot;dsName&quot;:&quot;amex&quot;,&quot;eci&quot;:&quot;07&quot;,&quot;callerTxnRefID&quot;:&quot;341b7153-da86-4543-860f-2ba47f0168a5&quot;,&quot;dsReferenceNumber&quot;:&quot;CADS&quot;,&quot;acsReferenceNumber&quot;:&quot;ABCDEF987654321&quot;,&quot;XID&quot;:&quot;02010000968b3f8ac2d84c3893f549d82d7f9f37&quot;,&quot;messageType&quot;:&quot;ARes&quot;,&quot;dsTransID&quot;:&quot;968b3f8a-c2d8-4c38-93f5-49d82d7f9f37&quot;,&quot;transStatusReason&quot;:&quot;09&quot;,&quot;acsOperatorID&quot;:&quot;ACS_OPERATOR_ID&quot;,&quot;messageVersion&quot;:&quot;2.1.0&quot;,&quot;transStatus&quot;:&quot;R&quot;,&quot;threeDSServerTransID&quot;:&quot;0ead67fb-b3a5-4ad0-a49e-8f4536a37d2b&quot;}
	at com.ca.tds.main.TDSFlowTest.brwPreAreq(TDSFlowTest.java:176)
	at java.util.concurrent.ThreadPoolExecutor.runWorker(ThreadPoolExecutor.java:1149)
	at java.util.concurrent.ThreadPoolExecutor$Worker.run(ThreadPoolExecutor.java:624)
	at java.lang.Thread.run(Thread.java:748)
... Removed 11 stack frames</pre></div><a href='#' onClick='toggleBox("stack-trace917150851", this, "Click to show all stack frames", "Click to hide stack frames")'>Click to show all stack frames</a>
<div class='stack-trace' id='stack-trace917150851'><pre>java.lang.AssertionError: ARes response json schema validation failed.&lt;br&gt;expected minLength: 17, actual: 4&lt;br&gt; api response : {&quot;acsTransID&quot;:&quot;23b20e69-52c9-45e4-954a-7b25a77a6a7a&quot;,&quot;dsName&quot;:&quot;amex&quot;,&quot;eci&quot;:&quot;07&quot;,&quot;callerTxnRefID&quot;:&quot;341b7153-da86-4543-860f-2ba47f0168a5&quot;,&quot;dsReferenceNumber&quot;:&quot;CADS&quot;,&quot;acsReferenceNumber&quot;:&quot;ABCDEF987654321&quot;,&quot;XID&quot;:&quot;02010000968b3f8ac2d84c3893f549d82d7f9f37&quot;,&quot;messageType&quot;:&quot;ARes&quot;,&quot;dsTransID&quot;:&quot;968b3f8a-c2d8-4c38-93f5-49d82d7f9f37&quot;,&quot;transStatusReason&quot;:&quot;09&quot;,&quot;acsOperatorID&quot;:&quot;ACS_OPERATOR_ID&quot;,&quot;messageVersion&quot;:&quot;2.1.0&quot;,&quot;transStatus&quot;:&quot;R&quot;,&quot;threeDSServerTransID&quot;:&quot;0ead67fb-b3a5-4ad0-a49e-8f4536a37d2b&quot;}
	at org.testng.Assert.fail(Assert.java:94)
	at com.ca.tds.main.TDSFlowTest.brwPreAreq(TDSFlowTest.java:176)
	at sun.reflect.NativeMethodAccessorImpl.invoke0(Native Method)
	at sun.reflect.NativeMethodAccessorImpl.invoke(NativeMethodAccessorImpl.java:62)
	at sun.reflect.DelegatingMethodAccessorImpl.invoke(DelegatingMethodAccessorImpl.java:43)
	at java.lang.reflect.Method.invoke(Method.java:498)
	at org.testng.internal.MethodInvocationHelper.invokeMethod(MethodInvocationHelper.java:85)
	at org.testng.internal.Invoker.invokeMethod(Invoker.java:639)
	at org.testng.internal.Invoker.invokeTestMethod(Invoker.java:821)
	at org.testng.internal.Invoker.invokeTestMethods(Invoker.java:1131)
	at org.testng.internal.TestMethodWorker.invokeTestMethods(TestMethodWorker.java:124)
	at org.testng.internal.TestMethodWorker.run(TestMethodWorker.java:108)
	at java.util.concurrent.ThreadPoolExecutor.runWorker(ThreadPoolExecutor.java:1149)
	at java.util.concurrent.ThreadPoolExecutor$Worker.run(ThreadPoolExecutor.java:624)
	at java.lang.Thread.run(Thread.java:748)
</pre></div></td>
<td>0</td>
<td>com.ca.tds.main.TDSFlowTest@5f354bcf</td></tr>
<tr>
<td title='com.ca.tds.main.TDSFlowTest.brwPreAreq()'><b>brwPreAreq</b><br>Test class: com.ca.tds.main.TDSFlowTest</td>
<td><div><pre>java.lang.AssertionError: ARes response json schema validation failed.&lt;br&gt;expected minLength: 17, actual: 4&lt;br&gt; api response : {&quot;acsTransID&quot;:&quot;fd324c8c-0cc9-42fa-97f2-4a354fa5d63c&quot;,&quot;dsName&quot;:&quot;amex&quot;,&quot;eci&quot;:&quot;07&quot;,&quot;callerTxnRefID&quot;:&quot;341b7153-da86-4543-860f-2ba47f0168a5&quot;,&quot;dsReferenceNumber&quot;:&quot;CADS&quot;,&quot;acsReferenceNumber&quot;:&quot;ABCDEF987654321&quot;,&quot;XID&quot;:&quot;02010000bb0bff1011b04f288b8894477616e07c&quot;,&quot;messageType&quot;:&quot;ARes&quot;,&quot;dsTransID&quot;:&quot;bb0bff10-11b0-4f28-8b88-94477616e07c&quot;,&quot;transStatusReason&quot;:&quot;09&quot;,&quot;acsOperatorID&quot;:&quot;ACS_OPERATOR_ID&quot;,&quot;messageVersion&quot;:&quot;2.1.0&quot;,&quot;transStatus&quot;:&quot;R&quot;,&quot;threeDSServerTransID&quot;:&quot;4849fa46-2968-4655-a8fa-7f49848c7e9b&quot;}
	at com.ca.tds.main.TDSFlowTest.brwPreAreq(TDSFlowTest.java:176)
	at java.util.concurrent.ThreadPoolExecutor.runWorker(ThreadPoolExecutor.java:1149)
	at java.util.concurrent.ThreadPoolExecutor$Worker.run(ThreadPoolExecutor.java:624)
	at java.lang.Thread.run(Thread.java:748)
... Removed 11 stack frames</pre></div><a href='#' onClick='toggleBox("stack-trace1672581837", this, "Click to show all stack frames", "Click to hide stack frames")'>Click to show all stack frames</a>
<div class='stack-trace' id='stack-trace1672581837'><pre>java.lang.AssertionError: ARes response json schema validation failed.&lt;br&gt;expected minLength: 17, actual: 4&lt;br&gt; api response : {&quot;acsTransID&quot;:&quot;fd324c8c-0cc9-42fa-97f2-4a354fa5d63c&quot;,&quot;dsName&quot;:&quot;amex&quot;,&quot;eci&quot;:&quot;07&quot;,&quot;callerTxnRefID&quot;:&quot;341b7153-da86-4543-860f-2ba47f0168a5&quot;,&quot;dsReferenceNumber&quot;:&quot;CADS&quot;,&quot;acsReferenceNumber&quot;:&quot;ABCDEF987654321&quot;,&quot;XID&quot;:&quot;02010000bb0bff1011b04f288b8894477616e07c&quot;,&quot;messageType&quot;:&quot;ARes&quot;,&quot;dsTransID&quot;:&quot;bb0bff10-11b0-4f28-8b88-94477616e07c&quot;,&quot;transStatusReason&quot;:&quot;09&quot;,&quot;acsOperatorID&quot;:&quot;ACS_OPERATOR_ID&quot;,&quot;messageVersion&quot;:&quot;2.1.0&quot;,&quot;transStatus&quot;:&quot;R&quot;,&quot;threeDSServerTransID&quot;:&quot;4849fa46-2968-4655-a8fa-7f49848c7e9b&quot;}
	at org.testng.Assert.fail(Assert.java:94)
	at com.ca.tds.main.TDSFlowTest.brwPreAreq(TDSFlowTest.java:176)
	at sun.reflect.NativeMethodAccessorImpl.invoke0(Native Method)
	at sun.reflect.NativeMethodAccessorImpl.invoke(NativeMethodAccessorImpl.java:62)
	at sun.reflect.DelegatingMethodAccessorImpl.invoke(DelegatingMethodAccessorImpl.java:43)
	at java.lang.reflect.Method.invoke(Method.java:498)
	at org.testng.internal.MethodInvocationHelper.invokeMethod(MethodInvocationHelper.java:85)
	at org.testng.internal.Invoker.invokeMethod(Invoker.java:639)
	at org.testng.internal.Invoker.invokeTestMethod(Invoker.java:821)
	at org.testng.internal.Invoker.invokeTestMethods(Invoker.java:1131)
	at org.testng.internal.TestMethodWorker.invokeTestMethods(TestMethodWorker.java:124)
	at org.testng.internal.TestMethodWorker.run(TestMethodWorker.java:108)
	at java.util.concurrent.ThreadPoolExecutor.runWorker(ThreadPoolExecutor.java:1149)
	at java.util.concurrent.ThreadPoolExecutor$Worker.run(ThreadPoolExecutor.java:624)
	at java.lang.Thread.run(Thread.java:748)
</pre></div></td>
<td>0</td>
<td>com.ca.tds.main.TDSFlowTest@78d6692f</td></tr>
<tr>
<td title='com.ca.tds.main.TDSFlowTest.brwPreAreq()'><b>brwPreAreq</b><br>Test class: com.ca.tds.main.TDSFlowTest</td>
<td><div><pre>java.lang.AssertionError: ARes response json schema validation failed.&lt;br&gt;expected minLength: 17, actual: 4&lt;br&gt; api response : {&quot;acsTransID&quot;:&quot;88b30841-e3b8-4ca2-bf72-b7e9542d843c&quot;,&quot;dsName&quot;:&quot;amex&quot;,&quot;eci&quot;:&quot;07&quot;,&quot;callerTxnRefID&quot;:&quot;341b7153-da86-4543-860f-2ba47f0168a5&quot;,&quot;dsReferenceNumber&quot;:&quot;CADS&quot;,&quot;acsReferenceNumber&quot;:&quot;ABCDEF987654321&quot;,&quot;XID&quot;:&quot;02010000e87f064a456542418aca25056e0d12de&quot;,&quot;messageType&quot;:&quot;ARes&quot;,&quot;dsTransID&quot;:&quot;e87f064a-4565-4241-8aca-25056e0d12de&quot;,&quot;transStatusReason&quot;:&quot;09&quot;,&quot;acsOperatorID&quot;:&quot;ACS_OPERATOR_ID&quot;,&quot;messageVersion&quot;:&quot;2.1.0&quot;,&quot;transStatus&quot;:&quot;R&quot;,&quot;threeDSServerTransID&quot;:&quot;f6598d5c-8159-4e49-8b74-e1fb56cb74cf&quot;}
	at com.ca.tds.main.TDSFlowTest.brwPreAreq(TDSFlowTest.java:176)
	at java.util.concurrent.ThreadPoolExecutor.runWorker(ThreadPoolExecutor.java:1149)
	at java.util.concurrent.ThreadPoolExecutor$Worker.run(ThreadPoolExecutor.java:624)
	at java.lang.Thread.run(Thread.java:748)
... Removed 11 stack frames</pre></div><a href='#' onClick='toggleBox("stack-trace2009428412", this, "Click to show all stack frames", "Click to hide stack frames")'>Click to show all stack frames</a>
<div class='stack-trace' id='stack-trace2009428412'><pre>java.lang.AssertionError: ARes response json schema validation failed.&lt;br&gt;expected minLength: 17, actual: 4&lt;br&gt; api response : {&quot;acsTransID&quot;:&quot;88b30841-e3b8-4ca2-bf72-b7e9542d843c&quot;,&quot;dsName&quot;:&quot;amex&quot;,&quot;eci&quot;:&quot;07&quot;,&quot;callerTxnRefID&quot;:&quot;341b7153-da86-4543-860f-2ba47f0168a5&quot;,&quot;dsReferenceNumber&quot;:&quot;CADS&quot;,&quot;acsReferenceNumber&quot;:&quot;ABCDEF987654321&quot;,&quot;XID&quot;:&quot;02010000e87f064a456542418aca25056e0d12de&quot;,&quot;messageType&quot;:&quot;ARes&quot;,&quot;dsTransID&quot;:&quot;e87f064a-4565-4241-8aca-25056e0d12de&quot;,&quot;transStatusReason&quot;:&quot;09&quot;,&quot;acsOperatorID&quot;:&quot;ACS_OPERATOR_ID&quot;,&quot;messageVersion&quot;:&quot;2.1.0&quot;,&quot;transStatus&quot;:&quot;R&quot;,&quot;threeDSServerTransID&quot;:&quot;f6598d5c-8159-4e49-8b74-e1fb56cb74cf&quot;}
	at org.testng.Assert.fail(Assert.java:94)
	at com.ca.tds.main.TDSFlowTest.brwPreAreq(TDSFlowTest.java:176)
	at sun.reflect.NativeMethodAccessorImpl.invoke0(Native Method)
	at sun.reflect.NativeMethodAccessorImpl.invoke(NativeMethodAccessorImpl.java:62)
	at sun.reflect.DelegatingMethodAccessorImpl.invoke(DelegatingMethodAccessorImpl.java:43)
	at java.lang.reflect.Method.invoke(Method.java:498)
	at org.testng.internal.MethodInvocationHelper.invokeMethod(MethodInvocationHelper.java:85)
	at org.testng.internal.Invoker.invokeMethod(Invoker.java:639)
	at org.testng.internal.Invoker.invokeTestMethod(Invoker.java:821)
	at org.testng.internal.Invoker.invokeTestMethods(Invoker.java:1131)
	at org.testng.internal.TestMethodWorker.invokeTestMethods(TestMethodWorker.java:124)
	at org.testng.internal.TestMethodWorker.run(TestMethodWorker.java:108)
	at java.util.concurrent.ThreadPoolExecutor.runWorker(ThreadPoolExecutor.java:1149)
	at java.util.concurrent.ThreadPoolExecutor$Worker.run(ThreadPoolExecutor.java:624)
	at java.lang.Thread.run(Thread.java:748)
</pre></div></td>
<td>0</td>
<td>com.ca.tds.main.TDSFlowTest@8576fa0</td></tr>
<tr>
<td title='com.ca.tds.main.TDSFlowTest.brwPreAreq()'><b>brwPreAreq</b><br>Test class: com.ca.tds.main.TDSFlowTest</td>
<td><div><pre>java.lang.AssertionError: ARes response json schema validation failed.&lt;br&gt;expected minLength: 17, actual: 4&lt;br&gt; api response : {&quot;acsTransID&quot;:&quot;0f6c168d-52e9-46c6-90a8-a0a13215a666&quot;,&quot;dsName&quot;:&quot;amex&quot;,&quot;eci&quot;:&quot;07&quot;,&quot;callerTxnRefID&quot;:&quot;341b7153-da86-4543-860f-2ba47f0168a5&quot;,&quot;dsReferenceNumber&quot;:&quot;CADS&quot;,&quot;acsReferenceNumber&quot;:&quot;ABCDEF987654321&quot;,&quot;XID&quot;:&quot;02010000e9232f9b623048ed8d87936f6705f9ce&quot;,&quot;messageType&quot;:&quot;ARes&quot;,&quot;dsTransID&quot;:&quot;e9232f9b-6230-48ed-8d87-936f6705f9ce&quot;,&quot;transStatusReason&quot;:&quot;09&quot;,&quot;acsOperatorID&quot;:&quot;ACS_OPERATOR_ID&quot;,&quot;messageVersion&quot;:&quot;2.1.0&quot;,&quot;transStatus&quot;:&quot;R&quot;,&quot;threeDSServerTransID&quot;:&quot;2c0229a7-e339-449d-8be7-119b55651770&quot;}
	at com.ca.tds.main.TDSFlowTest.brwPreAreq(TDSFlowTest.java:176)
	at java.util.concurrent.ThreadPoolExecutor.runWorker(ThreadPoolExecutor.java:1149)
	at java.util.concurrent.ThreadPoolExecutor$Worker.run(ThreadPoolExecutor.java:624)
	at java.lang.Thread.run(Thread.java:748)
... Removed 11 stack frames</pre></div><a href='#' onClick='toggleBox("stack-trace1585641955", this, "Click to show all stack frames", "Click to hide stack frames")'>Click to show all stack frames</a>
<div class='stack-trace' id='stack-trace1585641955'><pre>java.lang.AssertionError: ARes response json schema validation failed.&lt;br&gt;expected minLength: 17, actual: 4&lt;br&gt; api response : {&quot;acsTransID&quot;:&quot;0f6c168d-52e9-46c6-90a8-a0a13215a666&quot;,&quot;dsName&quot;:&quot;amex&quot;,&quot;eci&quot;:&quot;07&quot;,&quot;callerTxnRefID&quot;:&quot;341b7153-da86-4543-860f-2ba47f0168a5&quot;,&quot;dsReferenceNumber&quot;:&quot;CADS&quot;,&quot;acsReferenceNumber&quot;:&quot;ABCDEF987654321&quot;,&quot;XID&quot;:&quot;02010000e9232f9b623048ed8d87936f6705f9ce&quot;,&quot;messageType&quot;:&quot;ARes&quot;,&quot;dsTransID&quot;:&quot;e9232f9b-6230-48ed-8d87-936f6705f9ce&quot;,&quot;transStatusReason&quot;:&quot;09&quot;,&quot;acsOperatorID&quot;:&quot;ACS_OPERATOR_ID&quot;,&quot;messageVersion&quot;:&quot;2.1.0&quot;,&quot;transStatus&quot;:&quot;R&quot;,&quot;threeDSServerTransID&quot;:&quot;2c0229a7-e339-449d-8be7-119b55651770&quot;}
	at org.testng.Assert.fail(Assert.java:94)
	at com.ca.tds.main.TDSFlowTest.brwPreAreq(TDSFlowTest.java:176)
	at sun.reflect.NativeMethodAccessorImpl.invoke0(Native Method)
	at sun.reflect.NativeMethodAccessorImpl.invoke(NativeMethodAccessorImpl.java:62)
	at sun.reflect.DelegatingMethodAccessorImpl.invoke(DelegatingMethodAccessorImpl.java:43)
	at java.lang.reflect.Method.invoke(Method.java:498)
	at org.testng.internal.MethodInvocationHelper.invokeMethod(MethodInvocationHelper.java:85)
	at org.testng.internal.Invoker.invokeMethod(Invoker.java:639)
	at org.testng.internal.Invoker.invokeTestMethod(Invoker.java:821)
	at org.testng.internal.Invoker.invokeTestMethods(Invoker.java:1131)
	at org.testng.internal.TestMethodWorker.invokeTestMethods(TestMethodWorker.java:124)
	at org.testng.internal.TestMethodWorker.run(TestMethodWorker.java:108)
	at java.util.concurrent.ThreadPoolExecutor.runWorker(ThreadPoolExecutor.java:1149)
	at java.util.concurrent.ThreadPoolExecutor$Worker.run(ThreadPoolExecutor.java:624)
	at java.lang.Thread.run(Thread.java:748)
</pre></div></td>
<td>0</td>
<td>com.ca.tds.main.TDSFlowTest@63f259c3</td></tr>
<tr>
<td title='com.ca.tds.main.TDSFlowTest.brwPreAreq()'><b>brwPreAreq</b><br>Test class: com.ca.tds.main.TDSFlowTest</td>
<td><div><pre>java.lang.AssertionError: ARes response json schema validation failed.&lt;br&gt;expected minLength: 17, actual: 4&lt;br&gt; api response : {&quot;acsTransID&quot;:&quot;bb07102e-6d18-4bf4-8ff7-d4a774ead6d5&quot;,&quot;dsName&quot;:&quot;amex&quot;,&quot;eci&quot;:&quot;07&quot;,&quot;callerTxnRefID&quot;:&quot;341b7153-da86-4543-860f-2ba47f0168a5&quot;,&quot;dsReferenceNumber&quot;:&quot;CADS&quot;,&quot;acsReferenceNumber&quot;:&quot;ABCDEF987654321&quot;,&quot;XID&quot;:&quot;0201000058b80f0a1941428aa96b8ab44012fcd6&quot;,&quot;messageType&quot;:&quot;ARes&quot;,&quot;dsTransID&quot;:&quot;58b80f0a-1941-428a-a96b-8ab44012fcd6&quot;,&quot;transStatusReason&quot;:&quot;09&quot;,&quot;acsOperatorID&quot;:&quot;ACS_OPERATOR_ID&quot;,&quot;messageVersion&quot;:&quot;2.1.0&quot;,&quot;transStatus&quot;:&quot;R&quot;,&quot;threeDSServerTransID&quot;:&quot;23aaecc6-7291-47cc-9f73-f43aeb70689f&quot;}
	at com.ca.tds.main.TDSFlowTest.brwPreAreq(TDSFlowTest.java:176)
	at java.util.concurrent.ThreadPoolExecutor.runWorker(ThreadPoolExecutor.java:1149)
	at java.util.concurrent.ThreadPoolExecutor$Worker.run(ThreadPoolExecutor.java:624)
	at java.lang.Thread.run(Thread.java:748)
... Removed 11 stack frames</pre></div><a href='#' onClick='toggleBox("stack-trace1870412081", this, "Click to show all stack frames", "Click to hide stack frames")'>Click to show all stack frames</a>
<div class='stack-trace' id='stack-trace1870412081'><pre>java.lang.AssertionError: ARes response json schema validation failed.&lt;br&gt;expected minLength: 17, actual: 4&lt;br&gt; api response : {&quot;acsTransID&quot;:&quot;bb07102e-6d18-4bf4-8ff7-d4a774ead6d5&quot;,&quot;dsName&quot;:&quot;amex&quot;,&quot;eci&quot;:&quot;07&quot;,&quot;callerTxnRefID&quot;:&quot;341b7153-da86-4543-860f-2ba47f0168a5&quot;,&quot;dsReferenceNumber&quot;:&quot;CADS&quot;,&quot;acsReferenceNumber&quot;:&quot;ABCDEF987654321&quot;,&quot;XID&quot;:&quot;0201000058b80f0a1941428aa96b8ab44012fcd6&quot;,&quot;messageType&quot;:&quot;ARes&quot;,&quot;dsTransID&quot;:&quot;58b80f0a-1941-428a-a96b-8ab44012fcd6&quot;,&quot;transStatusReason&quot;:&quot;09&quot;,&quot;acsOperatorID&quot;:&quot;ACS_OPERATOR_ID&quot;,&quot;messageVersion&quot;:&quot;2.1.0&quot;,&quot;transStatus&quot;:&quot;R&quot;,&quot;threeDSServerTransID&quot;:&quot;23aaecc6-7291-47cc-9f73-f43aeb70689f&quot;}
	at org.testng.Assert.fail(Assert.java:94)
	at com.ca.tds.main.TDSFlowTest.brwPreAreq(TDSFlowTest.java:176)
	at sun.reflect.NativeMethodAccessorImpl.invoke0(Native Method)
	at sun.reflect.NativeMethodAccessorImpl.invoke(NativeMethodAccessorImpl.java:62)
	at sun.reflect.DelegatingMethodAccessorImpl.invoke(DelegatingMethodAccessorImpl.java:43)
	at java.lang.reflect.Method.invoke(Method.java:498)
	at org.testng.internal.MethodInvocationHelper.invokeMethod(MethodInvocationHelper.java:85)
	at org.testng.internal.Invoker.invokeMethod(Invoker.java:639)
	at org.testng.internal.Invoker.invokeTestMethod(Invoker.java:821)
	at org.testng.internal.Invoker.invokeTestMethods(Invoker.java:1131)
	at org.testng.internal.TestMethodWorker.invokeTestMethods(TestMethodWorker.java:124)
	at org.testng.internal.TestMethodWorker.run(TestMethodWorker.java:108)
	at java.util.concurrent.ThreadPoolExecutor.runWorker(ThreadPoolExecutor.java:1149)
	at java.util.concurrent.ThreadPoolExecutor$Worker.run(ThreadPoolExecutor.java:624)
	at java.lang.Thread.run(Thread.java:748)
</pre></div></td>
<td>0</td>
<td>com.ca.tds.main.TDSFlowTest@492691d7</td></tr>
<tr>
<td title='com.ca.tds.main.TDSFlowTest.brwPreAreq()'><b>brwPreAreq</b><br>Test class: com.ca.tds.main.TDSFlowTest</td>
<td><div><pre>java.lang.AssertionError: ARes response json schema validation failed.&lt;br&gt;expected minLength: 17, actual: 4&lt;br&gt; api response : {&quot;acsTransID&quot;:&quot;641ef498-9083-4972-a40b-9f6a3f88ec32&quot;,&quot;dsName&quot;:&quot;amex&quot;,&quot;eci&quot;:&quot;07&quot;,&quot;callerTxnRefID&quot;:&quot;341b7153-da86-4543-860f-2ba47f0168a5&quot;,&quot;dsReferenceNumber&quot;:&quot;CADS&quot;,&quot;acsReferenceNumber&quot;:&quot;ABCDEF987654321&quot;,&quot;XID&quot;:&quot;02010000c498c15d81604ac18cd6bd8118af5a61&quot;,&quot;messageType&quot;:&quot;ARes&quot;,&quot;dsTransID&quot;:&quot;c498c15d-8160-4ac1-8cd6-bd8118af5a61&quot;,&quot;transStatusReason&quot;:&quot;09&quot;,&quot;acsOperatorID&quot;:&quot;ACS_OPERATOR_ID&quot;,&quot;messageVersion&quot;:&quot;2.1.0&quot;,&quot;transStatus&quot;:&quot;R&quot;,&quot;threeDSServerTransID&quot;:&quot;b8a8678d-07b2-4da4-bdee-2dbb46a50c43&quot;}
	at com.ca.tds.main.TDSFlowTest.brwPreAreq(TDSFlowTest.java:176)
	at java.util.concurrent.ThreadPoolExecutor.runWorker(ThreadPoolExecutor.java:1149)
	at java.util.concurrent.ThreadPoolExecutor$Worker.run(ThreadPoolExecutor.java:624)
	at java.lang.Thread.run(Thread.java:748)
... Removed 11 stack frames</pre></div><a href='#' onClick='toggleBox("stack-trace840146508", this, "Click to show all stack frames", "Click to hide stack frames")'>Click to show all stack frames</a>
<div class='stack-trace' id='stack-trace840146508'><pre>java.lang.AssertionError: ARes response json schema validation failed.&lt;br&gt;expected minLength: 17, actual: 4&lt;br&gt; api response : {&quot;acsTransID&quot;:&quot;641ef498-9083-4972-a40b-9f6a3f88ec32&quot;,&quot;dsName&quot;:&quot;amex&quot;,&quot;eci&quot;:&quot;07&quot;,&quot;callerTxnRefID&quot;:&quot;341b7153-da86-4543-860f-2ba47f0168a5&quot;,&quot;dsReferenceNumber&quot;:&quot;CADS&quot;,&quot;acsReferenceNumber&quot;:&quot;ABCDEF987654321&quot;,&quot;XID&quot;:&quot;02010000c498c15d81604ac18cd6bd8118af5a61&quot;,&quot;messageType&quot;:&quot;ARes&quot;,&quot;dsTransID&quot;:&quot;c498c15d-8160-4ac1-8cd6-bd8118af5a61&quot;,&quot;transStatusReason&quot;:&quot;09&quot;,&quot;acsOperatorID&quot;:&quot;ACS_OPERATOR_ID&quot;,&quot;messageVersion&quot;:&quot;2.1.0&quot;,&quot;transStatus&quot;:&quot;R&quot;,&quot;threeDSServerTransID&quot;:&quot;b8a8678d-07b2-4da4-bdee-2dbb46a50c43&quot;}
	at org.testng.Assert.fail(Assert.java:94)
	at com.ca.tds.main.TDSFlowTest.brwPreAreq(TDSFlowTest.java:176)
	at sun.reflect.NativeMethodAccessorImpl.invoke0(Native Method)
	at sun.reflect.NativeMethodAccessorImpl.invoke(NativeMethodAccessorImpl.java:62)
	at sun.reflect.DelegatingMethodAccessorImpl.invoke(DelegatingMethodAccessorImpl.java:43)
	at java.lang.reflect.Method.invoke(Method.java:498)
	at org.testng.internal.MethodInvocationHelper.invokeMethod(MethodInvocationHelper.java:85)
	at org.testng.internal.Invoker.invokeMethod(Invoker.java:639)
	at org.testng.internal.Invoker.invokeTestMethod(Invoker.java:821)
	at org.testng.internal.Invoker.invokeTestMethods(Invoker.java:1131)
	at org.testng.internal.TestMethodWorker.invokeTestMethods(TestMethodWorker.java:124)
	at org.testng.internal.TestMethodWorker.run(TestMethodWorker.java:108)
	at java.util.concurrent.ThreadPoolExecutor.runWorker(ThreadPoolExecutor.java:1149)
	at java.util.concurrent.ThreadPoolExecutor$Worker.run(ThreadPoolExecutor.java:624)
	at java.lang.Thread.run(Thread.java:748)
</pre></div></td>
<td>0</td>
<td>com.ca.tds.main.TDSFlowTest@6c2c1385</td></tr>
<tr>
<td title='com.ca.tds.main.TDSFlowTest.brwPreAreq()'><b>brwPreAreq</b><br>Test class: com.ca.tds.main.TDSFlowTest</td>
<td><div><pre>java.lang.AssertionError: ARes response json schema validation failed.&lt;br&gt;expected minLength: 17, actual: 4&lt;br&gt; api response : {&quot;acsTransID&quot;:&quot;34cb74d8-4493-4d0a-b259-28c4ad44b77b&quot;,&quot;dsName&quot;:&quot;amex&quot;,&quot;eci&quot;:&quot;07&quot;,&quot;callerTxnRefID&quot;:&quot;341b7153-da86-4543-860f-2ba47f0168a5&quot;,&quot;dsReferenceNumber&quot;:&quot;CADS&quot;,&quot;acsReferenceNumber&quot;:&quot;ABCDEF987654321&quot;,&quot;XID&quot;:&quot;0201000023fd6ee895ff49eea1d61a16e5a5d7c8&quot;,&quot;messageType&quot;:&quot;ARes&quot;,&quot;dsTransID&quot;:&quot;23fd6ee8-95ff-49ee-a1d6-1a16e5a5d7c8&quot;,&quot;transStatusReason&quot;:&quot;09&quot;,&quot;acsOperatorID&quot;:&quot;ACS_OPERATOR_ID&quot;,&quot;messageVersion&quot;:&quot;2.1.0&quot;,&quot;transStatus&quot;:&quot;R&quot;,&quot;threeDSServerTransID&quot;:&quot;168f1642-64aa-451e-abb2-0da14d56b9d3&quot;}
	at com.ca.tds.main.TDSFlowTest.brwPreAreq(TDSFlowTest.java:176)
	at java.util.concurrent.ThreadPoolExecutor.runWorker(ThreadPoolExecutor.java:1149)
	at java.util.concurrent.ThreadPoolExecutor$Worker.run(ThreadPoolExecutor.java:624)
	at java.lang.Thread.run(Thread.java:748)
... Removed 11 stack frames</pre></div><a href='#' onClick='toggleBox("stack-trace446740666", this, "Click to show all stack frames", "Click to hide stack frames")'>Click to show all stack frames</a>
<div class='stack-trace' id='stack-trace446740666'><pre>java.lang.AssertionError: ARes response json schema validation failed.&lt;br&gt;expected minLength: 17, actual: 4&lt;br&gt; api response : {&quot;acsTransID&quot;:&quot;34cb74d8-4493-4d0a-b259-28c4ad44b77b&quot;,&quot;dsName&quot;:&quot;amex&quot;,&quot;eci&quot;:&quot;07&quot;,&quot;callerTxnRefID&quot;:&quot;341b7153-da86-4543-860f-2ba47f0168a5&quot;,&quot;dsReferenceNumber&quot;:&quot;CADS&quot;,&quot;acsReferenceNumber&quot;:&quot;ABCDEF987654321&quot;,&quot;XID&quot;:&quot;0201000023fd6ee895ff49eea1d61a16e5a5d7c8&quot;,&quot;messageType&quot;:&quot;ARes&quot;,&quot;dsTransID&quot;:&quot;23fd6ee8-95ff-49ee-a1d6-1a16e5a5d7c8&quot;,&quot;transStatusReason&quot;:&quot;09&quot;,&quot;acsOperatorID&quot;:&quot;ACS_OPERATOR_ID&quot;,&quot;messageVersion&quot;:&quot;2.1.0&quot;,&quot;transStatus&quot;:&quot;R&quot;,&quot;threeDSServerTransID&quot;:&quot;168f1642-64aa-451e-abb2-0da14d56b9d3&quot;}
	at org.testng.Assert.fail(Assert.java:94)
	at com.ca.tds.main.TDSFlowTest.brwPreAreq(TDSFlowTest.java:176)
	at sun.reflect.NativeMethodAccessorImpl.invoke0(Native Method)
	at sun.reflect.NativeMethodAccessorImpl.invoke(NativeMethodAccessorImpl.java:62)
	at sun.reflect.DelegatingMethodAccessorImpl.invoke(DelegatingMethodAccessorImpl.java:43)
	at java.lang.reflect.Method.invoke(Method.java:498)
	at org.testng.internal.MethodInvocationHelper.invokeMethod(MethodInvocationHelper.java:85)
	at org.testng.internal.Invoker.invokeMethod(Invoker.java:639)
	at org.testng.internal.Invoker.invokeTestMethod(Invoker.java:821)
	at org.testng.internal.Invoker.invokeTestMethods(Invoker.java:1131)
	at org.testng.internal.TestMethodWorker.invokeTestMethods(TestMethodWorker.java:124)
	at org.testng.internal.TestMethodWorker.run(TestMethodWorker.java:108)
	at java.util.concurrent.ThreadPoolExecutor.runWorker(ThreadPoolExecutor.java:1149)
	at java.util.concurrent.ThreadPoolExecutor$Worker.run(ThreadPoolExecutor.java:624)
	at java.lang.Thread.run(Thread.java:748)
</pre></div></td>
<td>0</td>
<td>com.ca.tds.main.TDSFlowTest@3d9c13b5</td></tr>
<tr>
<td title='com.ca.tds.main.TDSFlowTest.brwPreAreq()'><b>brwPreAreq</b><br>Test class: com.ca.tds.main.TDSFlowTest</td>
<td><div><pre>java.lang.AssertionError: ARes response json schema validation failed.&lt;br&gt;expected minLength: 17, actual: 4&lt;br&gt; api response : {&quot;acsTransID&quot;:&quot;50be9710-5095-4cdd-87a2-65d7944b150c&quot;,&quot;dsName&quot;:&quot;amex&quot;,&quot;eci&quot;:&quot;07&quot;,&quot;callerTxnRefID&quot;:&quot;341b7153-da86-4543-860f-2ba47f0168a5&quot;,&quot;dsReferenceNumber&quot;:&quot;CADS&quot;,&quot;acsReferenceNumber&quot;:&quot;ABCDEF987654321&quot;,&quot;XID&quot;:&quot;02010000ed9a337916ca4f128ca667c200678adb&quot;,&quot;messageType&quot;:&quot;ARes&quot;,&quot;dsTransID&quot;:&quot;ed9a3379-16ca-4f12-8ca6-67c200678adb&quot;,&quot;transStatusReason&quot;:&quot;09&quot;,&quot;acsOperatorID&quot;:&quot;ACS_OPERATOR_ID&quot;,&quot;messageVersion&quot;:&quot;2.1.0&quot;,&quot;transStatus&quot;:&quot;R&quot;,&quot;threeDSServerTransID&quot;:&quot;db914936-12d6-46f3-a27c-9cb2d319e0ce&quot;}
	at com.ca.tds.main.TDSFlowTest.brwPreAreq(TDSFlowTest.java:176)
	at java.util.concurrent.ThreadPoolExecutor.runWorker(ThreadPoolExecutor.java:1149)
	at java.util.concurrent.ThreadPoolExecutor$Worker.run(ThreadPoolExecutor.java:624)
	at java.lang.Thread.run(Thread.java:748)
... Removed 11 stack frames</pre></div><a href='#' onClick='toggleBox("stack-trace292417104", this, "Click to show all stack frames", "Click to hide stack frames")'>Click to show all stack frames</a>
<div class='stack-trace' id='stack-trace292417104'><pre>java.lang.AssertionError: ARes response json schema validation failed.&lt;br&gt;expected minLength: 17, actual: 4&lt;br&gt; api response : {&quot;acsTransID&quot;:&quot;50be9710-5095-4cdd-87a2-65d7944b150c&quot;,&quot;dsName&quot;:&quot;amex&quot;,&quot;eci&quot;:&quot;07&quot;,&quot;callerTxnRefID&quot;:&quot;341b7153-da86-4543-860f-2ba47f0168a5&quot;,&quot;dsReferenceNumber&quot;:&quot;CADS&quot;,&quot;acsReferenceNumber&quot;:&quot;ABCDEF987654321&quot;,&quot;XID&quot;:&quot;02010000ed9a337916ca4f128ca667c200678adb&quot;,&quot;messageType&quot;:&quot;ARes&quot;,&quot;dsTransID&quot;:&quot;ed9a3379-16ca-4f12-8ca6-67c200678adb&quot;,&quot;transStatusReason&quot;:&quot;09&quot;,&quot;acsOperatorID&quot;:&quot;ACS_OPERATOR_ID&quot;,&quot;messageVersion&quot;:&quot;2.1.0&quot;,&quot;transStatus&quot;:&quot;R&quot;,&quot;threeDSServerTransID&quot;:&quot;db914936-12d6-46f3-a27c-9cb2d319e0ce&quot;}
	at org.testng.Assert.fail(Assert.java:94)
	at com.ca.tds.main.TDSFlowTest.brwPreAreq(TDSFlowTest.java:176)
	at sun.reflect.NativeMethodAccessorImpl.invoke0(Native Method)
	at sun.reflect.NativeMethodAccessorImpl.invoke(NativeMethodAccessorImpl.java:62)
	at sun.reflect.DelegatingMethodAccessorImpl.invoke(DelegatingMethodAccessorImpl.java:43)
	at java.lang.reflect.Method.invoke(Method.java:498)
	at org.testng.internal.MethodInvocationHelper.invokeMethod(MethodInvocationHelper.java:85)
	at org.testng.internal.Invoker.invokeMethod(Invoker.java:639)
	at org.testng.internal.Invoker.invokeTestMethod(Invoker.java:821)
	at org.testng.internal.Invoker.invokeTestMethods(Invoker.java:1131)
	at org.testng.internal.TestMethodWorker.invokeTestMethods(TestMethodWorker.java:124)
	at org.testng.internal.TestMethodWorker.run(TestMethodWorker.java:108)
	at java.util.concurrent.ThreadPoolExecutor.runWorker(ThreadPoolExecutor.java:1149)
	at java.util.concurrent.ThreadPoolExecutor$Worker.run(ThreadPoolExecutor.java:624)
	at java.lang.Thread.run(Thread.java:748)
</pre></div></td>
<td>0</td>
<td>com.ca.tds.main.TDSFlowTest@15713d56</td></tr>
<tr>
<td title='com.ca.tds.main.TDSFlowTest.brwPreAreq()'><b>brwPreAreq</b><br>Test class: com.ca.tds.main.TDSFlowTest</td>
<td><div><pre>java.lang.AssertionError: ARes response json schema validation failed.&lt;br&gt;expected minLength: 17, actual: 4&lt;br&gt; api response : {&quot;acsTransID&quot;:&quot;7dca6666-f528-4969-b53d-3dddf1d6ea5b&quot;,&quot;dsName&quot;:&quot;amex&quot;,&quot;eci&quot;:&quot;07&quot;,&quot;callerTxnRefID&quot;:&quot;341b7153-da86-4543-860f-2ba47f0168a5&quot;,&quot;dsReferenceNumber&quot;:&quot;CADS&quot;,&quot;acsReferenceNumber&quot;:&quot;ABCDEF987654321&quot;,&quot;XID&quot;:&quot;02010000d19820813daa477b934cd2763ad24366&quot;,&quot;messageType&quot;:&quot;ARes&quot;,&quot;dsTransID&quot;:&quot;d1982081-3daa-477b-934c-d2763ad24366&quot;,&quot;transStatusReason&quot;:&quot;09&quot;,&quot;acsOperatorID&quot;:&quot;ACS_OPERATOR_ID&quot;,&quot;messageVersion&quot;:&quot;2.1.0&quot;,&quot;transStatus&quot;:&quot;R&quot;,&quot;threeDSServerTransID&quot;:&quot;a309e6b7-58bb-4ccb-a191-f3466aee57bc&quot;}
	at com.ca.tds.main.TDSFlowTest.brwPreAreq(TDSFlowTest.java:176)
	at java.util.concurrent.ThreadPoolExecutor.runWorker(ThreadPoolExecutor.java:1149)
	at java.util.concurrent.ThreadPoolExecutor$Worker.run(ThreadPoolExecutor.java:624)
	at java.lang.Thread.run(Thread.java:748)
... Removed 11 stack frames</pre></div><a href='#' onClick='toggleBox("stack-trace768777566", this, "Click to show all stack frames", "Click to hide stack frames")'>Click to show all stack frames</a>
<div class='stack-trace' id='stack-trace768777566'><pre>java.lang.AssertionError: ARes response json schema validation failed.&lt;br&gt;expected minLength: 17, actual: 4&lt;br&gt; api response : {&quot;acsTransID&quot;:&quot;7dca6666-f528-4969-b53d-3dddf1d6ea5b&quot;,&quot;dsName&quot;:&quot;amex&quot;,&quot;eci&quot;:&quot;07&quot;,&quot;callerTxnRefID&quot;:&quot;341b7153-da86-4543-860f-2ba47f0168a5&quot;,&quot;dsReferenceNumber&quot;:&quot;CADS&quot;,&quot;acsReferenceNumber&quot;:&quot;ABCDEF987654321&quot;,&quot;XID&quot;:&quot;02010000d19820813daa477b934cd2763ad24366&quot;,&quot;messageType&quot;:&quot;ARes&quot;,&quot;dsTransID&quot;:&quot;d1982081-3daa-477b-934c-d2763ad24366&quot;,&quot;transStatusReason&quot;:&quot;09&quot;,&quot;acsOperatorID&quot;:&quot;ACS_OPERATOR_ID&quot;,&quot;messageVersion&quot;:&quot;2.1.0&quot;,&quot;transStatus&quot;:&quot;R&quot;,&quot;threeDSServerTransID&quot;:&quot;a309e6b7-58bb-4ccb-a191-f3466aee57bc&quot;}
	at org.testng.Assert.fail(Assert.java:94)
	at com.ca.tds.main.TDSFlowTest.brwPreAreq(TDSFlowTest.java:176)
	at sun.reflect.NativeMethodAccessorImpl.invoke0(Native Method)
	at sun.reflect.NativeMethodAccessorImpl.invoke(NativeMethodAccessorImpl.java:62)
	at sun.reflect.DelegatingMethodAccessorImpl.invoke(DelegatingMethodAccessorImpl.java:43)
	at java.lang.reflect.Method.invoke(Method.java:498)
	at org.testng.internal.MethodInvocationHelper.invokeMethod(MethodInvocationHelper.java:85)
	at org.testng.internal.Invoker.invokeMethod(Invoker.java:639)
	at org.testng.internal.Invoker.invokeTestMethod(Invoker.java:821)
	at org.testng.internal.Invoker.invokeTestMethods(Invoker.java:1131)
	at org.testng.internal.TestMethodWorker.invokeTestMethods(TestMethodWorker.java:124)
	at org.testng.internal.TestMethodWorker.run(TestMethodWorker.java:108)
	at java.util.concurrent.ThreadPoolExecutor.runWorker(ThreadPoolExecutor.java:1149)
	at java.util.concurrent.ThreadPoolExecutor$Worker.run(ThreadPoolExecutor.java:624)
	at java.lang.Thread.run(Thread.java:748)
</pre></div></td>
<td>0</td>
<td>com.ca.tds.main.TDSFlowTest@26ceffa8</td></tr>
<tr>
<td title='com.ca.tds.main.TDSFlowTest.brwPreAreq()'><b>brwPreAreq</b><br>Test class: com.ca.tds.main.TDSFlowTest</td>
<td><div><pre>java.lang.AssertionError: ARes response json schema validation failed.&lt;br&gt;expected minLength: 17, actual: 4&lt;br&gt; api response : {&quot;acsTransID&quot;:&quot;1d9fe963-5f9a-47bb-aedb-456078c2fc03&quot;,&quot;dsName&quot;:&quot;amex&quot;,&quot;eci&quot;:&quot;07&quot;,&quot;callerTxnRefID&quot;:&quot;341b7153-da86-4543-860f-2ba47f0168a5&quot;,&quot;dsReferenceNumber&quot;:&quot;CADS&quot;,&quot;acsReferenceNumber&quot;:&quot;ABCDEF987654321&quot;,&quot;XID&quot;:&quot;0201000073229cc9330c42a3979242c1da384d9b&quot;,&quot;messageType&quot;:&quot;ARes&quot;,&quot;dsTransID&quot;:&quot;73229cc9-330c-42a3-9792-42c1da384d9b&quot;,&quot;transStatusReason&quot;:&quot;09&quot;,&quot;acsOperatorID&quot;:&quot;ACS_OPERATOR_ID&quot;,&quot;messageVersion&quot;:&quot;2.1.0&quot;,&quot;transStatus&quot;:&quot;R&quot;,&quot;threeDSServerTransID&quot;:&quot;69c084b0-e5ed-408e-9c4e-cddedef63a2b&quot;}
	at com.ca.tds.main.TDSFlowTest.brwPreAreq(TDSFlowTest.java:176)
	at java.util.concurrent.ThreadPoolExecutor.runWorker(ThreadPoolExecutor.java:1149)
	at java.util.concurrent.ThreadPoolExecutor$Worker.run(ThreadPoolExecutor.java:624)
	at java.lang.Thread.run(Thread.java:748)
... Removed 11 stack frames</pre></div><a href='#' onClick='toggleBox("stack-trace1897133461", this, "Click to show all stack frames", "Click to hide stack frames")'>Click to show all stack frames</a>
<div class='stack-trace' id='stack-trace1897133461'><pre>java.lang.AssertionError: ARes response json schema validation failed.&lt;br&gt;expected minLength: 17, actual: 4&lt;br&gt; api response : {&quot;acsTransID&quot;:&quot;1d9fe963-5f9a-47bb-aedb-456078c2fc03&quot;,&quot;dsName&quot;:&quot;amex&quot;,&quot;eci&quot;:&quot;07&quot;,&quot;callerTxnRefID&quot;:&quot;341b7153-da86-4543-860f-2ba47f0168a5&quot;,&quot;dsReferenceNumber&quot;:&quot;CADS&quot;,&quot;acsReferenceNumber&quot;:&quot;ABCDEF987654321&quot;,&quot;XID&quot;:&quot;0201000073229cc9330c42a3979242c1da384d9b&quot;,&quot;messageType&quot;:&quot;ARes&quot;,&quot;dsTransID&quot;:&quot;73229cc9-330c-42a3-9792-42c1da384d9b&quot;,&quot;transStatusReason&quot;:&quot;09&quot;,&quot;acsOperatorID&quot;:&quot;ACS_OPERATOR_ID&quot;,&quot;messageVersion&quot;:&quot;2.1.0&quot;,&quot;transStatus&quot;:&quot;R&quot;,&quot;threeDSServerTransID&quot;:&quot;69c084b0-e5ed-408e-9c4e-cddedef63a2b&quot;}
	at org.testng.Assert.fail(Assert.java:94)
	at com.ca.tds.main.TDSFlowTest.brwPreAreq(TDSFlowTest.java:176)
	at sun.reflect.NativeMethodAccessorImpl.invoke0(Native Method)
	at sun.reflect.NativeMethodAccessorImpl.invoke(NativeMethodAccessorImpl.java:62)
	at sun.reflect.DelegatingMethodAccessorImpl.invoke(DelegatingMethodAccessorImpl.java:43)
	at java.lang.reflect.Method.invoke(Method.java:498)
	at org.testng.internal.MethodInvocationHelper.invokeMethod(MethodInvocationHelper.java:85)
	at org.testng.internal.Invoker.invokeMethod(Invoker.java:639)
	at org.testng.internal.Invoker.invokeTestMethod(Invoker.java:821)
	at org.testng.internal.Invoker.invokeTestMethods(Invoker.java:1131)
	at org.testng.internal.TestMethodWorker.invokeTestMethods(TestMethodWorker.java:124)
	at org.testng.internal.TestMethodWorker.run(TestMethodWorker.java:108)
	at java.util.concurrent.ThreadPoolExecutor.runWorker(ThreadPoolExecutor.java:1149)
	at java.util.concurrent.ThreadPoolExecutor$Worker.run(ThreadPoolExecutor.java:624)
	at java.lang.Thread.run(Thread.java:748)
</pre></div></td>
<td>0</td>
<td>com.ca.tds.main.TDSFlowTest@7a67e3c6</td></tr>
<tr>
<td title='com.ca.tds.main.TDSFlowTest.brwPreAreq()'><b>brwPreAreq</b><br>Test class: com.ca.tds.main.TDSFlowTest</td>
<td><div><pre>java.lang.AssertionError: ARes response json schema validation failed.&lt;br&gt;expected minLength: 17, actual: 4&lt;br&gt; api response : {&quot;acsTransID&quot;:&quot;2c27600e-278a-4241-99bf-9e88a2464647&quot;,&quot;dsName&quot;:&quot;amex&quot;,&quot;eci&quot;:&quot;07&quot;,&quot;callerTxnRefID&quot;:&quot;341b7153-da86-4543-860f-2ba47f0168a5&quot;,&quot;dsReferenceNumber&quot;:&quot;CADS&quot;,&quot;acsReferenceNumber&quot;:&quot;ABCDEF987654321&quot;,&quot;XID&quot;:&quot;02010000cc6ebe437ef040b6960a66a635654ef5&quot;,&quot;messageType&quot;:&quot;ARes&quot;,&quot;dsTransID&quot;:&quot;cc6ebe43-7ef0-40b6-960a-66a635654ef5&quot;,&quot;transStatusReason&quot;:&quot;09&quot;,&quot;acsOperatorID&quot;:&quot;ACS_OPERATOR_ID&quot;,&quot;messageVersion&quot;:&quot;2.1.0&quot;,&quot;transStatus&quot;:&quot;R&quot;,&quot;threeDSServerTransID&quot;:&quot;bcc3c2d1-f9e8-4360-83d3-acf2481e5690&quot;}
	at com.ca.tds.main.TDSFlowTest.brwPreAreq(TDSFlowTest.java:176)
	at java.util.concurrent.ThreadPoolExecutor.runWorker(ThreadPoolExecutor.java:1149)
	at java.util.concurrent.ThreadPoolExecutor$Worker.run(ThreadPoolExecutor.java:624)
	at java.lang.Thread.run(Thread.java:748)
... Removed 11 stack frames</pre></div><a href='#' onClick='toggleBox("stack-trace665722796", this, "Click to show all stack frames", "Click to hide stack frames")'>Click to show all stack frames</a>
<div class='stack-trace' id='stack-trace665722796'><pre>java.lang.AssertionError: ARes response json schema validation failed.&lt;br&gt;expected minLength: 17, actual: 4&lt;br&gt; api response : {&quot;acsTransID&quot;:&quot;2c27600e-278a-4241-99bf-9e88a2464647&quot;,&quot;dsName&quot;:&quot;amex&quot;,&quot;eci&quot;:&quot;07&quot;,&quot;callerTxnRefID&quot;:&quot;341b7153-da86-4543-860f-2ba47f0168a5&quot;,&quot;dsReferenceNumber&quot;:&quot;CADS&quot;,&quot;acsReferenceNumber&quot;:&quot;ABCDEF987654321&quot;,&quot;XID&quot;:&quot;02010000cc6ebe437ef040b6960a66a635654ef5&quot;,&quot;messageType&quot;:&quot;ARes&quot;,&quot;dsTransID&quot;:&quot;cc6ebe43-7ef0-40b6-960a-66a635654ef5&quot;,&quot;transStatusReason&quot;:&quot;09&quot;,&quot;acsOperatorID&quot;:&quot;ACS_OPERATOR_ID&quot;,&quot;messageVersion&quot;:&quot;2.1.0&quot;,&quot;transStatus&quot;:&quot;R&quot;,&quot;threeDSServerTransID&quot;:&quot;bcc3c2d1-f9e8-4360-83d3-acf2481e5690&quot;}
	at org.testng.Assert.fail(Assert.java:94)
	at com.ca.tds.main.TDSFlowTest.brwPreAreq(TDSFlowTest.java:176)
	at sun.reflect.NativeMethodAccessorImpl.invoke0(Native Method)
	at sun.reflect.NativeMethodAccessorImpl.invoke(NativeMethodAccessorImpl.java:62)
	at sun.reflect.DelegatingMethodAccessorImpl.invoke(DelegatingMethodAccessorImpl.java:43)
	at java.lang.reflect.Method.invoke(Method.java:498)
	at org.testng.internal.MethodInvocationHelper.invokeMethod(MethodInvocationHelper.java:85)
	at org.testng.internal.Invoker.invokeMethod(Invoker.java:639)
	at org.testng.internal.Invoker.invokeTestMethod(Invoker.java:821)
	at org.testng.internal.Invoker.invokeTestMethods(Invoker.java:1131)
	at org.testng.internal.TestMethodWorker.invokeTestMethods(TestMethodWorker.java:124)
	at org.testng.internal.TestMethodWorker.run(TestMethodWorker.java:108)
	at java.util.concurrent.ThreadPoolExecutor.runWorker(ThreadPoolExecutor.java:1149)
	at java.util.concurrent.ThreadPoolExecutor$Worker.run(ThreadPoolExecutor.java:624)
	at java.lang.Thread.run(Thread.java:748)
</pre></div></td>
<td>0</td>
<td>com.ca.tds.main.TDSFlowTest@146dfe6</td></tr>
<tr>
<td title='com.ca.tds.main.TDSFlowTest.brwPreAreq()'><b>brwPreAreq</b><br>Test class: com.ca.tds.main.TDSFlowTest</td>
<td><div><pre>java.lang.AssertionError: ARes response json schema validation failed.&lt;br&gt;expected minLength: 17, actual: 4&lt;br&gt; api response : {&quot;acsTransID&quot;:&quot;4042dc17-427e-4524-855b-744738105ed9&quot;,&quot;dsName&quot;:&quot;amex&quot;,&quot;eci&quot;:&quot;07&quot;,&quot;callerTxnRefID&quot;:&quot;341b7153-da86-4543-860f-2ba47f0168a5&quot;,&quot;dsReferenceNumber&quot;:&quot;CADS&quot;,&quot;acsReferenceNumber&quot;:&quot;ABCDEF987654321&quot;,&quot;XID&quot;:&quot;02010000bb1d352509d0476b8e931954548637f6&quot;,&quot;messageType&quot;:&quot;ARes&quot;,&quot;dsTransID&quot;:&quot;bb1d3525-09d0-476b-8e93-1954548637f6&quot;,&quot;transStatusReason&quot;:&quot;09&quot;,&quot;acsOperatorID&quot;:&quot;ACS_OPERATOR_ID&quot;,&quot;messageVersion&quot;:&quot;2.1.0&quot;,&quot;transStatus&quot;:&quot;R&quot;,&quot;threeDSServerTransID&quot;:&quot;5a907cd2-4c37-4a9a-a3a3-67bc7d69e5a7&quot;}
	at com.ca.tds.main.TDSFlowTest.brwPreAreq(TDSFlowTest.java:176)
	at java.util.concurrent.ThreadPoolExecutor.runWorker(ThreadPoolExecutor.java:1149)
	at java.util.concurrent.ThreadPoolExecutor$Worker.run(ThreadPoolExecutor.java:624)
	at java.lang.Thread.run(Thread.java:748)
... Removed 11 stack frames</pre></div><a href='#' onClick='toggleBox("stack-trace1787233991", this, "Click to show all stack frames", "Click to hide stack frames")'>Click to show all stack frames</a>
<div class='stack-trace' id='stack-trace1787233991'><pre>java.lang.AssertionError: ARes response json schema validation failed.&lt;br&gt;expected minLength: 17, actual: 4&lt;br&gt; api response : {&quot;acsTransID&quot;:&quot;4042dc17-427e-4524-855b-744738105ed9&quot;,&quot;dsName&quot;:&quot;amex&quot;,&quot;eci&quot;:&quot;07&quot;,&quot;callerTxnRefID&quot;:&quot;341b7153-da86-4543-860f-2ba47f0168a5&quot;,&quot;dsReferenceNumber&quot;:&quot;CADS&quot;,&quot;acsReferenceNumber&quot;:&quot;ABCDEF987654321&quot;,&quot;XID&quot;:&quot;02010000bb1d352509d0476b8e931954548637f6&quot;,&quot;messageType&quot;:&quot;ARes&quot;,&quot;dsTransID&quot;:&quot;bb1d3525-09d0-476b-8e93-1954548637f6&quot;,&quot;transStatusReason&quot;:&quot;09&quot;,&quot;acsOperatorID&quot;:&quot;ACS_OPERATOR_ID&quot;,&quot;messageVersion&quot;:&quot;2.1.0&quot;,&quot;transStatus&quot;:&quot;R&quot;,&quot;threeDSServerTransID&quot;:&quot;5a907cd2-4c37-4a9a-a3a3-67bc7d69e5a7&quot;}
	at org.testng.Assert.fail(Assert.java:94)
	at com.ca.tds.main.TDSFlowTest.brwPreAreq(TDSFlowTest.java:176)
	at sun.reflect.NativeMethodAccessorImpl.invoke0(Native Method)
	at sun.reflect.NativeMethodAccessorImpl.invoke(NativeMethodAccessorImpl.java:62)
	at sun.reflect.DelegatingMethodAccessorImpl.invoke(DelegatingMethodAccessorImpl.java:43)
	at java.lang.reflect.Method.invoke(Method.java:498)
	at org.testng.internal.MethodInvocationHelper.invokeMethod(MethodInvocationHelper.java:85)
	at org.testng.internal.Invoker.invokeMethod(Invoker.java:639)
	at org.testng.internal.Invoker.invokeTestMethod(Invoker.java:821)
	at org.testng.internal.Invoker.invokeTestMethods(Invoker.java:1131)
	at org.testng.internal.TestMethodWorker.invokeTestMethods(TestMethodWorker.java:124)
	at org.testng.internal.TestMethodWorker.run(TestMethodWorker.java:108)
	at java.util.concurrent.ThreadPoolExecutor.runWorker(ThreadPoolExecutor.java:1149)
	at java.util.concurrent.ThreadPoolExecutor$Worker.run(ThreadPoolExecutor.java:624)
	at java.lang.Thread.run(Thread.java:748)
</pre></div></td>
<td>0</td>
<td>com.ca.tds.main.TDSFlowTest@7b205dbd</td></tr>
<tr>
<td title='com.ca.tds.main.TDSFlowTest.brwPreAreq()'><b>brwPreAreq</b><br>Test class: com.ca.tds.main.TDSFlowTest</td>
<td><div><pre>java.lang.AssertionError: ARes response json schema validation failed.&lt;br&gt;expected minLength: 17, actual: 4&lt;br&gt; api response : {&quot;acsTransID&quot;:&quot;ea1ab8d5-de67-440b-a7f1-231da38bec4b&quot;,&quot;dsName&quot;:&quot;amex&quot;,&quot;eci&quot;:&quot;07&quot;,&quot;callerTxnRefID&quot;:&quot;341b7153-da86-4543-860f-2ba47f0168a5&quot;,&quot;dsReferenceNumber&quot;:&quot;CADS&quot;,&quot;acsReferenceNumber&quot;:&quot;ABCDEF987654321&quot;,&quot;XID&quot;:&quot;0201000057ad0d56d4e8489ab725a60b0b19c8e0&quot;,&quot;messageType&quot;:&quot;ARes&quot;,&quot;dsTransID&quot;:&quot;57ad0d56-d4e8-489a-b725-a60b0b19c8e0&quot;,&quot;transStatusReason&quot;:&quot;09&quot;,&quot;acsOperatorID&quot;:&quot;ACS_OPERATOR_ID&quot;,&quot;messageVersion&quot;:&quot;2.1.0&quot;,&quot;transStatus&quot;:&quot;R&quot;,&quot;threeDSServerTransID&quot;:&quot;c15826e5-e53a-419d-822a-c69f8f1b54b7&quot;}
	at com.ca.tds.main.TDSFlowTest.brwPreAreq(TDSFlowTest.java:176)
	at java.util.concurrent.ThreadPoolExecutor.runWorker(ThreadPoolExecutor.java:1149)
	at java.util.concurrent.ThreadPoolExecutor$Worker.run(ThreadPoolExecutor.java:624)
	at java.lang.Thread.run(Thread.java:748)
... Removed 11 stack frames</pre></div><a href='#' onClick='toggleBox("stack-trace1700231497", this, "Click to show all stack frames", "Click to hide stack frames")'>Click to show all stack frames</a>
<div class='stack-trace' id='stack-trace1700231497'><pre>java.lang.AssertionError: ARes response json schema validation failed.&lt;br&gt;expected minLength: 17, actual: 4&lt;br&gt; api response : {&quot;acsTransID&quot;:&quot;ea1ab8d5-de67-440b-a7f1-231da38bec4b&quot;,&quot;dsName&quot;:&quot;amex&quot;,&quot;eci&quot;:&quot;07&quot;,&quot;callerTxnRefID&quot;:&quot;341b7153-da86-4543-860f-2ba47f0168a5&quot;,&quot;dsReferenceNumber&quot;:&quot;CADS&quot;,&quot;acsReferenceNumber&quot;:&quot;ABCDEF987654321&quot;,&quot;XID&quot;:&quot;0201000057ad0d56d4e8489ab725a60b0b19c8e0&quot;,&quot;messageType&quot;:&quot;ARes&quot;,&quot;dsTransID&quot;:&quot;57ad0d56-d4e8-489a-b725-a60b0b19c8e0&quot;,&quot;transStatusReason&quot;:&quot;09&quot;,&quot;acsOperatorID&quot;:&quot;ACS_OPERATOR_ID&quot;,&quot;messageVersion&quot;:&quot;2.1.0&quot;,&quot;transStatus&quot;:&quot;R&quot;,&quot;threeDSServerTransID&quot;:&quot;c15826e5-e53a-419d-822a-c69f8f1b54b7&quot;}
	at org.testng.Assert.fail(Assert.java:94)
	at com.ca.tds.main.TDSFlowTest.brwPreAreq(TDSFlowTest.java:176)
	at sun.reflect.NativeMethodAccessorImpl.invoke0(Native Method)
	at sun.reflect.NativeMethodAccessorImpl.invoke(NativeMethodAccessorImpl.java:62)
	at sun.reflect.DelegatingMethodAccessorImpl.invoke(DelegatingMethodAccessorImpl.java:43)
	at java.lang.reflect.Method.invoke(Method.java:498)
	at org.testng.internal.MethodInvocationHelper.invokeMethod(MethodInvocationHelper.java:85)
	at org.testng.internal.Invoker.invokeMethod(Invoker.java:639)
	at org.testng.internal.Invoker.invokeTestMethod(Invoker.java:821)
	at org.testng.internal.Invoker.invokeTestMethods(Invoker.java:1131)
	at org.testng.internal.TestMethodWorker.invokeTestMethods(TestMethodWorker.java:124)
	at org.testng.internal.TestMethodWorker.run(TestMethodWorker.java:108)
	at java.util.concurrent.ThreadPoolExecutor.runWorker(ThreadPoolExecutor.java:1149)
	at java.util.concurrent.ThreadPoolExecutor$Worker.run(ThreadPoolExecutor.java:624)
	at java.lang.Thread.run(Thread.java:748)
</pre></div></td>
<td>0</td>
<td>com.ca.tds.main.TDSFlowTest@4716be8b</td></tr>
<tr>
<td title='com.ca.tds.main.TDSFlowTest.brwPreAreq()'><b>brwPreAreq</b><br>Test class: com.ca.tds.main.TDSFlowTest</td>
<td><div><pre>java.lang.AssertionError: ARes response json schema validation failed.&lt;br&gt;expected minLength: 17, actual: 4&lt;br&gt; api response : {&quot;acsTransID&quot;:&quot;de7587fb-38b9-4d1c-87d0-7f53792261e4&quot;,&quot;dsName&quot;:&quot;amex&quot;,&quot;eci&quot;:&quot;07&quot;,&quot;callerTxnRefID&quot;:&quot;341b7153-da86-4543-860f-2ba47f0168a5&quot;,&quot;dsReferenceNumber&quot;:&quot;CADS&quot;,&quot;acsReferenceNumber&quot;:&quot;ABCDEF987654321&quot;,&quot;XID&quot;:&quot;02010000f88a3a5b561a4f12a62fdfcaa06dc8bd&quot;,&quot;messageType&quot;:&quot;ARes&quot;,&quot;dsTransID&quot;:&quot;f88a3a5b-561a-4f12-a62f-dfcaa06dc8bd&quot;,&quot;transStatusReason&quot;:&quot;09&quot;,&quot;acsOperatorID&quot;:&quot;ACS_OPERATOR_ID&quot;,&quot;messageVersion&quot;:&quot;2.1.0&quot;,&quot;transStatus&quot;:&quot;R&quot;,&quot;threeDSServerTransID&quot;:&quot;ef499ae3-6543-40d6-bd41-7f1e5534bcea&quot;}
	at com.ca.tds.main.TDSFlowTest.brwPreAreq(TDSFlowTest.java:176)
	at java.util.concurrent.ThreadPoolExecutor.runWorker(ThreadPoolExecutor.java:1149)
	at java.util.concurrent.ThreadPoolExecutor$Worker.run(ThreadPoolExecutor.java:624)
	at java.lang.Thread.run(Thread.java:748)
... Removed 10 stack frames</pre></div><a href='#' onClick='toggleBox("stack-trace1814333473", this, "Click to show all stack frames", "Click to hide stack frames")'>Click to show all stack frames</a>
<div class='stack-trace' id='stack-trace1814333473'><pre>java.lang.AssertionError: ARes response json schema validation failed.&lt;br&gt;expected minLength: 17, actual: 4&lt;br&gt; api response : {&quot;acsTransID&quot;:&quot;de7587fb-38b9-4d1c-87d0-7f53792261e4&quot;,&quot;dsName&quot;:&quot;amex&quot;,&quot;eci&quot;:&quot;07&quot;,&quot;callerTxnRefID&quot;:&quot;341b7153-da86-4543-860f-2ba47f0168a5&quot;,&quot;dsReferenceNumber&quot;:&quot;CADS&quot;,&quot;acsReferenceNumber&quot;:&quot;ABCDEF987654321&quot;,&quot;XID&quot;:&quot;02010000f88a3a5b561a4f12a62fdfcaa06dc8bd&quot;,&quot;messageType&quot;:&quot;ARes&quot;,&quot;dsTransID&quot;:&quot;f88a3a5b-561a-4f12-a62f-dfcaa06dc8bd&quot;,&quot;transStatusReason&quot;:&quot;09&quot;,&quot;acsOperatorID&quot;:&quot;ACS_OPERATOR_ID&quot;,&quot;messageVersion&quot;:&quot;2.1.0&quot;,&quot;transStatus&quot;:&quot;R&quot;,&quot;threeDSServerTransID&quot;:&quot;ef499ae3-6543-40d6-bd41-7f1e5534bcea&quot;}
	at org.testng.Assert.fail(Assert.java:94)
	at com.ca.tds.main.TDSFlowTest.brwPreAreq(TDSFlowTest.java:176)
	at sun.reflect.GeneratedMethodAccessor36.invoke(Unknown Source)
	at sun.reflect.DelegatingMethodAccessorImpl.invoke(DelegatingMethodAccessorImpl.java:43)
	at java.lang.reflect.Method.invoke(Method.java:498)
	at org.testng.internal.MethodInvocationHelper.invokeMethod(MethodInvocationHelper.java:85)
	at org.testng.internal.Invoker.invokeMethod(Invoker.java:639)
	at org.testng.internal.Invoker.invokeTestMethod(Invoker.java:821)
	at org.testng.internal.Invoker.invokeTestMethods(Invoker.java:1131)
	at org.testng.internal.TestMethodWorker.invokeTestMethods(TestMethodWorker.java:124)
	at org.testng.internal.TestMethodWorker.run(TestMethodWorker.java:108)
	at java.util.concurrent.ThreadPoolExecutor.runWorker(ThreadPoolExecutor.java:1149)
	at java.util.concurrent.ThreadPoolExecutor$Worker.run(ThreadPoolExecutor.java:624)
	at java.lang.Thread.run(Thread.java:748)
</pre></div></td>
<td>0</td>
<td>com.ca.tds.main.TDSFlowTest@2c78d320</td></tr>
<tr>
<td title='com.ca.tds.main.TDSFlowTest.brwPreAreq()'><b>brwPreAreq</b><br>Test class: com.ca.tds.main.TDSFlowTest</td>
<td><div><pre>java.lang.AssertionError: ARes response json schema validation failed.&lt;br&gt;expected minLength: 17, actual: 4&lt;br&gt; api response : {&quot;acsTransID&quot;:&quot;fea09560-1ccd-42cf-9935-3172eb7e70d1&quot;,&quot;dsName&quot;:&quot;amex&quot;,&quot;eci&quot;:&quot;07&quot;,&quot;callerTxnRefID&quot;:&quot;341b7153-da86-4543-860f-2ba47f0168a5&quot;,&quot;dsReferenceNumber&quot;:&quot;CADS&quot;,&quot;acsReferenceNumber&quot;:&quot;ABCDEF987654321&quot;,&quot;XID&quot;:&quot;020100004f932cf8b6544dd489703bda4bd23c69&quot;,&quot;messageType&quot;:&quot;ARes&quot;,&quot;dsTransID&quot;:&quot;4f932cf8-b654-4dd4-8970-3bda4bd23c69&quot;,&quot;transStatusReason&quot;:&quot;09&quot;,&quot;acsOperatorID&quot;:&quot;ACS_OPERATOR_ID&quot;,&quot;messageVersion&quot;:&quot;2.1.0&quot;,&quot;transStatus&quot;:&quot;R&quot;,&quot;threeDSServerTransID&quot;:&quot;55b46ac7-413b-44de-985e-526378247e03&quot;}
	at com.ca.tds.main.TDSFlowTest.brwPreAreq(TDSFlowTest.java:176)
	at java.util.concurrent.ThreadPoolExecutor.runWorker(ThreadPoolExecutor.java:1149)
	at java.util.concurrent.ThreadPoolExecutor$Worker.run(ThreadPoolExecutor.java:624)
	at java.lang.Thread.run(Thread.java:748)
... Removed 10 stack frames</pre></div><a href='#' onClick='toggleBox("stack-trace1675408224", this, "Click to show all stack frames", "Click to hide stack frames")'>Click to show all stack frames</a>
<div class='stack-trace' id='stack-trace1675408224'><pre>java.lang.AssertionError: ARes response json schema validation failed.&lt;br&gt;expected minLength: 17, actual: 4&lt;br&gt; api response : {&quot;acsTransID&quot;:&quot;fea09560-1ccd-42cf-9935-3172eb7e70d1&quot;,&quot;dsName&quot;:&quot;amex&quot;,&quot;eci&quot;:&quot;07&quot;,&quot;callerTxnRefID&quot;:&quot;341b7153-da86-4543-860f-2ba47f0168a5&quot;,&quot;dsReferenceNumber&quot;:&quot;CADS&quot;,&quot;acsReferenceNumber&quot;:&quot;ABCDEF987654321&quot;,&quot;XID&quot;:&quot;020100004f932cf8b6544dd489703bda4bd23c69&quot;,&quot;messageType&quot;:&quot;ARes&quot;,&quot;dsTransID&quot;:&quot;4f932cf8-b654-4dd4-8970-3bda4bd23c69&quot;,&quot;transStatusReason&quot;:&quot;09&quot;,&quot;acsOperatorID&quot;:&quot;ACS_OPERATOR_ID&quot;,&quot;messageVersion&quot;:&quot;2.1.0&quot;,&quot;transStatus&quot;:&quot;R&quot;,&quot;threeDSServerTransID&quot;:&quot;55b46ac7-413b-44de-985e-526378247e03&quot;}
	at org.testng.Assert.fail(Assert.java:94)
	at com.ca.tds.main.TDSFlowTest.brwPreAreq(TDSFlowTest.java:176)
	at sun.reflect.GeneratedMethodAccessor36.invoke(Unknown Source)
	at sun.reflect.DelegatingMethodAccessorImpl.invoke(DelegatingMethodAccessorImpl.java:43)
	at java.lang.reflect.Method.invoke(Method.java:498)
	at org.testng.internal.MethodInvocationHelper.invokeMethod(MethodInvocationHelper.java:85)
	at org.testng.internal.Invoker.invokeMethod(Invoker.java:639)
	at org.testng.internal.Invoker.invokeTestMethod(Invoker.java:821)
	at org.testng.internal.Invoker.invokeTestMethods(Invoker.java:1131)
	at org.testng.internal.TestMethodWorker.invokeTestMethods(TestMethodWorker.java:124)
	at org.testng.internal.TestMethodWorker.run(TestMethodWorker.java:108)
	at java.util.concurrent.ThreadPoolExecutor.runWorker(ThreadPoolExecutor.java:1149)
	at java.util.concurrent.ThreadPoolExecutor$Worker.run(ThreadPoolExecutor.java:624)
	at java.lang.Thread.run(Thread.java:748)
</pre></div></td>
<td>0</td>
<td>com.ca.tds.main.TDSFlowTest@d41f816</td></tr>
<tr>
<td title='com.ca.tds.main.TDSFlowTest.brwPreAreq()'><b>brwPreAreq</b><br>Test class: com.ca.tds.main.TDSFlowTest</td>
<td><div><pre>java.lang.AssertionError: ARes response json schema validation failed.&lt;br&gt;expected minLength: 17, actual: 4&lt;br&gt; api response : {&quot;acsTransID&quot;:&quot;9ac8bfe0-3c16-407e-91f3-d0e7cd30e12b&quot;,&quot;dsName&quot;:&quot;amex&quot;,&quot;eci&quot;:&quot;07&quot;,&quot;callerTxnRefID&quot;:&quot;341b7153-da86-4543-860f-2ba47f0168a5&quot;,&quot;dsReferenceNumber&quot;:&quot;CADS&quot;,&quot;acsReferenceNumber&quot;:&quot;ABCDEF987654321&quot;,&quot;XID&quot;:&quot;02010000e000456c55894259a1ea302e5d077726&quot;,&quot;messageType&quot;:&quot;ARes&quot;,&quot;dsTransID&quot;:&quot;e000456c-5589-4259-a1ea-302e5d077726&quot;,&quot;transStatusReason&quot;:&quot;09&quot;,&quot;acsOperatorID&quot;:&quot;ACS_OPERATOR_ID&quot;,&quot;messageVersion&quot;:&quot;2.1.0&quot;,&quot;transStatus&quot;:&quot;R&quot;,&quot;threeDSServerTransID&quot;:&quot;441a3fbd-7c3b-4e17-a6b4-c5f302b0046d&quot;}
	at com.ca.tds.main.TDSFlowTest.brwPreAreq(TDSFlowTest.java:176)
	at java.util.concurrent.ThreadPoolExecutor.runWorker(ThreadPoolExecutor.java:1149)
	at java.util.concurrent.ThreadPoolExecutor$Worker.run(ThreadPoolExecutor.java:624)
	at java.lang.Thread.run(Thread.java:748)
... Removed 10 stack frames</pre></div><a href='#' onClick='toggleBox("stack-trace1675261684", this, "Click to show all stack frames", "Click to hide stack frames")'>Click to show all stack frames</a>
<div class='stack-trace' id='stack-trace1675261684'><pre>java.lang.AssertionError: ARes response json schema validation failed.&lt;br&gt;expected minLength: 17, actual: 4&lt;br&gt; api response : {&quot;acsTransID&quot;:&quot;9ac8bfe0-3c16-407e-91f3-d0e7cd30e12b&quot;,&quot;dsName&quot;:&quot;amex&quot;,&quot;eci&quot;:&quot;07&quot;,&quot;callerTxnRefID&quot;:&quot;341b7153-da86-4543-860f-2ba47f0168a5&quot;,&quot;dsReferenceNumber&quot;:&quot;CADS&quot;,&quot;acsReferenceNumber&quot;:&quot;ABCDEF987654321&quot;,&quot;XID&quot;:&quot;02010000e000456c55894259a1ea302e5d077726&quot;,&quot;messageType&quot;:&quot;ARes&quot;,&quot;dsTransID&quot;:&quot;e000456c-5589-4259-a1ea-302e5d077726&quot;,&quot;transStatusReason&quot;:&quot;09&quot;,&quot;acsOperatorID&quot;:&quot;ACS_OPERATOR_ID&quot;,&quot;messageVersion&quot;:&quot;2.1.0&quot;,&quot;transStatus&quot;:&quot;R&quot;,&quot;threeDSServerTransID&quot;:&quot;441a3fbd-7c3b-4e17-a6b4-c5f302b0046d&quot;}
	at org.testng.Assert.fail(Assert.java:94)
	at com.ca.tds.main.TDSFlowTest.brwPreAreq(TDSFlowTest.java:176)
	at sun.reflect.GeneratedMethodAccessor36.invoke(Unknown Source)
	at sun.reflect.DelegatingMethodAccessorImpl.invoke(DelegatingMethodAccessorImpl.java:43)
	at java.lang.reflect.Method.invoke(Method.java:498)
	at org.testng.internal.MethodInvocationHelper.invokeMethod(MethodInvocationHelper.java:85)
	at org.testng.internal.Invoker.invokeMethod(Invoker.java:639)
	at org.testng.internal.Invoker.invokeTestMethod(Invoker.java:821)
	at org.testng.internal.Invoker.invokeTestMethods(Invoker.java:1131)
	at org.testng.internal.TestMethodWorker.invokeTestMethods(TestMethodWorker.java:124)
	at org.testng.internal.TestMethodWorker.run(TestMethodWorker.java:108)
	at java.util.concurrent.ThreadPoolExecutor.runWorker(ThreadPoolExecutor.java:1149)
	at java.util.concurrent.ThreadPoolExecutor$Worker.run(ThreadPoolExecutor.java:624)
	at java.lang.Thread.run(Thread.java:748)
</pre></div></td>
<td>0</td>
<td>com.ca.tds.main.TDSFlowTest@7582ff54</td></tr>
<tr>
<td title='com.ca.tds.main.TDSFlowTest.brwPreAreq()'><b>brwPreAreq</b><br>Test class: com.ca.tds.main.TDSFlowTest</td>
<td><div><pre>java.lang.AssertionError: ARes response json schema validation failed.&lt;br&gt;expected minLength: 17, actual: 4&lt;br&gt; api response : {&quot;acsTransID&quot;:&quot;b83e0132-1b3f-4701-a72a-31f95908d2a2&quot;,&quot;dsName&quot;:&quot;amex&quot;,&quot;eci&quot;:&quot;07&quot;,&quot;callerTxnRefID&quot;:&quot;341b7153-da86-4543-860f-2ba47f0168a5&quot;,&quot;dsReferenceNumber&quot;:&quot;CADS&quot;,&quot;acsReferenceNumber&quot;:&quot;ABCDEF987654321&quot;,&quot;XID&quot;:&quot;02010000d7a6cd77b4af4031922765683aa77302&quot;,&quot;messageType&quot;:&quot;ARes&quot;,&quot;dsTransID&quot;:&quot;d7a6cd77-b4af-4031-9227-65683aa77302&quot;,&quot;transStatusReason&quot;:&quot;09&quot;,&quot;acsOperatorID&quot;:&quot;ACS_OPERATOR_ID&quot;,&quot;messageVersion&quot;:&quot;2.1.0&quot;,&quot;transStatus&quot;:&quot;R&quot;,&quot;threeDSServerTransID&quot;:&quot;cde9e5c8-81f4-4007-b7a2-7e5a050940a3&quot;}
	at com.ca.tds.main.TDSFlowTest.brwPreAreq(TDSFlowTest.java:176)
	at java.util.concurrent.ThreadPoolExecutor.runWorker(ThreadPoolExecutor.java:1149)
	at java.util.concurrent.ThreadPoolExecutor$Worker.run(ThreadPoolExecutor.java:624)
	at java.lang.Thread.run(Thread.java:748)
... Removed 10 stack frames</pre></div><a href='#' onClick='toggleBox("stack-trace1348339735", this, "Click to show all stack frames", "Click to hide stack frames")'>Click to show all stack frames</a>
<div class='stack-trace' id='stack-trace1348339735'><pre>java.lang.AssertionError: ARes response json schema validation failed.&lt;br&gt;expected minLength: 17, actual: 4&lt;br&gt; api response : {&quot;acsTransID&quot;:&quot;b83e0132-1b3f-4701-a72a-31f95908d2a2&quot;,&quot;dsName&quot;:&quot;amex&quot;,&quot;eci&quot;:&quot;07&quot;,&quot;callerTxnRefID&quot;:&quot;341b7153-da86-4543-860f-2ba47f0168a5&quot;,&quot;dsReferenceNumber&quot;:&quot;CADS&quot;,&quot;acsReferenceNumber&quot;:&quot;ABCDEF987654321&quot;,&quot;XID&quot;:&quot;02010000d7a6cd77b4af4031922765683aa77302&quot;,&quot;messageType&quot;:&quot;ARes&quot;,&quot;dsTransID&quot;:&quot;d7a6cd77-b4af-4031-9227-65683aa77302&quot;,&quot;transStatusReason&quot;:&quot;09&quot;,&quot;acsOperatorID&quot;:&quot;ACS_OPERATOR_ID&quot;,&quot;messageVersion&quot;:&quot;2.1.0&quot;,&quot;transStatus&quot;:&quot;R&quot;,&quot;threeDSServerTransID&quot;:&quot;cde9e5c8-81f4-4007-b7a2-7e5a050940a3&quot;}
	at org.testng.Assert.fail(Assert.java:94)
	at com.ca.tds.main.TDSFlowTest.brwPreAreq(TDSFlowTest.java:176)
	at sun.reflect.GeneratedMethodAccessor36.invoke(Unknown Source)
	at sun.reflect.DelegatingMethodAccessorImpl.invoke(DelegatingMethodAccessorImpl.java:43)
	at java.lang.reflect.Method.invoke(Method.java:498)
	at org.testng.internal.MethodInvocationHelper.invokeMethod(MethodInvocationHelper.java:85)
	at org.testng.internal.Invoker.invokeMethod(Invoker.java:639)
	at org.testng.internal.Invoker.invokeTestMethod(Invoker.java:821)
	at org.testng.internal.Invoker.invokeTestMethods(Invoker.java:1131)
	at org.testng.internal.TestMethodWorker.invokeTestMethods(TestMethodWorker.java:124)
	at org.testng.internal.TestMethodWorker.run(TestMethodWorker.java:108)
	at java.util.concurrent.ThreadPoolExecutor.runWorker(ThreadPoolExecutor.java:1149)
	at java.util.concurrent.ThreadPoolExecutor$Worker.run(ThreadPoolExecutor.java:624)
	at java.lang.Thread.run(Thread.java:748)
</pre></div></td>
<td>0</td>
<td>com.ca.tds.main.TDSFlowTest@600b90df</td></tr>
<tr>
<td title='com.ca.tds.main.TDSFlowTest.brwPreAreq()'><b>brwPreAreq</b><br>Test class: com.ca.tds.main.TDSFlowTest</td>
<td><div><pre>java.lang.AssertionError: ARes response json schema validation failed.&lt;br&gt;expected minLength: 17, actual: 4&lt;br&gt; api response : {&quot;acsTransID&quot;:&quot;ddfbaa3e-a3e4-4885-a34c-2c3f8ae41143&quot;,&quot;dsName&quot;:&quot;amex&quot;,&quot;eci&quot;:&quot;07&quot;,&quot;callerTxnRefID&quot;:&quot;341b7153-da86-4543-860f-2ba47f0168a5&quot;,&quot;dsReferenceNumber&quot;:&quot;CADS&quot;,&quot;acsReferenceNumber&quot;:&quot;ABCDEF987654321&quot;,&quot;XID&quot;:&quot;02010000229cdde789ef48729e4ccf54baeda1a7&quot;,&quot;messageType&quot;:&quot;ARes&quot;,&quot;dsTransID&quot;:&quot;229cdde7-89ef-4872-9e4c-cf54baeda1a7&quot;,&quot;transStatusReason&quot;:&quot;09&quot;,&quot;acsOperatorID&quot;:&quot;ACS_OPERATOR_ID&quot;,&quot;messageVersion&quot;:&quot;2.1.0&quot;,&quot;transStatus&quot;:&quot;R&quot;,&quot;threeDSServerTransID&quot;:&quot;e0d423fd-f22d-4d50-b736-dc32e38ec92c&quot;}
	at com.ca.tds.main.TDSFlowTest.brwPreAreq(TDSFlowTest.java:176)
	at java.util.concurrent.ThreadPoolExecutor.runWorker(ThreadPoolExecutor.java:1149)
	at java.util.concurrent.ThreadPoolExecutor$Worker.run(ThreadPoolExecutor.java:624)
	at java.lang.Thread.run(Thread.java:748)
... Removed 10 stack frames</pre></div><a href='#' onClick='toggleBox("stack-trace956533888", this, "Click to show all stack frames", "Click to hide stack frames")'>Click to show all stack frames</a>
<div class='stack-trace' id='stack-trace956533888'><pre>java.lang.AssertionError: ARes response json schema validation failed.&lt;br&gt;expected minLength: 17, actual: 4&lt;br&gt; api response : {&quot;acsTransID&quot;:&quot;ddfbaa3e-a3e4-4885-a34c-2c3f8ae41143&quot;,&quot;dsName&quot;:&quot;amex&quot;,&quot;eci&quot;:&quot;07&quot;,&quot;callerTxnRefID&quot;:&quot;341b7153-da86-4543-860f-2ba47f0168a5&quot;,&quot;dsReferenceNumber&quot;:&quot;CADS&quot;,&quot;acsReferenceNumber&quot;:&quot;ABCDEF987654321&quot;,&quot;XID&quot;:&quot;02010000229cdde789ef48729e4ccf54baeda1a7&quot;,&quot;messageType&quot;:&quot;ARes&quot;,&quot;dsTransID&quot;:&quot;229cdde7-89ef-4872-9e4c-cf54baeda1a7&quot;,&quot;transStatusReason&quot;:&quot;09&quot;,&quot;acsOperatorID&quot;:&quot;ACS_OPERATOR_ID&quot;,&quot;messageVersion&quot;:&quot;2.1.0&quot;,&quot;transStatus&quot;:&quot;R&quot;,&quot;threeDSServerTransID&quot;:&quot;e0d423fd-f22d-4d50-b736-dc32e38ec92c&quot;}
	at org.testng.Assert.fail(Assert.java:94)
	at com.ca.tds.main.TDSFlowTest.brwPreAreq(TDSFlowTest.java:176)
	at sun.reflect.GeneratedMethodAccessor36.invoke(Unknown Source)
	at sun.reflect.DelegatingMethodAccessorImpl.invoke(DelegatingMethodAccessorImpl.java:43)
	at java.lang.reflect.Method.invoke(Method.java:498)
	at org.testng.internal.MethodInvocationHelper.invokeMethod(MethodInvocationHelper.java:85)
	at org.testng.internal.Invoker.invokeMethod(Invoker.java:639)
	at org.testng.internal.Invoker.invokeTestMethod(Invoker.java:821)
	at org.testng.internal.Invoker.invokeTestMethods(Invoker.java:1131)
	at org.testng.internal.TestMethodWorker.invokeTestMethods(TestMethodWorker.java:124)
	at org.testng.internal.TestMethodWorker.run(TestMethodWorker.java:108)
	at java.util.concurrent.ThreadPoolExecutor.runWorker(ThreadPoolExecutor.java:1149)
	at java.util.concurrent.ThreadPoolExecutor$Worker.run(ThreadPoolExecutor.java:624)
	at java.lang.Thread.run(Thread.java:748)
</pre></div></td>
<td>0</td>
<td>com.ca.tds.main.TDSFlowTest@558bdf1f</td></tr>
<tr>
<td title='com.ca.tds.main.TDSFlowTest.brwPreAreq()'><b>brwPreAreq</b><br>Test class: com.ca.tds.main.TDSFlowTest</td>
<td><div><pre>java.lang.AssertionError: ARes response json schema validation failed.&lt;br&gt;expected minLength: 17, actual: 4&lt;br&gt; api response : {&quot;acsTransID&quot;:&quot;d09ccb85-ed9f-4865-9673-398c76d5d55f&quot;,&quot;dsName&quot;:&quot;amex&quot;,&quot;eci&quot;:&quot;07&quot;,&quot;callerTxnRefID&quot;:&quot;341b7153-da86-4543-860f-2ba47f0168a5&quot;,&quot;dsReferenceNumber&quot;:&quot;CADS&quot;,&quot;acsReferenceNumber&quot;:&quot;ABCDEF987654321&quot;,&quot;XID&quot;:&quot;0201000032048c3e0d514660ac08521760b630fd&quot;,&quot;messageType&quot;:&quot;ARes&quot;,&quot;dsTransID&quot;:&quot;32048c3e-0d51-4660-ac08-521760b630fd&quot;,&quot;transStatusReason&quot;:&quot;09&quot;,&quot;acsOperatorID&quot;:&quot;ACS_OPERATOR_ID&quot;,&quot;messageVersion&quot;:&quot;2.1.0&quot;,&quot;transStatus&quot;:&quot;R&quot;,&quot;threeDSServerTransID&quot;:&quot;fe0f164b-e06e-42e7-850f-d4505d9cbd07&quot;}
	at com.ca.tds.main.TDSFlowTest.brwPreAreq(TDSFlowTest.java:176)
	at java.util.concurrent.ThreadPoolExecutor.runWorker(ThreadPoolExecutor.java:1149)
	at java.util.concurrent.ThreadPoolExecutor$Worker.run(ThreadPoolExecutor.java:624)
	at java.lang.Thread.run(Thread.java:748)
... Removed 10 stack frames</pre></div><a href='#' onClick='toggleBox("stack-trace1765087860", this, "Click to show all stack frames", "Click to hide stack frames")'>Click to show all stack frames</a>
<div class='stack-trace' id='stack-trace1765087860'><pre>java.lang.AssertionError: ARes response json schema validation failed.&lt;br&gt;expected minLength: 17, actual: 4&lt;br&gt; api response : {&quot;acsTransID&quot;:&quot;d09ccb85-ed9f-4865-9673-398c76d5d55f&quot;,&quot;dsName&quot;:&quot;amex&quot;,&quot;eci&quot;:&quot;07&quot;,&quot;callerTxnRefID&quot;:&quot;341b7153-da86-4543-860f-2ba47f0168a5&quot;,&quot;dsReferenceNumber&quot;:&quot;CADS&quot;,&quot;acsReferenceNumber&quot;:&quot;ABCDEF987654321&quot;,&quot;XID&quot;:&quot;0201000032048c3e0d514660ac08521760b630fd&quot;,&quot;messageType&quot;:&quot;ARes&quot;,&quot;dsTransID&quot;:&quot;32048c3e-0d51-4660-ac08-521760b630fd&quot;,&quot;transStatusReason&quot;:&quot;09&quot;,&quot;acsOperatorID&quot;:&quot;ACS_OPERATOR_ID&quot;,&quot;messageVersion&quot;:&quot;2.1.0&quot;,&quot;transStatus&quot;:&quot;R&quot;,&quot;threeDSServerTransID&quot;:&quot;fe0f164b-e06e-42e7-850f-d4505d9cbd07&quot;}
	at org.testng.Assert.fail(Assert.java:94)
	at com.ca.tds.main.TDSFlowTest.brwPreAreq(TDSFlowTest.java:176)
	at sun.reflect.GeneratedMethodAccessor36.invoke(Unknown Source)
	at sun.reflect.DelegatingMethodAccessorImpl.invoke(DelegatingMethodAccessorImpl.java:43)
	at java.lang.reflect.Method.invoke(Method.java:498)
	at org.testng.internal.MethodInvocationHelper.invokeMethod(MethodInvocationHelper.java:85)
	at org.testng.internal.Invoker.invokeMethod(Invoker.java:639)
	at org.testng.internal.Invoker.invokeTestMethod(Invoker.java:821)
	at org.testng.internal.Invoker.invokeTestMethods(Invoker.java:1131)
	at org.testng.internal.TestMethodWorker.invokeTestMethods(TestMethodWorker.java:124)
	at org.testng.internal.TestMethodWorker.run(TestMethodWorker.java:108)
	at java.util.concurrent.ThreadPoolExecutor.runWorker(ThreadPoolExecutor.java:1149)
	at java.util.concurrent.ThreadPoolExecutor$Worker.run(ThreadPoolExecutor.java:624)
	at java.lang.Thread.run(Thread.java:748)
</pre></div></td>
<td>0</td>
<td>com.ca.tds.main.TDSFlowTest@106cc338</td></tr>
<tr>
<td title='com.ca.tds.main.TDSFlowTest.brwPreAreq()'><b>brwPreAreq</b><br>Test class: com.ca.tds.main.TDSFlowTest</td>
<td><div><pre>java.lang.AssertionError: ARes response json schema validation failed.&lt;br&gt;expected minLength: 17, actual: 4&lt;br&gt; api response : {&quot;acsTransID&quot;:&quot;ab671b56-0a36-4e28-9e52-f840ce7d159c&quot;,&quot;dsName&quot;:&quot;amex&quot;,&quot;eci&quot;:&quot;07&quot;,&quot;callerTxnRefID&quot;:&quot;341b7153-da86-4543-860f-2ba47f0168a5&quot;,&quot;dsReferenceNumber&quot;:&quot;CADS&quot;,&quot;acsReferenceNumber&quot;:&quot;ABCDEF987654321&quot;,&quot;XID&quot;:&quot;020100000e14ce406e604887ba03cefa7d09bc11&quot;,&quot;messageType&quot;:&quot;ARes&quot;,&quot;dsTransID&quot;:&quot;0e14ce40-6e60-4887-ba03-cefa7d09bc11&quot;,&quot;transStatusReason&quot;:&quot;09&quot;,&quot;acsOperatorID&quot;:&quot;ACS_OPERATOR_ID&quot;,&quot;messageVersion&quot;:&quot;2.1.0&quot;,&quot;transStatus&quot;:&quot;R&quot;,&quot;threeDSServerTransID&quot;:&quot;e0ecce11-9d75-424b-bb19-97e4d9e4cb5a&quot;}
	at com.ca.tds.main.TDSFlowTest.brwPreAreq(TDSFlowTest.java:176)
	at java.util.concurrent.ThreadPoolExecutor.runWorker(ThreadPoolExecutor.java:1149)
	at java.util.concurrent.ThreadPoolExecutor$Worker.run(ThreadPoolExecutor.java:624)
	at java.lang.Thread.run(Thread.java:748)
... Removed 10 stack frames</pre></div><a href='#' onClick='toggleBox("stack-trace2004092198", this, "Click to show all stack frames", "Click to hide stack frames")'>Click to show all stack frames</a>
<div class='stack-trace' id='stack-trace2004092198'><pre>java.lang.AssertionError: ARes response json schema validation failed.&lt;br&gt;expected minLength: 17, actual: 4&lt;br&gt; api response : {&quot;acsTransID&quot;:&quot;ab671b56-0a36-4e28-9e52-f840ce7d159c&quot;,&quot;dsName&quot;:&quot;amex&quot;,&quot;eci&quot;:&quot;07&quot;,&quot;callerTxnRefID&quot;:&quot;341b7153-da86-4543-860f-2ba47f0168a5&quot;,&quot;dsReferenceNumber&quot;:&quot;CADS&quot;,&quot;acsReferenceNumber&quot;:&quot;ABCDEF987654321&quot;,&quot;XID&quot;:&quot;020100000e14ce406e604887ba03cefa7d09bc11&quot;,&quot;messageType&quot;:&quot;ARes&quot;,&quot;dsTransID&quot;:&quot;0e14ce40-6e60-4887-ba03-cefa7d09bc11&quot;,&quot;transStatusReason&quot;:&quot;09&quot;,&quot;acsOperatorID&quot;:&quot;ACS_OPERATOR_ID&quot;,&quot;messageVersion&quot;:&quot;2.1.0&quot;,&quot;transStatus&quot;:&quot;R&quot;,&quot;threeDSServerTransID&quot;:&quot;e0ecce11-9d75-424b-bb19-97e4d9e4cb5a&quot;}
	at org.testng.Assert.fail(Assert.java:94)
	at com.ca.tds.main.TDSFlowTest.brwPreAreq(TDSFlowTest.java:176)
	at sun.reflect.GeneratedMethodAccessor36.invoke(Unknown Source)
	at sun.reflect.DelegatingMethodAccessorImpl.invoke(DelegatingMethodAccessorImpl.java:43)
	at java.lang.reflect.Method.invoke(Method.java:498)
	at org.testng.internal.MethodInvocationHelper.invokeMethod(MethodInvocationHelper.java:85)
	at org.testng.internal.Invoker.invokeMethod(Invoker.java:639)
	at org.testng.internal.Invoker.invokeTestMethod(Invoker.java:821)
	at org.testng.internal.Invoker.invokeTestMethods(Invoker.java:1131)
	at org.testng.internal.TestMethodWorker.invokeTestMethods(TestMethodWorker.java:124)
	at org.testng.internal.TestMethodWorker.run(TestMethodWorker.java:108)
	at java.util.concurrent.ThreadPoolExecutor.runWorker(ThreadPoolExecutor.java:1149)
	at java.util.concurrent.ThreadPoolExecutor$Worker.run(ThreadPoolExecutor.java:624)
	at java.lang.Thread.run(Thread.java:748)
</pre></div></td>
<td>0</td>
<td>com.ca.tds.main.TDSFlowTest@3daf7722</td></tr>
<tr>
<td title='com.ca.tds.main.TDSFlowTest.brwPreAreq()'><b>brwPreAreq</b><br>Test class: com.ca.tds.main.TDSFlowTest</td>
<td><div><pre>java.lang.AssertionError: ARes response json schema validation failed.&lt;br&gt;expected minLength: 17, actual: 4&lt;br&gt; api response : {&quot;acsTransID&quot;:&quot;7b651d5b-e9a5-42c1-be8c-8030b9e421ee&quot;,&quot;dsName&quot;:&quot;amex&quot;,&quot;eci&quot;:&quot;07&quot;,&quot;callerTxnRefID&quot;:&quot;341b7153-da86-4543-860f-2ba47f0168a5&quot;,&quot;dsReferenceNumber&quot;:&quot;CADS&quot;,&quot;acsReferenceNumber&quot;:&quot;ABCDEF987654321&quot;,&quot;XID&quot;:&quot;0201000031ace720f46b48d4b953b0fa22683bda&quot;,&quot;messageType&quot;:&quot;ARes&quot;,&quot;dsTransID&quot;:&quot;31ace720-f46b-48d4-b953-b0fa22683bda&quot;,&quot;transStatusReason&quot;:&quot;09&quot;,&quot;acsOperatorID&quot;:&quot;ACS_OPERATOR_ID&quot;,&quot;messageVersion&quot;:&quot;2.1.0&quot;,&quot;transStatus&quot;:&quot;R&quot;,&quot;threeDSServerTransID&quot;:&quot;ccacae0d-41d5-45ed-8d6c-9dc0312bbe1c&quot;}
	at com.ca.tds.main.TDSFlowTest.brwPreAreq(TDSFlowTest.java:176)
	at java.util.concurrent.ThreadPoolExecutor.runWorker(ThreadPoolExecutor.java:1149)
	at java.util.concurrent.ThreadPoolExecutor$Worker.run(ThreadPoolExecutor.java:624)
	at java.lang.Thread.run(Thread.java:748)
... Removed 10 stack frames</pre></div><a href='#' onClick='toggleBox("stack-trace271791183", this, "Click to show all stack frames", "Click to hide stack frames")'>Click to show all stack frames</a>
<div class='stack-trace' id='stack-trace271791183'><pre>java.lang.AssertionError: ARes response json schema validation failed.&lt;br&gt;expected minLength: 17, actual: 4&lt;br&gt; api response : {&quot;acsTransID&quot;:&quot;7b651d5b-e9a5-42c1-be8c-8030b9e421ee&quot;,&quot;dsName&quot;:&quot;amex&quot;,&quot;eci&quot;:&quot;07&quot;,&quot;callerTxnRefID&quot;:&quot;341b7153-da86-4543-860f-2ba47f0168a5&quot;,&quot;dsReferenceNumber&quot;:&quot;CADS&quot;,&quot;acsReferenceNumber&quot;:&quot;ABCDEF987654321&quot;,&quot;XID&quot;:&quot;0201000031ace720f46b48d4b953b0fa22683bda&quot;,&quot;messageType&quot;:&quot;ARes&quot;,&quot;dsTransID&quot;:&quot;31ace720-f46b-48d4-b953-b0fa22683bda&quot;,&quot;transStatusReason&quot;:&quot;09&quot;,&quot;acsOperatorID&quot;:&quot;ACS_OPERATOR_ID&quot;,&quot;messageVersion&quot;:&quot;2.1.0&quot;,&quot;transStatus&quot;:&quot;R&quot;,&quot;threeDSServerTransID&quot;:&quot;ccacae0d-41d5-45ed-8d6c-9dc0312bbe1c&quot;}
	at org.testng.Assert.fail(Assert.java:94)
	at com.ca.tds.main.TDSFlowTest.brwPreAreq(TDSFlowTest.java:176)
	at sun.reflect.GeneratedMethodAccessor36.invoke(Unknown Source)
	at sun.reflect.DelegatingMethodAccessorImpl.invoke(DelegatingMethodAccessorImpl.java:43)
	at java.lang.reflect.Method.invoke(Method.java:498)
	at org.testng.internal.MethodInvocationHelper.invokeMethod(MethodInvocationHelper.java:85)
	at org.testng.internal.Invoker.invokeMethod(Invoker.java:639)
	at org.testng.internal.Invoker.invokeTestMethod(Invoker.java:821)
	at org.testng.internal.Invoker.invokeTestMethods(Invoker.java:1131)
	at org.testng.internal.TestMethodWorker.invokeTestMethods(TestMethodWorker.java:124)
	at org.testng.internal.TestMethodWorker.run(TestMethodWorker.java:108)
	at java.util.concurrent.ThreadPoolExecutor.runWorker(ThreadPoolExecutor.java:1149)
	at java.util.concurrent.ThreadPoolExecutor$Worker.run(ThreadPoolExecutor.java:624)
	at java.lang.Thread.run(Thread.java:748)
</pre></div></td>
<td>0</td>
<td>com.ca.tds.main.TDSFlowTest@5c2375a9</td></tr>
<tr>
<td title='com.ca.tds.main.TDSFlowTest.brwPreAreq()'><b>brwPreAreq</b><br>Test class: com.ca.tds.main.TDSFlowTest</td>
<td><div><pre>java.lang.AssertionError: ARes response json schema validation failed.&lt;br&gt;expected minLength: 17, actual: 4&lt;br&gt; api response : {&quot;acsTransID&quot;:&quot;e5abecbc-d31b-41eb-a0e5-6a33710374a3&quot;,&quot;dsName&quot;:&quot;amex&quot;,&quot;eci&quot;:&quot;07&quot;,&quot;callerTxnRefID&quot;:&quot;341b7153-da86-4543-860f-2ba47f0168a5&quot;,&quot;dsReferenceNumber&quot;:&quot;CADS&quot;,&quot;acsReferenceNumber&quot;:&quot;ABCDEF987654321&quot;,&quot;XID&quot;:&quot;0201000053424c2f17fb42ab8794f6d177d653d1&quot;,&quot;messageType&quot;:&quot;ARes&quot;,&quot;dsTransID&quot;:&quot;53424c2f-17fb-42ab-8794-f6d177d653d1&quot;,&quot;transStatusReason&quot;:&quot;09&quot;,&quot;acsOperatorID&quot;:&quot;ACS_OPERATOR_ID&quot;,&quot;messageVersion&quot;:&quot;2.1.0&quot;,&quot;transStatus&quot;:&quot;R&quot;,&quot;threeDSServerTransID&quot;:&quot;9c156f7b-6480-4881-9ec9-71d9098709e4&quot;}
	at com.ca.tds.main.TDSFlowTest.brwPreAreq(TDSFlowTest.java:176)
	at java.util.concurrent.ThreadPoolExecutor.runWorker(ThreadPoolExecutor.java:1149)
	at java.util.concurrent.ThreadPoolExecutor$Worker.run(ThreadPoolExecutor.java:624)
	at java.lang.Thread.run(Thread.java:748)
... Removed 10 stack frames</pre></div><a href='#' onClick='toggleBox("stack-trace390791561", this, "Click to show all stack frames", "Click to hide stack frames")'>Click to show all stack frames</a>
<div class='stack-trace' id='stack-trace390791561'><pre>java.lang.AssertionError: ARes response json schema validation failed.&lt;br&gt;expected minLength: 17, actual: 4&lt;br&gt; api response : {&quot;acsTransID&quot;:&quot;e5abecbc-d31b-41eb-a0e5-6a33710374a3&quot;,&quot;dsName&quot;:&quot;amex&quot;,&quot;eci&quot;:&quot;07&quot;,&quot;callerTxnRefID&quot;:&quot;341b7153-da86-4543-860f-2ba47f0168a5&quot;,&quot;dsReferenceNumber&quot;:&quot;CADS&quot;,&quot;acsReferenceNumber&quot;:&quot;ABCDEF987654321&quot;,&quot;XID&quot;:&quot;0201000053424c2f17fb42ab8794f6d177d653d1&quot;,&quot;messageType&quot;:&quot;ARes&quot;,&quot;dsTransID&quot;:&quot;53424c2f-17fb-42ab-8794-f6d177d653d1&quot;,&quot;transStatusReason&quot;:&quot;09&quot;,&quot;acsOperatorID&quot;:&quot;ACS_OPERATOR_ID&quot;,&quot;messageVersion&quot;:&quot;2.1.0&quot;,&quot;transStatus&quot;:&quot;R&quot;,&quot;threeDSServerTransID&quot;:&quot;9c156f7b-6480-4881-9ec9-71d9098709e4&quot;}
	at org.testng.Assert.fail(Assert.java:94)
	at com.ca.tds.main.TDSFlowTest.brwPreAreq(TDSFlowTest.java:176)
	at sun.reflect.GeneratedMethodAccessor36.invoke(Unknown Source)
	at sun.reflect.DelegatingMethodAccessorImpl.invoke(DelegatingMethodAccessorImpl.java:43)
	at java.lang.reflect.Method.invoke(Method.java:498)
	at org.testng.internal.MethodInvocationHelper.invokeMethod(MethodInvocationHelper.java:85)
	at org.testng.internal.Invoker.invokeMethod(Invoker.java:639)
	at org.testng.internal.Invoker.invokeTestMethod(Invoker.java:821)
	at org.testng.internal.Invoker.invokeTestMethods(Invoker.java:1131)
	at org.testng.internal.TestMethodWorker.invokeTestMethods(TestMethodWorker.java:124)
	at org.testng.internal.TestMethodWorker.run(TestMethodWorker.java:108)
	at java.util.concurrent.ThreadPoolExecutor.runWorker(ThreadPoolExecutor.java:1149)
	at java.util.concurrent.ThreadPoolExecutor$Worker.run(ThreadPoolExecutor.java:624)
	at java.lang.Thread.run(Thread.java:748)
</pre></div></td>
<td>0</td>
<td>com.ca.tds.main.TDSFlowTest@7c8c9a05</td></tr>
<tr>
<td title='com.ca.tds.main.TDSFlowTest.brwPreAreq()'><b>brwPreAreq</b><br>Test class: com.ca.tds.main.TDSFlowTest</td>
<td><div><pre>java.lang.AssertionError: ARes response json schema validation failed.&lt;br&gt;expected minLength: 17, actual: 4&lt;br&gt; api response : {&quot;acsTransID&quot;:&quot;44886d33-2fce-4912-857e-2f8dd91bedde&quot;,&quot;dsName&quot;:&quot;amex&quot;,&quot;eci&quot;:&quot;07&quot;,&quot;callerTxnRefID&quot;:&quot;341b7153-da86-4543-860f-2ba47f0168a5&quot;,&quot;dsReferenceNumber&quot;:&quot;CADS&quot;,&quot;acsReferenceNumber&quot;:&quot;ABCDEF987654321&quot;,&quot;XID&quot;:&quot;020100004ea39a6a6b0a4817a0393a0583f86fcb&quot;,&quot;messageType&quot;:&quot;ARes&quot;,&quot;dsTransID&quot;:&quot;4ea39a6a-6b0a-4817-a039-3a0583f86fcb&quot;,&quot;transStatusReason&quot;:&quot;09&quot;,&quot;acsOperatorID&quot;:&quot;ACS_OPERATOR_ID&quot;,&quot;messageVersion&quot;:&quot;2.1.0&quot;,&quot;transStatus&quot;:&quot;R&quot;,&quot;threeDSServerTransID&quot;:&quot;7f91c11f-03d8-44cc-8adb-9545d1f802bf&quot;}
	at com.ca.tds.main.TDSFlowTest.brwPreAreq(TDSFlowTest.java:176)
	at java.util.concurrent.ThreadPoolExecutor.runWorker(ThreadPoolExecutor.java:1149)
	at java.util.concurrent.ThreadPoolExecutor$Worker.run(ThreadPoolExecutor.java:624)
	at java.lang.Thread.run(Thread.java:748)
... Removed 10 stack frames</pre></div><a href='#' onClick='toggleBox("stack-trace1992770935", this, "Click to show all stack frames", "Click to hide stack frames")'>Click to show all stack frames</a>
<div class='stack-trace' id='stack-trace1992770935'><pre>java.lang.AssertionError: ARes response json schema validation failed.&lt;br&gt;expected minLength: 17, actual: 4&lt;br&gt; api response : {&quot;acsTransID&quot;:&quot;44886d33-2fce-4912-857e-2f8dd91bedde&quot;,&quot;dsName&quot;:&quot;amex&quot;,&quot;eci&quot;:&quot;07&quot;,&quot;callerTxnRefID&quot;:&quot;341b7153-da86-4543-860f-2ba47f0168a5&quot;,&quot;dsReferenceNumber&quot;:&quot;CADS&quot;,&quot;acsReferenceNumber&quot;:&quot;ABCDEF987654321&quot;,&quot;XID&quot;:&quot;020100004ea39a6a6b0a4817a0393a0583f86fcb&quot;,&quot;messageType&quot;:&quot;ARes&quot;,&quot;dsTransID&quot;:&quot;4ea39a6a-6b0a-4817-a039-3a0583f86fcb&quot;,&quot;transStatusReason&quot;:&quot;09&quot;,&quot;acsOperatorID&quot;:&quot;ACS_OPERATOR_ID&quot;,&quot;messageVersion&quot;:&quot;2.1.0&quot;,&quot;transStatus&quot;:&quot;R&quot;,&quot;threeDSServerTransID&quot;:&quot;7f91c11f-03d8-44cc-8adb-9545d1f802bf&quot;}
	at org.testng.Assert.fail(Assert.java:94)
	at com.ca.tds.main.TDSFlowTest.brwPreAreq(TDSFlowTest.java:176)
	at sun.reflect.GeneratedMethodAccessor36.invoke(Unknown Source)
	at sun.reflect.DelegatingMethodAccessorImpl.invoke(DelegatingMethodAccessorImpl.java:43)
	at java.lang.reflect.Method.invoke(Method.java:498)
	at org.testng.internal.MethodInvocationHelper.invokeMethod(MethodInvocationHelper.java:85)
	at org.testng.internal.Invoker.invokeMethod(Invoker.java:639)
	at org.testng.internal.Invoker.invokeTestMethod(Invoker.java:821)
	at org.testng.internal.Invoker.invokeTestMethods(Invoker.java:1131)
	at org.testng.internal.TestMethodWorker.invokeTestMethods(TestMethodWorker.java:124)
	at org.testng.internal.TestMethodWorker.run(TestMethodWorker.java:108)
	at java.util.concurrent.ThreadPoolExecutor.runWorker(ThreadPoolExecutor.java:1149)
	at java.util.concurrent.ThreadPoolExecutor$Worker.run(ThreadPoolExecutor.java:624)
	at java.lang.Thread.run(Thread.java:748)
</pre></div></td>
<td>1</td>
<td>com.ca.tds.main.TDSFlowTest@74589991</td></tr>
<tr>
<td title='com.ca.tds.main.TDSFlowTest.brwPreAreq()'><b>brwPreAreq</b><br>Test class: com.ca.tds.main.TDSFlowTest</td>
<td><div><pre>java.lang.AssertionError: ARes response json schema validation failed.&lt;br&gt;expected minLength: 17, actual: 4&lt;br&gt; api response : {&quot;acsTransID&quot;:&quot;bd88c5d2-dddc-4f85-bd76-3c5fc392e321&quot;,&quot;dsName&quot;:&quot;amex&quot;,&quot;eci&quot;:&quot;07&quot;,&quot;callerTxnRefID&quot;:&quot;341b7153-da86-4543-860f-2ba47f0168a5&quot;,&quot;dsReferenceNumber&quot;:&quot;CADS&quot;,&quot;acsReferenceNumber&quot;:&quot;ABCDEF987654321&quot;,&quot;XID&quot;:&quot;02010000f4f6605f177048daa1906b24d4962657&quot;,&quot;messageType&quot;:&quot;ARes&quot;,&quot;dsTransID&quot;:&quot;f4f6605f-1770-48da-a190-6b24d4962657&quot;,&quot;transStatusReason&quot;:&quot;09&quot;,&quot;acsOperatorID&quot;:&quot;ACS_OPERATOR_ID&quot;,&quot;messageVersion&quot;:&quot;2.1.0&quot;,&quot;transStatus&quot;:&quot;R&quot;,&quot;threeDSServerTransID&quot;:&quot;e5cc5834-dee4-4f61-9989-16c2473b0970&quot;}
	at com.ca.tds.main.TDSFlowTest.brwPreAreq(TDSFlowTest.java:176)
	at java.util.concurrent.ThreadPoolExecutor.runWorker(ThreadPoolExecutor.java:1149)
	at java.util.concurrent.ThreadPoolExecutor$Worker.run(ThreadPoolExecutor.java:624)
	at java.lang.Thread.run(Thread.java:748)
... Removed 10 stack frames</pre></div><a href='#' onClick='toggleBox("stack-trace83651900", this, "Click to show all stack frames", "Click to hide stack frames")'>Click to show all stack frames</a>
<div class='stack-trace' id='stack-trace83651900'><pre>java.lang.AssertionError: ARes response json schema validation failed.&lt;br&gt;expected minLength: 17, actual: 4&lt;br&gt; api response : {&quot;acsTransID&quot;:&quot;bd88c5d2-dddc-4f85-bd76-3c5fc392e321&quot;,&quot;dsName&quot;:&quot;amex&quot;,&quot;eci&quot;:&quot;07&quot;,&quot;callerTxnRefID&quot;:&quot;341b7153-da86-4543-860f-2ba47f0168a5&quot;,&quot;dsReferenceNumber&quot;:&quot;CADS&quot;,&quot;acsReferenceNumber&quot;:&quot;ABCDEF987654321&quot;,&quot;XID&quot;:&quot;02010000f4f6605f177048daa1906b24d4962657&quot;,&quot;messageType&quot;:&quot;ARes&quot;,&quot;dsTransID&quot;:&quot;f4f6605f-1770-48da-a190-6b24d4962657&quot;,&quot;transStatusReason&quot;:&quot;09&quot;,&quot;acsOperatorID&quot;:&quot;ACS_OPERATOR_ID&quot;,&quot;messageVersion&quot;:&quot;2.1.0&quot;,&quot;transStatus&quot;:&quot;R&quot;,&quot;threeDSServerTransID&quot;:&quot;e5cc5834-dee4-4f61-9989-16c2473b0970&quot;}
	at org.testng.Assert.fail(Assert.java:94)
	at com.ca.tds.main.TDSFlowTest.brwPreAreq(TDSFlowTest.java:176)
	at sun.reflect.GeneratedMethodAccessor36.invoke(Unknown Source)
	at sun.reflect.DelegatingMethodAccessorImpl.invoke(DelegatingMethodAccessorImpl.java:43)
	at java.lang.reflect.Method.invoke(Method.java:498)
	at org.testng.internal.MethodInvocationHelper.invokeMethod(MethodInvocationHelper.java:85)
	at org.testng.internal.Invoker.invokeMethod(Invoker.java:639)
	at org.testng.internal.Invoker.invokeTestMethod(Invoker.java:821)
	at org.testng.internal.Invoker.invokeTestMethods(Invoker.java:1131)
	at org.testng.internal.TestMethodWorker.invokeTestMethods(TestMethodWorker.java:124)
	at org.testng.internal.TestMethodWorker.run(TestMethodWorker.java:108)
	at java.util.concurrent.ThreadPoolExecutor.runWorker(ThreadPoolExecutor.java:1149)
	at java.util.concurrent.ThreadPoolExecutor$Worker.run(ThreadPoolExecutor.java:624)
	at java.lang.Thread.run(Thread.java:748)
</pre></div></td>
<td>0</td>
<td>com.ca.tds.main.TDSFlowTest@60129b9a</td></tr>
<tr>
<td title='com.ca.tds.main.TDSFlowTest.brwPreAreq()'><b>brwPreAreq</b><br>Test class: com.ca.tds.main.TDSFlowTest</td>
<td><div><pre>java.lang.AssertionError: ARes response json schema validation failed.&lt;br&gt;expected minLength: 17, actual: 4&lt;br&gt; api response : {&quot;acsTransID&quot;:&quot;4df264d3-a81f-4f57-8b98-ac6cd328ca24&quot;,&quot;dsName&quot;:&quot;amex&quot;,&quot;eci&quot;:&quot;07&quot;,&quot;callerTxnRefID&quot;:&quot;341b7153-da86-4543-860f-2ba47f0168a5&quot;,&quot;dsReferenceNumber&quot;:&quot;CADS&quot;,&quot;acsReferenceNumber&quot;:&quot;ABCDEF987654321&quot;,&quot;XID&quot;:&quot;0201000086485726377c44b1b0a116efcc369193&quot;,&quot;messageType&quot;:&quot;ARes&quot;,&quot;dsTransID&quot;:&quot;86485726-377c-44b1-b0a1-16efcc369193&quot;,&quot;transStatusReason&quot;:&quot;09&quot;,&quot;acsOperatorID&quot;:&quot;ACS_OPERATOR_ID&quot;,&quot;messageVersion&quot;:&quot;2.1.0&quot;,&quot;transStatus&quot;:&quot;R&quot;,&quot;threeDSServerTransID&quot;:&quot;681eedd4-de61-4a25-8293-dd0c43c74aec&quot;}
	at com.ca.tds.main.TDSFlowTest.brwPreAreq(TDSFlowTest.java:176)
	at java.util.concurrent.ThreadPoolExecutor.runWorker(ThreadPoolExecutor.java:1149)
	at java.util.concurrent.ThreadPoolExecutor$Worker.run(ThreadPoolExecutor.java:624)
	at java.lang.Thread.run(Thread.java:748)
... Removed 10 stack frames</pre></div><a href='#' onClick='toggleBox("stack-trace1878386081", this, "Click to show all stack frames", "Click to hide stack frames")'>Click to show all stack frames</a>
<div class='stack-trace' id='stack-trace1878386081'><pre>java.lang.AssertionError: ARes response json schema validation failed.&lt;br&gt;expected minLength: 17, actual: 4&lt;br&gt; api response : {&quot;acsTransID&quot;:&quot;4df264d3-a81f-4f57-8b98-ac6cd328ca24&quot;,&quot;dsName&quot;:&quot;amex&quot;,&quot;eci&quot;:&quot;07&quot;,&quot;callerTxnRefID&quot;:&quot;341b7153-da86-4543-860f-2ba47f0168a5&quot;,&quot;dsReferenceNumber&quot;:&quot;CADS&quot;,&quot;acsReferenceNumber&quot;:&quot;ABCDEF987654321&quot;,&quot;XID&quot;:&quot;0201000086485726377c44b1b0a116efcc369193&quot;,&quot;messageType&quot;:&quot;ARes&quot;,&quot;dsTransID&quot;:&quot;86485726-377c-44b1-b0a1-16efcc369193&quot;,&quot;transStatusReason&quot;:&quot;09&quot;,&quot;acsOperatorID&quot;:&quot;ACS_OPERATOR_ID&quot;,&quot;messageVersion&quot;:&quot;2.1.0&quot;,&quot;transStatus&quot;:&quot;R&quot;,&quot;threeDSServerTransID&quot;:&quot;681eedd4-de61-4a25-8293-dd0c43c74aec&quot;}
	at org.testng.Assert.fail(Assert.java:94)
	at com.ca.tds.main.TDSFlowTest.brwPreAreq(TDSFlowTest.java:176)
	at sun.reflect.GeneratedMethodAccessor36.invoke(Unknown Source)
	at sun.reflect.DelegatingMethodAccessorImpl.invoke(DelegatingMethodAccessorImpl.java:43)
	at java.lang.reflect.Method.invoke(Method.java:498)
	at org.testng.internal.MethodInvocationHelper.invokeMethod(MethodInvocationHelper.java:85)
	at org.testng.internal.Invoker.invokeMethod(Invoker.java:639)
	at org.testng.internal.Invoker.invokeTestMethod(Invoker.java:821)
	at org.testng.internal.Invoker.invokeTestMethods(Invoker.java:1131)
	at org.testng.internal.TestMethodWorker.invokeTestMethods(TestMethodWorker.java:124)
	at org.testng.internal.TestMethodWorker.run(TestMethodWorker.java:108)
	at java.util.concurrent.ThreadPoolExecutor.runWorker(ThreadPoolExecutor.java:1149)
	at java.util.concurrent.ThreadPoolExecutor$Worker.run(ThreadPoolExecutor.java:624)
	at java.lang.Thread.run(Thread.java:748)
</pre></div></td>
<td>0</td>
<td>com.ca.tds.main.TDSFlowTest@78641d23</td></tr>
<tr>
<td title='com.ca.tds.main.TDSFlowTest.brwPreAreq()'><b>brwPreAreq</b><br>Test class: com.ca.tds.main.TDSFlowTest</td>
<td><div><pre>java.lang.AssertionError: ARes response json schema validation failed.&lt;br&gt;expected minLength: 17, actual: 4&lt;br&gt; api response : {&quot;acsTransID&quot;:&quot;bed1a421-efc5-4638-b87c-ce2c72feb074&quot;,&quot;dsName&quot;:&quot;amex&quot;,&quot;eci&quot;:&quot;07&quot;,&quot;callerTxnRefID&quot;:&quot;341b7153-da86-4543-860f-2ba47f0168a5&quot;,&quot;dsReferenceNumber&quot;:&quot;CADS&quot;,&quot;acsReferenceNumber&quot;:&quot;ABCDEF987654321&quot;,&quot;XID&quot;:&quot;020100001e01abab92454b4fbdeaedd4921d6b4f&quot;,&quot;messageType&quot;:&quot;ARes&quot;,&quot;dsTransID&quot;:&quot;1e01abab-9245-4b4f-bdea-edd4921d6b4f&quot;,&quot;transStatusReason&quot;:&quot;09&quot;,&quot;acsOperatorID&quot;:&quot;ACS_OPERATOR_ID&quot;,&quot;messageVersion&quot;:&quot;2.1.0&quot;,&quot;transStatus&quot;:&quot;R&quot;,&quot;threeDSServerTransID&quot;:&quot;c5649d96-af9a-4618-882f-606425e6c8d9&quot;}
	at com.ca.tds.main.TDSFlowTest.brwPreAreq(TDSFlowTest.java:176)
	at java.util.concurrent.ThreadPoolExecutor.runWorker(ThreadPoolExecutor.java:1149)
	at java.util.concurrent.ThreadPoolExecutor$Worker.run(ThreadPoolExecutor.java:624)
	at java.lang.Thread.run(Thread.java:748)
... Removed 10 stack frames</pre></div><a href='#' onClick='toggleBox("stack-trace1006534568", this, "Click to show all stack frames", "Click to hide stack frames")'>Click to show all stack frames</a>
<div class='stack-trace' id='stack-trace1006534568'><pre>java.lang.AssertionError: ARes response json schema validation failed.&lt;br&gt;expected minLength: 17, actual: 4&lt;br&gt; api response : {&quot;acsTransID&quot;:&quot;bed1a421-efc5-4638-b87c-ce2c72feb074&quot;,&quot;dsName&quot;:&quot;amex&quot;,&quot;eci&quot;:&quot;07&quot;,&quot;callerTxnRefID&quot;:&quot;341b7153-da86-4543-860f-2ba47f0168a5&quot;,&quot;dsReferenceNumber&quot;:&quot;CADS&quot;,&quot;acsReferenceNumber&quot;:&quot;ABCDEF987654321&quot;,&quot;XID&quot;:&quot;020100001e01abab92454b4fbdeaedd4921d6b4f&quot;,&quot;messageType&quot;:&quot;ARes&quot;,&quot;dsTransID&quot;:&quot;1e01abab-9245-4b4f-bdea-edd4921d6b4f&quot;,&quot;transStatusReason&quot;:&quot;09&quot;,&quot;acsOperatorID&quot;:&quot;ACS_OPERATOR_ID&quot;,&quot;messageVersion&quot;:&quot;2.1.0&quot;,&quot;transStatus&quot;:&quot;R&quot;,&quot;threeDSServerTransID&quot;:&quot;c5649d96-af9a-4618-882f-606425e6c8d9&quot;}
	at org.testng.Assert.fail(Assert.java:94)
	at com.ca.tds.main.TDSFlowTest.brwPreAreq(TDSFlowTest.java:176)
	at sun.reflect.GeneratedMethodAccessor36.invoke(Unknown Source)
	at sun.reflect.DelegatingMethodAccessorImpl.invoke(DelegatingMethodAccessorImpl.java:43)
	at java.lang.reflect.Method.invoke(Method.java:498)
	at org.testng.internal.MethodInvocationHelper.invokeMethod(MethodInvocationHelper.java:85)
	at org.testng.internal.Invoker.invokeMethod(Invoker.java:639)
	at org.testng.internal.Invoker.invokeTestMethod(Invoker.java:821)
	at org.testng.internal.Invoker.invokeTestMethods(Invoker.java:1131)
	at org.testng.internal.TestMethodWorker.invokeTestMethods(TestMethodWorker.java:124)
	at org.testng.internal.TestMethodWorker.run(TestMethodWorker.java:108)
	at java.util.concurrent.ThreadPoolExecutor.runWorker(ThreadPoolExecutor.java:1149)
	at java.util.concurrent.ThreadPoolExecutor$Worker.run(ThreadPoolExecutor.java:624)
	at java.lang.Thread.run(Thread.java:748)
</pre></div></td>
<td>0</td>
<td>com.ca.tds.main.TDSFlowTest@67d18ed7</td></tr>
<tr>
<td title='com.ca.tds.main.TDSFlowTest.brwPreAreq()'><b>brwPreAreq</b><br>Test class: com.ca.tds.main.TDSFlowTest</td>
<td><div><pre>java.lang.AssertionError: ARes response json schema validation failed.&lt;br&gt;expected minLength: 17, actual: 4&lt;br&gt; api response : {&quot;acsTransID&quot;:&quot;d47cf9a8-03e6-4f92-8da5-005cf2dbd548&quot;,&quot;dsName&quot;:&quot;amex&quot;,&quot;eci&quot;:&quot;07&quot;,&quot;callerTxnRefID&quot;:&quot;341b7153-da86-4543-860f-2ba47f0168a5&quot;,&quot;dsReferenceNumber&quot;:&quot;CADS&quot;,&quot;acsReferenceNumber&quot;:&quot;ABCDEF987654321&quot;,&quot;XID&quot;:&quot;020100001075aee9d84c4cb89a1851d1b5b0bcd4&quot;,&quot;messageType&quot;:&quot;ARes&quot;,&quot;dsTransID&quot;:&quot;1075aee9-d84c-4cb8-9a18-51d1b5b0bcd4&quot;,&quot;transStatusReason&quot;:&quot;09&quot;,&quot;acsOperatorID&quot;:&quot;ACS_OPERATOR_ID&quot;,&quot;messageVersion&quot;:&quot;2.1.0&quot;,&quot;transStatus&quot;:&quot;R&quot;,&quot;threeDSServerTransID&quot;:&quot;b45baba8-2275-419e-813c-f73b8c09b9dc&quot;}
	at com.ca.tds.main.TDSFlowTest.brwPreAreq(TDSFlowTest.java:176)
	at java.util.concurrent.ThreadPoolExecutor.runWorker(ThreadPoolExecutor.java:1149)
	at java.util.concurrent.ThreadPoolExecutor$Worker.run(ThreadPoolExecutor.java:624)
	at java.lang.Thread.run(Thread.java:748)
... Removed 10 stack frames</pre></div><a href='#' onClick='toggleBox("stack-trace1907832832", this, "Click to show all stack frames", "Click to hide stack frames")'>Click to show all stack frames</a>
<div class='stack-trace' id='stack-trace1907832832'><pre>java.lang.AssertionError: ARes response json schema validation failed.&lt;br&gt;expected minLength: 17, actual: 4&lt;br&gt; api response : {&quot;acsTransID&quot;:&quot;d47cf9a8-03e6-4f92-8da5-005cf2dbd548&quot;,&quot;dsName&quot;:&quot;amex&quot;,&quot;eci&quot;:&quot;07&quot;,&quot;callerTxnRefID&quot;:&quot;341b7153-da86-4543-860f-2ba47f0168a5&quot;,&quot;dsReferenceNumber&quot;:&quot;CADS&quot;,&quot;acsReferenceNumber&quot;:&quot;ABCDEF987654321&quot;,&quot;XID&quot;:&quot;020100001075aee9d84c4cb89a1851d1b5b0bcd4&quot;,&quot;messageType&quot;:&quot;ARes&quot;,&quot;dsTransID&quot;:&quot;1075aee9-d84c-4cb8-9a18-51d1b5b0bcd4&quot;,&quot;transStatusReason&quot;:&quot;09&quot;,&quot;acsOperatorID&quot;:&quot;ACS_OPERATOR_ID&quot;,&quot;messageVersion&quot;:&quot;2.1.0&quot;,&quot;transStatus&quot;:&quot;R&quot;,&quot;threeDSServerTransID&quot;:&quot;b45baba8-2275-419e-813c-f73b8c09b9dc&quot;}
	at org.testng.Assert.fail(Assert.java:94)
	at com.ca.tds.main.TDSFlowTest.brwPreAreq(TDSFlowTest.java:176)
	at sun.reflect.GeneratedMethodAccessor36.invoke(Unknown Source)
	at sun.reflect.DelegatingMethodAccessorImpl.invoke(DelegatingMethodAccessorImpl.java:43)
	at java.lang.reflect.Method.invoke(Method.java:498)
	at org.testng.internal.MethodInvocationHelper.invokeMethod(MethodInvocationHelper.java:85)
	at org.testng.internal.Invoker.invokeMethod(Invoker.java:639)
	at org.testng.internal.Invoker.invokeTestMethod(Invoker.java:821)
	at org.testng.internal.Invoker.invokeTestMethods(Invoker.java:1131)
	at org.testng.internal.TestMethodWorker.invokeTestMethods(TestMethodWorker.java:124)
	at org.testng.internal.TestMethodWorker.run(TestMethodWorker.java:108)
	at java.util.concurrent.ThreadPoolExecutor.runWorker(ThreadPoolExecutor.java:1149)
	at java.util.concurrent.ThreadPoolExecutor$Worker.run(ThreadPoolExecutor.java:624)
	at java.lang.Thread.run(Thread.java:748)
</pre></div></td>
<td>0</td>
<td>com.ca.tds.main.TDSFlowTest@6cc558c6</td></tr>
<tr>
<td title='com.ca.tds.main.TDSFlowTest.brwPreAreq()'><b>brwPreAreq</b><br>Test class: com.ca.tds.main.TDSFlowTest</td>
<td><div><pre>java.lang.AssertionError: ARes response json schema validation failed.&lt;br&gt;expected minLength: 17, actual: 4&lt;br&gt; api response : {&quot;acsTransID&quot;:&quot;90fb67db-b6ed-4308-af99-b7c321dfa81d&quot;,&quot;dsName&quot;:&quot;amex&quot;,&quot;eci&quot;:&quot;07&quot;,&quot;callerTxnRefID&quot;:&quot;341b7153-da86-4543-860f-2ba47f0168a5&quot;,&quot;dsReferenceNumber&quot;:&quot;CADS&quot;,&quot;acsReferenceNumber&quot;:&quot;ABCDEF987654321&quot;,&quot;XID&quot;:&quot;020100003ccdbb64c05043e399bb88b8d3be8f61&quot;,&quot;messageType&quot;:&quot;ARes&quot;,&quot;dsTransID&quot;:&quot;3ccdbb64-c050-43e3-99bb-88b8d3be8f61&quot;,&quot;transStatusReason&quot;:&quot;09&quot;,&quot;acsOperatorID&quot;:&quot;ACS_OPERATOR_ID&quot;,&quot;messageVersion&quot;:&quot;2.1.0&quot;,&quot;transStatus&quot;:&quot;R&quot;,&quot;threeDSServerTransID&quot;:&quot;bbeebbd3-a6f2-4e52-b6f3-cac4385505f4&quot;}
	at com.ca.tds.main.TDSFlowTest.brwPreAreq(TDSFlowTest.java:176)
	at java.util.concurrent.ThreadPoolExecutor.runWorker(ThreadPoolExecutor.java:1149)
	at java.util.concurrent.ThreadPoolExecutor$Worker.run(ThreadPoolExecutor.java:624)
	at java.lang.Thread.run(Thread.java:748)
... Removed 10 stack frames</pre></div><a href='#' onClick='toggleBox("stack-trace2117809995", this, "Click to show all stack frames", "Click to hide stack frames")'>Click to show all stack frames</a>
<div class='stack-trace' id='stack-trace2117809995'><pre>java.lang.AssertionError: ARes response json schema validation failed.&lt;br&gt;expected minLength: 17, actual: 4&lt;br&gt; api response : {&quot;acsTransID&quot;:&quot;90fb67db-b6ed-4308-af99-b7c321dfa81d&quot;,&quot;dsName&quot;:&quot;amex&quot;,&quot;eci&quot;:&quot;07&quot;,&quot;callerTxnRefID&quot;:&quot;341b7153-da86-4543-860f-2ba47f0168a5&quot;,&quot;dsReferenceNumber&quot;:&quot;CADS&quot;,&quot;acsReferenceNumber&quot;:&quot;ABCDEF987654321&quot;,&quot;XID&quot;:&quot;020100003ccdbb64c05043e399bb88b8d3be8f61&quot;,&quot;messageType&quot;:&quot;ARes&quot;,&quot;dsTransID&quot;:&quot;3ccdbb64-c050-43e3-99bb-88b8d3be8f61&quot;,&quot;transStatusReason&quot;:&quot;09&quot;,&quot;acsOperatorID&quot;:&quot;ACS_OPERATOR_ID&quot;,&quot;messageVersion&quot;:&quot;2.1.0&quot;,&quot;transStatus&quot;:&quot;R&quot;,&quot;threeDSServerTransID&quot;:&quot;bbeebbd3-a6f2-4e52-b6f3-cac4385505f4&quot;}
	at org.testng.Assert.fail(Assert.java:94)
	at com.ca.tds.main.TDSFlowTest.brwPreAreq(TDSFlowTest.java:176)
	at sun.reflect.GeneratedMethodAccessor36.invoke(Unknown Source)
	at sun.reflect.DelegatingMethodAccessorImpl.invoke(DelegatingMethodAccessorImpl.java:43)
	at java.lang.reflect.Method.invoke(Method.java:498)
	at org.testng.internal.MethodInvocationHelper.invokeMethod(MethodInvocationHelper.java:85)
	at org.testng.internal.Invoker.invokeMethod(Invoker.java:639)
	at org.testng.internal.Invoker.invokeTestMethod(Invoker.java:821)
	at org.testng.internal.Invoker.invokeTestMethods(Invoker.java:1131)
	at org.testng.internal.TestMethodWorker.invokeTestMethods(TestMethodWorker.java:124)
	at org.testng.internal.TestMethodWorker.run(TestMethodWorker.java:108)
	at java.util.concurrent.ThreadPoolExecutor.runWorker(ThreadPoolExecutor.java:1149)
	at java.util.concurrent.ThreadPoolExecutor$Worker.run(ThreadPoolExecutor.java:624)
	at java.lang.Thread.run(Thread.java:748)
</pre></div></td>
<td>0</td>
<td>com.ca.tds.main.TDSFlowTest@67545b57</td></tr>
</table><p>
<table width='100%' border='1' class='invocation-passed'>
<tr><td colspan='4' align='center'><b>PASSED TESTS</b></td></tr>
<tr><td><b>Test method</b></td>
<td width="30%"><b>Exception</b></td>
<td width="10%"><b>Time (seconds)</b></td>
<td><b>Instance</b></td>
</tr>
<tr>
<td title='com.ca.tds.main.TDSFlowTest.brwTDSMethodTest()'><b>brwTDSMethodTest</b><br>Test class: com.ca.tds.main.TDSFlowTest</td>
<td></td>
<td>2</td>
<td>com.ca.tds.main.TDSFlowTest@27216cd</td></tr>
<tr>
<td title='com.ca.tds.main.TDSFlowTest.brwTDSMethodTest()'><b>brwTDSMethodTest</b><br>Test class: com.ca.tds.main.TDSFlowTest</td>
<td></td>
<td>0</td>
<td>com.ca.tds.main.TDSFlowTest@7a55af6b</td></tr>
<tr>
<td title='com.ca.tds.main.TDSFlowTest.brwTDSMethodTest()'><b>brwTDSMethodTest</b><br>Test class: com.ca.tds.main.TDSFlowTest</td>
<td></td>
<td>0</td>
<td>com.ca.tds.main.TDSFlowTest@132e0cc</td></tr>
<tr>
<td title='com.ca.tds.main.TDSFlowTest.brwTDSMethodTest()'><b>brwTDSMethodTest</b><br>Test class: com.ca.tds.main.TDSFlowTest</td>
<td></td>
<td>0</td>
<td>com.ca.tds.main.TDSFlowTest@5f354bcf</td></tr>
<tr>
<td title='com.ca.tds.main.TDSFlowTest.brwTDSMethodTest()'><b>brwTDSMethodTest</b><br>Test class: com.ca.tds.main.TDSFlowTest</td>
<td></td>
<td>0</td>
<td>com.ca.tds.main.TDSFlowTest@78d6692f</td></tr>
<tr>
<td title='com.ca.tds.main.TDSFlowTest.brwTDSMethodTest()'><b>brwTDSMethodTest</b><br>Test class: com.ca.tds.main.TDSFlowTest</td>
<td></td>
<td>0</td>
<td>com.ca.tds.main.TDSFlowTest@8576fa0</td></tr>
<tr>
<td title='com.ca.tds.main.TDSFlowTest.brwTDSMethodTest()'><b>brwTDSMethodTest</b><br>Test class: com.ca.tds.main.TDSFlowTest</td>
<td></td>
<td>0</td>
<td>com.ca.tds.main.TDSFlowTest@63f259c3</td></tr>
<tr>
<td title='com.ca.tds.main.TDSFlowTest.brwTDSMethodTest()'><b>brwTDSMethodTest</b><br>Test class: com.ca.tds.main.TDSFlowTest</td>
<td></td>
<td>0</td>
<td>com.ca.tds.main.TDSFlowTest@492691d7</td></tr>
<tr>
<td title='com.ca.tds.main.TDSFlowTest.brwTDSMethodTest()'><b>brwTDSMethodTest</b><br>Test class: com.ca.tds.main.TDSFlowTest</td>
<td></td>
<td>0</td>
<td>com.ca.tds.main.TDSFlowTest@6c2c1385</td></tr>
<tr>
<td title='com.ca.tds.main.TDSFlowTest.brwTDSMethodTest()'><b>brwTDSMethodTest</b><br>Test class: com.ca.tds.main.TDSFlowTest</td>
<td></td>
<td>0</td>
<td>com.ca.tds.main.TDSFlowTest@3d9c13b5</td></tr>
<tr>
<td title='com.ca.tds.main.TDSFlowTest.brwTDSMethodTest()'><b>brwTDSMethodTest</b><br>Test class: com.ca.tds.main.TDSFlowTest</td>
<td></td>
<td>0</td>
<td>com.ca.tds.main.TDSFlowTest@15713d56</td></tr>
<tr>
<td title='com.ca.tds.main.TDSFlowTest.brwTDSMethodTest()'><b>brwTDSMethodTest</b><br>Test class: com.ca.tds.main.TDSFlowTest</td>
<td></td>
<td>0</td>
<td>com.ca.tds.main.TDSFlowTest@26ceffa8</td></tr>
<tr>
<td title='com.ca.tds.main.TDSFlowTest.brwTDSMethodTest()'><b>brwTDSMethodTest</b><br>Test class: com.ca.tds.main.TDSFlowTest</td>
<td></td>
<td>0</td>
<td>com.ca.tds.main.TDSFlowTest@7a67e3c6</td></tr>
<tr>
<td title='com.ca.tds.main.TDSFlowTest.brwTDSMethodTest()'><b>brwTDSMethodTest</b><br>Test class: com.ca.tds.main.TDSFlowTest</td>
<td></td>
<td>0</td>
<td>com.ca.tds.main.TDSFlowTest@146dfe6</td></tr>
<tr>
<td title='com.ca.tds.main.TDSFlowTest.brwTDSMethodTest()'><b>brwTDSMethodTest</b><br>Test class: com.ca.tds.main.TDSFlowTest</td>
<td></td>
<td>0</td>
<td>com.ca.tds.main.TDSFlowTest@7b205dbd</td></tr>
<tr>
<td title='com.ca.tds.main.TDSFlowTest.brwTDSMethodTest()'><b>brwTDSMethodTest</b><br>Test class: com.ca.tds.main.TDSFlowTest</td>
<td></td>
<td>0</td>
<td>com.ca.tds.main.TDSFlowTest@4716be8b</td></tr>
<tr>
<td title='com.ca.tds.main.TDSFlowTest.brwTDSMethodTest()'><b>brwTDSMethodTest</b><br>Test class: com.ca.tds.main.TDSFlowTest</td>
<td></td>
<td>0</td>
<td>com.ca.tds.main.TDSFlowTest@2c78d320</td></tr>
<tr>
<td title='com.ca.tds.main.TDSFlowTest.brwTDSMethodTest()'><b>brwTDSMethodTest</b><br>Test class: com.ca.tds.main.TDSFlowTest</td>
<td></td>
<td>0</td>
<td>com.ca.tds.main.TDSFlowTest@d41f816</td></tr>
<tr>
<td title='com.ca.tds.main.TDSFlowTest.brwTDSMethodTest()'><b>brwTDSMethodTest</b><br>Test class: com.ca.tds.main.TDSFlowTest</td>
<td></td>
<td>0</td>
<td>com.ca.tds.main.TDSFlowTest@7582ff54</td></tr>
<tr>
<td title='com.ca.tds.main.TDSFlowTest.brwTDSMethodTest()'><b>brwTDSMethodTest</b><br>Test class: com.ca.tds.main.TDSFlowTest</td>
<td></td>
<td>0</td>
<td>com.ca.tds.main.TDSFlowTest@600b90df</td></tr>
<tr>
<td title='com.ca.tds.main.TDSFlowTest.brwTDSMethodTest()'><b>brwTDSMethodTest</b><br>Test class: com.ca.tds.main.TDSFlowTest</td>
<td></td>
<td>0</td>
<td>com.ca.tds.main.TDSFlowTest@558bdf1f</td></tr>
<tr>
<td title='com.ca.tds.main.TDSFlowTest.brwTDSMethodTest()'><b>brwTDSMethodTest</b><br>Test class: com.ca.tds.main.TDSFlowTest</td>
<td></td>
<td>0</td>
<td>com.ca.tds.main.TDSFlowTest@106cc338</td></tr>
<tr>
<td title='com.ca.tds.main.TDSFlowTest.brwTDSMethodTest()'><b>brwTDSMethodTest</b><br>Test class: com.ca.tds.main.TDSFlowTest</td>
<td></td>
<td>0</td>
<td>com.ca.tds.main.TDSFlowTest@3daf7722</td></tr>
<tr>
<td title='com.ca.tds.main.TDSFlowTest.brwTDSMethodTest()'><b>brwTDSMethodTest</b><br>Test class: com.ca.tds.main.TDSFlowTest</td>
<td></td>
<td>0</td>
<td>com.ca.tds.main.TDSFlowTest@5c2375a9</td></tr>
<tr>
<td title='com.ca.tds.main.TDSFlowTest.brwTDSMethodTest()'><b>brwTDSMethodTest</b><br>Test class: com.ca.tds.main.TDSFlowTest</td>
<td></td>
<td>0</td>
<td>com.ca.tds.main.TDSFlowTest@7c8c9a05</td></tr>
<tr>
<td title='com.ca.tds.main.TDSFlowTest.brwTDSMethodTest()'><b>brwTDSMethodTest</b><br>Test class: com.ca.tds.main.TDSFlowTest</td>
<td></td>
<td>0</td>
<td>com.ca.tds.main.TDSFlowTest@74589991</td></tr>
<tr>
<td title='com.ca.tds.main.TDSFlowTest.brwTDSMethodTest()'><b>brwTDSMethodTest</b><br>Test class: com.ca.tds.main.TDSFlowTest</td>
<td></td>
<td>0</td>
<td>com.ca.tds.main.TDSFlowTest@60129b9a</td></tr>
<tr>
<td title='com.ca.tds.main.TDSFlowTest.brwTDSMethodTest()'><b>brwTDSMethodTest</b><br>Test class: com.ca.tds.main.TDSFlowTest</td>
<td></td>
<td>0</td>
<td>com.ca.tds.main.TDSFlowTest@78641d23</td></tr>
<tr>
<td title='com.ca.tds.main.TDSFlowTest.brwTDSMethodTest()'><b>brwTDSMethodTest</b><br>Test class: com.ca.tds.main.TDSFlowTest</td>
<td></td>
<td>0</td>
<td>com.ca.tds.main.TDSFlowTest@67d18ed7</td></tr>
<tr>
<td title='com.ca.tds.main.TDSFlowTest.brwTDSMethodTest()'><b>brwTDSMethodTest</b><br>Test class: com.ca.tds.main.TDSFlowTest</td>
<td></td>
<td>0</td>
<td>com.ca.tds.main.TDSFlowTest@6cc558c6</td></tr>
<tr>
<td title='com.ca.tds.main.TDSFlowTest.brwTDSMethodTest()'><b>brwTDSMethodTest</b><br>Test class: com.ca.tds.main.TDSFlowTest</td>
<td></td>
<td>0</td>
<td>com.ca.tds.main.TDSFlowTest@67545b57</td></tr>
</table><p>
<table width='100%' border='1' class='invocation-skipped'>
<tr><td colspan='4' align='center'><b>SKIPPED TESTS</b></td></tr>
<tr><td><b>Test method</b></td>
<td width="30%"><b>Exception</b></td>
<td width="10%"><b>Time (seconds)</b></td>
<td><b>Instance</b></td>
</tr>
<tr>
<td title='com.ca.tds.main.TDSFlowTest.rReqTest()'><b>rReqTest</b><br>Test class: com.ca.tds.main.TDSFlowTest</td>
<td><div><pre>org.testng.SkipException: Skipping [rReqTest] because the [rReqRequired] assumption(s) do not hold.
	at nl.javadude.assumeng.AssumptionListener.beforeInvocation(AssumptionListener.java:43)
	at java.util.concurrent.ThreadPoolExecutor.runWorker(ThreadPoolExecutor.java:1149)
	at java.util.concurrent.ThreadPoolExecutor$Worker.run(ThreadPoolExecutor.java:624)
	at java.lang.Thread.run(Thread.java:748)
... Removed 8 stack frames</pre></div><a href='#' onClick='toggleBox("stack-trace309151055", this, "Click to show all stack frames", "Click to hide stack frames")'>Click to show all stack frames</a>
<div class='stack-trace' id='stack-trace309151055'><pre>org.testng.SkipException: Skipping [rReqTest] because the [rReqRequired] assumption(s) do not hold.
	at nl.javadude.assumeng.AssumptionListener.beforeInvocation(AssumptionListener.java:43)
	at org.testng.internal.invokers.InvokedMethodListenerInvoker$InvokeBeforeInvocationWithoutContextStrategy.callMethod(InvokedMethodListenerInvoker.java:84)
	at org.testng.internal.invokers.InvokedMethodListenerInvoker.invokeListener(InvokedMethodListenerInvoker.java:62)
	at org.testng.internal.Invoker.runInvokedMethodListeners(Invoker.java:552)
	at org.testng.internal.Invoker.invokeMethod(Invoker.java:617)
	at org.testng.internal.Invoker.invokeTestMethod(Invoker.java:821)
	at org.testng.internal.Invoker.invokeTestMethods(Invoker.java:1131)
	at org.testng.internal.TestMethodWorker.invokeTestMethods(TestMethodWorker.java:124)
	at org.testng.internal.TestMethodWorker.run(TestMethodWorker.java:108)
	at java.util.concurrent.ThreadPoolExecutor.runWorker(ThreadPoolExecutor.java:1149)
	at java.util.concurrent.ThreadPoolExecutor$Worker.run(ThreadPoolExecutor.java:624)
	at java.lang.Thread.run(Thread.java:748)
</pre></div></td>
<td>0</td>
<td>com.ca.tds.main.TDSFlowTest@27216cd</td></tr>
<tr>
<td title='com.ca.tds.main.TDSFlowTest.rReqTest()'><b>rReqTest</b><br>Test class: com.ca.tds.main.TDSFlowTest</td>
<td><div><pre>org.testng.SkipException: Skipping [rReqTest] because the [rReqRequired] assumption(s) do not hold.
	at nl.javadude.assumeng.AssumptionListener.beforeInvocation(AssumptionListener.java:43)
	at java.util.concurrent.ThreadPoolExecutor.runWorker(ThreadPoolExecutor.java:1149)
	at java.util.concurrent.ThreadPoolExecutor$Worker.run(ThreadPoolExecutor.java:624)
	at java.lang.Thread.run(Thread.java:748)
... Removed 8 stack frames</pre></div><a href='#' onClick='toggleBox("stack-trace1018554184", this, "Click to show all stack frames", "Click to hide stack frames")'>Click to show all stack frames</a>
<div class='stack-trace' id='stack-trace1018554184'><pre>org.testng.SkipException: Skipping [rReqTest] because the [rReqRequired] assumption(s) do not hold.
	at nl.javadude.assumeng.AssumptionListener.beforeInvocation(AssumptionListener.java:43)
	at org.testng.internal.invokers.InvokedMethodListenerInvoker$InvokeBeforeInvocationWithoutContextStrategy.callMethod(InvokedMethodListenerInvoker.java:84)
	at org.testng.internal.invokers.InvokedMethodListenerInvoker.invokeListener(InvokedMethodListenerInvoker.java:62)
	at org.testng.internal.Invoker.runInvokedMethodListeners(Invoker.java:552)
	at org.testng.internal.Invoker.invokeMethod(Invoker.java:617)
	at org.testng.internal.Invoker.invokeTestMethod(Invoker.java:821)
	at org.testng.internal.Invoker.invokeTestMethods(Invoker.java:1131)
	at org.testng.internal.TestMethodWorker.invokeTestMethods(TestMethodWorker.java:124)
	at org.testng.internal.TestMethodWorker.run(TestMethodWorker.java:108)
	at java.util.concurrent.ThreadPoolExecutor.runWorker(ThreadPoolExecutor.java:1149)
	at java.util.concurrent.ThreadPoolExecutor$Worker.run(ThreadPoolExecutor.java:624)
	at java.lang.Thread.run(Thread.java:748)
</pre></div></td>
<td>0</td>
<td>com.ca.tds.main.TDSFlowTest@7a55af6b</td></tr>
<tr>
<td title='com.ca.tds.main.TDSFlowTest.rReqTest()'><b>rReqTest</b><br>Test class: com.ca.tds.main.TDSFlowTest</td>
<td><div><pre>org.testng.SkipException: Skipping [rReqTest] because the [rReqRequired] assumption(s) do not hold.
	at nl.javadude.assumeng.AssumptionListener.beforeInvocation(AssumptionListener.java:43)
	at java.util.concurrent.ThreadPoolExecutor.runWorker(ThreadPoolExecutor.java:1149)
	at java.util.concurrent.ThreadPoolExecutor$Worker.run(ThreadPoolExecutor.java:624)
	at java.lang.Thread.run(Thread.java:748)
... Removed 8 stack frames</pre></div><a href='#' onClick='toggleBox("stack-trace65234781", this, "Click to show all stack frames", "Click to hide stack frames")'>Click to show all stack frames</a>
<div class='stack-trace' id='stack-trace65234781'><pre>org.testng.SkipException: Skipping [rReqTest] because the [rReqRequired] assumption(s) do not hold.
	at nl.javadude.assumeng.AssumptionListener.beforeInvocation(AssumptionListener.java:43)
	at org.testng.internal.invokers.InvokedMethodListenerInvoker$InvokeBeforeInvocationWithoutContextStrategy.callMethod(InvokedMethodListenerInvoker.java:84)
	at org.testng.internal.invokers.InvokedMethodListenerInvoker.invokeListener(InvokedMethodListenerInvoker.java:62)
	at org.testng.internal.Invoker.runInvokedMethodListeners(Invoker.java:552)
	at org.testng.internal.Invoker.invokeMethod(Invoker.java:617)
	at org.testng.internal.Invoker.invokeTestMethod(Invoker.java:821)
	at org.testng.internal.Invoker.invokeTestMethods(Invoker.java:1131)
	at org.testng.internal.TestMethodWorker.invokeTestMethods(TestMethodWorker.java:124)
	at org.testng.internal.TestMethodWorker.run(TestMethodWorker.java:108)
	at java.util.concurrent.ThreadPoolExecutor.runWorker(ThreadPoolExecutor.java:1149)
	at java.util.concurrent.ThreadPoolExecutor$Worker.run(ThreadPoolExecutor.java:624)
	at java.lang.Thread.run(Thread.java:748)
</pre></div></td>
<td>0</td>
<td>com.ca.tds.main.TDSFlowTest@132e0cc</td></tr>
<tr>
<td title='com.ca.tds.main.TDSFlowTest.rReqTest()'><b>rReqTest</b><br>Test class: com.ca.tds.main.TDSFlowTest</td>
<td><div><pre>org.testng.SkipException: Skipping [rReqTest] because the [rReqRequired] assumption(s) do not hold.
	at nl.javadude.assumeng.AssumptionListener.beforeInvocation(AssumptionListener.java:43)
	at java.util.concurrent.ThreadPoolExecutor.runWorker(ThreadPoolExecutor.java:1149)
	at java.util.concurrent.ThreadPoolExecutor$Worker.run(ThreadPoolExecutor.java:624)
	at java.lang.Thread.run(Thread.java:748)
... Removed 8 stack frames</pre></div><a href='#' onClick='toggleBox("stack-trace1966746802", this, "Click to show all stack frames", "Click to hide stack frames")'>Click to show all stack frames</a>
<div class='stack-trace' id='stack-trace1966746802'><pre>org.testng.SkipException: Skipping [rReqTest] because the [rReqRequired] assumption(s) do not hold.
	at nl.javadude.assumeng.AssumptionListener.beforeInvocation(AssumptionListener.java:43)
	at org.testng.internal.invokers.InvokedMethodListenerInvoker$InvokeBeforeInvocationWithoutContextStrategy.callMethod(InvokedMethodListenerInvoker.java:84)
	at org.testng.internal.invokers.InvokedMethodListenerInvoker.invokeListener(InvokedMethodListenerInvoker.java:62)
	at org.testng.internal.Invoker.runInvokedMethodListeners(Invoker.java:552)
	at org.testng.internal.Invoker.invokeMethod(Invoker.java:617)
	at org.testng.internal.Invoker.invokeTestMethod(Invoker.java:821)
	at org.testng.internal.Invoker.invokeTestMethods(Invoker.java:1131)
	at org.testng.internal.TestMethodWorker.invokeTestMethods(TestMethodWorker.java:124)
	at org.testng.internal.TestMethodWorker.run(TestMethodWorker.java:108)
	at java.util.concurrent.ThreadPoolExecutor.runWorker(ThreadPoolExecutor.java:1149)
	at java.util.concurrent.ThreadPoolExecutor$Worker.run(ThreadPoolExecutor.java:624)
	at java.lang.Thread.run(Thread.java:748)
</pre></div></td>
<td>0</td>
<td>com.ca.tds.main.TDSFlowTest@5f354bcf</td></tr>
<tr>
<td title='com.ca.tds.main.TDSFlowTest.rReqTest()'><b>rReqTest</b><br>Test class: com.ca.tds.main.TDSFlowTest</td>
<td><div><pre>org.testng.SkipException: Skipping [rReqTest] because the [rReqRequired] assumption(s) do not hold.
	at nl.javadude.assumeng.AssumptionListener.beforeInvocation(AssumptionListener.java:43)
	at java.util.concurrent.ThreadPoolExecutor.runWorker(ThreadPoolExecutor.java:1149)
	at java.util.concurrent.ThreadPoolExecutor$Worker.run(ThreadPoolExecutor.java:624)
	at java.lang.Thread.run(Thread.java:748)
... Removed 8 stack frames</pre></div><a href='#' onClick='toggleBox("stack-trace437801354", this, "Click to show all stack frames", "Click to hide stack frames")'>Click to show all stack frames</a>
<div class='stack-trace' id='stack-trace437801354'><pre>org.testng.SkipException: Skipping [rReqTest] because the [rReqRequired] assumption(s) do not hold.
	at nl.javadude.assumeng.AssumptionListener.beforeInvocation(AssumptionListener.java:43)
	at org.testng.internal.invokers.InvokedMethodListenerInvoker$InvokeBeforeInvocationWithoutContextStrategy.callMethod(InvokedMethodListenerInvoker.java:84)
	at org.testng.internal.invokers.InvokedMethodListenerInvoker.invokeListener(InvokedMethodListenerInvoker.java:62)
	at org.testng.internal.Invoker.runInvokedMethodListeners(Invoker.java:552)
	at org.testng.internal.Invoker.invokeMethod(Invoker.java:617)
	at org.testng.internal.Invoker.invokeTestMethod(Invoker.java:821)
	at org.testng.internal.Invoker.invokeTestMethods(Invoker.java:1131)
	at org.testng.internal.TestMethodWorker.invokeTestMethods(TestMethodWorker.java:124)
	at org.testng.internal.TestMethodWorker.run(TestMethodWorker.java:108)
	at java.util.concurrent.ThreadPoolExecutor.runWorker(ThreadPoolExecutor.java:1149)
	at java.util.concurrent.ThreadPoolExecutor$Worker.run(ThreadPoolExecutor.java:624)
	at java.lang.Thread.run(Thread.java:748)
</pre></div></td>
<td>0</td>
<td>com.ca.tds.main.TDSFlowTest@78d6692f</td></tr>
<tr>
<td title='com.ca.tds.main.TDSFlowTest.rReqTest()'><b>rReqTest</b><br>Test class: com.ca.tds.main.TDSFlowTest</td>
<td><div><pre>org.testng.SkipException: Skipping [rReqTest] because the [rReqRequired] assumption(s) do not hold.
	at nl.javadude.assumeng.AssumptionListener.beforeInvocation(AssumptionListener.java:43)
	at java.util.concurrent.ThreadPoolExecutor.runWorker(ThreadPoolExecutor.java:1149)
	at java.util.concurrent.ThreadPoolExecutor$Worker.run(ThreadPoolExecutor.java:624)
	at java.lang.Thread.run(Thread.java:748)
... Removed 8 stack frames</pre></div><a href='#' onClick='toggleBox("stack-trace1164675757", this, "Click to show all stack frames", "Click to hide stack frames")'>Click to show all stack frames</a>
<div class='stack-trace' id='stack-trace1164675757'><pre>org.testng.SkipException: Skipping [rReqTest] because the [rReqRequired] assumption(s) do not hold.
	at nl.javadude.assumeng.AssumptionListener.beforeInvocation(AssumptionListener.java:43)
	at org.testng.internal.invokers.InvokedMethodListenerInvoker$InvokeBeforeInvocationWithoutContextStrategy.callMethod(InvokedMethodListenerInvoker.java:84)
	at org.testng.internal.invokers.InvokedMethodListenerInvoker.invokeListener(InvokedMethodListenerInvoker.java:62)
	at org.testng.internal.Invoker.runInvokedMethodListeners(Invoker.java:552)
	at org.testng.internal.Invoker.invokeMethod(Invoker.java:617)
	at org.testng.internal.Invoker.invokeTestMethod(Invoker.java:821)
	at org.testng.internal.Invoker.invokeTestMethods(Invoker.java:1131)
	at org.testng.internal.TestMethodWorker.invokeTestMethods(TestMethodWorker.java:124)
	at org.testng.internal.TestMethodWorker.run(TestMethodWorker.java:108)
	at java.util.concurrent.ThreadPoolExecutor.runWorker(ThreadPoolExecutor.java:1149)
	at java.util.concurrent.ThreadPoolExecutor$Worker.run(ThreadPoolExecutor.java:624)
	at java.lang.Thread.run(Thread.java:748)
</pre></div></td>
<td>0</td>
<td>com.ca.tds.main.TDSFlowTest@8576fa0</td></tr>
<tr>
<td title='com.ca.tds.main.TDSFlowTest.rReqTest()'><b>rReqTest</b><br>Test class: com.ca.tds.main.TDSFlowTest</td>
<td><div><pre>org.testng.SkipException: Skipping [rReqTest] because the [rReqRequired] assumption(s) do not hold.
	at nl.javadude.assumeng.AssumptionListener.beforeInvocation(AssumptionListener.java:43)
	at java.util.concurrent.ThreadPoolExecutor.runWorker(ThreadPoolExecutor.java:1149)
	at java.util.concurrent.ThreadPoolExecutor$Worker.run(ThreadPoolExecutor.java:624)
	at java.lang.Thread.run(Thread.java:748)
... Removed 8 stack frames</pre></div><a href='#' onClick='toggleBox("stack-trace1968950420", this, "Click to show all stack frames", "Click to hide stack frames")'>Click to show all stack frames</a>
<div class='stack-trace' id='stack-trace1968950420'><pre>org.testng.SkipException: Skipping [rReqTest] because the [rReqRequired] assumption(s) do not hold.
	at nl.javadude.assumeng.AssumptionListener.beforeInvocation(AssumptionListener.java:43)
	at org.testng.internal.invokers.InvokedMethodListenerInvoker$InvokeBeforeInvocationWithoutContextStrategy.callMethod(InvokedMethodListenerInvoker.java:84)
	at org.testng.internal.invokers.InvokedMethodListenerInvoker.invokeListener(InvokedMethodListenerInvoker.java:62)
	at org.testng.internal.Invoker.runInvokedMethodListeners(Invoker.java:552)
	at org.testng.internal.Invoker.invokeMethod(Invoker.java:617)
	at org.testng.internal.Invoker.invokeTestMethod(Invoker.java:821)
	at org.testng.internal.Invoker.invokeTestMethods(Invoker.java:1131)
	at org.testng.internal.TestMethodWorker.invokeTestMethods(TestMethodWorker.java:124)
	at org.testng.internal.TestMethodWorker.run(TestMethodWorker.java:108)
	at java.util.concurrent.ThreadPoolExecutor.runWorker(ThreadPoolExecutor.java:1149)
	at java.util.concurrent.ThreadPoolExecutor$Worker.run(ThreadPoolExecutor.java:624)
	at java.lang.Thread.run(Thread.java:748)
</pre></div></td>
<td>0</td>
<td>com.ca.tds.main.TDSFlowTest@63f259c3</td></tr>
<tr>
<td title='com.ca.tds.main.TDSFlowTest.rReqTest()'><b>rReqTest</b><br>Test class: com.ca.tds.main.TDSFlowTest</td>
<td><div><pre>org.testng.SkipException: Skipping [rReqTest] because the [rReqRequired] assumption(s) do not hold.
	at nl.javadude.assumeng.AssumptionListener.beforeInvocation(AssumptionListener.java:43)
	at java.util.concurrent.ThreadPoolExecutor.runWorker(ThreadPoolExecutor.java:1149)
	at java.util.concurrent.ThreadPoolExecutor$Worker.run(ThreadPoolExecutor.java:624)
	at java.lang.Thread.run(Thread.java:748)
... Removed 8 stack frames</pre></div><a href='#' onClick='toggleBox("stack-trace1392084035", this, "Click to show all stack frames", "Click to hide stack frames")'>Click to show all stack frames</a>
<div class='stack-trace' id='stack-trace1392084035'><pre>org.testng.SkipException: Skipping [rReqTest] because the [rReqRequired] assumption(s) do not hold.
	at nl.javadude.assumeng.AssumptionListener.beforeInvocation(AssumptionListener.java:43)
	at org.testng.internal.invokers.InvokedMethodListenerInvoker$InvokeBeforeInvocationWithoutContextStrategy.callMethod(InvokedMethodListenerInvoker.java:84)
	at org.testng.internal.invokers.InvokedMethodListenerInvoker.invokeListener(InvokedMethodListenerInvoker.java:62)
	at org.testng.internal.Invoker.runInvokedMethodListeners(Invoker.java:552)
	at org.testng.internal.Invoker.invokeMethod(Invoker.java:617)
	at org.testng.internal.Invoker.invokeTestMethod(Invoker.java:821)
	at org.testng.internal.Invoker.invokeTestMethods(Invoker.java:1131)
	at org.testng.internal.TestMethodWorker.invokeTestMethods(TestMethodWorker.java:124)
	at org.testng.internal.TestMethodWorker.run(TestMethodWorker.java:108)
	at java.util.concurrent.ThreadPoolExecutor.runWorker(ThreadPoolExecutor.java:1149)
	at java.util.concurrent.ThreadPoolExecutor$Worker.run(ThreadPoolExecutor.java:624)
	at java.lang.Thread.run(Thread.java:748)
</pre></div></td>
<td>0</td>
<td>com.ca.tds.main.TDSFlowTest@492691d7</td></tr>
<tr>
<td title='com.ca.tds.main.TDSFlowTest.rReqTest()'><b>rReqTest</b><br>Test class: com.ca.tds.main.TDSFlowTest</td>
<td><div><pre>org.testng.SkipException: Skipping [rReqTest] because the [rReqRequired] assumption(s) do not hold.
	at nl.javadude.assumeng.AssumptionListener.beforeInvocation(AssumptionListener.java:43)
	at java.util.concurrent.ThreadPoolExecutor.runWorker(ThreadPoolExecutor.java:1149)
	at java.util.concurrent.ThreadPoolExecutor$Worker.run(ThreadPoolExecutor.java:624)
	at java.lang.Thread.run(Thread.java:748)
... Removed 8 stack frames</pre></div><a href='#' onClick='toggleBox("stack-trace339617121", this, "Click to show all stack frames", "Click to hide stack frames")'>Click to show all stack frames</a>
<div class='stack-trace' id='stack-trace339617121'><pre>org.testng.SkipException: Skipping [rReqTest] because the [rReqRequired] assumption(s) do not hold.
	at nl.javadude.assumeng.AssumptionListener.beforeInvocation(AssumptionListener.java:43)
	at org.testng.internal.invokers.InvokedMethodListenerInvoker$InvokeBeforeInvocationWithoutContextStrategy.callMethod(InvokedMethodListenerInvoker.java:84)
	at org.testng.internal.invokers.InvokedMethodListenerInvoker.invokeListener(InvokedMethodListenerInvoker.java:62)
	at org.testng.internal.Invoker.runInvokedMethodListeners(Invoker.java:552)
	at org.testng.internal.Invoker.invokeMethod(Invoker.java:617)
	at org.testng.internal.Invoker.invokeTestMethod(Invoker.java:821)
	at org.testng.internal.Invoker.invokeTestMethods(Invoker.java:1131)
	at org.testng.internal.TestMethodWorker.invokeTestMethods(TestMethodWorker.java:124)
	at org.testng.internal.TestMethodWorker.run(TestMethodWorker.java:108)
	at java.util.concurrent.ThreadPoolExecutor.runWorker(ThreadPoolExecutor.java:1149)
	at java.util.concurrent.ThreadPoolExecutor$Worker.run(ThreadPoolExecutor.java:624)
	at java.lang.Thread.run(Thread.java:748)
</pre></div></td>
<td>0</td>
<td>com.ca.tds.main.TDSFlowTest@6c2c1385</td></tr>
<tr>
<td title='com.ca.tds.main.TDSFlowTest.rReqTest()'><b>rReqTest</b><br>Test class: com.ca.tds.main.TDSFlowTest</td>
<td><div><pre>org.testng.SkipException: Skipping [rReqTest] because the [rReqRequired] assumption(s) do not hold.
	at nl.javadude.assumeng.AssumptionListener.beforeInvocation(AssumptionListener.java:43)
	at java.util.concurrent.ThreadPoolExecutor.runWorker(ThreadPoolExecutor.java:1149)
	at java.util.concurrent.ThreadPoolExecutor$Worker.run(ThreadPoolExecutor.java:624)
	at java.lang.Thread.run(Thread.java:748)
... Removed 8 stack frames</pre></div><a href='#' onClick='toggleBox("stack-trace728910418", this, "Click to show all stack frames", "Click to hide stack frames")'>Click to show all stack frames</a>
<div class='stack-trace' id='stack-trace728910418'><pre>org.testng.SkipException: Skipping [rReqTest] because the [rReqRequired] assumption(s) do not hold.
	at nl.javadude.assumeng.AssumptionListener.beforeInvocation(AssumptionListener.java:43)
	at org.testng.internal.invokers.InvokedMethodListenerInvoker$InvokeBeforeInvocationWithoutContextStrategy.callMethod(InvokedMethodListenerInvoker.java:84)
	at org.testng.internal.invokers.InvokedMethodListenerInvoker.invokeListener(InvokedMethodListenerInvoker.java:62)
	at org.testng.internal.Invoker.runInvokedMethodListeners(Invoker.java:552)
	at org.testng.internal.Invoker.invokeMethod(Invoker.java:617)
	at org.testng.internal.Invoker.invokeTestMethod(Invoker.java:821)
	at org.testng.internal.Invoker.invokeTestMethods(Invoker.java:1131)
	at org.testng.internal.TestMethodWorker.invokeTestMethods(TestMethodWorker.java:124)
	at org.testng.internal.TestMethodWorker.run(TestMethodWorker.java:108)
	at java.util.concurrent.ThreadPoolExecutor.runWorker(ThreadPoolExecutor.java:1149)
	at java.util.concurrent.ThreadPoolExecutor$Worker.run(ThreadPoolExecutor.java:624)
	at java.lang.Thread.run(Thread.java:748)
</pre></div></td>
<td>0</td>
<td>com.ca.tds.main.TDSFlowTest@3d9c13b5</td></tr>
<tr>
<td title='com.ca.tds.main.TDSFlowTest.rReqTest()'><b>rReqTest</b><br>Test class: com.ca.tds.main.TDSFlowTest</td>
<td><div><pre>org.testng.SkipException: Skipping [rReqTest] because the [rReqRequired] assumption(s) do not hold.
	at nl.javadude.assumeng.AssumptionListener.beforeInvocation(AssumptionListener.java:43)
	at java.util.concurrent.ThreadPoolExecutor.runWorker(ThreadPoolExecutor.java:1149)
	at java.util.concurrent.ThreadPoolExecutor$Worker.run(ThreadPoolExecutor.java:624)
	at java.lang.Thread.run(Thread.java:748)
... Removed 8 stack frames</pre></div><a href='#' onClick='toggleBox("stack-trace661956068", this, "Click to show all stack frames", "Click to hide stack frames")'>Click to show all stack frames</a>
<div class='stack-trace' id='stack-trace661956068'><pre>org.testng.SkipException: Skipping [rReqTest] because the [rReqRequired] assumption(s) do not hold.
	at nl.javadude.assumeng.AssumptionListener.beforeInvocation(AssumptionListener.java:43)
	at org.testng.internal.invokers.InvokedMethodListenerInvoker$InvokeBeforeInvocationWithoutContextStrategy.callMethod(InvokedMethodListenerInvoker.java:84)
	at org.testng.internal.invokers.InvokedMethodListenerInvoker.invokeListener(InvokedMethodListenerInvoker.java:62)
	at org.testng.internal.Invoker.runInvokedMethodListeners(Invoker.java:552)
	at org.testng.internal.Invoker.invokeMethod(Invoker.java:617)
	at org.testng.internal.Invoker.invokeTestMethod(Invoker.java:821)
	at org.testng.internal.Invoker.invokeTestMethods(Invoker.java:1131)
	at org.testng.internal.TestMethodWorker.invokeTestMethods(TestMethodWorker.java:124)
	at org.testng.internal.TestMethodWorker.run(TestMethodWorker.java:108)
	at java.util.concurrent.ThreadPoolExecutor.runWorker(ThreadPoolExecutor.java:1149)
	at java.util.concurrent.ThreadPoolExecutor$Worker.run(ThreadPoolExecutor.java:624)
	at java.lang.Thread.run(Thread.java:748)
</pre></div></td>
<td>0</td>
<td>com.ca.tds.main.TDSFlowTest@15713d56</td></tr>
<tr>
<td title='com.ca.tds.main.TDSFlowTest.rReqTest()'><b>rReqTest</b><br>Test class: com.ca.tds.main.TDSFlowTest</td>
<td><div><pre>org.testng.SkipException: Skipping [rReqTest] because the [rReqRequired] assumption(s) do not hold.
	at nl.javadude.assumeng.AssumptionListener.beforeInvocation(AssumptionListener.java:43)
	at java.util.concurrent.ThreadPoolExecutor.runWorker(ThreadPoolExecutor.java:1149)
	at java.util.concurrent.ThreadPoolExecutor$Worker.run(ThreadPoolExecutor.java:624)
	at java.lang.Thread.run(Thread.java:748)
... Removed 8 stack frames</pre></div><a href='#' onClick='toggleBox("stack-trace1022964900", this, "Click to show all stack frames", "Click to hide stack frames")'>Click to show all stack frames</a>
<div class='stack-trace' id='stack-trace1022964900'><pre>org.testng.SkipException: Skipping [rReqTest] because the [rReqRequired] assumption(s) do not hold.
	at nl.javadude.assumeng.AssumptionListener.beforeInvocation(AssumptionListener.java:43)
	at org.testng.internal.invokers.InvokedMethodListenerInvoker$InvokeBeforeInvocationWithoutContextStrategy.callMethod(InvokedMethodListenerInvoker.java:84)
	at org.testng.internal.invokers.InvokedMethodListenerInvoker.invokeListener(InvokedMethodListenerInvoker.java:62)
	at org.testng.internal.Invoker.runInvokedMethodListeners(Invoker.java:552)
	at org.testng.internal.Invoker.invokeMethod(Invoker.java:617)
	at org.testng.internal.Invoker.invokeTestMethod(Invoker.java:821)
	at org.testng.internal.Invoker.invokeTestMethods(Invoker.java:1131)
	at org.testng.internal.TestMethodWorker.invokeTestMethods(TestMethodWorker.java:124)
	at org.testng.internal.TestMethodWorker.run(TestMethodWorker.java:108)
	at java.util.concurrent.ThreadPoolExecutor.runWorker(ThreadPoolExecutor.java:1149)
	at java.util.concurrent.ThreadPoolExecutor$Worker.run(ThreadPoolExecutor.java:624)
	at java.lang.Thread.run(Thread.java:748)
</pre></div></td>
<td>0</td>
<td>com.ca.tds.main.TDSFlowTest@26ceffa8</td></tr>
<tr>
<td title='com.ca.tds.main.TDSFlowTest.rReqTest()'><b>rReqTest</b><br>Test class: com.ca.tds.main.TDSFlowTest</td>
<td><div><pre>org.testng.SkipException: Skipping [rReqTest] because the [rReqRequired] assumption(s) do not hold.
	at nl.javadude.assumeng.AssumptionListener.beforeInvocation(AssumptionListener.java:43)
	at java.util.concurrent.ThreadPoolExecutor.runWorker(ThreadPoolExecutor.java:1149)
	at java.util.concurrent.ThreadPoolExecutor$Worker.run(ThreadPoolExecutor.java:624)
	at java.lang.Thread.run(Thread.java:748)
... Removed 8 stack frames</pre></div><a href='#' onClick='toggleBox("stack-trace22920533", this, "Click to show all stack frames", "Click to hide stack frames")'>Click to show all stack frames</a>
<div class='stack-trace' id='stack-trace22920533'><pre>org.testng.SkipException: Skipping [rReqTest] because the [rReqRequired] assumption(s) do not hold.
	at nl.javadude.assumeng.AssumptionListener.beforeInvocation(AssumptionListener.java:43)
	at org.testng.internal.invokers.InvokedMethodListenerInvoker$InvokeBeforeInvocationWithoutContextStrategy.callMethod(InvokedMethodListenerInvoker.java:84)
	at org.testng.internal.invokers.InvokedMethodListenerInvoker.invokeListener(InvokedMethodListenerInvoker.java:62)
	at org.testng.internal.Invoker.runInvokedMethodListeners(Invoker.java:552)
	at org.testng.internal.Invoker.invokeMethod(Invoker.java:617)
	at org.testng.internal.Invoker.invokeTestMethod(Invoker.java:821)
	at org.testng.internal.Invoker.invokeTestMethods(Invoker.java:1131)
	at org.testng.internal.TestMethodWorker.invokeTestMethods(TestMethodWorker.java:124)
	at org.testng.internal.TestMethodWorker.run(TestMethodWorker.java:108)
	at java.util.concurrent.ThreadPoolExecutor.runWorker(ThreadPoolExecutor.java:1149)
	at java.util.concurrent.ThreadPoolExecutor$Worker.run(ThreadPoolExecutor.java:624)
	at java.lang.Thread.run(Thread.java:748)
</pre></div></td>
<td>0</td>
<td>com.ca.tds.main.TDSFlowTest@7a67e3c6</td></tr>
<tr>
<td title='com.ca.tds.main.TDSFlowTest.rReqTest()'><b>rReqTest</b><br>Test class: com.ca.tds.main.TDSFlowTest</td>
<td><div><pre>org.testng.SkipException: Skipping [rReqTest] because the [rReqRequired] assumption(s) do not hold.
	at nl.javadude.assumeng.AssumptionListener.beforeInvocation(AssumptionListener.java:43)
	at java.util.concurrent.ThreadPoolExecutor.runWorker(ThreadPoolExecutor.java:1149)
	at java.util.concurrent.ThreadPoolExecutor$Worker.run(ThreadPoolExecutor.java:624)
	at java.lang.Thread.run(Thread.java:748)
... Removed 8 stack frames</pre></div><a href='#' onClick='toggleBox("stack-trace1339953427", this, "Click to show all stack frames", "Click to hide stack frames")'>Click to show all stack frames</a>
<div class='stack-trace' id='stack-trace1339953427'><pre>org.testng.SkipException: Skipping [rReqTest] because the [rReqRequired] assumption(s) do not hold.
	at nl.javadude.assumeng.AssumptionListener.beforeInvocation(AssumptionListener.java:43)
	at org.testng.internal.invokers.InvokedMethodListenerInvoker$InvokeBeforeInvocationWithoutContextStrategy.callMethod(InvokedMethodListenerInvoker.java:84)
	at org.testng.internal.invokers.InvokedMethodListenerInvoker.invokeListener(InvokedMethodListenerInvoker.java:62)
	at org.testng.internal.Invoker.runInvokedMethodListeners(Invoker.java:552)
	at org.testng.internal.Invoker.invokeMethod(Invoker.java:617)
	at org.testng.internal.Invoker.invokeTestMethod(Invoker.java:821)
	at org.testng.internal.Invoker.invokeTestMethods(Invoker.java:1131)
	at org.testng.internal.TestMethodWorker.invokeTestMethods(TestMethodWorker.java:124)
	at org.testng.internal.TestMethodWorker.run(TestMethodWorker.java:108)
	at java.util.concurrent.ThreadPoolExecutor.runWorker(ThreadPoolExecutor.java:1149)
	at java.util.concurrent.ThreadPoolExecutor$Worker.run(ThreadPoolExecutor.java:624)
	at java.lang.Thread.run(Thread.java:748)
</pre></div></td>
<td>0</td>
<td>com.ca.tds.main.TDSFlowTest@146dfe6</td></tr>
<tr>
<td title='com.ca.tds.main.TDSFlowTest.rReqTest()'><b>rReqTest</b><br>Test class: com.ca.tds.main.TDSFlowTest</td>
<td><div><pre>org.testng.SkipException: Skipping [rReqTest] because the [rReqRequired] assumption(s) do not hold.
	at nl.javadude.assumeng.AssumptionListener.beforeInvocation(AssumptionListener.java:43)
	at java.util.concurrent.ThreadPoolExecutor.runWorker(ThreadPoolExecutor.java:1149)
	at java.util.concurrent.ThreadPoolExecutor$Worker.run(ThreadPoolExecutor.java:624)
	at java.lang.Thread.run(Thread.java:748)
... Removed 8 stack frames</pre></div><a href='#' onClick='toggleBox("stack-trace128474383", this, "Click to show all stack frames", "Click to hide stack frames")'>Click to show all stack frames</a>
<div class='stack-trace' id='stack-trace128474383'><pre>org.testng.SkipException: Skipping [rReqTest] because the [rReqRequired] assumption(s) do not hold.
	at nl.javadude.assumeng.AssumptionListener.beforeInvocation(AssumptionListener.java:43)
	at org.testng.internal.invokers.InvokedMethodListenerInvoker$InvokeBeforeInvocationWithoutContextStrategy.callMethod(InvokedMethodListenerInvoker.java:84)
	at org.testng.internal.invokers.InvokedMethodListenerInvoker.invokeListener(InvokedMethodListenerInvoker.java:62)
	at org.testng.internal.Invoker.runInvokedMethodListeners(Invoker.java:552)
	at org.testng.internal.Invoker.invokeMethod(Invoker.java:617)
	at org.testng.internal.Invoker.invokeTestMethod(Invoker.java:821)
	at org.testng.internal.Invoker.invokeTestMethods(Invoker.java:1131)
	at org.testng.internal.TestMethodWorker.invokeTestMethods(TestMethodWorker.java:124)
	at org.testng.internal.TestMethodWorker.run(TestMethodWorker.java:108)
	at java.util.concurrent.ThreadPoolExecutor.runWorker(ThreadPoolExecutor.java:1149)
	at java.util.concurrent.ThreadPoolExecutor$Worker.run(ThreadPoolExecutor.java:624)
	at java.lang.Thread.run(Thread.java:748)
</pre></div></td>
<td>0</td>
<td>com.ca.tds.main.TDSFlowTest@7b205dbd</td></tr>
<tr>
<td title='com.ca.tds.main.TDSFlowTest.rReqTest()'><b>rReqTest</b><br>Test class: com.ca.tds.main.TDSFlowTest</td>
<td><div><pre>org.testng.SkipException: Skipping [rReqTest] because the [rReqRequired] assumption(s) do not hold.
	at nl.javadude.assumeng.AssumptionListener.beforeInvocation(AssumptionListener.java:43)
	at java.util.concurrent.ThreadPoolExecutor.runWorker(ThreadPoolExecutor.java:1149)
	at java.util.concurrent.ThreadPoolExecutor$Worker.run(ThreadPoolExecutor.java:624)
	at java.lang.Thread.run(Thread.java:748)
... Removed 8 stack frames</pre></div><a href='#' onClick='toggleBox("stack-trace126845723", this, "Click to show all stack frames", "Click to hide stack frames")'>Click to show all stack frames</a>
<div class='stack-trace' id='stack-trace126845723'><pre>org.testng.SkipException: Skipping [rReqTest] because the [rReqRequired] assumption(s) do not hold.
	at nl.javadude.assumeng.AssumptionListener.beforeInvocation(AssumptionListener.java:43)
	at org.testng.internal.invokers.InvokedMethodListenerInvoker$InvokeBeforeInvocationWithoutContextStrategy.callMethod(InvokedMethodListenerInvoker.java:84)
	at org.testng.internal.invokers.InvokedMethodListenerInvoker.invokeListener(InvokedMethodListenerInvoker.java:62)
	at org.testng.internal.Invoker.runInvokedMethodListeners(Invoker.java:552)
	at org.testng.internal.Invoker.invokeMethod(Invoker.java:617)
	at org.testng.internal.Invoker.invokeTestMethod(Invoker.java:821)
	at org.testng.internal.Invoker.invokeTestMethods(Invoker.java:1131)
	at org.testng.internal.TestMethodWorker.invokeTestMethods(TestMethodWorker.java:124)
	at org.testng.internal.TestMethodWorker.run(TestMethodWorker.java:108)
	at java.util.concurrent.ThreadPoolExecutor.runWorker(ThreadPoolExecutor.java:1149)
	at java.util.concurrent.ThreadPoolExecutor$Worker.run(ThreadPoolExecutor.java:624)
	at java.lang.Thread.run(Thread.java:748)
</pre></div></td>
<td>0</td>
<td>com.ca.tds.main.TDSFlowTest@4716be8b</td></tr>
<tr>
<td title='com.ca.tds.main.TDSFlowTest.rReqTest()'><b>rReqTest</b><br>Test class: com.ca.tds.main.TDSFlowTest</td>
<td><div><pre>org.testng.SkipException: Skipping [rReqTest] because the [rReqRequired] assumption(s) do not hold.
	at nl.javadude.assumeng.AssumptionListener.beforeInvocation(AssumptionListener.java:43)
	at java.util.concurrent.ThreadPoolExecutor.runWorker(ThreadPoolExecutor.java:1149)
	at java.util.concurrent.ThreadPoolExecutor$Worker.run(ThreadPoolExecutor.java:624)
	at java.lang.Thread.run(Thread.java:748)
... Removed 8 stack frames</pre></div><a href='#' onClick='toggleBox("stack-trace1322697817", this, "Click to show all stack frames", "Click to hide stack frames")'>Click to show all stack frames</a>
<div class='stack-trace' id='stack-trace1322697817'><pre>org.testng.SkipException: Skipping [rReqTest] because the [rReqRequired] assumption(s) do not hold.
	at nl.javadude.assumeng.AssumptionListener.beforeInvocation(AssumptionListener.java:43)
	at org.testng.internal.invokers.InvokedMethodListenerInvoker$InvokeBeforeInvocationWithoutContextStrategy.callMethod(InvokedMethodListenerInvoker.java:84)
	at org.testng.internal.invokers.InvokedMethodListenerInvoker.invokeListener(InvokedMethodListenerInvoker.java:62)
	at org.testng.internal.Invoker.runInvokedMethodListeners(Invoker.java:552)
	at org.testng.internal.Invoker.invokeMethod(Invoker.java:617)
	at org.testng.internal.Invoker.invokeTestMethod(Invoker.java:821)
	at org.testng.internal.Invoker.invokeTestMethods(Invoker.java:1131)
	at org.testng.internal.TestMethodWorker.invokeTestMethods(TestMethodWorker.java:124)
	at org.testng.internal.TestMethodWorker.run(TestMethodWorker.java:108)
	at java.util.concurrent.ThreadPoolExecutor.runWorker(ThreadPoolExecutor.java:1149)
	at java.util.concurrent.ThreadPoolExecutor$Worker.run(ThreadPoolExecutor.java:624)
	at java.lang.Thread.run(Thread.java:748)
</pre></div></td>
<td>0</td>
<td>com.ca.tds.main.TDSFlowTest@2c78d320</td></tr>
<tr>
<td title='com.ca.tds.main.TDSFlowTest.rReqTest()'><b>rReqTest</b><br>Test class: com.ca.tds.main.TDSFlowTest</td>
<td><div><pre>org.testng.SkipException: Skipping [rReqTest] because the [rReqRequired] assumption(s) do not hold.
	at nl.javadude.assumeng.AssumptionListener.beforeInvocation(AssumptionListener.java:43)
	at java.util.concurrent.ThreadPoolExecutor.runWorker(ThreadPoolExecutor.java:1149)
	at java.util.concurrent.ThreadPoolExecutor$Worker.run(ThreadPoolExecutor.java:624)
	at java.lang.Thread.run(Thread.java:748)
... Removed 8 stack frames</pre></div><a href='#' onClick='toggleBox("stack-trace999949626", this, "Click to show all stack frames", "Click to hide stack frames")'>Click to show all stack frames</a>
<div class='stack-trace' id='stack-trace999949626'><pre>org.testng.SkipException: Skipping [rReqTest] because the [rReqRequired] assumption(s) do not hold.
	at nl.javadude.assumeng.AssumptionListener.beforeInvocation(AssumptionListener.java:43)
	at org.testng.internal.invokers.InvokedMethodListenerInvoker$InvokeBeforeInvocationWithoutContextStrategy.callMethod(InvokedMethodListenerInvoker.java:84)
	at org.testng.internal.invokers.InvokedMethodListenerInvoker.invokeListener(InvokedMethodListenerInvoker.java:62)
	at org.testng.internal.Invoker.runInvokedMethodListeners(Invoker.java:552)
	at org.testng.internal.Invoker.invokeMethod(Invoker.java:617)
	at org.testng.internal.Invoker.invokeTestMethod(Invoker.java:821)
	at org.testng.internal.Invoker.invokeTestMethods(Invoker.java:1131)
	at org.testng.internal.TestMethodWorker.invokeTestMethods(TestMethodWorker.java:124)
	at org.testng.internal.TestMethodWorker.run(TestMethodWorker.java:108)
	at java.util.concurrent.ThreadPoolExecutor.runWorker(ThreadPoolExecutor.java:1149)
	at java.util.concurrent.ThreadPoolExecutor$Worker.run(ThreadPoolExecutor.java:624)
	at java.lang.Thread.run(Thread.java:748)
</pre></div></td>
<td>0</td>
<td>com.ca.tds.main.TDSFlowTest@d41f816</td></tr>
<tr>
<td title='com.ca.tds.main.TDSFlowTest.rReqTest()'><b>rReqTest</b><br>Test class: com.ca.tds.main.TDSFlowTest</td>
<td><div><pre>org.testng.SkipException: Skipping [rReqTest] because the [rReqRequired] assumption(s) do not hold.
	at nl.javadude.assumeng.AssumptionListener.beforeInvocation(AssumptionListener.java:43)
	at java.util.concurrent.ThreadPoolExecutor.runWorker(ThreadPoolExecutor.java:1149)
	at java.util.concurrent.ThreadPoolExecutor$Worker.run(ThreadPoolExecutor.java:624)
	at java.lang.Thread.run(Thread.java:748)
... Removed 8 stack frames</pre></div><a href='#' onClick='toggleBox("stack-trace555048672", this, "Click to show all stack frames", "Click to hide stack frames")'>Click to show all stack frames</a>
<div class='stack-trace' id='stack-trace555048672'><pre>org.testng.SkipException: Skipping [rReqTest] because the [rReqRequired] assumption(s) do not hold.
	at nl.javadude.assumeng.AssumptionListener.beforeInvocation(AssumptionListener.java:43)
	at org.testng.internal.invokers.InvokedMethodListenerInvoker$InvokeBeforeInvocationWithoutContextStrategy.callMethod(InvokedMethodListenerInvoker.java:84)
	at org.testng.internal.invokers.InvokedMethodListenerInvoker.invokeListener(InvokedMethodListenerInvoker.java:62)
	at org.testng.internal.Invoker.runInvokedMethodListeners(Invoker.java:552)
	at org.testng.internal.Invoker.invokeMethod(Invoker.java:617)
	at org.testng.internal.Invoker.invokeTestMethod(Invoker.java:821)
	at org.testng.internal.Invoker.invokeTestMethods(Invoker.java:1131)
	at org.testng.internal.TestMethodWorker.invokeTestMethods(TestMethodWorker.java:124)
	at org.testng.internal.TestMethodWorker.run(TestMethodWorker.java:108)
	at java.util.concurrent.ThreadPoolExecutor.runWorker(ThreadPoolExecutor.java:1149)
	at java.util.concurrent.ThreadPoolExecutor$Worker.run(ThreadPoolExecutor.java:624)
	at java.lang.Thread.run(Thread.java:748)
</pre></div></td>
<td>0</td>
<td>com.ca.tds.main.TDSFlowTest@7582ff54</td></tr>
<tr>
<td title='com.ca.tds.main.TDSFlowTest.rReqTest()'><b>rReqTest</b><br>Test class: com.ca.tds.main.TDSFlowTest</td>
<td><div><pre>org.testng.SkipException: Skipping [rReqTest] because the [rReqRequired] assumption(s) do not hold.
	at nl.javadude.assumeng.AssumptionListener.beforeInvocation(AssumptionListener.java:43)
	at java.util.concurrent.ThreadPoolExecutor.runWorker(ThreadPoolExecutor.java:1149)
	at java.util.concurrent.ThreadPoolExecutor$Worker.run(ThreadPoolExecutor.java:624)
	at java.lang.Thread.run(Thread.java:748)
... Removed 8 stack frames</pre></div><a href='#' onClick='toggleBox("stack-trace1493336684", this, "Click to show all stack frames", "Click to hide stack frames")'>Click to show all stack frames</a>
<div class='stack-trace' id='stack-trace1493336684'><pre>org.testng.SkipException: Skipping [rReqTest] because the [rReqRequired] assumption(s) do not hold.
	at nl.javadude.assumeng.AssumptionListener.beforeInvocation(AssumptionListener.java:43)
	at org.testng.internal.invokers.InvokedMethodListenerInvoker$InvokeBeforeInvocationWithoutContextStrategy.callMethod(InvokedMethodListenerInvoker.java:84)
	at org.testng.internal.invokers.InvokedMethodListenerInvoker.invokeListener(InvokedMethodListenerInvoker.java:62)
	at org.testng.internal.Invoker.runInvokedMethodListeners(Invoker.java:552)
	at org.testng.internal.Invoker.invokeMethod(Invoker.java:617)
	at org.testng.internal.Invoker.invokeTestMethod(Invoker.java:821)
	at org.testng.internal.Invoker.invokeTestMethods(Invoker.java:1131)
	at org.testng.internal.TestMethodWorker.invokeTestMethods(TestMethodWorker.java:124)
	at org.testng.internal.TestMethodWorker.run(TestMethodWorker.java:108)
	at java.util.concurrent.ThreadPoolExecutor.runWorker(ThreadPoolExecutor.java:1149)
	at java.util.concurrent.ThreadPoolExecutor$Worker.run(ThreadPoolExecutor.java:624)
	at java.lang.Thread.run(Thread.java:748)
</pre></div></td>
<td>0</td>
<td>com.ca.tds.main.TDSFlowTest@600b90df</td></tr>
<tr>
<td title='com.ca.tds.main.TDSFlowTest.rReqTest()'><b>rReqTest</b><br>Test class: com.ca.tds.main.TDSFlowTest</td>
<td><div><pre>org.testng.SkipException: Skipping [rReqTest] because the [rReqRequired] assumption(s) do not hold.
	at nl.javadude.assumeng.AssumptionListener.beforeInvocation(AssumptionListener.java:43)
	at java.util.concurrent.ThreadPoolExecutor.runWorker(ThreadPoolExecutor.java:1149)
	at java.util.concurrent.ThreadPoolExecutor$Worker.run(ThreadPoolExecutor.java:624)
	at java.lang.Thread.run(Thread.java:748)
... Removed 8 stack frames</pre></div><a href='#' onClick='toggleBox("stack-trace1877088876", this, "Click to show all stack frames", "Click to hide stack frames")'>Click to show all stack frames</a>
<div class='stack-trace' id='stack-trace1877088876'><pre>org.testng.SkipException: Skipping [rReqTest] because the [rReqRequired] assumption(s) do not hold.
	at nl.javadude.assumeng.AssumptionListener.beforeInvocation(AssumptionListener.java:43)
	at org.testng.internal.invokers.InvokedMethodListenerInvoker$InvokeBeforeInvocationWithoutContextStrategy.callMethod(InvokedMethodListenerInvoker.java:84)
	at org.testng.internal.invokers.InvokedMethodListenerInvoker.invokeListener(InvokedMethodListenerInvoker.java:62)
	at org.testng.internal.Invoker.runInvokedMethodListeners(Invoker.java:552)
	at org.testng.internal.Invoker.invokeMethod(Invoker.java:617)
	at org.testng.internal.Invoker.invokeTestMethod(Invoker.java:821)
	at org.testng.internal.Invoker.invokeTestMethods(Invoker.java:1131)
	at org.testng.internal.TestMethodWorker.invokeTestMethods(TestMethodWorker.java:124)
	at org.testng.internal.TestMethodWorker.run(TestMethodWorker.java:108)
	at java.util.concurrent.ThreadPoolExecutor.runWorker(ThreadPoolExecutor.java:1149)
	at java.util.concurrent.ThreadPoolExecutor$Worker.run(ThreadPoolExecutor.java:624)
	at java.lang.Thread.run(Thread.java:748)
</pre></div></td>
<td>0</td>
<td>com.ca.tds.main.TDSFlowTest@558bdf1f</td></tr>
<tr>
<td title='com.ca.tds.main.TDSFlowTest.rReqTest()'><b>rReqTest</b><br>Test class: com.ca.tds.main.TDSFlowTest</td>
<td><div><pre>org.testng.SkipException: Skipping [rReqTest] because the [rReqRequired] assumption(s) do not hold.
	at nl.javadude.assumeng.AssumptionListener.beforeInvocation(AssumptionListener.java:43)
	at java.util.concurrent.ThreadPoolExecutor.runWorker(ThreadPoolExecutor.java:1149)
	at java.util.concurrent.ThreadPoolExecutor$Worker.run(ThreadPoolExecutor.java:624)
	at java.lang.Thread.run(Thread.java:748)
... Removed 8 stack frames</pre></div><a href='#' onClick='toggleBox("stack-trace425439468", this, "Click to show all stack frames", "Click to hide stack frames")'>Click to show all stack frames</a>
<div class='stack-trace' id='stack-trace425439468'><pre>org.testng.SkipException: Skipping [rReqTest] because the [rReqRequired] assumption(s) do not hold.
	at nl.javadude.assumeng.AssumptionListener.beforeInvocation(AssumptionListener.java:43)
	at org.testng.internal.invokers.InvokedMethodListenerInvoker$InvokeBeforeInvocationWithoutContextStrategy.callMethod(InvokedMethodListenerInvoker.java:84)
	at org.testng.internal.invokers.InvokedMethodListenerInvoker.invokeListener(InvokedMethodListenerInvoker.java:62)
	at org.testng.internal.Invoker.runInvokedMethodListeners(Invoker.java:552)
	at org.testng.internal.Invoker.invokeMethod(Invoker.java:617)
	at org.testng.internal.Invoker.invokeTestMethod(Invoker.java:821)
	at org.testng.internal.Invoker.invokeTestMethods(Invoker.java:1131)
	at org.testng.internal.TestMethodWorker.invokeTestMethods(TestMethodWorker.java:124)
	at org.testng.internal.TestMethodWorker.run(TestMethodWorker.java:108)
	at java.util.concurrent.ThreadPoolExecutor.runWorker(ThreadPoolExecutor.java:1149)
	at java.util.concurrent.ThreadPoolExecutor$Worker.run(ThreadPoolExecutor.java:624)
	at java.lang.Thread.run(Thread.java:748)
</pre></div></td>
<td>0</td>
<td>com.ca.tds.main.TDSFlowTest@106cc338</td></tr>
<tr>
<td title='com.ca.tds.main.TDSFlowTest.rReqTest()'><b>rReqTest</b><br>Test class: com.ca.tds.main.TDSFlowTest</td>
<td><div><pre>org.testng.SkipException: Skipping [rReqTest] because the [rReqRequired] assumption(s) do not hold.
	at nl.javadude.assumeng.AssumptionListener.beforeInvocation(AssumptionListener.java:43)
	at java.util.concurrent.ThreadPoolExecutor.runWorker(ThreadPoolExecutor.java:1149)
	at java.util.concurrent.ThreadPoolExecutor$Worker.run(ThreadPoolExecutor.java:624)
	at java.lang.Thread.run(Thread.java:748)
... Removed 8 stack frames</pre></div><a href='#' onClick='toggleBox("stack-trace2089820372", this, "Click to show all stack frames", "Click to hide stack frames")'>Click to show all stack frames</a>
<div class='stack-trace' id='stack-trace2089820372'><pre>org.testng.SkipException: Skipping [rReqTest] because the [rReqRequired] assumption(s) do not hold.
	at nl.javadude.assumeng.AssumptionListener.beforeInvocation(AssumptionListener.java:43)
	at org.testng.internal.invokers.InvokedMethodListenerInvoker$InvokeBeforeInvocationWithoutContextStrategy.callMethod(InvokedMethodListenerInvoker.java:84)
	at org.testng.internal.invokers.InvokedMethodListenerInvoker.invokeListener(InvokedMethodListenerInvoker.java:62)
	at org.testng.internal.Invoker.runInvokedMethodListeners(Invoker.java:552)
	at org.testng.internal.Invoker.invokeMethod(Invoker.java:617)
	at org.testng.internal.Invoker.invokeTestMethod(Invoker.java:821)
	at org.testng.internal.Invoker.invokeTestMethods(Invoker.java:1131)
	at org.testng.internal.TestMethodWorker.invokeTestMethods(TestMethodWorker.java:124)
	at org.testng.internal.TestMethodWorker.run(TestMethodWorker.java:108)
	at java.util.concurrent.ThreadPoolExecutor.runWorker(ThreadPoolExecutor.java:1149)
	at java.util.concurrent.ThreadPoolExecutor$Worker.run(ThreadPoolExecutor.java:624)
	at java.lang.Thread.run(Thread.java:748)
</pre></div></td>
<td>0</td>
<td>com.ca.tds.main.TDSFlowTest@3daf7722</td></tr>
<tr>
<td title='com.ca.tds.main.TDSFlowTest.rReqTest()'><b>rReqTest</b><br>Test class: com.ca.tds.main.TDSFlowTest</td>
<td><div><pre>org.testng.SkipException: Skipping [rReqTest] because the [rReqRequired] assumption(s) do not hold.
	at nl.javadude.assumeng.AssumptionListener.beforeInvocation(AssumptionListener.java:43)
	at java.util.concurrent.ThreadPoolExecutor.runWorker(ThreadPoolExecutor.java:1149)
	at java.util.concurrent.ThreadPoolExecutor$Worker.run(ThreadPoolExecutor.java:624)
	at java.lang.Thread.run(Thread.java:748)
... Removed 8 stack frames</pre></div><a href='#' onClick='toggleBox("stack-trace228024284", this, "Click to show all stack frames", "Click to hide stack frames")'>Click to show all stack frames</a>
<div class='stack-trace' id='stack-trace228024284'><pre>org.testng.SkipException: Skipping [rReqTest] because the [rReqRequired] assumption(s) do not hold.
	at nl.javadude.assumeng.AssumptionListener.beforeInvocation(AssumptionListener.java:43)
	at org.testng.internal.invokers.InvokedMethodListenerInvoker$InvokeBeforeInvocationWithoutContextStrategy.callMethod(InvokedMethodListenerInvoker.java:84)
	at org.testng.internal.invokers.InvokedMethodListenerInvoker.invokeListener(InvokedMethodListenerInvoker.java:62)
	at org.testng.internal.Invoker.runInvokedMethodListeners(Invoker.java:552)
	at org.testng.internal.Invoker.invokeMethod(Invoker.java:617)
	at org.testng.internal.Invoker.invokeTestMethod(Invoker.java:821)
	at org.testng.internal.Invoker.invokeTestMethods(Invoker.java:1131)
	at org.testng.internal.TestMethodWorker.invokeTestMethods(TestMethodWorker.java:124)
	at org.testng.internal.TestMethodWorker.run(TestMethodWorker.java:108)
	at java.util.concurrent.ThreadPoolExecutor.runWorker(ThreadPoolExecutor.java:1149)
	at java.util.concurrent.ThreadPoolExecutor$Worker.run(ThreadPoolExecutor.java:624)
	at java.lang.Thread.run(Thread.java:748)
</pre></div></td>
<td>0</td>
<td>com.ca.tds.main.TDSFlowTest@5c2375a9</td></tr>
<tr>
<td title='com.ca.tds.main.TDSFlowTest.rReqTest()'><b>rReqTest</b><br>Test class: com.ca.tds.main.TDSFlowTest</td>
<td><div><pre>org.testng.SkipException: Skipping [rReqTest] because the [rReqRequired] assumption(s) do not hold.
	at nl.javadude.assumeng.AssumptionListener.beforeInvocation(AssumptionListener.java:43)
	at java.util.concurrent.ThreadPoolExecutor.runWorker(ThreadPoolExecutor.java:1149)
	at java.util.concurrent.ThreadPoolExecutor$Worker.run(ThreadPoolExecutor.java:624)
	at java.lang.Thread.run(Thread.java:748)
... Removed 8 stack frames</pre></div><a href='#' onClick='toggleBox("stack-trace846148689", this, "Click to show all stack frames", "Click to hide stack frames")'>Click to show all stack frames</a>
<div class='stack-trace' id='stack-trace846148689'><pre>org.testng.SkipException: Skipping [rReqTest] because the [rReqRequired] assumption(s) do not hold.
	at nl.javadude.assumeng.AssumptionListener.beforeInvocation(AssumptionListener.java:43)
	at org.testng.internal.invokers.InvokedMethodListenerInvoker$InvokeBeforeInvocationWithoutContextStrategy.callMethod(InvokedMethodListenerInvoker.java:84)
	at org.testng.internal.invokers.InvokedMethodListenerInvoker.invokeListener(InvokedMethodListenerInvoker.java:62)
	at org.testng.internal.Invoker.runInvokedMethodListeners(Invoker.java:552)
	at org.testng.internal.Invoker.invokeMethod(Invoker.java:617)
	at org.testng.internal.Invoker.invokeTestMethod(Invoker.java:821)
	at org.testng.internal.Invoker.invokeTestMethods(Invoker.java:1131)
	at org.testng.internal.TestMethodWorker.invokeTestMethods(TestMethodWorker.java:124)
	at org.testng.internal.TestMethodWorker.run(TestMethodWorker.java:108)
	at java.util.concurrent.ThreadPoolExecutor.runWorker(ThreadPoolExecutor.java:1149)
	at java.util.concurrent.ThreadPoolExecutor$Worker.run(ThreadPoolExecutor.java:624)
	at java.lang.Thread.run(Thread.java:748)
</pre></div></td>
<td>0</td>
<td>com.ca.tds.main.TDSFlowTest@7c8c9a05</td></tr>
<tr>
<td title='com.ca.tds.main.TDSFlowTest.rReqTest()'><b>rReqTest</b><br>Test class: com.ca.tds.main.TDSFlowTest</td>
<td><div><pre>org.testng.SkipException: Skipping [rReqTest] because the [rReqRequired] assumption(s) do not hold.
	at nl.javadude.assumeng.AssumptionListener.beforeInvocation(AssumptionListener.java:43)
	at java.util.concurrent.ThreadPoolExecutor.runWorker(ThreadPoolExecutor.java:1149)
	at java.util.concurrent.ThreadPoolExecutor$Worker.run(ThreadPoolExecutor.java:624)
	at java.lang.Thread.run(Thread.java:748)
... Removed 8 stack frames</pre></div><a href='#' onClick='toggleBox("stack-trace610896786", this, "Click to show all stack frames", "Click to hide stack frames")'>Click to show all stack frames</a>
<div class='stack-trace' id='stack-trace610896786'><pre>org.testng.SkipException: Skipping [rReqTest] because the [rReqRequired] assumption(s) do not hold.
	at nl.javadude.assumeng.AssumptionListener.beforeInvocation(AssumptionListener.java:43)
	at org.testng.internal.invokers.InvokedMethodListenerInvoker$InvokeBeforeInvocationWithoutContextStrategy.callMethod(InvokedMethodListenerInvoker.java:84)
	at org.testng.internal.invokers.InvokedMethodListenerInvoker.invokeListener(InvokedMethodListenerInvoker.java:62)
	at org.testng.internal.Invoker.runInvokedMethodListeners(Invoker.java:552)
	at org.testng.internal.Invoker.invokeMethod(Invoker.java:617)
	at org.testng.internal.Invoker.invokeTestMethod(Invoker.java:821)
	at org.testng.internal.Invoker.invokeTestMethods(Invoker.java:1131)
	at org.testng.internal.TestMethodWorker.invokeTestMethods(TestMethodWorker.java:124)
	at org.testng.internal.TestMethodWorker.run(TestMethodWorker.java:108)
	at java.util.concurrent.ThreadPoolExecutor.runWorker(ThreadPoolExecutor.java:1149)
	at java.util.concurrent.ThreadPoolExecutor$Worker.run(ThreadPoolExecutor.java:624)
	at java.lang.Thread.run(Thread.java:748)
</pre></div></td>
<td>0</td>
<td>com.ca.tds.main.TDSFlowTest@74589991</td></tr>
<tr>
<td title='com.ca.tds.main.TDSFlowTest.rReqTest()'><b>rReqTest</b><br>Test class: com.ca.tds.main.TDSFlowTest</td>
<td><div><pre>org.testng.SkipException: Skipping [rReqTest] because the [rReqRequired] assumption(s) do not hold.
	at nl.javadude.assumeng.AssumptionListener.beforeInvocation(AssumptionListener.java:43)
	at java.util.concurrent.ThreadPoolExecutor.runWorker(ThreadPoolExecutor.java:1149)
	at java.util.concurrent.ThreadPoolExecutor$Worker.run(ThreadPoolExecutor.java:624)
	at java.lang.Thread.run(Thread.java:748)
... Removed 8 stack frames</pre></div><a href='#' onClick='toggleBox("stack-trace356107958", this, "Click to show all stack frames", "Click to hide stack frames")'>Click to show all stack frames</a>
<div class='stack-trace' id='stack-trace356107958'><pre>org.testng.SkipException: Skipping [rReqTest] because the [rReqRequired] assumption(s) do not hold.
	at nl.javadude.assumeng.AssumptionListener.beforeInvocation(AssumptionListener.java:43)
	at org.testng.internal.invokers.InvokedMethodListenerInvoker$InvokeBeforeInvocationWithoutContextStrategy.callMethod(InvokedMethodListenerInvoker.java:84)
	at org.testng.internal.invokers.InvokedMethodListenerInvoker.invokeListener(InvokedMethodListenerInvoker.java:62)
	at org.testng.internal.Invoker.runInvokedMethodListeners(Invoker.java:552)
	at org.testng.internal.Invoker.invokeMethod(Invoker.java:617)
	at org.testng.internal.Invoker.invokeTestMethod(Invoker.java:821)
	at org.testng.internal.Invoker.invokeTestMethods(Invoker.java:1131)
	at org.testng.internal.TestMethodWorker.invokeTestMethods(TestMethodWorker.java:124)
	at org.testng.internal.TestMethodWorker.run(TestMethodWorker.java:108)
	at java.util.concurrent.ThreadPoolExecutor.runWorker(ThreadPoolExecutor.java:1149)
	at java.util.concurrent.ThreadPoolExecutor$Worker.run(ThreadPoolExecutor.java:624)
	at java.lang.Thread.run(Thread.java:748)
</pre></div></td>
<td>0</td>
<td>com.ca.tds.main.TDSFlowTest@60129b9a</td></tr>
<tr>
<td title='com.ca.tds.main.TDSFlowTest.rReqTest()'><b>rReqTest</b><br>Test class: com.ca.tds.main.TDSFlowTest</td>
<td><div><pre>org.testng.SkipException: Skipping [rReqTest] because the [rReqRequired] assumption(s) do not hold.
	at nl.javadude.assumeng.AssumptionListener.beforeInvocation(AssumptionListener.java:43)
	at java.util.concurrent.ThreadPoolExecutor.runWorker(ThreadPoolExecutor.java:1149)
	at java.util.concurrent.ThreadPoolExecutor$Worker.run(ThreadPoolExecutor.java:624)
	at java.lang.Thread.run(Thread.java:748)
... Removed 8 stack frames</pre></div><a href='#' onClick='toggleBox("stack-trace651954802", this, "Click to show all stack frames", "Click to hide stack frames")'>Click to show all stack frames</a>
<div class='stack-trace' id='stack-trace651954802'><pre>org.testng.SkipException: Skipping [rReqTest] because the [rReqRequired] assumption(s) do not hold.
	at nl.javadude.assumeng.AssumptionListener.beforeInvocation(AssumptionListener.java:43)
	at org.testng.internal.invokers.InvokedMethodListenerInvoker$InvokeBeforeInvocationWithoutContextStrategy.callMethod(InvokedMethodListenerInvoker.java:84)
	at org.testng.internal.invokers.InvokedMethodListenerInvoker.invokeListener(InvokedMethodListenerInvoker.java:62)
	at org.testng.internal.Invoker.runInvokedMethodListeners(Invoker.java:552)
	at org.testng.internal.Invoker.invokeMethod(Invoker.java:617)
	at org.testng.internal.Invoker.invokeTestMethod(Invoker.java:821)
	at org.testng.internal.Invoker.invokeTestMethods(Invoker.java:1131)
	at org.testng.internal.TestMethodWorker.invokeTestMethods(TestMethodWorker.java:124)
	at org.testng.internal.TestMethodWorker.run(TestMethodWorker.java:108)
	at java.util.concurrent.ThreadPoolExecutor.runWorker(ThreadPoolExecutor.java:1149)
	at java.util.concurrent.ThreadPoolExecutor$Worker.run(ThreadPoolExecutor.java:624)
	at java.lang.Thread.run(Thread.java:748)
</pre></div></td>
<td>0</td>
<td>com.ca.tds.main.TDSFlowTest@78641d23</td></tr>
<tr>
<td title='com.ca.tds.main.TDSFlowTest.rReqTest()'><b>rReqTest</b><br>Test class: com.ca.tds.main.TDSFlowTest</td>
<td><div><pre>org.testng.SkipException: Skipping [rReqTest] because the [rReqRequired] assumption(s) do not hold.
	at nl.javadude.assumeng.AssumptionListener.beforeInvocation(AssumptionListener.java:43)
	at java.util.concurrent.ThreadPoolExecutor.runWorker(ThreadPoolExecutor.java:1149)
	at java.util.concurrent.ThreadPoolExecutor$Worker.run(ThreadPoolExecutor.java:624)
	at java.lang.Thread.run(Thread.java:748)
... Removed 8 stack frames</pre></div><a href='#' onClick='toggleBox("stack-trace2065433345", this, "Click to show all stack frames", "Click to hide stack frames")'>Click to show all stack frames</a>
<div class='stack-trace' id='stack-trace2065433345'><pre>org.testng.SkipException: Skipping [rReqTest] because the [rReqRequired] assumption(s) do not hold.
	at nl.javadude.assumeng.AssumptionListener.beforeInvocation(AssumptionListener.java:43)
	at org.testng.internal.invokers.InvokedMethodListenerInvoker$InvokeBeforeInvocationWithoutContextStrategy.callMethod(InvokedMethodListenerInvoker.java:84)
	at org.testng.internal.invokers.InvokedMethodListenerInvoker.invokeListener(InvokedMethodListenerInvoker.java:62)
	at org.testng.internal.Invoker.runInvokedMethodListeners(Invoker.java:552)
	at org.testng.internal.Invoker.invokeMethod(Invoker.java:617)
	at org.testng.internal.Invoker.invokeTestMethod(Invoker.java:821)
	at org.testng.internal.Invoker.invokeTestMethods(Invoker.java:1131)
	at org.testng.internal.TestMethodWorker.invokeTestMethods(TestMethodWorker.java:124)
	at org.testng.internal.TestMethodWorker.run(TestMethodWorker.java:108)
	at java.util.concurrent.ThreadPoolExecutor.runWorker(ThreadPoolExecutor.java:1149)
	at java.util.concurrent.ThreadPoolExecutor$Worker.run(ThreadPoolExecutor.java:624)
	at java.lang.Thread.run(Thread.java:748)
</pre></div></td>
<td>0</td>
<td>com.ca.tds.main.TDSFlowTest@67d18ed7</td></tr>
<tr>
<td title='com.ca.tds.main.TDSFlowTest.rReqTest()'><b>rReqTest</b><br>Test class: com.ca.tds.main.TDSFlowTest</td>
<td><div><pre>org.testng.SkipException: Skipping [rReqTest] because the [rReqRequired] assumption(s) do not hold.
	at nl.javadude.assumeng.AssumptionListener.beforeInvocation(AssumptionListener.java:43)
	at java.util.concurrent.ThreadPoolExecutor.runWorker(ThreadPoolExecutor.java:1149)
	at java.util.concurrent.ThreadPoolExecutor$Worker.run(ThreadPoolExecutor.java:624)
	at java.lang.Thread.run(Thread.java:748)
... Removed 8 stack frames</pre></div><a href='#' onClick='toggleBox("stack-trace164266553", this, "Click to show all stack frames", "Click to hide stack frames")'>Click to show all stack frames</a>
<div class='stack-trace' id='stack-trace164266553'><pre>org.testng.SkipException: Skipping [rReqTest] because the [rReqRequired] assumption(s) do not hold.
	at nl.javadude.assumeng.AssumptionListener.beforeInvocation(AssumptionListener.java:43)
	at org.testng.internal.invokers.InvokedMethodListenerInvoker$InvokeBeforeInvocationWithoutContextStrategy.callMethod(InvokedMethodListenerInvoker.java:84)
	at org.testng.internal.invokers.InvokedMethodListenerInvoker.invokeListener(InvokedMethodListenerInvoker.java:62)
	at org.testng.internal.Invoker.runInvokedMethodListeners(Invoker.java:552)
	at org.testng.internal.Invoker.invokeMethod(Invoker.java:617)
	at org.testng.internal.Invoker.invokeTestMethod(Invoker.java:821)
	at org.testng.internal.Invoker.invokeTestMethods(Invoker.java:1131)
	at org.testng.internal.TestMethodWorker.invokeTestMethods(TestMethodWorker.java:124)
	at org.testng.internal.TestMethodWorker.run(TestMethodWorker.java:108)
	at java.util.concurrent.ThreadPoolExecutor.runWorker(ThreadPoolExecutor.java:1149)
	at java.util.concurrent.ThreadPoolExecutor$Worker.run(ThreadPoolExecutor.java:624)
	at java.lang.Thread.run(Thread.java:748)
</pre></div></td>
<td>0</td>
<td>com.ca.tds.main.TDSFlowTest@6cc558c6</td></tr>
<tr>
<td title='com.ca.tds.main.TDSFlowTest.rReqTest()'><b>rReqTest</b><br>Test class: com.ca.tds.main.TDSFlowTest</td>
<td><div><pre>org.testng.SkipException: Skipping [rReqTest] because the [rReqRequired] assumption(s) do not hold.
	at nl.javadude.assumeng.AssumptionListener.beforeInvocation(AssumptionListener.java:43)
	at java.util.concurrent.ThreadPoolExecutor.runWorker(ThreadPoolExecutor.java:1149)
	at java.util.concurrent.ThreadPoolExecutor$Worker.run(ThreadPoolExecutor.java:624)
	at java.lang.Thread.run(Thread.java:748)
... Removed 8 stack frames</pre></div><a href='#' onClick='toggleBox("stack-trace250389710", this, "Click to show all stack frames", "Click to hide stack frames")'>Click to show all stack frames</a>
<div class='stack-trace' id='stack-trace250389710'><pre>org.testng.SkipException: Skipping [rReqTest] because the [rReqRequired] assumption(s) do not hold.
	at nl.javadude.assumeng.AssumptionListener.beforeInvocation(AssumptionListener.java:43)
	at org.testng.internal.invokers.InvokedMethodListenerInvoker$InvokeBeforeInvocationWithoutContextStrategy.callMethod(InvokedMethodListenerInvoker.java:84)
	at org.testng.internal.invokers.InvokedMethodListenerInvoker.invokeListener(InvokedMethodListenerInvoker.java:62)
	at org.testng.internal.Invoker.runInvokedMethodListeners(Invoker.java:552)
	at org.testng.internal.Invoker.invokeMethod(Invoker.java:617)
	at org.testng.internal.Invoker.invokeTestMethod(Invoker.java:821)
	at org.testng.internal.Invoker.invokeTestMethods(Invoker.java:1131)
	at org.testng.internal.TestMethodWorker.invokeTestMethods(TestMethodWorker.java:124)
	at org.testng.internal.TestMethodWorker.run(TestMethodWorker.java:108)
	at java.util.concurrent.ThreadPoolExecutor.runWorker(ThreadPoolExecutor.java:1149)
	at java.util.concurrent.ThreadPoolExecutor$Worker.run(ThreadPoolExecutor.java:624)
	at java.lang.Thread.run(Thread.java:748)
</pre></div></td>
<td>0</td>
<td>com.ca.tds.main.TDSFlowTest@67545b57</td></tr>
<tr>
<td title='com.ca.tds.main.TDSFlowTest.verifyAPI()'><b>verifyAPI</b><br>Test class: com.ca.tds.main.TDSFlowTest</td>
<td><div><pre>org.testng.SkipException: Skipping [verifyAPI] because the [verifyApiRequired] assumption(s) do not hold.
	at nl.javadude.assumeng.AssumptionListener.beforeInvocation(AssumptionListener.java:43)
	at java.util.concurrent.ThreadPoolExecutor.runWorker(ThreadPoolExecutor.java:1149)
	at java.util.concurrent.ThreadPoolExecutor$Worker.run(ThreadPoolExecutor.java:624)
	at java.lang.Thread.run(Thread.java:748)
... Removed 8 stack frames</pre></div><a href='#' onClick='toggleBox("stack-trace1655295749", this, "Click to show all stack frames", "Click to hide stack frames")'>Click to show all stack frames</a>
<div class='stack-trace' id='stack-trace1655295749'><pre>org.testng.SkipException: Skipping [verifyAPI] because the [verifyApiRequired] assumption(s) do not hold.
	at nl.javadude.assumeng.AssumptionListener.beforeInvocation(AssumptionListener.java:43)
	at org.testng.internal.invokers.InvokedMethodListenerInvoker$InvokeBeforeInvocationWithoutContextStrategy.callMethod(InvokedMethodListenerInvoker.java:84)
	at org.testng.internal.invokers.InvokedMethodListenerInvoker.invokeListener(InvokedMethodListenerInvoker.java:62)
	at org.testng.internal.Invoker.runInvokedMethodListeners(Invoker.java:552)
	at org.testng.internal.Invoker.invokeMethod(Invoker.java:617)
	at org.testng.internal.Invoker.invokeTestMethod(Invoker.java:821)
	at org.testng.internal.Invoker.invokeTestMethods(Invoker.java:1131)
	at org.testng.internal.TestMethodWorker.invokeTestMethods(TestMethodWorker.java:124)
	at org.testng.internal.TestMethodWorker.run(TestMethodWorker.java:108)
	at java.util.concurrent.ThreadPoolExecutor.runWorker(ThreadPoolExecutor.java:1149)
	at java.util.concurrent.ThreadPoolExecutor$Worker.run(ThreadPoolExecutor.java:624)
	at java.lang.Thread.run(Thread.java:748)
</pre></div></td>
<td>0</td>
<td>com.ca.tds.main.TDSFlowTest@27216cd</td></tr>
<tr>
<td title='com.ca.tds.main.TDSFlowTest.verifyAPI()'><b>verifyAPI</b><br>Test class: com.ca.tds.main.TDSFlowTest</td>
<td><div><pre>org.testng.SkipException: Skipping [verifyAPI] because the [verifyApiRequired] assumption(s) do not hold.
	at nl.javadude.assumeng.AssumptionListener.beforeInvocation(AssumptionListener.java:43)
	at java.util.concurrent.ThreadPoolExecutor.runWorker(ThreadPoolExecutor.java:1149)
	at java.util.concurrent.ThreadPoolExecutor$Worker.run(ThreadPoolExecutor.java:624)
	at java.lang.Thread.run(Thread.java:748)
... Removed 8 stack frames</pre></div><a href='#' onClick='toggleBox("stack-trace638340170", this, "Click to show all stack frames", "Click to hide stack frames")'>Click to show all stack frames</a>
<div class='stack-trace' id='stack-trace638340170'><pre>org.testng.SkipException: Skipping [verifyAPI] because the [verifyApiRequired] assumption(s) do not hold.
	at nl.javadude.assumeng.AssumptionListener.beforeInvocation(AssumptionListener.java:43)
	at org.testng.internal.invokers.InvokedMethodListenerInvoker$InvokeBeforeInvocationWithoutContextStrategy.callMethod(InvokedMethodListenerInvoker.java:84)
	at org.testng.internal.invokers.InvokedMethodListenerInvoker.invokeListener(InvokedMethodListenerInvoker.java:62)
	at org.testng.internal.Invoker.runInvokedMethodListeners(Invoker.java:552)
	at org.testng.internal.Invoker.invokeMethod(Invoker.java:617)
	at org.testng.internal.Invoker.invokeTestMethod(Invoker.java:821)
	at org.testng.internal.Invoker.invokeTestMethods(Invoker.java:1131)
	at org.testng.internal.TestMethodWorker.invokeTestMethods(TestMethodWorker.java:124)
	at org.testng.internal.TestMethodWorker.run(TestMethodWorker.java:108)
	at java.util.concurrent.ThreadPoolExecutor.runWorker(ThreadPoolExecutor.java:1149)
	at java.util.concurrent.ThreadPoolExecutor$Worker.run(ThreadPoolExecutor.java:624)
	at java.lang.Thread.run(Thread.java:748)
</pre></div></td>
<td>0</td>
<td>com.ca.tds.main.TDSFlowTest@7a55af6b</td></tr>
<tr>
<td title='com.ca.tds.main.TDSFlowTest.verifyAPI()'><b>verifyAPI</b><br>Test class: com.ca.tds.main.TDSFlowTest</td>
<td><div><pre>org.testng.SkipException: Skipping [verifyAPI] because the [verifyApiRequired] assumption(s) do not hold.
	at nl.javadude.assumeng.AssumptionListener.beforeInvocation(AssumptionListener.java:43)
	at java.util.concurrent.ThreadPoolExecutor.runWorker(ThreadPoolExecutor.java:1149)
	at java.util.concurrent.ThreadPoolExecutor$Worker.run(ThreadPoolExecutor.java:624)
	at java.lang.Thread.run(Thread.java:748)
... Removed 8 stack frames</pre></div><a href='#' onClick='toggleBox("stack-trace1819861264", this, "Click to show all stack frames", "Click to hide stack frames")'>Click to show all stack frames</a>
<div class='stack-trace' id='stack-trace1819861264'><pre>org.testng.SkipException: Skipping [verifyAPI] because the [verifyApiRequired] assumption(s) do not hold.
	at nl.javadude.assumeng.AssumptionListener.beforeInvocation(AssumptionListener.java:43)
	at org.testng.internal.invokers.InvokedMethodListenerInvoker$InvokeBeforeInvocationWithoutContextStrategy.callMethod(InvokedMethodListenerInvoker.java:84)
	at org.testng.internal.invokers.InvokedMethodListenerInvoker.invokeListener(InvokedMethodListenerInvoker.java:62)
	at org.testng.internal.Invoker.runInvokedMethodListeners(Invoker.java:552)
	at org.testng.internal.Invoker.invokeMethod(Invoker.java:617)
	at org.testng.internal.Invoker.invokeTestMethod(Invoker.java:821)
	at org.testng.internal.Invoker.invokeTestMethods(Invoker.java:1131)
	at org.testng.internal.TestMethodWorker.invokeTestMethods(TestMethodWorker.java:124)
	at org.testng.internal.TestMethodWorker.run(TestMethodWorker.java:108)
	at java.util.concurrent.ThreadPoolExecutor.runWorker(ThreadPoolExecutor.java:1149)
	at java.util.concurrent.ThreadPoolExecutor$Worker.run(ThreadPoolExecutor.java:624)
	at java.lang.Thread.run(Thread.java:748)
</pre></div></td>
<td>0</td>
<td>com.ca.tds.main.TDSFlowTest@132e0cc</td></tr>
<tr>
<td title='com.ca.tds.main.TDSFlowTest.verifyAPI()'><b>verifyAPI</b><br>Test class: com.ca.tds.main.TDSFlowTest</td>
<td><div><pre>org.testng.SkipException: Skipping [verifyAPI] because the [verifyApiRequired] assumption(s) do not hold.
	at nl.javadude.assumeng.AssumptionListener.beforeInvocation(AssumptionListener.java:43)
	at java.util.concurrent.ThreadPoolExecutor.runWorker(ThreadPoolExecutor.java:1149)
	at java.util.concurrent.ThreadPoolExecutor$Worker.run(ThreadPoolExecutor.java:624)
	at java.lang.Thread.run(Thread.java:748)
... Removed 8 stack frames</pre></div><a href='#' onClick='toggleBox("stack-trace1050020313", this, "Click to show all stack frames", "Click to hide stack frames")'>Click to show all stack frames</a>
<div class='stack-trace' id='stack-trace1050020313'><pre>org.testng.SkipException: Skipping [verifyAPI] because the [verifyApiRequired] assumption(s) do not hold.
	at nl.javadude.assumeng.AssumptionListener.beforeInvocation(AssumptionListener.java:43)
	at org.testng.internal.invokers.InvokedMethodListenerInvoker$InvokeBeforeInvocationWithoutContextStrategy.callMethod(InvokedMethodListenerInvoker.java:84)
	at org.testng.internal.invokers.InvokedMethodListenerInvoker.invokeListener(InvokedMethodListenerInvoker.java:62)
	at org.testng.internal.Invoker.runInvokedMethodListeners(Invoker.java:552)
	at org.testng.internal.Invoker.invokeMethod(Invoker.java:617)
	at org.testng.internal.Invoker.invokeTestMethod(Invoker.java:821)
	at org.testng.internal.Invoker.invokeTestMethods(Invoker.java:1131)
	at org.testng.internal.TestMethodWorker.invokeTestMethods(TestMethodWorker.java:124)
	at org.testng.internal.TestMethodWorker.run(TestMethodWorker.java:108)
	at java.util.concurrent.ThreadPoolExecutor.runWorker(ThreadPoolExecutor.java:1149)
	at java.util.concurrent.ThreadPoolExecutor$Worker.run(ThreadPoolExecutor.java:624)
	at java.lang.Thread.run(Thread.java:748)
</pre></div></td>
<td>0</td>
<td>com.ca.tds.main.TDSFlowTest@5f354bcf</td></tr>
<tr>
<td title='com.ca.tds.main.TDSFlowTest.verifyAPI()'><b>verifyAPI</b><br>Test class: com.ca.tds.main.TDSFlowTest</td>
<td><div><pre>org.testng.SkipException: Skipping [verifyAPI] because the [verifyApiRequired] assumption(s) do not hold.
	at nl.javadude.assumeng.AssumptionListener.beforeInvocation(AssumptionListener.java:43)
	at java.util.concurrent.ThreadPoolExecutor.runWorker(ThreadPoolExecutor.java:1149)
	at java.util.concurrent.ThreadPoolExecutor$Worker.run(ThreadPoolExecutor.java:624)
	at java.lang.Thread.run(Thread.java:748)
... Removed 8 stack frames</pre></div><a href='#' onClick='toggleBox("stack-trace1684567001", this, "Click to show all stack frames", "Click to hide stack frames")'>Click to show all stack frames</a>
<div class='stack-trace' id='stack-trace1684567001'><pre>org.testng.SkipException: Skipping [verifyAPI] because the [verifyApiRequired] assumption(s) do not hold.
	at nl.javadude.assumeng.AssumptionListener.beforeInvocation(AssumptionListener.java:43)
	at org.testng.internal.invokers.InvokedMethodListenerInvoker$InvokeBeforeInvocationWithoutContextStrategy.callMethod(InvokedMethodListenerInvoker.java:84)
	at org.testng.internal.invokers.InvokedMethodListenerInvoker.invokeListener(InvokedMethodListenerInvoker.java:62)
	at org.testng.internal.Invoker.runInvokedMethodListeners(Invoker.java:552)
	at org.testng.internal.Invoker.invokeMethod(Invoker.java:617)
	at org.testng.internal.Invoker.invokeTestMethod(Invoker.java:821)
	at org.testng.internal.Invoker.invokeTestMethods(Invoker.java:1131)
	at org.testng.internal.TestMethodWorker.invokeTestMethods(TestMethodWorker.java:124)
	at org.testng.internal.TestMethodWorker.run(TestMethodWorker.java:108)
	at java.util.concurrent.ThreadPoolExecutor.runWorker(ThreadPoolExecutor.java:1149)
	at java.util.concurrent.ThreadPoolExecutor$Worker.run(ThreadPoolExecutor.java:624)
	at java.lang.Thread.run(Thread.java:748)
</pre></div></td>
<td>0</td>
<td>com.ca.tds.main.TDSFlowTest@78d6692f</td></tr>
<tr>
<td title='com.ca.tds.main.TDSFlowTest.verifyAPI()'><b>verifyAPI</b><br>Test class: com.ca.tds.main.TDSFlowTest</td>
<td><div><pre>org.testng.SkipException: Skipping [verifyAPI] because the [verifyApiRequired] assumption(s) do not hold.
	at nl.javadude.assumeng.AssumptionListener.beforeInvocation(AssumptionListener.java:43)
	at java.util.concurrent.ThreadPoolExecutor.runWorker(ThreadPoolExecutor.java:1149)
	at java.util.concurrent.ThreadPoolExecutor$Worker.run(ThreadPoolExecutor.java:624)
	at java.lang.Thread.run(Thread.java:748)
... Removed 8 stack frames</pre></div><a href='#' onClick='toggleBox("stack-trace945979835", this, "Click to show all stack frames", "Click to hide stack frames")'>Click to show all stack frames</a>
<div class='stack-trace' id='stack-trace945979835'><pre>org.testng.SkipException: Skipping [verifyAPI] because the [verifyApiRequired] assumption(s) do not hold.
	at nl.javadude.assumeng.AssumptionListener.beforeInvocation(AssumptionListener.java:43)
	at org.testng.internal.invokers.InvokedMethodListenerInvoker$InvokeBeforeInvocationWithoutContextStrategy.callMethod(InvokedMethodListenerInvoker.java:84)
	at org.testng.internal.invokers.InvokedMethodListenerInvoker.invokeListener(InvokedMethodListenerInvoker.java:62)
	at org.testng.internal.Invoker.runInvokedMethodListeners(Invoker.java:552)
	at org.testng.internal.Invoker.invokeMethod(Invoker.java:617)
	at org.testng.internal.Invoker.invokeTestMethod(Invoker.java:821)
	at org.testng.internal.Invoker.invokeTestMethods(Invoker.java:1131)
	at org.testng.internal.TestMethodWorker.invokeTestMethods(TestMethodWorker.java:124)
	at org.testng.internal.TestMethodWorker.run(TestMethodWorker.java:108)
	at java.util.concurrent.ThreadPoolExecutor.runWorker(ThreadPoolExecutor.java:1149)
	at java.util.concurrent.ThreadPoolExecutor$Worker.run(ThreadPoolExecutor.java:624)
	at java.lang.Thread.run(Thread.java:748)
</pre></div></td>
<td>0</td>
<td>com.ca.tds.main.TDSFlowTest@8576fa0</td></tr>
<tr>
<td title='com.ca.tds.main.TDSFlowTest.verifyAPI()'><b>verifyAPI</b><br>Test class: com.ca.tds.main.TDSFlowTest</td>
<td><div><pre>org.testng.SkipException: Skipping [verifyAPI] because the [verifyApiRequired] assumption(s) do not hold.
	at nl.javadude.assumeng.AssumptionListener.beforeInvocation(AssumptionListener.java:43)
	at java.util.concurrent.ThreadPoolExecutor.runWorker(ThreadPoolExecutor.java:1149)
	at java.util.concurrent.ThreadPoolExecutor$Worker.run(ThreadPoolExecutor.java:624)
	at java.lang.Thread.run(Thread.java:748)
... Removed 8 stack frames</pre></div><a href='#' onClick='toggleBox("stack-trace1144848254", this, "Click to show all stack frames", "Click to hide stack frames")'>Click to show all stack frames</a>
<div class='stack-trace' id='stack-trace1144848254'><pre>org.testng.SkipException: Skipping [verifyAPI] because the [verifyApiRequired] assumption(s) do not hold.
	at nl.javadude.assumeng.AssumptionListener.beforeInvocation(AssumptionListener.java:43)
	at org.testng.internal.invokers.InvokedMethodListenerInvoker$InvokeBeforeInvocationWithoutContextStrategy.callMethod(InvokedMethodListenerInvoker.java:84)
	at org.testng.internal.invokers.InvokedMethodListenerInvoker.invokeListener(InvokedMethodListenerInvoker.java:62)
	at org.testng.internal.Invoker.runInvokedMethodListeners(Invoker.java:552)
	at org.testng.internal.Invoker.invokeMethod(Invoker.java:617)
	at org.testng.internal.Invoker.invokeTestMethod(Invoker.java:821)
	at org.testng.internal.Invoker.invokeTestMethods(Invoker.java:1131)
	at org.testng.internal.TestMethodWorker.invokeTestMethods(TestMethodWorker.java:124)
	at org.testng.internal.TestMethodWorker.run(TestMethodWorker.java:108)
	at java.util.concurrent.ThreadPoolExecutor.runWorker(ThreadPoolExecutor.java:1149)
	at java.util.concurrent.ThreadPoolExecutor$Worker.run(ThreadPoolExecutor.java:624)
	at java.lang.Thread.run(Thread.java:748)
</pre></div></td>
<td>0</td>
<td>com.ca.tds.main.TDSFlowTest@63f259c3</td></tr>
<tr>
<td title='com.ca.tds.main.TDSFlowTest.verifyAPI()'><b>verifyAPI</b><br>Test class: com.ca.tds.main.TDSFlowTest</td>
<td><div><pre>org.testng.SkipException: Skipping [verifyAPI] because the [verifyApiRequired] assumption(s) do not hold.
	at nl.javadude.assumeng.AssumptionListener.beforeInvocation(AssumptionListener.java:43)
	at java.util.concurrent.ThreadPoolExecutor.runWorker(ThreadPoolExecutor.java:1149)
	at java.util.concurrent.ThreadPoolExecutor$Worker.run(ThreadPoolExecutor.java:624)
	at java.lang.Thread.run(Thread.java:748)
... Removed 8 stack frames</pre></div><a href='#' onClick='toggleBox("stack-trace1819197759", this, "Click to show all stack frames", "Click to hide stack frames")'>Click to show all stack frames</a>
<div class='stack-trace' id='stack-trace1819197759'><pre>org.testng.SkipException: Skipping [verifyAPI] because the [verifyApiRequired] assumption(s) do not hold.
	at nl.javadude.assumeng.AssumptionListener.beforeInvocation(AssumptionListener.java:43)
	at org.testng.internal.invokers.InvokedMethodListenerInvoker$InvokeBeforeInvocationWithoutContextStrategy.callMethod(InvokedMethodListenerInvoker.java:84)
	at org.testng.internal.invokers.InvokedMethodListenerInvoker.invokeListener(InvokedMethodListenerInvoker.java:62)
	at org.testng.internal.Invoker.runInvokedMethodListeners(Invoker.java:552)
	at org.testng.internal.Invoker.invokeMethod(Invoker.java:617)
	at org.testng.internal.Invoker.invokeTestMethod(Invoker.java:821)
	at org.testng.internal.Invoker.invokeTestMethods(Invoker.java:1131)
	at org.testng.internal.TestMethodWorker.invokeTestMethods(TestMethodWorker.java:124)
	at org.testng.internal.TestMethodWorker.run(TestMethodWorker.java:108)
	at java.util.concurrent.ThreadPoolExecutor.runWorker(ThreadPoolExecutor.java:1149)
	at java.util.concurrent.ThreadPoolExecutor$Worker.run(ThreadPoolExecutor.java:624)
	at java.lang.Thread.run(Thread.java:748)
</pre></div></td>
<td>0</td>
<td>com.ca.tds.main.TDSFlowTest@492691d7</td></tr>
<tr>
<td title='com.ca.tds.main.TDSFlowTest.verifyAPI()'><b>verifyAPI</b><br>Test class: com.ca.tds.main.TDSFlowTest</td>
<td><div><pre>org.testng.SkipException: Skipping [verifyAPI] because the [verifyApiRequired] assumption(s) do not hold.
	at nl.javadude.assumeng.AssumptionListener.beforeInvocation(AssumptionListener.java:43)
	at java.util.concurrent.ThreadPoolExecutor.runWorker(ThreadPoolExecutor.java:1149)
	at java.util.concurrent.ThreadPoolExecutor$Worker.run(ThreadPoolExecutor.java:624)
	at java.lang.Thread.run(Thread.java:748)
... Removed 8 stack frames</pre></div><a href='#' onClick='toggleBox("stack-trace1945405423", this, "Click to show all stack frames", "Click to hide stack frames")'>Click to show all stack frames</a>
<div class='stack-trace' id='stack-trace1945405423'><pre>org.testng.SkipException: Skipping [verifyAPI] because the [verifyApiRequired] assumption(s) do not hold.
	at nl.javadude.assumeng.AssumptionListener.beforeInvocation(AssumptionListener.java:43)
	at org.testng.internal.invokers.InvokedMethodListenerInvoker$InvokeBeforeInvocationWithoutContextStrategy.callMethod(InvokedMethodListenerInvoker.java:84)
	at org.testng.internal.invokers.InvokedMethodListenerInvoker.invokeListener(InvokedMethodListenerInvoker.java:62)
	at org.testng.internal.Invoker.runInvokedMethodListeners(Invoker.java:552)
	at org.testng.internal.Invoker.invokeMethod(Invoker.java:617)
	at org.testng.internal.Invoker.invokeTestMethod(Invoker.java:821)
	at org.testng.internal.Invoker.invokeTestMethods(Invoker.java:1131)
	at org.testng.internal.TestMethodWorker.invokeTestMethods(TestMethodWorker.java:124)
	at org.testng.internal.TestMethodWorker.run(TestMethodWorker.java:108)
	at java.util.concurrent.ThreadPoolExecutor.runWorker(ThreadPoolExecutor.java:1149)
	at java.util.concurrent.ThreadPoolExecutor$Worker.run(ThreadPoolExecutor.java:624)
	at java.lang.Thread.run(Thread.java:748)
</pre></div></td>
<td>0</td>
<td>com.ca.tds.main.TDSFlowTest@6c2c1385</td></tr>
<tr>
<td title='com.ca.tds.main.TDSFlowTest.verifyAPI()'><b>verifyAPI</b><br>Test class: com.ca.tds.main.TDSFlowTest</td>
<td><div><pre>org.testng.SkipException: Skipping [verifyAPI] because the [verifyApiRequired] assumption(s) do not hold.
	at nl.javadude.assumeng.AssumptionListener.beforeInvocation(AssumptionListener.java:43)
	at java.util.concurrent.ThreadPoolExecutor.runWorker(ThreadPoolExecutor.java:1149)
	at java.util.concurrent.ThreadPoolExecutor$Worker.run(ThreadPoolExecutor.java:624)
	at java.lang.Thread.run(Thread.java:748)
... Removed 8 stack frames</pre></div><a href='#' onClick='toggleBox("stack-trace1827662699", this, "Click to show all stack frames", "Click to hide stack frames")'>Click to show all stack frames</a>
<div class='stack-trace' id='stack-trace1827662699'><pre>org.testng.SkipException: Skipping [verifyAPI] because the [verifyApiRequired] assumption(s) do not hold.
	at nl.javadude.assumeng.AssumptionListener.beforeInvocation(AssumptionListener.java:43)
	at org.testng.internal.invokers.InvokedMethodListenerInvoker$InvokeBeforeInvocationWithoutContextStrategy.callMethod(InvokedMethodListenerInvoker.java:84)
	at org.testng.internal.invokers.InvokedMethodListenerInvoker.invokeListener(InvokedMethodListenerInvoker.java:62)
	at org.testng.internal.Invoker.runInvokedMethodListeners(Invoker.java:552)
	at org.testng.internal.Invoker.invokeMethod(Invoker.java:617)
	at org.testng.internal.Invoker.invokeTestMethod(Invoker.java:821)
	at org.testng.internal.Invoker.invokeTestMethods(Invoker.java:1131)
	at org.testng.internal.TestMethodWorker.invokeTestMethods(TestMethodWorker.java:124)
	at org.testng.internal.TestMethodWorker.run(TestMethodWorker.java:108)
	at java.util.concurrent.ThreadPoolExecutor.runWorker(ThreadPoolExecutor.java:1149)
	at java.util.concurrent.ThreadPoolExecutor$Worker.run(ThreadPoolExecutor.java:624)
	at java.lang.Thread.run(Thread.java:748)
</pre></div></td>
<td>0</td>
<td>com.ca.tds.main.TDSFlowTest@3d9c13b5</td></tr>
<tr>
<td title='com.ca.tds.main.TDSFlowTest.verifyAPI()'><b>verifyAPI</b><br>Test class: com.ca.tds.main.TDSFlowTest</td>
<td><div><pre>org.testng.SkipException: Skipping [verifyAPI] because the [verifyApiRequired] assumption(s) do not hold.
	at nl.javadude.assumeng.AssumptionListener.beforeInvocation(AssumptionListener.java:43)
	at java.util.concurrent.ThreadPoolExecutor.runWorker(ThreadPoolExecutor.java:1149)
	at java.util.concurrent.ThreadPoolExecutor$Worker.run(ThreadPoolExecutor.java:624)
	at java.lang.Thread.run(Thread.java:748)
... Removed 8 stack frames</pre></div><a href='#' onClick='toggleBox("stack-trace1590139720", this, "Click to show all stack frames", "Click to hide stack frames")'>Click to show all stack frames</a>
<div class='stack-trace' id='stack-trace1590139720'><pre>org.testng.SkipException: Skipping [verifyAPI] because the [verifyApiRequired] assumption(s) do not hold.
	at nl.javadude.assumeng.AssumptionListener.beforeInvocation(AssumptionListener.java:43)
	at org.testng.internal.invokers.InvokedMethodListenerInvoker$InvokeBeforeInvocationWithoutContextStrategy.callMethod(InvokedMethodListenerInvoker.java:84)
	at org.testng.internal.invokers.InvokedMethodListenerInvoker.invokeListener(InvokedMethodListenerInvoker.java:62)
	at org.testng.internal.Invoker.runInvokedMethodListeners(Invoker.java:552)
	at org.testng.internal.Invoker.invokeMethod(Invoker.java:617)
	at org.testng.internal.Invoker.invokeTestMethod(Invoker.java:821)
	at org.testng.internal.Invoker.invokeTestMethods(Invoker.java:1131)
	at org.testng.internal.TestMethodWorker.invokeTestMethods(TestMethodWorker.java:124)
	at org.testng.internal.TestMethodWorker.run(TestMethodWorker.java:108)
	at java.util.concurrent.ThreadPoolExecutor.runWorker(ThreadPoolExecutor.java:1149)
	at java.util.concurrent.ThreadPoolExecutor$Worker.run(ThreadPoolExecutor.java:624)
	at java.lang.Thread.run(Thread.java:748)
</pre></div></td>
<td>0</td>
<td>com.ca.tds.main.TDSFlowTest@15713d56</td></tr>
<tr>
<td title='com.ca.tds.main.TDSFlowTest.verifyAPI()'><b>verifyAPI</b><br>Test class: com.ca.tds.main.TDSFlowTest</td>
<td><div><pre>org.testng.SkipException: Skipping [verifyAPI] because the [verifyApiRequired] assumption(s) do not hold.
	at nl.javadude.assumeng.AssumptionListener.beforeInvocation(AssumptionListener.java:43)
	at java.util.concurrent.ThreadPoolExecutor.runWorker(ThreadPoolExecutor.java:1149)
	at java.util.concurrent.ThreadPoolExecutor$Worker.run(ThreadPoolExecutor.java:624)
	at java.lang.Thread.run(Thread.java:748)
... Removed 8 stack frames</pre></div><a href='#' onClick='toggleBox("stack-trace712261366", this, "Click to show all stack frames", "Click to hide stack frames")'>Click to show all stack frames</a>
<div class='stack-trace' id='stack-trace712261366'><pre>org.testng.SkipException: Skipping [verifyAPI] because the [verifyApiRequired] assumption(s) do not hold.
	at nl.javadude.assumeng.AssumptionListener.beforeInvocation(AssumptionListener.java:43)
	at org.testng.internal.invokers.InvokedMethodListenerInvoker$InvokeBeforeInvocationWithoutContextStrategy.callMethod(InvokedMethodListenerInvoker.java:84)
	at org.testng.internal.invokers.InvokedMethodListenerInvoker.invokeListener(InvokedMethodListenerInvoker.java:62)
	at org.testng.internal.Invoker.runInvokedMethodListeners(Invoker.java:552)
	at org.testng.internal.Invoker.invokeMethod(Invoker.java:617)
	at org.testng.internal.Invoker.invokeTestMethod(Invoker.java:821)
	at org.testng.internal.Invoker.invokeTestMethods(Invoker.java:1131)
	at org.testng.internal.TestMethodWorker.invokeTestMethods(TestMethodWorker.java:124)
	at org.testng.internal.TestMethodWorker.run(TestMethodWorker.java:108)
	at java.util.concurrent.ThreadPoolExecutor.runWorker(ThreadPoolExecutor.java:1149)
	at java.util.concurrent.ThreadPoolExecutor$Worker.run(ThreadPoolExecutor.java:624)
	at java.lang.Thread.run(Thread.java:748)
</pre></div></td>
<td>0</td>
<td>com.ca.tds.main.TDSFlowTest@26ceffa8</td></tr>
<tr>
<td title='com.ca.tds.main.TDSFlowTest.verifyAPI()'><b>verifyAPI</b><br>Test class: com.ca.tds.main.TDSFlowTest</td>
<td><div><pre>org.testng.SkipException: Skipping [verifyAPI] because the [verifyApiRequired] assumption(s) do not hold.
	at nl.javadude.assumeng.AssumptionListener.beforeInvocation(AssumptionListener.java:43)
	at java.util.concurrent.ThreadPoolExecutor.runWorker(ThreadPoolExecutor.java:1149)
	at java.util.concurrent.ThreadPoolExecutor$Worker.run(ThreadPoolExecutor.java:624)
	at java.lang.Thread.run(Thread.java:748)
... Removed 8 stack frames</pre></div><a href='#' onClick='toggleBox("stack-trace1277043755", this, "Click to show all stack frames", "Click to hide stack frames")'>Click to show all stack frames</a>
<div class='stack-trace' id='stack-trace1277043755'><pre>org.testng.SkipException: Skipping [verifyAPI] because the [verifyApiRequired] assumption(s) do not hold.
	at nl.javadude.assumeng.AssumptionListener.beforeInvocation(AssumptionListener.java:43)
	at org.testng.internal.invokers.InvokedMethodListenerInvoker$InvokeBeforeInvocationWithoutContextStrategy.callMethod(InvokedMethodListenerInvoker.java:84)
	at org.testng.internal.invokers.InvokedMethodListenerInvoker.invokeListener(InvokedMethodListenerInvoker.java:62)
	at org.testng.internal.Invoker.runInvokedMethodListeners(Invoker.java:552)
	at org.testng.internal.Invoker.invokeMethod(Invoker.java:617)
	at org.testng.internal.Invoker.invokeTestMethod(Invoker.java:821)
	at org.testng.internal.Invoker.invokeTestMethods(Invoker.java:1131)
	at org.testng.internal.TestMethodWorker.invokeTestMethods(TestMethodWorker.java:124)
	at org.testng.internal.TestMethodWorker.run(TestMethodWorker.java:108)
	at java.util.concurrent.ThreadPoolExecutor.runWorker(ThreadPoolExecutor.java:1149)
	at java.util.concurrent.ThreadPoolExecutor$Worker.run(ThreadPoolExecutor.java:624)
	at java.lang.Thread.run(Thread.java:748)
</pre></div></td>
<td>0</td>
<td>com.ca.tds.main.TDSFlowTest@7a67e3c6</td></tr>
<tr>
<td title='com.ca.tds.main.TDSFlowTest.verifyAPI()'><b>verifyAPI</b><br>Test class: com.ca.tds.main.TDSFlowTest</td>
<td><div><pre>org.testng.SkipException: Skipping [verifyAPI] because the [verifyApiRequired] assumption(s) do not hold.
	at nl.javadude.assumeng.AssumptionListener.beforeInvocation(AssumptionListener.java:43)
	at java.util.concurrent.ThreadPoolExecutor.runWorker(ThreadPoolExecutor.java:1149)
	at java.util.concurrent.ThreadPoolExecutor$Worker.run(ThreadPoolExecutor.java:624)
	at java.lang.Thread.run(Thread.java:748)
... Removed 8 stack frames</pre></div><a href='#' onClick='toggleBox("stack-trace2035443935", this, "Click to show all stack frames", "Click to hide stack frames")'>Click to show all stack frames</a>
<div class='stack-trace' id='stack-trace2035443935'><pre>org.testng.SkipException: Skipping [verifyAPI] because the [verifyApiRequired] assumption(s) do not hold.
	at nl.javadude.assumeng.AssumptionListener.beforeInvocation(AssumptionListener.java:43)
	at org.testng.internal.invokers.InvokedMethodListenerInvoker$InvokeBeforeInvocationWithoutContextStrategy.callMethod(InvokedMethodListenerInvoker.java:84)
	at org.testng.internal.invokers.InvokedMethodListenerInvoker.invokeListener(InvokedMethodListenerInvoker.java:62)
	at org.testng.internal.Invoker.runInvokedMethodListeners(Invoker.java:552)
	at org.testng.internal.Invoker.invokeMethod(Invoker.java:617)
	at org.testng.internal.Invoker.invokeTestMethod(Invoker.java:821)
	at org.testng.internal.Invoker.invokeTestMethods(Invoker.java:1131)
	at org.testng.internal.TestMethodWorker.invokeTestMethods(TestMethodWorker.java:124)
	at org.testng.internal.TestMethodWorker.run(TestMethodWorker.java:108)
	at java.util.concurrent.ThreadPoolExecutor.runWorker(ThreadPoolExecutor.java:1149)
	at java.util.concurrent.ThreadPoolExecutor$Worker.run(ThreadPoolExecutor.java:624)
	at java.lang.Thread.run(Thread.java:748)
</pre></div></td>
<td>0</td>
<td>com.ca.tds.main.TDSFlowTest@146dfe6</td></tr>
<tr>
<td title='com.ca.tds.main.TDSFlowTest.verifyAPI()'><b>verifyAPI</b><br>Test class: com.ca.tds.main.TDSFlowTest</td>
<td><div><pre>org.testng.SkipException: Skipping [verifyAPI] because the [verifyApiRequired] assumption(s) do not hold.
	at nl.javadude.assumeng.AssumptionListener.beforeInvocation(AssumptionListener.java:43)
	at java.util.concurrent.ThreadPoolExecutor.runWorker(ThreadPoolExecutor.java:1149)
	at java.util.concurrent.ThreadPoolExecutor$Worker.run(ThreadPoolExecutor.java:624)
	at java.lang.Thread.run(Thread.java:748)
... Removed 8 stack frames</pre></div><a href='#' onClick='toggleBox("stack-trace1183202920", this, "Click to show all stack frames", "Click to hide stack frames")'>Click to show all stack frames</a>
<div class='stack-trace' id='stack-trace1183202920'><pre>org.testng.SkipException: Skipping [verifyAPI] because the [verifyApiRequired] assumption(s) do not hold.
	at nl.javadude.assumeng.AssumptionListener.beforeInvocation(AssumptionListener.java:43)
	at org.testng.internal.invokers.InvokedMethodListenerInvoker$InvokeBeforeInvocationWithoutContextStrategy.callMethod(InvokedMethodListenerInvoker.java:84)
	at org.testng.internal.invokers.InvokedMethodListenerInvoker.invokeListener(InvokedMethodListenerInvoker.java:62)
	at org.testng.internal.Invoker.runInvokedMethodListeners(Invoker.java:552)
	at org.testng.internal.Invoker.invokeMethod(Invoker.java:617)
	at org.testng.internal.Invoker.invokeTestMethod(Invoker.java:821)
	at org.testng.internal.Invoker.invokeTestMethods(Invoker.java:1131)
	at org.testng.internal.TestMethodWorker.invokeTestMethods(TestMethodWorker.java:124)
	at org.testng.internal.TestMethodWorker.run(TestMethodWorker.java:108)
	at java.util.concurrent.ThreadPoolExecutor.runWorker(ThreadPoolExecutor.java:1149)
	at java.util.concurrent.ThreadPoolExecutor$Worker.run(ThreadPoolExecutor.java:624)
	at java.lang.Thread.run(Thread.java:748)
</pre></div></td>
<td>0</td>
<td>com.ca.tds.main.TDSFlowTest@7b205dbd</td></tr>
<tr>
<td title='com.ca.tds.main.TDSFlowTest.verifyAPI()'><b>verifyAPI</b><br>Test class: com.ca.tds.main.TDSFlowTest</td>
<td><div><pre>org.testng.SkipException: Skipping [verifyAPI] because the [verifyApiRequired] assumption(s) do not hold.
	at nl.javadude.assumeng.AssumptionListener.beforeInvocation(AssumptionListener.java:43)
	at java.util.concurrent.ThreadPoolExecutor.runWorker(ThreadPoolExecutor.java:1149)
	at java.util.concurrent.ThreadPoolExecutor$Worker.run(ThreadPoolExecutor.java:624)
	at java.lang.Thread.run(Thread.java:748)
... Removed 8 stack frames</pre></div><a href='#' onClick='toggleBox("stack-trace671916070", this, "Click to show all stack frames", "Click to hide stack frames")'>Click to show all stack frames</a>
<div class='stack-trace' id='stack-trace671916070'><pre>org.testng.SkipException: Skipping [verifyAPI] because the [verifyApiRequired] assumption(s) do not hold.
	at nl.javadude.assumeng.AssumptionListener.beforeInvocation(AssumptionListener.java:43)
	at org.testng.internal.invokers.InvokedMethodListenerInvoker$InvokeBeforeInvocationWithoutContextStrategy.callMethod(InvokedMethodListenerInvoker.java:84)
	at org.testng.internal.invokers.InvokedMethodListenerInvoker.invokeListener(InvokedMethodListenerInvoker.java:62)
	at org.testng.internal.Invoker.runInvokedMethodListeners(Invoker.java:552)
	at org.testng.internal.Invoker.invokeMethod(Invoker.java:617)
	at org.testng.internal.Invoker.invokeTestMethod(Invoker.java:821)
	at org.testng.internal.Invoker.invokeTestMethods(Invoker.java:1131)
	at org.testng.internal.TestMethodWorker.invokeTestMethods(TestMethodWorker.java:124)
	at org.testng.internal.TestMethodWorker.run(TestMethodWorker.java:108)
	at java.util.concurrent.ThreadPoolExecutor.runWorker(ThreadPoolExecutor.java:1149)
	at java.util.concurrent.ThreadPoolExecutor$Worker.run(ThreadPoolExecutor.java:624)
	at java.lang.Thread.run(Thread.java:748)
</pre></div></td>
<td>0</td>
<td>com.ca.tds.main.TDSFlowTest@4716be8b</td></tr>
<tr>
<td title='com.ca.tds.main.TDSFlowTest.verifyAPI()'><b>verifyAPI</b><br>Test class: com.ca.tds.main.TDSFlowTest</td>
<td><div><pre>org.testng.SkipException: Skipping [verifyAPI] because the [verifyApiRequired] assumption(s) do not hold.
	at nl.javadude.assumeng.AssumptionListener.beforeInvocation(AssumptionListener.java:43)
	at java.util.concurrent.ThreadPoolExecutor.runWorker(ThreadPoolExecutor.java:1149)
	at java.util.concurrent.ThreadPoolExecutor$Worker.run(ThreadPoolExecutor.java:624)
	at java.lang.Thread.run(Thread.java:748)
... Removed 8 stack frames</pre></div><a href='#' onClick='toggleBox("stack-trace250544822", this, "Click to show all stack frames", "Click to hide stack frames")'>Click to show all stack frames</a>
<div class='stack-trace' id='stack-trace250544822'><pre>org.testng.SkipException: Skipping [verifyAPI] because the [verifyApiRequired] assumption(s) do not hold.
	at nl.javadude.assumeng.AssumptionListener.beforeInvocation(AssumptionListener.java:43)
	at org.testng.internal.invokers.InvokedMethodListenerInvoker$InvokeBeforeInvocationWithoutContextStrategy.callMethod(InvokedMethodListenerInvoker.java:84)
	at org.testng.internal.invokers.InvokedMethodListenerInvoker.invokeListener(InvokedMethodListenerInvoker.java:62)
	at org.testng.internal.Invoker.runInvokedMethodListeners(Invoker.java:552)
	at org.testng.internal.Invoker.invokeMethod(Invoker.java:617)
	at org.testng.internal.Invoker.invokeTestMethod(Invoker.java:821)
	at org.testng.internal.Invoker.invokeTestMethods(Invoker.java:1131)
	at org.testng.internal.TestMethodWorker.invokeTestMethods(TestMethodWorker.java:124)
	at org.testng.internal.TestMethodWorker.run(TestMethodWorker.java:108)
	at java.util.concurrent.ThreadPoolExecutor.runWorker(ThreadPoolExecutor.java:1149)
	at java.util.concurrent.ThreadPoolExecutor$Worker.run(ThreadPoolExecutor.java:624)
	at java.lang.Thread.run(Thread.java:748)
</pre></div></td>
<td>0</td>
<td>com.ca.tds.main.TDSFlowTest@2c78d320</td></tr>
<tr>
<td title='com.ca.tds.main.TDSFlowTest.verifyAPI()'><b>verifyAPI</b><br>Test class: com.ca.tds.main.TDSFlowTest</td>
<td><div><pre>org.testng.SkipException: Skipping [verifyAPI] because the [verifyApiRequired] assumption(s) do not hold.
	at nl.javadude.assumeng.AssumptionListener.beforeInvocation(AssumptionListener.java:43)
	at java.util.concurrent.ThreadPoolExecutor.runWorker(ThreadPoolExecutor.java:1149)
	at java.util.concurrent.ThreadPoolExecutor$Worker.run(ThreadPoolExecutor.java:624)
	at java.lang.Thread.run(Thread.java:748)
... Removed 8 stack frames</pre></div><a href='#' onClick='toggleBox("stack-trace1933905323", this, "Click to show all stack frames", "Click to hide stack frames")'>Click to show all stack frames</a>
<div class='stack-trace' id='stack-trace1933905323'><pre>org.testng.SkipException: Skipping [verifyAPI] because the [verifyApiRequired] assumption(s) do not hold.
	at nl.javadude.assumeng.AssumptionListener.beforeInvocation(AssumptionListener.java:43)
	at org.testng.internal.invokers.InvokedMethodListenerInvoker$InvokeBeforeInvocationWithoutContextStrategy.callMethod(InvokedMethodListenerInvoker.java:84)
	at org.testng.internal.invokers.InvokedMethodListenerInvoker.invokeListener(InvokedMethodListenerInvoker.java:62)
	at org.testng.internal.Invoker.runInvokedMethodListeners(Invoker.java:552)
	at org.testng.internal.Invoker.invokeMethod(Invoker.java:617)
	at org.testng.internal.Invoker.invokeTestMethod(Invoker.java:821)
	at org.testng.internal.Invoker.invokeTestMethods(Invoker.java:1131)
	at org.testng.internal.TestMethodWorker.invokeTestMethods(TestMethodWorker.java:124)
	at org.testng.internal.TestMethodWorker.run(TestMethodWorker.java:108)
	at java.util.concurrent.ThreadPoolExecutor.runWorker(ThreadPoolExecutor.java:1149)
	at java.util.concurrent.ThreadPoolExecutor$Worker.run(ThreadPoolExecutor.java:624)
	at java.lang.Thread.run(Thread.java:748)
</pre></div></td>
<td>0</td>
<td>com.ca.tds.main.TDSFlowTest@d41f816</td></tr>
<tr>
<td title='com.ca.tds.main.TDSFlowTest.verifyAPI()'><b>verifyAPI</b><br>Test class: com.ca.tds.main.TDSFlowTest</td>
<td><div><pre>org.testng.SkipException: Skipping [verifyAPI] because the [verifyApiRequired] assumption(s) do not hold.
	at nl.javadude.assumeng.AssumptionListener.beforeInvocation(AssumptionListener.java:43)
	at java.util.concurrent.ThreadPoolExecutor.runWorker(ThreadPoolExecutor.java:1149)
	at java.util.concurrent.ThreadPoolExecutor$Worker.run(ThreadPoolExecutor.java:624)
	at java.lang.Thread.run(Thread.java:748)
... Removed 8 stack frames</pre></div><a href='#' onClick='toggleBox("stack-trace337055527", this, "Click to show all stack frames", "Click to hide stack frames")'>Click to show all stack frames</a>
<div class='stack-trace' id='stack-trace337055527'><pre>org.testng.SkipException: Skipping [verifyAPI] because the [verifyApiRequired] assumption(s) do not hold.
	at nl.javadude.assumeng.AssumptionListener.beforeInvocation(AssumptionListener.java:43)
	at org.testng.internal.invokers.InvokedMethodListenerInvoker$InvokeBeforeInvocationWithoutContextStrategy.callMethod(InvokedMethodListenerInvoker.java:84)
	at org.testng.internal.invokers.InvokedMethodListenerInvoker.invokeListener(InvokedMethodListenerInvoker.java:62)
	at org.testng.internal.Invoker.runInvokedMethodListeners(Invoker.java:552)
	at org.testng.internal.Invoker.invokeMethod(Invoker.java:617)
	at org.testng.internal.Invoker.invokeTestMethod(Invoker.java:821)
	at org.testng.internal.Invoker.invokeTestMethods(Invoker.java:1131)
	at org.testng.internal.TestMethodWorker.invokeTestMethods(TestMethodWorker.java:124)
	at org.testng.internal.TestMethodWorker.run(TestMethodWorker.java:108)
	at java.util.concurrent.ThreadPoolExecutor.runWorker(ThreadPoolExecutor.java:1149)
	at java.util.concurrent.ThreadPoolExecutor$Worker.run(ThreadPoolExecutor.java:624)
	at java.lang.Thread.run(Thread.java:748)
</pre></div></td>
<td>0</td>
<td>com.ca.tds.main.TDSFlowTest@7582ff54</td></tr>
<tr>
<td title='com.ca.tds.main.TDSFlowTest.verifyAPI()'><b>verifyAPI</b><br>Test class: com.ca.tds.main.TDSFlowTest</td>
<td><div><pre>org.testng.SkipException: Skipping [verifyAPI] because the [verifyApiRequired] assumption(s) do not hold.
	at nl.javadude.assumeng.AssumptionListener.beforeInvocation(AssumptionListener.java:43)
	at java.util.concurrent.ThreadPoolExecutor.runWorker(ThreadPoolExecutor.java:1149)
	at java.util.concurrent.ThreadPoolExecutor$Worker.run(ThreadPoolExecutor.java:624)
	at java.lang.Thread.run(Thread.java:748)
... Removed 8 stack frames</pre></div><a href='#' onClick='toggleBox("stack-trace1854175337", this, "Click to show all stack frames", "Click to hide stack frames")'>Click to show all stack frames</a>
<div class='stack-trace' id='stack-trace1854175337'><pre>org.testng.SkipException: Skipping [verifyAPI] because the [verifyApiRequired] assumption(s) do not hold.
	at nl.javadude.assumeng.AssumptionListener.beforeInvocation(AssumptionListener.java:43)
	at org.testng.internal.invokers.InvokedMethodListenerInvoker$InvokeBeforeInvocationWithoutContextStrategy.callMethod(InvokedMethodListenerInvoker.java:84)
	at org.testng.internal.invokers.InvokedMethodListenerInvoker.invokeListener(InvokedMethodListenerInvoker.java:62)
	at org.testng.internal.Invoker.runInvokedMethodListeners(Invoker.java:552)
	at org.testng.internal.Invoker.invokeMethod(Invoker.java:617)
	at org.testng.internal.Invoker.invokeTestMethod(Invoker.java:821)
	at org.testng.internal.Invoker.invokeTestMethods(Invoker.java:1131)
	at org.testng.internal.TestMethodWorker.invokeTestMethods(TestMethodWorker.java:124)
	at org.testng.internal.TestMethodWorker.run(TestMethodWorker.java:108)
	at java.util.concurrent.ThreadPoolExecutor.runWorker(ThreadPoolExecutor.java:1149)
	at java.util.concurrent.ThreadPoolExecutor$Worker.run(ThreadPoolExecutor.java:624)
	at java.lang.Thread.run(Thread.java:748)
</pre></div></td>
<td>0</td>
<td>com.ca.tds.main.TDSFlowTest@600b90df</td></tr>
<tr>
<td title='com.ca.tds.main.TDSFlowTest.verifyAPI()'><b>verifyAPI</b><br>Test class: com.ca.tds.main.TDSFlowTest</td>
<td><div><pre>org.testng.SkipException: Skipping [verifyAPI] because the [verifyApiRequired] assumption(s) do not hold.
	at nl.javadude.assumeng.AssumptionListener.beforeInvocation(AssumptionListener.java:43)
	at java.util.concurrent.ThreadPoolExecutor.runWorker(ThreadPoolExecutor.java:1149)
	at java.util.concurrent.ThreadPoolExecutor$Worker.run(ThreadPoolExecutor.java:624)
	at java.lang.Thread.run(Thread.java:748)
... Removed 8 stack frames</pre></div><a href='#' onClick='toggleBox("stack-trace1121948974", this, "Click to show all stack frames", "Click to hide stack frames")'>Click to show all stack frames</a>
<div class='stack-trace' id='stack-trace1121948974'><pre>org.testng.SkipException: Skipping [verifyAPI] because the [verifyApiRequired] assumption(s) do not hold.
	at nl.javadude.assumeng.AssumptionListener.beforeInvocation(AssumptionListener.java:43)
	at org.testng.internal.invokers.InvokedMethodListenerInvoker$InvokeBeforeInvocationWithoutContextStrategy.callMethod(InvokedMethodListenerInvoker.java:84)
	at org.testng.internal.invokers.InvokedMethodListenerInvoker.invokeListener(InvokedMethodListenerInvoker.java:62)
	at org.testng.internal.Invoker.runInvokedMethodListeners(Invoker.java:552)
	at org.testng.internal.Invoker.invokeMethod(Invoker.java:617)
	at org.testng.internal.Invoker.invokeTestMethod(Invoker.java:821)
	at org.testng.internal.Invoker.invokeTestMethods(Invoker.java:1131)
	at org.testng.internal.TestMethodWorker.invokeTestMethods(TestMethodWorker.java:124)
	at org.testng.internal.TestMethodWorker.run(TestMethodWorker.java:108)
	at java.util.concurrent.ThreadPoolExecutor.runWorker(ThreadPoolExecutor.java:1149)
	at java.util.concurrent.ThreadPoolExecutor$Worker.run(ThreadPoolExecutor.java:624)
	at java.lang.Thread.run(Thread.java:748)
</pre></div></td>
<td>0</td>
<td>com.ca.tds.main.TDSFlowTest@558bdf1f</td></tr>
<tr>
<td title='com.ca.tds.main.TDSFlowTest.verifyAPI()'><b>verifyAPI</b><br>Test class: com.ca.tds.main.TDSFlowTest</td>
<td><div><pre>org.testng.SkipException: Skipping [verifyAPI] because the [verifyApiRequired] assumption(s) do not hold.
	at nl.javadude.assumeng.AssumptionListener.beforeInvocation(AssumptionListener.java:43)
	at java.util.concurrent.ThreadPoolExecutor.runWorker(ThreadPoolExecutor.java:1149)
	at java.util.concurrent.ThreadPoolExecutor$Worker.run(ThreadPoolExecutor.java:624)
	at java.lang.Thread.run(Thread.java:748)
... Removed 8 stack frames</pre></div><a href='#' onClick='toggleBox("stack-trace884981086", this, "Click to show all stack frames", "Click to hide stack frames")'>Click to show all stack frames</a>
<div class='stack-trace' id='stack-trace884981086'><pre>org.testng.SkipException: Skipping [verifyAPI] because the [verifyApiRequired] assumption(s) do not hold.
	at nl.javadude.assumeng.AssumptionListener.beforeInvocation(AssumptionListener.java:43)
	at org.testng.internal.invokers.InvokedMethodListenerInvoker$InvokeBeforeInvocationWithoutContextStrategy.callMethod(InvokedMethodListenerInvoker.java:84)
	at org.testng.internal.invokers.InvokedMethodListenerInvoker.invokeListener(InvokedMethodListenerInvoker.java:62)
	at org.testng.internal.Invoker.runInvokedMethodListeners(Invoker.java:552)
	at org.testng.internal.Invoker.invokeMethod(Invoker.java:617)
	at org.testng.internal.Invoker.invokeTestMethod(Invoker.java:821)
	at org.testng.internal.Invoker.invokeTestMethods(Invoker.java:1131)
	at org.testng.internal.TestMethodWorker.invokeTestMethods(TestMethodWorker.java:124)
	at org.testng.internal.TestMethodWorker.run(TestMethodWorker.java:108)
	at java.util.concurrent.ThreadPoolExecutor.runWorker(ThreadPoolExecutor.java:1149)
	at java.util.concurrent.ThreadPoolExecutor$Worker.run(ThreadPoolExecutor.java:624)
	at java.lang.Thread.run(Thread.java:748)
</pre></div></td>
<td>0</td>
<td>com.ca.tds.main.TDSFlowTest@106cc338</td></tr>
<tr>
<td title='com.ca.tds.main.TDSFlowTest.verifyAPI()'><b>verifyAPI</b><br>Test class: com.ca.tds.main.TDSFlowTest</td>
<td><div><pre>org.testng.SkipException: Skipping [verifyAPI] because the [verifyApiRequired] assumption(s) do not hold.
	at nl.javadude.assumeng.AssumptionListener.beforeInvocation(AssumptionListener.java:43)
	at java.util.concurrent.ThreadPoolExecutor.runWorker(ThreadPoolExecutor.java:1149)
	at java.util.concurrent.ThreadPoolExecutor$Worker.run(ThreadPoolExecutor.java:624)
	at java.lang.Thread.run(Thread.java:748)
... Removed 8 stack frames</pre></div><a href='#' onClick='toggleBox("stack-trace579398042", this, "Click to show all stack frames", "Click to hide stack frames")'>Click to show all stack frames</a>
<div class='stack-trace' id='stack-trace579398042'><pre>org.testng.SkipException: Skipping [verifyAPI] because the [verifyApiRequired] assumption(s) do not hold.
	at nl.javadude.assumeng.AssumptionListener.beforeInvocation(AssumptionListener.java:43)
	at org.testng.internal.invokers.InvokedMethodListenerInvoker$InvokeBeforeInvocationWithoutContextStrategy.callMethod(InvokedMethodListenerInvoker.java:84)
	at org.testng.internal.invokers.InvokedMethodListenerInvoker.invokeListener(InvokedMethodListenerInvoker.java:62)
	at org.testng.internal.Invoker.runInvokedMethodListeners(Invoker.java:552)
	at org.testng.internal.Invoker.invokeMethod(Invoker.java:617)
	at org.testng.internal.Invoker.invokeTestMethod(Invoker.java:821)
	at org.testng.internal.Invoker.invokeTestMethods(Invoker.java:1131)
	at org.testng.internal.TestMethodWorker.invokeTestMethods(TestMethodWorker.java:124)
	at org.testng.internal.TestMethodWorker.run(TestMethodWorker.java:108)
	at java.util.concurrent.ThreadPoolExecutor.runWorker(ThreadPoolExecutor.java:1149)
	at java.util.concurrent.ThreadPoolExecutor$Worker.run(ThreadPoolExecutor.java:624)
	at java.lang.Thread.run(Thread.java:748)
</pre></div></td>
<td>0</td>
<td>com.ca.tds.main.TDSFlowTest@3daf7722</td></tr>
<tr>
<td title='com.ca.tds.main.TDSFlowTest.verifyAPI()'><b>verifyAPI</b><br>Test class: com.ca.tds.main.TDSFlowTest</td>
<td><div><pre>org.testng.SkipException: Skipping [verifyAPI] because the [verifyApiRequired] assumption(s) do not hold.
	at nl.javadude.assumeng.AssumptionListener.beforeInvocation(AssumptionListener.java:43)
	at java.util.concurrent.ThreadPoolExecutor.runWorker(ThreadPoolExecutor.java:1149)
	at java.util.concurrent.ThreadPoolExecutor$Worker.run(ThreadPoolExecutor.java:624)
	at java.lang.Thread.run(Thread.java:748)
... Removed 8 stack frames</pre></div><a href='#' onClick='toggleBox("stack-trace1909112269", this, "Click to show all stack frames", "Click to hide stack frames")'>Click to show all stack frames</a>
<div class='stack-trace' id='stack-trace1909112269'><pre>org.testng.SkipException: Skipping [verifyAPI] because the [verifyApiRequired] assumption(s) do not hold.
	at nl.javadude.assumeng.AssumptionListener.beforeInvocation(AssumptionListener.java:43)
	at org.testng.internal.invokers.InvokedMethodListenerInvoker$InvokeBeforeInvocationWithoutContextStrategy.callMethod(InvokedMethodListenerInvoker.java:84)
	at org.testng.internal.invokers.InvokedMethodListenerInvoker.invokeListener(InvokedMethodListenerInvoker.java:62)
	at org.testng.internal.Invoker.runInvokedMethodListeners(Invoker.java:552)
	at org.testng.internal.Invoker.invokeMethod(Invoker.java:617)
	at org.testng.internal.Invoker.invokeTestMethod(Invoker.java:821)
	at org.testng.internal.Invoker.invokeTestMethods(Invoker.java:1131)
	at org.testng.internal.TestMethodWorker.invokeTestMethods(TestMethodWorker.java:124)
	at org.testng.internal.TestMethodWorker.run(TestMethodWorker.java:108)
	at java.util.concurrent.ThreadPoolExecutor.runWorker(ThreadPoolExecutor.java:1149)
	at java.util.concurrent.ThreadPoolExecutor$Worker.run(ThreadPoolExecutor.java:624)
	at java.lang.Thread.run(Thread.java:748)
</pre></div></td>
<td>0</td>
<td>com.ca.tds.main.TDSFlowTest@5c2375a9</td></tr>
<tr>
<td title='com.ca.tds.main.TDSFlowTest.verifyAPI()'><b>verifyAPI</b><br>Test class: com.ca.tds.main.TDSFlowTest</td>
<td><div><pre>org.testng.SkipException: Skipping [verifyAPI] because the [verifyApiRequired] assumption(s) do not hold.
	at nl.javadude.assumeng.AssumptionListener.beforeInvocation(AssumptionListener.java:43)
	at java.util.concurrent.ThreadPoolExecutor.runWorker(ThreadPoolExecutor.java:1149)
	at java.util.concurrent.ThreadPoolExecutor$Worker.run(ThreadPoolExecutor.java:624)
	at java.lang.Thread.run(Thread.java:748)
... Removed 8 stack frames</pre></div><a href='#' onClick='toggleBox("stack-trace1686296586", this, "Click to show all stack frames", "Click to hide stack frames")'>Click to show all stack frames</a>
<div class='stack-trace' id='stack-trace1686296586'><pre>org.testng.SkipException: Skipping [verifyAPI] because the [verifyApiRequired] assumption(s) do not hold.
	at nl.javadude.assumeng.AssumptionListener.beforeInvocation(AssumptionListener.java:43)
	at org.testng.internal.invokers.InvokedMethodListenerInvoker$InvokeBeforeInvocationWithoutContextStrategy.callMethod(InvokedMethodListenerInvoker.java:84)
	at org.testng.internal.invokers.InvokedMethodListenerInvoker.invokeListener(InvokedMethodListenerInvoker.java:62)
	at org.testng.internal.Invoker.runInvokedMethodListeners(Invoker.java:552)
	at org.testng.internal.Invoker.invokeMethod(Invoker.java:617)
	at org.testng.internal.Invoker.invokeTestMethod(Invoker.java:821)
	at org.testng.internal.Invoker.invokeTestMethods(Invoker.java:1131)
	at org.testng.internal.TestMethodWorker.invokeTestMethods(TestMethodWorker.java:124)
	at org.testng.internal.TestMethodWorker.run(TestMethodWorker.java:108)
	at java.util.concurrent.ThreadPoolExecutor.runWorker(ThreadPoolExecutor.java:1149)
	at java.util.concurrent.ThreadPoolExecutor$Worker.run(ThreadPoolExecutor.java:624)
	at java.lang.Thread.run(Thread.java:748)
</pre></div></td>
<td>0</td>
<td>com.ca.tds.main.TDSFlowTest@7c8c9a05</td></tr>
<tr>
<td title='com.ca.tds.main.TDSFlowTest.verifyAPI()'><b>verifyAPI</b><br>Test class: com.ca.tds.main.TDSFlowTest</td>
<td><div><pre>org.testng.SkipException: Skipping [verifyAPI] because the [verifyApiRequired] assumption(s) do not hold.
	at nl.javadude.assumeng.AssumptionListener.beforeInvocation(AssumptionListener.java:43)
	at java.util.concurrent.ThreadPoolExecutor.runWorker(ThreadPoolExecutor.java:1149)
	at java.util.concurrent.ThreadPoolExecutor$Worker.run(ThreadPoolExecutor.java:624)
	at java.lang.Thread.run(Thread.java:748)
... Removed 8 stack frames</pre></div><a href='#' onClick='toggleBox("stack-trace1045931638", this, "Click to show all stack frames", "Click to hide stack frames")'>Click to show all stack frames</a>
<div class='stack-trace' id='stack-trace1045931638'><pre>org.testng.SkipException: Skipping [verifyAPI] because the [verifyApiRequired] assumption(s) do not hold.
	at nl.javadude.assumeng.AssumptionListener.beforeInvocation(AssumptionListener.java:43)
	at org.testng.internal.invokers.InvokedMethodListenerInvoker$InvokeBeforeInvocationWithoutContextStrategy.callMethod(InvokedMethodListenerInvoker.java:84)
	at org.testng.internal.invokers.InvokedMethodListenerInvoker.invokeListener(InvokedMethodListenerInvoker.java:62)
	at org.testng.internal.Invoker.runInvokedMethodListeners(Invoker.java:552)
	at org.testng.internal.Invoker.invokeMethod(Invoker.java:617)
	at org.testng.internal.Invoker.invokeTestMethod(Invoker.java:821)
	at org.testng.internal.Invoker.invokeTestMethods(Invoker.java:1131)
	at org.testng.internal.TestMethodWorker.invokeTestMethods(TestMethodWorker.java:124)
	at org.testng.internal.TestMethodWorker.run(TestMethodWorker.java:108)
	at java.util.concurrent.ThreadPoolExecutor.runWorker(ThreadPoolExecutor.java:1149)
	at java.util.concurrent.ThreadPoolExecutor$Worker.run(ThreadPoolExecutor.java:624)
	at java.lang.Thread.run(Thread.java:748)
</pre></div></td>
<td>0</td>
<td>com.ca.tds.main.TDSFlowTest@74589991</td></tr>
<tr>
<td title='com.ca.tds.main.TDSFlowTest.verifyAPI()'><b>verifyAPI</b><br>Test class: com.ca.tds.main.TDSFlowTest</td>
<td><div><pre>org.testng.SkipException: Skipping [verifyAPI] because the [verifyApiRequired] assumption(s) do not hold.
	at nl.javadude.assumeng.AssumptionListener.beforeInvocation(AssumptionListener.java:43)
	at java.util.concurrent.ThreadPoolExecutor.runWorker(ThreadPoolExecutor.java:1149)
	at java.util.concurrent.ThreadPoolExecutor$Worker.run(ThreadPoolExecutor.java:624)
	at java.lang.Thread.run(Thread.java:748)
... Removed 8 stack frames</pre></div><a href='#' onClick='toggleBox("stack-trace345188754", this, "Click to show all stack frames", "Click to hide stack frames")'>Click to show all stack frames</a>
<div class='stack-trace' id='stack-trace345188754'><pre>org.testng.SkipException: Skipping [verifyAPI] because the [verifyApiRequired] assumption(s) do not hold.
	at nl.javadude.assumeng.AssumptionListener.beforeInvocation(AssumptionListener.java:43)
	at org.testng.internal.invokers.InvokedMethodListenerInvoker$InvokeBeforeInvocationWithoutContextStrategy.callMethod(InvokedMethodListenerInvoker.java:84)
	at org.testng.internal.invokers.InvokedMethodListenerInvoker.invokeListener(InvokedMethodListenerInvoker.java:62)
	at org.testng.internal.Invoker.runInvokedMethodListeners(Invoker.java:552)
	at org.testng.internal.Invoker.invokeMethod(Invoker.java:617)
	at org.testng.internal.Invoker.invokeTestMethod(Invoker.java:821)
	at org.testng.internal.Invoker.invokeTestMethods(Invoker.java:1131)
	at org.testng.internal.TestMethodWorker.invokeTestMethods(TestMethodWorker.java:124)
	at org.testng.internal.TestMethodWorker.run(TestMethodWorker.java:108)
	at java.util.concurrent.ThreadPoolExecutor.runWorker(ThreadPoolExecutor.java:1149)
	at java.util.concurrent.ThreadPoolExecutor$Worker.run(ThreadPoolExecutor.java:624)
	at java.lang.Thread.run(Thread.java:748)
</pre></div></td>
<td>0</td>
<td>com.ca.tds.main.TDSFlowTest@60129b9a</td></tr>
<tr>
<td title='com.ca.tds.main.TDSFlowTest.verifyAPI()'><b>verifyAPI</b><br>Test class: com.ca.tds.main.TDSFlowTest</td>
<td><div><pre>org.testng.SkipException: Skipping [verifyAPI] because the [verifyApiRequired] assumption(s) do not hold.
	at nl.javadude.assumeng.AssumptionListener.beforeInvocation(AssumptionListener.java:43)
	at java.util.concurrent.ThreadPoolExecutor.runWorker(ThreadPoolExecutor.java:1149)
	at java.util.concurrent.ThreadPoolExecutor$Worker.run(ThreadPoolExecutor.java:624)
	at java.lang.Thread.run(Thread.java:748)
... Removed 8 stack frames</pre></div><a href='#' onClick='toggleBox("stack-trace434164478", this, "Click to show all stack frames", "Click to hide stack frames")'>Click to show all stack frames</a>
<div class='stack-trace' id='stack-trace434164478'><pre>org.testng.SkipException: Skipping [verifyAPI] because the [verifyApiRequired] assumption(s) do not hold.
	at nl.javadude.assumeng.AssumptionListener.beforeInvocation(AssumptionListener.java:43)
	at org.testng.internal.invokers.InvokedMethodListenerInvoker$InvokeBeforeInvocationWithoutContextStrategy.callMethod(InvokedMethodListenerInvoker.java:84)
	at org.testng.internal.invokers.InvokedMethodListenerInvoker.invokeListener(InvokedMethodListenerInvoker.java:62)
	at org.testng.internal.Invoker.runInvokedMethodListeners(Invoker.java:552)
	at org.testng.internal.Invoker.invokeMethod(Invoker.java:617)
	at org.testng.internal.Invoker.invokeTestMethod(Invoker.java:821)
	at org.testng.internal.Invoker.invokeTestMethods(Invoker.java:1131)
	at org.testng.internal.TestMethodWorker.invokeTestMethods(TestMethodWorker.java:124)
	at org.testng.internal.TestMethodWorker.run(TestMethodWorker.java:108)
	at java.util.concurrent.ThreadPoolExecutor.runWorker(ThreadPoolExecutor.java:1149)
	at java.util.concurrent.ThreadPoolExecutor$Worker.run(ThreadPoolExecutor.java:624)
	at java.lang.Thread.run(Thread.java:748)
</pre></div></td>
<td>0</td>
<td>com.ca.tds.main.TDSFlowTest@78641d23</td></tr>
<tr>
<td title='com.ca.tds.main.TDSFlowTest.verifyAPI()'><b>verifyAPI</b><br>Test class: com.ca.tds.main.TDSFlowTest</td>
<td><div><pre>org.testng.SkipException: Skipping [verifyAPI] because the [verifyApiRequired] assumption(s) do not hold.
	at nl.javadude.assumeng.AssumptionListener.beforeInvocation(AssumptionListener.java:43)
	at java.util.concurrent.ThreadPoolExecutor.runWorker(ThreadPoolExecutor.java:1149)
	at java.util.concurrent.ThreadPoolExecutor$Worker.run(ThreadPoolExecutor.java:624)
	at java.lang.Thread.run(Thread.java:748)
... Removed 8 stack frames</pre></div><a href='#' onClick='toggleBox("stack-trace2116732858", this, "Click to show all stack frames", "Click to hide stack frames")'>Click to show all stack frames</a>
<div class='stack-trace' id='stack-trace2116732858'><pre>org.testng.SkipException: Skipping [verifyAPI] because the [verifyApiRequired] assumption(s) do not hold.
	at nl.javadude.assumeng.AssumptionListener.beforeInvocation(AssumptionListener.java:43)
	at org.testng.internal.invokers.InvokedMethodListenerInvoker$InvokeBeforeInvocationWithoutContextStrategy.callMethod(InvokedMethodListenerInvoker.java:84)
	at org.testng.internal.invokers.InvokedMethodListenerInvoker.invokeListener(InvokedMethodListenerInvoker.java:62)
	at org.testng.internal.Invoker.runInvokedMethodListeners(Invoker.java:552)
	at org.testng.internal.Invoker.invokeMethod(Invoker.java:617)
	at org.testng.internal.Invoker.invokeTestMethod(Invoker.java:821)
	at org.testng.internal.Invoker.invokeTestMethods(Invoker.java:1131)
	at org.testng.internal.TestMethodWorker.invokeTestMethods(TestMethodWorker.java:124)
	at org.testng.internal.TestMethodWorker.run(TestMethodWorker.java:108)
	at java.util.concurrent.ThreadPoolExecutor.runWorker(ThreadPoolExecutor.java:1149)
	at java.util.concurrent.ThreadPoolExecutor$Worker.run(ThreadPoolExecutor.java:624)
	at java.lang.Thread.run(Thread.java:748)
</pre></div></td>
<td>0</td>
<td>com.ca.tds.main.TDSFlowTest@67d18ed7</td></tr>
<tr>
<td title='com.ca.tds.main.TDSFlowTest.verifyAPI()'><b>verifyAPI</b><br>Test class: com.ca.tds.main.TDSFlowTest</td>
<td><div><pre>org.testng.SkipException: Skipping [verifyAPI] because the [verifyApiRequired] assumption(s) do not hold.
	at nl.javadude.assumeng.AssumptionListener.beforeInvocation(AssumptionListener.java:43)
	at java.util.concurrent.ThreadPoolExecutor.runWorker(ThreadPoolExecutor.java:1149)
	at java.util.concurrent.ThreadPoolExecutor$Worker.run(ThreadPoolExecutor.java:624)
	at java.lang.Thread.run(Thread.java:748)
... Removed 8 stack frames</pre></div><a href='#' onClick='toggleBox("stack-trace1995449455", this, "Click to show all stack frames", "Click to hide stack frames")'>Click to show all stack frames</a>
<div class='stack-trace' id='stack-trace1995449455'><pre>org.testng.SkipException: Skipping [verifyAPI] because the [verifyApiRequired] assumption(s) do not hold.
	at nl.javadude.assumeng.AssumptionListener.beforeInvocation(AssumptionListener.java:43)
	at org.testng.internal.invokers.InvokedMethodListenerInvoker$InvokeBeforeInvocationWithoutContextStrategy.callMethod(InvokedMethodListenerInvoker.java:84)
	at org.testng.internal.invokers.InvokedMethodListenerInvoker.invokeListener(InvokedMethodListenerInvoker.java:62)
	at org.testng.internal.Invoker.runInvokedMethodListeners(Invoker.java:552)
	at org.testng.internal.Invoker.invokeMethod(Invoker.java:617)
	at org.testng.internal.Invoker.invokeTestMethod(Invoker.java:821)
	at org.testng.internal.Invoker.invokeTestMethods(Invoker.java:1131)
	at org.testng.internal.TestMethodWorker.invokeTestMethods(TestMethodWorker.java:124)
	at org.testng.internal.TestMethodWorker.run(TestMethodWorker.java:108)
	at java.util.concurrent.ThreadPoolExecutor.runWorker(ThreadPoolExecutor.java:1149)
	at java.util.concurrent.ThreadPoolExecutor$Worker.run(ThreadPoolExecutor.java:624)
	at java.lang.Thread.run(Thread.java:748)
</pre></div></td>
<td>0</td>
<td>com.ca.tds.main.TDSFlowTest@6cc558c6</td></tr>
<tr>
<td title='com.ca.tds.main.TDSFlowTest.verifyAPI()'><b>verifyAPI</b><br>Test class: com.ca.tds.main.TDSFlowTest</td>
<td><div><pre>org.testng.SkipException: Skipping [verifyAPI] because the [verifyApiRequired] assumption(s) do not hold.
	at nl.javadude.assumeng.AssumptionListener.beforeInvocation(AssumptionListener.java:43)
	at java.util.concurrent.ThreadPoolExecutor.runWorker(ThreadPoolExecutor.java:1149)
	at java.util.concurrent.ThreadPoolExecutor$Worker.run(ThreadPoolExecutor.java:624)
	at java.lang.Thread.run(Thread.java:748)
... Removed 8 stack frames</pre></div><a href='#' onClick='toggleBox("stack-trace2072157160", this, "Click to show all stack frames", "Click to hide stack frames")'>Click to show all stack frames</a>
<div class='stack-trace' id='stack-trace2072157160'><pre>org.testng.SkipException: Skipping [verifyAPI] because the [verifyApiRequired] assumption(s) do not hold.
	at nl.javadude.assumeng.AssumptionListener.beforeInvocation(AssumptionListener.java:43)
	at org.testng.internal.invokers.InvokedMethodListenerInvoker$InvokeBeforeInvocationWithoutContextStrategy.callMethod(InvokedMethodListenerInvoker.java:84)
	at org.testng.internal.invokers.InvokedMethodListenerInvoker.invokeListener(InvokedMethodListenerInvoker.java:62)
	at org.testng.internal.Invoker.runInvokedMethodListeners(Invoker.java:552)
	at org.testng.internal.Invoker.invokeMethod(Invoker.java:617)
	at org.testng.internal.Invoker.invokeTestMethod(Invoker.java:821)
	at org.testng.internal.Invoker.invokeTestMethods(Invoker.java:1131)
	at org.testng.internal.TestMethodWorker.invokeTestMethods(TestMethodWorker.java:124)
	at org.testng.internal.TestMethodWorker.run(TestMethodWorker.java:108)
	at java.util.concurrent.ThreadPoolExecutor.runWorker(ThreadPoolExecutor.java:1149)
	at java.util.concurrent.ThreadPoolExecutor$Worker.run(ThreadPoolExecutor.java:624)
	at java.lang.Thread.run(Thread.java:748)
</pre></div></td>
<td>0</td>
<td>com.ca.tds.main.TDSFlowTest@67545b57</td></tr>
</table><p>
</body>
</html>