<html>
<head>
<title>TestNG:  MASTER::Clear Card::Browser::Verify flow</title>
<link href="../testng.css" rel="stylesheet" type="text/css" />
<link href="../my-testng.css" rel="stylesheet" type="text/css" />

<style type="text/css">
.log { display: none;} 
.stack-trace { display: none;} 
</style>
<script type="text/javascript">
<!--
function flip(e) {
  current = e.style.display;
  if (current == 'block') {
    e.style.display = 'none';
    return 0;
  }
  else {
    e.style.display = 'block';
    return 1;
  }
}

function toggleBox(szDivId, elem, msg1, msg2)
{
  var res = -1;  if (document.getElementById) {
    res = flip(document.getElementById(szDivId));
  }
  else if (document.all) {
    // this is the way old msie versions work
    res = flip(document.all[szDivId]);
  }
  if(elem) {
    if(res == 0) elem.innerHTML = msg1; else elem.innerHTML = msg2;
  }

}

function toggleAllBoxes() {
  if (document.getElementsByTagName) {
    d = document.getElementsByTagName('div');
    for (i = 0; i < d.length; i++) {
      if (d[i].className == 'log') {
        flip(d[i]);
      }
    }
  }
}

// -->
</script>

</head>
<body>
<h2 align='center'>MASTER::Clear Card::Browser::Verify flow</h2><table border='1' align="center">
<tr>
<td>Tests passed/Failed/Skipped:</td><td>31/31/62</td>
</tr><tr>
<td>Started on:</td><td>Fri Aug 30 15:47:09 IST 2019</td>
</tr>
<tr><td>Total time:</td><td>35 seconds (35429 ms)</td>
</tr><tr>
<td>Included groups:</td><td></td>
</tr><tr>
<td>Excluded groups:</td><td></td>
</tr>
</table><p/>
<small><i>(Hover the method name to see the test class name)</i></small><p/>
<table width='100%' border='1' class='invocation-failed'>
<tr><td colspan='4' align='center'><b>FAILED TESTS</b></td></tr>
<tr><td><b>Test method</b></td>
<td width="30%"><b>Exception</b></td>
<td width="10%"><b>Time (seconds)</b></td>
<td><b>Instance</b></td>
</tr>
<tr>
<td title='com.ca.tds.main.TDSFlowTest.brwPreAreq()'><b>brwPreAreq</b><br>Test class: com.ca.tds.main.TDSFlowTest</td>
<td><div><pre>java.lang.AssertionError: ARes response json schema validation failed.&lt;br&gt;expected minLength: 17, actual: 4&lt;br&gt; api response : {&quot;acsTransID&quot;:&quot;5379312e-1d10-4cea-a2f8-8457171a9ca4&quot;,&quot;dsName&quot;:&quot;mastercard&quot;,&quot;eci&quot;:&quot;07&quot;,&quot;callerTxnRefID&quot;:&quot;341b7153-da86-4543-860f-2ba47f0168a5&quot;,&quot;dsReferenceNumber&quot;:&quot;CADS&quot;,&quot;acsReferenceNumber&quot;:&quot;ABCDEF987654321&quot;,&quot;messageType&quot;:&quot;ARes&quot;,&quot;dsTransID&quot;:&quot;bdc4dd37-a3b2-4061-8058-81caec314c09&quot;,&quot;transStatusReason&quot;:&quot;09&quot;,&quot;acsOperatorID&quot;:&quot;ACS_OPERATOR_ID&quot;,&quot;messageVersion&quot;:&quot;2.1.0&quot;,&quot;transStatus&quot;:&quot;R&quot;,&quot;threeDSServerTransID&quot;:&quot;8a709dd2-6746-440d-ac07-c96a4e74fec0&quot;}
	at com.ca.tds.main.TDSFlowTest.brwPreAreq(TDSFlowTest.java:176)
	at java.util.concurrent.ThreadPoolExecutor.runWorker(ThreadPoolExecutor.java:1149)
	at java.util.concurrent.ThreadPoolExecutor$Worker.run(ThreadPoolExecutor.java:624)
	at java.lang.Thread.run(Thread.java:748)
... Removed 10 stack frames</pre></div><a href='#' onClick='toggleBox("stack-trace947003238", this, "Click to show all stack frames", "Click to hide stack frames")'>Click to show all stack frames</a>
<div class='stack-trace' id='stack-trace947003238'><pre>java.lang.AssertionError: ARes response json schema validation failed.&lt;br&gt;expected minLength: 17, actual: 4&lt;br&gt; api response : {&quot;acsTransID&quot;:&quot;5379312e-1d10-4cea-a2f8-8457171a9ca4&quot;,&quot;dsName&quot;:&quot;mastercard&quot;,&quot;eci&quot;:&quot;07&quot;,&quot;callerTxnRefID&quot;:&quot;341b7153-da86-4543-860f-2ba47f0168a5&quot;,&quot;dsReferenceNumber&quot;:&quot;CADS&quot;,&quot;acsReferenceNumber&quot;:&quot;ABCDEF987654321&quot;,&quot;messageType&quot;:&quot;ARes&quot;,&quot;dsTransID&quot;:&quot;bdc4dd37-a3b2-4061-8058-81caec314c09&quot;,&quot;transStatusReason&quot;:&quot;09&quot;,&quot;acsOperatorID&quot;:&quot;ACS_OPERATOR_ID&quot;,&quot;messageVersion&quot;:&quot;2.1.0&quot;,&quot;transStatus&quot;:&quot;R&quot;,&quot;threeDSServerTransID&quot;:&quot;8a709dd2-6746-440d-ac07-c96a4e74fec0&quot;}
	at org.testng.Assert.fail(Assert.java:94)
	at com.ca.tds.main.TDSFlowTest.brwPreAreq(TDSFlowTest.java:176)
	at sun.reflect.GeneratedMethodAccessor36.invoke(Unknown Source)
	at sun.reflect.DelegatingMethodAccessorImpl.invoke(DelegatingMethodAccessorImpl.java:43)
	at java.lang.reflect.Method.invoke(Method.java:498)
	at org.testng.internal.MethodInvocationHelper.invokeMethod(MethodInvocationHelper.java:85)
	at org.testng.internal.Invoker.invokeMethod(Invoker.java:639)
	at org.testng.internal.Invoker.invokeTestMethod(Invoker.java:821)
	at org.testng.internal.Invoker.invokeTestMethods(Invoker.java:1131)
	at org.testng.internal.TestMethodWorker.invokeTestMethods(TestMethodWorker.java:124)
	at org.testng.internal.TestMethodWorker.run(TestMethodWorker.java:108)
	at java.util.concurrent.ThreadPoolExecutor.runWorker(ThreadPoolExecutor.java:1149)
	at java.util.concurrent.ThreadPoolExecutor$Worker.run(ThreadPoolExecutor.java:624)
	at java.lang.Thread.run(Thread.java:748)
</pre></div></td>
<td>1</td>
<td>com.ca.tds.main.TDSFlowTest@1922e6d</td></tr>
<tr>
<td title='com.ca.tds.main.TDSFlowTest.brwPreAreq()'><b>brwPreAreq</b><br>Test class: com.ca.tds.main.TDSFlowTest</td>
<td><div><pre>java.lang.AssertionError: ARes response json schema validation failed.&lt;br&gt;expected minLength: 17, actual: 4&lt;br&gt; api response : {&quot;acsTransID&quot;:&quot;49b8a0d5-13dc-408d-b1c6-848fd91a9df2&quot;,&quot;dsName&quot;:&quot;mastercard&quot;,&quot;eci&quot;:&quot;07&quot;,&quot;callerTxnRefID&quot;:&quot;341b7153-da86-4543-860f-2ba47f0168a5&quot;,&quot;dsReferenceNumber&quot;:&quot;CADS&quot;,&quot;acsReferenceNumber&quot;:&quot;ABCDEF987654321&quot;,&quot;messageType&quot;:&quot;ARes&quot;,&quot;dsTransID&quot;:&quot;4e70efdc-a089-44a6-b1b4-1fb5e8a008a9&quot;,&quot;transStatusReason&quot;:&quot;09&quot;,&quot;acsOperatorID&quot;:&quot;ACS_OPERATOR_ID&quot;,&quot;messageVersion&quot;:&quot;2.1.0&quot;,&quot;transStatus&quot;:&quot;R&quot;,&quot;threeDSServerTransID&quot;:&quot;05104b0c-b8b3-4d8f-8a05-dedbd6c85762&quot;}
	at com.ca.tds.main.TDSFlowTest.brwPreAreq(TDSFlowTest.java:176)
	at java.util.concurrent.ThreadPoolExecutor.runWorker(ThreadPoolExecutor.java:1149)
	at java.util.concurrent.ThreadPoolExecutor$Worker.run(ThreadPoolExecutor.java:624)
	at java.lang.Thread.run(Thread.java:748)
... Removed 10 stack frames</pre></div><a href='#' onClick='toggleBox("stack-trace239467718", this, "Click to show all stack frames", "Click to hide stack frames")'>Click to show all stack frames</a>
<div class='stack-trace' id='stack-trace239467718'><pre>java.lang.AssertionError: ARes response json schema validation failed.&lt;br&gt;expected minLength: 17, actual: 4&lt;br&gt; api response : {&quot;acsTransID&quot;:&quot;49b8a0d5-13dc-408d-b1c6-848fd91a9df2&quot;,&quot;dsName&quot;:&quot;mastercard&quot;,&quot;eci&quot;:&quot;07&quot;,&quot;callerTxnRefID&quot;:&quot;341b7153-da86-4543-860f-2ba47f0168a5&quot;,&quot;dsReferenceNumber&quot;:&quot;CADS&quot;,&quot;acsReferenceNumber&quot;:&quot;ABCDEF987654321&quot;,&quot;messageType&quot;:&quot;ARes&quot;,&quot;dsTransID&quot;:&quot;4e70efdc-a089-44a6-b1b4-1fb5e8a008a9&quot;,&quot;transStatusReason&quot;:&quot;09&quot;,&quot;acsOperatorID&quot;:&quot;ACS_OPERATOR_ID&quot;,&quot;messageVersion&quot;:&quot;2.1.0&quot;,&quot;transStatus&quot;:&quot;R&quot;,&quot;threeDSServerTransID&quot;:&quot;05104b0c-b8b3-4d8f-8a05-dedbd6c85762&quot;}
	at org.testng.Assert.fail(Assert.java:94)
	at com.ca.tds.main.TDSFlowTest.brwPreAreq(TDSFlowTest.java:176)
	at sun.reflect.GeneratedMethodAccessor36.invoke(Unknown Source)
	at sun.reflect.DelegatingMethodAccessorImpl.invoke(DelegatingMethodAccessorImpl.java:43)
	at java.lang.reflect.Method.invoke(Method.java:498)
	at org.testng.internal.MethodInvocationHelper.invokeMethod(MethodInvocationHelper.java:85)
	at org.testng.internal.Invoker.invokeMethod(Invoker.java:639)
	at org.testng.internal.Invoker.invokeTestMethod(Invoker.java:821)
	at org.testng.internal.Invoker.invokeTestMethods(Invoker.java:1131)
	at org.testng.internal.TestMethodWorker.invokeTestMethods(TestMethodWorker.java:124)
	at org.testng.internal.TestMethodWorker.run(TestMethodWorker.java:108)
	at java.util.concurrent.ThreadPoolExecutor.runWorker(ThreadPoolExecutor.java:1149)
	at java.util.concurrent.ThreadPoolExecutor$Worker.run(ThreadPoolExecutor.java:624)
	at java.lang.Thread.run(Thread.java:748)
</pre></div></td>
<td>0</td>
<td>com.ca.tds.main.TDSFlowTest@a77614d</td></tr>
<tr>
<td title='com.ca.tds.main.TDSFlowTest.brwPreAreq()'><b>brwPreAreq</b><br>Test class: com.ca.tds.main.TDSFlowTest</td>
<td><div><pre>java.lang.AssertionError: ARes response json schema validation failed.&lt;br&gt;expected minLength: 17, actual: 4&lt;br&gt; api response : {&quot;acsTransID&quot;:&quot;b989638b-97af-44d0-8417-41ff172501f9&quot;,&quot;dsName&quot;:&quot;mastercard&quot;,&quot;eci&quot;:&quot;07&quot;,&quot;callerTxnRefID&quot;:&quot;341b7153-da86-4543-860f-2ba47f0168a5&quot;,&quot;dsReferenceNumber&quot;:&quot;CADS&quot;,&quot;acsReferenceNumber&quot;:&quot;ABCDEF987654321&quot;,&quot;messageType&quot;:&quot;ARes&quot;,&quot;dsTransID&quot;:&quot;577deeef-c968-4fc4-b819-a8e799ffc932&quot;,&quot;transStatusReason&quot;:&quot;09&quot;,&quot;acsOperatorID&quot;:&quot;ACS_OPERATOR_ID&quot;,&quot;messageVersion&quot;:&quot;2.1.0&quot;,&quot;transStatus&quot;:&quot;R&quot;,&quot;threeDSServerTransID&quot;:&quot;52357447-64e9-43a1-9c19-82a3f7f14a95&quot;}
	at com.ca.tds.main.TDSFlowTest.brwPreAreq(TDSFlowTest.java:176)
	at java.util.concurrent.ThreadPoolExecutor.runWorker(ThreadPoolExecutor.java:1149)
	at java.util.concurrent.ThreadPoolExecutor$Worker.run(ThreadPoolExecutor.java:624)
	at java.lang.Thread.run(Thread.java:748)
... Removed 10 stack frames</pre></div><a href='#' onClick='toggleBox("stack-trace1305341457", this, "Click to show all stack frames", "Click to hide stack frames")'>Click to show all stack frames</a>
<div class='stack-trace' id='stack-trace1305341457'><pre>java.lang.AssertionError: ARes response json schema validation failed.&lt;br&gt;expected minLength: 17, actual: 4&lt;br&gt; api response : {&quot;acsTransID&quot;:&quot;b989638b-97af-44d0-8417-41ff172501f9&quot;,&quot;dsName&quot;:&quot;mastercard&quot;,&quot;eci&quot;:&quot;07&quot;,&quot;callerTxnRefID&quot;:&quot;341b7153-da86-4543-860f-2ba47f0168a5&quot;,&quot;dsReferenceNumber&quot;:&quot;CADS&quot;,&quot;acsReferenceNumber&quot;:&quot;ABCDEF987654321&quot;,&quot;messageType&quot;:&quot;ARes&quot;,&quot;dsTransID&quot;:&quot;577deeef-c968-4fc4-b819-a8e799ffc932&quot;,&quot;transStatusReason&quot;:&quot;09&quot;,&quot;acsOperatorID&quot;:&quot;ACS_OPERATOR_ID&quot;,&quot;messageVersion&quot;:&quot;2.1.0&quot;,&quot;transStatus&quot;:&quot;R&quot;,&quot;threeDSServerTransID&quot;:&quot;52357447-64e9-43a1-9c19-82a3f7f14a95&quot;}
	at org.testng.Assert.fail(Assert.java:94)
	at com.ca.tds.main.TDSFlowTest.brwPreAreq(TDSFlowTest.java:176)
	at sun.reflect.GeneratedMethodAccessor36.invoke(Unknown Source)
	at sun.reflect.DelegatingMethodAccessorImpl.invoke(DelegatingMethodAccessorImpl.java:43)
	at java.lang.reflect.Method.invoke(Method.java:498)
	at org.testng.internal.MethodInvocationHelper.invokeMethod(MethodInvocationHelper.java:85)
	at org.testng.internal.Invoker.invokeMethod(Invoker.java:639)
	at org.testng.internal.Invoker.invokeTestMethod(Invoker.java:821)
	at org.testng.internal.Invoker.invokeTestMethods(Invoker.java:1131)
	at org.testng.internal.TestMethodWorker.invokeTestMethods(TestMethodWorker.java:124)
	at org.testng.internal.TestMethodWorker.run(TestMethodWorker.java:108)
	at java.util.concurrent.ThreadPoolExecutor.runWorker(ThreadPoolExecutor.java:1149)
	at java.util.concurrent.ThreadPoolExecutor$Worker.run(ThreadPoolExecutor.java:624)
	at java.lang.Thread.run(Thread.java:748)
</pre></div></td>
<td>0</td>
<td>com.ca.tds.main.TDSFlowTest@7cbee484</td></tr>
<tr>
<td title='com.ca.tds.main.TDSFlowTest.brwPreAreq()'><b>brwPreAreq</b><br>Test class: com.ca.tds.main.TDSFlowTest</td>
<td><div><pre>java.lang.AssertionError: ARes response json schema validation failed.&lt;br&gt;expected minLength: 17, actual: 4&lt;br&gt; api response : {&quot;acsTransID&quot;:&quot;b5b60906-50e6-488c-9da5-80a29429609c&quot;,&quot;dsName&quot;:&quot;mastercard&quot;,&quot;eci&quot;:&quot;07&quot;,&quot;callerTxnRefID&quot;:&quot;341b7153-da86-4543-860f-2ba47f0168a5&quot;,&quot;dsReferenceNumber&quot;:&quot;CADS&quot;,&quot;acsReferenceNumber&quot;:&quot;ABCDEF987654321&quot;,&quot;messageType&quot;:&quot;ARes&quot;,&quot;dsTransID&quot;:&quot;802faff2-dc22-4398-81db-88d990da364f&quot;,&quot;transStatusReason&quot;:&quot;09&quot;,&quot;acsOperatorID&quot;:&quot;ACS_OPERATOR_ID&quot;,&quot;messageVersion&quot;:&quot;2.1.0&quot;,&quot;transStatus&quot;:&quot;R&quot;,&quot;threeDSServerTransID&quot;:&quot;8de646d0-591f-43b1-8d78-454998474d1f&quot;}
	at com.ca.tds.main.TDSFlowTest.brwPreAreq(TDSFlowTest.java:176)
	at java.util.concurrent.ThreadPoolExecutor.runWorker(ThreadPoolExecutor.java:1149)
	at java.util.concurrent.ThreadPoolExecutor$Worker.run(ThreadPoolExecutor.java:624)
	at java.lang.Thread.run(Thread.java:748)
... Removed 10 stack frames</pre></div><a href='#' onClick='toggleBox("stack-trace1881634833", this, "Click to show all stack frames", "Click to hide stack frames")'>Click to show all stack frames</a>
<div class='stack-trace' id='stack-trace1881634833'><pre>java.lang.AssertionError: ARes response json schema validation failed.&lt;br&gt;expected minLength: 17, actual: 4&lt;br&gt; api response : {&quot;acsTransID&quot;:&quot;b5b60906-50e6-488c-9da5-80a29429609c&quot;,&quot;dsName&quot;:&quot;mastercard&quot;,&quot;eci&quot;:&quot;07&quot;,&quot;callerTxnRefID&quot;:&quot;341b7153-da86-4543-860f-2ba47f0168a5&quot;,&quot;dsReferenceNumber&quot;:&quot;CADS&quot;,&quot;acsReferenceNumber&quot;:&quot;ABCDEF987654321&quot;,&quot;messageType&quot;:&quot;ARes&quot;,&quot;dsTransID&quot;:&quot;802faff2-dc22-4398-81db-88d990da364f&quot;,&quot;transStatusReason&quot;:&quot;09&quot;,&quot;acsOperatorID&quot;:&quot;ACS_OPERATOR_ID&quot;,&quot;messageVersion&quot;:&quot;2.1.0&quot;,&quot;transStatus&quot;:&quot;R&quot;,&quot;threeDSServerTransID&quot;:&quot;8de646d0-591f-43b1-8d78-454998474d1f&quot;}
	at org.testng.Assert.fail(Assert.java:94)
	at com.ca.tds.main.TDSFlowTest.brwPreAreq(TDSFlowTest.java:176)
	at sun.reflect.GeneratedMethodAccessor36.invoke(Unknown Source)
	at sun.reflect.DelegatingMethodAccessorImpl.invoke(DelegatingMethodAccessorImpl.java:43)
	at java.lang.reflect.Method.invoke(Method.java:498)
	at org.testng.internal.MethodInvocationHelper.invokeMethod(MethodInvocationHelper.java:85)
	at org.testng.internal.Invoker.invokeMethod(Invoker.java:639)
	at org.testng.internal.Invoker.invokeTestMethod(Invoker.java:821)
	at org.testng.internal.Invoker.invokeTestMethods(Invoker.java:1131)
	at org.testng.internal.TestMethodWorker.invokeTestMethods(TestMethodWorker.java:124)
	at org.testng.internal.TestMethodWorker.run(TestMethodWorker.java:108)
	at java.util.concurrent.ThreadPoolExecutor.runWorker(ThreadPoolExecutor.java:1149)
	at java.util.concurrent.ThreadPoolExecutor$Worker.run(ThreadPoolExecutor.java:624)
	at java.lang.Thread.run(Thread.java:748)
</pre></div></td>
<td>0</td>
<td>com.ca.tds.main.TDSFlowTest@4fd4cae3</td></tr>
<tr>
<td title='com.ca.tds.main.TDSFlowTest.brwPreAreq()'><b>brwPreAreq</b><br>Test class: com.ca.tds.main.TDSFlowTest</td>
<td><div><pre>java.lang.AssertionError: ARes response json schema validation failed.&lt;br&gt;expected minLength: 17, actual: 4&lt;br&gt; api response : {&quot;acsTransID&quot;:&quot;5bde5804-67ec-439a-aaac-867a45766c73&quot;,&quot;dsName&quot;:&quot;mastercard&quot;,&quot;eci&quot;:&quot;07&quot;,&quot;callerTxnRefID&quot;:&quot;341b7153-da86-4543-860f-2ba47f0168a5&quot;,&quot;dsReferenceNumber&quot;:&quot;CADS&quot;,&quot;acsReferenceNumber&quot;:&quot;ABCDEF987654321&quot;,&quot;messageType&quot;:&quot;ARes&quot;,&quot;dsTransID&quot;:&quot;99f7a39a-4bfd-4c03-9370-2b0ec32a6c3f&quot;,&quot;transStatusReason&quot;:&quot;09&quot;,&quot;acsOperatorID&quot;:&quot;ACS_OPERATOR_ID&quot;,&quot;messageVersion&quot;:&quot;2.1.0&quot;,&quot;transStatus&quot;:&quot;R&quot;,&quot;threeDSServerTransID&quot;:&quot;c57b84ec-553d-4b85-ae0d-0c727b7f6ac1&quot;}
	at com.ca.tds.main.TDSFlowTest.brwPreAreq(TDSFlowTest.java:176)
	at java.util.concurrent.ThreadPoolExecutor.runWorker(ThreadPoolExecutor.java:1149)
	at java.util.concurrent.ThreadPoolExecutor$Worker.run(ThreadPoolExecutor.java:624)
	at java.lang.Thread.run(Thread.java:748)
... Removed 10 stack frames</pre></div><a href='#' onClick='toggleBox("stack-trace1119221395", this, "Click to show all stack frames", "Click to hide stack frames")'>Click to show all stack frames</a>
<div class='stack-trace' id='stack-trace1119221395'><pre>java.lang.AssertionError: ARes response json schema validation failed.&lt;br&gt;expected minLength: 17, actual: 4&lt;br&gt; api response : {&quot;acsTransID&quot;:&quot;5bde5804-67ec-439a-aaac-867a45766c73&quot;,&quot;dsName&quot;:&quot;mastercard&quot;,&quot;eci&quot;:&quot;07&quot;,&quot;callerTxnRefID&quot;:&quot;341b7153-da86-4543-860f-2ba47f0168a5&quot;,&quot;dsReferenceNumber&quot;:&quot;CADS&quot;,&quot;acsReferenceNumber&quot;:&quot;ABCDEF987654321&quot;,&quot;messageType&quot;:&quot;ARes&quot;,&quot;dsTransID&quot;:&quot;99f7a39a-4bfd-4c03-9370-2b0ec32a6c3f&quot;,&quot;transStatusReason&quot;:&quot;09&quot;,&quot;acsOperatorID&quot;:&quot;ACS_OPERATOR_ID&quot;,&quot;messageVersion&quot;:&quot;2.1.0&quot;,&quot;transStatus&quot;:&quot;R&quot;,&quot;threeDSServerTransID&quot;:&quot;c57b84ec-553d-4b85-ae0d-0c727b7f6ac1&quot;}
	at org.testng.Assert.fail(Assert.java:94)
	at com.ca.tds.main.TDSFlowTest.brwPreAreq(TDSFlowTest.java:176)
	at sun.reflect.GeneratedMethodAccessor36.invoke(Unknown Source)
	at sun.reflect.DelegatingMethodAccessorImpl.invoke(DelegatingMethodAccessorImpl.java:43)
	at java.lang.reflect.Method.invoke(Method.java:498)
	at org.testng.internal.MethodInvocationHelper.invokeMethod(MethodInvocationHelper.java:85)
	at org.testng.internal.Invoker.invokeMethod(Invoker.java:639)
	at org.testng.internal.Invoker.invokeTestMethod(Invoker.java:821)
	at org.testng.internal.Invoker.invokeTestMethods(Invoker.java:1131)
	at org.testng.internal.TestMethodWorker.invokeTestMethods(TestMethodWorker.java:124)
	at org.testng.internal.TestMethodWorker.run(TestMethodWorker.java:108)
	at java.util.concurrent.ThreadPoolExecutor.runWorker(ThreadPoolExecutor.java:1149)
	at java.util.concurrent.ThreadPoolExecutor$Worker.run(ThreadPoolExecutor.java:624)
	at java.lang.Thread.run(Thread.java:748)
</pre></div></td>
<td>0</td>
<td>com.ca.tds.main.TDSFlowTest@62923ee6</td></tr>
<tr>
<td title='com.ca.tds.main.TDSFlowTest.brwPreAreq()'><b>brwPreAreq</b><br>Test class: com.ca.tds.main.TDSFlowTest</td>
<td><div><pre>java.lang.AssertionError: ARes response json schema validation failed.&lt;br&gt;expected minLength: 17, actual: 4&lt;br&gt; api response : {&quot;acsTransID&quot;:&quot;37e487f4-3fc1-4d66-8ed7-47df66e74855&quot;,&quot;dsName&quot;:&quot;mastercard&quot;,&quot;eci&quot;:&quot;07&quot;,&quot;callerTxnRefID&quot;:&quot;341b7153-da86-4543-860f-2ba47f0168a5&quot;,&quot;dsReferenceNumber&quot;:&quot;CADS&quot;,&quot;acsReferenceNumber&quot;:&quot;ABCDEF987654321&quot;,&quot;messageType&quot;:&quot;ARes&quot;,&quot;dsTransID&quot;:&quot;bbc50cd5-7eba-4fa7-a099-d06150ed73d1&quot;,&quot;transStatusReason&quot;:&quot;09&quot;,&quot;acsOperatorID&quot;:&quot;ACS_OPERATOR_ID&quot;,&quot;messageVersion&quot;:&quot;2.1.0&quot;,&quot;transStatus&quot;:&quot;R&quot;,&quot;threeDSServerTransID&quot;:&quot;aa8c599c-c818-4115-924e-ec0eb7bccb33&quot;}
	at com.ca.tds.main.TDSFlowTest.brwPreAreq(TDSFlowTest.java:176)
	at java.util.concurrent.ThreadPoolExecutor.runWorker(ThreadPoolExecutor.java:1149)
	at java.util.concurrent.ThreadPoolExecutor$Worker.run(ThreadPoolExecutor.java:624)
	at java.lang.Thread.run(Thread.java:748)
... Removed 10 stack frames</pre></div><a href='#' onClick='toggleBox("stack-trace2032280746", this, "Click to show all stack frames", "Click to hide stack frames")'>Click to show all stack frames</a>
<div class='stack-trace' id='stack-trace2032280746'><pre>java.lang.AssertionError: ARes response json schema validation failed.&lt;br&gt;expected minLength: 17, actual: 4&lt;br&gt; api response : {&quot;acsTransID&quot;:&quot;37e487f4-3fc1-4d66-8ed7-47df66e74855&quot;,&quot;dsName&quot;:&quot;mastercard&quot;,&quot;eci&quot;:&quot;07&quot;,&quot;callerTxnRefID&quot;:&quot;341b7153-da86-4543-860f-2ba47f0168a5&quot;,&quot;dsReferenceNumber&quot;:&quot;CADS&quot;,&quot;acsReferenceNumber&quot;:&quot;ABCDEF987654321&quot;,&quot;messageType&quot;:&quot;ARes&quot;,&quot;dsTransID&quot;:&quot;bbc50cd5-7eba-4fa7-a099-d06150ed73d1&quot;,&quot;transStatusReason&quot;:&quot;09&quot;,&quot;acsOperatorID&quot;:&quot;ACS_OPERATOR_ID&quot;,&quot;messageVersion&quot;:&quot;2.1.0&quot;,&quot;transStatus&quot;:&quot;R&quot;,&quot;threeDSServerTransID&quot;:&quot;aa8c599c-c818-4115-924e-ec0eb7bccb33&quot;}
	at org.testng.Assert.fail(Assert.java:94)
	at com.ca.tds.main.TDSFlowTest.brwPreAreq(TDSFlowTest.java:176)
	at sun.reflect.GeneratedMethodAccessor36.invoke(Unknown Source)
	at sun.reflect.DelegatingMethodAccessorImpl.invoke(DelegatingMethodAccessorImpl.java:43)
	at java.lang.reflect.Method.invoke(Method.java:498)
	at org.testng.internal.MethodInvocationHelper.invokeMethod(MethodInvocationHelper.java:85)
	at org.testng.internal.Invoker.invokeMethod(Invoker.java:639)
	at org.testng.internal.Invoker.invokeTestMethod(Invoker.java:821)
	at org.testng.internal.Invoker.invokeTestMethods(Invoker.java:1131)
	at org.testng.internal.TestMethodWorker.invokeTestMethods(TestMethodWorker.java:124)
	at org.testng.internal.TestMethodWorker.run(TestMethodWorker.java:108)
	at java.util.concurrent.ThreadPoolExecutor.runWorker(ThreadPoolExecutor.java:1149)
	at java.util.concurrent.ThreadPoolExecutor$Worker.run(ThreadPoolExecutor.java:624)
	at java.lang.Thread.run(Thread.java:748)
</pre></div></td>
<td>0</td>
<td>com.ca.tds.main.TDSFlowTest@532a02d9</td></tr>
<tr>
<td title='com.ca.tds.main.TDSFlowTest.brwPreAreq()'><b>brwPreAreq</b><br>Test class: com.ca.tds.main.TDSFlowTest</td>
<td><div><pre>java.lang.AssertionError: ARes response json schema validation failed.&lt;br&gt;expected minLength: 17, actual: 4&lt;br&gt; api response : {&quot;acsTransID&quot;:&quot;fe78fee8-5a30-4af7-b399-e41484ec00e8&quot;,&quot;dsName&quot;:&quot;mastercard&quot;,&quot;eci&quot;:&quot;07&quot;,&quot;callerTxnRefID&quot;:&quot;341b7153-da86-4543-860f-2ba47f0168a5&quot;,&quot;dsReferenceNumber&quot;:&quot;CADS&quot;,&quot;acsReferenceNumber&quot;:&quot;ABCDEF987654321&quot;,&quot;messageType&quot;:&quot;ARes&quot;,&quot;dsTransID&quot;:&quot;e479377e-2cb2-4e59-849d-dac3b1de3ab5&quot;,&quot;transStatusReason&quot;:&quot;09&quot;,&quot;acsOperatorID&quot;:&quot;ACS_OPERATOR_ID&quot;,&quot;messageVersion&quot;:&quot;2.1.0&quot;,&quot;transStatus&quot;:&quot;R&quot;,&quot;threeDSServerTransID&quot;:&quot;92d03634-b980-415a-af1c-368842987522&quot;}
	at com.ca.tds.main.TDSFlowTest.brwPreAreq(TDSFlowTest.java:176)
	at java.util.concurrent.ThreadPoolExecutor.runWorker(ThreadPoolExecutor.java:1149)
	at java.util.concurrent.ThreadPoolExecutor$Worker.run(ThreadPoolExecutor.java:624)
	at java.lang.Thread.run(Thread.java:748)
... Removed 10 stack frames</pre></div><a href='#' onClick='toggleBox("stack-trace761593744", this, "Click to show all stack frames", "Click to hide stack frames")'>Click to show all stack frames</a>
<div class='stack-trace' id='stack-trace761593744'><pre>java.lang.AssertionError: ARes response json schema validation failed.&lt;br&gt;expected minLength: 17, actual: 4&lt;br&gt; api response : {&quot;acsTransID&quot;:&quot;fe78fee8-5a30-4af7-b399-e41484ec00e8&quot;,&quot;dsName&quot;:&quot;mastercard&quot;,&quot;eci&quot;:&quot;07&quot;,&quot;callerTxnRefID&quot;:&quot;341b7153-da86-4543-860f-2ba47f0168a5&quot;,&quot;dsReferenceNumber&quot;:&quot;CADS&quot;,&quot;acsReferenceNumber&quot;:&quot;ABCDEF987654321&quot;,&quot;messageType&quot;:&quot;ARes&quot;,&quot;dsTransID&quot;:&quot;e479377e-2cb2-4e59-849d-dac3b1de3ab5&quot;,&quot;transStatusReason&quot;:&quot;09&quot;,&quot;acsOperatorID&quot;:&quot;ACS_OPERATOR_ID&quot;,&quot;messageVersion&quot;:&quot;2.1.0&quot;,&quot;transStatus&quot;:&quot;R&quot;,&quot;threeDSServerTransID&quot;:&quot;92d03634-b980-415a-af1c-368842987522&quot;}
	at org.testng.Assert.fail(Assert.java:94)
	at com.ca.tds.main.TDSFlowTest.brwPreAreq(TDSFlowTest.java:176)
	at sun.reflect.GeneratedMethodAccessor36.invoke(Unknown Source)
	at sun.reflect.DelegatingMethodAccessorImpl.invoke(DelegatingMethodAccessorImpl.java:43)
	at java.lang.reflect.Method.invoke(Method.java:498)
	at org.testng.internal.MethodInvocationHelper.invokeMethod(MethodInvocationHelper.java:85)
	at org.testng.internal.Invoker.invokeMethod(Invoker.java:639)
	at org.testng.internal.Invoker.invokeTestMethod(Invoker.java:821)
	at org.testng.internal.Invoker.invokeTestMethods(Invoker.java:1131)
	at org.testng.internal.TestMethodWorker.invokeTestMethods(TestMethodWorker.java:124)
	at org.testng.internal.TestMethodWorker.run(TestMethodWorker.java:108)
	at java.util.concurrent.ThreadPoolExecutor.runWorker(ThreadPoolExecutor.java:1149)
	at java.util.concurrent.ThreadPoolExecutor$Worker.run(ThreadPoolExecutor.java:624)
	at java.lang.Thread.run(Thread.java:748)
</pre></div></td>
<td>0</td>
<td>com.ca.tds.main.TDSFlowTest@6bab2585</td></tr>
<tr>
<td title='com.ca.tds.main.TDSFlowTest.brwPreAreq()'><b>brwPreAreq</b><br>Test class: com.ca.tds.main.TDSFlowTest</td>
<td><div><pre>java.lang.AssertionError: ARes response json schema validation failed.&lt;br&gt;expected minLength: 17, actual: 4&lt;br&gt; api response : {&quot;acsTransID&quot;:&quot;38575c3d-bfe4-40ab-a403-701e0000898c&quot;,&quot;dsName&quot;:&quot;mastercard&quot;,&quot;eci&quot;:&quot;07&quot;,&quot;callerTxnRefID&quot;:&quot;341b7153-da86-4543-860f-2ba47f0168a5&quot;,&quot;dsReferenceNumber&quot;:&quot;CADS&quot;,&quot;acsReferenceNumber&quot;:&quot;ABCDEF987654321&quot;,&quot;messageType&quot;:&quot;ARes&quot;,&quot;dsTransID&quot;:&quot;66ec96e2-de46-4eae-bf90-99b3d04cbd07&quot;,&quot;transStatusReason&quot;:&quot;09&quot;,&quot;acsOperatorID&quot;:&quot;ACS_OPERATOR_ID&quot;,&quot;messageVersion&quot;:&quot;2.1.0&quot;,&quot;transStatus&quot;:&quot;R&quot;,&quot;threeDSServerTransID&quot;:&quot;25585554-a33b-4f1e-b118-9c2a2f6eb6d4&quot;}
	at com.ca.tds.main.TDSFlowTest.brwPreAreq(TDSFlowTest.java:176)
	at java.util.concurrent.ThreadPoolExecutor.runWorker(ThreadPoolExecutor.java:1149)
	at java.util.concurrent.ThreadPoolExecutor$Worker.run(ThreadPoolExecutor.java:624)
	at java.lang.Thread.run(Thread.java:748)
... Removed 10 stack frames</pre></div><a href='#' onClick='toggleBox("stack-trace331479354", this, "Click to show all stack frames", "Click to hide stack frames")'>Click to show all stack frames</a>
<div class='stack-trace' id='stack-trace331479354'><pre>java.lang.AssertionError: ARes response json schema validation failed.&lt;br&gt;expected minLength: 17, actual: 4&lt;br&gt; api response : {&quot;acsTransID&quot;:&quot;38575c3d-bfe4-40ab-a403-701e0000898c&quot;,&quot;dsName&quot;:&quot;mastercard&quot;,&quot;eci&quot;:&quot;07&quot;,&quot;callerTxnRefID&quot;:&quot;341b7153-da86-4543-860f-2ba47f0168a5&quot;,&quot;dsReferenceNumber&quot;:&quot;CADS&quot;,&quot;acsReferenceNumber&quot;:&quot;ABCDEF987654321&quot;,&quot;messageType&quot;:&quot;ARes&quot;,&quot;dsTransID&quot;:&quot;66ec96e2-de46-4eae-bf90-99b3d04cbd07&quot;,&quot;transStatusReason&quot;:&quot;09&quot;,&quot;acsOperatorID&quot;:&quot;ACS_OPERATOR_ID&quot;,&quot;messageVersion&quot;:&quot;2.1.0&quot;,&quot;transStatus&quot;:&quot;R&quot;,&quot;threeDSServerTransID&quot;:&quot;25585554-a33b-4f1e-b118-9c2a2f6eb6d4&quot;}
	at org.testng.Assert.fail(Assert.java:94)
	at com.ca.tds.main.TDSFlowTest.brwPreAreq(TDSFlowTest.java:176)
	at sun.reflect.GeneratedMethodAccessor36.invoke(Unknown Source)
	at sun.reflect.DelegatingMethodAccessorImpl.invoke(DelegatingMethodAccessorImpl.java:43)
	at java.lang.reflect.Method.invoke(Method.java:498)
	at org.testng.internal.MethodInvocationHelper.invokeMethod(MethodInvocationHelper.java:85)
	at org.testng.internal.Invoker.invokeMethod(Invoker.java:639)
	at org.testng.internal.Invoker.invokeTestMethod(Invoker.java:821)
	at org.testng.internal.Invoker.invokeTestMethods(Invoker.java:1131)
	at org.testng.internal.TestMethodWorker.invokeTestMethods(TestMethodWorker.java:124)
	at org.testng.internal.TestMethodWorker.run(TestMethodWorker.java:108)
	at java.util.concurrent.ThreadPoolExecutor.runWorker(ThreadPoolExecutor.java:1149)
	at java.util.concurrent.ThreadPoolExecutor$Worker.run(ThreadPoolExecutor.java:624)
	at java.lang.Thread.run(Thread.java:748)
</pre></div></td>
<td>0</td>
<td>com.ca.tds.main.TDSFlowTest@a1217f9</td></tr>
<tr>
<td title='com.ca.tds.main.TDSFlowTest.brwPreAreq()'><b>brwPreAreq</b><br>Test class: com.ca.tds.main.TDSFlowTest</td>
<td><div><pre>java.lang.AssertionError: ARes response json schema validation failed.&lt;br&gt;expected minLength: 17, actual: 4&lt;br&gt; api response : {&quot;acsTransID&quot;:&quot;af96ada2-628b-487a-a716-1ee18b68c435&quot;,&quot;dsName&quot;:&quot;mastercard&quot;,&quot;eci&quot;:&quot;07&quot;,&quot;callerTxnRefID&quot;:&quot;341b7153-da86-4543-860f-2ba47f0168a5&quot;,&quot;dsReferenceNumber&quot;:&quot;CADS&quot;,&quot;acsReferenceNumber&quot;:&quot;ABCDEF987654321&quot;,&quot;messageType&quot;:&quot;ARes&quot;,&quot;dsTransID&quot;:&quot;a6b03ca2-07b8-498b-b5b8-fbd2872e0952&quot;,&quot;transStatusReason&quot;:&quot;09&quot;,&quot;acsOperatorID&quot;:&quot;ACS_OPERATOR_ID&quot;,&quot;messageVersion&quot;:&quot;2.1.0&quot;,&quot;transStatus&quot;:&quot;R&quot;,&quot;threeDSServerTransID&quot;:&quot;01817e10-255e-4fff-bf97-95fdd08754be&quot;}
	at com.ca.tds.main.TDSFlowTest.brwPreAreq(TDSFlowTest.java:176)
	at java.util.concurrent.ThreadPoolExecutor.runWorker(ThreadPoolExecutor.java:1149)
	at java.util.concurrent.ThreadPoolExecutor$Worker.run(ThreadPoolExecutor.java:624)
	at java.lang.Thread.run(Thread.java:748)
... Removed 10 stack frames</pre></div><a href='#' onClick='toggleBox("stack-trace563919213", this, "Click to show all stack frames", "Click to hide stack frames")'>Click to show all stack frames</a>
<div class='stack-trace' id='stack-trace563919213'><pre>java.lang.AssertionError: ARes response json schema validation failed.&lt;br&gt;expected minLength: 17, actual: 4&lt;br&gt; api response : {&quot;acsTransID&quot;:&quot;af96ada2-628b-487a-a716-1ee18b68c435&quot;,&quot;dsName&quot;:&quot;mastercard&quot;,&quot;eci&quot;:&quot;07&quot;,&quot;callerTxnRefID&quot;:&quot;341b7153-da86-4543-860f-2ba47f0168a5&quot;,&quot;dsReferenceNumber&quot;:&quot;CADS&quot;,&quot;acsReferenceNumber&quot;:&quot;ABCDEF987654321&quot;,&quot;messageType&quot;:&quot;ARes&quot;,&quot;dsTransID&quot;:&quot;a6b03ca2-07b8-498b-b5b8-fbd2872e0952&quot;,&quot;transStatusReason&quot;:&quot;09&quot;,&quot;acsOperatorID&quot;:&quot;ACS_OPERATOR_ID&quot;,&quot;messageVersion&quot;:&quot;2.1.0&quot;,&quot;transStatus&quot;:&quot;R&quot;,&quot;threeDSServerTransID&quot;:&quot;01817e10-255e-4fff-bf97-95fdd08754be&quot;}
	at org.testng.Assert.fail(Assert.java:94)
	at com.ca.tds.main.TDSFlowTest.brwPreAreq(TDSFlowTest.java:176)
	at sun.reflect.GeneratedMethodAccessor36.invoke(Unknown Source)
	at sun.reflect.DelegatingMethodAccessorImpl.invoke(DelegatingMethodAccessorImpl.java:43)
	at java.lang.reflect.Method.invoke(Method.java:498)
	at org.testng.internal.MethodInvocationHelper.invokeMethod(MethodInvocationHelper.java:85)
	at org.testng.internal.Invoker.invokeMethod(Invoker.java:639)
	at org.testng.internal.Invoker.invokeTestMethod(Invoker.java:821)
	at org.testng.internal.Invoker.invokeTestMethods(Invoker.java:1131)
	at org.testng.internal.TestMethodWorker.invokeTestMethods(TestMethodWorker.java:124)
	at org.testng.internal.TestMethodWorker.run(TestMethodWorker.java:108)
	at java.util.concurrent.ThreadPoolExecutor.runWorker(ThreadPoolExecutor.java:1149)
	at java.util.concurrent.ThreadPoolExecutor$Worker.run(ThreadPoolExecutor.java:624)
	at java.lang.Thread.run(Thread.java:748)
</pre></div></td>
<td>0</td>
<td>com.ca.tds.main.TDSFlowTest@7807ac2c</td></tr>
<tr>
<td title='com.ca.tds.main.TDSFlowTest.brwPreAreq()'><b>brwPreAreq</b><br>Test class: com.ca.tds.main.TDSFlowTest</td>
<td><div><pre>java.lang.AssertionError: ARes response json schema validation failed.&lt;br&gt;expected minLength: 17, actual: 4&lt;br&gt; api response : {&quot;acsTransID&quot;:&quot;774ea70e-184c-4c46-8fad-700e590e8423&quot;,&quot;dsName&quot;:&quot;mastercard&quot;,&quot;eci&quot;:&quot;07&quot;,&quot;callerTxnRefID&quot;:&quot;341b7153-da86-4543-860f-2ba47f0168a5&quot;,&quot;dsReferenceNumber&quot;:&quot;CADS&quot;,&quot;acsReferenceNumber&quot;:&quot;ABCDEF987654321&quot;,&quot;messageType&quot;:&quot;ARes&quot;,&quot;dsTransID&quot;:&quot;af9d9957-c65d-4836-8470-b85bca6dc0aa&quot;,&quot;transStatusReason&quot;:&quot;09&quot;,&quot;acsOperatorID&quot;:&quot;ACS_OPERATOR_ID&quot;,&quot;messageVersion&quot;:&quot;2.1.0&quot;,&quot;transStatus&quot;:&quot;R&quot;,&quot;threeDSServerTransID&quot;:&quot;d357ab15-0d67-4d7d-8901-712115008dd0&quot;}
	at com.ca.tds.main.TDSFlowTest.brwPreAreq(TDSFlowTest.java:176)
	at java.util.concurrent.ThreadPoolExecutor.runWorker(ThreadPoolExecutor.java:1149)
	at java.util.concurrent.ThreadPoolExecutor$Worker.run(ThreadPoolExecutor.java:624)
	at java.lang.Thread.run(Thread.java:748)
... Removed 10 stack frames</pre></div><a href='#' onClick='toggleBox("stack-trace549891365", this, "Click to show all stack frames", "Click to hide stack frames")'>Click to show all stack frames</a>
<div class='stack-trace' id='stack-trace549891365'><pre>java.lang.AssertionError: ARes response json schema validation failed.&lt;br&gt;expected minLength: 17, actual: 4&lt;br&gt; api response : {&quot;acsTransID&quot;:&quot;774ea70e-184c-4c46-8fad-700e590e8423&quot;,&quot;dsName&quot;:&quot;mastercard&quot;,&quot;eci&quot;:&quot;07&quot;,&quot;callerTxnRefID&quot;:&quot;341b7153-da86-4543-860f-2ba47f0168a5&quot;,&quot;dsReferenceNumber&quot;:&quot;CADS&quot;,&quot;acsReferenceNumber&quot;:&quot;ABCDEF987654321&quot;,&quot;messageType&quot;:&quot;ARes&quot;,&quot;dsTransID&quot;:&quot;af9d9957-c65d-4836-8470-b85bca6dc0aa&quot;,&quot;transStatusReason&quot;:&quot;09&quot;,&quot;acsOperatorID&quot;:&quot;ACS_OPERATOR_ID&quot;,&quot;messageVersion&quot;:&quot;2.1.0&quot;,&quot;transStatus&quot;:&quot;R&quot;,&quot;threeDSServerTransID&quot;:&quot;d357ab15-0d67-4d7d-8901-712115008dd0&quot;}
	at org.testng.Assert.fail(Assert.java:94)
	at com.ca.tds.main.TDSFlowTest.brwPreAreq(TDSFlowTest.java:176)
	at sun.reflect.GeneratedMethodAccessor36.invoke(Unknown Source)
	at sun.reflect.DelegatingMethodAccessorImpl.invoke(DelegatingMethodAccessorImpl.java:43)
	at java.lang.reflect.Method.invoke(Method.java:498)
	at org.testng.internal.MethodInvocationHelper.invokeMethod(MethodInvocationHelper.java:85)
	at org.testng.internal.Invoker.invokeMethod(Invoker.java:639)
	at org.testng.internal.Invoker.invokeTestMethod(Invoker.java:821)
	at org.testng.internal.Invoker.invokeTestMethods(Invoker.java:1131)
	at org.testng.internal.TestMethodWorker.invokeTestMethods(TestMethodWorker.java:124)
	at org.testng.internal.TestMethodWorker.run(TestMethodWorker.java:108)
	at java.util.concurrent.ThreadPoolExecutor.runWorker(ThreadPoolExecutor.java:1149)
	at java.util.concurrent.ThreadPoolExecutor$Worker.run(ThreadPoolExecutor.java:624)
	at java.lang.Thread.run(Thread.java:748)
</pre></div></td>
<td>0</td>
<td>com.ca.tds.main.TDSFlowTest@611f8234</td></tr>
<tr>
<td title='com.ca.tds.main.TDSFlowTest.brwPreAreq()'><b>brwPreAreq</b><br>Test class: com.ca.tds.main.TDSFlowTest</td>
<td><div><pre>java.lang.AssertionError: ARes response json schema validation failed.&lt;br&gt;expected minLength: 17, actual: 4&lt;br&gt; api response : {&quot;acsTransID&quot;:&quot;deef1455-570b-48c5-bf65-ea5573458b4a&quot;,&quot;dsName&quot;:&quot;mastercard&quot;,&quot;eci&quot;:&quot;07&quot;,&quot;callerTxnRefID&quot;:&quot;341b7153-da86-4543-860f-2ba47f0168a5&quot;,&quot;dsReferenceNumber&quot;:&quot;CADS&quot;,&quot;acsReferenceNumber&quot;:&quot;ABCDEF987654321&quot;,&quot;messageType&quot;:&quot;ARes&quot;,&quot;dsTransID&quot;:&quot;4390d835-03a1-4b03-8ddb-9491c46f5f43&quot;,&quot;transStatusReason&quot;:&quot;09&quot;,&quot;acsOperatorID&quot;:&quot;ACS_OPERATOR_ID&quot;,&quot;messageVersion&quot;:&quot;2.1.0&quot;,&quot;transStatus&quot;:&quot;R&quot;,&quot;threeDSServerTransID&quot;:&quot;b76321ab-a571-4cbd-8fe7-de77d8844937&quot;}
	at com.ca.tds.main.TDSFlowTest.brwPreAreq(TDSFlowTest.java:176)
	at java.util.concurrent.ThreadPoolExecutor.runWorker(ThreadPoolExecutor.java:1149)
	at java.util.concurrent.ThreadPoolExecutor$Worker.run(ThreadPoolExecutor.java:624)
	at java.lang.Thread.run(Thread.java:748)
... Removed 10 stack frames</pre></div><a href='#' onClick='toggleBox("stack-trace1392514769", this, "Click to show all stack frames", "Click to hide stack frames")'>Click to show all stack frames</a>
<div class='stack-trace' id='stack-trace1392514769'><pre>java.lang.AssertionError: ARes response json schema validation failed.&lt;br&gt;expected minLength: 17, actual: 4&lt;br&gt; api response : {&quot;acsTransID&quot;:&quot;deef1455-570b-48c5-bf65-ea5573458b4a&quot;,&quot;dsName&quot;:&quot;mastercard&quot;,&quot;eci&quot;:&quot;07&quot;,&quot;callerTxnRefID&quot;:&quot;341b7153-da86-4543-860f-2ba47f0168a5&quot;,&quot;dsReferenceNumber&quot;:&quot;CADS&quot;,&quot;acsReferenceNumber&quot;:&quot;ABCDEF987654321&quot;,&quot;messageType&quot;:&quot;ARes&quot;,&quot;dsTransID&quot;:&quot;4390d835-03a1-4b03-8ddb-9491c46f5f43&quot;,&quot;transStatusReason&quot;:&quot;09&quot;,&quot;acsOperatorID&quot;:&quot;ACS_OPERATOR_ID&quot;,&quot;messageVersion&quot;:&quot;2.1.0&quot;,&quot;transStatus&quot;:&quot;R&quot;,&quot;threeDSServerTransID&quot;:&quot;b76321ab-a571-4cbd-8fe7-de77d8844937&quot;}
	at org.testng.Assert.fail(Assert.java:94)
	at com.ca.tds.main.TDSFlowTest.brwPreAreq(TDSFlowTest.java:176)
	at sun.reflect.GeneratedMethodAccessor36.invoke(Unknown Source)
	at sun.reflect.DelegatingMethodAccessorImpl.invoke(DelegatingMethodAccessorImpl.java:43)
	at java.lang.reflect.Method.invoke(Method.java:498)
	at org.testng.internal.MethodInvocationHelper.invokeMethod(MethodInvocationHelper.java:85)
	at org.testng.internal.Invoker.invokeMethod(Invoker.java:639)
	at org.testng.internal.Invoker.invokeTestMethod(Invoker.java:821)
	at org.testng.internal.Invoker.invokeTestMethods(Invoker.java:1131)
	at org.testng.internal.TestMethodWorker.invokeTestMethods(TestMethodWorker.java:124)
	at org.testng.internal.TestMethodWorker.run(TestMethodWorker.java:108)
	at java.util.concurrent.ThreadPoolExecutor.runWorker(ThreadPoolExecutor.java:1149)
	at java.util.concurrent.ThreadPoolExecutor$Worker.run(ThreadPoolExecutor.java:624)
	at java.lang.Thread.run(Thread.java:748)
</pre></div></td>
<td>0</td>
<td>com.ca.tds.main.TDSFlowTest@460f76a6</td></tr>
<tr>
<td title='com.ca.tds.main.TDSFlowTest.brwPreAreq()'><b>brwPreAreq</b><br>Test class: com.ca.tds.main.TDSFlowTest</td>
<td><div><pre>java.lang.AssertionError: ARes response json schema validation failed.&lt;br&gt;expected minLength: 17, actual: 4&lt;br&gt; api response : {&quot;acsTransID&quot;:&quot;c2017cfa-fb83-466f-9478-fe30a223b91f&quot;,&quot;dsName&quot;:&quot;mastercard&quot;,&quot;eci&quot;:&quot;07&quot;,&quot;callerTxnRefID&quot;:&quot;341b7153-da86-4543-860f-2ba47f0168a5&quot;,&quot;dsReferenceNumber&quot;:&quot;CADS&quot;,&quot;acsReferenceNumber&quot;:&quot;ABCDEF987654321&quot;,&quot;messageType&quot;:&quot;ARes&quot;,&quot;dsTransID&quot;:&quot;86622e58-1821-4504-8cc3-887b6e288b0c&quot;,&quot;transStatusReason&quot;:&quot;09&quot;,&quot;acsOperatorID&quot;:&quot;ACS_OPERATOR_ID&quot;,&quot;messageVersion&quot;:&quot;2.1.0&quot;,&quot;transStatus&quot;:&quot;R&quot;,&quot;threeDSServerTransID&quot;:&quot;48e1f158-3f03-4422-a5f1-412bfbd560cd&quot;}
	at com.ca.tds.main.TDSFlowTest.brwPreAreq(TDSFlowTest.java:176)
	at java.util.concurrent.ThreadPoolExecutor.runWorker(ThreadPoolExecutor.java:1149)
	at java.util.concurrent.ThreadPoolExecutor$Worker.run(ThreadPoolExecutor.java:624)
	at java.lang.Thread.run(Thread.java:748)
... Removed 10 stack frames</pre></div><a href='#' onClick='toggleBox("stack-trace249252494", this, "Click to show all stack frames", "Click to hide stack frames")'>Click to show all stack frames</a>
<div class='stack-trace' id='stack-trace249252494'><pre>java.lang.AssertionError: ARes response json schema validation failed.&lt;br&gt;expected minLength: 17, actual: 4&lt;br&gt; api response : {&quot;acsTransID&quot;:&quot;c2017cfa-fb83-466f-9478-fe30a223b91f&quot;,&quot;dsName&quot;:&quot;mastercard&quot;,&quot;eci&quot;:&quot;07&quot;,&quot;callerTxnRefID&quot;:&quot;341b7153-da86-4543-860f-2ba47f0168a5&quot;,&quot;dsReferenceNumber&quot;:&quot;CADS&quot;,&quot;acsReferenceNumber&quot;:&quot;ABCDEF987654321&quot;,&quot;messageType&quot;:&quot;ARes&quot;,&quot;dsTransID&quot;:&quot;86622e58-1821-4504-8cc3-887b6e288b0c&quot;,&quot;transStatusReason&quot;:&quot;09&quot;,&quot;acsOperatorID&quot;:&quot;ACS_OPERATOR_ID&quot;,&quot;messageVersion&quot;:&quot;2.1.0&quot;,&quot;transStatus&quot;:&quot;R&quot;,&quot;threeDSServerTransID&quot;:&quot;48e1f158-3f03-4422-a5f1-412bfbd560cd&quot;}
	at org.testng.Assert.fail(Assert.java:94)
	at com.ca.tds.main.TDSFlowTest.brwPreAreq(TDSFlowTest.java:176)
	at sun.reflect.GeneratedMethodAccessor36.invoke(Unknown Source)
	at sun.reflect.DelegatingMethodAccessorImpl.invoke(DelegatingMethodAccessorImpl.java:43)
	at java.lang.reflect.Method.invoke(Method.java:498)
	at org.testng.internal.MethodInvocationHelper.invokeMethod(MethodInvocationHelper.java:85)
	at org.testng.internal.Invoker.invokeMethod(Invoker.java:639)
	at org.testng.internal.Invoker.invokeTestMethod(Invoker.java:821)
	at org.testng.internal.Invoker.invokeTestMethods(Invoker.java:1131)
	at org.testng.internal.TestMethodWorker.invokeTestMethods(TestMethodWorker.java:124)
	at org.testng.internal.TestMethodWorker.run(TestMethodWorker.java:108)
	at java.util.concurrent.ThreadPoolExecutor.runWorker(ThreadPoolExecutor.java:1149)
	at java.util.concurrent.ThreadPoolExecutor$Worker.run(ThreadPoolExecutor.java:624)
	at java.lang.Thread.run(Thread.java:748)
</pre></div></td>
<td>0</td>
<td>com.ca.tds.main.TDSFlowTest@11dee337</td></tr>
<tr>
<td title='com.ca.tds.main.TDSFlowTest.brwPreAreq()'><b>brwPreAreq</b><br>Test class: com.ca.tds.main.TDSFlowTest</td>
<td><div><pre>java.lang.AssertionError: ARes response json schema validation failed.&lt;br&gt;expected minLength: 17, actual: 4&lt;br&gt; api response : {&quot;acsTransID&quot;:&quot;35036e0d-b040-49c9-8e02-a69bdc4557c9&quot;,&quot;dsName&quot;:&quot;mastercard&quot;,&quot;eci&quot;:&quot;07&quot;,&quot;callerTxnRefID&quot;:&quot;341b7153-da86-4543-860f-2ba47f0168a5&quot;,&quot;dsReferenceNumber&quot;:&quot;CADS&quot;,&quot;acsReferenceNumber&quot;:&quot;ABCDEF987654321&quot;,&quot;messageType&quot;:&quot;ARes&quot;,&quot;dsTransID&quot;:&quot;8dd06317-790c-4623-8d8c-5ea802ce9a93&quot;,&quot;transStatusReason&quot;:&quot;09&quot;,&quot;acsOperatorID&quot;:&quot;ACS_OPERATOR_ID&quot;,&quot;messageVersion&quot;:&quot;2.1.0&quot;,&quot;transStatus&quot;:&quot;R&quot;,&quot;threeDSServerTransID&quot;:&quot;a1d3954d-bb45-492b-b9b1-9db5eee7d2ec&quot;}
	at com.ca.tds.main.TDSFlowTest.brwPreAreq(TDSFlowTest.java:176)
	at java.util.concurrent.ThreadPoolExecutor.runWorker(ThreadPoolExecutor.java:1149)
	at java.util.concurrent.ThreadPoolExecutor$Worker.run(ThreadPoolExecutor.java:624)
	at java.lang.Thread.run(Thread.java:748)
... Removed 10 stack frames</pre></div><a href='#' onClick='toggleBox("stack-trace1300458118", this, "Click to show all stack frames", "Click to hide stack frames")'>Click to show all stack frames</a>
<div class='stack-trace' id='stack-trace1300458118'><pre>java.lang.AssertionError: ARes response json schema validation failed.&lt;br&gt;expected minLength: 17, actual: 4&lt;br&gt; api response : {&quot;acsTransID&quot;:&quot;35036e0d-b040-49c9-8e02-a69bdc4557c9&quot;,&quot;dsName&quot;:&quot;mastercard&quot;,&quot;eci&quot;:&quot;07&quot;,&quot;callerTxnRefID&quot;:&quot;341b7153-da86-4543-860f-2ba47f0168a5&quot;,&quot;dsReferenceNumber&quot;:&quot;CADS&quot;,&quot;acsReferenceNumber&quot;:&quot;ABCDEF987654321&quot;,&quot;messageType&quot;:&quot;ARes&quot;,&quot;dsTransID&quot;:&quot;8dd06317-790c-4623-8d8c-5ea802ce9a93&quot;,&quot;transStatusReason&quot;:&quot;09&quot;,&quot;acsOperatorID&quot;:&quot;ACS_OPERATOR_ID&quot;,&quot;messageVersion&quot;:&quot;2.1.0&quot;,&quot;transStatus&quot;:&quot;R&quot;,&quot;threeDSServerTransID&quot;:&quot;a1d3954d-bb45-492b-b9b1-9db5eee7d2ec&quot;}
	at org.testng.Assert.fail(Assert.java:94)
	at com.ca.tds.main.TDSFlowTest.brwPreAreq(TDSFlowTest.java:176)
	at sun.reflect.GeneratedMethodAccessor36.invoke(Unknown Source)
	at sun.reflect.DelegatingMethodAccessorImpl.invoke(DelegatingMethodAccessorImpl.java:43)
	at java.lang.reflect.Method.invoke(Method.java:498)
	at org.testng.internal.MethodInvocationHelper.invokeMethod(MethodInvocationHelper.java:85)
	at org.testng.internal.Invoker.invokeMethod(Invoker.java:639)
	at org.testng.internal.Invoker.invokeTestMethod(Invoker.java:821)
	at org.testng.internal.Invoker.invokeTestMethods(Invoker.java:1131)
	at org.testng.internal.TestMethodWorker.invokeTestMethods(TestMethodWorker.java:124)
	at org.testng.internal.TestMethodWorker.run(TestMethodWorker.java:108)
	at java.util.concurrent.ThreadPoolExecutor.runWorker(ThreadPoolExecutor.java:1149)
	at java.util.concurrent.ThreadPoolExecutor$Worker.run(ThreadPoolExecutor.java:624)
	at java.lang.Thread.run(Thread.java:748)
</pre></div></td>
<td>0</td>
<td>com.ca.tds.main.TDSFlowTest@770d4269</td></tr>
<tr>
<td title='com.ca.tds.main.TDSFlowTest.brwPreAreq()'><b>brwPreAreq</b><br>Test class: com.ca.tds.main.TDSFlowTest</td>
<td><div><pre>java.lang.AssertionError: ARes response json schema validation failed.&lt;br&gt;expected minLength: 17, actual: 4&lt;br&gt; api response : {&quot;acsTransID&quot;:&quot;5ae52318-0258-4f40-b57a-2a4364b3f4b1&quot;,&quot;dsName&quot;:&quot;mastercard&quot;,&quot;eci&quot;:&quot;07&quot;,&quot;callerTxnRefID&quot;:&quot;341b7153-da86-4543-860f-2ba47f0168a5&quot;,&quot;dsReferenceNumber&quot;:&quot;CADS&quot;,&quot;acsReferenceNumber&quot;:&quot;ABCDEF987654321&quot;,&quot;messageType&quot;:&quot;ARes&quot;,&quot;dsTransID&quot;:&quot;a5077a27-8b41-4500-ac55-eec67ab36644&quot;,&quot;transStatusReason&quot;:&quot;09&quot;,&quot;acsOperatorID&quot;:&quot;ACS_OPERATOR_ID&quot;,&quot;messageVersion&quot;:&quot;2.1.0&quot;,&quot;transStatus&quot;:&quot;R&quot;,&quot;threeDSServerTransID&quot;:&quot;c2575d58-b462-4d2f-adac-a87c2642ba15&quot;}
	at com.ca.tds.main.TDSFlowTest.brwPreAreq(TDSFlowTest.java:176)
	at java.util.concurrent.ThreadPoolExecutor.runWorker(ThreadPoolExecutor.java:1149)
	at java.util.concurrent.ThreadPoolExecutor$Worker.run(ThreadPoolExecutor.java:624)
	at java.lang.Thread.run(Thread.java:748)
... Removed 10 stack frames</pre></div><a href='#' onClick='toggleBox("stack-trace1949858196", this, "Click to show all stack frames", "Click to hide stack frames")'>Click to show all stack frames</a>
<div class='stack-trace' id='stack-trace1949858196'><pre>java.lang.AssertionError: ARes response json schema validation failed.&lt;br&gt;expected minLength: 17, actual: 4&lt;br&gt; api response : {&quot;acsTransID&quot;:&quot;5ae52318-0258-4f40-b57a-2a4364b3f4b1&quot;,&quot;dsName&quot;:&quot;mastercard&quot;,&quot;eci&quot;:&quot;07&quot;,&quot;callerTxnRefID&quot;:&quot;341b7153-da86-4543-860f-2ba47f0168a5&quot;,&quot;dsReferenceNumber&quot;:&quot;CADS&quot;,&quot;acsReferenceNumber&quot;:&quot;ABCDEF987654321&quot;,&quot;messageType&quot;:&quot;ARes&quot;,&quot;dsTransID&quot;:&quot;a5077a27-8b41-4500-ac55-eec67ab36644&quot;,&quot;transStatusReason&quot;:&quot;09&quot;,&quot;acsOperatorID&quot;:&quot;ACS_OPERATOR_ID&quot;,&quot;messageVersion&quot;:&quot;2.1.0&quot;,&quot;transStatus&quot;:&quot;R&quot;,&quot;threeDSServerTransID&quot;:&quot;c2575d58-b462-4d2f-adac-a87c2642ba15&quot;}
	at org.testng.Assert.fail(Assert.java:94)
	at com.ca.tds.main.TDSFlowTest.brwPreAreq(TDSFlowTest.java:176)
	at sun.reflect.GeneratedMethodAccessor36.invoke(Unknown Source)
	at sun.reflect.DelegatingMethodAccessorImpl.invoke(DelegatingMethodAccessorImpl.java:43)
	at java.lang.reflect.Method.invoke(Method.java:498)
	at org.testng.internal.MethodInvocationHelper.invokeMethod(MethodInvocationHelper.java:85)
	at org.testng.internal.Invoker.invokeMethod(Invoker.java:639)
	at org.testng.internal.Invoker.invokeTestMethod(Invoker.java:821)
	at org.testng.internal.Invoker.invokeTestMethods(Invoker.java:1131)
	at org.testng.internal.TestMethodWorker.invokeTestMethods(TestMethodWorker.java:124)
	at org.testng.internal.TestMethodWorker.run(TestMethodWorker.java:108)
	at java.util.concurrent.ThreadPoolExecutor.runWorker(ThreadPoolExecutor.java:1149)
	at java.util.concurrent.ThreadPoolExecutor$Worker.run(ThreadPoolExecutor.java:624)
	at java.lang.Thread.run(Thread.java:748)
</pre></div></td>
<td>0</td>
<td>com.ca.tds.main.TDSFlowTest@29cfd92b</td></tr>
<tr>
<td title='com.ca.tds.main.TDSFlowTest.brwPreAreq()'><b>brwPreAreq</b><br>Test class: com.ca.tds.main.TDSFlowTest</td>
<td><div><pre>java.lang.AssertionError: ARes response json schema validation failed.&lt;br&gt;expected minLength: 17, actual: 4&lt;br&gt; api response : {&quot;acsTransID&quot;:&quot;6304403c-b79d-482b-828e-a833c758d0da&quot;,&quot;dsName&quot;:&quot;mastercard&quot;,&quot;eci&quot;:&quot;07&quot;,&quot;callerTxnRefID&quot;:&quot;341b7153-da86-4543-860f-2ba47f0168a5&quot;,&quot;dsReferenceNumber&quot;:&quot;CADS&quot;,&quot;acsReferenceNumber&quot;:&quot;ABCDEF987654321&quot;,&quot;messageType&quot;:&quot;ARes&quot;,&quot;dsTransID&quot;:&quot;d8d594ad-c5ea-4986-bfdc-16dbce36dfa8&quot;,&quot;transStatusReason&quot;:&quot;09&quot;,&quot;acsOperatorID&quot;:&quot;ACS_OPERATOR_ID&quot;,&quot;messageVersion&quot;:&quot;2.1.0&quot;,&quot;transStatus&quot;:&quot;R&quot;,&quot;threeDSServerTransID&quot;:&quot;98a1d772-90d2-4462-ae90-80238dca352d&quot;}
	at com.ca.tds.main.TDSFlowTest.brwPreAreq(TDSFlowTest.java:176)
	at java.util.concurrent.ThreadPoolExecutor.runWorker(ThreadPoolExecutor.java:1149)
	at java.util.concurrent.ThreadPoolExecutor$Worker.run(ThreadPoolExecutor.java:624)
	at java.lang.Thread.run(Thread.java:748)
... Removed 10 stack frames</pre></div><a href='#' onClick='toggleBox("stack-trace1213344907", this, "Click to show all stack frames", "Click to hide stack frames")'>Click to show all stack frames</a>
<div class='stack-trace' id='stack-trace1213344907'><pre>java.lang.AssertionError: ARes response json schema validation failed.&lt;br&gt;expected minLength: 17, actual: 4&lt;br&gt; api response : {&quot;acsTransID&quot;:&quot;6304403c-b79d-482b-828e-a833c758d0da&quot;,&quot;dsName&quot;:&quot;mastercard&quot;,&quot;eci&quot;:&quot;07&quot;,&quot;callerTxnRefID&quot;:&quot;341b7153-da86-4543-860f-2ba47f0168a5&quot;,&quot;dsReferenceNumber&quot;:&quot;CADS&quot;,&quot;acsReferenceNumber&quot;:&quot;ABCDEF987654321&quot;,&quot;messageType&quot;:&quot;ARes&quot;,&quot;dsTransID&quot;:&quot;d8d594ad-c5ea-4986-bfdc-16dbce36dfa8&quot;,&quot;transStatusReason&quot;:&quot;09&quot;,&quot;acsOperatorID&quot;:&quot;ACS_OPERATOR_ID&quot;,&quot;messageVersion&quot;:&quot;2.1.0&quot;,&quot;transStatus&quot;:&quot;R&quot;,&quot;threeDSServerTransID&quot;:&quot;98a1d772-90d2-4462-ae90-80238dca352d&quot;}
	at org.testng.Assert.fail(Assert.java:94)
	at com.ca.tds.main.TDSFlowTest.brwPreAreq(TDSFlowTest.java:176)
	at sun.reflect.GeneratedMethodAccessor36.invoke(Unknown Source)
	at sun.reflect.DelegatingMethodAccessorImpl.invoke(DelegatingMethodAccessorImpl.java:43)
	at java.lang.reflect.Method.invoke(Method.java:498)
	at org.testng.internal.MethodInvocationHelper.invokeMethod(MethodInvocationHelper.java:85)
	at org.testng.internal.Invoker.invokeMethod(Invoker.java:639)
	at org.testng.internal.Invoker.invokeTestMethod(Invoker.java:821)
	at org.testng.internal.Invoker.invokeTestMethods(Invoker.java:1131)
	at org.testng.internal.TestMethodWorker.invokeTestMethods(TestMethodWorker.java:124)
	at org.testng.internal.TestMethodWorker.run(TestMethodWorker.java:108)
	at java.util.concurrent.ThreadPoolExecutor.runWorker(ThreadPoolExecutor.java:1149)
	at java.util.concurrent.ThreadPoolExecutor$Worker.run(ThreadPoolExecutor.java:624)
	at java.lang.Thread.run(Thread.java:748)
</pre></div></td>
<td>0</td>
<td>com.ca.tds.main.TDSFlowTest@21c64522</td></tr>
<tr>
<td title='com.ca.tds.main.TDSFlowTest.brwPreAreq()'><b>brwPreAreq</b><br>Test class: com.ca.tds.main.TDSFlowTest</td>
<td><div><pre>java.lang.AssertionError: ARes response json schema validation failed.&lt;br&gt;expected minLength: 17, actual: 4&lt;br&gt; api response : {&quot;acsTransID&quot;:&quot;23806a06-a1d7-41ad-819a-8db79d8e9b61&quot;,&quot;dsName&quot;:&quot;mastercard&quot;,&quot;eci&quot;:&quot;07&quot;,&quot;callerTxnRefID&quot;:&quot;341b7153-da86-4543-860f-2ba47f0168a5&quot;,&quot;dsReferenceNumber&quot;:&quot;CADS&quot;,&quot;acsReferenceNumber&quot;:&quot;ABCDEF987654321&quot;,&quot;messageType&quot;:&quot;ARes&quot;,&quot;dsTransID&quot;:&quot;d93880d5-a308-4ff1-8b7b-6bd5a6fadacb&quot;,&quot;transStatusReason&quot;:&quot;09&quot;,&quot;acsOperatorID&quot;:&quot;ACS_OPERATOR_ID&quot;,&quot;messageVersion&quot;:&quot;2.1.0&quot;,&quot;transStatus&quot;:&quot;R&quot;,&quot;threeDSServerTransID&quot;:&quot;b051a9cf-4cfb-45a9-b7d0-f57f837888a8&quot;}
	at com.ca.tds.main.TDSFlowTest.brwPreAreq(TDSFlowTest.java:176)
	at java.util.concurrent.ThreadPoolExecutor.runWorker(ThreadPoolExecutor.java:1149)
	at java.util.concurrent.ThreadPoolExecutor$Worker.run(ThreadPoolExecutor.java:624)
	at java.lang.Thread.run(Thread.java:748)
... Removed 10 stack frames</pre></div><a href='#' onClick='toggleBox("stack-trace656858920", this, "Click to show all stack frames", "Click to hide stack frames")'>Click to show all stack frames</a>
<div class='stack-trace' id='stack-trace656858920'><pre>java.lang.AssertionError: ARes response json schema validation failed.&lt;br&gt;expected minLength: 17, actual: 4&lt;br&gt; api response : {&quot;acsTransID&quot;:&quot;23806a06-a1d7-41ad-819a-8db79d8e9b61&quot;,&quot;dsName&quot;:&quot;mastercard&quot;,&quot;eci&quot;:&quot;07&quot;,&quot;callerTxnRefID&quot;:&quot;341b7153-da86-4543-860f-2ba47f0168a5&quot;,&quot;dsReferenceNumber&quot;:&quot;CADS&quot;,&quot;acsReferenceNumber&quot;:&quot;ABCDEF987654321&quot;,&quot;messageType&quot;:&quot;ARes&quot;,&quot;dsTransID&quot;:&quot;d93880d5-a308-4ff1-8b7b-6bd5a6fadacb&quot;,&quot;transStatusReason&quot;:&quot;09&quot;,&quot;acsOperatorID&quot;:&quot;ACS_OPERATOR_ID&quot;,&quot;messageVersion&quot;:&quot;2.1.0&quot;,&quot;transStatus&quot;:&quot;R&quot;,&quot;threeDSServerTransID&quot;:&quot;b051a9cf-4cfb-45a9-b7d0-f57f837888a8&quot;}
	at org.testng.Assert.fail(Assert.java:94)
	at com.ca.tds.main.TDSFlowTest.brwPreAreq(TDSFlowTest.java:176)
	at sun.reflect.GeneratedMethodAccessor36.invoke(Unknown Source)
	at sun.reflect.DelegatingMethodAccessorImpl.invoke(DelegatingMethodAccessorImpl.java:43)
	at java.lang.reflect.Method.invoke(Method.java:498)
	at org.testng.internal.MethodInvocationHelper.invokeMethod(MethodInvocationHelper.java:85)
	at org.testng.internal.Invoker.invokeMethod(Invoker.java:639)
	at org.testng.internal.Invoker.invokeTestMethod(Invoker.java:821)
	at org.testng.internal.Invoker.invokeTestMethods(Invoker.java:1131)
	at org.testng.internal.TestMethodWorker.invokeTestMethods(TestMethodWorker.java:124)
	at org.testng.internal.TestMethodWorker.run(TestMethodWorker.java:108)
	at java.util.concurrent.ThreadPoolExecutor.runWorker(ThreadPoolExecutor.java:1149)
	at java.util.concurrent.ThreadPoolExecutor$Worker.run(ThreadPoolExecutor.java:624)
	at java.lang.Thread.run(Thread.java:748)
</pre></div></td>
<td>0</td>
<td>com.ca.tds.main.TDSFlowTest@55f3c410</td></tr>
<tr>
<td title='com.ca.tds.main.TDSFlowTest.brwPreAreq()'><b>brwPreAreq</b><br>Test class: com.ca.tds.main.TDSFlowTest</td>
<td><div><pre>java.lang.AssertionError: ARes response json schema validation failed.&lt;br&gt;expected minLength: 17, actual: 4&lt;br&gt; api response : {&quot;acsTransID&quot;:&quot;4ec9d226-2076-42a7-891a-8db360251a24&quot;,&quot;dsName&quot;:&quot;mastercard&quot;,&quot;eci&quot;:&quot;07&quot;,&quot;callerTxnRefID&quot;:&quot;341b7153-da86-4543-860f-2ba47f0168a5&quot;,&quot;dsReferenceNumber&quot;:&quot;CADS&quot;,&quot;acsReferenceNumber&quot;:&quot;ABCDEF987654321&quot;,&quot;messageType&quot;:&quot;ARes&quot;,&quot;dsTransID&quot;:&quot;10ad4426-0a4c-4bb1-9b73-775e21c75b70&quot;,&quot;transStatusReason&quot;:&quot;09&quot;,&quot;acsOperatorID&quot;:&quot;ACS_OPERATOR_ID&quot;,&quot;messageVersion&quot;:&quot;2.1.0&quot;,&quot;transStatus&quot;:&quot;R&quot;,&quot;threeDSServerTransID&quot;:&quot;f858c9c7-a928-4fa3-b132-de3890924523&quot;}
	at com.ca.tds.main.TDSFlowTest.brwPreAreq(TDSFlowTest.java:176)
	at java.util.concurrent.ThreadPoolExecutor.runWorker(ThreadPoolExecutor.java:1149)
	at java.util.concurrent.ThreadPoolExecutor$Worker.run(ThreadPoolExecutor.java:624)
	at java.lang.Thread.run(Thread.java:748)
... Removed 10 stack frames</pre></div><a href='#' onClick='toggleBox("stack-trace1481153121", this, "Click to show all stack frames", "Click to hide stack frames")'>Click to show all stack frames</a>
<div class='stack-trace' id='stack-trace1481153121'><pre>java.lang.AssertionError: ARes response json schema validation failed.&lt;br&gt;expected minLength: 17, actual: 4&lt;br&gt; api response : {&quot;acsTransID&quot;:&quot;4ec9d226-2076-42a7-891a-8db360251a24&quot;,&quot;dsName&quot;:&quot;mastercard&quot;,&quot;eci&quot;:&quot;07&quot;,&quot;callerTxnRefID&quot;:&quot;341b7153-da86-4543-860f-2ba47f0168a5&quot;,&quot;dsReferenceNumber&quot;:&quot;CADS&quot;,&quot;acsReferenceNumber&quot;:&quot;ABCDEF987654321&quot;,&quot;messageType&quot;:&quot;ARes&quot;,&quot;dsTransID&quot;:&quot;10ad4426-0a4c-4bb1-9b73-775e21c75b70&quot;,&quot;transStatusReason&quot;:&quot;09&quot;,&quot;acsOperatorID&quot;:&quot;ACS_OPERATOR_ID&quot;,&quot;messageVersion&quot;:&quot;2.1.0&quot;,&quot;transStatus&quot;:&quot;R&quot;,&quot;threeDSServerTransID&quot;:&quot;f858c9c7-a928-4fa3-b132-de3890924523&quot;}
	at org.testng.Assert.fail(Assert.java:94)
	at com.ca.tds.main.TDSFlowTest.brwPreAreq(TDSFlowTest.java:176)
	at sun.reflect.GeneratedMethodAccessor36.invoke(Unknown Source)
	at sun.reflect.DelegatingMethodAccessorImpl.invoke(DelegatingMethodAccessorImpl.java:43)
	at java.lang.reflect.Method.invoke(Method.java:498)
	at org.testng.internal.MethodInvocationHelper.invokeMethod(MethodInvocationHelper.java:85)
	at org.testng.internal.Invoker.invokeMethod(Invoker.java:639)
	at org.testng.internal.Invoker.invokeTestMethod(Invoker.java:821)
	at org.testng.internal.Invoker.invokeTestMethods(Invoker.java:1131)
	at org.testng.internal.TestMethodWorker.invokeTestMethods(TestMethodWorker.java:124)
	at org.testng.internal.TestMethodWorker.run(TestMethodWorker.java:108)
	at java.util.concurrent.ThreadPoolExecutor.runWorker(ThreadPoolExecutor.java:1149)
	at java.util.concurrent.ThreadPoolExecutor$Worker.run(ThreadPoolExecutor.java:624)
	at java.lang.Thread.run(Thread.java:748)
</pre></div></td>
<td>0</td>
<td>com.ca.tds.main.TDSFlowTest@4a067c25</td></tr>
<tr>
<td title='com.ca.tds.main.TDSFlowTest.brwPreAreq()'><b>brwPreAreq</b><br>Test class: com.ca.tds.main.TDSFlowTest</td>
<td><div><pre>java.lang.AssertionError: ARes response json schema validation failed.&lt;br&gt;expected minLength: 17, actual: 4&lt;br&gt; api response : {&quot;acsTransID&quot;:&quot;e36c0b53-7e34-423a-98c6-1dc265c0ff64&quot;,&quot;dsName&quot;:&quot;mastercard&quot;,&quot;eci&quot;:&quot;07&quot;,&quot;callerTxnRefID&quot;:&quot;341b7153-da86-4543-860f-2ba47f0168a5&quot;,&quot;dsReferenceNumber&quot;:&quot;CADS&quot;,&quot;acsReferenceNumber&quot;:&quot;ABCDEF987654321&quot;,&quot;messageType&quot;:&quot;ARes&quot;,&quot;dsTransID&quot;:&quot;8b4b1fe7-fd90-4ce0-82ca-7fb8b4a6a33d&quot;,&quot;transStatusReason&quot;:&quot;09&quot;,&quot;acsOperatorID&quot;:&quot;ACS_OPERATOR_ID&quot;,&quot;messageVersion&quot;:&quot;2.1.0&quot;,&quot;transStatus&quot;:&quot;R&quot;,&quot;threeDSServerTransID&quot;:&quot;754025a1-7699-4cbe-99ad-6fa8c5ec29ae&quot;}
	at com.ca.tds.main.TDSFlowTest.brwPreAreq(TDSFlowTest.java:176)
	at java.util.concurrent.ThreadPoolExecutor.runWorker(ThreadPoolExecutor.java:1149)
	at java.util.concurrent.ThreadPoolExecutor$Worker.run(ThreadPoolExecutor.java:624)
	at java.lang.Thread.run(Thread.java:748)
... Removed 10 stack frames</pre></div><a href='#' onClick='toggleBox("stack-trace805499984", this, "Click to show all stack frames", "Click to hide stack frames")'>Click to show all stack frames</a>
<div class='stack-trace' id='stack-trace805499984'><pre>java.lang.AssertionError: ARes response json schema validation failed.&lt;br&gt;expected minLength: 17, actual: 4&lt;br&gt; api response : {&quot;acsTransID&quot;:&quot;e36c0b53-7e34-423a-98c6-1dc265c0ff64&quot;,&quot;dsName&quot;:&quot;mastercard&quot;,&quot;eci&quot;:&quot;07&quot;,&quot;callerTxnRefID&quot;:&quot;341b7153-da86-4543-860f-2ba47f0168a5&quot;,&quot;dsReferenceNumber&quot;:&quot;CADS&quot;,&quot;acsReferenceNumber&quot;:&quot;ABCDEF987654321&quot;,&quot;messageType&quot;:&quot;ARes&quot;,&quot;dsTransID&quot;:&quot;8b4b1fe7-fd90-4ce0-82ca-7fb8b4a6a33d&quot;,&quot;transStatusReason&quot;:&quot;09&quot;,&quot;acsOperatorID&quot;:&quot;ACS_OPERATOR_ID&quot;,&quot;messageVersion&quot;:&quot;2.1.0&quot;,&quot;transStatus&quot;:&quot;R&quot;,&quot;threeDSServerTransID&quot;:&quot;754025a1-7699-4cbe-99ad-6fa8c5ec29ae&quot;}
	at org.testng.Assert.fail(Assert.java:94)
	at com.ca.tds.main.TDSFlowTest.brwPreAreq(TDSFlowTest.java:176)
	at sun.reflect.GeneratedMethodAccessor36.invoke(Unknown Source)
	at sun.reflect.DelegatingMethodAccessorImpl.invoke(DelegatingMethodAccessorImpl.java:43)
	at java.lang.reflect.Method.invoke(Method.java:498)
	at org.testng.internal.MethodInvocationHelper.invokeMethod(MethodInvocationHelper.java:85)
	at org.testng.internal.Invoker.invokeMethod(Invoker.java:639)
	at org.testng.internal.Invoker.invokeTestMethod(Invoker.java:821)
	at org.testng.internal.Invoker.invokeTestMethods(Invoker.java:1131)
	at org.testng.internal.TestMethodWorker.invokeTestMethods(TestMethodWorker.java:124)
	at org.testng.internal.TestMethodWorker.run(TestMethodWorker.java:108)
	at java.util.concurrent.ThreadPoolExecutor.runWorker(ThreadPoolExecutor.java:1149)
	at java.util.concurrent.ThreadPoolExecutor$Worker.run(ThreadPoolExecutor.java:624)
	at java.lang.Thread.run(Thread.java:748)
</pre></div></td>
<td>0</td>
<td>com.ca.tds.main.TDSFlowTest@4a8ab068</td></tr>
<tr>
<td title='com.ca.tds.main.TDSFlowTest.brwPreAreq()'><b>brwPreAreq</b><br>Test class: com.ca.tds.main.TDSFlowTest</td>
<td><div><pre>java.lang.AssertionError: ARes response json schema validation failed.&lt;br&gt;expected minLength: 17, actual: 4&lt;br&gt; api response : {&quot;acsTransID&quot;:&quot;681c7e79-af58-4013-93ed-ab95eeeb6ae9&quot;,&quot;dsName&quot;:&quot;mastercard&quot;,&quot;eci&quot;:&quot;07&quot;,&quot;callerTxnRefID&quot;:&quot;341b7153-da86-4543-860f-2ba47f0168a5&quot;,&quot;dsReferenceNumber&quot;:&quot;CADS&quot;,&quot;acsReferenceNumber&quot;:&quot;ABCDEF987654321&quot;,&quot;messageType&quot;:&quot;ARes&quot;,&quot;dsTransID&quot;:&quot;959693ca-1865-4c14-ac6c-38ba4b6acb00&quot;,&quot;transStatusReason&quot;:&quot;09&quot;,&quot;acsOperatorID&quot;:&quot;ACS_OPERATOR_ID&quot;,&quot;messageVersion&quot;:&quot;2.1.0&quot;,&quot;transStatus&quot;:&quot;R&quot;,&quot;threeDSServerTransID&quot;:&quot;4b3f5374-64aa-47fc-8e3e-aed35d37d5af&quot;}
	at com.ca.tds.main.TDSFlowTest.brwPreAreq(TDSFlowTest.java:176)
	at java.util.concurrent.ThreadPoolExecutor.runWorker(ThreadPoolExecutor.java:1149)
	at java.util.concurrent.ThreadPoolExecutor$Worker.run(ThreadPoolExecutor.java:624)
	at java.lang.Thread.run(Thread.java:748)
... Removed 10 stack frames</pre></div><a href='#' onClick='toggleBox("stack-trace1419194286", this, "Click to show all stack frames", "Click to hide stack frames")'>Click to show all stack frames</a>
<div class='stack-trace' id='stack-trace1419194286'><pre>java.lang.AssertionError: ARes response json schema validation failed.&lt;br&gt;expected minLength: 17, actual: 4&lt;br&gt; api response : {&quot;acsTransID&quot;:&quot;681c7e79-af58-4013-93ed-ab95eeeb6ae9&quot;,&quot;dsName&quot;:&quot;mastercard&quot;,&quot;eci&quot;:&quot;07&quot;,&quot;callerTxnRefID&quot;:&quot;341b7153-da86-4543-860f-2ba47f0168a5&quot;,&quot;dsReferenceNumber&quot;:&quot;CADS&quot;,&quot;acsReferenceNumber&quot;:&quot;ABCDEF987654321&quot;,&quot;messageType&quot;:&quot;ARes&quot;,&quot;dsTransID&quot;:&quot;959693ca-1865-4c14-ac6c-38ba4b6acb00&quot;,&quot;transStatusReason&quot;:&quot;09&quot;,&quot;acsOperatorID&quot;:&quot;ACS_OPERATOR_ID&quot;,&quot;messageVersion&quot;:&quot;2.1.0&quot;,&quot;transStatus&quot;:&quot;R&quot;,&quot;threeDSServerTransID&quot;:&quot;4b3f5374-64aa-47fc-8e3e-aed35d37d5af&quot;}
	at org.testng.Assert.fail(Assert.java:94)
	at com.ca.tds.main.TDSFlowTest.brwPreAreq(TDSFlowTest.java:176)
	at sun.reflect.GeneratedMethodAccessor36.invoke(Unknown Source)
	at sun.reflect.DelegatingMethodAccessorImpl.invoke(DelegatingMethodAccessorImpl.java:43)
	at java.lang.reflect.Method.invoke(Method.java:498)
	at org.testng.internal.MethodInvocationHelper.invokeMethod(MethodInvocationHelper.java:85)
	at org.testng.internal.Invoker.invokeMethod(Invoker.java:639)
	at org.testng.internal.Invoker.invokeTestMethod(Invoker.java:821)
	at org.testng.internal.Invoker.invokeTestMethods(Invoker.java:1131)
	at org.testng.internal.TestMethodWorker.invokeTestMethods(TestMethodWorker.java:124)
	at org.testng.internal.TestMethodWorker.run(TestMethodWorker.java:108)
	at java.util.concurrent.ThreadPoolExecutor.runWorker(ThreadPoolExecutor.java:1149)
	at java.util.concurrent.ThreadPoolExecutor$Worker.run(ThreadPoolExecutor.java:624)
	at java.lang.Thread.run(Thread.java:748)
</pre></div></td>
<td>0</td>
<td>com.ca.tds.main.TDSFlowTest@3bde62ff</td></tr>
<tr>
<td title='com.ca.tds.main.TDSFlowTest.brwPreAreq()'><b>brwPreAreq</b><br>Test class: com.ca.tds.main.TDSFlowTest</td>
<td><div><pre>java.lang.AssertionError: ARes response json schema validation failed.&lt;br&gt;expected minLength: 17, actual: 4&lt;br&gt; api response : {&quot;acsTransID&quot;:&quot;7d8bbde0-32d4-435a-a77e-b7749842159b&quot;,&quot;dsName&quot;:&quot;mastercard&quot;,&quot;eci&quot;:&quot;07&quot;,&quot;callerTxnRefID&quot;:&quot;341b7153-da86-4543-860f-2ba47f0168a5&quot;,&quot;dsReferenceNumber&quot;:&quot;CADS&quot;,&quot;acsReferenceNumber&quot;:&quot;ABCDEF987654321&quot;,&quot;messageType&quot;:&quot;ARes&quot;,&quot;dsTransID&quot;:&quot;b6b96bc8-4cec-426d-a45c-3fab0fafd7ab&quot;,&quot;transStatusReason&quot;:&quot;09&quot;,&quot;acsOperatorID&quot;:&quot;ACS_OPERATOR_ID&quot;,&quot;messageVersion&quot;:&quot;2.1.0&quot;,&quot;transStatus&quot;:&quot;R&quot;,&quot;threeDSServerTransID&quot;:&quot;3cec0ae3-d4e7-4743-9dae-298efd28f4ca&quot;}
	at com.ca.tds.main.TDSFlowTest.brwPreAreq(TDSFlowTest.java:176)
	at java.util.concurrent.ThreadPoolExecutor.runWorker(ThreadPoolExecutor.java:1149)
	at java.util.concurrent.ThreadPoolExecutor$Worker.run(ThreadPoolExecutor.java:624)
	at java.lang.Thread.run(Thread.java:748)
... Removed 10 stack frames</pre></div><a href='#' onClick='toggleBox("stack-trace1137941032", this, "Click to show all stack frames", "Click to hide stack frames")'>Click to show all stack frames</a>
<div class='stack-trace' id='stack-trace1137941032'><pre>java.lang.AssertionError: ARes response json schema validation failed.&lt;br&gt;expected minLength: 17, actual: 4&lt;br&gt; api response : {&quot;acsTransID&quot;:&quot;7d8bbde0-32d4-435a-a77e-b7749842159b&quot;,&quot;dsName&quot;:&quot;mastercard&quot;,&quot;eci&quot;:&quot;07&quot;,&quot;callerTxnRefID&quot;:&quot;341b7153-da86-4543-860f-2ba47f0168a5&quot;,&quot;dsReferenceNumber&quot;:&quot;CADS&quot;,&quot;acsReferenceNumber&quot;:&quot;ABCDEF987654321&quot;,&quot;messageType&quot;:&quot;ARes&quot;,&quot;dsTransID&quot;:&quot;b6b96bc8-4cec-426d-a45c-3fab0fafd7ab&quot;,&quot;transStatusReason&quot;:&quot;09&quot;,&quot;acsOperatorID&quot;:&quot;ACS_OPERATOR_ID&quot;,&quot;messageVersion&quot;:&quot;2.1.0&quot;,&quot;transStatus&quot;:&quot;R&quot;,&quot;threeDSServerTransID&quot;:&quot;3cec0ae3-d4e7-4743-9dae-298efd28f4ca&quot;}
	at org.testng.Assert.fail(Assert.java:94)
	at com.ca.tds.main.TDSFlowTest.brwPreAreq(TDSFlowTest.java:176)
	at sun.reflect.GeneratedMethodAccessor36.invoke(Unknown Source)
	at sun.reflect.DelegatingMethodAccessorImpl.invoke(DelegatingMethodAccessorImpl.java:43)
	at java.lang.reflect.Method.invoke(Method.java:498)
	at org.testng.internal.MethodInvocationHelper.invokeMethod(MethodInvocationHelper.java:85)
	at org.testng.internal.Invoker.invokeMethod(Invoker.java:639)
	at org.testng.internal.Invoker.invokeTestMethod(Invoker.java:821)
	at org.testng.internal.Invoker.invokeTestMethods(Invoker.java:1131)
	at org.testng.internal.TestMethodWorker.invokeTestMethods(TestMethodWorker.java:124)
	at org.testng.internal.TestMethodWorker.run(TestMethodWorker.java:108)
	at java.util.concurrent.ThreadPoolExecutor.runWorker(ThreadPoolExecutor.java:1149)
	at java.util.concurrent.ThreadPoolExecutor$Worker.run(ThreadPoolExecutor.java:624)
	at java.lang.Thread.run(Thread.java:748)
</pre></div></td>
<td>0</td>
<td>com.ca.tds.main.TDSFlowTest@11acdc30</td></tr>
<tr>
<td title='com.ca.tds.main.TDSFlowTest.brwPreAreq()'><b>brwPreAreq</b><br>Test class: com.ca.tds.main.TDSFlowTest</td>
<td><div><pre>java.lang.AssertionError: ARes response json schema validation failed.&lt;br&gt;expected minLength: 17, actual: 4&lt;br&gt; api response : {&quot;acsTransID&quot;:&quot;920184c8-ea75-4dd6-89b0-e1243726246e&quot;,&quot;dsName&quot;:&quot;mastercard&quot;,&quot;eci&quot;:&quot;07&quot;,&quot;callerTxnRefID&quot;:&quot;341b7153-da86-4543-860f-2ba47f0168a5&quot;,&quot;dsReferenceNumber&quot;:&quot;CADS&quot;,&quot;acsReferenceNumber&quot;:&quot;ABCDEF987654321&quot;,&quot;messageType&quot;:&quot;ARes&quot;,&quot;dsTransID&quot;:&quot;b0b03215-518a-4472-8770-0797ac4bb7cc&quot;,&quot;transStatusReason&quot;:&quot;09&quot;,&quot;acsOperatorID&quot;:&quot;ACS_OPERATOR_ID&quot;,&quot;messageVersion&quot;:&quot;2.1.0&quot;,&quot;transStatus&quot;:&quot;R&quot;,&quot;threeDSServerTransID&quot;:&quot;131bc6b9-2343-452a-a86d-91b179e33961&quot;}
	at com.ca.tds.main.TDSFlowTest.brwPreAreq(TDSFlowTest.java:176)
	at java.util.concurrent.ThreadPoolExecutor.runWorker(ThreadPoolExecutor.java:1149)
	at java.util.concurrent.ThreadPoolExecutor$Worker.run(ThreadPoolExecutor.java:624)
	at java.lang.Thread.run(Thread.java:748)
... Removed 10 stack frames</pre></div><a href='#' onClick='toggleBox("stack-trace1424204958", this, "Click to show all stack frames", "Click to hide stack frames")'>Click to show all stack frames</a>
<div class='stack-trace' id='stack-trace1424204958'><pre>java.lang.AssertionError: ARes response json schema validation failed.&lt;br&gt;expected minLength: 17, actual: 4&lt;br&gt; api response : {&quot;acsTransID&quot;:&quot;920184c8-ea75-4dd6-89b0-e1243726246e&quot;,&quot;dsName&quot;:&quot;mastercard&quot;,&quot;eci&quot;:&quot;07&quot;,&quot;callerTxnRefID&quot;:&quot;341b7153-da86-4543-860f-2ba47f0168a5&quot;,&quot;dsReferenceNumber&quot;:&quot;CADS&quot;,&quot;acsReferenceNumber&quot;:&quot;ABCDEF987654321&quot;,&quot;messageType&quot;:&quot;ARes&quot;,&quot;dsTransID&quot;:&quot;b0b03215-518a-4472-8770-0797ac4bb7cc&quot;,&quot;transStatusReason&quot;:&quot;09&quot;,&quot;acsOperatorID&quot;:&quot;ACS_OPERATOR_ID&quot;,&quot;messageVersion&quot;:&quot;2.1.0&quot;,&quot;transStatus&quot;:&quot;R&quot;,&quot;threeDSServerTransID&quot;:&quot;131bc6b9-2343-452a-a86d-91b179e33961&quot;}
	at org.testng.Assert.fail(Assert.java:94)
	at com.ca.tds.main.TDSFlowTest.brwPreAreq(TDSFlowTest.java:176)
	at sun.reflect.GeneratedMethodAccessor36.invoke(Unknown Source)
	at sun.reflect.DelegatingMethodAccessorImpl.invoke(DelegatingMethodAccessorImpl.java:43)
	at java.lang.reflect.Method.invoke(Method.java:498)
	at org.testng.internal.MethodInvocationHelper.invokeMethod(MethodInvocationHelper.java:85)
	at org.testng.internal.Invoker.invokeMethod(Invoker.java:639)
	at org.testng.internal.Invoker.invokeTestMethod(Invoker.java:821)
	at org.testng.internal.Invoker.invokeTestMethods(Invoker.java:1131)
	at org.testng.internal.TestMethodWorker.invokeTestMethods(TestMethodWorker.java:124)
	at org.testng.internal.TestMethodWorker.run(TestMethodWorker.java:108)
	at java.util.concurrent.ThreadPoolExecutor.runWorker(ThreadPoolExecutor.java:1149)
	at java.util.concurrent.ThreadPoolExecutor$Worker.run(ThreadPoolExecutor.java:624)
	at java.lang.Thread.run(Thread.java:748)
</pre></div></td>
<td>0</td>
<td>com.ca.tds.main.TDSFlowTest@76a82f33</td></tr>
<tr>
<td title='com.ca.tds.main.TDSFlowTest.brwPreAreq()'><b>brwPreAreq</b><br>Test class: com.ca.tds.main.TDSFlowTest</td>
<td><div><pre>java.lang.AssertionError: ARes response json schema validation failed.&lt;br&gt;expected minLength: 17, actual: 4&lt;br&gt; api response : {&quot;acsTransID&quot;:&quot;37136c9c-f6fa-4128-8c01-6231118aaed8&quot;,&quot;dsName&quot;:&quot;mastercard&quot;,&quot;eci&quot;:&quot;07&quot;,&quot;callerTxnRefID&quot;:&quot;341b7153-da86-4543-860f-2ba47f0168a5&quot;,&quot;dsReferenceNumber&quot;:&quot;CADS&quot;,&quot;acsReferenceNumber&quot;:&quot;ABCDEF987654321&quot;,&quot;messageType&quot;:&quot;ARes&quot;,&quot;dsTransID&quot;:&quot;80e786eb-648f-4a31-907a-e0b98d51d1ba&quot;,&quot;transStatusReason&quot;:&quot;09&quot;,&quot;acsOperatorID&quot;:&quot;ACS_OPERATOR_ID&quot;,&quot;messageVersion&quot;:&quot;2.1.0&quot;,&quot;transStatus&quot;:&quot;R&quot;,&quot;threeDSServerTransID&quot;:&quot;52a1d304-28e2-4ffc-a949-3220d65f8449&quot;}
	at com.ca.tds.main.TDSFlowTest.brwPreAreq(TDSFlowTest.java:176)
	at java.util.concurrent.ThreadPoolExecutor.runWorker(ThreadPoolExecutor.java:1149)
	at java.util.concurrent.ThreadPoolExecutor$Worker.run(ThreadPoolExecutor.java:624)
	at java.lang.Thread.run(Thread.java:748)
... Removed 10 stack frames</pre></div><a href='#' onClick='toggleBox("stack-trace808149623", this, "Click to show all stack frames", "Click to hide stack frames")'>Click to show all stack frames</a>
<div class='stack-trace' id='stack-trace808149623'><pre>java.lang.AssertionError: ARes response json schema validation failed.&lt;br&gt;expected minLength: 17, actual: 4&lt;br&gt; api response : {&quot;acsTransID&quot;:&quot;37136c9c-f6fa-4128-8c01-6231118aaed8&quot;,&quot;dsName&quot;:&quot;mastercard&quot;,&quot;eci&quot;:&quot;07&quot;,&quot;callerTxnRefID&quot;:&quot;341b7153-da86-4543-860f-2ba47f0168a5&quot;,&quot;dsReferenceNumber&quot;:&quot;CADS&quot;,&quot;acsReferenceNumber&quot;:&quot;ABCDEF987654321&quot;,&quot;messageType&quot;:&quot;ARes&quot;,&quot;dsTransID&quot;:&quot;80e786eb-648f-4a31-907a-e0b98d51d1ba&quot;,&quot;transStatusReason&quot;:&quot;09&quot;,&quot;acsOperatorID&quot;:&quot;ACS_OPERATOR_ID&quot;,&quot;messageVersion&quot;:&quot;2.1.0&quot;,&quot;transStatus&quot;:&quot;R&quot;,&quot;threeDSServerTransID&quot;:&quot;52a1d304-28e2-4ffc-a949-3220d65f8449&quot;}
	at org.testng.Assert.fail(Assert.java:94)
	at com.ca.tds.main.TDSFlowTest.brwPreAreq(TDSFlowTest.java:176)
	at sun.reflect.GeneratedMethodAccessor36.invoke(Unknown Source)
	at sun.reflect.DelegatingMethodAccessorImpl.invoke(DelegatingMethodAccessorImpl.java:43)
	at java.lang.reflect.Method.invoke(Method.java:498)
	at org.testng.internal.MethodInvocationHelper.invokeMethod(MethodInvocationHelper.java:85)
	at org.testng.internal.Invoker.invokeMethod(Invoker.java:639)
	at org.testng.internal.Invoker.invokeTestMethod(Invoker.java:821)
	at org.testng.internal.Invoker.invokeTestMethods(Invoker.java:1131)
	at org.testng.internal.TestMethodWorker.invokeTestMethods(TestMethodWorker.java:124)
	at org.testng.internal.TestMethodWorker.run(TestMethodWorker.java:108)
	at java.util.concurrent.ThreadPoolExecutor.runWorker(ThreadPoolExecutor.java:1149)
	at java.util.concurrent.ThreadPoolExecutor$Worker.run(ThreadPoolExecutor.java:624)
	at java.lang.Thread.run(Thread.java:748)
</pre></div></td>
<td>0</td>
<td>com.ca.tds.main.TDSFlowTest@4089713</td></tr>
<tr>
<td title='com.ca.tds.main.TDSFlowTest.brwPreAreq()'><b>brwPreAreq</b><br>Test class: com.ca.tds.main.TDSFlowTest</td>
<td><div><pre>java.lang.AssertionError: ARes response json schema validation failed.&lt;br&gt;expected minLength: 17, actual: 4&lt;br&gt; api response : {&quot;acsTransID&quot;:&quot;255279d3-89ce-433c-9eec-6aeb28d2355d&quot;,&quot;dsName&quot;:&quot;mastercard&quot;,&quot;eci&quot;:&quot;07&quot;,&quot;callerTxnRefID&quot;:&quot;341b7153-da86-4543-860f-2ba47f0168a5&quot;,&quot;dsReferenceNumber&quot;:&quot;CADS&quot;,&quot;acsReferenceNumber&quot;:&quot;ABCDEF987654321&quot;,&quot;messageType&quot;:&quot;ARes&quot;,&quot;dsTransID&quot;:&quot;1cedb764-cbfe-411a-adc6-1d048d706a04&quot;,&quot;transStatusReason&quot;:&quot;09&quot;,&quot;acsOperatorID&quot;:&quot;ACS_OPERATOR_ID&quot;,&quot;messageVersion&quot;:&quot;2.1.0&quot;,&quot;transStatus&quot;:&quot;R&quot;,&quot;threeDSServerTransID&quot;:&quot;979a3a26-754f-4805-82c5-1aa2cf2cc3c9&quot;}
	at com.ca.tds.main.TDSFlowTest.brwPreAreq(TDSFlowTest.java:176)
	at java.util.concurrent.ThreadPoolExecutor.runWorker(ThreadPoolExecutor.java:1149)
	at java.util.concurrent.ThreadPoolExecutor$Worker.run(ThreadPoolExecutor.java:624)
	at java.lang.Thread.run(Thread.java:748)
... Removed 10 stack frames</pre></div><a href='#' onClick='toggleBox("stack-trace1064859364", this, "Click to show all stack frames", "Click to hide stack frames")'>Click to show all stack frames</a>
<div class='stack-trace' id='stack-trace1064859364'><pre>java.lang.AssertionError: ARes response json schema validation failed.&lt;br&gt;expected minLength: 17, actual: 4&lt;br&gt; api response : {&quot;acsTransID&quot;:&quot;255279d3-89ce-433c-9eec-6aeb28d2355d&quot;,&quot;dsName&quot;:&quot;mastercard&quot;,&quot;eci&quot;:&quot;07&quot;,&quot;callerTxnRefID&quot;:&quot;341b7153-da86-4543-860f-2ba47f0168a5&quot;,&quot;dsReferenceNumber&quot;:&quot;CADS&quot;,&quot;acsReferenceNumber&quot;:&quot;ABCDEF987654321&quot;,&quot;messageType&quot;:&quot;ARes&quot;,&quot;dsTransID&quot;:&quot;1cedb764-cbfe-411a-adc6-1d048d706a04&quot;,&quot;transStatusReason&quot;:&quot;09&quot;,&quot;acsOperatorID&quot;:&quot;ACS_OPERATOR_ID&quot;,&quot;messageVersion&quot;:&quot;2.1.0&quot;,&quot;transStatus&quot;:&quot;R&quot;,&quot;threeDSServerTransID&quot;:&quot;979a3a26-754f-4805-82c5-1aa2cf2cc3c9&quot;}
	at org.testng.Assert.fail(Assert.java:94)
	at com.ca.tds.main.TDSFlowTest.brwPreAreq(TDSFlowTest.java:176)
	at sun.reflect.GeneratedMethodAccessor36.invoke(Unknown Source)
	at sun.reflect.DelegatingMethodAccessorImpl.invoke(DelegatingMethodAccessorImpl.java:43)
	at java.lang.reflect.Method.invoke(Method.java:498)
	at org.testng.internal.MethodInvocationHelper.invokeMethod(MethodInvocationHelper.java:85)
	at org.testng.internal.Invoker.invokeMethod(Invoker.java:639)
	at org.testng.internal.Invoker.invokeTestMethod(Invoker.java:821)
	at org.testng.internal.Invoker.invokeTestMethods(Invoker.java:1131)
	at org.testng.internal.TestMethodWorker.invokeTestMethods(TestMethodWorker.java:124)
	at org.testng.internal.TestMethodWorker.run(TestMethodWorker.java:108)
	at java.util.concurrent.ThreadPoolExecutor.runWorker(ThreadPoolExecutor.java:1149)
	at java.util.concurrent.ThreadPoolExecutor$Worker.run(ThreadPoolExecutor.java:624)
	at java.lang.Thread.run(Thread.java:748)
</pre></div></td>
<td>0</td>
<td>com.ca.tds.main.TDSFlowTest@644c78d4</td></tr>
<tr>
<td title='com.ca.tds.main.TDSFlowTest.brwPreAreq()'><b>brwPreAreq</b><br>Test class: com.ca.tds.main.TDSFlowTest</td>
<td><div><pre>java.lang.AssertionError: ARes response json schema validation failed.&lt;br&gt;expected minLength: 17, actual: 4&lt;br&gt; api response : {&quot;acsTransID&quot;:&quot;5bbebb61-b72d-4948-87f4-c868a1c2d660&quot;,&quot;dsName&quot;:&quot;mastercard&quot;,&quot;eci&quot;:&quot;07&quot;,&quot;callerTxnRefID&quot;:&quot;341b7153-da86-4543-860f-2ba47f0168a5&quot;,&quot;dsReferenceNumber&quot;:&quot;CADS&quot;,&quot;acsReferenceNumber&quot;:&quot;ABCDEF987654321&quot;,&quot;messageType&quot;:&quot;ARes&quot;,&quot;dsTransID&quot;:&quot;0cedd19c-224c-48eb-a98e-52a8b52e2f37&quot;,&quot;transStatusReason&quot;:&quot;09&quot;,&quot;acsOperatorID&quot;:&quot;ACS_OPERATOR_ID&quot;,&quot;messageVersion&quot;:&quot;2.1.0&quot;,&quot;transStatus&quot;:&quot;R&quot;,&quot;threeDSServerTransID&quot;:&quot;137a61e9-6889-486c-a14c-8b5c020c267b&quot;}
	at com.ca.tds.main.TDSFlowTest.brwPreAreq(TDSFlowTest.java:176)
	at java.util.concurrent.ThreadPoolExecutor.runWorker(ThreadPoolExecutor.java:1149)
	at java.util.concurrent.ThreadPoolExecutor$Worker.run(ThreadPoolExecutor.java:624)
	at java.lang.Thread.run(Thread.java:748)
... Removed 10 stack frames</pre></div><a href='#' onClick='toggleBox("stack-trace89792667", this, "Click to show all stack frames", "Click to hide stack frames")'>Click to show all stack frames</a>
<div class='stack-trace' id='stack-trace89792667'><pre>java.lang.AssertionError: ARes response json schema validation failed.&lt;br&gt;expected minLength: 17, actual: 4&lt;br&gt; api response : {&quot;acsTransID&quot;:&quot;5bbebb61-b72d-4948-87f4-c868a1c2d660&quot;,&quot;dsName&quot;:&quot;mastercard&quot;,&quot;eci&quot;:&quot;07&quot;,&quot;callerTxnRefID&quot;:&quot;341b7153-da86-4543-860f-2ba47f0168a5&quot;,&quot;dsReferenceNumber&quot;:&quot;CADS&quot;,&quot;acsReferenceNumber&quot;:&quot;ABCDEF987654321&quot;,&quot;messageType&quot;:&quot;ARes&quot;,&quot;dsTransID&quot;:&quot;0cedd19c-224c-48eb-a98e-52a8b52e2f37&quot;,&quot;transStatusReason&quot;:&quot;09&quot;,&quot;acsOperatorID&quot;:&quot;ACS_OPERATOR_ID&quot;,&quot;messageVersion&quot;:&quot;2.1.0&quot;,&quot;transStatus&quot;:&quot;R&quot;,&quot;threeDSServerTransID&quot;:&quot;137a61e9-6889-486c-a14c-8b5c020c267b&quot;}
	at org.testng.Assert.fail(Assert.java:94)
	at com.ca.tds.main.TDSFlowTest.brwPreAreq(TDSFlowTest.java:176)
	at sun.reflect.GeneratedMethodAccessor36.invoke(Unknown Source)
	at sun.reflect.DelegatingMethodAccessorImpl.invoke(DelegatingMethodAccessorImpl.java:43)
	at java.lang.reflect.Method.invoke(Method.java:498)
	at org.testng.internal.MethodInvocationHelper.invokeMethod(MethodInvocationHelper.java:85)
	at org.testng.internal.Invoker.invokeMethod(Invoker.java:639)
	at org.testng.internal.Invoker.invokeTestMethod(Invoker.java:821)
	at org.testng.internal.Invoker.invokeTestMethods(Invoker.java:1131)
	at org.testng.internal.TestMethodWorker.invokeTestMethods(TestMethodWorker.java:124)
	at org.testng.internal.TestMethodWorker.run(TestMethodWorker.java:108)
	at java.util.concurrent.ThreadPoolExecutor.runWorker(ThreadPoolExecutor.java:1149)
	at java.util.concurrent.ThreadPoolExecutor$Worker.run(ThreadPoolExecutor.java:624)
	at java.lang.Thread.run(Thread.java:748)
</pre></div></td>
<td>0</td>
<td>com.ca.tds.main.TDSFlowTest@b91d8c4</td></tr>
<tr>
<td title='com.ca.tds.main.TDSFlowTest.brwPreAreq()'><b>brwPreAreq</b><br>Test class: com.ca.tds.main.TDSFlowTest</td>
<td><div><pre>java.lang.AssertionError: ARes response json schema validation failed.&lt;br&gt;expected minLength: 17, actual: 4&lt;br&gt; api response : {&quot;acsTransID&quot;:&quot;6220bcf3-15e8-4d2a-b273-642341339223&quot;,&quot;dsName&quot;:&quot;mastercard&quot;,&quot;eci&quot;:&quot;07&quot;,&quot;callerTxnRefID&quot;:&quot;341b7153-da86-4543-860f-2ba47f0168a5&quot;,&quot;dsReferenceNumber&quot;:&quot;CADS&quot;,&quot;acsReferenceNumber&quot;:&quot;ABCDEF987654321&quot;,&quot;messageType&quot;:&quot;ARes&quot;,&quot;dsTransID&quot;:&quot;9ea062b2-828d-423c-b419-9df46162794e&quot;,&quot;transStatusReason&quot;:&quot;09&quot;,&quot;acsOperatorID&quot;:&quot;ACS_OPERATOR_ID&quot;,&quot;messageVersion&quot;:&quot;2.1.0&quot;,&quot;transStatus&quot;:&quot;R&quot;,&quot;threeDSServerTransID&quot;:&quot;87b87831-cacd-4450-a0be-81e21fc5b379&quot;}
	at com.ca.tds.main.TDSFlowTest.brwPreAreq(TDSFlowTest.java:176)
	at java.util.concurrent.ThreadPoolExecutor.runWorker(ThreadPoolExecutor.java:1149)
	at java.util.concurrent.ThreadPoolExecutor$Worker.run(ThreadPoolExecutor.java:624)
	at java.lang.Thread.run(Thread.java:748)
... Removed 10 stack frames</pre></div><a href='#' onClick='toggleBox("stack-trace261948942", this, "Click to show all stack frames", "Click to hide stack frames")'>Click to show all stack frames</a>
<div class='stack-trace' id='stack-trace261948942'><pre>java.lang.AssertionError: ARes response json schema validation failed.&lt;br&gt;expected minLength: 17, actual: 4&lt;br&gt; api response : {&quot;acsTransID&quot;:&quot;6220bcf3-15e8-4d2a-b273-642341339223&quot;,&quot;dsName&quot;:&quot;mastercard&quot;,&quot;eci&quot;:&quot;07&quot;,&quot;callerTxnRefID&quot;:&quot;341b7153-da86-4543-860f-2ba47f0168a5&quot;,&quot;dsReferenceNumber&quot;:&quot;CADS&quot;,&quot;acsReferenceNumber&quot;:&quot;ABCDEF987654321&quot;,&quot;messageType&quot;:&quot;ARes&quot;,&quot;dsTransID&quot;:&quot;9ea062b2-828d-423c-b419-9df46162794e&quot;,&quot;transStatusReason&quot;:&quot;09&quot;,&quot;acsOperatorID&quot;:&quot;ACS_OPERATOR_ID&quot;,&quot;messageVersion&quot;:&quot;2.1.0&quot;,&quot;transStatus&quot;:&quot;R&quot;,&quot;threeDSServerTransID&quot;:&quot;87b87831-cacd-4450-a0be-81e21fc5b379&quot;}
	at org.testng.Assert.fail(Assert.java:94)
	at com.ca.tds.main.TDSFlowTest.brwPreAreq(TDSFlowTest.java:176)
	at sun.reflect.GeneratedMethodAccessor36.invoke(Unknown Source)
	at sun.reflect.DelegatingMethodAccessorImpl.invoke(DelegatingMethodAccessorImpl.java:43)
	at java.lang.reflect.Method.invoke(Method.java:498)
	at org.testng.internal.MethodInvocationHelper.invokeMethod(MethodInvocationHelper.java:85)
	at org.testng.internal.Invoker.invokeMethod(Invoker.java:639)
	at org.testng.internal.Invoker.invokeTestMethod(Invoker.java:821)
	at org.testng.internal.Invoker.invokeTestMethods(Invoker.java:1131)
	at org.testng.internal.TestMethodWorker.invokeTestMethods(TestMethodWorker.java:124)
	at org.testng.internal.TestMethodWorker.run(TestMethodWorker.java:108)
	at java.util.concurrent.ThreadPoolExecutor.runWorker(ThreadPoolExecutor.java:1149)
	at java.util.concurrent.ThreadPoolExecutor$Worker.run(ThreadPoolExecutor.java:624)
	at java.lang.Thread.run(Thread.java:748)
</pre></div></td>
<td>0</td>
<td>com.ca.tds.main.TDSFlowTest@74bdc168</td></tr>
<tr>
<td title='com.ca.tds.main.TDSFlowTest.brwPreAreq()'><b>brwPreAreq</b><br>Test class: com.ca.tds.main.TDSFlowTest</td>
<td><div><pre>java.lang.AssertionError: ARes response json schema validation failed.&lt;br&gt;expected minLength: 17, actual: 4&lt;br&gt; api response : {&quot;acsTransID&quot;:&quot;a4eba60e-c3c7-4e0f-af85-a77706f24af8&quot;,&quot;dsName&quot;:&quot;mastercard&quot;,&quot;eci&quot;:&quot;07&quot;,&quot;callerTxnRefID&quot;:&quot;341b7153-da86-4543-860f-2ba47f0168a5&quot;,&quot;dsReferenceNumber&quot;:&quot;CADS&quot;,&quot;acsReferenceNumber&quot;:&quot;ABCDEF987654321&quot;,&quot;messageType&quot;:&quot;ARes&quot;,&quot;dsTransID&quot;:&quot;d413b2cb-7505-4e22-87f6-4a665892a968&quot;,&quot;transStatusReason&quot;:&quot;09&quot;,&quot;acsOperatorID&quot;:&quot;ACS_OPERATOR_ID&quot;,&quot;messageVersion&quot;:&quot;2.1.0&quot;,&quot;transStatus&quot;:&quot;R&quot;,&quot;threeDSServerTransID&quot;:&quot;c7012f9c-1478-4c5e-8e97-dd6ea19409d6&quot;}
	at com.ca.tds.main.TDSFlowTest.brwPreAreq(TDSFlowTest.java:176)
	at java.util.concurrent.ThreadPoolExecutor.runWorker(ThreadPoolExecutor.java:1149)
	at java.util.concurrent.ThreadPoolExecutor$Worker.run(ThreadPoolExecutor.java:624)
	at java.lang.Thread.run(Thread.java:748)
... Removed 10 stack frames</pre></div><a href='#' onClick='toggleBox("stack-trace1277615591", this, "Click to show all stack frames", "Click to hide stack frames")'>Click to show all stack frames</a>
<div class='stack-trace' id='stack-trace1277615591'><pre>java.lang.AssertionError: ARes response json schema validation failed.&lt;br&gt;expected minLength: 17, actual: 4&lt;br&gt; api response : {&quot;acsTransID&quot;:&quot;a4eba60e-c3c7-4e0f-af85-a77706f24af8&quot;,&quot;dsName&quot;:&quot;mastercard&quot;,&quot;eci&quot;:&quot;07&quot;,&quot;callerTxnRefID&quot;:&quot;341b7153-da86-4543-860f-2ba47f0168a5&quot;,&quot;dsReferenceNumber&quot;:&quot;CADS&quot;,&quot;acsReferenceNumber&quot;:&quot;ABCDEF987654321&quot;,&quot;messageType&quot;:&quot;ARes&quot;,&quot;dsTransID&quot;:&quot;d413b2cb-7505-4e22-87f6-4a665892a968&quot;,&quot;transStatusReason&quot;:&quot;09&quot;,&quot;acsOperatorID&quot;:&quot;ACS_OPERATOR_ID&quot;,&quot;messageVersion&quot;:&quot;2.1.0&quot;,&quot;transStatus&quot;:&quot;R&quot;,&quot;threeDSServerTransID&quot;:&quot;c7012f9c-1478-4c5e-8e97-dd6ea19409d6&quot;}
	at org.testng.Assert.fail(Assert.java:94)
	at com.ca.tds.main.TDSFlowTest.brwPreAreq(TDSFlowTest.java:176)
	at sun.reflect.GeneratedMethodAccessor36.invoke(Unknown Source)
	at sun.reflect.DelegatingMethodAccessorImpl.invoke(DelegatingMethodAccessorImpl.java:43)
	at java.lang.reflect.Method.invoke(Method.java:498)
	at org.testng.internal.MethodInvocationHelper.invokeMethod(MethodInvocationHelper.java:85)
	at org.testng.internal.Invoker.invokeMethod(Invoker.java:639)
	at org.testng.internal.Invoker.invokeTestMethod(Invoker.java:821)
	at org.testng.internal.Invoker.invokeTestMethods(Invoker.java:1131)
	at org.testng.internal.TestMethodWorker.invokeTestMethods(TestMethodWorker.java:124)
	at org.testng.internal.TestMethodWorker.run(TestMethodWorker.java:108)
	at java.util.concurrent.ThreadPoolExecutor.runWorker(ThreadPoolExecutor.java:1149)
	at java.util.concurrent.ThreadPoolExecutor$Worker.run(ThreadPoolExecutor.java:624)
	at java.lang.Thread.run(Thread.java:748)
</pre></div></td>
<td>0</td>
<td>com.ca.tds.main.TDSFlowTest@7bb3a9fe</td></tr>
<tr>
<td title='com.ca.tds.main.TDSFlowTest.brwPreAreq()'><b>brwPreAreq</b><br>Test class: com.ca.tds.main.TDSFlowTest</td>
<td><div><pre>java.lang.AssertionError: ARes response json schema validation failed.&lt;br&gt;expected minLength: 17, actual: 4&lt;br&gt; api response : {&quot;acsTransID&quot;:&quot;830304a9-75b3-41ce-bbdb-1101d14a3a0b&quot;,&quot;dsName&quot;:&quot;mastercard&quot;,&quot;eci&quot;:&quot;07&quot;,&quot;callerTxnRefID&quot;:&quot;341b7153-da86-4543-860f-2ba47f0168a5&quot;,&quot;dsReferenceNumber&quot;:&quot;CADS&quot;,&quot;acsReferenceNumber&quot;:&quot;ABCDEF987654321&quot;,&quot;messageType&quot;:&quot;ARes&quot;,&quot;dsTransID&quot;:&quot;047be49b-57ec-4bae-9d2e-1cc441400a62&quot;,&quot;transStatusReason&quot;:&quot;09&quot;,&quot;acsOperatorID&quot;:&quot;ACS_OPERATOR_ID&quot;,&quot;messageVersion&quot;:&quot;2.1.0&quot;,&quot;transStatus&quot;:&quot;R&quot;,&quot;threeDSServerTransID&quot;:&quot;3a12f2aa-fbfc-469f-b0b5-c41a5da8b879&quot;}
	at com.ca.tds.main.TDSFlowTest.brwPreAreq(TDSFlowTest.java:176)
	at java.util.concurrent.ThreadPoolExecutor.runWorker(ThreadPoolExecutor.java:1149)
	at java.util.concurrent.ThreadPoolExecutor$Worker.run(ThreadPoolExecutor.java:624)
	at java.lang.Thread.run(Thread.java:748)
... Removed 10 stack frames</pre></div><a href='#' onClick='toggleBox("stack-trace2114958603", this, "Click to show all stack frames", "Click to hide stack frames")'>Click to show all stack frames</a>
<div class='stack-trace' id='stack-trace2114958603'><pre>java.lang.AssertionError: ARes response json schema validation failed.&lt;br&gt;expected minLength: 17, actual: 4&lt;br&gt; api response : {&quot;acsTransID&quot;:&quot;830304a9-75b3-41ce-bbdb-1101d14a3a0b&quot;,&quot;dsName&quot;:&quot;mastercard&quot;,&quot;eci&quot;:&quot;07&quot;,&quot;callerTxnRefID&quot;:&quot;341b7153-da86-4543-860f-2ba47f0168a5&quot;,&quot;dsReferenceNumber&quot;:&quot;CADS&quot;,&quot;acsReferenceNumber&quot;:&quot;ABCDEF987654321&quot;,&quot;messageType&quot;:&quot;ARes&quot;,&quot;dsTransID&quot;:&quot;047be49b-57ec-4bae-9d2e-1cc441400a62&quot;,&quot;transStatusReason&quot;:&quot;09&quot;,&quot;acsOperatorID&quot;:&quot;ACS_OPERATOR_ID&quot;,&quot;messageVersion&quot;:&quot;2.1.0&quot;,&quot;transStatus&quot;:&quot;R&quot;,&quot;threeDSServerTransID&quot;:&quot;3a12f2aa-fbfc-469f-b0b5-c41a5da8b879&quot;}
	at org.testng.Assert.fail(Assert.java:94)
	at com.ca.tds.main.TDSFlowTest.brwPreAreq(TDSFlowTest.java:176)
	at sun.reflect.GeneratedMethodAccessor36.invoke(Unknown Source)
	at sun.reflect.DelegatingMethodAccessorImpl.invoke(DelegatingMethodAccessorImpl.java:43)
	at java.lang.reflect.Method.invoke(Method.java:498)
	at org.testng.internal.MethodInvocationHelper.invokeMethod(MethodInvocationHelper.java:85)
	at org.testng.internal.Invoker.invokeMethod(Invoker.java:639)
	at org.testng.internal.Invoker.invokeTestMethod(Invoker.java:821)
	at org.testng.internal.Invoker.invokeTestMethods(Invoker.java:1131)
	at org.testng.internal.TestMethodWorker.invokeTestMethods(TestMethodWorker.java:124)
	at org.testng.internal.TestMethodWorker.run(TestMethodWorker.java:108)
	at java.util.concurrent.ThreadPoolExecutor.runWorker(ThreadPoolExecutor.java:1149)
	at java.util.concurrent.ThreadPoolExecutor$Worker.run(ThreadPoolExecutor.java:624)
	at java.lang.Thread.run(Thread.java:748)
</pre></div></td>
<td>0</td>
<td>com.ca.tds.main.TDSFlowTest@f19c9d2</td></tr>
<tr>
<td title='com.ca.tds.main.TDSFlowTest.brwPreAreq()'><b>brwPreAreq</b><br>Test class: com.ca.tds.main.TDSFlowTest</td>
<td><div><pre>java.lang.AssertionError: ARes response json schema validation failed.&lt;br&gt;expected minLength: 17, actual: 4&lt;br&gt; api response : {&quot;acsTransID&quot;:&quot;99adc09f-b6b0-4ed3-8666-a1b047a27807&quot;,&quot;dsName&quot;:&quot;mastercard&quot;,&quot;eci&quot;:&quot;07&quot;,&quot;callerTxnRefID&quot;:&quot;341b7153-da86-4543-860f-2ba47f0168a5&quot;,&quot;dsReferenceNumber&quot;:&quot;CADS&quot;,&quot;acsReferenceNumber&quot;:&quot;ABCDEF987654321&quot;,&quot;messageType&quot;:&quot;ARes&quot;,&quot;dsTransID&quot;:&quot;f05fb165-9b47-482f-8706-faffe995e441&quot;,&quot;transStatusReason&quot;:&quot;09&quot;,&quot;acsOperatorID&quot;:&quot;ACS_OPERATOR_ID&quot;,&quot;messageVersion&quot;:&quot;2.1.0&quot;,&quot;transStatus&quot;:&quot;R&quot;,&quot;threeDSServerTransID&quot;:&quot;7baaf5fa-7b73-43cf-98c8-18a8f4ffa6ee&quot;}
	at com.ca.tds.main.TDSFlowTest.brwPreAreq(TDSFlowTest.java:176)
	at java.util.concurrent.ThreadPoolExecutor.runWorker(ThreadPoolExecutor.java:1149)
	at java.util.concurrent.ThreadPoolExecutor$Worker.run(ThreadPoolExecutor.java:624)
	at java.lang.Thread.run(Thread.java:748)
... Removed 10 stack frames</pre></div><a href='#' onClick='toggleBox("stack-trace1997605770", this, "Click to show all stack frames", "Click to hide stack frames")'>Click to show all stack frames</a>
<div class='stack-trace' id='stack-trace1997605770'><pre>java.lang.AssertionError: ARes response json schema validation failed.&lt;br&gt;expected minLength: 17, actual: 4&lt;br&gt; api response : {&quot;acsTransID&quot;:&quot;99adc09f-b6b0-4ed3-8666-a1b047a27807&quot;,&quot;dsName&quot;:&quot;mastercard&quot;,&quot;eci&quot;:&quot;07&quot;,&quot;callerTxnRefID&quot;:&quot;341b7153-da86-4543-860f-2ba47f0168a5&quot;,&quot;dsReferenceNumber&quot;:&quot;CADS&quot;,&quot;acsReferenceNumber&quot;:&quot;ABCDEF987654321&quot;,&quot;messageType&quot;:&quot;ARes&quot;,&quot;dsTransID&quot;:&quot;f05fb165-9b47-482f-8706-faffe995e441&quot;,&quot;transStatusReason&quot;:&quot;09&quot;,&quot;acsOperatorID&quot;:&quot;ACS_OPERATOR_ID&quot;,&quot;messageVersion&quot;:&quot;2.1.0&quot;,&quot;transStatus&quot;:&quot;R&quot;,&quot;threeDSServerTransID&quot;:&quot;7baaf5fa-7b73-43cf-98c8-18a8f4ffa6ee&quot;}
	at org.testng.Assert.fail(Assert.java:94)
	at com.ca.tds.main.TDSFlowTest.brwPreAreq(TDSFlowTest.java:176)
	at sun.reflect.GeneratedMethodAccessor36.invoke(Unknown Source)
	at sun.reflect.DelegatingMethodAccessorImpl.invoke(DelegatingMethodAccessorImpl.java:43)
	at java.lang.reflect.Method.invoke(Method.java:498)
	at org.testng.internal.MethodInvocationHelper.invokeMethod(MethodInvocationHelper.java:85)
	at org.testng.internal.Invoker.invokeMethod(Invoker.java:639)
	at org.testng.internal.Invoker.invokeTestMethod(Invoker.java:821)
	at org.testng.internal.Invoker.invokeTestMethods(Invoker.java:1131)
	at org.testng.internal.TestMethodWorker.invokeTestMethods(TestMethodWorker.java:124)
	at org.testng.internal.TestMethodWorker.run(TestMethodWorker.java:108)
	at java.util.concurrent.ThreadPoolExecutor.runWorker(ThreadPoolExecutor.java:1149)
	at java.util.concurrent.ThreadPoolExecutor$Worker.run(ThreadPoolExecutor.java:624)
	at java.lang.Thread.run(Thread.java:748)
</pre></div></td>
<td>0</td>
<td>com.ca.tds.main.TDSFlowTest@4b6166aa</td></tr>
<tr>
<td title='com.ca.tds.main.TDSFlowTest.brwPreAreq()'><b>brwPreAreq</b><br>Test class: com.ca.tds.main.TDSFlowTest</td>
<td><div><pre>java.lang.AssertionError: ARes response json schema validation failed.&lt;br&gt;expected minLength: 17, actual: 4&lt;br&gt; api response : {&quot;acsTransID&quot;:&quot;a909c307-6029-48fc-9957-15aac90a6fa9&quot;,&quot;dsName&quot;:&quot;mastercard&quot;,&quot;eci&quot;:&quot;07&quot;,&quot;callerTxnRefID&quot;:&quot;341b7153-da86-4543-860f-2ba47f0168a5&quot;,&quot;dsReferenceNumber&quot;:&quot;CADS&quot;,&quot;acsReferenceNumber&quot;:&quot;ABCDEF987654321&quot;,&quot;messageType&quot;:&quot;ARes&quot;,&quot;dsTransID&quot;:&quot;1870e1c4-3186-4a9d-926c-01fa81948e82&quot;,&quot;transStatusReason&quot;:&quot;09&quot;,&quot;acsOperatorID&quot;:&quot;ACS_OPERATOR_ID&quot;,&quot;messageVersion&quot;:&quot;2.1.0&quot;,&quot;transStatus&quot;:&quot;R&quot;,&quot;threeDSServerTransID&quot;:&quot;596fe237-f0c8-4c4c-9c20-b4a5b7507349&quot;}
	at com.ca.tds.main.TDSFlowTest.brwPreAreq(TDSFlowTest.java:176)
	at java.util.concurrent.ThreadPoolExecutor.runWorker(ThreadPoolExecutor.java:1149)
	at java.util.concurrent.ThreadPoolExecutor$Worker.run(ThreadPoolExecutor.java:624)
	at java.lang.Thread.run(Thread.java:748)
... Removed 10 stack frames</pre></div><a href='#' onClick='toggleBox("stack-trace1683981526", this, "Click to show all stack frames", "Click to hide stack frames")'>Click to show all stack frames</a>
<div class='stack-trace' id='stack-trace1683981526'><pre>java.lang.AssertionError: ARes response json schema validation failed.&lt;br&gt;expected minLength: 17, actual: 4&lt;br&gt; api response : {&quot;acsTransID&quot;:&quot;a909c307-6029-48fc-9957-15aac90a6fa9&quot;,&quot;dsName&quot;:&quot;mastercard&quot;,&quot;eci&quot;:&quot;07&quot;,&quot;callerTxnRefID&quot;:&quot;341b7153-da86-4543-860f-2ba47f0168a5&quot;,&quot;dsReferenceNumber&quot;:&quot;CADS&quot;,&quot;acsReferenceNumber&quot;:&quot;ABCDEF987654321&quot;,&quot;messageType&quot;:&quot;ARes&quot;,&quot;dsTransID&quot;:&quot;1870e1c4-3186-4a9d-926c-01fa81948e82&quot;,&quot;transStatusReason&quot;:&quot;09&quot;,&quot;acsOperatorID&quot;:&quot;ACS_OPERATOR_ID&quot;,&quot;messageVersion&quot;:&quot;2.1.0&quot;,&quot;transStatus&quot;:&quot;R&quot;,&quot;threeDSServerTransID&quot;:&quot;596fe237-f0c8-4c4c-9c20-b4a5b7507349&quot;}
	at org.testng.Assert.fail(Assert.java:94)
	at com.ca.tds.main.TDSFlowTest.brwPreAreq(TDSFlowTest.java:176)
	at sun.reflect.GeneratedMethodAccessor36.invoke(Unknown Source)
	at sun.reflect.DelegatingMethodAccessorImpl.invoke(DelegatingMethodAccessorImpl.java:43)
	at java.lang.reflect.Method.invoke(Method.java:498)
	at org.testng.internal.MethodInvocationHelper.invokeMethod(MethodInvocationHelper.java:85)
	at org.testng.internal.Invoker.invokeMethod(Invoker.java:639)
	at org.testng.internal.Invoker.invokeTestMethod(Invoker.java:821)
	at org.testng.internal.Invoker.invokeTestMethods(Invoker.java:1131)
	at org.testng.internal.TestMethodWorker.invokeTestMethods(TestMethodWorker.java:124)
	at org.testng.internal.TestMethodWorker.run(TestMethodWorker.java:108)
	at java.util.concurrent.ThreadPoolExecutor.runWorker(ThreadPoolExecutor.java:1149)
	at java.util.concurrent.ThreadPoolExecutor$Worker.run(ThreadPoolExecutor.java:624)
	at java.lang.Thread.run(Thread.java:748)
</pre></div></td>
<td>0</td>
<td>com.ca.tds.main.TDSFlowTest@7f811d00</td></tr>
<tr>
<td title='com.ca.tds.main.TDSFlowTest.brwPreAreq()'><b>brwPreAreq</b><br>Test class: com.ca.tds.main.TDSFlowTest</td>
<td><div><pre>java.lang.AssertionError: ARes response json schema validation failed.&lt;br&gt;expected minLength: 17, actual: 4&lt;br&gt; api response : {&quot;acsTransID&quot;:&quot;a865eb41-8c6a-4a39-8399-86411a9d9a85&quot;,&quot;dsName&quot;:&quot;mastercard&quot;,&quot;eci&quot;:&quot;07&quot;,&quot;callerTxnRefID&quot;:&quot;341b7153-da86-4543-860f-2ba47f0168a5&quot;,&quot;dsReferenceNumber&quot;:&quot;CADS&quot;,&quot;acsReferenceNumber&quot;:&quot;ABCDEF987654321&quot;,&quot;messageType&quot;:&quot;ARes&quot;,&quot;dsTransID&quot;:&quot;62768429-a51c-4a73-8eec-71ce288f2c9d&quot;,&quot;transStatusReason&quot;:&quot;09&quot;,&quot;acsOperatorID&quot;:&quot;ACS_OPERATOR_ID&quot;,&quot;messageVersion&quot;:&quot;2.1.0&quot;,&quot;transStatus&quot;:&quot;R&quot;,&quot;threeDSServerTransID&quot;:&quot;c8e0c3c8-2895-4dd0-b225-c8010b251a3b&quot;}
	at com.ca.tds.main.TDSFlowTest.brwPreAreq(TDSFlowTest.java:176)
	at java.util.concurrent.ThreadPoolExecutor.runWorker(ThreadPoolExecutor.java:1149)
	at java.util.concurrent.ThreadPoolExecutor$Worker.run(ThreadPoolExecutor.java:624)
	at java.lang.Thread.run(Thread.java:748)
... Removed 10 stack frames</pre></div><a href='#' onClick='toggleBox("stack-trace1818776271", this, "Click to show all stack frames", "Click to hide stack frames")'>Click to show all stack frames</a>
<div class='stack-trace' id='stack-trace1818776271'><pre>java.lang.AssertionError: ARes response json schema validation failed.&lt;br&gt;expected minLength: 17, actual: 4&lt;br&gt; api response : {&quot;acsTransID&quot;:&quot;a865eb41-8c6a-4a39-8399-86411a9d9a85&quot;,&quot;dsName&quot;:&quot;mastercard&quot;,&quot;eci&quot;:&quot;07&quot;,&quot;callerTxnRefID&quot;:&quot;341b7153-da86-4543-860f-2ba47f0168a5&quot;,&quot;dsReferenceNumber&quot;:&quot;CADS&quot;,&quot;acsReferenceNumber&quot;:&quot;ABCDEF987654321&quot;,&quot;messageType&quot;:&quot;ARes&quot;,&quot;dsTransID&quot;:&quot;62768429-a51c-4a73-8eec-71ce288f2c9d&quot;,&quot;transStatusReason&quot;:&quot;09&quot;,&quot;acsOperatorID&quot;:&quot;ACS_OPERATOR_ID&quot;,&quot;messageVersion&quot;:&quot;2.1.0&quot;,&quot;transStatus&quot;:&quot;R&quot;,&quot;threeDSServerTransID&quot;:&quot;c8e0c3c8-2895-4dd0-b225-c8010b251a3b&quot;}
	at org.testng.Assert.fail(Assert.java:94)
	at com.ca.tds.main.TDSFlowTest.brwPreAreq(TDSFlowTest.java:176)
	at sun.reflect.GeneratedMethodAccessor36.invoke(Unknown Source)
	at sun.reflect.DelegatingMethodAccessorImpl.invoke(DelegatingMethodAccessorImpl.java:43)
	at java.lang.reflect.Method.invoke(Method.java:498)
	at org.testng.internal.MethodInvocationHelper.invokeMethod(MethodInvocationHelper.java:85)
	at org.testng.internal.Invoker.invokeMethod(Invoker.java:639)
	at org.testng.internal.Invoker.invokeTestMethod(Invoker.java:821)
	at org.testng.internal.Invoker.invokeTestMethods(Invoker.java:1131)
	at org.testng.internal.TestMethodWorker.invokeTestMethods(TestMethodWorker.java:124)
	at org.testng.internal.TestMethodWorker.run(TestMethodWorker.java:108)
	at java.util.concurrent.ThreadPoolExecutor.runWorker(ThreadPoolExecutor.java:1149)
	at java.util.concurrent.ThreadPoolExecutor$Worker.run(ThreadPoolExecutor.java:624)
	at java.lang.Thread.run(Thread.java:748)
</pre></div></td>
<td>0</td>
<td>com.ca.tds.main.TDSFlowTest@523424b5</td></tr>
<tr>
<td title='com.ca.tds.main.TDSFlowTest.brwPreAreq()'><b>brwPreAreq</b><br>Test class: com.ca.tds.main.TDSFlowTest</td>
<td><div><pre>java.lang.AssertionError: ARes response json schema validation failed.&lt;br&gt;expected minLength: 17, actual: 4&lt;br&gt; api response : {&quot;acsTransID&quot;:&quot;fff67a27-0996-4580-bb77-5d12ef468522&quot;,&quot;dsName&quot;:&quot;mastercard&quot;,&quot;eci&quot;:&quot;07&quot;,&quot;callerTxnRefID&quot;:&quot;341b7153-da86-4543-860f-2ba47f0168a5&quot;,&quot;dsReferenceNumber&quot;:&quot;CADS&quot;,&quot;acsReferenceNumber&quot;:&quot;ABCDEF987654321&quot;,&quot;messageType&quot;:&quot;ARes&quot;,&quot;dsTransID&quot;:&quot;c2f74d88-b8be-41bf-b05e-2b4f713233bc&quot;,&quot;transStatusReason&quot;:&quot;09&quot;,&quot;acsOperatorID&quot;:&quot;ACS_OPERATOR_ID&quot;,&quot;messageVersion&quot;:&quot;2.1.0&quot;,&quot;transStatus&quot;:&quot;R&quot;,&quot;threeDSServerTransID&quot;:&quot;c28f19cd-d831-4a98-accb-43cbe47580eb&quot;}
	at com.ca.tds.main.TDSFlowTest.brwPreAreq(TDSFlowTest.java:176)
	at java.util.concurrent.ThreadPoolExecutor.runWorker(ThreadPoolExecutor.java:1149)
	at java.util.concurrent.ThreadPoolExecutor$Worker.run(ThreadPoolExecutor.java:624)
	at java.lang.Thread.run(Thread.java:748)
... Removed 10 stack frames</pre></div><a href='#' onClick='toggleBox("stack-trace300836928", this, "Click to show all stack frames", "Click to hide stack frames")'>Click to show all stack frames</a>
<div class='stack-trace' id='stack-trace300836928'><pre>java.lang.AssertionError: ARes response json schema validation failed.&lt;br&gt;expected minLength: 17, actual: 4&lt;br&gt; api response : {&quot;acsTransID&quot;:&quot;fff67a27-0996-4580-bb77-5d12ef468522&quot;,&quot;dsName&quot;:&quot;mastercard&quot;,&quot;eci&quot;:&quot;07&quot;,&quot;callerTxnRefID&quot;:&quot;341b7153-da86-4543-860f-2ba47f0168a5&quot;,&quot;dsReferenceNumber&quot;:&quot;CADS&quot;,&quot;acsReferenceNumber&quot;:&quot;ABCDEF987654321&quot;,&quot;messageType&quot;:&quot;ARes&quot;,&quot;dsTransID&quot;:&quot;c2f74d88-b8be-41bf-b05e-2b4f713233bc&quot;,&quot;transStatusReason&quot;:&quot;09&quot;,&quot;acsOperatorID&quot;:&quot;ACS_OPERATOR_ID&quot;,&quot;messageVersion&quot;:&quot;2.1.0&quot;,&quot;transStatus&quot;:&quot;R&quot;,&quot;threeDSServerTransID&quot;:&quot;c28f19cd-d831-4a98-accb-43cbe47580eb&quot;}
	at org.testng.Assert.fail(Assert.java:94)
	at com.ca.tds.main.TDSFlowTest.brwPreAreq(TDSFlowTest.java:176)
	at sun.reflect.GeneratedMethodAccessor36.invoke(Unknown Source)
	at sun.reflect.DelegatingMethodAccessorImpl.invoke(DelegatingMethodAccessorImpl.java:43)
	at java.lang.reflect.Method.invoke(Method.java:498)
	at org.testng.internal.MethodInvocationHelper.invokeMethod(MethodInvocationHelper.java:85)
	at org.testng.internal.Invoker.invokeMethod(Invoker.java:639)
	at org.testng.internal.Invoker.invokeTestMethod(Invoker.java:821)
	at org.testng.internal.Invoker.invokeTestMethods(Invoker.java:1131)
	at org.testng.internal.TestMethodWorker.invokeTestMethods(TestMethodWorker.java:124)
	at org.testng.internal.TestMethodWorker.run(TestMethodWorker.java:108)
	at java.util.concurrent.ThreadPoolExecutor.runWorker(ThreadPoolExecutor.java:1149)
	at java.util.concurrent.ThreadPoolExecutor$Worker.run(ThreadPoolExecutor.java:624)
	at java.lang.Thread.run(Thread.java:748)
</pre></div></td>
<td>0</td>
<td>com.ca.tds.main.TDSFlowTest@7997b197</td></tr>
</table><p>
<table width='100%' border='1' class='invocation-passed'>
<tr><td colspan='4' align='center'><b>PASSED TESTS</b></td></tr>
<tr><td><b>Test method</b></td>
<td width="30%"><b>Exception</b></td>
<td width="10%"><b>Time (seconds)</b></td>
<td><b>Instance</b></td>
</tr>
<tr>
<td title='com.ca.tds.main.TDSFlowTest.brwTDSMethodTest()'><b>brwTDSMethodTest</b><br>Test class: com.ca.tds.main.TDSFlowTest</td>
<td></td>
<td>1</td>
<td>com.ca.tds.main.TDSFlowTest@1922e6d</td></tr>
<tr>
<td title='com.ca.tds.main.TDSFlowTest.brwTDSMethodTest()'><b>brwTDSMethodTest</b><br>Test class: com.ca.tds.main.TDSFlowTest</td>
<td></td>
<td>0</td>
<td>com.ca.tds.main.TDSFlowTest@a77614d</td></tr>
<tr>
<td title='com.ca.tds.main.TDSFlowTest.brwTDSMethodTest()'><b>brwTDSMethodTest</b><br>Test class: com.ca.tds.main.TDSFlowTest</td>
<td></td>
<td>0</td>
<td>com.ca.tds.main.TDSFlowTest@7cbee484</td></tr>
<tr>
<td title='com.ca.tds.main.TDSFlowTest.brwTDSMethodTest()'><b>brwTDSMethodTest</b><br>Test class: com.ca.tds.main.TDSFlowTest</td>
<td></td>
<td>0</td>
<td>com.ca.tds.main.TDSFlowTest@4fd4cae3</td></tr>
<tr>
<td title='com.ca.tds.main.TDSFlowTest.brwTDSMethodTest()'><b>brwTDSMethodTest</b><br>Test class: com.ca.tds.main.TDSFlowTest</td>
<td></td>
<td>0</td>
<td>com.ca.tds.main.TDSFlowTest@62923ee6</td></tr>
<tr>
<td title='com.ca.tds.main.TDSFlowTest.brwTDSMethodTest()'><b>brwTDSMethodTest</b><br>Test class: com.ca.tds.main.TDSFlowTest</td>
<td></td>
<td>0</td>
<td>com.ca.tds.main.TDSFlowTest@532a02d9</td></tr>
<tr>
<td title='com.ca.tds.main.TDSFlowTest.brwTDSMethodTest()'><b>brwTDSMethodTest</b><br>Test class: com.ca.tds.main.TDSFlowTest</td>
<td></td>
<td>0</td>
<td>com.ca.tds.main.TDSFlowTest@6bab2585</td></tr>
<tr>
<td title='com.ca.tds.main.TDSFlowTest.brwTDSMethodTest()'><b>brwTDSMethodTest</b><br>Test class: com.ca.tds.main.TDSFlowTest</td>
<td></td>
<td>0</td>
<td>com.ca.tds.main.TDSFlowTest@a1217f9</td></tr>
<tr>
<td title='com.ca.tds.main.TDSFlowTest.brwTDSMethodTest()'><b>brwTDSMethodTest</b><br>Test class: com.ca.tds.main.TDSFlowTest</td>
<td></td>
<td>0</td>
<td>com.ca.tds.main.TDSFlowTest@7807ac2c</td></tr>
<tr>
<td title='com.ca.tds.main.TDSFlowTest.brwTDSMethodTest()'><b>brwTDSMethodTest</b><br>Test class: com.ca.tds.main.TDSFlowTest</td>
<td></td>
<td>0</td>
<td>com.ca.tds.main.TDSFlowTest@611f8234</td></tr>
<tr>
<td title='com.ca.tds.main.TDSFlowTest.brwTDSMethodTest()'><b>brwTDSMethodTest</b><br>Test class: com.ca.tds.main.TDSFlowTest</td>
<td></td>
<td>0</td>
<td>com.ca.tds.main.TDSFlowTest@460f76a6</td></tr>
<tr>
<td title='com.ca.tds.main.TDSFlowTest.brwTDSMethodTest()'><b>brwTDSMethodTest</b><br>Test class: com.ca.tds.main.TDSFlowTest</td>
<td></td>
<td>0</td>
<td>com.ca.tds.main.TDSFlowTest@11dee337</td></tr>
<tr>
<td title='com.ca.tds.main.TDSFlowTest.brwTDSMethodTest()'><b>brwTDSMethodTest</b><br>Test class: com.ca.tds.main.TDSFlowTest</td>
<td></td>
<td>0</td>
<td>com.ca.tds.main.TDSFlowTest@770d4269</td></tr>
<tr>
<td title='com.ca.tds.main.TDSFlowTest.brwTDSMethodTest()'><b>brwTDSMethodTest</b><br>Test class: com.ca.tds.main.TDSFlowTest</td>
<td></td>
<td>0</td>
<td>com.ca.tds.main.TDSFlowTest@29cfd92b</td></tr>
<tr>
<td title='com.ca.tds.main.TDSFlowTest.brwTDSMethodTest()'><b>brwTDSMethodTest</b><br>Test class: com.ca.tds.main.TDSFlowTest</td>
<td></td>
<td>0</td>
<td>com.ca.tds.main.TDSFlowTest@21c64522</td></tr>
<tr>
<td title='com.ca.tds.main.TDSFlowTest.brwTDSMethodTest()'><b>brwTDSMethodTest</b><br>Test class: com.ca.tds.main.TDSFlowTest</td>
<td></td>
<td>0</td>
<td>com.ca.tds.main.TDSFlowTest@55f3c410</td></tr>
<tr>
<td title='com.ca.tds.main.TDSFlowTest.brwTDSMethodTest()'><b>brwTDSMethodTest</b><br>Test class: com.ca.tds.main.TDSFlowTest</td>
<td></td>
<td>0</td>
<td>com.ca.tds.main.TDSFlowTest@4a067c25</td></tr>
<tr>
<td title='com.ca.tds.main.TDSFlowTest.brwTDSMethodTest()'><b>brwTDSMethodTest</b><br>Test class: com.ca.tds.main.TDSFlowTest</td>
<td></td>
<td>0</td>
<td>com.ca.tds.main.TDSFlowTest@4a8ab068</td></tr>
<tr>
<td title='com.ca.tds.main.TDSFlowTest.brwTDSMethodTest()'><b>brwTDSMethodTest</b><br>Test class: com.ca.tds.main.TDSFlowTest</td>
<td></td>
<td>0</td>
<td>com.ca.tds.main.TDSFlowTest@3bde62ff</td></tr>
<tr>
<td title='com.ca.tds.main.TDSFlowTest.brwTDSMethodTest()'><b>brwTDSMethodTest</b><br>Test class: com.ca.tds.main.TDSFlowTest</td>
<td></td>
<td>0</td>
<td>com.ca.tds.main.TDSFlowTest@11acdc30</td></tr>
<tr>
<td title='com.ca.tds.main.TDSFlowTest.brwTDSMethodTest()'><b>brwTDSMethodTest</b><br>Test class: com.ca.tds.main.TDSFlowTest</td>
<td></td>
<td>0</td>
<td>com.ca.tds.main.TDSFlowTest@76a82f33</td></tr>
<tr>
<td title='com.ca.tds.main.TDSFlowTest.brwTDSMethodTest()'><b>brwTDSMethodTest</b><br>Test class: com.ca.tds.main.TDSFlowTest</td>
<td></td>
<td>0</td>
<td>com.ca.tds.main.TDSFlowTest@4089713</td></tr>
<tr>
<td title='com.ca.tds.main.TDSFlowTest.brwTDSMethodTest()'><b>brwTDSMethodTest</b><br>Test class: com.ca.tds.main.TDSFlowTest</td>
<td></td>
<td>0</td>
<td>com.ca.tds.main.TDSFlowTest@644c78d4</td></tr>
<tr>
<td title='com.ca.tds.main.TDSFlowTest.brwTDSMethodTest()'><b>brwTDSMethodTest</b><br>Test class: com.ca.tds.main.TDSFlowTest</td>
<td></td>
<td>0</td>
<td>com.ca.tds.main.TDSFlowTest@b91d8c4</td></tr>
<tr>
<td title='com.ca.tds.main.TDSFlowTest.brwTDSMethodTest()'><b>brwTDSMethodTest</b><br>Test class: com.ca.tds.main.TDSFlowTest</td>
<td></td>
<td>0</td>
<td>com.ca.tds.main.TDSFlowTest@74bdc168</td></tr>
<tr>
<td title='com.ca.tds.main.TDSFlowTest.brwTDSMethodTest()'><b>brwTDSMethodTest</b><br>Test class: com.ca.tds.main.TDSFlowTest</td>
<td></td>
<td>0</td>
<td>com.ca.tds.main.TDSFlowTest@7bb3a9fe</td></tr>
<tr>
<td title='com.ca.tds.main.TDSFlowTest.brwTDSMethodTest()'><b>brwTDSMethodTest</b><br>Test class: com.ca.tds.main.TDSFlowTest</td>
<td></td>
<td>0</td>
<td>com.ca.tds.main.TDSFlowTest@f19c9d2</td></tr>
<tr>
<td title='com.ca.tds.main.TDSFlowTest.brwTDSMethodTest()'><b>brwTDSMethodTest</b><br>Test class: com.ca.tds.main.TDSFlowTest</td>
<td></td>
<td>0</td>
<td>com.ca.tds.main.TDSFlowTest@4b6166aa</td></tr>
<tr>
<td title='com.ca.tds.main.TDSFlowTest.brwTDSMethodTest()'><b>brwTDSMethodTest</b><br>Test class: com.ca.tds.main.TDSFlowTest</td>
<td></td>
<td>0</td>
<td>com.ca.tds.main.TDSFlowTest@7f811d00</td></tr>
<tr>
<td title='com.ca.tds.main.TDSFlowTest.brwTDSMethodTest()'><b>brwTDSMethodTest</b><br>Test class: com.ca.tds.main.TDSFlowTest</td>
<td></td>
<td>0</td>
<td>com.ca.tds.main.TDSFlowTest@523424b5</td></tr>
<tr>
<td title='com.ca.tds.main.TDSFlowTest.brwTDSMethodTest()'><b>brwTDSMethodTest</b><br>Test class: com.ca.tds.main.TDSFlowTest</td>
<td></td>
<td>0</td>
<td>com.ca.tds.main.TDSFlowTest@7997b197</td></tr>
</table><p>
<table width='100%' border='1' class='invocation-skipped'>
<tr><td colspan='4' align='center'><b>SKIPPED TESTS</b></td></tr>
<tr><td><b>Test method</b></td>
<td width="30%"><b>Exception</b></td>
<td width="10%"><b>Time (seconds)</b></td>
<td><b>Instance</b></td>
</tr>
<tr>
<td title='com.ca.tds.main.TDSFlowTest.rReqTest()'><b>rReqTest</b><br>Test class: com.ca.tds.main.TDSFlowTest</td>
<td><div><pre>org.testng.SkipException: Skipping [rReqTest] because the [rReqRequired] assumption(s) do not hold.
	at nl.javadude.assumeng.AssumptionListener.beforeInvocation(AssumptionListener.java:43)
	at java.util.concurrent.ThreadPoolExecutor.runWorker(ThreadPoolExecutor.java:1149)
	at java.util.concurrent.ThreadPoolExecutor$Worker.run(ThreadPoolExecutor.java:624)
	at java.lang.Thread.run(Thread.java:748)
... Removed 8 stack frames</pre></div><a href='#' onClick='toggleBox("stack-trace1634251717", this, "Click to show all stack frames", "Click to hide stack frames")'>Click to show all stack frames</a>
<div class='stack-trace' id='stack-trace1634251717'><pre>org.testng.SkipException: Skipping [rReqTest] because the [rReqRequired] assumption(s) do not hold.
	at nl.javadude.assumeng.AssumptionListener.beforeInvocation(AssumptionListener.java:43)
	at org.testng.internal.invokers.InvokedMethodListenerInvoker$InvokeBeforeInvocationWithoutContextStrategy.callMethod(InvokedMethodListenerInvoker.java:84)
	at org.testng.internal.invokers.InvokedMethodListenerInvoker.invokeListener(InvokedMethodListenerInvoker.java:62)
	at org.testng.internal.Invoker.runInvokedMethodListeners(Invoker.java:552)
	at org.testng.internal.Invoker.invokeMethod(Invoker.java:617)
	at org.testng.internal.Invoker.invokeTestMethod(Invoker.java:821)
	at org.testng.internal.Invoker.invokeTestMethods(Invoker.java:1131)
	at org.testng.internal.TestMethodWorker.invokeTestMethods(TestMethodWorker.java:124)
	at org.testng.internal.TestMethodWorker.run(TestMethodWorker.java:108)
	at java.util.concurrent.ThreadPoolExecutor.runWorker(ThreadPoolExecutor.java:1149)
	at java.util.concurrent.ThreadPoolExecutor$Worker.run(ThreadPoolExecutor.java:624)
	at java.lang.Thread.run(Thread.java:748)
</pre></div></td>
<td>0</td>
<td>com.ca.tds.main.TDSFlowTest@1922e6d</td></tr>
<tr>
<td title='com.ca.tds.main.TDSFlowTest.rReqTest()'><b>rReqTest</b><br>Test class: com.ca.tds.main.TDSFlowTest</td>
<td><div><pre>org.testng.SkipException: Skipping [rReqTest] because the [rReqRequired] assumption(s) do not hold.
	at nl.javadude.assumeng.AssumptionListener.beforeInvocation(AssumptionListener.java:43)
	at java.util.concurrent.ThreadPoolExecutor.runWorker(ThreadPoolExecutor.java:1149)
	at java.util.concurrent.ThreadPoolExecutor$Worker.run(ThreadPoolExecutor.java:624)
	at java.lang.Thread.run(Thread.java:748)
... Removed 8 stack frames</pre></div><a href='#' onClick='toggleBox("stack-trace46362061", this, "Click to show all stack frames", "Click to hide stack frames")'>Click to show all stack frames</a>
<div class='stack-trace' id='stack-trace46362061'><pre>org.testng.SkipException: Skipping [rReqTest] because the [rReqRequired] assumption(s) do not hold.
	at nl.javadude.assumeng.AssumptionListener.beforeInvocation(AssumptionListener.java:43)
	at org.testng.internal.invokers.InvokedMethodListenerInvoker$InvokeBeforeInvocationWithoutContextStrategy.callMethod(InvokedMethodListenerInvoker.java:84)
	at org.testng.internal.invokers.InvokedMethodListenerInvoker.invokeListener(InvokedMethodListenerInvoker.java:62)
	at org.testng.internal.Invoker.runInvokedMethodListeners(Invoker.java:552)
	at org.testng.internal.Invoker.invokeMethod(Invoker.java:617)
	at org.testng.internal.Invoker.invokeTestMethod(Invoker.java:821)
	at org.testng.internal.Invoker.invokeTestMethods(Invoker.java:1131)
	at org.testng.internal.TestMethodWorker.invokeTestMethods(TestMethodWorker.java:124)
	at org.testng.internal.TestMethodWorker.run(TestMethodWorker.java:108)
	at java.util.concurrent.ThreadPoolExecutor.runWorker(ThreadPoolExecutor.java:1149)
	at java.util.concurrent.ThreadPoolExecutor$Worker.run(ThreadPoolExecutor.java:624)
	at java.lang.Thread.run(Thread.java:748)
</pre></div></td>
<td>0</td>
<td>com.ca.tds.main.TDSFlowTest@a77614d</td></tr>
<tr>
<td title='com.ca.tds.main.TDSFlowTest.rReqTest()'><b>rReqTest</b><br>Test class: com.ca.tds.main.TDSFlowTest</td>
<td><div><pre>org.testng.SkipException: Skipping [rReqTest] because the [rReqRequired] assumption(s) do not hold.
	at nl.javadude.assumeng.AssumptionListener.beforeInvocation(AssumptionListener.java:43)
	at java.util.concurrent.ThreadPoolExecutor.runWorker(ThreadPoolExecutor.java:1149)
	at java.util.concurrent.ThreadPoolExecutor$Worker.run(ThreadPoolExecutor.java:624)
	at java.lang.Thread.run(Thread.java:748)
... Removed 8 stack frames</pre></div><a href='#' onClick='toggleBox("stack-trace666663953", this, "Click to show all stack frames", "Click to hide stack frames")'>Click to show all stack frames</a>
<div class='stack-trace' id='stack-trace666663953'><pre>org.testng.SkipException: Skipping [rReqTest] because the [rReqRequired] assumption(s) do not hold.
	at nl.javadude.assumeng.AssumptionListener.beforeInvocation(AssumptionListener.java:43)
	at org.testng.internal.invokers.InvokedMethodListenerInvoker$InvokeBeforeInvocationWithoutContextStrategy.callMethod(InvokedMethodListenerInvoker.java:84)
	at org.testng.internal.invokers.InvokedMethodListenerInvoker.invokeListener(InvokedMethodListenerInvoker.java:62)
	at org.testng.internal.Invoker.runInvokedMethodListeners(Invoker.java:552)
	at org.testng.internal.Invoker.invokeMethod(Invoker.java:617)
	at org.testng.internal.Invoker.invokeTestMethod(Invoker.java:821)
	at org.testng.internal.Invoker.invokeTestMethods(Invoker.java:1131)
	at org.testng.internal.TestMethodWorker.invokeTestMethods(TestMethodWorker.java:124)
	at org.testng.internal.TestMethodWorker.run(TestMethodWorker.java:108)
	at java.util.concurrent.ThreadPoolExecutor.runWorker(ThreadPoolExecutor.java:1149)
	at java.util.concurrent.ThreadPoolExecutor$Worker.run(ThreadPoolExecutor.java:624)
	at java.lang.Thread.run(Thread.java:748)
</pre></div></td>
<td>0</td>
<td>com.ca.tds.main.TDSFlowTest@7cbee484</td></tr>
<tr>
<td title='com.ca.tds.main.TDSFlowTest.rReqTest()'><b>rReqTest</b><br>Test class: com.ca.tds.main.TDSFlowTest</td>
<td><div><pre>org.testng.SkipException: Skipping [rReqTest] because the [rReqRequired] assumption(s) do not hold.
	at nl.javadude.assumeng.AssumptionListener.beforeInvocation(AssumptionListener.java:43)
	at java.util.concurrent.ThreadPoolExecutor.runWorker(ThreadPoolExecutor.java:1149)
	at java.util.concurrent.ThreadPoolExecutor$Worker.run(ThreadPoolExecutor.java:624)
	at java.lang.Thread.run(Thread.java:748)
... Removed 8 stack frames</pre></div><a href='#' onClick='toggleBox("stack-trace2094640430", this, "Click to show all stack frames", "Click to hide stack frames")'>Click to show all stack frames</a>
<div class='stack-trace' id='stack-trace2094640430'><pre>org.testng.SkipException: Skipping [rReqTest] because the [rReqRequired] assumption(s) do not hold.
	at nl.javadude.assumeng.AssumptionListener.beforeInvocation(AssumptionListener.java:43)
	at org.testng.internal.invokers.InvokedMethodListenerInvoker$InvokeBeforeInvocationWithoutContextStrategy.callMethod(InvokedMethodListenerInvoker.java:84)
	at org.testng.internal.invokers.InvokedMethodListenerInvoker.invokeListener(InvokedMethodListenerInvoker.java:62)
	at org.testng.internal.Invoker.runInvokedMethodListeners(Invoker.java:552)
	at org.testng.internal.Invoker.invokeMethod(Invoker.java:617)
	at org.testng.internal.Invoker.invokeTestMethod(Invoker.java:821)
	at org.testng.internal.Invoker.invokeTestMethods(Invoker.java:1131)
	at org.testng.internal.TestMethodWorker.invokeTestMethods(TestMethodWorker.java:124)
	at org.testng.internal.TestMethodWorker.run(TestMethodWorker.java:108)
	at java.util.concurrent.ThreadPoolExecutor.runWorker(ThreadPoolExecutor.java:1149)
	at java.util.concurrent.ThreadPoolExecutor$Worker.run(ThreadPoolExecutor.java:624)
	at java.lang.Thread.run(Thread.java:748)
</pre></div></td>
<td>0</td>
<td>com.ca.tds.main.TDSFlowTest@4fd4cae3</td></tr>
<tr>
<td title='com.ca.tds.main.TDSFlowTest.rReqTest()'><b>rReqTest</b><br>Test class: com.ca.tds.main.TDSFlowTest</td>
<td><div><pre>org.testng.SkipException: Skipping [rReqTest] because the [rReqRequired] assumption(s) do not hold.
	at nl.javadude.assumeng.AssumptionListener.beforeInvocation(AssumptionListener.java:43)
	at java.util.concurrent.ThreadPoolExecutor.runWorker(ThreadPoolExecutor.java:1149)
	at java.util.concurrent.ThreadPoolExecutor$Worker.run(ThreadPoolExecutor.java:624)
	at java.lang.Thread.run(Thread.java:748)
... Removed 8 stack frames</pre></div><a href='#' onClick='toggleBox("stack-trace1158222687", this, "Click to show all stack frames", "Click to hide stack frames")'>Click to show all stack frames</a>
<div class='stack-trace' id='stack-trace1158222687'><pre>org.testng.SkipException: Skipping [rReqTest] because the [rReqRequired] assumption(s) do not hold.
	at nl.javadude.assumeng.AssumptionListener.beforeInvocation(AssumptionListener.java:43)
	at org.testng.internal.invokers.InvokedMethodListenerInvoker$InvokeBeforeInvocationWithoutContextStrategy.callMethod(InvokedMethodListenerInvoker.java:84)
	at org.testng.internal.invokers.InvokedMethodListenerInvoker.invokeListener(InvokedMethodListenerInvoker.java:62)
	at org.testng.internal.Invoker.runInvokedMethodListeners(Invoker.java:552)
	at org.testng.internal.Invoker.invokeMethod(Invoker.java:617)
	at org.testng.internal.Invoker.invokeTestMethod(Invoker.java:821)
	at org.testng.internal.Invoker.invokeTestMethods(Invoker.java:1131)
	at org.testng.internal.TestMethodWorker.invokeTestMethods(TestMethodWorker.java:124)
	at org.testng.internal.TestMethodWorker.run(TestMethodWorker.java:108)
	at java.util.concurrent.ThreadPoolExecutor.runWorker(ThreadPoolExecutor.java:1149)
	at java.util.concurrent.ThreadPoolExecutor$Worker.run(ThreadPoolExecutor.java:624)
	at java.lang.Thread.run(Thread.java:748)
</pre></div></td>
<td>0</td>
<td>com.ca.tds.main.TDSFlowTest@62923ee6</td></tr>
<tr>
<td title='com.ca.tds.main.TDSFlowTest.rReqTest()'><b>rReqTest</b><br>Test class: com.ca.tds.main.TDSFlowTest</td>
<td><div><pre>org.testng.SkipException: Skipping [rReqTest] because the [rReqRequired] assumption(s) do not hold.
	at nl.javadude.assumeng.AssumptionListener.beforeInvocation(AssumptionListener.java:43)
	at java.util.concurrent.ThreadPoolExecutor.runWorker(ThreadPoolExecutor.java:1149)
	at java.util.concurrent.ThreadPoolExecutor$Worker.run(ThreadPoolExecutor.java:624)
	at java.lang.Thread.run(Thread.java:748)
... Removed 8 stack frames</pre></div><a href='#' onClick='toggleBox("stack-trace901044701", this, "Click to show all stack frames", "Click to hide stack frames")'>Click to show all stack frames</a>
<div class='stack-trace' id='stack-trace901044701'><pre>org.testng.SkipException: Skipping [rReqTest] because the [rReqRequired] assumption(s) do not hold.
	at nl.javadude.assumeng.AssumptionListener.beforeInvocation(AssumptionListener.java:43)
	at org.testng.internal.invokers.InvokedMethodListenerInvoker$InvokeBeforeInvocationWithoutContextStrategy.callMethod(InvokedMethodListenerInvoker.java:84)
	at org.testng.internal.invokers.InvokedMethodListenerInvoker.invokeListener(InvokedMethodListenerInvoker.java:62)
	at org.testng.internal.Invoker.runInvokedMethodListeners(Invoker.java:552)
	at org.testng.internal.Invoker.invokeMethod(Invoker.java:617)
	at org.testng.internal.Invoker.invokeTestMethod(Invoker.java:821)
	at org.testng.internal.Invoker.invokeTestMethods(Invoker.java:1131)
	at org.testng.internal.TestMethodWorker.invokeTestMethods(TestMethodWorker.java:124)
	at org.testng.internal.TestMethodWorker.run(TestMethodWorker.java:108)
	at java.util.concurrent.ThreadPoolExecutor.runWorker(ThreadPoolExecutor.java:1149)
	at java.util.concurrent.ThreadPoolExecutor$Worker.run(ThreadPoolExecutor.java:624)
	at java.lang.Thread.run(Thread.java:748)
</pre></div></td>
<td>0</td>
<td>com.ca.tds.main.TDSFlowTest@532a02d9</td></tr>
<tr>
<td title='com.ca.tds.main.TDSFlowTest.rReqTest()'><b>rReqTest</b><br>Test class: com.ca.tds.main.TDSFlowTest</td>
<td><div><pre>org.testng.SkipException: Skipping [rReqTest] because the [rReqRequired] assumption(s) do not hold.
	at nl.javadude.assumeng.AssumptionListener.beforeInvocation(AssumptionListener.java:43)
	at java.util.concurrent.ThreadPoolExecutor.runWorker(ThreadPoolExecutor.java:1149)
	at java.util.concurrent.ThreadPoolExecutor$Worker.run(ThreadPoolExecutor.java:624)
	at java.lang.Thread.run(Thread.java:748)
... Removed 8 stack frames</pre></div><a href='#' onClick='toggleBox("stack-trace1931015591", this, "Click to show all stack frames", "Click to hide stack frames")'>Click to show all stack frames</a>
<div class='stack-trace' id='stack-trace1931015591'><pre>org.testng.SkipException: Skipping [rReqTest] because the [rReqRequired] assumption(s) do not hold.
	at nl.javadude.assumeng.AssumptionListener.beforeInvocation(AssumptionListener.java:43)
	at org.testng.internal.invokers.InvokedMethodListenerInvoker$InvokeBeforeInvocationWithoutContextStrategy.callMethod(InvokedMethodListenerInvoker.java:84)
	at org.testng.internal.invokers.InvokedMethodListenerInvoker.invokeListener(InvokedMethodListenerInvoker.java:62)
	at org.testng.internal.Invoker.runInvokedMethodListeners(Invoker.java:552)
	at org.testng.internal.Invoker.invokeMethod(Invoker.java:617)
	at org.testng.internal.Invoker.invokeTestMethod(Invoker.java:821)
	at org.testng.internal.Invoker.invokeTestMethods(Invoker.java:1131)
	at org.testng.internal.TestMethodWorker.invokeTestMethods(TestMethodWorker.java:124)
	at org.testng.internal.TestMethodWorker.run(TestMethodWorker.java:108)
	at java.util.concurrent.ThreadPoolExecutor.runWorker(ThreadPoolExecutor.java:1149)
	at java.util.concurrent.ThreadPoolExecutor$Worker.run(ThreadPoolExecutor.java:624)
	at java.lang.Thread.run(Thread.java:748)
</pre></div></td>
<td>0</td>
<td>com.ca.tds.main.TDSFlowTest@6bab2585</td></tr>
<tr>
<td title='com.ca.tds.main.TDSFlowTest.rReqTest()'><b>rReqTest</b><br>Test class: com.ca.tds.main.TDSFlowTest</td>
<td><div><pre>org.testng.SkipException: Skipping [rReqTest] because the [rReqRequired] assumption(s) do not hold.
	at nl.javadude.assumeng.AssumptionListener.beforeInvocation(AssumptionListener.java:43)
	at java.util.concurrent.ThreadPoolExecutor.runWorker(ThreadPoolExecutor.java:1149)
	at java.util.concurrent.ThreadPoolExecutor$Worker.run(ThreadPoolExecutor.java:624)
	at java.lang.Thread.run(Thread.java:748)
... Removed 8 stack frames</pre></div><a href='#' onClick='toggleBox("stack-trace1806242106", this, "Click to show all stack frames", "Click to hide stack frames")'>Click to show all stack frames</a>
<div class='stack-trace' id='stack-trace1806242106'><pre>org.testng.SkipException: Skipping [rReqTest] because the [rReqRequired] assumption(s) do not hold.
	at nl.javadude.assumeng.AssumptionListener.beforeInvocation(AssumptionListener.java:43)
	at org.testng.internal.invokers.InvokedMethodListenerInvoker$InvokeBeforeInvocationWithoutContextStrategy.callMethod(InvokedMethodListenerInvoker.java:84)
	at org.testng.internal.invokers.InvokedMethodListenerInvoker.invokeListener(InvokedMethodListenerInvoker.java:62)
	at org.testng.internal.Invoker.runInvokedMethodListeners(Invoker.java:552)
	at org.testng.internal.Invoker.invokeMethod(Invoker.java:617)
	at org.testng.internal.Invoker.invokeTestMethod(Invoker.java:821)
	at org.testng.internal.Invoker.invokeTestMethods(Invoker.java:1131)
	at org.testng.internal.TestMethodWorker.invokeTestMethods(TestMethodWorker.java:124)
	at org.testng.internal.TestMethodWorker.run(TestMethodWorker.java:108)
	at java.util.concurrent.ThreadPoolExecutor.runWorker(ThreadPoolExecutor.java:1149)
	at java.util.concurrent.ThreadPoolExecutor$Worker.run(ThreadPoolExecutor.java:624)
	at java.lang.Thread.run(Thread.java:748)
</pre></div></td>
<td>0</td>
<td>com.ca.tds.main.TDSFlowTest@a1217f9</td></tr>
<tr>
<td title='com.ca.tds.main.TDSFlowTest.rReqTest()'><b>rReqTest</b><br>Test class: com.ca.tds.main.TDSFlowTest</td>
<td><div><pre>org.testng.SkipException: Skipping [rReqTest] because the [rReqRequired] assumption(s) do not hold.
	at nl.javadude.assumeng.AssumptionListener.beforeInvocation(AssumptionListener.java:43)
	at java.util.concurrent.ThreadPoolExecutor.runWorker(ThreadPoolExecutor.java:1149)
	at java.util.concurrent.ThreadPoolExecutor$Worker.run(ThreadPoolExecutor.java:624)
	at java.lang.Thread.run(Thread.java:748)
... Removed 8 stack frames</pre></div><a href='#' onClick='toggleBox("stack-trace869372168", this, "Click to show all stack frames", "Click to hide stack frames")'>Click to show all stack frames</a>
<div class='stack-trace' id='stack-trace869372168'><pre>org.testng.SkipException: Skipping [rReqTest] because the [rReqRequired] assumption(s) do not hold.
	at nl.javadude.assumeng.AssumptionListener.beforeInvocation(AssumptionListener.java:43)
	at org.testng.internal.invokers.InvokedMethodListenerInvoker$InvokeBeforeInvocationWithoutContextStrategy.callMethod(InvokedMethodListenerInvoker.java:84)
	at org.testng.internal.invokers.InvokedMethodListenerInvoker.invokeListener(InvokedMethodListenerInvoker.java:62)
	at org.testng.internal.Invoker.runInvokedMethodListeners(Invoker.java:552)
	at org.testng.internal.Invoker.invokeMethod(Invoker.java:617)
	at org.testng.internal.Invoker.invokeTestMethod(Invoker.java:821)
	at org.testng.internal.Invoker.invokeTestMethods(Invoker.java:1131)
	at org.testng.internal.TestMethodWorker.invokeTestMethods(TestMethodWorker.java:124)
	at org.testng.internal.TestMethodWorker.run(TestMethodWorker.java:108)
	at java.util.concurrent.ThreadPoolExecutor.runWorker(ThreadPoolExecutor.java:1149)
	at java.util.concurrent.ThreadPoolExecutor$Worker.run(ThreadPoolExecutor.java:624)
	at java.lang.Thread.run(Thread.java:748)
</pre></div></td>
<td>0</td>
<td>com.ca.tds.main.TDSFlowTest@7807ac2c</td></tr>
<tr>
<td title='com.ca.tds.main.TDSFlowTest.rReqTest()'><b>rReqTest</b><br>Test class: com.ca.tds.main.TDSFlowTest</td>
<td><div><pre>org.testng.SkipException: Skipping [rReqTest] because the [rReqRequired] assumption(s) do not hold.
	at nl.javadude.assumeng.AssumptionListener.beforeInvocation(AssumptionListener.java:43)
	at java.util.concurrent.ThreadPoolExecutor.runWorker(ThreadPoolExecutor.java:1149)
	at java.util.concurrent.ThreadPoolExecutor$Worker.run(ThreadPoolExecutor.java:624)
	at java.lang.Thread.run(Thread.java:748)
... Removed 8 stack frames</pre></div><a href='#' onClick='toggleBox("stack-trace329572113", this, "Click to show all stack frames", "Click to hide stack frames")'>Click to show all stack frames</a>
<div class='stack-trace' id='stack-trace329572113'><pre>org.testng.SkipException: Skipping [rReqTest] because the [rReqRequired] assumption(s) do not hold.
	at nl.javadude.assumeng.AssumptionListener.beforeInvocation(AssumptionListener.java:43)
	at org.testng.internal.invokers.InvokedMethodListenerInvoker$InvokeBeforeInvocationWithoutContextStrategy.callMethod(InvokedMethodListenerInvoker.java:84)
	at org.testng.internal.invokers.InvokedMethodListenerInvoker.invokeListener(InvokedMethodListenerInvoker.java:62)
	at org.testng.internal.Invoker.runInvokedMethodListeners(Invoker.java:552)
	at org.testng.internal.Invoker.invokeMethod(Invoker.java:617)
	at org.testng.internal.Invoker.invokeTestMethod(Invoker.java:821)
	at org.testng.internal.Invoker.invokeTestMethods(Invoker.java:1131)
	at org.testng.internal.TestMethodWorker.invokeTestMethods(TestMethodWorker.java:124)
	at org.testng.internal.TestMethodWorker.run(TestMethodWorker.java:108)
	at java.util.concurrent.ThreadPoolExecutor.runWorker(ThreadPoolExecutor.java:1149)
	at java.util.concurrent.ThreadPoolExecutor$Worker.run(ThreadPoolExecutor.java:624)
	at java.lang.Thread.run(Thread.java:748)
</pre></div></td>
<td>0</td>
<td>com.ca.tds.main.TDSFlowTest@611f8234</td></tr>
<tr>
<td title='com.ca.tds.main.TDSFlowTest.rReqTest()'><b>rReqTest</b><br>Test class: com.ca.tds.main.TDSFlowTest</td>
<td><div><pre>org.testng.SkipException: Skipping [rReqTest] because the [rReqRequired] assumption(s) do not hold.
	at nl.javadude.assumeng.AssumptionListener.beforeInvocation(AssumptionListener.java:43)
	at java.util.concurrent.ThreadPoolExecutor.runWorker(ThreadPoolExecutor.java:1149)
	at java.util.concurrent.ThreadPoolExecutor$Worker.run(ThreadPoolExecutor.java:624)
	at java.lang.Thread.run(Thread.java:748)
... Removed 8 stack frames</pre></div><a href='#' onClick='toggleBox("stack-trace994956342", this, "Click to show all stack frames", "Click to hide stack frames")'>Click to show all stack frames</a>
<div class='stack-trace' id='stack-trace994956342'><pre>org.testng.SkipException: Skipping [rReqTest] because the [rReqRequired] assumption(s) do not hold.
	at nl.javadude.assumeng.AssumptionListener.beforeInvocation(AssumptionListener.java:43)
	at org.testng.internal.invokers.InvokedMethodListenerInvoker$InvokeBeforeInvocationWithoutContextStrategy.callMethod(InvokedMethodListenerInvoker.java:84)
	at org.testng.internal.invokers.InvokedMethodListenerInvoker.invokeListener(InvokedMethodListenerInvoker.java:62)
	at org.testng.internal.Invoker.runInvokedMethodListeners(Invoker.java:552)
	at org.testng.internal.Invoker.invokeMethod(Invoker.java:617)
	at org.testng.internal.Invoker.invokeTestMethod(Invoker.java:821)
	at org.testng.internal.Invoker.invokeTestMethods(Invoker.java:1131)
	at org.testng.internal.TestMethodWorker.invokeTestMethods(TestMethodWorker.java:124)
	at org.testng.internal.TestMethodWorker.run(TestMethodWorker.java:108)
	at java.util.concurrent.ThreadPoolExecutor.runWorker(ThreadPoolExecutor.java:1149)
	at java.util.concurrent.ThreadPoolExecutor$Worker.run(ThreadPoolExecutor.java:624)
	at java.lang.Thread.run(Thread.java:748)
</pre></div></td>
<td>0</td>
<td>com.ca.tds.main.TDSFlowTest@460f76a6</td></tr>
<tr>
<td title='com.ca.tds.main.TDSFlowTest.rReqTest()'><b>rReqTest</b><br>Test class: com.ca.tds.main.TDSFlowTest</td>
<td><div><pre>org.testng.SkipException: Skipping [rReqTest] because the [rReqRequired] assumption(s) do not hold.
	at nl.javadude.assumeng.AssumptionListener.beforeInvocation(AssumptionListener.java:43)
	at java.util.concurrent.ThreadPoolExecutor.runWorker(ThreadPoolExecutor.java:1149)
	at java.util.concurrent.ThreadPoolExecutor$Worker.run(ThreadPoolExecutor.java:624)
	at java.lang.Thread.run(Thread.java:748)
... Removed 8 stack frames</pre></div><a href='#' onClick='toggleBox("stack-trace1106280059", this, "Click to show all stack frames", "Click to hide stack frames")'>Click to show all stack frames</a>
<div class='stack-trace' id='stack-trace1106280059'><pre>org.testng.SkipException: Skipping [rReqTest] because the [rReqRequired] assumption(s) do not hold.
	at nl.javadude.assumeng.AssumptionListener.beforeInvocation(AssumptionListener.java:43)
	at org.testng.internal.invokers.InvokedMethodListenerInvoker$InvokeBeforeInvocationWithoutContextStrategy.callMethod(InvokedMethodListenerInvoker.java:84)
	at org.testng.internal.invokers.InvokedMethodListenerInvoker.invokeListener(InvokedMethodListenerInvoker.java:62)
	at org.testng.internal.Invoker.runInvokedMethodListeners(Invoker.java:552)
	at org.testng.internal.Invoker.invokeMethod(Invoker.java:617)
	at org.testng.internal.Invoker.invokeTestMethod(Invoker.java:821)
	at org.testng.internal.Invoker.invokeTestMethods(Invoker.java:1131)
	at org.testng.internal.TestMethodWorker.invokeTestMethods(TestMethodWorker.java:124)
	at org.testng.internal.TestMethodWorker.run(TestMethodWorker.java:108)
	at java.util.concurrent.ThreadPoolExecutor.runWorker(ThreadPoolExecutor.java:1149)
	at java.util.concurrent.ThreadPoolExecutor$Worker.run(ThreadPoolExecutor.java:624)
	at java.lang.Thread.run(Thread.java:748)
</pre></div></td>
<td>0</td>
<td>com.ca.tds.main.TDSFlowTest@11dee337</td></tr>
<tr>
<td title='com.ca.tds.main.TDSFlowTest.rReqTest()'><b>rReqTest</b><br>Test class: com.ca.tds.main.TDSFlowTest</td>
<td><div><pre>org.testng.SkipException: Skipping [rReqTest] because the [rReqRequired] assumption(s) do not hold.
	at nl.javadude.assumeng.AssumptionListener.beforeInvocation(AssumptionListener.java:43)
	at java.util.concurrent.ThreadPoolExecutor.runWorker(ThreadPoolExecutor.java:1149)
	at java.util.concurrent.ThreadPoolExecutor$Worker.run(ThreadPoolExecutor.java:624)
	at java.lang.Thread.run(Thread.java:748)
... Removed 8 stack frames</pre></div><a href='#' onClick='toggleBox("stack-trace2000463000", this, "Click to show all stack frames", "Click to hide stack frames")'>Click to show all stack frames</a>
<div class='stack-trace' id='stack-trace2000463000'><pre>org.testng.SkipException: Skipping [rReqTest] because the [rReqRequired] assumption(s) do not hold.
	at nl.javadude.assumeng.AssumptionListener.beforeInvocation(AssumptionListener.java:43)
	at org.testng.internal.invokers.InvokedMethodListenerInvoker$InvokeBeforeInvocationWithoutContextStrategy.callMethod(InvokedMethodListenerInvoker.java:84)
	at org.testng.internal.invokers.InvokedMethodListenerInvoker.invokeListener(InvokedMethodListenerInvoker.java:62)
	at org.testng.internal.Invoker.runInvokedMethodListeners(Invoker.java:552)
	at org.testng.internal.Invoker.invokeMethod(Invoker.java:617)
	at org.testng.internal.Invoker.invokeTestMethod(Invoker.java:821)
	at org.testng.internal.Invoker.invokeTestMethods(Invoker.java:1131)
	at org.testng.internal.TestMethodWorker.invokeTestMethods(TestMethodWorker.java:124)
	at org.testng.internal.TestMethodWorker.run(TestMethodWorker.java:108)
	at java.util.concurrent.ThreadPoolExecutor.runWorker(ThreadPoolExecutor.java:1149)
	at java.util.concurrent.ThreadPoolExecutor$Worker.run(ThreadPoolExecutor.java:624)
	at java.lang.Thread.run(Thread.java:748)
</pre></div></td>
<td>0</td>
<td>com.ca.tds.main.TDSFlowTest@770d4269</td></tr>
<tr>
<td title='com.ca.tds.main.TDSFlowTest.rReqTest()'><b>rReqTest</b><br>Test class: com.ca.tds.main.TDSFlowTest</td>
<td><div><pre>org.testng.SkipException: Skipping [rReqTest] because the [rReqRequired] assumption(s) do not hold.
	at nl.javadude.assumeng.AssumptionListener.beforeInvocation(AssumptionListener.java:43)
	at java.util.concurrent.ThreadPoolExecutor.runWorker(ThreadPoolExecutor.java:1149)
	at java.util.concurrent.ThreadPoolExecutor$Worker.run(ThreadPoolExecutor.java:624)
	at java.lang.Thread.run(Thread.java:748)
... Removed 8 stack frames</pre></div><a href='#' onClick='toggleBox("stack-trace527651483", this, "Click to show all stack frames", "Click to hide stack frames")'>Click to show all stack frames</a>
<div class='stack-trace' id='stack-trace527651483'><pre>org.testng.SkipException: Skipping [rReqTest] because the [rReqRequired] assumption(s) do not hold.
	at nl.javadude.assumeng.AssumptionListener.beforeInvocation(AssumptionListener.java:43)
	at org.testng.internal.invokers.InvokedMethodListenerInvoker$InvokeBeforeInvocationWithoutContextStrategy.callMethod(InvokedMethodListenerInvoker.java:84)
	at org.testng.internal.invokers.InvokedMethodListenerInvoker.invokeListener(InvokedMethodListenerInvoker.java:62)
	at org.testng.internal.Invoker.runInvokedMethodListeners(Invoker.java:552)
	at org.testng.internal.Invoker.invokeMethod(Invoker.java:617)
	at org.testng.internal.Invoker.invokeTestMethod(Invoker.java:821)
	at org.testng.internal.Invoker.invokeTestMethods(Invoker.java:1131)
	at org.testng.internal.TestMethodWorker.invokeTestMethods(TestMethodWorker.java:124)
	at org.testng.internal.TestMethodWorker.run(TestMethodWorker.java:108)
	at java.util.concurrent.ThreadPoolExecutor.runWorker(ThreadPoolExecutor.java:1149)
	at java.util.concurrent.ThreadPoolExecutor$Worker.run(ThreadPoolExecutor.java:624)
	at java.lang.Thread.run(Thread.java:748)
</pre></div></td>
<td>0</td>
<td>com.ca.tds.main.TDSFlowTest@29cfd92b</td></tr>
<tr>
<td title='com.ca.tds.main.TDSFlowTest.rReqTest()'><b>rReqTest</b><br>Test class: com.ca.tds.main.TDSFlowTest</td>
<td><div><pre>org.testng.SkipException: Skipping [rReqTest] because the [rReqRequired] assumption(s) do not hold.
	at nl.javadude.assumeng.AssumptionListener.beforeInvocation(AssumptionListener.java:43)
	at java.util.concurrent.ThreadPoolExecutor.runWorker(ThreadPoolExecutor.java:1149)
	at java.util.concurrent.ThreadPoolExecutor$Worker.run(ThreadPoolExecutor.java:624)
	at java.lang.Thread.run(Thread.java:748)
... Removed 8 stack frames</pre></div><a href='#' onClick='toggleBox("stack-trace1190156384", this, "Click to show all stack frames", "Click to hide stack frames")'>Click to show all stack frames</a>
<div class='stack-trace' id='stack-trace1190156384'><pre>org.testng.SkipException: Skipping [rReqTest] because the [rReqRequired] assumption(s) do not hold.
	at nl.javadude.assumeng.AssumptionListener.beforeInvocation(AssumptionListener.java:43)
	at org.testng.internal.invokers.InvokedMethodListenerInvoker$InvokeBeforeInvocationWithoutContextStrategy.callMethod(InvokedMethodListenerInvoker.java:84)
	at org.testng.internal.invokers.InvokedMethodListenerInvoker.invokeListener(InvokedMethodListenerInvoker.java:62)
	at org.testng.internal.Invoker.runInvokedMethodListeners(Invoker.java:552)
	at org.testng.internal.Invoker.invokeMethod(Invoker.java:617)
	at org.testng.internal.Invoker.invokeTestMethod(Invoker.java:821)
	at org.testng.internal.Invoker.invokeTestMethods(Invoker.java:1131)
	at org.testng.internal.TestMethodWorker.invokeTestMethods(TestMethodWorker.java:124)
	at org.testng.internal.TestMethodWorker.run(TestMethodWorker.java:108)
	at java.util.concurrent.ThreadPoolExecutor.runWorker(ThreadPoolExecutor.java:1149)
	at java.util.concurrent.ThreadPoolExecutor$Worker.run(ThreadPoolExecutor.java:624)
	at java.lang.Thread.run(Thread.java:748)
</pre></div></td>
<td>0</td>
<td>com.ca.tds.main.TDSFlowTest@21c64522</td></tr>
<tr>
<td title='com.ca.tds.main.TDSFlowTest.rReqTest()'><b>rReqTest</b><br>Test class: com.ca.tds.main.TDSFlowTest</td>
<td><div><pre>org.testng.SkipException: Skipping [rReqTest] because the [rReqRequired] assumption(s) do not hold.
	at nl.javadude.assumeng.AssumptionListener.beforeInvocation(AssumptionListener.java:43)
	at java.util.concurrent.ThreadPoolExecutor.runWorker(ThreadPoolExecutor.java:1149)
	at java.util.concurrent.ThreadPoolExecutor$Worker.run(ThreadPoolExecutor.java:624)
	at java.lang.Thread.run(Thread.java:748)
... Removed 8 stack frames</pre></div><a href='#' onClick='toggleBox("stack-trace1262828544", this, "Click to show all stack frames", "Click to hide stack frames")'>Click to show all stack frames</a>
<div class='stack-trace' id='stack-trace1262828544'><pre>org.testng.SkipException: Skipping [rReqTest] because the [rReqRequired] assumption(s) do not hold.
	at nl.javadude.assumeng.AssumptionListener.beforeInvocation(AssumptionListener.java:43)
	at org.testng.internal.invokers.InvokedMethodListenerInvoker$InvokeBeforeInvocationWithoutContextStrategy.callMethod(InvokedMethodListenerInvoker.java:84)
	at org.testng.internal.invokers.InvokedMethodListenerInvoker.invokeListener(InvokedMethodListenerInvoker.java:62)
	at org.testng.internal.Invoker.runInvokedMethodListeners(Invoker.java:552)
	at org.testng.internal.Invoker.invokeMethod(Invoker.java:617)
	at org.testng.internal.Invoker.invokeTestMethod(Invoker.java:821)
	at org.testng.internal.Invoker.invokeTestMethods(Invoker.java:1131)
	at org.testng.internal.TestMethodWorker.invokeTestMethods(TestMethodWorker.java:124)
	at org.testng.internal.TestMethodWorker.run(TestMethodWorker.java:108)
	at java.util.concurrent.ThreadPoolExecutor.runWorker(ThreadPoolExecutor.java:1149)
	at java.util.concurrent.ThreadPoolExecutor$Worker.run(ThreadPoolExecutor.java:624)
	at java.lang.Thread.run(Thread.java:748)
</pre></div></td>
<td>0</td>
<td>com.ca.tds.main.TDSFlowTest@55f3c410</td></tr>
<tr>
<td title='com.ca.tds.main.TDSFlowTest.rReqTest()'><b>rReqTest</b><br>Test class: com.ca.tds.main.TDSFlowTest</td>
<td><div><pre>org.testng.SkipException: Skipping [rReqTest] because the [rReqRequired] assumption(s) do not hold.
	at nl.javadude.assumeng.AssumptionListener.beforeInvocation(AssumptionListener.java:43)
	at java.util.concurrent.ThreadPoolExecutor.runWorker(ThreadPoolExecutor.java:1149)
	at java.util.concurrent.ThreadPoolExecutor$Worker.run(ThreadPoolExecutor.java:624)
	at java.lang.Thread.run(Thread.java:748)
... Removed 8 stack frames</pre></div><a href='#' onClick='toggleBox("stack-trace2078772261", this, "Click to show all stack frames", "Click to hide stack frames")'>Click to show all stack frames</a>
<div class='stack-trace' id='stack-trace2078772261'><pre>org.testng.SkipException: Skipping [rReqTest] because the [rReqRequired] assumption(s) do not hold.
	at nl.javadude.assumeng.AssumptionListener.beforeInvocation(AssumptionListener.java:43)
	at org.testng.internal.invokers.InvokedMethodListenerInvoker$InvokeBeforeInvocationWithoutContextStrategy.callMethod(InvokedMethodListenerInvoker.java:84)
	at org.testng.internal.invokers.InvokedMethodListenerInvoker.invokeListener(InvokedMethodListenerInvoker.java:62)
	at org.testng.internal.Invoker.runInvokedMethodListeners(Invoker.java:552)
	at org.testng.internal.Invoker.invokeMethod(Invoker.java:617)
	at org.testng.internal.Invoker.invokeTestMethod(Invoker.java:821)
	at org.testng.internal.Invoker.invokeTestMethods(Invoker.java:1131)
	at org.testng.internal.TestMethodWorker.invokeTestMethods(TestMethodWorker.java:124)
	at org.testng.internal.TestMethodWorker.run(TestMethodWorker.java:108)
	at java.util.concurrent.ThreadPoolExecutor.runWorker(ThreadPoolExecutor.java:1149)
	at java.util.concurrent.ThreadPoolExecutor$Worker.run(ThreadPoolExecutor.java:624)
	at java.lang.Thread.run(Thread.java:748)
</pre></div></td>
<td>0</td>
<td>com.ca.tds.main.TDSFlowTest@4a067c25</td></tr>
<tr>
<td title='com.ca.tds.main.TDSFlowTest.rReqTest()'><b>rReqTest</b><br>Test class: com.ca.tds.main.TDSFlowTest</td>
<td><div><pre>org.testng.SkipException: Skipping [rReqTest] because the [rReqRequired] assumption(s) do not hold.
	at nl.javadude.assumeng.AssumptionListener.beforeInvocation(AssumptionListener.java:43)
	at java.util.concurrent.ThreadPoolExecutor.runWorker(ThreadPoolExecutor.java:1149)
	at java.util.concurrent.ThreadPoolExecutor$Worker.run(ThreadPoolExecutor.java:624)
	at java.lang.Thread.run(Thread.java:748)
... Removed 8 stack frames</pre></div><a href='#' onClick='toggleBox("stack-trace26088002", this, "Click to show all stack frames", "Click to hide stack frames")'>Click to show all stack frames</a>
<div class='stack-trace' id='stack-trace26088002'><pre>org.testng.SkipException: Skipping [rReqTest] because the [rReqRequired] assumption(s) do not hold.
	at nl.javadude.assumeng.AssumptionListener.beforeInvocation(AssumptionListener.java:43)
	at org.testng.internal.invokers.InvokedMethodListenerInvoker$InvokeBeforeInvocationWithoutContextStrategy.callMethod(InvokedMethodListenerInvoker.java:84)
	at org.testng.internal.invokers.InvokedMethodListenerInvoker.invokeListener(InvokedMethodListenerInvoker.java:62)
	at org.testng.internal.Invoker.runInvokedMethodListeners(Invoker.java:552)
	at org.testng.internal.Invoker.invokeMethod(Invoker.java:617)
	at org.testng.internal.Invoker.invokeTestMethod(Invoker.java:821)
	at org.testng.internal.Invoker.invokeTestMethods(Invoker.java:1131)
	at org.testng.internal.TestMethodWorker.invokeTestMethods(TestMethodWorker.java:124)
	at org.testng.internal.TestMethodWorker.run(TestMethodWorker.java:108)
	at java.util.concurrent.ThreadPoolExecutor.runWorker(ThreadPoolExecutor.java:1149)
	at java.util.concurrent.ThreadPoolExecutor$Worker.run(ThreadPoolExecutor.java:624)
	at java.lang.Thread.run(Thread.java:748)
</pre></div></td>
<td>0</td>
<td>com.ca.tds.main.TDSFlowTest@4a8ab068</td></tr>
<tr>
<td title='com.ca.tds.main.TDSFlowTest.rReqTest()'><b>rReqTest</b><br>Test class: com.ca.tds.main.TDSFlowTest</td>
<td><div><pre>org.testng.SkipException: Skipping [rReqTest] because the [rReqRequired] assumption(s) do not hold.
	at nl.javadude.assumeng.AssumptionListener.beforeInvocation(AssumptionListener.java:43)
	at java.util.concurrent.ThreadPoolExecutor.runWorker(ThreadPoolExecutor.java:1149)
	at java.util.concurrent.ThreadPoolExecutor$Worker.run(ThreadPoolExecutor.java:624)
	at java.lang.Thread.run(Thread.java:748)
... Removed 8 stack frames</pre></div><a href='#' onClick='toggleBox("stack-trace617218100", this, "Click to show all stack frames", "Click to hide stack frames")'>Click to show all stack frames</a>
<div class='stack-trace' id='stack-trace617218100'><pre>org.testng.SkipException: Skipping [rReqTest] because the [rReqRequired] assumption(s) do not hold.
	at nl.javadude.assumeng.AssumptionListener.beforeInvocation(AssumptionListener.java:43)
	at org.testng.internal.invokers.InvokedMethodListenerInvoker$InvokeBeforeInvocationWithoutContextStrategy.callMethod(InvokedMethodListenerInvoker.java:84)
	at org.testng.internal.invokers.InvokedMethodListenerInvoker.invokeListener(InvokedMethodListenerInvoker.java:62)
	at org.testng.internal.Invoker.runInvokedMethodListeners(Invoker.java:552)
	at org.testng.internal.Invoker.invokeMethod(Invoker.java:617)
	at org.testng.internal.Invoker.invokeTestMethod(Invoker.java:821)
	at org.testng.internal.Invoker.invokeTestMethods(Invoker.java:1131)
	at org.testng.internal.TestMethodWorker.invokeTestMethods(TestMethodWorker.java:124)
	at org.testng.internal.TestMethodWorker.run(TestMethodWorker.java:108)
	at java.util.concurrent.ThreadPoolExecutor.runWorker(ThreadPoolExecutor.java:1149)
	at java.util.concurrent.ThreadPoolExecutor$Worker.run(ThreadPoolExecutor.java:624)
	at java.lang.Thread.run(Thread.java:748)
</pre></div></td>
<td>0</td>
<td>com.ca.tds.main.TDSFlowTest@3bde62ff</td></tr>
<tr>
<td title='com.ca.tds.main.TDSFlowTest.rReqTest()'><b>rReqTest</b><br>Test class: com.ca.tds.main.TDSFlowTest</td>
<td><div><pre>org.testng.SkipException: Skipping [rReqTest] because the [rReqRequired] assumption(s) do not hold.
	at nl.javadude.assumeng.AssumptionListener.beforeInvocation(AssumptionListener.java:43)
	at java.util.concurrent.ThreadPoolExecutor.runWorker(ThreadPoolExecutor.java:1149)
	at java.util.concurrent.ThreadPoolExecutor$Worker.run(ThreadPoolExecutor.java:624)
	at java.lang.Thread.run(Thread.java:748)
... Removed 8 stack frames</pre></div><a href='#' onClick='toggleBox("stack-trace937105025", this, "Click to show all stack frames", "Click to hide stack frames")'>Click to show all stack frames</a>
<div class='stack-trace' id='stack-trace937105025'><pre>org.testng.SkipException: Skipping [rReqTest] because the [rReqRequired] assumption(s) do not hold.
	at nl.javadude.assumeng.AssumptionListener.beforeInvocation(AssumptionListener.java:43)
	at org.testng.internal.invokers.InvokedMethodListenerInvoker$InvokeBeforeInvocationWithoutContextStrategy.callMethod(InvokedMethodListenerInvoker.java:84)
	at org.testng.internal.invokers.InvokedMethodListenerInvoker.invokeListener(InvokedMethodListenerInvoker.java:62)
	at org.testng.internal.Invoker.runInvokedMethodListeners(Invoker.java:552)
	at org.testng.internal.Invoker.invokeMethod(Invoker.java:617)
	at org.testng.internal.Invoker.invokeTestMethod(Invoker.java:821)
	at org.testng.internal.Invoker.invokeTestMethods(Invoker.java:1131)
	at org.testng.internal.TestMethodWorker.invokeTestMethods(TestMethodWorker.java:124)
	at org.testng.internal.TestMethodWorker.run(TestMethodWorker.java:108)
	at java.util.concurrent.ThreadPoolExecutor.runWorker(ThreadPoolExecutor.java:1149)
	at java.util.concurrent.ThreadPoolExecutor$Worker.run(ThreadPoolExecutor.java:624)
	at java.lang.Thread.run(Thread.java:748)
</pre></div></td>
<td>0</td>
<td>com.ca.tds.main.TDSFlowTest@11acdc30</td></tr>
<tr>
<td title='com.ca.tds.main.TDSFlowTest.rReqTest()'><b>rReqTest</b><br>Test class: com.ca.tds.main.TDSFlowTest</td>
<td><div><pre>org.testng.SkipException: Skipping [rReqTest] because the [rReqRequired] assumption(s) do not hold.
	at nl.javadude.assumeng.AssumptionListener.beforeInvocation(AssumptionListener.java:43)
	at java.util.concurrent.ThreadPoolExecutor.runWorker(ThreadPoolExecutor.java:1149)
	at java.util.concurrent.ThreadPoolExecutor$Worker.run(ThreadPoolExecutor.java:624)
	at java.lang.Thread.run(Thread.java:748)
... Removed 8 stack frames</pre></div><a href='#' onClick='toggleBox("stack-trace1158579738", this, "Click to show all stack frames", "Click to hide stack frames")'>Click to show all stack frames</a>
<div class='stack-trace' id='stack-trace1158579738'><pre>org.testng.SkipException: Skipping [rReqTest] because the [rReqRequired] assumption(s) do not hold.
	at nl.javadude.assumeng.AssumptionListener.beforeInvocation(AssumptionListener.java:43)
	at org.testng.internal.invokers.InvokedMethodListenerInvoker$InvokeBeforeInvocationWithoutContextStrategy.callMethod(InvokedMethodListenerInvoker.java:84)
	at org.testng.internal.invokers.InvokedMethodListenerInvoker.invokeListener(InvokedMethodListenerInvoker.java:62)
	at org.testng.internal.Invoker.runInvokedMethodListeners(Invoker.java:552)
	at org.testng.internal.Invoker.invokeMethod(Invoker.java:617)
	at org.testng.internal.Invoker.invokeTestMethod(Invoker.java:821)
	at org.testng.internal.Invoker.invokeTestMethods(Invoker.java:1131)
	at org.testng.internal.TestMethodWorker.invokeTestMethods(TestMethodWorker.java:124)
	at org.testng.internal.TestMethodWorker.run(TestMethodWorker.java:108)
	at java.util.concurrent.ThreadPoolExecutor.runWorker(ThreadPoolExecutor.java:1149)
	at java.util.concurrent.ThreadPoolExecutor$Worker.run(ThreadPoolExecutor.java:624)
	at java.lang.Thread.run(Thread.java:748)
</pre></div></td>
<td>0</td>
<td>com.ca.tds.main.TDSFlowTest@76a82f33</td></tr>
<tr>
<td title='com.ca.tds.main.TDSFlowTest.rReqTest()'><b>rReqTest</b><br>Test class: com.ca.tds.main.TDSFlowTest</td>
<td><div><pre>org.testng.SkipException: Skipping [rReqTest] because the [rReqRequired] assumption(s) do not hold.
	at nl.javadude.assumeng.AssumptionListener.beforeInvocation(AssumptionListener.java:43)
	at java.util.concurrent.ThreadPoolExecutor.runWorker(ThreadPoolExecutor.java:1149)
	at java.util.concurrent.ThreadPoolExecutor$Worker.run(ThreadPoolExecutor.java:624)
	at java.lang.Thread.run(Thread.java:748)
... Removed 8 stack frames</pre></div><a href='#' onClick='toggleBox("stack-trace104463779", this, "Click to show all stack frames", "Click to hide stack frames")'>Click to show all stack frames</a>
<div class='stack-trace' id='stack-trace104463779'><pre>org.testng.SkipException: Skipping [rReqTest] because the [rReqRequired] assumption(s) do not hold.
	at nl.javadude.assumeng.AssumptionListener.beforeInvocation(AssumptionListener.java:43)
	at org.testng.internal.invokers.InvokedMethodListenerInvoker$InvokeBeforeInvocationWithoutContextStrategy.callMethod(InvokedMethodListenerInvoker.java:84)
	at org.testng.internal.invokers.InvokedMethodListenerInvoker.invokeListener(InvokedMethodListenerInvoker.java:62)
	at org.testng.internal.Invoker.runInvokedMethodListeners(Invoker.java:552)
	at org.testng.internal.Invoker.invokeMethod(Invoker.java:617)
	at org.testng.internal.Invoker.invokeTestMethod(Invoker.java:821)
	at org.testng.internal.Invoker.invokeTestMethods(Invoker.java:1131)
	at org.testng.internal.TestMethodWorker.invokeTestMethods(TestMethodWorker.java:124)
	at org.testng.internal.TestMethodWorker.run(TestMethodWorker.java:108)
	at java.util.concurrent.ThreadPoolExecutor.runWorker(ThreadPoolExecutor.java:1149)
	at java.util.concurrent.ThreadPoolExecutor$Worker.run(ThreadPoolExecutor.java:624)
	at java.lang.Thread.run(Thread.java:748)
</pre></div></td>
<td>0</td>
<td>com.ca.tds.main.TDSFlowTest@4089713</td></tr>
<tr>
<td title='com.ca.tds.main.TDSFlowTest.rReqTest()'><b>rReqTest</b><br>Test class: com.ca.tds.main.TDSFlowTest</td>
<td><div><pre>org.testng.SkipException: Skipping [rReqTest] because the [rReqRequired] assumption(s) do not hold.
	at nl.javadude.assumeng.AssumptionListener.beforeInvocation(AssumptionListener.java:43)
	at java.util.concurrent.ThreadPoolExecutor.runWorker(ThreadPoolExecutor.java:1149)
	at java.util.concurrent.ThreadPoolExecutor$Worker.run(ThreadPoolExecutor.java:624)
	at java.lang.Thread.run(Thread.java:748)
... Removed 8 stack frames</pre></div><a href='#' onClick='toggleBox("stack-trace323454710", this, "Click to show all stack frames", "Click to hide stack frames")'>Click to show all stack frames</a>
<div class='stack-trace' id='stack-trace323454710'><pre>org.testng.SkipException: Skipping [rReqTest] because the [rReqRequired] assumption(s) do not hold.
	at nl.javadude.assumeng.AssumptionListener.beforeInvocation(AssumptionListener.java:43)
	at org.testng.internal.invokers.InvokedMethodListenerInvoker$InvokeBeforeInvocationWithoutContextStrategy.callMethod(InvokedMethodListenerInvoker.java:84)
	at org.testng.internal.invokers.InvokedMethodListenerInvoker.invokeListener(InvokedMethodListenerInvoker.java:62)
	at org.testng.internal.Invoker.runInvokedMethodListeners(Invoker.java:552)
	at org.testng.internal.Invoker.invokeMethod(Invoker.java:617)
	at org.testng.internal.Invoker.invokeTestMethod(Invoker.java:821)
	at org.testng.internal.Invoker.invokeTestMethods(Invoker.java:1131)
	at org.testng.internal.TestMethodWorker.invokeTestMethods(TestMethodWorker.java:124)
	at org.testng.internal.TestMethodWorker.run(TestMethodWorker.java:108)
	at java.util.concurrent.ThreadPoolExecutor.runWorker(ThreadPoolExecutor.java:1149)
	at java.util.concurrent.ThreadPoolExecutor$Worker.run(ThreadPoolExecutor.java:624)
	at java.lang.Thread.run(Thread.java:748)
</pre></div></td>
<td>0</td>
<td>com.ca.tds.main.TDSFlowTest@644c78d4</td></tr>
<tr>
<td title='com.ca.tds.main.TDSFlowTest.rReqTest()'><b>rReqTest</b><br>Test class: com.ca.tds.main.TDSFlowTest</td>
<td><div><pre>org.testng.SkipException: Skipping [rReqTest] because the [rReqRequired] assumption(s) do not hold.
	at nl.javadude.assumeng.AssumptionListener.beforeInvocation(AssumptionListener.java:43)
	at java.util.concurrent.ThreadPoolExecutor.runWorker(ThreadPoolExecutor.java:1149)
	at java.util.concurrent.ThreadPoolExecutor$Worker.run(ThreadPoolExecutor.java:624)
	at java.lang.Thread.run(Thread.java:748)
... Removed 8 stack frames</pre></div><a href='#' onClick='toggleBox("stack-trace2093793051", this, "Click to show all stack frames", "Click to hide stack frames")'>Click to show all stack frames</a>
<div class='stack-trace' id='stack-trace2093793051'><pre>org.testng.SkipException: Skipping [rReqTest] because the [rReqRequired] assumption(s) do not hold.
	at nl.javadude.assumeng.AssumptionListener.beforeInvocation(AssumptionListener.java:43)
	at org.testng.internal.invokers.InvokedMethodListenerInvoker$InvokeBeforeInvocationWithoutContextStrategy.callMethod(InvokedMethodListenerInvoker.java:84)
	at org.testng.internal.invokers.InvokedMethodListenerInvoker.invokeListener(InvokedMethodListenerInvoker.java:62)
	at org.testng.internal.Invoker.runInvokedMethodListeners(Invoker.java:552)
	at org.testng.internal.Invoker.invokeMethod(Invoker.java:617)
	at org.testng.internal.Invoker.invokeTestMethod(Invoker.java:821)
	at org.testng.internal.Invoker.invokeTestMethods(Invoker.java:1131)
	at org.testng.internal.TestMethodWorker.invokeTestMethods(TestMethodWorker.java:124)
	at org.testng.internal.TestMethodWorker.run(TestMethodWorker.java:108)
	at java.util.concurrent.ThreadPoolExecutor.runWorker(ThreadPoolExecutor.java:1149)
	at java.util.concurrent.ThreadPoolExecutor$Worker.run(ThreadPoolExecutor.java:624)
	at java.lang.Thread.run(Thread.java:748)
</pre></div></td>
<td>0</td>
<td>com.ca.tds.main.TDSFlowTest@b91d8c4</td></tr>
<tr>
<td title='com.ca.tds.main.TDSFlowTest.rReqTest()'><b>rReqTest</b><br>Test class: com.ca.tds.main.TDSFlowTest</td>
<td><div><pre>org.testng.SkipException: Skipping [rReqTest] because the [rReqRequired] assumption(s) do not hold.
	at nl.javadude.assumeng.AssumptionListener.beforeInvocation(AssumptionListener.java:43)
	at java.util.concurrent.ThreadPoolExecutor.runWorker(ThreadPoolExecutor.java:1149)
	at java.util.concurrent.ThreadPoolExecutor$Worker.run(ThreadPoolExecutor.java:624)
	at java.lang.Thread.run(Thread.java:748)
... Removed 8 stack frames</pre></div><a href='#' onClick='toggleBox("stack-trace2074177800", this, "Click to show all stack frames", "Click to hide stack frames")'>Click to show all stack frames</a>
<div class='stack-trace' id='stack-trace2074177800'><pre>org.testng.SkipException: Skipping [rReqTest] because the [rReqRequired] assumption(s) do not hold.
	at nl.javadude.assumeng.AssumptionListener.beforeInvocation(AssumptionListener.java:43)
	at org.testng.internal.invokers.InvokedMethodListenerInvoker$InvokeBeforeInvocationWithoutContextStrategy.callMethod(InvokedMethodListenerInvoker.java:84)
	at org.testng.internal.invokers.InvokedMethodListenerInvoker.invokeListener(InvokedMethodListenerInvoker.java:62)
	at org.testng.internal.Invoker.runInvokedMethodListeners(Invoker.java:552)
	at org.testng.internal.Invoker.invokeMethod(Invoker.java:617)
	at org.testng.internal.Invoker.invokeTestMethod(Invoker.java:821)
	at org.testng.internal.Invoker.invokeTestMethods(Invoker.java:1131)
	at org.testng.internal.TestMethodWorker.invokeTestMethods(TestMethodWorker.java:124)
	at org.testng.internal.TestMethodWorker.run(TestMethodWorker.java:108)
	at java.util.concurrent.ThreadPoolExecutor.runWorker(ThreadPoolExecutor.java:1149)
	at java.util.concurrent.ThreadPoolExecutor$Worker.run(ThreadPoolExecutor.java:624)
	at java.lang.Thread.run(Thread.java:748)
</pre></div></td>
<td>0</td>
<td>com.ca.tds.main.TDSFlowTest@74bdc168</td></tr>
<tr>
<td title='com.ca.tds.main.TDSFlowTest.rReqTest()'><b>rReqTest</b><br>Test class: com.ca.tds.main.TDSFlowTest</td>
<td><div><pre>org.testng.SkipException: Skipping [rReqTest] because the [rReqRequired] assumption(s) do not hold.
	at nl.javadude.assumeng.AssumptionListener.beforeInvocation(AssumptionListener.java:43)
	at java.util.concurrent.ThreadPoolExecutor.runWorker(ThreadPoolExecutor.java:1149)
	at java.util.concurrent.ThreadPoolExecutor$Worker.run(ThreadPoolExecutor.java:624)
	at java.lang.Thread.run(Thread.java:748)
... Removed 8 stack frames</pre></div><a href='#' onClick='toggleBox("stack-trace948329284", this, "Click to show all stack frames", "Click to hide stack frames")'>Click to show all stack frames</a>
<div class='stack-trace' id='stack-trace948329284'><pre>org.testng.SkipException: Skipping [rReqTest] because the [rReqRequired] assumption(s) do not hold.
	at nl.javadude.assumeng.AssumptionListener.beforeInvocation(AssumptionListener.java:43)
	at org.testng.internal.invokers.InvokedMethodListenerInvoker$InvokeBeforeInvocationWithoutContextStrategy.callMethod(InvokedMethodListenerInvoker.java:84)
	at org.testng.internal.invokers.InvokedMethodListenerInvoker.invokeListener(InvokedMethodListenerInvoker.java:62)
	at org.testng.internal.Invoker.runInvokedMethodListeners(Invoker.java:552)
	at org.testng.internal.Invoker.invokeMethod(Invoker.java:617)
	at org.testng.internal.Invoker.invokeTestMethod(Invoker.java:821)
	at org.testng.internal.Invoker.invokeTestMethods(Invoker.java:1131)
	at org.testng.internal.TestMethodWorker.invokeTestMethods(TestMethodWorker.java:124)
	at org.testng.internal.TestMethodWorker.run(TestMethodWorker.java:108)
	at java.util.concurrent.ThreadPoolExecutor.runWorker(ThreadPoolExecutor.java:1149)
	at java.util.concurrent.ThreadPoolExecutor$Worker.run(ThreadPoolExecutor.java:624)
	at java.lang.Thread.run(Thread.java:748)
</pre></div></td>
<td>0</td>
<td>com.ca.tds.main.TDSFlowTest@7bb3a9fe</td></tr>
<tr>
<td title='com.ca.tds.main.TDSFlowTest.rReqTest()'><b>rReqTest</b><br>Test class: com.ca.tds.main.TDSFlowTest</td>
<td><div><pre>org.testng.SkipException: Skipping [rReqTest] because the [rReqRequired] assumption(s) do not hold.
	at nl.javadude.assumeng.AssumptionListener.beforeInvocation(AssumptionListener.java:43)
	at java.util.concurrent.ThreadPoolExecutor.runWorker(ThreadPoolExecutor.java:1149)
	at java.util.concurrent.ThreadPoolExecutor$Worker.run(ThreadPoolExecutor.java:624)
	at java.lang.Thread.run(Thread.java:748)
... Removed 8 stack frames</pre></div><a href='#' onClick='toggleBox("stack-trace2077462102", this, "Click to show all stack frames", "Click to hide stack frames")'>Click to show all stack frames</a>
<div class='stack-trace' id='stack-trace2077462102'><pre>org.testng.SkipException: Skipping [rReqTest] because the [rReqRequired] assumption(s) do not hold.
	at nl.javadude.assumeng.AssumptionListener.beforeInvocation(AssumptionListener.java:43)
	at org.testng.internal.invokers.InvokedMethodListenerInvoker$InvokeBeforeInvocationWithoutContextStrategy.callMethod(InvokedMethodListenerInvoker.java:84)
	at org.testng.internal.invokers.InvokedMethodListenerInvoker.invokeListener(InvokedMethodListenerInvoker.java:62)
	at org.testng.internal.Invoker.runInvokedMethodListeners(Invoker.java:552)
	at org.testng.internal.Invoker.invokeMethod(Invoker.java:617)
	at org.testng.internal.Invoker.invokeTestMethod(Invoker.java:821)
	at org.testng.internal.Invoker.invokeTestMethods(Invoker.java:1131)
	at org.testng.internal.TestMethodWorker.invokeTestMethods(TestMethodWorker.java:124)
	at org.testng.internal.TestMethodWorker.run(TestMethodWorker.java:108)
	at java.util.concurrent.ThreadPoolExecutor.runWorker(ThreadPoolExecutor.java:1149)
	at java.util.concurrent.ThreadPoolExecutor$Worker.run(ThreadPoolExecutor.java:624)
	at java.lang.Thread.run(Thread.java:748)
</pre></div></td>
<td>0</td>
<td>com.ca.tds.main.TDSFlowTest@f19c9d2</td></tr>
<tr>
<td title='com.ca.tds.main.TDSFlowTest.rReqTest()'><b>rReqTest</b><br>Test class: com.ca.tds.main.TDSFlowTest</td>
<td><div><pre>org.testng.SkipException: Skipping [rReqTest] because the [rReqRequired] assumption(s) do not hold.
	at nl.javadude.assumeng.AssumptionListener.beforeInvocation(AssumptionListener.java:43)
	at java.util.concurrent.ThreadPoolExecutor.runWorker(ThreadPoolExecutor.java:1149)
	at java.util.concurrent.ThreadPoolExecutor$Worker.run(ThreadPoolExecutor.java:624)
	at java.lang.Thread.run(Thread.java:748)
... Removed 8 stack frames</pre></div><a href='#' onClick='toggleBox("stack-trace1240497812", this, "Click to show all stack frames", "Click to hide stack frames")'>Click to show all stack frames</a>
<div class='stack-trace' id='stack-trace1240497812'><pre>org.testng.SkipException: Skipping [rReqTest] because the [rReqRequired] assumption(s) do not hold.
	at nl.javadude.assumeng.AssumptionListener.beforeInvocation(AssumptionListener.java:43)
	at org.testng.internal.invokers.InvokedMethodListenerInvoker$InvokeBeforeInvocationWithoutContextStrategy.callMethod(InvokedMethodListenerInvoker.java:84)
	at org.testng.internal.invokers.InvokedMethodListenerInvoker.invokeListener(InvokedMethodListenerInvoker.java:62)
	at org.testng.internal.Invoker.runInvokedMethodListeners(Invoker.java:552)
	at org.testng.internal.Invoker.invokeMethod(Invoker.java:617)
	at org.testng.internal.Invoker.invokeTestMethod(Invoker.java:821)
	at org.testng.internal.Invoker.invokeTestMethods(Invoker.java:1131)
	at org.testng.internal.TestMethodWorker.invokeTestMethods(TestMethodWorker.java:124)
	at org.testng.internal.TestMethodWorker.run(TestMethodWorker.java:108)
	at java.util.concurrent.ThreadPoolExecutor.runWorker(ThreadPoolExecutor.java:1149)
	at java.util.concurrent.ThreadPoolExecutor$Worker.run(ThreadPoolExecutor.java:624)
	at java.lang.Thread.run(Thread.java:748)
</pre></div></td>
<td>0</td>
<td>com.ca.tds.main.TDSFlowTest@4b6166aa</td></tr>
<tr>
<td title='com.ca.tds.main.TDSFlowTest.rReqTest()'><b>rReqTest</b><br>Test class: com.ca.tds.main.TDSFlowTest</td>
<td><div><pre>org.testng.SkipException: Skipping [rReqTest] because the [rReqRequired] assumption(s) do not hold.
	at nl.javadude.assumeng.AssumptionListener.beforeInvocation(AssumptionListener.java:43)
	at java.util.concurrent.ThreadPoolExecutor.runWorker(ThreadPoolExecutor.java:1149)
	at java.util.concurrent.ThreadPoolExecutor$Worker.run(ThreadPoolExecutor.java:624)
	at java.lang.Thread.run(Thread.java:748)
... Removed 8 stack frames</pre></div><a href='#' onClick='toggleBox("stack-trace401902466", this, "Click to show all stack frames", "Click to hide stack frames")'>Click to show all stack frames</a>
<div class='stack-trace' id='stack-trace401902466'><pre>org.testng.SkipException: Skipping [rReqTest] because the [rReqRequired] assumption(s) do not hold.
	at nl.javadude.assumeng.AssumptionListener.beforeInvocation(AssumptionListener.java:43)
	at org.testng.internal.invokers.InvokedMethodListenerInvoker$InvokeBeforeInvocationWithoutContextStrategy.callMethod(InvokedMethodListenerInvoker.java:84)
	at org.testng.internal.invokers.InvokedMethodListenerInvoker.invokeListener(InvokedMethodListenerInvoker.java:62)
	at org.testng.internal.Invoker.runInvokedMethodListeners(Invoker.java:552)
	at org.testng.internal.Invoker.invokeMethod(Invoker.java:617)
	at org.testng.internal.Invoker.invokeTestMethod(Invoker.java:821)
	at org.testng.internal.Invoker.invokeTestMethods(Invoker.java:1131)
	at org.testng.internal.TestMethodWorker.invokeTestMethods(TestMethodWorker.java:124)
	at org.testng.internal.TestMethodWorker.run(TestMethodWorker.java:108)
	at java.util.concurrent.ThreadPoolExecutor.runWorker(ThreadPoolExecutor.java:1149)
	at java.util.concurrent.ThreadPoolExecutor$Worker.run(ThreadPoolExecutor.java:624)
	at java.lang.Thread.run(Thread.java:748)
</pre></div></td>
<td>0</td>
<td>com.ca.tds.main.TDSFlowTest@7f811d00</td></tr>
<tr>
<td title='com.ca.tds.main.TDSFlowTest.rReqTest()'><b>rReqTest</b><br>Test class: com.ca.tds.main.TDSFlowTest</td>
<td><div><pre>org.testng.SkipException: Skipping [rReqTest] because the [rReqRequired] assumption(s) do not hold.
	at nl.javadude.assumeng.AssumptionListener.beforeInvocation(AssumptionListener.java:43)
	at java.util.concurrent.ThreadPoolExecutor.runWorker(ThreadPoolExecutor.java:1149)
	at java.util.concurrent.ThreadPoolExecutor$Worker.run(ThreadPoolExecutor.java:624)
	at java.lang.Thread.run(Thread.java:748)
... Removed 8 stack frames</pre></div><a href='#' onClick='toggleBox("stack-trace940354040", this, "Click to show all stack frames", "Click to hide stack frames")'>Click to show all stack frames</a>
<div class='stack-trace' id='stack-trace940354040'><pre>org.testng.SkipException: Skipping [rReqTest] because the [rReqRequired] assumption(s) do not hold.
	at nl.javadude.assumeng.AssumptionListener.beforeInvocation(AssumptionListener.java:43)
	at org.testng.internal.invokers.InvokedMethodListenerInvoker$InvokeBeforeInvocationWithoutContextStrategy.callMethod(InvokedMethodListenerInvoker.java:84)
	at org.testng.internal.invokers.InvokedMethodListenerInvoker.invokeListener(InvokedMethodListenerInvoker.java:62)
	at org.testng.internal.Invoker.runInvokedMethodListeners(Invoker.java:552)
	at org.testng.internal.Invoker.invokeMethod(Invoker.java:617)
	at org.testng.internal.Invoker.invokeTestMethod(Invoker.java:821)
	at org.testng.internal.Invoker.invokeTestMethods(Invoker.java:1131)
	at org.testng.internal.TestMethodWorker.invokeTestMethods(TestMethodWorker.java:124)
	at org.testng.internal.TestMethodWorker.run(TestMethodWorker.java:108)
	at java.util.concurrent.ThreadPoolExecutor.runWorker(ThreadPoolExecutor.java:1149)
	at java.util.concurrent.ThreadPoolExecutor$Worker.run(ThreadPoolExecutor.java:624)
	at java.lang.Thread.run(Thread.java:748)
</pre></div></td>
<td>0</td>
<td>com.ca.tds.main.TDSFlowTest@523424b5</td></tr>
<tr>
<td title='com.ca.tds.main.TDSFlowTest.rReqTest()'><b>rReqTest</b><br>Test class: com.ca.tds.main.TDSFlowTest</td>
<td><div><pre>org.testng.SkipException: Skipping [rReqTest] because the [rReqRequired] assumption(s) do not hold.
	at nl.javadude.assumeng.AssumptionListener.beforeInvocation(AssumptionListener.java:43)
	at java.util.concurrent.ThreadPoolExecutor.runWorker(ThreadPoolExecutor.java:1149)
	at java.util.concurrent.ThreadPoolExecutor$Worker.run(ThreadPoolExecutor.java:624)
	at java.lang.Thread.run(Thread.java:748)
... Removed 8 stack frames</pre></div><a href='#' onClick='toggleBox("stack-trace1158436013", this, "Click to show all stack frames", "Click to hide stack frames")'>Click to show all stack frames</a>
<div class='stack-trace' id='stack-trace1158436013'><pre>org.testng.SkipException: Skipping [rReqTest] because the [rReqRequired] assumption(s) do not hold.
	at nl.javadude.assumeng.AssumptionListener.beforeInvocation(AssumptionListener.java:43)
	at org.testng.internal.invokers.InvokedMethodListenerInvoker$InvokeBeforeInvocationWithoutContextStrategy.callMethod(InvokedMethodListenerInvoker.java:84)
	at org.testng.internal.invokers.InvokedMethodListenerInvoker.invokeListener(InvokedMethodListenerInvoker.java:62)
	at org.testng.internal.Invoker.runInvokedMethodListeners(Invoker.java:552)
	at org.testng.internal.Invoker.invokeMethod(Invoker.java:617)
	at org.testng.internal.Invoker.invokeTestMethod(Invoker.java:821)
	at org.testng.internal.Invoker.invokeTestMethods(Invoker.java:1131)
	at org.testng.internal.TestMethodWorker.invokeTestMethods(TestMethodWorker.java:124)
	at org.testng.internal.TestMethodWorker.run(TestMethodWorker.java:108)
	at java.util.concurrent.ThreadPoolExecutor.runWorker(ThreadPoolExecutor.java:1149)
	at java.util.concurrent.ThreadPoolExecutor$Worker.run(ThreadPoolExecutor.java:624)
	at java.lang.Thread.run(Thread.java:748)
</pre></div></td>
<td>0</td>
<td>com.ca.tds.main.TDSFlowTest@7997b197</td></tr>
<tr>
<td title='com.ca.tds.main.TDSFlowTest.verifyAPI()'><b>verifyAPI</b><br>Test class: com.ca.tds.main.TDSFlowTest</td>
<td><div><pre>org.testng.SkipException: Skipping [verifyAPI] because the [verifyApiRequired] assumption(s) do not hold.
	at nl.javadude.assumeng.AssumptionListener.beforeInvocation(AssumptionListener.java:43)
	at java.util.concurrent.ThreadPoolExecutor.runWorker(ThreadPoolExecutor.java:1149)
	at java.util.concurrent.ThreadPoolExecutor$Worker.run(ThreadPoolExecutor.java:624)
	at java.lang.Thread.run(Thread.java:748)
... Removed 8 stack frames</pre></div><a href='#' onClick='toggleBox("stack-trace1265371261", this, "Click to show all stack frames", "Click to hide stack frames")'>Click to show all stack frames</a>
<div class='stack-trace' id='stack-trace1265371261'><pre>org.testng.SkipException: Skipping [verifyAPI] because the [verifyApiRequired] assumption(s) do not hold.
	at nl.javadude.assumeng.AssumptionListener.beforeInvocation(AssumptionListener.java:43)
	at org.testng.internal.invokers.InvokedMethodListenerInvoker$InvokeBeforeInvocationWithoutContextStrategy.callMethod(InvokedMethodListenerInvoker.java:84)
	at org.testng.internal.invokers.InvokedMethodListenerInvoker.invokeListener(InvokedMethodListenerInvoker.java:62)
	at org.testng.internal.Invoker.runInvokedMethodListeners(Invoker.java:552)
	at org.testng.internal.Invoker.invokeMethod(Invoker.java:617)
	at org.testng.internal.Invoker.invokeTestMethod(Invoker.java:821)
	at org.testng.internal.Invoker.invokeTestMethods(Invoker.java:1131)
	at org.testng.internal.TestMethodWorker.invokeTestMethods(TestMethodWorker.java:124)
	at org.testng.internal.TestMethodWorker.run(TestMethodWorker.java:108)
	at java.util.concurrent.ThreadPoolExecutor.runWorker(ThreadPoolExecutor.java:1149)
	at java.util.concurrent.ThreadPoolExecutor$Worker.run(ThreadPoolExecutor.java:624)
	at java.lang.Thread.run(Thread.java:748)
</pre></div></td>
<td>0</td>
<td>com.ca.tds.main.TDSFlowTest@1922e6d</td></tr>
<tr>
<td title='com.ca.tds.main.TDSFlowTest.verifyAPI()'><b>verifyAPI</b><br>Test class: com.ca.tds.main.TDSFlowTest</td>
<td><div><pre>org.testng.SkipException: Skipping [verifyAPI] because the [verifyApiRequired] assumption(s) do not hold.
	at nl.javadude.assumeng.AssumptionListener.beforeInvocation(AssumptionListener.java:43)
	at java.util.concurrent.ThreadPoolExecutor.runWorker(ThreadPoolExecutor.java:1149)
	at java.util.concurrent.ThreadPoolExecutor$Worker.run(ThreadPoolExecutor.java:624)
	at java.lang.Thread.run(Thread.java:748)
... Removed 8 stack frames</pre></div><a href='#' onClick='toggleBox("stack-trace1912188195", this, "Click to show all stack frames", "Click to hide stack frames")'>Click to show all stack frames</a>
<div class='stack-trace' id='stack-trace1912188195'><pre>org.testng.SkipException: Skipping [verifyAPI] because the [verifyApiRequired] assumption(s) do not hold.
	at nl.javadude.assumeng.AssumptionListener.beforeInvocation(AssumptionListener.java:43)
	at org.testng.internal.invokers.InvokedMethodListenerInvoker$InvokeBeforeInvocationWithoutContextStrategy.callMethod(InvokedMethodListenerInvoker.java:84)
	at org.testng.internal.invokers.InvokedMethodListenerInvoker.invokeListener(InvokedMethodListenerInvoker.java:62)
	at org.testng.internal.Invoker.runInvokedMethodListeners(Invoker.java:552)
	at org.testng.internal.Invoker.invokeMethod(Invoker.java:617)
	at org.testng.internal.Invoker.invokeTestMethod(Invoker.java:821)
	at org.testng.internal.Invoker.invokeTestMethods(Invoker.java:1131)
	at org.testng.internal.TestMethodWorker.invokeTestMethods(TestMethodWorker.java:124)
	at org.testng.internal.TestMethodWorker.run(TestMethodWorker.java:108)
	at java.util.concurrent.ThreadPoolExecutor.runWorker(ThreadPoolExecutor.java:1149)
	at java.util.concurrent.ThreadPoolExecutor$Worker.run(ThreadPoolExecutor.java:624)
	at java.lang.Thread.run(Thread.java:748)
</pre></div></td>
<td>0</td>
<td>com.ca.tds.main.TDSFlowTest@a77614d</td></tr>
<tr>
<td title='com.ca.tds.main.TDSFlowTest.verifyAPI()'><b>verifyAPI</b><br>Test class: com.ca.tds.main.TDSFlowTest</td>
<td><div><pre>org.testng.SkipException: Skipping [verifyAPI] because the [verifyApiRequired] assumption(s) do not hold.
	at nl.javadude.assumeng.AssumptionListener.beforeInvocation(AssumptionListener.java:43)
	at java.util.concurrent.ThreadPoolExecutor.runWorker(ThreadPoolExecutor.java:1149)
	at java.util.concurrent.ThreadPoolExecutor$Worker.run(ThreadPoolExecutor.java:624)
	at java.lang.Thread.run(Thread.java:748)
... Removed 8 stack frames</pre></div><a href='#' onClick='toggleBox("stack-trace1182916212", this, "Click to show all stack frames", "Click to hide stack frames")'>Click to show all stack frames</a>
<div class='stack-trace' id='stack-trace1182916212'><pre>org.testng.SkipException: Skipping [verifyAPI] because the [verifyApiRequired] assumption(s) do not hold.
	at nl.javadude.assumeng.AssumptionListener.beforeInvocation(AssumptionListener.java:43)
	at org.testng.internal.invokers.InvokedMethodListenerInvoker$InvokeBeforeInvocationWithoutContextStrategy.callMethod(InvokedMethodListenerInvoker.java:84)
	at org.testng.internal.invokers.InvokedMethodListenerInvoker.invokeListener(InvokedMethodListenerInvoker.java:62)
	at org.testng.internal.Invoker.runInvokedMethodListeners(Invoker.java:552)
	at org.testng.internal.Invoker.invokeMethod(Invoker.java:617)
	at org.testng.internal.Invoker.invokeTestMethod(Invoker.java:821)
	at org.testng.internal.Invoker.invokeTestMethods(Invoker.java:1131)
	at org.testng.internal.TestMethodWorker.invokeTestMethods(TestMethodWorker.java:124)
	at org.testng.internal.TestMethodWorker.run(TestMethodWorker.java:108)
	at java.util.concurrent.ThreadPoolExecutor.runWorker(ThreadPoolExecutor.java:1149)
	at java.util.concurrent.ThreadPoolExecutor$Worker.run(ThreadPoolExecutor.java:624)
	at java.lang.Thread.run(Thread.java:748)
</pre></div></td>
<td>0</td>
<td>com.ca.tds.main.TDSFlowTest@7cbee484</td></tr>
<tr>
<td title='com.ca.tds.main.TDSFlowTest.verifyAPI()'><b>verifyAPI</b><br>Test class: com.ca.tds.main.TDSFlowTest</td>
<td><div><pre>org.testng.SkipException: Skipping [verifyAPI] because the [verifyApiRequired] assumption(s) do not hold.
	at nl.javadude.assumeng.AssumptionListener.beforeInvocation(AssumptionListener.java:43)
	at java.util.concurrent.ThreadPoolExecutor.runWorker(ThreadPoolExecutor.java:1149)
	at java.util.concurrent.ThreadPoolExecutor$Worker.run(ThreadPoolExecutor.java:624)
	at java.lang.Thread.run(Thread.java:748)
... Removed 8 stack frames</pre></div><a href='#' onClick='toggleBox("stack-trace1730409457", this, "Click to show all stack frames", "Click to hide stack frames")'>Click to show all stack frames</a>
<div class='stack-trace' id='stack-trace1730409457'><pre>org.testng.SkipException: Skipping [verifyAPI] because the [verifyApiRequired] assumption(s) do not hold.
	at nl.javadude.assumeng.AssumptionListener.beforeInvocation(AssumptionListener.java:43)
	at org.testng.internal.invokers.InvokedMethodListenerInvoker$InvokeBeforeInvocationWithoutContextStrategy.callMethod(InvokedMethodListenerInvoker.java:84)
	at org.testng.internal.invokers.InvokedMethodListenerInvoker.invokeListener(InvokedMethodListenerInvoker.java:62)
	at org.testng.internal.Invoker.runInvokedMethodListeners(Invoker.java:552)
	at org.testng.internal.Invoker.invokeMethod(Invoker.java:617)
	at org.testng.internal.Invoker.invokeTestMethod(Invoker.java:821)
	at org.testng.internal.Invoker.invokeTestMethods(Invoker.java:1131)
	at org.testng.internal.TestMethodWorker.invokeTestMethods(TestMethodWorker.java:124)
	at org.testng.internal.TestMethodWorker.run(TestMethodWorker.java:108)
	at java.util.concurrent.ThreadPoolExecutor.runWorker(ThreadPoolExecutor.java:1149)
	at java.util.concurrent.ThreadPoolExecutor$Worker.run(ThreadPoolExecutor.java:624)
	at java.lang.Thread.run(Thread.java:748)
</pre></div></td>
<td>0</td>
<td>com.ca.tds.main.TDSFlowTest@4fd4cae3</td></tr>
<tr>
<td title='com.ca.tds.main.TDSFlowTest.verifyAPI()'><b>verifyAPI</b><br>Test class: com.ca.tds.main.TDSFlowTest</td>
<td><div><pre>org.testng.SkipException: Skipping [verifyAPI] because the [verifyApiRequired] assumption(s) do not hold.
	at nl.javadude.assumeng.AssumptionListener.beforeInvocation(AssumptionListener.java:43)
	at java.util.concurrent.ThreadPoolExecutor.runWorker(ThreadPoolExecutor.java:1149)
	at java.util.concurrent.ThreadPoolExecutor$Worker.run(ThreadPoolExecutor.java:624)
	at java.lang.Thread.run(Thread.java:748)
... Removed 8 stack frames</pre></div><a href='#' onClick='toggleBox("stack-trace729928759", this, "Click to show all stack frames", "Click to hide stack frames")'>Click to show all stack frames</a>
<div class='stack-trace' id='stack-trace729928759'><pre>org.testng.SkipException: Skipping [verifyAPI] because the [verifyApiRequired] assumption(s) do not hold.
	at nl.javadude.assumeng.AssumptionListener.beforeInvocation(AssumptionListener.java:43)
	at org.testng.internal.invokers.InvokedMethodListenerInvoker$InvokeBeforeInvocationWithoutContextStrategy.callMethod(InvokedMethodListenerInvoker.java:84)
	at org.testng.internal.invokers.InvokedMethodListenerInvoker.invokeListener(InvokedMethodListenerInvoker.java:62)
	at org.testng.internal.Invoker.runInvokedMethodListeners(Invoker.java:552)
	at org.testng.internal.Invoker.invokeMethod(Invoker.java:617)
	at org.testng.internal.Invoker.invokeTestMethod(Invoker.java:821)
	at org.testng.internal.Invoker.invokeTestMethods(Invoker.java:1131)
	at org.testng.internal.TestMethodWorker.invokeTestMethods(TestMethodWorker.java:124)
	at org.testng.internal.TestMethodWorker.run(TestMethodWorker.java:108)
	at java.util.concurrent.ThreadPoolExecutor.runWorker(ThreadPoolExecutor.java:1149)
	at java.util.concurrent.ThreadPoolExecutor$Worker.run(ThreadPoolExecutor.java:624)
	at java.lang.Thread.run(Thread.java:748)
</pre></div></td>
<td>0</td>
<td>com.ca.tds.main.TDSFlowTest@62923ee6</td></tr>
<tr>
<td title='com.ca.tds.main.TDSFlowTest.verifyAPI()'><b>verifyAPI</b><br>Test class: com.ca.tds.main.TDSFlowTest</td>
<td><div><pre>org.testng.SkipException: Skipping [verifyAPI] because the [verifyApiRequired] assumption(s) do not hold.
	at nl.javadude.assumeng.AssumptionListener.beforeInvocation(AssumptionListener.java:43)
	at java.util.concurrent.ThreadPoolExecutor.runWorker(ThreadPoolExecutor.java:1149)
	at java.util.concurrent.ThreadPoolExecutor$Worker.run(ThreadPoolExecutor.java:624)
	at java.lang.Thread.run(Thread.java:748)
... Removed 8 stack frames</pre></div><a href='#' onClick='toggleBox("stack-trace506592828", this, "Click to show all stack frames", "Click to hide stack frames")'>Click to show all stack frames</a>
<div class='stack-trace' id='stack-trace506592828'><pre>org.testng.SkipException: Skipping [verifyAPI] because the [verifyApiRequired] assumption(s) do not hold.
	at nl.javadude.assumeng.AssumptionListener.beforeInvocation(AssumptionListener.java:43)
	at org.testng.internal.invokers.InvokedMethodListenerInvoker$InvokeBeforeInvocationWithoutContextStrategy.callMethod(InvokedMethodListenerInvoker.java:84)
	at org.testng.internal.invokers.InvokedMethodListenerInvoker.invokeListener(InvokedMethodListenerInvoker.java:62)
	at org.testng.internal.Invoker.runInvokedMethodListeners(Invoker.java:552)
	at org.testng.internal.Invoker.invokeMethod(Invoker.java:617)
	at org.testng.internal.Invoker.invokeTestMethod(Invoker.java:821)
	at org.testng.internal.Invoker.invokeTestMethods(Invoker.java:1131)
	at org.testng.internal.TestMethodWorker.invokeTestMethods(TestMethodWorker.java:124)
	at org.testng.internal.TestMethodWorker.run(TestMethodWorker.java:108)
	at java.util.concurrent.ThreadPoolExecutor.runWorker(ThreadPoolExecutor.java:1149)
	at java.util.concurrent.ThreadPoolExecutor$Worker.run(ThreadPoolExecutor.java:624)
	at java.lang.Thread.run(Thread.java:748)
</pre></div></td>
<td>0</td>
<td>com.ca.tds.main.TDSFlowTest@532a02d9</td></tr>
<tr>
<td title='com.ca.tds.main.TDSFlowTest.verifyAPI()'><b>verifyAPI</b><br>Test class: com.ca.tds.main.TDSFlowTest</td>
<td><div><pre>org.testng.SkipException: Skipping [verifyAPI] because the [verifyApiRequired] assumption(s) do not hold.
	at nl.javadude.assumeng.AssumptionListener.beforeInvocation(AssumptionListener.java:43)
	at java.util.concurrent.ThreadPoolExecutor.runWorker(ThreadPoolExecutor.java:1149)
	at java.util.concurrent.ThreadPoolExecutor$Worker.run(ThreadPoolExecutor.java:624)
	at java.lang.Thread.run(Thread.java:748)
... Removed 8 stack frames</pre></div><a href='#' onClick='toggleBox("stack-trace287703443", this, "Click to show all stack frames", "Click to hide stack frames")'>Click to show all stack frames</a>
<div class='stack-trace' id='stack-trace287703443'><pre>org.testng.SkipException: Skipping [verifyAPI] because the [verifyApiRequired] assumption(s) do not hold.
	at nl.javadude.assumeng.AssumptionListener.beforeInvocation(AssumptionListener.java:43)
	at org.testng.internal.invokers.InvokedMethodListenerInvoker$InvokeBeforeInvocationWithoutContextStrategy.callMethod(InvokedMethodListenerInvoker.java:84)
	at org.testng.internal.invokers.InvokedMethodListenerInvoker.invokeListener(InvokedMethodListenerInvoker.java:62)
	at org.testng.internal.Invoker.runInvokedMethodListeners(Invoker.java:552)
	at org.testng.internal.Invoker.invokeMethod(Invoker.java:617)
	at org.testng.internal.Invoker.invokeTestMethod(Invoker.java:821)
	at org.testng.internal.Invoker.invokeTestMethods(Invoker.java:1131)
	at org.testng.internal.TestMethodWorker.invokeTestMethods(TestMethodWorker.java:124)
	at org.testng.internal.TestMethodWorker.run(TestMethodWorker.java:108)
	at java.util.concurrent.ThreadPoolExecutor.runWorker(ThreadPoolExecutor.java:1149)
	at java.util.concurrent.ThreadPoolExecutor$Worker.run(ThreadPoolExecutor.java:624)
	at java.lang.Thread.run(Thread.java:748)
</pre></div></td>
<td>0</td>
<td>com.ca.tds.main.TDSFlowTest@6bab2585</td></tr>
<tr>
<td title='com.ca.tds.main.TDSFlowTest.verifyAPI()'><b>verifyAPI</b><br>Test class: com.ca.tds.main.TDSFlowTest</td>
<td><div><pre>org.testng.SkipException: Skipping [verifyAPI] because the [verifyApiRequired] assumption(s) do not hold.
	at nl.javadude.assumeng.AssumptionListener.beforeInvocation(AssumptionListener.java:43)
	at java.util.concurrent.ThreadPoolExecutor.runWorker(ThreadPoolExecutor.java:1149)
	at java.util.concurrent.ThreadPoolExecutor$Worker.run(ThreadPoolExecutor.java:624)
	at java.lang.Thread.run(Thread.java:748)
... Removed 8 stack frames</pre></div><a href='#' onClick='toggleBox("stack-trace1974853239", this, "Click to show all stack frames", "Click to hide stack frames")'>Click to show all stack frames</a>
<div class='stack-trace' id='stack-trace1974853239'><pre>org.testng.SkipException: Skipping [verifyAPI] because the [verifyApiRequired] assumption(s) do not hold.
	at nl.javadude.assumeng.AssumptionListener.beforeInvocation(AssumptionListener.java:43)
	at org.testng.internal.invokers.InvokedMethodListenerInvoker$InvokeBeforeInvocationWithoutContextStrategy.callMethod(InvokedMethodListenerInvoker.java:84)
	at org.testng.internal.invokers.InvokedMethodListenerInvoker.invokeListener(InvokedMethodListenerInvoker.java:62)
	at org.testng.internal.Invoker.runInvokedMethodListeners(Invoker.java:552)
	at org.testng.internal.Invoker.invokeMethod(Invoker.java:617)
	at org.testng.internal.Invoker.invokeTestMethod(Invoker.java:821)
	at org.testng.internal.Invoker.invokeTestMethods(Invoker.java:1131)
	at org.testng.internal.TestMethodWorker.invokeTestMethods(TestMethodWorker.java:124)
	at org.testng.internal.TestMethodWorker.run(TestMethodWorker.java:108)
	at java.util.concurrent.ThreadPoolExecutor.runWorker(ThreadPoolExecutor.java:1149)
	at java.util.concurrent.ThreadPoolExecutor$Worker.run(ThreadPoolExecutor.java:624)
	at java.lang.Thread.run(Thread.java:748)
</pre></div></td>
<td>0</td>
<td>com.ca.tds.main.TDSFlowTest@a1217f9</td></tr>
<tr>
<td title='com.ca.tds.main.TDSFlowTest.verifyAPI()'><b>verifyAPI</b><br>Test class: com.ca.tds.main.TDSFlowTest</td>
<td><div><pre>org.testng.SkipException: Skipping [verifyAPI] because the [verifyApiRequired] assumption(s) do not hold.
	at nl.javadude.assumeng.AssumptionListener.beforeInvocation(AssumptionListener.java:43)
	at java.util.concurrent.ThreadPoolExecutor.runWorker(ThreadPoolExecutor.java:1149)
	at java.util.concurrent.ThreadPoolExecutor$Worker.run(ThreadPoolExecutor.java:624)
	at java.lang.Thread.run(Thread.java:748)
... Removed 8 stack frames</pre></div><a href='#' onClick='toggleBox("stack-trace2123169704", this, "Click to show all stack frames", "Click to hide stack frames")'>Click to show all stack frames</a>
<div class='stack-trace' id='stack-trace2123169704'><pre>org.testng.SkipException: Skipping [verifyAPI] because the [verifyApiRequired] assumption(s) do not hold.
	at nl.javadude.assumeng.AssumptionListener.beforeInvocation(AssumptionListener.java:43)
	at org.testng.internal.invokers.InvokedMethodListenerInvoker$InvokeBeforeInvocationWithoutContextStrategy.callMethod(InvokedMethodListenerInvoker.java:84)
	at org.testng.internal.invokers.InvokedMethodListenerInvoker.invokeListener(InvokedMethodListenerInvoker.java:62)
	at org.testng.internal.Invoker.runInvokedMethodListeners(Invoker.java:552)
	at org.testng.internal.Invoker.invokeMethod(Invoker.java:617)
	at org.testng.internal.Invoker.invokeTestMethod(Invoker.java:821)
	at org.testng.internal.Invoker.invokeTestMethods(Invoker.java:1131)
	at org.testng.internal.TestMethodWorker.invokeTestMethods(TestMethodWorker.java:124)
	at org.testng.internal.TestMethodWorker.run(TestMethodWorker.java:108)
	at java.util.concurrent.ThreadPoolExecutor.runWorker(ThreadPoolExecutor.java:1149)
	at java.util.concurrent.ThreadPoolExecutor$Worker.run(ThreadPoolExecutor.java:624)
	at java.lang.Thread.run(Thread.java:748)
</pre></div></td>
<td>0</td>
<td>com.ca.tds.main.TDSFlowTest@7807ac2c</td></tr>
<tr>
<td title='com.ca.tds.main.TDSFlowTest.verifyAPI()'><b>verifyAPI</b><br>Test class: com.ca.tds.main.TDSFlowTest</td>
<td><div><pre>org.testng.SkipException: Skipping [verifyAPI] because the [verifyApiRequired] assumption(s) do not hold.
	at nl.javadude.assumeng.AssumptionListener.beforeInvocation(AssumptionListener.java:43)
	at java.util.concurrent.ThreadPoolExecutor.runWorker(ThreadPoolExecutor.java:1149)
	at java.util.concurrent.ThreadPoolExecutor$Worker.run(ThreadPoolExecutor.java:624)
	at java.lang.Thread.run(Thread.java:748)
... Removed 8 stack frames</pre></div><a href='#' onClick='toggleBox("stack-trace2004378813", this, "Click to show all stack frames", "Click to hide stack frames")'>Click to show all stack frames</a>
<div class='stack-trace' id='stack-trace2004378813'><pre>org.testng.SkipException: Skipping [verifyAPI] because the [verifyApiRequired] assumption(s) do not hold.
	at nl.javadude.assumeng.AssumptionListener.beforeInvocation(AssumptionListener.java:43)
	at org.testng.internal.invokers.InvokedMethodListenerInvoker$InvokeBeforeInvocationWithoutContextStrategy.callMethod(InvokedMethodListenerInvoker.java:84)
	at org.testng.internal.invokers.InvokedMethodListenerInvoker.invokeListener(InvokedMethodListenerInvoker.java:62)
	at org.testng.internal.Invoker.runInvokedMethodListeners(Invoker.java:552)
	at org.testng.internal.Invoker.invokeMethod(Invoker.java:617)
	at org.testng.internal.Invoker.invokeTestMethod(Invoker.java:821)
	at org.testng.internal.Invoker.invokeTestMethods(Invoker.java:1131)
	at org.testng.internal.TestMethodWorker.invokeTestMethods(TestMethodWorker.java:124)
	at org.testng.internal.TestMethodWorker.run(TestMethodWorker.java:108)
	at java.util.concurrent.ThreadPoolExecutor.runWorker(ThreadPoolExecutor.java:1149)
	at java.util.concurrent.ThreadPoolExecutor$Worker.run(ThreadPoolExecutor.java:624)
	at java.lang.Thread.run(Thread.java:748)
</pre></div></td>
<td>0</td>
<td>com.ca.tds.main.TDSFlowTest@611f8234</td></tr>
<tr>
<td title='com.ca.tds.main.TDSFlowTest.verifyAPI()'><b>verifyAPI</b><br>Test class: com.ca.tds.main.TDSFlowTest</td>
<td><div><pre>org.testng.SkipException: Skipping [verifyAPI] because the [verifyApiRequired] assumption(s) do not hold.
	at nl.javadude.assumeng.AssumptionListener.beforeInvocation(AssumptionListener.java:43)
	at java.util.concurrent.ThreadPoolExecutor.runWorker(ThreadPoolExecutor.java:1149)
	at java.util.concurrent.ThreadPoolExecutor$Worker.run(ThreadPoolExecutor.java:624)
	at java.lang.Thread.run(Thread.java:748)
... Removed 8 stack frames</pre></div><a href='#' onClick='toggleBox("stack-trace206597528", this, "Click to show all stack frames", "Click to hide stack frames")'>Click to show all stack frames</a>
<div class='stack-trace' id='stack-trace206597528'><pre>org.testng.SkipException: Skipping [verifyAPI] because the [verifyApiRequired] assumption(s) do not hold.
	at nl.javadude.assumeng.AssumptionListener.beforeInvocation(AssumptionListener.java:43)
	at org.testng.internal.invokers.InvokedMethodListenerInvoker$InvokeBeforeInvocationWithoutContextStrategy.callMethod(InvokedMethodListenerInvoker.java:84)
	at org.testng.internal.invokers.InvokedMethodListenerInvoker.invokeListener(InvokedMethodListenerInvoker.java:62)
	at org.testng.internal.Invoker.runInvokedMethodListeners(Invoker.java:552)
	at org.testng.internal.Invoker.invokeMethod(Invoker.java:617)
	at org.testng.internal.Invoker.invokeTestMethod(Invoker.java:821)
	at org.testng.internal.Invoker.invokeTestMethods(Invoker.java:1131)
	at org.testng.internal.TestMethodWorker.invokeTestMethods(TestMethodWorker.java:124)
	at org.testng.internal.TestMethodWorker.run(TestMethodWorker.java:108)
	at java.util.concurrent.ThreadPoolExecutor.runWorker(ThreadPoolExecutor.java:1149)
	at java.util.concurrent.ThreadPoolExecutor$Worker.run(ThreadPoolExecutor.java:624)
	at java.lang.Thread.run(Thread.java:748)
</pre></div></td>
<td>0</td>
<td>com.ca.tds.main.TDSFlowTest@460f76a6</td></tr>
<tr>
<td title='com.ca.tds.main.TDSFlowTest.verifyAPI()'><b>verifyAPI</b><br>Test class: com.ca.tds.main.TDSFlowTest</td>
<td><div><pre>org.testng.SkipException: Skipping [verifyAPI] because the [verifyApiRequired] assumption(s) do not hold.
	at nl.javadude.assumeng.AssumptionListener.beforeInvocation(AssumptionListener.java:43)
	at java.util.concurrent.ThreadPoolExecutor.runWorker(ThreadPoolExecutor.java:1149)
	at java.util.concurrent.ThreadPoolExecutor$Worker.run(ThreadPoolExecutor.java:624)
	at java.lang.Thread.run(Thread.java:748)
... Removed 8 stack frames</pre></div><a href='#' onClick='toggleBox("stack-trace1188834180", this, "Click to show all stack frames", "Click to hide stack frames")'>Click to show all stack frames</a>
<div class='stack-trace' id='stack-trace1188834180'><pre>org.testng.SkipException: Skipping [verifyAPI] because the [verifyApiRequired] assumption(s) do not hold.
	at nl.javadude.assumeng.AssumptionListener.beforeInvocation(AssumptionListener.java:43)
	at org.testng.internal.invokers.InvokedMethodListenerInvoker$InvokeBeforeInvocationWithoutContextStrategy.callMethod(InvokedMethodListenerInvoker.java:84)
	at org.testng.internal.invokers.InvokedMethodListenerInvoker.invokeListener(InvokedMethodListenerInvoker.java:62)
	at org.testng.internal.Invoker.runInvokedMethodListeners(Invoker.java:552)
	at org.testng.internal.Invoker.invokeMethod(Invoker.java:617)
	at org.testng.internal.Invoker.invokeTestMethod(Invoker.java:821)
	at org.testng.internal.Invoker.invokeTestMethods(Invoker.java:1131)
	at org.testng.internal.TestMethodWorker.invokeTestMethods(TestMethodWorker.java:124)
	at org.testng.internal.TestMethodWorker.run(TestMethodWorker.java:108)
	at java.util.concurrent.ThreadPoolExecutor.runWorker(ThreadPoolExecutor.java:1149)
	at java.util.concurrent.ThreadPoolExecutor$Worker.run(ThreadPoolExecutor.java:624)
	at java.lang.Thread.run(Thread.java:748)
</pre></div></td>
<td>0</td>
<td>com.ca.tds.main.TDSFlowTest@11dee337</td></tr>
<tr>
<td title='com.ca.tds.main.TDSFlowTest.verifyAPI()'><b>verifyAPI</b><br>Test class: com.ca.tds.main.TDSFlowTest</td>
<td><div><pre>org.testng.SkipException: Skipping [verifyAPI] because the [verifyApiRequired] assumption(s) do not hold.
	at nl.javadude.assumeng.AssumptionListener.beforeInvocation(AssumptionListener.java:43)
	at java.util.concurrent.ThreadPoolExecutor.runWorker(ThreadPoolExecutor.java:1149)
	at java.util.concurrent.ThreadPoolExecutor$Worker.run(ThreadPoolExecutor.java:624)
	at java.lang.Thread.run(Thread.java:748)
... Removed 8 stack frames</pre></div><a href='#' onClick='toggleBox("stack-trace826743352", this, "Click to show all stack frames", "Click to hide stack frames")'>Click to show all stack frames</a>
<div class='stack-trace' id='stack-trace826743352'><pre>org.testng.SkipException: Skipping [verifyAPI] because the [verifyApiRequired] assumption(s) do not hold.
	at nl.javadude.assumeng.AssumptionListener.beforeInvocation(AssumptionListener.java:43)
	at org.testng.internal.invokers.InvokedMethodListenerInvoker$InvokeBeforeInvocationWithoutContextStrategy.callMethod(InvokedMethodListenerInvoker.java:84)
	at org.testng.internal.invokers.InvokedMethodListenerInvoker.invokeListener(InvokedMethodListenerInvoker.java:62)
	at org.testng.internal.Invoker.runInvokedMethodListeners(Invoker.java:552)
	at org.testng.internal.Invoker.invokeMethod(Invoker.java:617)
	at org.testng.internal.Invoker.invokeTestMethod(Invoker.java:821)
	at org.testng.internal.Invoker.invokeTestMethods(Invoker.java:1131)
	at org.testng.internal.TestMethodWorker.invokeTestMethods(TestMethodWorker.java:124)
	at org.testng.internal.TestMethodWorker.run(TestMethodWorker.java:108)
	at java.util.concurrent.ThreadPoolExecutor.runWorker(ThreadPoolExecutor.java:1149)
	at java.util.concurrent.ThreadPoolExecutor$Worker.run(ThreadPoolExecutor.java:624)
	at java.lang.Thread.run(Thread.java:748)
</pre></div></td>
<td>0</td>
<td>com.ca.tds.main.TDSFlowTest@770d4269</td></tr>
<tr>
<td title='com.ca.tds.main.TDSFlowTest.verifyAPI()'><b>verifyAPI</b><br>Test class: com.ca.tds.main.TDSFlowTest</td>
<td><div><pre>org.testng.SkipException: Skipping [verifyAPI] because the [verifyApiRequired] assumption(s) do not hold.
	at nl.javadude.assumeng.AssumptionListener.beforeInvocation(AssumptionListener.java:43)
	at java.util.concurrent.ThreadPoolExecutor.runWorker(ThreadPoolExecutor.java:1149)
	at java.util.concurrent.ThreadPoolExecutor$Worker.run(ThreadPoolExecutor.java:624)
	at java.lang.Thread.run(Thread.java:748)
... Removed 8 stack frames</pre></div><a href='#' onClick='toggleBox("stack-trace238664201", this, "Click to show all stack frames", "Click to hide stack frames")'>Click to show all stack frames</a>
<div class='stack-trace' id='stack-trace238664201'><pre>org.testng.SkipException: Skipping [verifyAPI] because the [verifyApiRequired] assumption(s) do not hold.
	at nl.javadude.assumeng.AssumptionListener.beforeInvocation(AssumptionListener.java:43)
	at org.testng.internal.invokers.InvokedMethodListenerInvoker$InvokeBeforeInvocationWithoutContextStrategy.callMethod(InvokedMethodListenerInvoker.java:84)
	at org.testng.internal.invokers.InvokedMethodListenerInvoker.invokeListener(InvokedMethodListenerInvoker.java:62)
	at org.testng.internal.Invoker.runInvokedMethodListeners(Invoker.java:552)
	at org.testng.internal.Invoker.invokeMethod(Invoker.java:617)
	at org.testng.internal.Invoker.invokeTestMethod(Invoker.java:821)
	at org.testng.internal.Invoker.invokeTestMethods(Invoker.java:1131)
	at org.testng.internal.TestMethodWorker.invokeTestMethods(TestMethodWorker.java:124)
	at org.testng.internal.TestMethodWorker.run(TestMethodWorker.java:108)
	at java.util.concurrent.ThreadPoolExecutor.runWorker(ThreadPoolExecutor.java:1149)
	at java.util.concurrent.ThreadPoolExecutor$Worker.run(ThreadPoolExecutor.java:624)
	at java.lang.Thread.run(Thread.java:748)
</pre></div></td>
<td>0</td>
<td>com.ca.tds.main.TDSFlowTest@29cfd92b</td></tr>
<tr>
<td title='com.ca.tds.main.TDSFlowTest.verifyAPI()'><b>verifyAPI</b><br>Test class: com.ca.tds.main.TDSFlowTest</td>
<td><div><pre>org.testng.SkipException: Skipping [verifyAPI] because the [verifyApiRequired] assumption(s) do not hold.
	at nl.javadude.assumeng.AssumptionListener.beforeInvocation(AssumptionListener.java:43)
	at java.util.concurrent.ThreadPoolExecutor.runWorker(ThreadPoolExecutor.java:1149)
	at java.util.concurrent.ThreadPoolExecutor$Worker.run(ThreadPoolExecutor.java:624)
	at java.lang.Thread.run(Thread.java:748)
... Removed 8 stack frames</pre></div><a href='#' onClick='toggleBox("stack-trace1810254979", this, "Click to show all stack frames", "Click to hide stack frames")'>Click to show all stack frames</a>
<div class='stack-trace' id='stack-trace1810254979'><pre>org.testng.SkipException: Skipping [verifyAPI] because the [verifyApiRequired] assumption(s) do not hold.
	at nl.javadude.assumeng.AssumptionListener.beforeInvocation(AssumptionListener.java:43)
	at org.testng.internal.invokers.InvokedMethodListenerInvoker$InvokeBeforeInvocationWithoutContextStrategy.callMethod(InvokedMethodListenerInvoker.java:84)
	at org.testng.internal.invokers.InvokedMethodListenerInvoker.invokeListener(InvokedMethodListenerInvoker.java:62)
	at org.testng.internal.Invoker.runInvokedMethodListeners(Invoker.java:552)
	at org.testng.internal.Invoker.invokeMethod(Invoker.java:617)
	at org.testng.internal.Invoker.invokeTestMethod(Invoker.java:821)
	at org.testng.internal.Invoker.invokeTestMethods(Invoker.java:1131)
	at org.testng.internal.TestMethodWorker.invokeTestMethods(TestMethodWorker.java:124)
	at org.testng.internal.TestMethodWorker.run(TestMethodWorker.java:108)
	at java.util.concurrent.ThreadPoolExecutor.runWorker(ThreadPoolExecutor.java:1149)
	at java.util.concurrent.ThreadPoolExecutor$Worker.run(ThreadPoolExecutor.java:624)
	at java.lang.Thread.run(Thread.java:748)
</pre></div></td>
<td>0</td>
<td>com.ca.tds.main.TDSFlowTest@21c64522</td></tr>
<tr>
<td title='com.ca.tds.main.TDSFlowTest.verifyAPI()'><b>verifyAPI</b><br>Test class: com.ca.tds.main.TDSFlowTest</td>
<td><div><pre>org.testng.SkipException: Skipping [verifyAPI] because the [verifyApiRequired] assumption(s) do not hold.
	at nl.javadude.assumeng.AssumptionListener.beforeInvocation(AssumptionListener.java:43)
	at java.util.concurrent.ThreadPoolExecutor.runWorker(ThreadPoolExecutor.java:1149)
	at java.util.concurrent.ThreadPoolExecutor$Worker.run(ThreadPoolExecutor.java:624)
	at java.lang.Thread.run(Thread.java:748)
... Removed 8 stack frames</pre></div><a href='#' onClick='toggleBox("stack-trace981454924", this, "Click to show all stack frames", "Click to hide stack frames")'>Click to show all stack frames</a>
<div class='stack-trace' id='stack-trace981454924'><pre>org.testng.SkipException: Skipping [verifyAPI] because the [verifyApiRequired] assumption(s) do not hold.
	at nl.javadude.assumeng.AssumptionListener.beforeInvocation(AssumptionListener.java:43)
	at org.testng.internal.invokers.InvokedMethodListenerInvoker$InvokeBeforeInvocationWithoutContextStrategy.callMethod(InvokedMethodListenerInvoker.java:84)
	at org.testng.internal.invokers.InvokedMethodListenerInvoker.invokeListener(InvokedMethodListenerInvoker.java:62)
	at org.testng.internal.Invoker.runInvokedMethodListeners(Invoker.java:552)
	at org.testng.internal.Invoker.invokeMethod(Invoker.java:617)
	at org.testng.internal.Invoker.invokeTestMethod(Invoker.java:821)
	at org.testng.internal.Invoker.invokeTestMethods(Invoker.java:1131)
	at org.testng.internal.TestMethodWorker.invokeTestMethods(TestMethodWorker.java:124)
	at org.testng.internal.TestMethodWorker.run(TestMethodWorker.java:108)
	at java.util.concurrent.ThreadPoolExecutor.runWorker(ThreadPoolExecutor.java:1149)
	at java.util.concurrent.ThreadPoolExecutor$Worker.run(ThreadPoolExecutor.java:624)
	at java.lang.Thread.run(Thread.java:748)
</pre></div></td>
<td>0</td>
<td>com.ca.tds.main.TDSFlowTest@55f3c410</td></tr>
<tr>
<td title='com.ca.tds.main.TDSFlowTest.verifyAPI()'><b>verifyAPI</b><br>Test class: com.ca.tds.main.TDSFlowTest</td>
<td><div><pre>org.testng.SkipException: Skipping [verifyAPI] because the [verifyApiRequired] assumption(s) do not hold.
	at nl.javadude.assumeng.AssumptionListener.beforeInvocation(AssumptionListener.java:43)
	at java.util.concurrent.ThreadPoolExecutor.runWorker(ThreadPoolExecutor.java:1149)
	at java.util.concurrent.ThreadPoolExecutor$Worker.run(ThreadPoolExecutor.java:624)
	at java.lang.Thread.run(Thread.java:748)
... Removed 8 stack frames</pre></div><a href='#' onClick='toggleBox("stack-trace1401509518", this, "Click to show all stack frames", "Click to hide stack frames")'>Click to show all stack frames</a>
<div class='stack-trace' id='stack-trace1401509518'><pre>org.testng.SkipException: Skipping [verifyAPI] because the [verifyApiRequired] assumption(s) do not hold.
	at nl.javadude.assumeng.AssumptionListener.beforeInvocation(AssumptionListener.java:43)
	at org.testng.internal.invokers.InvokedMethodListenerInvoker$InvokeBeforeInvocationWithoutContextStrategy.callMethod(InvokedMethodListenerInvoker.java:84)
	at org.testng.internal.invokers.InvokedMethodListenerInvoker.invokeListener(InvokedMethodListenerInvoker.java:62)
	at org.testng.internal.Invoker.runInvokedMethodListeners(Invoker.java:552)
	at org.testng.internal.Invoker.invokeMethod(Invoker.java:617)
	at org.testng.internal.Invoker.invokeTestMethod(Invoker.java:821)
	at org.testng.internal.Invoker.invokeTestMethods(Invoker.java:1131)
	at org.testng.internal.TestMethodWorker.invokeTestMethods(TestMethodWorker.java:124)
	at org.testng.internal.TestMethodWorker.run(TestMethodWorker.java:108)
	at java.util.concurrent.ThreadPoolExecutor.runWorker(ThreadPoolExecutor.java:1149)
	at java.util.concurrent.ThreadPoolExecutor$Worker.run(ThreadPoolExecutor.java:624)
	at java.lang.Thread.run(Thread.java:748)
</pre></div></td>
<td>0</td>
<td>com.ca.tds.main.TDSFlowTest@4a067c25</td></tr>
<tr>
<td title='com.ca.tds.main.TDSFlowTest.verifyAPI()'><b>verifyAPI</b><br>Test class: com.ca.tds.main.TDSFlowTest</td>
<td><div><pre>org.testng.SkipException: Skipping [verifyAPI] because the [verifyApiRequired] assumption(s) do not hold.
	at nl.javadude.assumeng.AssumptionListener.beforeInvocation(AssumptionListener.java:43)
	at java.util.concurrent.ThreadPoolExecutor.runWorker(ThreadPoolExecutor.java:1149)
	at java.util.concurrent.ThreadPoolExecutor$Worker.run(ThreadPoolExecutor.java:624)
	at java.lang.Thread.run(Thread.java:748)
... Removed 8 stack frames</pre></div><a href='#' onClick='toggleBox("stack-trace1728061415", this, "Click to show all stack frames", "Click to hide stack frames")'>Click to show all stack frames</a>
<div class='stack-trace' id='stack-trace1728061415'><pre>org.testng.SkipException: Skipping [verifyAPI] because the [verifyApiRequired] assumption(s) do not hold.
	at nl.javadude.assumeng.AssumptionListener.beforeInvocation(AssumptionListener.java:43)
	at org.testng.internal.invokers.InvokedMethodListenerInvoker$InvokeBeforeInvocationWithoutContextStrategy.callMethod(InvokedMethodListenerInvoker.java:84)
	at org.testng.internal.invokers.InvokedMethodListenerInvoker.invokeListener(InvokedMethodListenerInvoker.java:62)
	at org.testng.internal.Invoker.runInvokedMethodListeners(Invoker.java:552)
	at org.testng.internal.Invoker.invokeMethod(Invoker.java:617)
	at org.testng.internal.Invoker.invokeTestMethod(Invoker.java:821)
	at org.testng.internal.Invoker.invokeTestMethods(Invoker.java:1131)
	at org.testng.internal.TestMethodWorker.invokeTestMethods(TestMethodWorker.java:124)
	at org.testng.internal.TestMethodWorker.run(TestMethodWorker.java:108)
	at java.util.concurrent.ThreadPoolExecutor.runWorker(ThreadPoolExecutor.java:1149)
	at java.util.concurrent.ThreadPoolExecutor$Worker.run(ThreadPoolExecutor.java:624)
	at java.lang.Thread.run(Thread.java:748)
</pre></div></td>
<td>0</td>
<td>com.ca.tds.main.TDSFlowTest@4a8ab068</td></tr>
<tr>
<td title='com.ca.tds.main.TDSFlowTest.verifyAPI()'><b>verifyAPI</b><br>Test class: com.ca.tds.main.TDSFlowTest</td>
<td><div><pre>org.testng.SkipException: Skipping [verifyAPI] because the [verifyApiRequired] assumption(s) do not hold.
	at nl.javadude.assumeng.AssumptionListener.beforeInvocation(AssumptionListener.java:43)
	at java.util.concurrent.ThreadPoolExecutor.runWorker(ThreadPoolExecutor.java:1149)
	at java.util.concurrent.ThreadPoolExecutor$Worker.run(ThreadPoolExecutor.java:624)
	at java.lang.Thread.run(Thread.java:748)
... Removed 8 stack frames</pre></div><a href='#' onClick='toggleBox("stack-trace1188676869", this, "Click to show all stack frames", "Click to hide stack frames")'>Click to show all stack frames</a>
<div class='stack-trace' id='stack-trace1188676869'><pre>org.testng.SkipException: Skipping [verifyAPI] because the [verifyApiRequired] assumption(s) do not hold.
	at nl.javadude.assumeng.AssumptionListener.beforeInvocation(AssumptionListener.java:43)
	at org.testng.internal.invokers.InvokedMethodListenerInvoker$InvokeBeforeInvocationWithoutContextStrategy.callMethod(InvokedMethodListenerInvoker.java:84)
	at org.testng.internal.invokers.InvokedMethodListenerInvoker.invokeListener(InvokedMethodListenerInvoker.java:62)
	at org.testng.internal.Invoker.runInvokedMethodListeners(Invoker.java:552)
	at org.testng.internal.Invoker.invokeMethod(Invoker.java:617)
	at org.testng.internal.Invoker.invokeTestMethod(Invoker.java:821)
	at org.testng.internal.Invoker.invokeTestMethods(Invoker.java:1131)
	at org.testng.internal.TestMethodWorker.invokeTestMethods(TestMethodWorker.java:124)
	at org.testng.internal.TestMethodWorker.run(TestMethodWorker.java:108)
	at java.util.concurrent.ThreadPoolExecutor.runWorker(ThreadPoolExecutor.java:1149)
	at java.util.concurrent.ThreadPoolExecutor$Worker.run(ThreadPoolExecutor.java:624)
	at java.lang.Thread.run(Thread.java:748)
</pre></div></td>
<td>0</td>
<td>com.ca.tds.main.TDSFlowTest@3bde62ff</td></tr>
<tr>
<td title='com.ca.tds.main.TDSFlowTest.verifyAPI()'><b>verifyAPI</b><br>Test class: com.ca.tds.main.TDSFlowTest</td>
<td><div><pre>org.testng.SkipException: Skipping [verifyAPI] because the [verifyApiRequired] assumption(s) do not hold.
	at nl.javadude.assumeng.AssumptionListener.beforeInvocation(AssumptionListener.java:43)
	at java.util.concurrent.ThreadPoolExecutor.runWorker(ThreadPoolExecutor.java:1149)
	at java.util.concurrent.ThreadPoolExecutor$Worker.run(ThreadPoolExecutor.java:624)
	at java.lang.Thread.run(Thread.java:748)
... Removed 8 stack frames</pre></div><a href='#' onClick='toggleBox("stack-trace1564711796", this, "Click to show all stack frames", "Click to hide stack frames")'>Click to show all stack frames</a>
<div class='stack-trace' id='stack-trace1564711796'><pre>org.testng.SkipException: Skipping [verifyAPI] because the [verifyApiRequired] assumption(s) do not hold.
	at nl.javadude.assumeng.AssumptionListener.beforeInvocation(AssumptionListener.java:43)
	at org.testng.internal.invokers.InvokedMethodListenerInvoker$InvokeBeforeInvocationWithoutContextStrategy.callMethod(InvokedMethodListenerInvoker.java:84)
	at org.testng.internal.invokers.InvokedMethodListenerInvoker.invokeListener(InvokedMethodListenerInvoker.java:62)
	at org.testng.internal.Invoker.runInvokedMethodListeners(Invoker.java:552)
	at org.testng.internal.Invoker.invokeMethod(Invoker.java:617)
	at org.testng.internal.Invoker.invokeTestMethod(Invoker.java:821)
	at org.testng.internal.Invoker.invokeTestMethods(Invoker.java:1131)
	at org.testng.internal.TestMethodWorker.invokeTestMethods(TestMethodWorker.java:124)
	at org.testng.internal.TestMethodWorker.run(TestMethodWorker.java:108)
	at java.util.concurrent.ThreadPoolExecutor.runWorker(ThreadPoolExecutor.java:1149)
	at java.util.concurrent.ThreadPoolExecutor$Worker.run(ThreadPoolExecutor.java:624)
	at java.lang.Thread.run(Thread.java:748)
</pre></div></td>
<td>0</td>
<td>com.ca.tds.main.TDSFlowTest@11acdc30</td></tr>
<tr>
<td title='com.ca.tds.main.TDSFlowTest.verifyAPI()'><b>verifyAPI</b><br>Test class: com.ca.tds.main.TDSFlowTest</td>
<td><div><pre>org.testng.SkipException: Skipping [verifyAPI] because the [verifyApiRequired] assumption(s) do not hold.
	at nl.javadude.assumeng.AssumptionListener.beforeInvocation(AssumptionListener.java:43)
	at java.util.concurrent.ThreadPoolExecutor.runWorker(ThreadPoolExecutor.java:1149)
	at java.util.concurrent.ThreadPoolExecutor$Worker.run(ThreadPoolExecutor.java:624)
	at java.lang.Thread.run(Thread.java:748)
... Removed 8 stack frames</pre></div><a href='#' onClick='toggleBox("stack-trace1207646578", this, "Click to show all stack frames", "Click to hide stack frames")'>Click to show all stack frames</a>
<div class='stack-trace' id='stack-trace1207646578'><pre>org.testng.SkipException: Skipping [verifyAPI] because the [verifyApiRequired] assumption(s) do not hold.
	at nl.javadude.assumeng.AssumptionListener.beforeInvocation(AssumptionListener.java:43)
	at org.testng.internal.invokers.InvokedMethodListenerInvoker$InvokeBeforeInvocationWithoutContextStrategy.callMethod(InvokedMethodListenerInvoker.java:84)
	at org.testng.internal.invokers.InvokedMethodListenerInvoker.invokeListener(InvokedMethodListenerInvoker.java:62)
	at org.testng.internal.Invoker.runInvokedMethodListeners(Invoker.java:552)
	at org.testng.internal.Invoker.invokeMethod(Invoker.java:617)
	at org.testng.internal.Invoker.invokeTestMethod(Invoker.java:821)
	at org.testng.internal.Invoker.invokeTestMethods(Invoker.java:1131)
	at org.testng.internal.TestMethodWorker.invokeTestMethods(TestMethodWorker.java:124)
	at org.testng.internal.TestMethodWorker.run(TestMethodWorker.java:108)
	at java.util.concurrent.ThreadPoolExecutor.runWorker(ThreadPoolExecutor.java:1149)
	at java.util.concurrent.ThreadPoolExecutor$Worker.run(ThreadPoolExecutor.java:624)
	at java.lang.Thread.run(Thread.java:748)
</pre></div></td>
<td>0</td>
<td>com.ca.tds.main.TDSFlowTest@76a82f33</td></tr>
<tr>
<td title='com.ca.tds.main.TDSFlowTest.verifyAPI()'><b>verifyAPI</b><br>Test class: com.ca.tds.main.TDSFlowTest</td>
<td><div><pre>org.testng.SkipException: Skipping [verifyAPI] because the [verifyApiRequired] assumption(s) do not hold.
	at nl.javadude.assumeng.AssumptionListener.beforeInvocation(AssumptionListener.java:43)
	at java.util.concurrent.ThreadPoolExecutor.runWorker(ThreadPoolExecutor.java:1149)
	at java.util.concurrent.ThreadPoolExecutor$Worker.run(ThreadPoolExecutor.java:624)
	at java.lang.Thread.run(Thread.java:748)
... Removed 8 stack frames</pre></div><a href='#' onClick='toggleBox("stack-trace2136497273", this, "Click to show all stack frames", "Click to hide stack frames")'>Click to show all stack frames</a>
<div class='stack-trace' id='stack-trace2136497273'><pre>org.testng.SkipException: Skipping [verifyAPI] because the [verifyApiRequired] assumption(s) do not hold.
	at nl.javadude.assumeng.AssumptionListener.beforeInvocation(AssumptionListener.java:43)
	at org.testng.internal.invokers.InvokedMethodListenerInvoker$InvokeBeforeInvocationWithoutContextStrategy.callMethod(InvokedMethodListenerInvoker.java:84)
	at org.testng.internal.invokers.InvokedMethodListenerInvoker.invokeListener(InvokedMethodListenerInvoker.java:62)
	at org.testng.internal.Invoker.runInvokedMethodListeners(Invoker.java:552)
	at org.testng.internal.Invoker.invokeMethod(Invoker.java:617)
	at org.testng.internal.Invoker.invokeTestMethod(Invoker.java:821)
	at org.testng.internal.Invoker.invokeTestMethods(Invoker.java:1131)
	at org.testng.internal.TestMethodWorker.invokeTestMethods(TestMethodWorker.java:124)
	at org.testng.internal.TestMethodWorker.run(TestMethodWorker.java:108)
	at java.util.concurrent.ThreadPoolExecutor.runWorker(ThreadPoolExecutor.java:1149)
	at java.util.concurrent.ThreadPoolExecutor$Worker.run(ThreadPoolExecutor.java:624)
	at java.lang.Thread.run(Thread.java:748)
</pre></div></td>
<td>0</td>
<td>com.ca.tds.main.TDSFlowTest@4089713</td></tr>
<tr>
<td title='com.ca.tds.main.TDSFlowTest.verifyAPI()'><b>verifyAPI</b><br>Test class: com.ca.tds.main.TDSFlowTest</td>
<td><div><pre>org.testng.SkipException: Skipping [verifyAPI] because the [verifyApiRequired] assumption(s) do not hold.
	at nl.javadude.assumeng.AssumptionListener.beforeInvocation(AssumptionListener.java:43)
	at java.util.concurrent.ThreadPoolExecutor.runWorker(ThreadPoolExecutor.java:1149)
	at java.util.concurrent.ThreadPoolExecutor$Worker.run(ThreadPoolExecutor.java:624)
	at java.lang.Thread.run(Thread.java:748)
... Removed 8 stack frames</pre></div><a href='#' onClick='toggleBox("stack-trace939542203", this, "Click to show all stack frames", "Click to hide stack frames")'>Click to show all stack frames</a>
<div class='stack-trace' id='stack-trace939542203'><pre>org.testng.SkipException: Skipping [verifyAPI] because the [verifyApiRequired] assumption(s) do not hold.
	at nl.javadude.assumeng.AssumptionListener.beforeInvocation(AssumptionListener.java:43)
	at org.testng.internal.invokers.InvokedMethodListenerInvoker$InvokeBeforeInvocationWithoutContextStrategy.callMethod(InvokedMethodListenerInvoker.java:84)
	at org.testng.internal.invokers.InvokedMethodListenerInvoker.invokeListener(InvokedMethodListenerInvoker.java:62)
	at org.testng.internal.Invoker.runInvokedMethodListeners(Invoker.java:552)
	at org.testng.internal.Invoker.invokeMethod(Invoker.java:617)
	at org.testng.internal.Invoker.invokeTestMethod(Invoker.java:821)
	at org.testng.internal.Invoker.invokeTestMethods(Invoker.java:1131)
	at org.testng.internal.TestMethodWorker.invokeTestMethods(TestMethodWorker.java:124)
	at org.testng.internal.TestMethodWorker.run(TestMethodWorker.java:108)
	at java.util.concurrent.ThreadPoolExecutor.runWorker(ThreadPoolExecutor.java:1149)
	at java.util.concurrent.ThreadPoolExecutor$Worker.run(ThreadPoolExecutor.java:624)
	at java.lang.Thread.run(Thread.java:748)
</pre></div></td>
<td>0</td>
<td>com.ca.tds.main.TDSFlowTest@644c78d4</td></tr>
<tr>
<td title='com.ca.tds.main.TDSFlowTest.verifyAPI()'><b>verifyAPI</b><br>Test class: com.ca.tds.main.TDSFlowTest</td>
<td><div><pre>org.testng.SkipException: Skipping [verifyAPI] because the [verifyApiRequired] assumption(s) do not hold.
	at nl.javadude.assumeng.AssumptionListener.beforeInvocation(AssumptionListener.java:43)
	at java.util.concurrent.ThreadPoolExecutor.runWorker(ThreadPoolExecutor.java:1149)
	at java.util.concurrent.ThreadPoolExecutor$Worker.run(ThreadPoolExecutor.java:624)
	at java.lang.Thread.run(Thread.java:748)
... Removed 8 stack frames</pre></div><a href='#' onClick='toggleBox("stack-trace2063333722", this, "Click to show all stack frames", "Click to hide stack frames")'>Click to show all stack frames</a>
<div class='stack-trace' id='stack-trace2063333722'><pre>org.testng.SkipException: Skipping [verifyAPI] because the [verifyApiRequired] assumption(s) do not hold.
	at nl.javadude.assumeng.AssumptionListener.beforeInvocation(AssumptionListener.java:43)
	at org.testng.internal.invokers.InvokedMethodListenerInvoker$InvokeBeforeInvocationWithoutContextStrategy.callMethod(InvokedMethodListenerInvoker.java:84)
	at org.testng.internal.invokers.InvokedMethodListenerInvoker.invokeListener(InvokedMethodListenerInvoker.java:62)
	at org.testng.internal.Invoker.runInvokedMethodListeners(Invoker.java:552)
	at org.testng.internal.Invoker.invokeMethod(Invoker.java:617)
	at org.testng.internal.Invoker.invokeTestMethod(Invoker.java:821)
	at org.testng.internal.Invoker.invokeTestMethods(Invoker.java:1131)
	at org.testng.internal.TestMethodWorker.invokeTestMethods(TestMethodWorker.java:124)
	at org.testng.internal.TestMethodWorker.run(TestMethodWorker.java:108)
	at java.util.concurrent.ThreadPoolExecutor.runWorker(ThreadPoolExecutor.java:1149)
	at java.util.concurrent.ThreadPoolExecutor$Worker.run(ThreadPoolExecutor.java:624)
	at java.lang.Thread.run(Thread.java:748)
</pre></div></td>
<td>0</td>
<td>com.ca.tds.main.TDSFlowTest@b91d8c4</td></tr>
<tr>
<td title='com.ca.tds.main.TDSFlowTest.verifyAPI()'><b>verifyAPI</b><br>Test class: com.ca.tds.main.TDSFlowTest</td>
<td><div><pre>org.testng.SkipException: Skipping [verifyAPI] because the [verifyApiRequired] assumption(s) do not hold.
	at nl.javadude.assumeng.AssumptionListener.beforeInvocation(AssumptionListener.java:43)
	at java.util.concurrent.ThreadPoolExecutor.runWorker(ThreadPoolExecutor.java:1149)
	at java.util.concurrent.ThreadPoolExecutor$Worker.run(ThreadPoolExecutor.java:624)
	at java.lang.Thread.run(Thread.java:748)
... Removed 8 stack frames</pre></div><a href='#' onClick='toggleBox("stack-trace862885092", this, "Click to show all stack frames", "Click to hide stack frames")'>Click to show all stack frames</a>
<div class='stack-trace' id='stack-trace862885092'><pre>org.testng.SkipException: Skipping [verifyAPI] because the [verifyApiRequired] assumption(s) do not hold.
	at nl.javadude.assumeng.AssumptionListener.beforeInvocation(AssumptionListener.java:43)
	at org.testng.internal.invokers.InvokedMethodListenerInvoker$InvokeBeforeInvocationWithoutContextStrategy.callMethod(InvokedMethodListenerInvoker.java:84)
	at org.testng.internal.invokers.InvokedMethodListenerInvoker.invokeListener(InvokedMethodListenerInvoker.java:62)
	at org.testng.internal.Invoker.runInvokedMethodListeners(Invoker.java:552)
	at org.testng.internal.Invoker.invokeMethod(Invoker.java:617)
	at org.testng.internal.Invoker.invokeTestMethod(Invoker.java:821)
	at org.testng.internal.Invoker.invokeTestMethods(Invoker.java:1131)
	at org.testng.internal.TestMethodWorker.invokeTestMethods(TestMethodWorker.java:124)
	at org.testng.internal.TestMethodWorker.run(TestMethodWorker.java:108)
	at java.util.concurrent.ThreadPoolExecutor.runWorker(ThreadPoolExecutor.java:1149)
	at java.util.concurrent.ThreadPoolExecutor$Worker.run(ThreadPoolExecutor.java:624)
	at java.lang.Thread.run(Thread.java:748)
</pre></div></td>
<td>0</td>
<td>com.ca.tds.main.TDSFlowTest@74bdc168</td></tr>
<tr>
<td title='com.ca.tds.main.TDSFlowTest.verifyAPI()'><b>verifyAPI</b><br>Test class: com.ca.tds.main.TDSFlowTest</td>
<td><div><pre>org.testng.SkipException: Skipping [verifyAPI] because the [verifyApiRequired] assumption(s) do not hold.
	at nl.javadude.assumeng.AssumptionListener.beforeInvocation(AssumptionListener.java:43)
	at java.util.concurrent.ThreadPoolExecutor.runWorker(ThreadPoolExecutor.java:1149)
	at java.util.concurrent.ThreadPoolExecutor$Worker.run(ThreadPoolExecutor.java:624)
	at java.lang.Thread.run(Thread.java:748)
... Removed 8 stack frames</pre></div><a href='#' onClick='toggleBox("stack-trace1795798605", this, "Click to show all stack frames", "Click to hide stack frames")'>Click to show all stack frames</a>
<div class='stack-trace' id='stack-trace1795798605'><pre>org.testng.SkipException: Skipping [verifyAPI] because the [verifyApiRequired] assumption(s) do not hold.
	at nl.javadude.assumeng.AssumptionListener.beforeInvocation(AssumptionListener.java:43)
	at org.testng.internal.invokers.InvokedMethodListenerInvoker$InvokeBeforeInvocationWithoutContextStrategy.callMethod(InvokedMethodListenerInvoker.java:84)
	at org.testng.internal.invokers.InvokedMethodListenerInvoker.invokeListener(InvokedMethodListenerInvoker.java:62)
	at org.testng.internal.Invoker.runInvokedMethodListeners(Invoker.java:552)
	at org.testng.internal.Invoker.invokeMethod(Invoker.java:617)
	at org.testng.internal.Invoker.invokeTestMethod(Invoker.java:821)
	at org.testng.internal.Invoker.invokeTestMethods(Invoker.java:1131)
	at org.testng.internal.TestMethodWorker.invokeTestMethods(TestMethodWorker.java:124)
	at org.testng.internal.TestMethodWorker.run(TestMethodWorker.java:108)
	at java.util.concurrent.ThreadPoolExecutor.runWorker(ThreadPoolExecutor.java:1149)
	at java.util.concurrent.ThreadPoolExecutor$Worker.run(ThreadPoolExecutor.java:624)
	at java.lang.Thread.run(Thread.java:748)
</pre></div></td>
<td>0</td>
<td>com.ca.tds.main.TDSFlowTest@7bb3a9fe</td></tr>
<tr>
<td title='com.ca.tds.main.TDSFlowTest.verifyAPI()'><b>verifyAPI</b><br>Test class: com.ca.tds.main.TDSFlowTest</td>
<td><div><pre>org.testng.SkipException: Skipping [verifyAPI] because the [verifyApiRequired] assumption(s) do not hold.
	at nl.javadude.assumeng.AssumptionListener.beforeInvocation(AssumptionListener.java:43)
	at java.util.concurrent.ThreadPoolExecutor.runWorker(ThreadPoolExecutor.java:1149)
	at java.util.concurrent.ThreadPoolExecutor$Worker.run(ThreadPoolExecutor.java:624)
	at java.lang.Thread.run(Thread.java:748)
... Removed 8 stack frames</pre></div><a href='#' onClick='toggleBox("stack-trace1284759016", this, "Click to show all stack frames", "Click to hide stack frames")'>Click to show all stack frames</a>
<div class='stack-trace' id='stack-trace1284759016'><pre>org.testng.SkipException: Skipping [verifyAPI] because the [verifyApiRequired] assumption(s) do not hold.
	at nl.javadude.assumeng.AssumptionListener.beforeInvocation(AssumptionListener.java:43)
	at org.testng.internal.invokers.InvokedMethodListenerInvoker$InvokeBeforeInvocationWithoutContextStrategy.callMethod(InvokedMethodListenerInvoker.java:84)
	at org.testng.internal.invokers.InvokedMethodListenerInvoker.invokeListener(InvokedMethodListenerInvoker.java:62)
	at org.testng.internal.Invoker.runInvokedMethodListeners(Invoker.java:552)
	at org.testng.internal.Invoker.invokeMethod(Invoker.java:617)
	at org.testng.internal.Invoker.invokeTestMethod(Invoker.java:821)
	at org.testng.internal.Invoker.invokeTestMethods(Invoker.java:1131)
	at org.testng.internal.TestMethodWorker.invokeTestMethods(TestMethodWorker.java:124)
	at org.testng.internal.TestMethodWorker.run(TestMethodWorker.java:108)
	at java.util.concurrent.ThreadPoolExecutor.runWorker(ThreadPoolExecutor.java:1149)
	at java.util.concurrent.ThreadPoolExecutor$Worker.run(ThreadPoolExecutor.java:624)
	at java.lang.Thread.run(Thread.java:748)
</pre></div></td>
<td>0</td>
<td>com.ca.tds.main.TDSFlowTest@f19c9d2</td></tr>
<tr>
<td title='com.ca.tds.main.TDSFlowTest.verifyAPI()'><b>verifyAPI</b><br>Test class: com.ca.tds.main.TDSFlowTest</td>
<td><div><pre>org.testng.SkipException: Skipping [verifyAPI] because the [verifyApiRequired] assumption(s) do not hold.
	at nl.javadude.assumeng.AssumptionListener.beforeInvocation(AssumptionListener.java:43)
	at java.util.concurrent.ThreadPoolExecutor.runWorker(ThreadPoolExecutor.java:1149)
	at java.util.concurrent.ThreadPoolExecutor$Worker.run(ThreadPoolExecutor.java:624)
	at java.lang.Thread.run(Thread.java:748)
... Removed 8 stack frames</pre></div><a href='#' onClick='toggleBox("stack-trace1125809533", this, "Click to show all stack frames", "Click to hide stack frames")'>Click to show all stack frames</a>
<div class='stack-trace' id='stack-trace1125809533'><pre>org.testng.SkipException: Skipping [verifyAPI] because the [verifyApiRequired] assumption(s) do not hold.
	at nl.javadude.assumeng.AssumptionListener.beforeInvocation(AssumptionListener.java:43)
	at org.testng.internal.invokers.InvokedMethodListenerInvoker$InvokeBeforeInvocationWithoutContextStrategy.callMethod(InvokedMethodListenerInvoker.java:84)
	at org.testng.internal.invokers.InvokedMethodListenerInvoker.invokeListener(InvokedMethodListenerInvoker.java:62)
	at org.testng.internal.Invoker.runInvokedMethodListeners(Invoker.java:552)
	at org.testng.internal.Invoker.invokeMethod(Invoker.java:617)
	at org.testng.internal.Invoker.invokeTestMethod(Invoker.java:821)
	at org.testng.internal.Invoker.invokeTestMethods(Invoker.java:1131)
	at org.testng.internal.TestMethodWorker.invokeTestMethods(TestMethodWorker.java:124)
	at org.testng.internal.TestMethodWorker.run(TestMethodWorker.java:108)
	at java.util.concurrent.ThreadPoolExecutor.runWorker(ThreadPoolExecutor.java:1149)
	at java.util.concurrent.ThreadPoolExecutor$Worker.run(ThreadPoolExecutor.java:624)
	at java.lang.Thread.run(Thread.java:748)
</pre></div></td>
<td>0</td>
<td>com.ca.tds.main.TDSFlowTest@4b6166aa</td></tr>
<tr>
<td title='com.ca.tds.main.TDSFlowTest.verifyAPI()'><b>verifyAPI</b><br>Test class: com.ca.tds.main.TDSFlowTest</td>
<td><div><pre>org.testng.SkipException: Skipping [verifyAPI] because the [verifyApiRequired] assumption(s) do not hold.
	at nl.javadude.assumeng.AssumptionListener.beforeInvocation(AssumptionListener.java:43)
	at java.util.concurrent.ThreadPoolExecutor.runWorker(ThreadPoolExecutor.java:1149)
	at java.util.concurrent.ThreadPoolExecutor$Worker.run(ThreadPoolExecutor.java:624)
	at java.lang.Thread.run(Thread.java:748)
... Removed 8 stack frames</pre></div><a href='#' onClick='toggleBox("stack-trace753326891", this, "Click to show all stack frames", "Click to hide stack frames")'>Click to show all stack frames</a>
<div class='stack-trace' id='stack-trace753326891'><pre>org.testng.SkipException: Skipping [verifyAPI] because the [verifyApiRequired] assumption(s) do not hold.
	at nl.javadude.assumeng.AssumptionListener.beforeInvocation(AssumptionListener.java:43)
	at org.testng.internal.invokers.InvokedMethodListenerInvoker$InvokeBeforeInvocationWithoutContextStrategy.callMethod(InvokedMethodListenerInvoker.java:84)
	at org.testng.internal.invokers.InvokedMethodListenerInvoker.invokeListener(InvokedMethodListenerInvoker.java:62)
	at org.testng.internal.Invoker.runInvokedMethodListeners(Invoker.java:552)
	at org.testng.internal.Invoker.invokeMethod(Invoker.java:617)
	at org.testng.internal.Invoker.invokeTestMethod(Invoker.java:821)
	at org.testng.internal.Invoker.invokeTestMethods(Invoker.java:1131)
	at org.testng.internal.TestMethodWorker.invokeTestMethods(TestMethodWorker.java:124)
	at org.testng.internal.TestMethodWorker.run(TestMethodWorker.java:108)
	at java.util.concurrent.ThreadPoolExecutor.runWorker(ThreadPoolExecutor.java:1149)
	at java.util.concurrent.ThreadPoolExecutor$Worker.run(ThreadPoolExecutor.java:624)
	at java.lang.Thread.run(Thread.java:748)
</pre></div></td>
<td>0</td>
<td>com.ca.tds.main.TDSFlowTest@7f811d00</td></tr>
<tr>
<td title='com.ca.tds.main.TDSFlowTest.verifyAPI()'><b>verifyAPI</b><br>Test class: com.ca.tds.main.TDSFlowTest</td>
<td><div><pre>org.testng.SkipException: Skipping [verifyAPI] because the [verifyApiRequired] assumption(s) do not hold.
	at nl.javadude.assumeng.AssumptionListener.beforeInvocation(AssumptionListener.java:43)
	at java.util.concurrent.ThreadPoolExecutor.runWorker(ThreadPoolExecutor.java:1149)
	at java.util.concurrent.ThreadPoolExecutor$Worker.run(ThreadPoolExecutor.java:624)
	at java.lang.Thread.run(Thread.java:748)
... Removed 8 stack frames</pre></div><a href='#' onClick='toggleBox("stack-trace186314477", this, "Click to show all stack frames", "Click to hide stack frames")'>Click to show all stack frames</a>
<div class='stack-trace' id='stack-trace186314477'><pre>org.testng.SkipException: Skipping [verifyAPI] because the [verifyApiRequired] assumption(s) do not hold.
	at nl.javadude.assumeng.AssumptionListener.beforeInvocation(AssumptionListener.java:43)
	at org.testng.internal.invokers.InvokedMethodListenerInvoker$InvokeBeforeInvocationWithoutContextStrategy.callMethod(InvokedMethodListenerInvoker.java:84)
	at org.testng.internal.invokers.InvokedMethodListenerInvoker.invokeListener(InvokedMethodListenerInvoker.java:62)
	at org.testng.internal.Invoker.runInvokedMethodListeners(Invoker.java:552)
	at org.testng.internal.Invoker.invokeMethod(Invoker.java:617)
	at org.testng.internal.Invoker.invokeTestMethod(Invoker.java:821)
	at org.testng.internal.Invoker.invokeTestMethods(Invoker.java:1131)
	at org.testng.internal.TestMethodWorker.invokeTestMethods(TestMethodWorker.java:124)
	at org.testng.internal.TestMethodWorker.run(TestMethodWorker.java:108)
	at java.util.concurrent.ThreadPoolExecutor.runWorker(ThreadPoolExecutor.java:1149)
	at java.util.concurrent.ThreadPoolExecutor$Worker.run(ThreadPoolExecutor.java:624)
	at java.lang.Thread.run(Thread.java:748)
</pre></div></td>
<td>0</td>
<td>com.ca.tds.main.TDSFlowTest@523424b5</td></tr>
<tr>
<td title='com.ca.tds.main.TDSFlowTest.verifyAPI()'><b>verifyAPI</b><br>Test class: com.ca.tds.main.TDSFlowTest</td>
<td><div><pre>org.testng.SkipException: Skipping [verifyAPI] because the [verifyApiRequired] assumption(s) do not hold.
	at nl.javadude.assumeng.AssumptionListener.beforeInvocation(AssumptionListener.java:43)
	at java.util.concurrent.ThreadPoolExecutor.runWorker(ThreadPoolExecutor.java:1149)
	at java.util.concurrent.ThreadPoolExecutor$Worker.run(ThreadPoolExecutor.java:624)
	at java.lang.Thread.run(Thread.java:748)
... Removed 8 stack frames</pre></div><a href='#' onClick='toggleBox("stack-trace1512138737", this, "Click to show all stack frames", "Click to hide stack frames")'>Click to show all stack frames</a>
<div class='stack-trace' id='stack-trace1512138737'><pre>org.testng.SkipException: Skipping [verifyAPI] because the [verifyApiRequired] assumption(s) do not hold.
	at nl.javadude.assumeng.AssumptionListener.beforeInvocation(AssumptionListener.java:43)
	at org.testng.internal.invokers.InvokedMethodListenerInvoker$InvokeBeforeInvocationWithoutContextStrategy.callMethod(InvokedMethodListenerInvoker.java:84)
	at org.testng.internal.invokers.InvokedMethodListenerInvoker.invokeListener(InvokedMethodListenerInvoker.java:62)
	at org.testng.internal.Invoker.runInvokedMethodListeners(Invoker.java:552)
	at org.testng.internal.Invoker.invokeMethod(Invoker.java:617)
	at org.testng.internal.Invoker.invokeTestMethod(Invoker.java:821)
	at org.testng.internal.Invoker.invokeTestMethods(Invoker.java:1131)
	at org.testng.internal.TestMethodWorker.invokeTestMethods(TestMethodWorker.java:124)
	at org.testng.internal.TestMethodWorker.run(TestMethodWorker.java:108)
	at java.util.concurrent.ThreadPoolExecutor.runWorker(ThreadPoolExecutor.java:1149)
	at java.util.concurrent.ThreadPoolExecutor$Worker.run(ThreadPoolExecutor.java:624)
	at java.lang.Thread.run(Thread.java:748)
</pre></div></td>
<td>0</td>
<td>com.ca.tds.main.TDSFlowTest@7997b197</td></tr>
</table><p>
</body>
</html>