<?xml version="1.0" encoding="UTF-8"?>
<!-- Generated by org.testng.reporters.JUnitXMLReporter -->
<testsuite hostname="7BB9LQ2" ignored="0" name="MASTERCARD::Clear Card::Browser::RReq flow" tests="161" failures="16" timestamp="17 Sep 2019 07:34:35 GMT" time="203.361" errors="0">
  <testcase name="testRRequestAPI" time="1.204" classname="com.ca.tds.main.TDSRReq_TC"/>
  <testcase name="testRRequestAPI" time="1.223" classname="com.ca.tds.main.TDSRReq_TC"/>
  <testcase name="testRRequestAPI" time="1.123" classname="com.ca.tds.main.TDSRReq_TC"/>
  <testcase name="testRRequestAPI" time="1.164" classname="com.ca.tds.main.TDSRReq_TC"/>
  <testcase name="testRRequestAPI" time="1.154" classname="com.ca.tds.main.TDSRReq_TC"/>
  <testcase name="testRRequestAPI" time="1.19" classname="com.ca.tds.main.TDSRReq_TC"/>
  <testcase name="testRRequestAPI" time="1.206" classname="com.ca.tds.main.TDSRReq_TC"/>
  <testcase name="testRRequestAPI" time="1.142" classname="com.ca.tds.main.TDSRReq_TC"/>
  <testcase name="testRRequestAPI" time="1.142" classname="com.ca.tds.main.TDSRReq_TC"/>
  <testcase name="testRRequestAPI" time="1.145" classname="com.ca.tds.main.TDSRReq_TC"/>
  <testcase name="testRRequestAPI" time="1.886" classname="com.ca.tds.main.TDSRReq_TC"/>
  <testcase name="testRRequestAPI" time="1.222" classname="com.ca.tds.main.TDSRReq_TC"/>
  <testcase name="testRRequestAPI" time="1.128" classname="com.ca.tds.main.TDSRReq_TC"/>
  <testcase name="testRRequestAPI" time="1.135" classname="com.ca.tds.main.TDSRReq_TC"/>
  <testcase name="testRRequestAPI" time="1.147" classname="com.ca.tds.main.TDSRReq_TC"/>
  <testcase name="testRRequestAPI" time="1.196" classname="com.ca.tds.main.TDSRReq_TC"/>
  <testcase name="testRRequestAPI" time="1.219" classname="com.ca.tds.main.TDSRReq_TC"/>
  <testcase name="testRRequestAPI" time="1.119" classname="com.ca.tds.main.TDSRReq_TC">
    <failure type="java.lang.AssertionError" message="errorComponent: S, errorCode: 203, errorDescription:CA Merchant Server:: Invalid Format  for one of the  Element Found in the message errorDetail : challengeCancel, threeDSServerTransID : 9b4a7b76-c0e8-4e86-aed9-9f2c62dfe955">
      <![CDATA[java.lang.AssertionError: errorComponent: S, errorCode: 203, errorDescription:CA Merchant Server:: Invalid Format  for one of the  Element Found in the message errorDetail : challengeCancel, threeDSServerTransID : 9b4a7b76-c0e8-4e86-aed9-9f2c62dfe955
at com.ca.tds.main.TDSRReq_TC.testRRequestAPI(TDSRReq_TC.java:104)
at java.util.concurrent.ThreadPoolExecutor.runWorker(ThreadPoolExecutor.java:1149)
at java.util.concurrent.ThreadPoolExecutor$Worker.run(ThreadPoolExecutor.java:624)
at java.lang.Thread.run(Thread.java:748)
... Removed 10 stack frames]]>
    </failure>
  </testcase> <!-- testRRequestAPI -->
  <testcase name="testRRequestAPI" time="1.132" classname="com.ca.tds.main.TDSRReq_TC">
    <failure type="java.lang.AssertionError" message="errorComponent: S, errorCode: 203, errorDescription:CA Merchant Server:: Invalid Format  for one of the  Element Found in the message errorDetail : challengeCancel, threeDSServerTransID : bf0dab3b-dee1-4efa-8f69-f69933a6d90d">
      <![CDATA[java.lang.AssertionError: errorComponent: S, errorCode: 203, errorDescription:CA Merchant Server:: Invalid Format  for one of the  Element Found in the message errorDetail : challengeCancel, threeDSServerTransID : bf0dab3b-dee1-4efa-8f69-f69933a6d90d
at com.ca.tds.main.TDSRReq_TC.testRRequestAPI(TDSRReq_TC.java:104)
at java.util.concurrent.ThreadPoolExecutor.runWorker(ThreadPoolExecutor.java:1149)
at java.util.concurrent.ThreadPoolExecutor$Worker.run(ThreadPoolExecutor.java:624)
at java.lang.Thread.run(Thread.java:748)
... Removed 10 stack frames]]>
    </failure>
  </testcase> <!-- testRRequestAPI -->
  <testcase name="testRRequestAPI" time="1.153" classname="com.ca.tds.main.TDSRReq_TC"/>
  <testcase name="testRRequestAPI" time="1.187" classname="com.ca.tds.main.TDSRReq_TC"/>
  <testcase name="testRRequestAPI" time="1.208" classname="com.ca.tds.main.TDSRReq_TC"/>
  <testcase name="testRRequestAPI" time="1.128" classname="com.ca.tds.main.TDSRReq_TC"/>
  <testcase name="testRRequestAPI" time="1.126" classname="com.ca.tds.main.TDSRReq_TC">
    <failure type="java.lang.AssertionError" message="Expected to Fail">
      <![CDATA[java.lang.AssertionError: Expected to Fail
at com.ca.tds.main.TDSRReq_TC.testRRequestAPI(TDSRReq_TC.java:109)
at java.util.concurrent.ThreadPoolExecutor.runWorker(ThreadPoolExecutor.java:1149)
at java.util.concurrent.ThreadPoolExecutor$Worker.run(ThreadPoolExecutor.java:624)
at java.lang.Thread.run(Thread.java:748)
... Removed 10 stack frames]]>
    </failure>
  </testcase> <!-- testRRequestAPI -->
  <testcase name="testRRequestAPI" time="1.147" classname="com.ca.tds.main.TDSRReq_TC"/>
  <testcase name="testRRequestAPI" time="1.201" classname="com.ca.tds.main.TDSRReq_TC"/>
  <testcase name="testRRequestAPI" time="1.195" classname="com.ca.tds.main.TDSRReq_TC"/>
  <testcase name="testRRequestAPI" time="1.129" classname="com.ca.tds.main.TDSRReq_TC"/>
  <testcase name="testRRequestAPI" time="1.137" classname="com.ca.tds.main.TDSRReq_TC"/>
  <testcase name="testRRequestAPI" time="1.127" classname="com.ca.tds.main.TDSRReq_TC"/>
  <testcase name="testRRequestAPI" time="1.166" classname="com.ca.tds.main.TDSRReq_TC"/>
  <testcase name="testRRequestAPI" time="1.205" classname="com.ca.tds.main.TDSRReq_TC">
    <failure type="java.lang.AssertionError" message="The following asserts failed:
	expected [203] but found [301]">
      <![CDATA[java.lang.AssertionError: The following asserts failed:
expected [203] but found [301]
at com.ca.tds.main.TDSRReq_TC.testRRequestAPI(TDSRReq_TC.java:180)
at java.util.concurrent.ThreadPoolExecutor.runWorker(ThreadPoolExecutor.java:1149)
at java.util.concurrent.ThreadPoolExecutor$Worker.run(ThreadPoolExecutor.java:624)
at java.lang.Thread.run(Thread.java:748)
... Removed 10 stack frames]]>
    </failure>
  </testcase> <!-- testRRequestAPI -->
  <testcase name="testRRequestAPI" time="1.156" classname="com.ca.tds.main.TDSRReq_TC"/>
  <testcase name="testRRequestAPI" time="1.124" classname="com.ca.tds.main.TDSRReq_TC"/>
  <testcase name="testRRequestAPI" time="1.163" classname="com.ca.tds.main.TDSRReq_TC"/>
  <testcase name="testRRequestAPI" time="1.186" classname="com.ca.tds.main.TDSRReq_TC"/>
  <testcase name="testRRequestAPI" time="1.226" classname="com.ca.tds.main.TDSRReq_TC"/>
  <testcase name="testRRequestAPI" time="1.146" classname="com.ca.tds.main.TDSRReq_TC"/>
  <testcase name="testRRequestAPI" time="1.156" classname="com.ca.tds.main.TDSRReq_TC"/>
  <testcase name="testRRequestAPI" time="1.177" classname="com.ca.tds.main.TDSRReq_TC"/>
  <testcase name="testRRequestAPI" time="1.181" classname="com.ca.tds.main.TDSRReq_TC"/>
  <testcase name="testRRequestAPI" time="1.234" classname="com.ca.tds.main.TDSRReq_TC"/>
  <testcase name="testRRequestAPI" time="1.125" classname="com.ca.tds.main.TDSRReq_TC"/>
  <testcase name="testRRequestAPI" time="1.131" classname="com.ca.tds.main.TDSRReq_TC"/>
  <testcase name="testRRequestAPI" time="1.151" classname="com.ca.tds.main.TDSRReq_TC"/>
  <testcase name="testRRequestAPI" time="1.178" classname="com.ca.tds.main.TDSRReq_TC"/>
  <testcase name="testRRequestAPI" time="1.219" classname="com.ca.tds.main.TDSRReq_TC"/>
  <testcase name="testRRequestAPI" time="4.139" classname="com.ca.tds.main.TDSRReq_TC"/>
  <testcase name="testRRequestAPI" time="1.189" classname="com.ca.tds.main.TDSRReq_TC"/>
  <testcase name="testRRequestAPI" time="1.148" classname="com.ca.tds.main.TDSRReq_TC">
    <failure type="java.lang.AssertionError" message="The following asserts failed:
	expected [305] but found [203]">
      <![CDATA[java.lang.AssertionError: The following asserts failed:
expected [305] but found [203]
at com.ca.tds.main.TDSRReq_TC.testRRequestAPI(TDSRReq_TC.java:180)
at java.util.concurrent.ThreadPoolExecutor.runWorker(ThreadPoolExecutor.java:1149)
at java.util.concurrent.ThreadPoolExecutor$Worker.run(ThreadPoolExecutor.java:624)
at java.lang.Thread.run(Thread.java:748)
... Removed 10 stack frames]]>
    </failure>
  </testcase> <!-- testRRequestAPI -->
  <testcase name="testRRequestAPI" time="1.178" classname="com.ca.tds.main.TDSRReq_TC">
    <failure type="java.lang.AssertionError" message="The following asserts failed:
	expected [305] but found [203]">
      <![CDATA[java.lang.AssertionError: The following asserts failed:
expected [305] but found [203]
at com.ca.tds.main.TDSRReq_TC.testRRequestAPI(TDSRReq_TC.java:180)
at java.util.concurrent.ThreadPoolExecutor.runWorker(ThreadPoolExecutor.java:1149)
at java.util.concurrent.ThreadPoolExecutor$Worker.run(ThreadPoolExecutor.java:624)
at java.lang.Thread.run(Thread.java:748)
... Removed 10 stack frames]]>
    </failure>
  </testcase> <!-- testRRequestAPI -->
  <testcase name="testRRequestAPI" time="1.193" classname="com.ca.tds.main.TDSRReq_TC">
    <failure type="java.lang.AssertionError" message="The following asserts failed:
	expected [305] but found [203]">
      <![CDATA[java.lang.AssertionError: The following asserts failed:
expected [305] but found [203]
at com.ca.tds.main.TDSRReq_TC.testRRequestAPI(TDSRReq_TC.java:180)
at java.util.concurrent.ThreadPoolExecutor.runWorker(ThreadPoolExecutor.java:1149)
at java.util.concurrent.ThreadPoolExecutor$Worker.run(ThreadPoolExecutor.java:624)
at java.lang.Thread.run(Thread.java:748)
... Removed 10 stack frames]]>
    </failure>
  </testcase> <!-- testRRequestAPI -->
  <testcase name="testRRequestAPI" time="1.128" classname="com.ca.tds.main.TDSRReq_TC">
    <failure type="java.lang.AssertionError" message="The following asserts failed:
	expected [305] but found [203]">
      <![CDATA[java.lang.AssertionError: The following asserts failed:
expected [305] but found [203]
at com.ca.tds.main.TDSRReq_TC.testRRequestAPI(TDSRReq_TC.java:180)
at java.util.concurrent.ThreadPoolExecutor.runWorker(ThreadPoolExecutor.java:1149)
at java.util.concurrent.ThreadPoolExecutor$Worker.run(ThreadPoolExecutor.java:624)
at java.lang.Thread.run(Thread.java:748)
... Removed 10 stack frames]]>
    </failure>
  </testcase> <!-- testRRequestAPI -->
  <testcase name="testRRequestAPI" time="1.151" classname="com.ca.tds.main.TDSRReq_TC"/>
  <testcase name="testRRequestAPI" time="1.171" classname="com.ca.tds.main.TDSRReq_TC"/>
  <testcase name="testRRequestAPI" time="1.236" classname="com.ca.tds.main.TDSRReq_TC">
    <failure type="java.lang.AssertionError" message="The following asserts failed:
	expected [305] but found [203]">
      <![CDATA[java.lang.AssertionError: The following asserts failed:
expected [305] but found [203]
at com.ca.tds.main.TDSRReq_TC.testRRequestAPI(TDSRReq_TC.java:180)
at java.util.concurrent.ThreadPoolExecutor.runWorker(ThreadPoolExecutor.java:1149)
at java.util.concurrent.ThreadPoolExecutor$Worker.run(ThreadPoolExecutor.java:624)
at java.lang.Thread.run(Thread.java:748)
... Removed 10 stack frames]]>
    </failure>
  </testcase> <!-- testRRequestAPI -->
  <testcase name="testRRequestAPI" time="1.236" classname="com.ca.tds.main.TDSRReq_TC"/>
  <testcase name="testRRequestAPI" time="1.149" classname="com.ca.tds.main.TDSRReq_TC"/>
  <testcase name="testRRequestAPI" time="1.141" classname="com.ca.tds.main.TDSRReq_TC"/>
  <testcase name="testRRequestAPI" time="1.176" classname="com.ca.tds.main.TDSRReq_TC"/>
  <testcase name="testRRequestAPI" time="1.189" classname="com.ca.tds.main.TDSRReq_TC"/>
  <testcase name="testRRequestAPI" time="1.204" classname="com.ca.tds.main.TDSRReq_TC"/>
  <testcase name="testRRequestAPI" time="1.157" classname="com.ca.tds.main.TDSRReq_TC"/>
  <testcase name="testRRequestAPI" time="1.163" classname="com.ca.tds.main.TDSRReq_TC"/>
  <testcase name="testRRequestAPI" time="1.143" classname="com.ca.tds.main.TDSRReq_TC">
    <failure type="java.lang.AssertionError" message="The following asserts failed:
	expected [203] but found [301]">
      <![CDATA[java.lang.AssertionError: The following asserts failed:
expected [203] but found [301]
at com.ca.tds.main.TDSRReq_TC.testRRequestAPI(TDSRReq_TC.java:180)
at java.util.concurrent.ThreadPoolExecutor.runWorker(ThreadPoolExecutor.java:1149)
at java.util.concurrent.ThreadPoolExecutor$Worker.run(ThreadPoolExecutor.java:624)
at java.lang.Thread.run(Thread.java:748)
... Removed 10 stack frames]]>
    </failure>
  </testcase> <!-- testRRequestAPI -->
  <testcase name="testRRequestAPI" time="1.177" classname="com.ca.tds.main.TDSRReq_TC"/>
  <testcase name="testRRequestAPI" time="1.204" classname="com.ca.tds.main.TDSRReq_TC"/>
  <testcase name="testRRequestAPI" time="1.125" classname="com.ca.tds.main.TDSRReq_TC"/>
  <testcase name="testRRequestAPI" time="1.184" classname="com.ca.tds.main.TDSRReq_TC"/>
  <testcase name="testRRequestAPI" time="1.163" classname="com.ca.tds.main.TDSRReq_TC"/>
  <testcase name="testRRequestAPI" time="1.176" classname="com.ca.tds.main.TDSRReq_TC"/>
  <testcase name="testRRequestAPI" time="1.217" classname="com.ca.tds.main.TDSRReq_TC"/>
  <testcase name="testRRequestAPI" time="1.133" classname="com.ca.tds.main.TDSRReq_TC"/>
  <testcase name="testRRequestAPI" time="1.21" classname="com.ca.tds.main.TDSRReq_TC"/>
  <testcase name="testRRequestAPI" time="1.175" classname="com.ca.tds.main.TDSRReq_TC"/>
  <testcase name="testRRequestAPI" time="1.196" classname="com.ca.tds.main.TDSRReq_TC"/>
  <testcase name="testRRequestAPI" time="1.239" classname="com.ca.tds.main.TDSRReq_TC"/>
  <testcase name="testRRequestAPI" time="1.137" classname="com.ca.tds.main.TDSRReq_TC"/>
  <testcase name="testRRequestAPI" time="1.145" classname="com.ca.tds.main.TDSRReq_TC"/>
  <testcase name="testRRequestAPI" time="1.151" classname="com.ca.tds.main.TDSRReq_TC"/>
  <testcase name="testRRequestAPI" time="1.195" classname="com.ca.tds.main.TDSRReq_TC"/>
  <testcase name="testRRequestAPI" time="1.283" classname="com.ca.tds.main.TDSRReq_TC"/>
  <testcase name="testRRequestAPI" time="1.135" classname="com.ca.tds.main.TDSRReq_TC"/>
  <testcase name="testRRequestAPI" time="1.142" classname="com.ca.tds.main.TDSRReq_TC"/>
  <testcase name="testRRequestAPI" time="1.155" classname="com.ca.tds.main.TDSRReq_TC"/>
  <testcase name="testRRequestAPI" time="1.189" classname="com.ca.tds.main.TDSRReq_TC"/>
  <testcase name="testRRequestAPI" time="1.225" classname="com.ca.tds.main.TDSRReq_TC"/>
  <testcase name="testRRequestAPI" time="1.192" classname="com.ca.tds.main.TDSRReq_TC"/>
  <testcase name="testRRequestAPI" time="1.16" classname="com.ca.tds.main.TDSRReq_TC"/>
  <testcase name="testRRequestAPI" time="1.171" classname="com.ca.tds.main.TDSRReq_TC"/>
  <testcase name="testRRequestAPI" time="1.23" classname="com.ca.tds.main.TDSRReq_TC"/>
  <testcase name="testRRequestAPI" time="1.213" classname="com.ca.tds.main.TDSRReq_TC"/>
  <testcase name="testRRequestAPI" time="1.127" classname="com.ca.tds.main.TDSRReq_TC"/>
  <testcase name="testRRequestAPI" time="1.147" classname="com.ca.tds.main.TDSRReq_TC"/>
  <testcase name="testRRequestAPI" time="1.149" classname="com.ca.tds.main.TDSRReq_TC"/>
  <testcase name="testRRequestAPI" time="1.168" classname="com.ca.tds.main.TDSRReq_TC"/>
  <testcase name="testRRequestAPI" time="1.222" classname="com.ca.tds.main.TDSRReq_TC"/>
  <testcase name="testRRequestAPI" time="1.207" classname="com.ca.tds.main.TDSRReq_TC"/>
  <testcase name="testRRequestAPI" time="1.913" classname="com.ca.tds.main.TDSRReq_TC"/>
  <testcase name="testRRequestAPI" time="1.156" classname="com.ca.tds.main.TDSRReq_TC"/>
  <testcase name="testRRequestAPI" time="1.176" classname="com.ca.tds.main.TDSRReq_TC"/>
  <testcase name="testRRequestAPI" time="1.2" classname="com.ca.tds.main.TDSRReq_TC"/>
  <testcase name="testRRequestAPI" time="1.137" classname="com.ca.tds.main.TDSRReq_TC">
    <failure type="java.lang.AssertionError" message="The following asserts failed:
	expected [203] but found [201]">
      <![CDATA[java.lang.AssertionError: The following asserts failed:
expected [203] but found [201]
at com.ca.tds.main.TDSRReq_TC.testRRequestAPI(TDSRReq_TC.java:180)
at java.util.concurrent.ThreadPoolExecutor.runWorker(ThreadPoolExecutor.java:1149)
at java.util.concurrent.ThreadPoolExecutor$Worker.run(ThreadPoolExecutor.java:624)
at java.lang.Thread.run(Thread.java:748)
... Removed 10 stack frames]]>
    </failure>
  </testcase> <!-- testRRequestAPI -->
  <testcase name="testRRequestAPI" time="1.16" classname="com.ca.tds.main.TDSRReq_TC">
    <failure type="java.lang.AssertionError" message="errorComponent: S, errorCode: 201, errorDescription:CA Merchant Server:: Required Element is missing in the messageerrorDetail : transStatusReason,,transStatusReason, threeDSServerTransID : 20163175-2eb6-414f-9718-addb29eb39d3">
      <![CDATA[java.lang.AssertionError: errorComponent: S, errorCode: 201, errorDescription:CA Merchant Server:: Required Element is missing in the messageerrorDetail : transStatusReason,,transStatusReason, threeDSServerTransID : 20163175-2eb6-414f-9718-addb29eb39d3
at com.ca.tds.main.TDSRReq_TC.testRRequestAPI(TDSRReq_TC.java:104)
at java.util.concurrent.ThreadPoolExecutor.runWorker(ThreadPoolExecutor.java:1149)
at java.util.concurrent.ThreadPoolExecutor$Worker.run(ThreadPoolExecutor.java:624)
at java.lang.Thread.run(Thread.java:748)
... Removed 10 stack frames]]>
    </failure>
  </testcase> <!-- testRRequestAPI -->
  <testcase name="testRRequestAPI" time="1.172" classname="com.ca.tds.main.TDSRReq_TC"/>
  <testcase name="testRRequestAPI" time="1.194" classname="com.ca.tds.main.TDSRReq_TC"/>
  <testcase name="testRRequestAPI" time="1.208" classname="com.ca.tds.main.TDSRReq_TC"/>
  <testcase name="testRRequestAPI" time="1.151" classname="com.ca.tds.main.TDSRReq_TC"/>
  <testcase name="testRRequestAPI" time="1.149" classname="com.ca.tds.main.TDSRReq_TC"/>
  <testcase name="testRRequestAPI" time="1.157" classname="com.ca.tds.main.TDSRReq_TC"/>
  <testcase name="testRRequestAPI" time="1.211" classname="com.ca.tds.main.TDSRReq_TC"/>
  <testcase name="testRRequestAPI" time="1.202" classname="com.ca.tds.main.TDSRReq_TC"/>
  <testcase name="testRRequestAPI" time="1.134" classname="com.ca.tds.main.TDSRReq_TC"/>
  <testcase name="testRRequestAPI" time="1.16" classname="com.ca.tds.main.TDSRReq_TC"/>
  <testcase name="testRRequestAPI" time="1.142" classname="com.ca.tds.main.TDSRReq_TC"/>
  <testcase name="testRRequestAPI" time="1.177" classname="com.ca.tds.main.TDSRReq_TC"/>
  <testcase name="testRRequestAPI" time="1.191" classname="com.ca.tds.main.TDSRReq_TC"/>
  <testcase name="testRRequestAPI" time="1.138" classname="com.ca.tds.main.TDSRReq_TC"/>
  <testcase name="testRRequestAPI" time="1.137" classname="com.ca.tds.main.TDSRReq_TC"/>
  <testcase name="testRRequestAPI" time="1.152" classname="com.ca.tds.main.TDSRReq_TC"/>
  <testcase name="testRRequestAPI" time="1.17" classname="com.ca.tds.main.TDSRReq_TC"/>
  <testcase name="testRRequestAPI" time="1.205" classname="com.ca.tds.main.TDSRReq_TC"/>
  <testcase name="testRRequestAPI" time="1.182" classname="com.ca.tds.main.TDSRReq_TC"/>
  <testcase name="testRRequestAPI" time="1.151" classname="com.ca.tds.main.TDSRReq_TC"/>
  <testcase name="testRRequestAPI" time="1.153" classname="com.ca.tds.main.TDSRReq_TC"/>
  <testcase name="testRRequestAPI" time="1.215" classname="com.ca.tds.main.TDSRReq_TC"/>
  <testcase name="testRRequestAPI" time="1.205" classname="com.ca.tds.main.TDSRReq_TC"/>
  <testcase name="testRRequestAPI" time="1.132" classname="com.ca.tds.main.TDSRReq_TC"/>
  <testcase name="testRRequestAPI" time="1.136" classname="com.ca.tds.main.TDSRReq_TC"/>
  <testcase name="testRRequestAPI" time="1.147" classname="com.ca.tds.main.TDSRReq_TC"/>
  <testcase name="testRRequestAPI" time="1.192" classname="com.ca.tds.main.TDSRReq_TC">
    <failure type="java.lang.AssertionError" message="The following asserts failed:
	expected [203] but found [201]">
      <![CDATA[java.lang.AssertionError: The following asserts failed:
expected [203] but found [201]
at com.ca.tds.main.TDSRReq_TC.testRRequestAPI(TDSRReq_TC.java:180)
at java.util.concurrent.ThreadPoolExecutor.runWorker(ThreadPoolExecutor.java:1149)
at java.util.concurrent.ThreadPoolExecutor$Worker.run(ThreadPoolExecutor.java:624)
at java.lang.Thread.run(Thread.java:748)
... Removed 10 stack frames]]>
    </failure>
  </testcase> <!-- testRRequestAPI -->
  <testcase name="testRRequestAPI" time="1.185" classname="com.ca.tds.main.TDSRReq_TC">
    <failure type="java.lang.AssertionError" message="errorComponent: S, errorCode: 201, errorDescription:CA Merchant Server:: Required Element is missing in the messageerrorDetail : transStatusReason,,transStatusReason, threeDSServerTransID : 0391dde8-3ea1-41da-939c-4220737fc36e">
      <![CDATA[java.lang.AssertionError: errorComponent: S, errorCode: 201, errorDescription:CA Merchant Server:: Required Element is missing in the messageerrorDetail : transStatusReason,,transStatusReason, threeDSServerTransID : 0391dde8-3ea1-41da-939c-4220737fc36e
at com.ca.tds.main.TDSRReq_TC.testRRequestAPI(TDSRReq_TC.java:104)
at java.util.concurrent.ThreadPoolExecutor.runWorker(ThreadPoolExecutor.java:1149)
at java.util.concurrent.ThreadPoolExecutor$Worker.run(ThreadPoolExecutor.java:624)
at java.lang.Thread.run(Thread.java:748)
... Removed 10 stack frames]]>
    </failure>
  </testcase> <!-- testRRequestAPI -->
  <testcase name="testRRequestAPI" time="1.13" classname="com.ca.tds.main.TDSRReq_TC"/>
  <testcase name="testRRequestAPI" time="1.151" classname="com.ca.tds.main.TDSRReq_TC"/>
  <testcase name="testRRequestAPI" time="1.152" classname="com.ca.tds.main.TDSRReq_TC"/>
  <testcase name="testRRequestAPI" time="1.178" classname="com.ca.tds.main.TDSRReq_TC"/>
  <testcase name="testRRequestAPI" time="1.304" classname="com.ca.tds.main.TDSRReq_TC"/>
  <testcase name="testRRequestAPI" time="2.021" classname="com.ca.tds.main.TDSRReq_TC"/>
  <testcase name="testRRequestAPI" time="1.13" classname="com.ca.tds.main.TDSRReq_TC"/>
  <testcase name="testRRequestAPI" time="1.154" classname="com.ca.tds.main.TDSRReq_TC"/>
  <testcase name="testRRequestAPI" time="1.192" classname="com.ca.tds.main.TDSRReq_TC"/>
  <testcase name="testRRequestAPI" time="1.203" classname="com.ca.tds.main.TDSRReq_TC"/>
  <testcase name="testRRequestAPI" time="1.611" classname="com.ca.tds.main.TDSRReq_TC"/>
  <testcase name="testRRequestAPI" time="1.149" classname="com.ca.tds.main.TDSRReq_TC"/>
  <testcase name="testRRequestAPI" time="1.146" classname="com.ca.tds.main.TDSRReq_TC"/>
  <testcase name="testRRequestAPI" time="1.175" classname="com.ca.tds.main.TDSRReq_TC"/>
  <testcase name="testRRequestAPI" time="1.238" classname="com.ca.tds.main.TDSRReq_TC"/>
  <testcase name="testRRequestAPI" time="1.134" classname="com.ca.tds.main.TDSRReq_TC"/>
  <testcase name="testRRequestAPI" time="1.146" classname="com.ca.tds.main.TDSRReq_TC"/>
  <testcase name="testRRequestAPI" time="1.14" classname="com.ca.tds.main.TDSRReq_TC"/>
  <testcase name="testRRequestAPI" time="1.205" classname="com.ca.tds.main.TDSRReq_TC"/>
  <testcase name="testRRequestAPI" time="1.198" classname="com.ca.tds.main.TDSRReq_TC"/>
  <testcase name="testRRequestAPI" time="1.151" classname="com.ca.tds.main.TDSRReq_TC"/>
  <testcase name="testRRequestAPI" time="1.152" classname="com.ca.tds.main.TDSRReq_TC"/>
  <testcase name="testRRequestAPI" time="1.148" classname="com.ca.tds.main.TDSRReq_TC"/>
  <testcase name="testRRequestAPI" time="1.162" classname="com.ca.tds.main.TDSRReq_TC"/>
  <testcase name="testRRequestAPI" time="1.209" classname="com.ca.tds.main.TDSRReq_TC"/>
  <testcase name="testRRequestAPI" time="1.127" classname="com.ca.tds.main.TDSRReq_TC"/>
  <testcase name="testRRequestAPI" time="1.141" classname="com.ca.tds.main.TDSRReq_TC">
    <failure type="java.lang.AssertionError" message="The following asserts failed:
	expected [203] but found [201]">
      <![CDATA[java.lang.AssertionError: The following asserts failed:
expected [203] but found [201]
at com.ca.tds.main.TDSRReq_TC.testRRequestAPI(TDSRReq_TC.java:180)
at java.util.concurrent.ThreadPoolExecutor.runWorker(ThreadPoolExecutor.java:1149)
at java.util.concurrent.ThreadPoolExecutor$Worker.run(ThreadPoolExecutor.java:624)
at java.lang.Thread.run(Thread.java:748)
... Removed 10 stack frames]]>
    </failure>
  </testcase> <!-- testRRequestAPI -->
  <testcase name="testRRequestAPI" time="1.143" classname="com.ca.tds.main.TDSRReq_TC">
    <failure type="java.lang.AssertionError" message="errorComponent: S, errorCode: 201, errorDescription:CA Merchant Server:: Required Element is missing in the messageerrorDetail : transStatusReason,,transStatusReason, threeDSServerTransID : 14820311-0f75-401d-9e12-565147d6d8b7">
      <![CDATA[java.lang.AssertionError: errorComponent: S, errorCode: 201, errorDescription:CA Merchant Server:: Required Element is missing in the messageerrorDetail : transStatusReason,,transStatusReason, threeDSServerTransID : 14820311-0f75-401d-9e12-565147d6d8b7
at com.ca.tds.main.TDSRReq_TC.testRRequestAPI(TDSRReq_TC.java:104)
at java.util.concurrent.ThreadPoolExecutor.runWorker(ThreadPoolExecutor.java:1149)
at java.util.concurrent.ThreadPoolExecutor$Worker.run(ThreadPoolExecutor.java:624)
at java.lang.Thread.run(Thread.java:748)
... Removed 10 stack frames]]>
    </failure>
  </testcase> <!-- testRRequestAPI -->
  <testcase name="testRRequestAPI" time="1.183" classname="com.ca.tds.main.TDSRReq_TC"/>
</testsuite> <!-- MASTERCARD::Clear Card::Browser::RReq flow -->
