<html>
<head>
<title>TestNG:  VISA::Clear Card::Browser::Verify flow</title>
<link href="../testng.css" rel="stylesheet" type="text/css" />
<link href="../my-testng.css" rel="stylesheet" type="text/css" />

<style type="text/css">
.log { display: none;} 
.stack-trace { display: none;} 
</style>
<script type="text/javascript">
<!--
function flip(e) {
  current = e.style.display;
  if (current == 'block') {
    e.style.display = 'none';
    return 0;
  }
  else {
    e.style.display = 'block';
    return 1;
  }
}

function toggleBox(szDivId, elem, msg1, msg2)
{
  var res = -1;  if (document.getElementById) {
    res = flip(document.getElementById(szDivId));
  }
  else if (document.all) {
    // this is the way old msie versions work
    res = flip(document.all[szDivId]);
  }
  if(elem) {
    if(res == 0) elem.innerHTML = msg1; else elem.innerHTML = msg2;
  }

}

function toggleAllBoxes() {
  if (document.getElementsByTagName) {
    d = document.getElementsByTagName('div');
    for (i = 0; i < d.length; i++) {
      if (d[i].className == 'log') {
        flip(d[i]);
      }
    }
  }
}

// -->
</script>

</head>
<body>
<h2 align='center'>VISA::Clear Card::Browser::Verify flow</h2><table border='1' align="center">
<tr>
<td>Tests passed/Failed/Skipped:</td><td>31/31/62</td>
</tr><tr>
<td>Started on:</td><td>Fri Aug 30 15:47:45 IST 2019</td>
</tr>
<tr><td>Total time:</td><td>39 seconds (39109 ms)</td>
</tr><tr>
<td>Included groups:</td><td></td>
</tr><tr>
<td>Excluded groups:</td><td></td>
</tr>
</table><p/>
<small><i>(Hover the method name to see the test class name)</i></small><p/>
<table width='100%' border='1' class='invocation-failed'>
<tr><td colspan='4' align='center'><b>FAILED TESTS</b></td></tr>
<tr><td><b>Test method</b></td>
<td width="30%"><b>Exception</b></td>
<td width="10%"><b>Time (seconds)</b></td>
<td><b>Instance</b></td>
</tr>
<tr>
<td title='com.ca.tds.main.TDSFlowTest.brwPreAreq()'><b>brwPreAreq</b><br>Test class: com.ca.tds.main.TDSFlowTest</td>
<td><div><pre>java.lang.AssertionError: ARes response json schema validation failed.&lt;br&gt;expected minLength: 17, actual: 4&lt;br&gt; api response : {&quot;acsTransID&quot;:&quot;09bac216-b394-4e24-862a-eeb67dca2814&quot;,&quot;dsName&quot;:&quot;visa&quot;,&quot;eci&quot;:&quot;07&quot;,&quot;callerTxnRefID&quot;:&quot;341b7153-da86-4543-860f-2ba47f0168a5&quot;,&quot;dsReferenceNumber&quot;:&quot;CADS&quot;,&quot;acsReferenceNumber&quot;:&quot;ABCDEF987654321&quot;,&quot;messageType&quot;:&quot;ARes&quot;,&quot;dsTransID&quot;:&quot;6f54aff1-4a88-4c56-b35b-2c0c1ebf0c7e&quot;,&quot;transStatusReason&quot;:&quot;09&quot;,&quot;acsOperatorID&quot;:&quot;ACS_OPERATOR_ID&quot;,&quot;messageVersion&quot;:&quot;2.1.0&quot;,&quot;transStatus&quot;:&quot;R&quot;,&quot;threeDSServerTransID&quot;:&quot;864dc54f-b5d4-4c41-ad64-ce0e0ceb8245&quot;}
	at com.ca.tds.main.TDSFlowTest.brwPreAreq(TDSFlowTest.java:176)
	at java.util.concurrent.ThreadPoolExecutor.runWorker(ThreadPoolExecutor.java:1149)
	at java.util.concurrent.ThreadPoolExecutor$Worker.run(ThreadPoolExecutor.java:624)
	at java.lang.Thread.run(Thread.java:748)
... Removed 10 stack frames</pre></div><a href='#' onClick='toggleBox("stack-trace1971856407", this, "Click to show all stack frames", "Click to hide stack frames")'>Click to show all stack frames</a>
<div class='stack-trace' id='stack-trace1971856407'><pre>java.lang.AssertionError: ARes response json schema validation failed.&lt;br&gt;expected minLength: 17, actual: 4&lt;br&gt; api response : {&quot;acsTransID&quot;:&quot;09bac216-b394-4e24-862a-eeb67dca2814&quot;,&quot;dsName&quot;:&quot;visa&quot;,&quot;eci&quot;:&quot;07&quot;,&quot;callerTxnRefID&quot;:&quot;341b7153-da86-4543-860f-2ba47f0168a5&quot;,&quot;dsReferenceNumber&quot;:&quot;CADS&quot;,&quot;acsReferenceNumber&quot;:&quot;ABCDEF987654321&quot;,&quot;messageType&quot;:&quot;ARes&quot;,&quot;dsTransID&quot;:&quot;6f54aff1-4a88-4c56-b35b-2c0c1ebf0c7e&quot;,&quot;transStatusReason&quot;:&quot;09&quot;,&quot;acsOperatorID&quot;:&quot;ACS_OPERATOR_ID&quot;,&quot;messageVersion&quot;:&quot;2.1.0&quot;,&quot;transStatus&quot;:&quot;R&quot;,&quot;threeDSServerTransID&quot;:&quot;864dc54f-b5d4-4c41-ad64-ce0e0ceb8245&quot;}
	at org.testng.Assert.fail(Assert.java:94)
	at com.ca.tds.main.TDSFlowTest.brwPreAreq(TDSFlowTest.java:176)
	at sun.reflect.GeneratedMethodAccessor36.invoke(Unknown Source)
	at sun.reflect.DelegatingMethodAccessorImpl.invoke(DelegatingMethodAccessorImpl.java:43)
	at java.lang.reflect.Method.invoke(Method.java:498)
	at org.testng.internal.MethodInvocationHelper.invokeMethod(MethodInvocationHelper.java:85)
	at org.testng.internal.Invoker.invokeMethod(Invoker.java:639)
	at org.testng.internal.Invoker.invokeTestMethod(Invoker.java:821)
	at org.testng.internal.Invoker.invokeTestMethods(Invoker.java:1131)
	at org.testng.internal.TestMethodWorker.invokeTestMethods(TestMethodWorker.java:124)
	at org.testng.internal.TestMethodWorker.run(TestMethodWorker.java:108)
	at java.util.concurrent.ThreadPoolExecutor.runWorker(ThreadPoolExecutor.java:1149)
	at java.util.concurrent.ThreadPoolExecutor$Worker.run(ThreadPoolExecutor.java:624)
	at java.lang.Thread.run(Thread.java:748)
</pre></div></td>
<td>1</td>
<td>com.ca.tds.main.TDSFlowTest@bdecc21</td></tr>
<tr>
<td title='com.ca.tds.main.TDSFlowTest.brwPreAreq()'><b>brwPreAreq</b><br>Test class: com.ca.tds.main.TDSFlowTest</td>
<td><div><pre>java.lang.AssertionError: ARes response json schema validation failed.&lt;br&gt;expected minLength: 17, actual: 4&lt;br&gt; api response : {&quot;acsTransID&quot;:&quot;a2f33b31-4401-47d3-a834-bd2ff6e60cb5&quot;,&quot;dsName&quot;:&quot;visa&quot;,&quot;eci&quot;:&quot;07&quot;,&quot;callerTxnRefID&quot;:&quot;341b7153-da86-4543-860f-2ba47f0168a5&quot;,&quot;dsReferenceNumber&quot;:&quot;CADS&quot;,&quot;acsReferenceNumber&quot;:&quot;ABCDEF987654321&quot;,&quot;messageType&quot;:&quot;ARes&quot;,&quot;dsTransID&quot;:&quot;f29dc09e-fc6f-44cb-a216-9fe3bd0b59b3&quot;,&quot;transStatusReason&quot;:&quot;09&quot;,&quot;acsOperatorID&quot;:&quot;ACS_OPERATOR_ID&quot;,&quot;messageVersion&quot;:&quot;2.1.0&quot;,&quot;transStatus&quot;:&quot;R&quot;,&quot;threeDSServerTransID&quot;:&quot;a817c46f-3a31-4b27-ab6d-f501ae77fef9&quot;}
	at com.ca.tds.main.TDSFlowTest.brwPreAreq(TDSFlowTest.java:176)
	at java.util.concurrent.ThreadPoolExecutor.runWorker(ThreadPoolExecutor.java:1149)
	at java.util.concurrent.ThreadPoolExecutor$Worker.run(ThreadPoolExecutor.java:624)
	at java.lang.Thread.run(Thread.java:748)
... Removed 10 stack frames</pre></div><a href='#' onClick='toggleBox("stack-trace1446147552", this, "Click to show all stack frames", "Click to hide stack frames")'>Click to show all stack frames</a>
<div class='stack-trace' id='stack-trace1446147552'><pre>java.lang.AssertionError: ARes response json schema validation failed.&lt;br&gt;expected minLength: 17, actual: 4&lt;br&gt; api response : {&quot;acsTransID&quot;:&quot;a2f33b31-4401-47d3-a834-bd2ff6e60cb5&quot;,&quot;dsName&quot;:&quot;visa&quot;,&quot;eci&quot;:&quot;07&quot;,&quot;callerTxnRefID&quot;:&quot;341b7153-da86-4543-860f-2ba47f0168a5&quot;,&quot;dsReferenceNumber&quot;:&quot;CADS&quot;,&quot;acsReferenceNumber&quot;:&quot;ABCDEF987654321&quot;,&quot;messageType&quot;:&quot;ARes&quot;,&quot;dsTransID&quot;:&quot;f29dc09e-fc6f-44cb-a216-9fe3bd0b59b3&quot;,&quot;transStatusReason&quot;:&quot;09&quot;,&quot;acsOperatorID&quot;:&quot;ACS_OPERATOR_ID&quot;,&quot;messageVersion&quot;:&quot;2.1.0&quot;,&quot;transStatus&quot;:&quot;R&quot;,&quot;threeDSServerTransID&quot;:&quot;a817c46f-3a31-4b27-ab6d-f501ae77fef9&quot;}
	at org.testng.Assert.fail(Assert.java:94)
	at com.ca.tds.main.TDSFlowTest.brwPreAreq(TDSFlowTest.java:176)
	at sun.reflect.GeneratedMethodAccessor36.invoke(Unknown Source)
	at sun.reflect.DelegatingMethodAccessorImpl.invoke(DelegatingMethodAccessorImpl.java:43)
	at java.lang.reflect.Method.invoke(Method.java:498)
	at org.testng.internal.MethodInvocationHelper.invokeMethod(MethodInvocationHelper.java:85)
	at org.testng.internal.Invoker.invokeMethod(Invoker.java:639)
	at org.testng.internal.Invoker.invokeTestMethod(Invoker.java:821)
	at org.testng.internal.Invoker.invokeTestMethods(Invoker.java:1131)
	at org.testng.internal.TestMethodWorker.invokeTestMethods(TestMethodWorker.java:124)
	at org.testng.internal.TestMethodWorker.run(TestMethodWorker.java:108)
	at java.util.concurrent.ThreadPoolExecutor.runWorker(ThreadPoolExecutor.java:1149)
	at java.util.concurrent.ThreadPoolExecutor$Worker.run(ThreadPoolExecutor.java:624)
	at java.lang.Thread.run(Thread.java:748)
</pre></div></td>
<td>0</td>
<td>com.ca.tds.main.TDSFlowTest@5d58c727</td></tr>
<tr>
<td title='com.ca.tds.main.TDSFlowTest.brwPreAreq()'><b>brwPreAreq</b><br>Test class: com.ca.tds.main.TDSFlowTest</td>
<td><div><pre>java.lang.AssertionError: ARes response json schema validation failed.&lt;br&gt;expected minLength: 17, actual: 4&lt;br&gt; api response : {&quot;acsTransID&quot;:&quot;e8f8b489-d8f4-4200-ba7a-6e0671119b05&quot;,&quot;dsName&quot;:&quot;visa&quot;,&quot;eci&quot;:&quot;07&quot;,&quot;callerTxnRefID&quot;:&quot;341b7153-da86-4543-860f-2ba47f0168a5&quot;,&quot;dsReferenceNumber&quot;:&quot;CADS&quot;,&quot;acsReferenceNumber&quot;:&quot;ABCDEF987654321&quot;,&quot;messageType&quot;:&quot;ARes&quot;,&quot;dsTransID&quot;:&quot;64fdd0d7-11c3-4178-a5ba-b35837c036bd&quot;,&quot;transStatusReason&quot;:&quot;09&quot;,&quot;acsOperatorID&quot;:&quot;ACS_OPERATOR_ID&quot;,&quot;messageVersion&quot;:&quot;2.1.0&quot;,&quot;transStatus&quot;:&quot;R&quot;,&quot;threeDSServerTransID&quot;:&quot;273a223d-2b82-4c27-b308-07c81476c54d&quot;}
	at com.ca.tds.main.TDSFlowTest.brwPreAreq(TDSFlowTest.java:176)
	at java.util.concurrent.ThreadPoolExecutor.runWorker(ThreadPoolExecutor.java:1149)
	at java.util.concurrent.ThreadPoolExecutor$Worker.run(ThreadPoolExecutor.java:624)
	at java.lang.Thread.run(Thread.java:748)
... Removed 10 stack frames</pre></div><a href='#' onClick='toggleBox("stack-trace1983456997", this, "Click to show all stack frames", "Click to hide stack frames")'>Click to show all stack frames</a>
<div class='stack-trace' id='stack-trace1983456997'><pre>java.lang.AssertionError: ARes response json schema validation failed.&lt;br&gt;expected minLength: 17, actual: 4&lt;br&gt; api response : {&quot;acsTransID&quot;:&quot;e8f8b489-d8f4-4200-ba7a-6e0671119b05&quot;,&quot;dsName&quot;:&quot;visa&quot;,&quot;eci&quot;:&quot;07&quot;,&quot;callerTxnRefID&quot;:&quot;341b7153-da86-4543-860f-2ba47f0168a5&quot;,&quot;dsReferenceNumber&quot;:&quot;CADS&quot;,&quot;acsReferenceNumber&quot;:&quot;ABCDEF987654321&quot;,&quot;messageType&quot;:&quot;ARes&quot;,&quot;dsTransID&quot;:&quot;64fdd0d7-11c3-4178-a5ba-b35837c036bd&quot;,&quot;transStatusReason&quot;:&quot;09&quot;,&quot;acsOperatorID&quot;:&quot;ACS_OPERATOR_ID&quot;,&quot;messageVersion&quot;:&quot;2.1.0&quot;,&quot;transStatus&quot;:&quot;R&quot;,&quot;threeDSServerTransID&quot;:&quot;273a223d-2b82-4c27-b308-07c81476c54d&quot;}
	at org.testng.Assert.fail(Assert.java:94)
	at com.ca.tds.main.TDSFlowTest.brwPreAreq(TDSFlowTest.java:176)
	at sun.reflect.GeneratedMethodAccessor36.invoke(Unknown Source)
	at sun.reflect.DelegatingMethodAccessorImpl.invoke(DelegatingMethodAccessorImpl.java:43)
	at java.lang.reflect.Method.invoke(Method.java:498)
	at org.testng.internal.MethodInvocationHelper.invokeMethod(MethodInvocationHelper.java:85)
	at org.testng.internal.Invoker.invokeMethod(Invoker.java:639)
	at org.testng.internal.Invoker.invokeTestMethod(Invoker.java:821)
	at org.testng.internal.Invoker.invokeTestMethods(Invoker.java:1131)
	at org.testng.internal.TestMethodWorker.invokeTestMethods(TestMethodWorker.java:124)
	at org.testng.internal.TestMethodWorker.run(TestMethodWorker.java:108)
	at java.util.concurrent.ThreadPoolExecutor.runWorker(ThreadPoolExecutor.java:1149)
	at java.util.concurrent.ThreadPoolExecutor$Worker.run(ThreadPoolExecutor.java:624)
	at java.lang.Thread.run(Thread.java:748)
</pre></div></td>
<td>0</td>
<td>com.ca.tds.main.TDSFlowTest@7e8a46b7</td></tr>
<tr>
<td title='com.ca.tds.main.TDSFlowTest.brwPreAreq()'><b>brwPreAreq</b><br>Test class: com.ca.tds.main.TDSFlowTest</td>
<td><div><pre>java.lang.AssertionError: ARes response json schema validation failed.&lt;br&gt;expected minLength: 17, actual: 4&lt;br&gt; api response : {&quot;acsTransID&quot;:&quot;438cb3d0-a6f5-4179-8e12-d1867c652f2a&quot;,&quot;dsName&quot;:&quot;visa&quot;,&quot;eci&quot;:&quot;07&quot;,&quot;callerTxnRefID&quot;:&quot;341b7153-da86-4543-860f-2ba47f0168a5&quot;,&quot;dsReferenceNumber&quot;:&quot;CADS&quot;,&quot;acsReferenceNumber&quot;:&quot;ABCDEF987654321&quot;,&quot;messageType&quot;:&quot;ARes&quot;,&quot;dsTransID&quot;:&quot;81bc2839-5d2e-4fbf-9534-8c03462dea42&quot;,&quot;transStatusReason&quot;:&quot;09&quot;,&quot;acsOperatorID&quot;:&quot;ACS_OPERATOR_ID&quot;,&quot;messageVersion&quot;:&quot;2.1.0&quot;,&quot;transStatus&quot;:&quot;R&quot;,&quot;threeDSServerTransID&quot;:&quot;00ab7fdd-b7a9-44bd-9cb4-c6610e31ff92&quot;}
	at com.ca.tds.main.TDSFlowTest.brwPreAreq(TDSFlowTest.java:176)
	at java.util.concurrent.ThreadPoolExecutor.runWorker(ThreadPoolExecutor.java:1149)
	at java.util.concurrent.ThreadPoolExecutor$Worker.run(ThreadPoolExecutor.java:624)
	at java.lang.Thread.run(Thread.java:748)
... Removed 10 stack frames</pre></div><a href='#' onClick='toggleBox("stack-trace495740858", this, "Click to show all stack frames", "Click to hide stack frames")'>Click to show all stack frames</a>
<div class='stack-trace' id='stack-trace495740858'><pre>java.lang.AssertionError: ARes response json schema validation failed.&lt;br&gt;expected minLength: 17, actual: 4&lt;br&gt; api response : {&quot;acsTransID&quot;:&quot;438cb3d0-a6f5-4179-8e12-d1867c652f2a&quot;,&quot;dsName&quot;:&quot;visa&quot;,&quot;eci&quot;:&quot;07&quot;,&quot;callerTxnRefID&quot;:&quot;341b7153-da86-4543-860f-2ba47f0168a5&quot;,&quot;dsReferenceNumber&quot;:&quot;CADS&quot;,&quot;acsReferenceNumber&quot;:&quot;ABCDEF987654321&quot;,&quot;messageType&quot;:&quot;ARes&quot;,&quot;dsTransID&quot;:&quot;81bc2839-5d2e-4fbf-9534-8c03462dea42&quot;,&quot;transStatusReason&quot;:&quot;09&quot;,&quot;acsOperatorID&quot;:&quot;ACS_OPERATOR_ID&quot;,&quot;messageVersion&quot;:&quot;2.1.0&quot;,&quot;transStatus&quot;:&quot;R&quot;,&quot;threeDSServerTransID&quot;:&quot;00ab7fdd-b7a9-44bd-9cb4-c6610e31ff92&quot;}
	at org.testng.Assert.fail(Assert.java:94)
	at com.ca.tds.main.TDSFlowTest.brwPreAreq(TDSFlowTest.java:176)
	at sun.reflect.GeneratedMethodAccessor36.invoke(Unknown Source)
	at sun.reflect.DelegatingMethodAccessorImpl.invoke(DelegatingMethodAccessorImpl.java:43)
	at java.lang.reflect.Method.invoke(Method.java:498)
	at org.testng.internal.MethodInvocationHelper.invokeMethod(MethodInvocationHelper.java:85)
	at org.testng.internal.Invoker.invokeMethod(Invoker.java:639)
	at org.testng.internal.Invoker.invokeTestMethod(Invoker.java:821)
	at org.testng.internal.Invoker.invokeTestMethods(Invoker.java:1131)
	at org.testng.internal.TestMethodWorker.invokeTestMethods(TestMethodWorker.java:124)
	at org.testng.internal.TestMethodWorker.run(TestMethodWorker.java:108)
	at java.util.concurrent.ThreadPoolExecutor.runWorker(ThreadPoolExecutor.java:1149)
	at java.util.concurrent.ThreadPoolExecutor$Worker.run(ThreadPoolExecutor.java:624)
	at java.lang.Thread.run(Thread.java:748)
</pre></div></td>
<td>0</td>
<td>com.ca.tds.main.TDSFlowTest@1869f114</td></tr>
<tr>
<td title='com.ca.tds.main.TDSFlowTest.brwPreAreq()'><b>brwPreAreq</b><br>Test class: com.ca.tds.main.TDSFlowTest</td>
<td><div><pre>java.lang.AssertionError: ARes response json schema validation failed.&lt;br&gt;expected minLength: 17, actual: 4&lt;br&gt; api response : {&quot;acsTransID&quot;:&quot;74c96f93-e28e-4c45-81f8-3f22dab1681b&quot;,&quot;dsName&quot;:&quot;visa&quot;,&quot;eci&quot;:&quot;07&quot;,&quot;callerTxnRefID&quot;:&quot;341b7153-da86-4543-860f-2ba47f0168a5&quot;,&quot;dsReferenceNumber&quot;:&quot;CADS&quot;,&quot;acsReferenceNumber&quot;:&quot;ABCDEF987654321&quot;,&quot;messageType&quot;:&quot;ARes&quot;,&quot;dsTransID&quot;:&quot;9bf87e02-33e8-4547-b5bb-3b736e4a7a4e&quot;,&quot;transStatusReason&quot;:&quot;09&quot;,&quot;acsOperatorID&quot;:&quot;ACS_OPERATOR_ID&quot;,&quot;messageVersion&quot;:&quot;2.1.0&quot;,&quot;transStatus&quot;:&quot;R&quot;,&quot;threeDSServerTransID&quot;:&quot;493c15ec-c1da-4c69-9ceb-3cd8060be758&quot;}
	at com.ca.tds.main.TDSFlowTest.brwPreAreq(TDSFlowTest.java:176)
	at java.util.concurrent.ThreadPoolExecutor.runWorker(ThreadPoolExecutor.java:1149)
	at java.util.concurrent.ThreadPoolExecutor$Worker.run(ThreadPoolExecutor.java:624)
	at java.lang.Thread.run(Thread.java:748)
... Removed 10 stack frames</pre></div><a href='#' onClick='toggleBox("stack-trace1781985102", this, "Click to show all stack frames", "Click to hide stack frames")'>Click to show all stack frames</a>
<div class='stack-trace' id='stack-trace1781985102'><pre>java.lang.AssertionError: ARes response json schema validation failed.&lt;br&gt;expected minLength: 17, actual: 4&lt;br&gt; api response : {&quot;acsTransID&quot;:&quot;74c96f93-e28e-4c45-81f8-3f22dab1681b&quot;,&quot;dsName&quot;:&quot;visa&quot;,&quot;eci&quot;:&quot;07&quot;,&quot;callerTxnRefID&quot;:&quot;341b7153-da86-4543-860f-2ba47f0168a5&quot;,&quot;dsReferenceNumber&quot;:&quot;CADS&quot;,&quot;acsReferenceNumber&quot;:&quot;ABCDEF987654321&quot;,&quot;messageType&quot;:&quot;ARes&quot;,&quot;dsTransID&quot;:&quot;9bf87e02-33e8-4547-b5bb-3b736e4a7a4e&quot;,&quot;transStatusReason&quot;:&quot;09&quot;,&quot;acsOperatorID&quot;:&quot;ACS_OPERATOR_ID&quot;,&quot;messageVersion&quot;:&quot;2.1.0&quot;,&quot;transStatus&quot;:&quot;R&quot;,&quot;threeDSServerTransID&quot;:&quot;493c15ec-c1da-4c69-9ceb-3cd8060be758&quot;}
	at org.testng.Assert.fail(Assert.java:94)
	at com.ca.tds.main.TDSFlowTest.brwPreAreq(TDSFlowTest.java:176)
	at sun.reflect.GeneratedMethodAccessor36.invoke(Unknown Source)
	at sun.reflect.DelegatingMethodAccessorImpl.invoke(DelegatingMethodAccessorImpl.java:43)
	at java.lang.reflect.Method.invoke(Method.java:498)
	at org.testng.internal.MethodInvocationHelper.invokeMethod(MethodInvocationHelper.java:85)
	at org.testng.internal.Invoker.invokeMethod(Invoker.java:639)
	at org.testng.internal.Invoker.invokeTestMethod(Invoker.java:821)
	at org.testng.internal.Invoker.invokeTestMethods(Invoker.java:1131)
	at org.testng.internal.TestMethodWorker.invokeTestMethods(TestMethodWorker.java:124)
	at org.testng.internal.TestMethodWorker.run(TestMethodWorker.java:108)
	at java.util.concurrent.ThreadPoolExecutor.runWorker(ThreadPoolExecutor.java:1149)
	at java.util.concurrent.ThreadPoolExecutor$Worker.run(ThreadPoolExecutor.java:624)
	at java.lang.Thread.run(Thread.java:748)
</pre></div></td>
<td>0</td>
<td>com.ca.tds.main.TDSFlowTest@37a64f9d</td></tr>
<tr>
<td title='com.ca.tds.main.TDSFlowTest.brwPreAreq()'><b>brwPreAreq</b><br>Test class: com.ca.tds.main.TDSFlowTest</td>
<td><div><pre>java.lang.AssertionError: ARes response json schema validation failed.&lt;br&gt;expected minLength: 17, actual: 4&lt;br&gt; api response : {&quot;acsTransID&quot;:&quot;9d9bdc61-da8e-4186-ad6f-d53dec5bb96b&quot;,&quot;dsName&quot;:&quot;visa&quot;,&quot;eci&quot;:&quot;07&quot;,&quot;callerTxnRefID&quot;:&quot;341b7153-da86-4543-860f-2ba47f0168a5&quot;,&quot;dsReferenceNumber&quot;:&quot;CADS&quot;,&quot;acsReferenceNumber&quot;:&quot;ABCDEF987654321&quot;,&quot;messageType&quot;:&quot;ARes&quot;,&quot;dsTransID&quot;:&quot;e8e3bbd3-28e5-47fe-ade8-bc7fc6ace9c2&quot;,&quot;transStatusReason&quot;:&quot;09&quot;,&quot;acsOperatorID&quot;:&quot;ACS_OPERATOR_ID&quot;,&quot;messageVersion&quot;:&quot;2.1.0&quot;,&quot;transStatus&quot;:&quot;R&quot;,&quot;threeDSServerTransID&quot;:&quot;1dedefe8-866a-47c0-9f27-cadc4183d038&quot;}
	at com.ca.tds.main.TDSFlowTest.brwPreAreq(TDSFlowTest.java:176)
	at java.util.concurrent.ThreadPoolExecutor.runWorker(ThreadPoolExecutor.java:1149)
	at java.util.concurrent.ThreadPoolExecutor$Worker.run(ThreadPoolExecutor.java:624)
	at java.lang.Thread.run(Thread.java:748)
... Removed 10 stack frames</pre></div><a href='#' onClick='toggleBox("stack-trace2038033032", this, "Click to show all stack frames", "Click to hide stack frames")'>Click to show all stack frames</a>
<div class='stack-trace' id='stack-trace2038033032'><pre>java.lang.AssertionError: ARes response json schema validation failed.&lt;br&gt;expected minLength: 17, actual: 4&lt;br&gt; api response : {&quot;acsTransID&quot;:&quot;9d9bdc61-da8e-4186-ad6f-d53dec5bb96b&quot;,&quot;dsName&quot;:&quot;visa&quot;,&quot;eci&quot;:&quot;07&quot;,&quot;callerTxnRefID&quot;:&quot;341b7153-da86-4543-860f-2ba47f0168a5&quot;,&quot;dsReferenceNumber&quot;:&quot;CADS&quot;,&quot;acsReferenceNumber&quot;:&quot;ABCDEF987654321&quot;,&quot;messageType&quot;:&quot;ARes&quot;,&quot;dsTransID&quot;:&quot;e8e3bbd3-28e5-47fe-ade8-bc7fc6ace9c2&quot;,&quot;transStatusReason&quot;:&quot;09&quot;,&quot;acsOperatorID&quot;:&quot;ACS_OPERATOR_ID&quot;,&quot;messageVersion&quot;:&quot;2.1.0&quot;,&quot;transStatus&quot;:&quot;R&quot;,&quot;threeDSServerTransID&quot;:&quot;1dedefe8-866a-47c0-9f27-cadc4183d038&quot;}
	at org.testng.Assert.fail(Assert.java:94)
	at com.ca.tds.main.TDSFlowTest.brwPreAreq(TDSFlowTest.java:176)
	at sun.reflect.GeneratedMethodAccessor36.invoke(Unknown Source)
	at sun.reflect.DelegatingMethodAccessorImpl.invoke(DelegatingMethodAccessorImpl.java:43)
	at java.lang.reflect.Method.invoke(Method.java:498)
	at org.testng.internal.MethodInvocationHelper.invokeMethod(MethodInvocationHelper.java:85)
	at org.testng.internal.Invoker.invokeMethod(Invoker.java:639)
	at org.testng.internal.Invoker.invokeTestMethod(Invoker.java:821)
	at org.testng.internal.Invoker.invokeTestMethods(Invoker.java:1131)
	at org.testng.internal.TestMethodWorker.invokeTestMethods(TestMethodWorker.java:124)
	at org.testng.internal.TestMethodWorker.run(TestMethodWorker.java:108)
	at java.util.concurrent.ThreadPoolExecutor.runWorker(ThreadPoolExecutor.java:1149)
	at java.util.concurrent.ThreadPoolExecutor$Worker.run(ThreadPoolExecutor.java:624)
	at java.lang.Thread.run(Thread.java:748)
</pre></div></td>
<td>0</td>
<td>com.ca.tds.main.TDSFlowTest@6872f9c8</td></tr>
<tr>
<td title='com.ca.tds.main.TDSFlowTest.brwPreAreq()'><b>brwPreAreq</b><br>Test class: com.ca.tds.main.TDSFlowTest</td>
<td><div><pre>java.lang.AssertionError: ARes response json schema validation failed.&lt;br&gt;expected minLength: 17, actual: 4&lt;br&gt; api response : {&quot;acsTransID&quot;:&quot;3ca958aa-f056-45de-a609-90a8ca9179eb&quot;,&quot;dsName&quot;:&quot;visa&quot;,&quot;eci&quot;:&quot;07&quot;,&quot;callerTxnRefID&quot;:&quot;341b7153-da86-4543-860f-2ba47f0168a5&quot;,&quot;dsReferenceNumber&quot;:&quot;CADS&quot;,&quot;acsReferenceNumber&quot;:&quot;ABCDEF987654321&quot;,&quot;messageType&quot;:&quot;ARes&quot;,&quot;dsTransID&quot;:&quot;cfaa5218-81e3-47af-97ea-f382bb6510ea&quot;,&quot;transStatusReason&quot;:&quot;09&quot;,&quot;acsOperatorID&quot;:&quot;ACS_OPERATOR_ID&quot;,&quot;messageVersion&quot;:&quot;2.1.0&quot;,&quot;transStatus&quot;:&quot;R&quot;,&quot;threeDSServerTransID&quot;:&quot;1b39c6f3-f81a-4288-b149-4bf8ace55a9c&quot;}
	at com.ca.tds.main.TDSFlowTest.brwPreAreq(TDSFlowTest.java:176)
	at java.util.concurrent.ThreadPoolExecutor.runWorker(ThreadPoolExecutor.java:1149)
	at java.util.concurrent.ThreadPoolExecutor$Worker.run(ThreadPoolExecutor.java:624)
	at java.lang.Thread.run(Thread.java:748)
... Removed 10 stack frames</pre></div><a href='#' onClick='toggleBox("stack-trace1263945984", this, "Click to show all stack frames", "Click to hide stack frames")'>Click to show all stack frames</a>
<div class='stack-trace' id='stack-trace1263945984'><pre>java.lang.AssertionError: ARes response json schema validation failed.&lt;br&gt;expected minLength: 17, actual: 4&lt;br&gt; api response : {&quot;acsTransID&quot;:&quot;3ca958aa-f056-45de-a609-90a8ca9179eb&quot;,&quot;dsName&quot;:&quot;visa&quot;,&quot;eci&quot;:&quot;07&quot;,&quot;callerTxnRefID&quot;:&quot;341b7153-da86-4543-860f-2ba47f0168a5&quot;,&quot;dsReferenceNumber&quot;:&quot;CADS&quot;,&quot;acsReferenceNumber&quot;:&quot;ABCDEF987654321&quot;,&quot;messageType&quot;:&quot;ARes&quot;,&quot;dsTransID&quot;:&quot;cfaa5218-81e3-47af-97ea-f382bb6510ea&quot;,&quot;transStatusReason&quot;:&quot;09&quot;,&quot;acsOperatorID&quot;:&quot;ACS_OPERATOR_ID&quot;,&quot;messageVersion&quot;:&quot;2.1.0&quot;,&quot;transStatus&quot;:&quot;R&quot;,&quot;threeDSServerTransID&quot;:&quot;1b39c6f3-f81a-4288-b149-4bf8ace55a9c&quot;}
	at org.testng.Assert.fail(Assert.java:94)
	at com.ca.tds.main.TDSFlowTest.brwPreAreq(TDSFlowTest.java:176)
	at sun.reflect.GeneratedMethodAccessor36.invoke(Unknown Source)
	at sun.reflect.DelegatingMethodAccessorImpl.invoke(DelegatingMethodAccessorImpl.java:43)
	at java.lang.reflect.Method.invoke(Method.java:498)
	at org.testng.internal.MethodInvocationHelper.invokeMethod(MethodInvocationHelper.java:85)
	at org.testng.internal.Invoker.invokeMethod(Invoker.java:639)
	at org.testng.internal.Invoker.invokeTestMethod(Invoker.java:821)
	at org.testng.internal.Invoker.invokeTestMethods(Invoker.java:1131)
	at org.testng.internal.TestMethodWorker.invokeTestMethods(TestMethodWorker.java:124)
	at org.testng.internal.TestMethodWorker.run(TestMethodWorker.java:108)
	at java.util.concurrent.ThreadPoolExecutor.runWorker(ThreadPoolExecutor.java:1149)
	at java.util.concurrent.ThreadPoolExecutor$Worker.run(ThreadPoolExecutor.java:624)
	at java.lang.Thread.run(Thread.java:748)
</pre></div></td>
<td>0</td>
<td>com.ca.tds.main.TDSFlowTest@6df7988f</td></tr>
<tr>
<td title='com.ca.tds.main.TDSFlowTest.brwPreAreq()'><b>brwPreAreq</b><br>Test class: com.ca.tds.main.TDSFlowTest</td>
<td><div><pre>java.lang.AssertionError: ARes response json schema validation failed.&lt;br&gt;expected minLength: 17, actual: 4&lt;br&gt; api response : {&quot;acsTransID&quot;:&quot;a0ceef09-39d8-4e0e-9e3f-e278d42e578a&quot;,&quot;dsName&quot;:&quot;visa&quot;,&quot;eci&quot;:&quot;07&quot;,&quot;callerTxnRefID&quot;:&quot;341b7153-da86-4543-860f-2ba47f0168a5&quot;,&quot;dsReferenceNumber&quot;:&quot;CADS&quot;,&quot;acsReferenceNumber&quot;:&quot;ABCDEF987654321&quot;,&quot;messageType&quot;:&quot;ARes&quot;,&quot;dsTransID&quot;:&quot;355762a6-9bd9-40ab-86bc-e579b375bd9e&quot;,&quot;transStatusReason&quot;:&quot;09&quot;,&quot;acsOperatorID&quot;:&quot;ACS_OPERATOR_ID&quot;,&quot;messageVersion&quot;:&quot;2.1.0&quot;,&quot;transStatus&quot;:&quot;R&quot;,&quot;threeDSServerTransID&quot;:&quot;fde62d49-1c48-4d65-8244-735e73d703b5&quot;}
	at com.ca.tds.main.TDSFlowTest.brwPreAreq(TDSFlowTest.java:176)
	at java.util.concurrent.ThreadPoolExecutor.runWorker(ThreadPoolExecutor.java:1149)
	at java.util.concurrent.ThreadPoolExecutor$Worker.run(ThreadPoolExecutor.java:624)
	at java.lang.Thread.run(Thread.java:748)
... Removed 10 stack frames</pre></div><a href='#' onClick='toggleBox("stack-trace1868696162", this, "Click to show all stack frames", "Click to hide stack frames")'>Click to show all stack frames</a>
<div class='stack-trace' id='stack-trace1868696162'><pre>java.lang.AssertionError: ARes response json schema validation failed.&lt;br&gt;expected minLength: 17, actual: 4&lt;br&gt; api response : {&quot;acsTransID&quot;:&quot;a0ceef09-39d8-4e0e-9e3f-e278d42e578a&quot;,&quot;dsName&quot;:&quot;visa&quot;,&quot;eci&quot;:&quot;07&quot;,&quot;callerTxnRefID&quot;:&quot;341b7153-da86-4543-860f-2ba47f0168a5&quot;,&quot;dsReferenceNumber&quot;:&quot;CADS&quot;,&quot;acsReferenceNumber&quot;:&quot;ABCDEF987654321&quot;,&quot;messageType&quot;:&quot;ARes&quot;,&quot;dsTransID&quot;:&quot;355762a6-9bd9-40ab-86bc-e579b375bd9e&quot;,&quot;transStatusReason&quot;:&quot;09&quot;,&quot;acsOperatorID&quot;:&quot;ACS_OPERATOR_ID&quot;,&quot;messageVersion&quot;:&quot;2.1.0&quot;,&quot;transStatus&quot;:&quot;R&quot;,&quot;threeDSServerTransID&quot;:&quot;fde62d49-1c48-4d65-8244-735e73d703b5&quot;}
	at org.testng.Assert.fail(Assert.java:94)
	at com.ca.tds.main.TDSFlowTest.brwPreAreq(TDSFlowTest.java:176)
	at sun.reflect.GeneratedMethodAccessor36.invoke(Unknown Source)
	at sun.reflect.DelegatingMethodAccessorImpl.invoke(DelegatingMethodAccessorImpl.java:43)
	at java.lang.reflect.Method.invoke(Method.java:498)
	at org.testng.internal.MethodInvocationHelper.invokeMethod(MethodInvocationHelper.java:85)
	at org.testng.internal.Invoker.invokeMethod(Invoker.java:639)
	at org.testng.internal.Invoker.invokeTestMethod(Invoker.java:821)
	at org.testng.internal.Invoker.invokeTestMethods(Invoker.java:1131)
	at org.testng.internal.TestMethodWorker.invokeTestMethods(TestMethodWorker.java:124)
	at org.testng.internal.TestMethodWorker.run(TestMethodWorker.java:108)
	at java.util.concurrent.ThreadPoolExecutor.runWorker(ThreadPoolExecutor.java:1149)
	at java.util.concurrent.ThreadPoolExecutor$Worker.run(ThreadPoolExecutor.java:624)
	at java.lang.Thread.run(Thread.java:748)
</pre></div></td>
<td>1</td>
<td>com.ca.tds.main.TDSFlowTest@5e3a39cd</td></tr>
<tr>
<td title='com.ca.tds.main.TDSFlowTest.brwPreAreq()'><b>brwPreAreq</b><br>Test class: com.ca.tds.main.TDSFlowTest</td>
<td><div><pre>java.lang.AssertionError: ARes response json schema validation failed.&lt;br&gt;expected minLength: 17, actual: 4&lt;br&gt; api response : {&quot;acsTransID&quot;:&quot;1e42c649-002f-4f6a-9fc7-db94d3624e8b&quot;,&quot;dsName&quot;:&quot;visa&quot;,&quot;eci&quot;:&quot;07&quot;,&quot;callerTxnRefID&quot;:&quot;341b7153-da86-4543-860f-2ba47f0168a5&quot;,&quot;dsReferenceNumber&quot;:&quot;CADS&quot;,&quot;acsReferenceNumber&quot;:&quot;ABCDEF987654321&quot;,&quot;messageType&quot;:&quot;ARes&quot;,&quot;dsTransID&quot;:&quot;07416372-b2b5-4d60-a0df-fdc300fe6fb4&quot;,&quot;transStatusReason&quot;:&quot;09&quot;,&quot;acsOperatorID&quot;:&quot;ACS_OPERATOR_ID&quot;,&quot;messageVersion&quot;:&quot;2.1.0&quot;,&quot;transStatus&quot;:&quot;R&quot;,&quot;threeDSServerTransID&quot;:&quot;d02ff092-5ac3-4f8d-ae1f-02d9595853aa&quot;}
	at com.ca.tds.main.TDSFlowTest.brwPreAreq(TDSFlowTest.java:176)
	at java.util.concurrent.ThreadPoolExecutor.runWorker(ThreadPoolExecutor.java:1149)
	at java.util.concurrent.ThreadPoolExecutor$Worker.run(ThreadPoolExecutor.java:624)
	at java.lang.Thread.run(Thread.java:748)
... Removed 10 stack frames</pre></div><a href='#' onClick='toggleBox("stack-trace89312905", this, "Click to show all stack frames", "Click to hide stack frames")'>Click to show all stack frames</a>
<div class='stack-trace' id='stack-trace89312905'><pre>java.lang.AssertionError: ARes response json schema validation failed.&lt;br&gt;expected minLength: 17, actual: 4&lt;br&gt; api response : {&quot;acsTransID&quot;:&quot;1e42c649-002f-4f6a-9fc7-db94d3624e8b&quot;,&quot;dsName&quot;:&quot;visa&quot;,&quot;eci&quot;:&quot;07&quot;,&quot;callerTxnRefID&quot;:&quot;341b7153-da86-4543-860f-2ba47f0168a5&quot;,&quot;dsReferenceNumber&quot;:&quot;CADS&quot;,&quot;acsReferenceNumber&quot;:&quot;ABCDEF987654321&quot;,&quot;messageType&quot;:&quot;ARes&quot;,&quot;dsTransID&quot;:&quot;07416372-b2b5-4d60-a0df-fdc300fe6fb4&quot;,&quot;transStatusReason&quot;:&quot;09&quot;,&quot;acsOperatorID&quot;:&quot;ACS_OPERATOR_ID&quot;,&quot;messageVersion&quot;:&quot;2.1.0&quot;,&quot;transStatus&quot;:&quot;R&quot;,&quot;threeDSServerTransID&quot;:&quot;d02ff092-5ac3-4f8d-ae1f-02d9595853aa&quot;}
	at org.testng.Assert.fail(Assert.java:94)
	at com.ca.tds.main.TDSFlowTest.brwPreAreq(TDSFlowTest.java:176)
	at sun.reflect.GeneratedMethodAccessor36.invoke(Unknown Source)
	at sun.reflect.DelegatingMethodAccessorImpl.invoke(DelegatingMethodAccessorImpl.java:43)
	at java.lang.reflect.Method.invoke(Method.java:498)
	at org.testng.internal.MethodInvocationHelper.invokeMethod(MethodInvocationHelper.java:85)
	at org.testng.internal.Invoker.invokeMethod(Invoker.java:639)
	at org.testng.internal.Invoker.invokeTestMethod(Invoker.java:821)
	at org.testng.internal.Invoker.invokeTestMethods(Invoker.java:1131)
	at org.testng.internal.TestMethodWorker.invokeTestMethods(TestMethodWorker.java:124)
	at org.testng.internal.TestMethodWorker.run(TestMethodWorker.java:108)
	at java.util.concurrent.ThreadPoolExecutor.runWorker(ThreadPoolExecutor.java:1149)
	at java.util.concurrent.ThreadPoolExecutor$Worker.run(ThreadPoolExecutor.java:624)
	at java.lang.Thread.run(Thread.java:748)
</pre></div></td>
<td>0</td>
<td>com.ca.tds.main.TDSFlowTest@22fba58c</td></tr>
<tr>
<td title='com.ca.tds.main.TDSFlowTest.brwPreAreq()'><b>brwPreAreq</b><br>Test class: com.ca.tds.main.TDSFlowTest</td>
<td><div><pre>java.lang.AssertionError: ARes response json schema validation failed.&lt;br&gt;expected minLength: 17, actual: 4&lt;br&gt; api response : {&quot;acsTransID&quot;:&quot;332b3f36-1139-43c8-aea7-af7c73091a82&quot;,&quot;dsName&quot;:&quot;visa&quot;,&quot;eci&quot;:&quot;07&quot;,&quot;callerTxnRefID&quot;:&quot;341b7153-da86-4543-860f-2ba47f0168a5&quot;,&quot;dsReferenceNumber&quot;:&quot;CADS&quot;,&quot;acsReferenceNumber&quot;:&quot;ABCDEF987654321&quot;,&quot;messageType&quot;:&quot;ARes&quot;,&quot;dsTransID&quot;:&quot;6eb9c678-b2e5-4f50-bcc1-703e900b7f88&quot;,&quot;transStatusReason&quot;:&quot;09&quot;,&quot;acsOperatorID&quot;:&quot;ACS_OPERATOR_ID&quot;,&quot;messageVersion&quot;:&quot;2.1.0&quot;,&quot;transStatus&quot;:&quot;R&quot;,&quot;threeDSServerTransID&quot;:&quot;297a7cf5-0cd3-4473-87eb-3f77377f2523&quot;}
	at com.ca.tds.main.TDSFlowTest.brwPreAreq(TDSFlowTest.java:176)
	at java.util.concurrent.ThreadPoolExecutor.runWorker(ThreadPoolExecutor.java:1149)
	at java.util.concurrent.ThreadPoolExecutor$Worker.run(ThreadPoolExecutor.java:624)
	at java.lang.Thread.run(Thread.java:748)
... Removed 10 stack frames</pre></div><a href='#' onClick='toggleBox("stack-trace1359896288", this, "Click to show all stack frames", "Click to hide stack frames")'>Click to show all stack frames</a>
<div class='stack-trace' id='stack-trace1359896288'><pre>java.lang.AssertionError: ARes response json schema validation failed.&lt;br&gt;expected minLength: 17, actual: 4&lt;br&gt; api response : {&quot;acsTransID&quot;:&quot;332b3f36-1139-43c8-aea7-af7c73091a82&quot;,&quot;dsName&quot;:&quot;visa&quot;,&quot;eci&quot;:&quot;07&quot;,&quot;callerTxnRefID&quot;:&quot;341b7153-da86-4543-860f-2ba47f0168a5&quot;,&quot;dsReferenceNumber&quot;:&quot;CADS&quot;,&quot;acsReferenceNumber&quot;:&quot;ABCDEF987654321&quot;,&quot;messageType&quot;:&quot;ARes&quot;,&quot;dsTransID&quot;:&quot;6eb9c678-b2e5-4f50-bcc1-703e900b7f88&quot;,&quot;transStatusReason&quot;:&quot;09&quot;,&quot;acsOperatorID&quot;:&quot;ACS_OPERATOR_ID&quot;,&quot;messageVersion&quot;:&quot;2.1.0&quot;,&quot;transStatus&quot;:&quot;R&quot;,&quot;threeDSServerTransID&quot;:&quot;297a7cf5-0cd3-4473-87eb-3f77377f2523&quot;}
	at org.testng.Assert.fail(Assert.java:94)
	at com.ca.tds.main.TDSFlowTest.brwPreAreq(TDSFlowTest.java:176)
	at sun.reflect.GeneratedMethodAccessor36.invoke(Unknown Source)
	at sun.reflect.DelegatingMethodAccessorImpl.invoke(DelegatingMethodAccessorImpl.java:43)
	at java.lang.reflect.Method.invoke(Method.java:498)
	at org.testng.internal.MethodInvocationHelper.invokeMethod(MethodInvocationHelper.java:85)
	at org.testng.internal.Invoker.invokeMethod(Invoker.java:639)
	at org.testng.internal.Invoker.invokeTestMethod(Invoker.java:821)
	at org.testng.internal.Invoker.invokeTestMethods(Invoker.java:1131)
	at org.testng.internal.TestMethodWorker.invokeTestMethods(TestMethodWorker.java:124)
	at org.testng.internal.TestMethodWorker.run(TestMethodWorker.java:108)
	at java.util.concurrent.ThreadPoolExecutor.runWorker(ThreadPoolExecutor.java:1149)
	at java.util.concurrent.ThreadPoolExecutor$Worker.run(ThreadPoolExecutor.java:624)
	at java.lang.Thread.run(Thread.java:748)
</pre></div></td>
<td>0</td>
<td>com.ca.tds.main.TDSFlowTest@52a36910</td></tr>
<tr>
<td title='com.ca.tds.main.TDSFlowTest.brwPreAreq()'><b>brwPreAreq</b><br>Test class: com.ca.tds.main.TDSFlowTest</td>
<td><div><pre>java.lang.AssertionError: ARes response json schema validation failed.&lt;br&gt;expected minLength: 17, actual: 4&lt;br&gt; api response : {&quot;acsTransID&quot;:&quot;cb1d5e3c-89c8-4aa0-8257-251252295afd&quot;,&quot;dsName&quot;:&quot;visa&quot;,&quot;eci&quot;:&quot;07&quot;,&quot;callerTxnRefID&quot;:&quot;341b7153-da86-4543-860f-2ba47f0168a5&quot;,&quot;dsReferenceNumber&quot;:&quot;CADS&quot;,&quot;acsReferenceNumber&quot;:&quot;ABCDEF987654321&quot;,&quot;messageType&quot;:&quot;ARes&quot;,&quot;dsTransID&quot;:&quot;046c7106-f5d2-4ecc-ad94-496e6ffa1284&quot;,&quot;transStatusReason&quot;:&quot;09&quot;,&quot;acsOperatorID&quot;:&quot;ACS_OPERATOR_ID&quot;,&quot;messageVersion&quot;:&quot;2.1.0&quot;,&quot;transStatus&quot;:&quot;R&quot;,&quot;threeDSServerTransID&quot;:&quot;9c5e7785-0608-4c7b-87b1-6e300887fa22&quot;}
	at com.ca.tds.main.TDSFlowTest.brwPreAreq(TDSFlowTest.java:176)
	at java.util.concurrent.ThreadPoolExecutor.runWorker(ThreadPoolExecutor.java:1149)
	at java.util.concurrent.ThreadPoolExecutor$Worker.run(ThreadPoolExecutor.java:624)
	at java.lang.Thread.run(Thread.java:748)
... Removed 10 stack frames</pre></div><a href='#' onClick='toggleBox("stack-trace1916676469", this, "Click to show all stack frames", "Click to hide stack frames")'>Click to show all stack frames</a>
<div class='stack-trace' id='stack-trace1916676469'><pre>java.lang.AssertionError: ARes response json schema validation failed.&lt;br&gt;expected minLength: 17, actual: 4&lt;br&gt; api response : {&quot;acsTransID&quot;:&quot;cb1d5e3c-89c8-4aa0-8257-251252295afd&quot;,&quot;dsName&quot;:&quot;visa&quot;,&quot;eci&quot;:&quot;07&quot;,&quot;callerTxnRefID&quot;:&quot;341b7153-da86-4543-860f-2ba47f0168a5&quot;,&quot;dsReferenceNumber&quot;:&quot;CADS&quot;,&quot;acsReferenceNumber&quot;:&quot;ABCDEF987654321&quot;,&quot;messageType&quot;:&quot;ARes&quot;,&quot;dsTransID&quot;:&quot;046c7106-f5d2-4ecc-ad94-496e6ffa1284&quot;,&quot;transStatusReason&quot;:&quot;09&quot;,&quot;acsOperatorID&quot;:&quot;ACS_OPERATOR_ID&quot;,&quot;messageVersion&quot;:&quot;2.1.0&quot;,&quot;transStatus&quot;:&quot;R&quot;,&quot;threeDSServerTransID&quot;:&quot;9c5e7785-0608-4c7b-87b1-6e300887fa22&quot;}
	at org.testng.Assert.fail(Assert.java:94)
	at com.ca.tds.main.TDSFlowTest.brwPreAreq(TDSFlowTest.java:176)
	at sun.reflect.GeneratedMethodAccessor36.invoke(Unknown Source)
	at sun.reflect.DelegatingMethodAccessorImpl.invoke(DelegatingMethodAccessorImpl.java:43)
	at java.lang.reflect.Method.invoke(Method.java:498)
	at org.testng.internal.MethodInvocationHelper.invokeMethod(MethodInvocationHelper.java:85)
	at org.testng.internal.Invoker.invokeMethod(Invoker.java:639)
	at org.testng.internal.Invoker.invokeTestMethod(Invoker.java:821)
	at org.testng.internal.Invoker.invokeTestMethods(Invoker.java:1131)
	at org.testng.internal.TestMethodWorker.invokeTestMethods(TestMethodWorker.java:124)
	at org.testng.internal.TestMethodWorker.run(TestMethodWorker.java:108)
	at java.util.concurrent.ThreadPoolExecutor.runWorker(ThreadPoolExecutor.java:1149)
	at java.util.concurrent.ThreadPoolExecutor$Worker.run(ThreadPoolExecutor.java:624)
	at java.lang.Thread.run(Thread.java:748)
</pre></div></td>
<td>0</td>
<td>com.ca.tds.main.TDSFlowTest@6079cf5</td></tr>
<tr>
<td title='com.ca.tds.main.TDSFlowTest.brwPreAreq()'><b>brwPreAreq</b><br>Test class: com.ca.tds.main.TDSFlowTest</td>
<td><div><pre>java.lang.AssertionError: ARes response json schema validation failed.&lt;br&gt;expected minLength: 17, actual: 4&lt;br&gt; api response : {&quot;acsTransID&quot;:&quot;d98fb540-12d7-4340-ae8e-31a90a390d2a&quot;,&quot;dsName&quot;:&quot;visa&quot;,&quot;eci&quot;:&quot;07&quot;,&quot;callerTxnRefID&quot;:&quot;341b7153-da86-4543-860f-2ba47f0168a5&quot;,&quot;dsReferenceNumber&quot;:&quot;CADS&quot;,&quot;acsReferenceNumber&quot;:&quot;ABCDEF987654321&quot;,&quot;messageType&quot;:&quot;ARes&quot;,&quot;dsTransID&quot;:&quot;8032d9ca-e432-4d93-86b3-9bb7e4dc5616&quot;,&quot;transStatusReason&quot;:&quot;09&quot;,&quot;acsOperatorID&quot;:&quot;ACS_OPERATOR_ID&quot;,&quot;messageVersion&quot;:&quot;2.1.0&quot;,&quot;transStatus&quot;:&quot;R&quot;,&quot;threeDSServerTransID&quot;:&quot;b42aa5a5-32e2-4fa1-a046-bf82ed4e9448&quot;}
	at com.ca.tds.main.TDSFlowTest.brwPreAreq(TDSFlowTest.java:176)
	at java.util.concurrent.ThreadPoolExecutor.runWorker(ThreadPoolExecutor.java:1149)
	at java.util.concurrent.ThreadPoolExecutor$Worker.run(ThreadPoolExecutor.java:624)
	at java.lang.Thread.run(Thread.java:748)
... Removed 10 stack frames</pre></div><a href='#' onClick='toggleBox("stack-trace1836828046", this, "Click to show all stack frames", "Click to hide stack frames")'>Click to show all stack frames</a>
<div class='stack-trace' id='stack-trace1836828046'><pre>java.lang.AssertionError: ARes response json schema validation failed.&lt;br&gt;expected minLength: 17, actual: 4&lt;br&gt; api response : {&quot;acsTransID&quot;:&quot;d98fb540-12d7-4340-ae8e-31a90a390d2a&quot;,&quot;dsName&quot;:&quot;visa&quot;,&quot;eci&quot;:&quot;07&quot;,&quot;callerTxnRefID&quot;:&quot;341b7153-da86-4543-860f-2ba47f0168a5&quot;,&quot;dsReferenceNumber&quot;:&quot;CADS&quot;,&quot;acsReferenceNumber&quot;:&quot;ABCDEF987654321&quot;,&quot;messageType&quot;:&quot;ARes&quot;,&quot;dsTransID&quot;:&quot;8032d9ca-e432-4d93-86b3-9bb7e4dc5616&quot;,&quot;transStatusReason&quot;:&quot;09&quot;,&quot;acsOperatorID&quot;:&quot;ACS_OPERATOR_ID&quot;,&quot;messageVersion&quot;:&quot;2.1.0&quot;,&quot;transStatus&quot;:&quot;R&quot;,&quot;threeDSServerTransID&quot;:&quot;b42aa5a5-32e2-4fa1-a046-bf82ed4e9448&quot;}
	at org.testng.Assert.fail(Assert.java:94)
	at com.ca.tds.main.TDSFlowTest.brwPreAreq(TDSFlowTest.java:176)
	at sun.reflect.GeneratedMethodAccessor36.invoke(Unknown Source)
	at sun.reflect.DelegatingMethodAccessorImpl.invoke(DelegatingMethodAccessorImpl.java:43)
	at java.lang.reflect.Method.invoke(Method.java:498)
	at org.testng.internal.MethodInvocationHelper.invokeMethod(MethodInvocationHelper.java:85)
	at org.testng.internal.Invoker.invokeMethod(Invoker.java:639)
	at org.testng.internal.Invoker.invokeTestMethod(Invoker.java:821)
	at org.testng.internal.Invoker.invokeTestMethods(Invoker.java:1131)
	at org.testng.internal.TestMethodWorker.invokeTestMethods(TestMethodWorker.java:124)
	at org.testng.internal.TestMethodWorker.run(TestMethodWorker.java:108)
	at java.util.concurrent.ThreadPoolExecutor.runWorker(ThreadPoolExecutor.java:1149)
	at java.util.concurrent.ThreadPoolExecutor$Worker.run(ThreadPoolExecutor.java:624)
	at java.lang.Thread.run(Thread.java:748)
</pre></div></td>
<td>0</td>
<td>com.ca.tds.main.TDSFlowTest@488b50ec</td></tr>
<tr>
<td title='com.ca.tds.main.TDSFlowTest.brwPreAreq()'><b>brwPreAreq</b><br>Test class: com.ca.tds.main.TDSFlowTest</td>
<td><div><pre>java.lang.AssertionError: ARes response json schema validation failed.&lt;br&gt;expected minLength: 17, actual: 4&lt;br&gt; api response : {&quot;acsTransID&quot;:&quot;469fa64b-a164-4228-b1df-79c7537e2231&quot;,&quot;dsName&quot;:&quot;visa&quot;,&quot;eci&quot;:&quot;07&quot;,&quot;callerTxnRefID&quot;:&quot;341b7153-da86-4543-860f-2ba47f0168a5&quot;,&quot;dsReferenceNumber&quot;:&quot;CADS&quot;,&quot;acsReferenceNumber&quot;:&quot;ABCDEF987654321&quot;,&quot;messageType&quot;:&quot;ARes&quot;,&quot;dsTransID&quot;:&quot;1ab5f378-f4b4-4bfd-b47b-c0504381df42&quot;,&quot;transStatusReason&quot;:&quot;09&quot;,&quot;acsOperatorID&quot;:&quot;ACS_OPERATOR_ID&quot;,&quot;messageVersion&quot;:&quot;2.1.0&quot;,&quot;transStatus&quot;:&quot;R&quot;,&quot;threeDSServerTransID&quot;:&quot;8053984b-bcc1-446b-9973-726d14c4eb5f&quot;}
	at com.ca.tds.main.TDSFlowTest.brwPreAreq(TDSFlowTest.java:176)
	at java.util.concurrent.ThreadPoolExecutor.runWorker(ThreadPoolExecutor.java:1149)
	at java.util.concurrent.ThreadPoolExecutor$Worker.run(ThreadPoolExecutor.java:624)
	at java.lang.Thread.run(Thread.java:748)
... Removed 10 stack frames</pre></div><a href='#' onClick='toggleBox("stack-trace827855813", this, "Click to show all stack frames", "Click to hide stack frames")'>Click to show all stack frames</a>
<div class='stack-trace' id='stack-trace827855813'><pre>java.lang.AssertionError: ARes response json schema validation failed.&lt;br&gt;expected minLength: 17, actual: 4&lt;br&gt; api response : {&quot;acsTransID&quot;:&quot;469fa64b-a164-4228-b1df-79c7537e2231&quot;,&quot;dsName&quot;:&quot;visa&quot;,&quot;eci&quot;:&quot;07&quot;,&quot;callerTxnRefID&quot;:&quot;341b7153-da86-4543-860f-2ba47f0168a5&quot;,&quot;dsReferenceNumber&quot;:&quot;CADS&quot;,&quot;acsReferenceNumber&quot;:&quot;ABCDEF987654321&quot;,&quot;messageType&quot;:&quot;ARes&quot;,&quot;dsTransID&quot;:&quot;1ab5f378-f4b4-4bfd-b47b-c0504381df42&quot;,&quot;transStatusReason&quot;:&quot;09&quot;,&quot;acsOperatorID&quot;:&quot;ACS_OPERATOR_ID&quot;,&quot;messageVersion&quot;:&quot;2.1.0&quot;,&quot;transStatus&quot;:&quot;R&quot;,&quot;threeDSServerTransID&quot;:&quot;8053984b-bcc1-446b-9973-726d14c4eb5f&quot;}
	at org.testng.Assert.fail(Assert.java:94)
	at com.ca.tds.main.TDSFlowTest.brwPreAreq(TDSFlowTest.java:176)
	at sun.reflect.GeneratedMethodAccessor36.invoke(Unknown Source)
	at sun.reflect.DelegatingMethodAccessorImpl.invoke(DelegatingMethodAccessorImpl.java:43)
	at java.lang.reflect.Method.invoke(Method.java:498)
	at org.testng.internal.MethodInvocationHelper.invokeMethod(MethodInvocationHelper.java:85)
	at org.testng.internal.Invoker.invokeMethod(Invoker.java:639)
	at org.testng.internal.Invoker.invokeTestMethod(Invoker.java:821)
	at org.testng.internal.Invoker.invokeTestMethods(Invoker.java:1131)
	at org.testng.internal.TestMethodWorker.invokeTestMethods(TestMethodWorker.java:124)
	at org.testng.internal.TestMethodWorker.run(TestMethodWorker.java:108)
	at java.util.concurrent.ThreadPoolExecutor.runWorker(ThreadPoolExecutor.java:1149)
	at java.util.concurrent.ThreadPoolExecutor$Worker.run(ThreadPoolExecutor.java:624)
	at java.lang.Thread.run(Thread.java:748)
</pre></div></td>
<td>0</td>
<td>com.ca.tds.main.TDSFlowTest@2fe88a09</td></tr>
<tr>
<td title='com.ca.tds.main.TDSFlowTest.brwPreAreq()'><b>brwPreAreq</b><br>Test class: com.ca.tds.main.TDSFlowTest</td>
<td><div><pre>java.lang.AssertionError: ARes response json schema validation failed.&lt;br&gt;expected minLength: 17, actual: 4&lt;br&gt; api response : {&quot;acsTransID&quot;:&quot;90444c6f-910c-44b1-bb57-7366295500f5&quot;,&quot;dsName&quot;:&quot;visa&quot;,&quot;eci&quot;:&quot;07&quot;,&quot;callerTxnRefID&quot;:&quot;341b7153-da86-4543-860f-2ba47f0168a5&quot;,&quot;dsReferenceNumber&quot;:&quot;CADS&quot;,&quot;acsReferenceNumber&quot;:&quot;ABCDEF987654321&quot;,&quot;messageType&quot;:&quot;ARes&quot;,&quot;dsTransID&quot;:&quot;8c43b524-97c2-4f90-91be-e279e544f680&quot;,&quot;transStatusReason&quot;:&quot;09&quot;,&quot;acsOperatorID&quot;:&quot;ACS_OPERATOR_ID&quot;,&quot;messageVersion&quot;:&quot;2.1.0&quot;,&quot;transStatus&quot;:&quot;R&quot;,&quot;threeDSServerTransID&quot;:&quot;ddabce3a-7327-45a8-a9ab-b9223997c2e1&quot;}
	at com.ca.tds.main.TDSFlowTest.brwPreAreq(TDSFlowTest.java:176)
	at java.util.concurrent.ThreadPoolExecutor.runWorker(ThreadPoolExecutor.java:1149)
	at java.util.concurrent.ThreadPoolExecutor$Worker.run(ThreadPoolExecutor.java:624)
	at java.lang.Thread.run(Thread.java:748)
... Removed 10 stack frames</pre></div><a href='#' onClick='toggleBox("stack-trace1494410911", this, "Click to show all stack frames", "Click to hide stack frames")'>Click to show all stack frames</a>
<div class='stack-trace' id='stack-trace1494410911'><pre>java.lang.AssertionError: ARes response json schema validation failed.&lt;br&gt;expected minLength: 17, actual: 4&lt;br&gt; api response : {&quot;acsTransID&quot;:&quot;90444c6f-910c-44b1-bb57-7366295500f5&quot;,&quot;dsName&quot;:&quot;visa&quot;,&quot;eci&quot;:&quot;07&quot;,&quot;callerTxnRefID&quot;:&quot;341b7153-da86-4543-860f-2ba47f0168a5&quot;,&quot;dsReferenceNumber&quot;:&quot;CADS&quot;,&quot;acsReferenceNumber&quot;:&quot;ABCDEF987654321&quot;,&quot;messageType&quot;:&quot;ARes&quot;,&quot;dsTransID&quot;:&quot;8c43b524-97c2-4f90-91be-e279e544f680&quot;,&quot;transStatusReason&quot;:&quot;09&quot;,&quot;acsOperatorID&quot;:&quot;ACS_OPERATOR_ID&quot;,&quot;messageVersion&quot;:&quot;2.1.0&quot;,&quot;transStatus&quot;:&quot;R&quot;,&quot;threeDSServerTransID&quot;:&quot;ddabce3a-7327-45a8-a9ab-b9223997c2e1&quot;}
	at org.testng.Assert.fail(Assert.java:94)
	at com.ca.tds.main.TDSFlowTest.brwPreAreq(TDSFlowTest.java:176)
	at sun.reflect.GeneratedMethodAccessor36.invoke(Unknown Source)
	at sun.reflect.DelegatingMethodAccessorImpl.invoke(DelegatingMethodAccessorImpl.java:43)
	at java.lang.reflect.Method.invoke(Method.java:498)
	at org.testng.internal.MethodInvocationHelper.invokeMethod(MethodInvocationHelper.java:85)
	at org.testng.internal.Invoker.invokeMethod(Invoker.java:639)
	at org.testng.internal.Invoker.invokeTestMethod(Invoker.java:821)
	at org.testng.internal.Invoker.invokeTestMethods(Invoker.java:1131)
	at org.testng.internal.TestMethodWorker.invokeTestMethods(TestMethodWorker.java:124)
	at org.testng.internal.TestMethodWorker.run(TestMethodWorker.java:108)
	at java.util.concurrent.ThreadPoolExecutor.runWorker(ThreadPoolExecutor.java:1149)
	at java.util.concurrent.ThreadPoolExecutor$Worker.run(ThreadPoolExecutor.java:624)
	at java.lang.Thread.run(Thread.java:748)
</pre></div></td>
<td>0</td>
<td>com.ca.tds.main.TDSFlowTest@59942b48</td></tr>
<tr>
<td title='com.ca.tds.main.TDSFlowTest.brwPreAreq()'><b>brwPreAreq</b><br>Test class: com.ca.tds.main.TDSFlowTest</td>
<td><div><pre>java.lang.AssertionError: ARes response json schema validation failed.&lt;br&gt;expected minLength: 17, actual: 4&lt;br&gt; api response : {&quot;acsTransID&quot;:&quot;d1a12413-c121-4478-b0c8-34a3625c76d0&quot;,&quot;dsName&quot;:&quot;visa&quot;,&quot;eci&quot;:&quot;07&quot;,&quot;callerTxnRefID&quot;:&quot;341b7153-da86-4543-860f-2ba47f0168a5&quot;,&quot;dsReferenceNumber&quot;:&quot;CADS&quot;,&quot;acsReferenceNumber&quot;:&quot;ABCDEF987654321&quot;,&quot;messageType&quot;:&quot;ARes&quot;,&quot;dsTransID&quot;:&quot;8370b143-ce1f-4637-a63a-b886e0f9ee8c&quot;,&quot;transStatusReason&quot;:&quot;09&quot;,&quot;acsOperatorID&quot;:&quot;ACS_OPERATOR_ID&quot;,&quot;messageVersion&quot;:&quot;2.1.0&quot;,&quot;transStatus&quot;:&quot;R&quot;,&quot;threeDSServerTransID&quot;:&quot;4b881fa0-c520-49d4-91a5-4e422221865d&quot;}
	at com.ca.tds.main.TDSFlowTest.brwPreAreq(TDSFlowTest.java:176)
	at java.util.concurrent.ThreadPoolExecutor.runWorker(ThreadPoolExecutor.java:1149)
	at java.util.concurrent.ThreadPoolExecutor$Worker.run(ThreadPoolExecutor.java:624)
	at java.lang.Thread.run(Thread.java:748)
... Removed 10 stack frames</pre></div><a href='#' onClick='toggleBox("stack-trace93206958", this, "Click to show all stack frames", "Click to hide stack frames")'>Click to show all stack frames</a>
<div class='stack-trace' id='stack-trace93206958'><pre>java.lang.AssertionError: ARes response json schema validation failed.&lt;br&gt;expected minLength: 17, actual: 4&lt;br&gt; api response : {&quot;acsTransID&quot;:&quot;d1a12413-c121-4478-b0c8-34a3625c76d0&quot;,&quot;dsName&quot;:&quot;visa&quot;,&quot;eci&quot;:&quot;07&quot;,&quot;callerTxnRefID&quot;:&quot;341b7153-da86-4543-860f-2ba47f0168a5&quot;,&quot;dsReferenceNumber&quot;:&quot;CADS&quot;,&quot;acsReferenceNumber&quot;:&quot;ABCDEF987654321&quot;,&quot;messageType&quot;:&quot;ARes&quot;,&quot;dsTransID&quot;:&quot;8370b143-ce1f-4637-a63a-b886e0f9ee8c&quot;,&quot;transStatusReason&quot;:&quot;09&quot;,&quot;acsOperatorID&quot;:&quot;ACS_OPERATOR_ID&quot;,&quot;messageVersion&quot;:&quot;2.1.0&quot;,&quot;transStatus&quot;:&quot;R&quot;,&quot;threeDSServerTransID&quot;:&quot;4b881fa0-c520-49d4-91a5-4e422221865d&quot;}
	at org.testng.Assert.fail(Assert.java:94)
	at com.ca.tds.main.TDSFlowTest.brwPreAreq(TDSFlowTest.java:176)
	at sun.reflect.GeneratedMethodAccessor36.invoke(Unknown Source)
	at sun.reflect.DelegatingMethodAccessorImpl.invoke(DelegatingMethodAccessorImpl.java:43)
	at java.lang.reflect.Method.invoke(Method.java:498)
	at org.testng.internal.MethodInvocationHelper.invokeMethod(MethodInvocationHelper.java:85)
	at org.testng.internal.Invoker.invokeMethod(Invoker.java:639)
	at org.testng.internal.Invoker.invokeTestMethod(Invoker.java:821)
	at org.testng.internal.Invoker.invokeTestMethods(Invoker.java:1131)
	at org.testng.internal.TestMethodWorker.invokeTestMethods(TestMethodWorker.java:124)
	at org.testng.internal.TestMethodWorker.run(TestMethodWorker.java:108)
	at java.util.concurrent.ThreadPoolExecutor.runWorker(ThreadPoolExecutor.java:1149)
	at java.util.concurrent.ThreadPoolExecutor$Worker.run(ThreadPoolExecutor.java:624)
	at java.lang.Thread.run(Thread.java:748)
</pre></div></td>
<td>0</td>
<td>com.ca.tds.main.TDSFlowTest@66bfd864</td></tr>
<tr>
<td title='com.ca.tds.main.TDSFlowTest.brwPreAreq()'><b>brwPreAreq</b><br>Test class: com.ca.tds.main.TDSFlowTest</td>
<td><div><pre>java.lang.AssertionError: ARes response json schema validation failed.&lt;br&gt;expected minLength: 17, actual: 4&lt;br&gt; api response : {&quot;acsTransID&quot;:&quot;d5a6c5e8-0dd3-49a3-b13b-0a0985e2ed92&quot;,&quot;dsName&quot;:&quot;visa&quot;,&quot;eci&quot;:&quot;07&quot;,&quot;callerTxnRefID&quot;:&quot;341b7153-da86-4543-860f-2ba47f0168a5&quot;,&quot;dsReferenceNumber&quot;:&quot;CADS&quot;,&quot;acsReferenceNumber&quot;:&quot;ABCDEF987654321&quot;,&quot;messageType&quot;:&quot;ARes&quot;,&quot;dsTransID&quot;:&quot;13b5cedb-cd28-478c-859c-4ab594fdcef6&quot;,&quot;transStatusReason&quot;:&quot;09&quot;,&quot;acsOperatorID&quot;:&quot;ACS_OPERATOR_ID&quot;,&quot;messageVersion&quot;:&quot;2.1.0&quot;,&quot;transStatus&quot;:&quot;R&quot;,&quot;threeDSServerTransID&quot;:&quot;fe765acf-42b5-4719-beba-e9c72cc46ff9&quot;}
	at com.ca.tds.main.TDSFlowTest.brwPreAreq(TDSFlowTest.java:176)
	at java.util.concurrent.ThreadPoolExecutor.runWorker(ThreadPoolExecutor.java:1149)
	at java.util.concurrent.ThreadPoolExecutor$Worker.run(ThreadPoolExecutor.java:624)
	at java.lang.Thread.run(Thread.java:748)
... Removed 10 stack frames</pre></div><a href='#' onClick='toggleBox("stack-trace1475793806", this, "Click to show all stack frames", "Click to hide stack frames")'>Click to show all stack frames</a>
<div class='stack-trace' id='stack-trace1475793806'><pre>java.lang.AssertionError: ARes response json schema validation failed.&lt;br&gt;expected minLength: 17, actual: 4&lt;br&gt; api response : {&quot;acsTransID&quot;:&quot;d5a6c5e8-0dd3-49a3-b13b-0a0985e2ed92&quot;,&quot;dsName&quot;:&quot;visa&quot;,&quot;eci&quot;:&quot;07&quot;,&quot;callerTxnRefID&quot;:&quot;341b7153-da86-4543-860f-2ba47f0168a5&quot;,&quot;dsReferenceNumber&quot;:&quot;CADS&quot;,&quot;acsReferenceNumber&quot;:&quot;ABCDEF987654321&quot;,&quot;messageType&quot;:&quot;ARes&quot;,&quot;dsTransID&quot;:&quot;13b5cedb-cd28-478c-859c-4ab594fdcef6&quot;,&quot;transStatusReason&quot;:&quot;09&quot;,&quot;acsOperatorID&quot;:&quot;ACS_OPERATOR_ID&quot;,&quot;messageVersion&quot;:&quot;2.1.0&quot;,&quot;transStatus&quot;:&quot;R&quot;,&quot;threeDSServerTransID&quot;:&quot;fe765acf-42b5-4719-beba-e9c72cc46ff9&quot;}
	at org.testng.Assert.fail(Assert.java:94)
	at com.ca.tds.main.TDSFlowTest.brwPreAreq(TDSFlowTest.java:176)
	at sun.reflect.GeneratedMethodAccessor36.invoke(Unknown Source)
	at sun.reflect.DelegatingMethodAccessorImpl.invoke(DelegatingMethodAccessorImpl.java:43)
	at java.lang.reflect.Method.invoke(Method.java:498)
	at org.testng.internal.MethodInvocationHelper.invokeMethod(MethodInvocationHelper.java:85)
	at org.testng.internal.Invoker.invokeMethod(Invoker.java:639)
	at org.testng.internal.Invoker.invokeTestMethod(Invoker.java:821)
	at org.testng.internal.Invoker.invokeTestMethods(Invoker.java:1131)
	at org.testng.internal.TestMethodWorker.invokeTestMethods(TestMethodWorker.java:124)
	at org.testng.internal.TestMethodWorker.run(TestMethodWorker.java:108)
	at java.util.concurrent.ThreadPoolExecutor.runWorker(ThreadPoolExecutor.java:1149)
	at java.util.concurrent.ThreadPoolExecutor$Worker.run(ThreadPoolExecutor.java:624)
	at java.lang.Thread.run(Thread.java:748)
</pre></div></td>
<td>0</td>
<td>com.ca.tds.main.TDSFlowTest@21fff664</td></tr>
<tr>
<td title='com.ca.tds.main.TDSFlowTest.brwPreAreq()'><b>brwPreAreq</b><br>Test class: com.ca.tds.main.TDSFlowTest</td>
<td><div><pre>java.lang.AssertionError: ARes response json schema validation failed.&lt;br&gt;expected minLength: 17, actual: 4&lt;br&gt; api response : {&quot;acsTransID&quot;:&quot;deefc7c3-fd53-49d5-ae00-cceefad8d1ac&quot;,&quot;dsName&quot;:&quot;visa&quot;,&quot;eci&quot;:&quot;07&quot;,&quot;callerTxnRefID&quot;:&quot;341b7153-da86-4543-860f-2ba47f0168a5&quot;,&quot;dsReferenceNumber&quot;:&quot;CADS&quot;,&quot;acsReferenceNumber&quot;:&quot;ABCDEF987654321&quot;,&quot;messageType&quot;:&quot;ARes&quot;,&quot;dsTransID&quot;:&quot;bcb3f973-1372-4167-8c52-3f05d3d86ad0&quot;,&quot;transStatusReason&quot;:&quot;09&quot;,&quot;acsOperatorID&quot;:&quot;ACS_OPERATOR_ID&quot;,&quot;messageVersion&quot;:&quot;2.1.0&quot;,&quot;transStatus&quot;:&quot;R&quot;,&quot;threeDSServerTransID&quot;:&quot;8ae068e5-715f-4d44-bc0b-e9ac2b6c8bf0&quot;}
	at com.ca.tds.main.TDSFlowTest.brwPreAreq(TDSFlowTest.java:176)
	at java.util.concurrent.ThreadPoolExecutor.runWorker(ThreadPoolExecutor.java:1149)
	at java.util.concurrent.ThreadPoolExecutor$Worker.run(ThreadPoolExecutor.java:624)
	at java.lang.Thread.run(Thread.java:748)
... Removed 10 stack frames</pre></div><a href='#' onClick='toggleBox("stack-trace11649019", this, "Click to show all stack frames", "Click to hide stack frames")'>Click to show all stack frames</a>
<div class='stack-trace' id='stack-trace11649019'><pre>java.lang.AssertionError: ARes response json schema validation failed.&lt;br&gt;expected minLength: 17, actual: 4&lt;br&gt; api response : {&quot;acsTransID&quot;:&quot;deefc7c3-fd53-49d5-ae00-cceefad8d1ac&quot;,&quot;dsName&quot;:&quot;visa&quot;,&quot;eci&quot;:&quot;07&quot;,&quot;callerTxnRefID&quot;:&quot;341b7153-da86-4543-860f-2ba47f0168a5&quot;,&quot;dsReferenceNumber&quot;:&quot;CADS&quot;,&quot;acsReferenceNumber&quot;:&quot;ABCDEF987654321&quot;,&quot;messageType&quot;:&quot;ARes&quot;,&quot;dsTransID&quot;:&quot;bcb3f973-1372-4167-8c52-3f05d3d86ad0&quot;,&quot;transStatusReason&quot;:&quot;09&quot;,&quot;acsOperatorID&quot;:&quot;ACS_OPERATOR_ID&quot;,&quot;messageVersion&quot;:&quot;2.1.0&quot;,&quot;transStatus&quot;:&quot;R&quot;,&quot;threeDSServerTransID&quot;:&quot;8ae068e5-715f-4d44-bc0b-e9ac2b6c8bf0&quot;}
	at org.testng.Assert.fail(Assert.java:94)
	at com.ca.tds.main.TDSFlowTest.brwPreAreq(TDSFlowTest.java:176)
	at sun.reflect.GeneratedMethodAccessor36.invoke(Unknown Source)
	at sun.reflect.DelegatingMethodAccessorImpl.invoke(DelegatingMethodAccessorImpl.java:43)
	at java.lang.reflect.Method.invoke(Method.java:498)
	at org.testng.internal.MethodInvocationHelper.invokeMethod(MethodInvocationHelper.java:85)
	at org.testng.internal.Invoker.invokeMethod(Invoker.java:639)
	at org.testng.internal.Invoker.invokeTestMethod(Invoker.java:821)
	at org.testng.internal.Invoker.invokeTestMethods(Invoker.java:1131)
	at org.testng.internal.TestMethodWorker.invokeTestMethods(TestMethodWorker.java:124)
	at org.testng.internal.TestMethodWorker.run(TestMethodWorker.java:108)
	at java.util.concurrent.ThreadPoolExecutor.runWorker(ThreadPoolExecutor.java:1149)
	at java.util.concurrent.ThreadPoolExecutor$Worker.run(ThreadPoolExecutor.java:624)
	at java.lang.Thread.run(Thread.java:748)
</pre></div></td>
<td>0</td>
<td>com.ca.tds.main.TDSFlowTest@201aa8c1</td></tr>
<tr>
<td title='com.ca.tds.main.TDSFlowTest.brwPreAreq()'><b>brwPreAreq</b><br>Test class: com.ca.tds.main.TDSFlowTest</td>
<td><div><pre>java.lang.AssertionError: ARes response json schema validation failed.&lt;br&gt;expected minLength: 17, actual: 4&lt;br&gt; api response : {&quot;acsTransID&quot;:&quot;298eda2e-a49a-4a1d-96bd-c0eb04e4a615&quot;,&quot;dsName&quot;:&quot;visa&quot;,&quot;eci&quot;:&quot;07&quot;,&quot;callerTxnRefID&quot;:&quot;341b7153-da86-4543-860f-2ba47f0168a5&quot;,&quot;dsReferenceNumber&quot;:&quot;CADS&quot;,&quot;acsReferenceNumber&quot;:&quot;ABCDEF987654321&quot;,&quot;messageType&quot;:&quot;ARes&quot;,&quot;dsTransID&quot;:&quot;24afa6b7-9624-41a7-be75-c8b8d5204058&quot;,&quot;transStatusReason&quot;:&quot;09&quot;,&quot;acsOperatorID&quot;:&quot;ACS_OPERATOR_ID&quot;,&quot;messageVersion&quot;:&quot;2.1.0&quot;,&quot;transStatus&quot;:&quot;R&quot;,&quot;threeDSServerTransID&quot;:&quot;29772bff-27b7-43fb-be11-b2c8a9a5211c&quot;}
	at com.ca.tds.main.TDSFlowTest.brwPreAreq(TDSFlowTest.java:176)
	at java.util.concurrent.ThreadPoolExecutor.runWorker(ThreadPoolExecutor.java:1149)
	at java.util.concurrent.ThreadPoolExecutor$Worker.run(ThreadPoolExecutor.java:624)
	at java.lang.Thread.run(Thread.java:748)
... Removed 10 stack frames</pre></div><a href='#' onClick='toggleBox("stack-trace1498124580", this, "Click to show all stack frames", "Click to hide stack frames")'>Click to show all stack frames</a>
<div class='stack-trace' id='stack-trace1498124580'><pre>java.lang.AssertionError: ARes response json schema validation failed.&lt;br&gt;expected minLength: 17, actual: 4&lt;br&gt; api response : {&quot;acsTransID&quot;:&quot;298eda2e-a49a-4a1d-96bd-c0eb04e4a615&quot;,&quot;dsName&quot;:&quot;visa&quot;,&quot;eci&quot;:&quot;07&quot;,&quot;callerTxnRefID&quot;:&quot;341b7153-da86-4543-860f-2ba47f0168a5&quot;,&quot;dsReferenceNumber&quot;:&quot;CADS&quot;,&quot;acsReferenceNumber&quot;:&quot;ABCDEF987654321&quot;,&quot;messageType&quot;:&quot;ARes&quot;,&quot;dsTransID&quot;:&quot;24afa6b7-9624-41a7-be75-c8b8d5204058&quot;,&quot;transStatusReason&quot;:&quot;09&quot;,&quot;acsOperatorID&quot;:&quot;ACS_OPERATOR_ID&quot;,&quot;messageVersion&quot;:&quot;2.1.0&quot;,&quot;transStatus&quot;:&quot;R&quot;,&quot;threeDSServerTransID&quot;:&quot;29772bff-27b7-43fb-be11-b2c8a9a5211c&quot;}
	at org.testng.Assert.fail(Assert.java:94)
	at com.ca.tds.main.TDSFlowTest.brwPreAreq(TDSFlowTest.java:176)
	at sun.reflect.GeneratedMethodAccessor36.invoke(Unknown Source)
	at sun.reflect.DelegatingMethodAccessorImpl.invoke(DelegatingMethodAccessorImpl.java:43)
	at java.lang.reflect.Method.invoke(Method.java:498)
	at org.testng.internal.MethodInvocationHelper.invokeMethod(MethodInvocationHelper.java:85)
	at org.testng.internal.Invoker.invokeMethod(Invoker.java:639)
	at org.testng.internal.Invoker.invokeTestMethod(Invoker.java:821)
	at org.testng.internal.Invoker.invokeTestMethods(Invoker.java:1131)
	at org.testng.internal.TestMethodWorker.invokeTestMethods(TestMethodWorker.java:124)
	at org.testng.internal.TestMethodWorker.run(TestMethodWorker.java:108)
	at java.util.concurrent.ThreadPoolExecutor.runWorker(ThreadPoolExecutor.java:1149)
	at java.util.concurrent.ThreadPoolExecutor$Worker.run(ThreadPoolExecutor.java:624)
	at java.lang.Thread.run(Thread.java:748)
</pre></div></td>
<td>0</td>
<td>com.ca.tds.main.TDSFlowTest@18a645fd</td></tr>
<tr>
<td title='com.ca.tds.main.TDSFlowTest.brwPreAreq()'><b>brwPreAreq</b><br>Test class: com.ca.tds.main.TDSFlowTest</td>
<td><div><pre>java.lang.AssertionError: ARes response json schema validation failed.&lt;br&gt;expected minLength: 17, actual: 4&lt;br&gt; api response : {&quot;acsTransID&quot;:&quot;6b5fe578-4179-453c-92e3-bb8fa6c46e8b&quot;,&quot;dsName&quot;:&quot;visa&quot;,&quot;eci&quot;:&quot;07&quot;,&quot;callerTxnRefID&quot;:&quot;341b7153-da86-4543-860f-2ba47f0168a5&quot;,&quot;dsReferenceNumber&quot;:&quot;CADS&quot;,&quot;acsReferenceNumber&quot;:&quot;ABCDEF987654321&quot;,&quot;messageType&quot;:&quot;ARes&quot;,&quot;dsTransID&quot;:&quot;09f6eb27-232f-404b-91bf-89adebff88ac&quot;,&quot;transStatusReason&quot;:&quot;09&quot;,&quot;acsOperatorID&quot;:&quot;ACS_OPERATOR_ID&quot;,&quot;messageVersion&quot;:&quot;2.1.0&quot;,&quot;transStatus&quot;:&quot;R&quot;,&quot;threeDSServerTransID&quot;:&quot;80841839-7d4b-445e-b32c-acd81457a313&quot;}
	at com.ca.tds.main.TDSFlowTest.brwPreAreq(TDSFlowTest.java:176)
	at java.util.concurrent.ThreadPoolExecutor.runWorker(ThreadPoolExecutor.java:1149)
	at java.util.concurrent.ThreadPoolExecutor$Worker.run(ThreadPoolExecutor.java:624)
	at java.lang.Thread.run(Thread.java:748)
... Removed 10 stack frames</pre></div><a href='#' onClick='toggleBox("stack-trace1917025076", this, "Click to show all stack frames", "Click to hide stack frames")'>Click to show all stack frames</a>
<div class='stack-trace' id='stack-trace1917025076'><pre>java.lang.AssertionError: ARes response json schema validation failed.&lt;br&gt;expected minLength: 17, actual: 4&lt;br&gt; api response : {&quot;acsTransID&quot;:&quot;6b5fe578-4179-453c-92e3-bb8fa6c46e8b&quot;,&quot;dsName&quot;:&quot;visa&quot;,&quot;eci&quot;:&quot;07&quot;,&quot;callerTxnRefID&quot;:&quot;341b7153-da86-4543-860f-2ba47f0168a5&quot;,&quot;dsReferenceNumber&quot;:&quot;CADS&quot;,&quot;acsReferenceNumber&quot;:&quot;ABCDEF987654321&quot;,&quot;messageType&quot;:&quot;ARes&quot;,&quot;dsTransID&quot;:&quot;09f6eb27-232f-404b-91bf-89adebff88ac&quot;,&quot;transStatusReason&quot;:&quot;09&quot;,&quot;acsOperatorID&quot;:&quot;ACS_OPERATOR_ID&quot;,&quot;messageVersion&quot;:&quot;2.1.0&quot;,&quot;transStatus&quot;:&quot;R&quot;,&quot;threeDSServerTransID&quot;:&quot;80841839-7d4b-445e-b32c-acd81457a313&quot;}
	at org.testng.Assert.fail(Assert.java:94)
	at com.ca.tds.main.TDSFlowTest.brwPreAreq(TDSFlowTest.java:176)
	at sun.reflect.GeneratedMethodAccessor36.invoke(Unknown Source)
	at sun.reflect.DelegatingMethodAccessorImpl.invoke(DelegatingMethodAccessorImpl.java:43)
	at java.lang.reflect.Method.invoke(Method.java:498)
	at org.testng.internal.MethodInvocationHelper.invokeMethod(MethodInvocationHelper.java:85)
	at org.testng.internal.Invoker.invokeMethod(Invoker.java:639)
	at org.testng.internal.Invoker.invokeTestMethod(Invoker.java:821)
	at org.testng.internal.Invoker.invokeTestMethods(Invoker.java:1131)
	at org.testng.internal.TestMethodWorker.invokeTestMethods(TestMethodWorker.java:124)
	at org.testng.internal.TestMethodWorker.run(TestMethodWorker.java:108)
	at java.util.concurrent.ThreadPoolExecutor.runWorker(ThreadPoolExecutor.java:1149)
	at java.util.concurrent.ThreadPoolExecutor$Worker.run(ThreadPoolExecutor.java:624)
	at java.lang.Thread.run(Thread.java:748)
</pre></div></td>
<td>0</td>
<td>com.ca.tds.main.TDSFlowTest@6090f3ca</td></tr>
<tr>
<td title='com.ca.tds.main.TDSFlowTest.brwPreAreq()'><b>brwPreAreq</b><br>Test class: com.ca.tds.main.TDSFlowTest</td>
<td><div><pre>java.lang.AssertionError: ARes response json schema validation failed.&lt;br&gt;expected minLength: 17, actual: 4&lt;br&gt; api response : {&quot;acsTransID&quot;:&quot;bc5f2d85-bf3c-40c2-bf35-696730f22d06&quot;,&quot;dsName&quot;:&quot;visa&quot;,&quot;eci&quot;:&quot;07&quot;,&quot;callerTxnRefID&quot;:&quot;341b7153-da86-4543-860f-2ba47f0168a5&quot;,&quot;dsReferenceNumber&quot;:&quot;CADS&quot;,&quot;acsReferenceNumber&quot;:&quot;ABCDEF987654321&quot;,&quot;messageType&quot;:&quot;ARes&quot;,&quot;dsTransID&quot;:&quot;040ddd65-69d8-4401-9c0d-990ee4a6d864&quot;,&quot;transStatusReason&quot;:&quot;09&quot;,&quot;acsOperatorID&quot;:&quot;ACS_OPERATOR_ID&quot;,&quot;messageVersion&quot;:&quot;2.1.0&quot;,&quot;transStatus&quot;:&quot;R&quot;,&quot;threeDSServerTransID&quot;:&quot;81cd333d-b308-495f-bf5a-dd632d4002ab&quot;}
	at com.ca.tds.main.TDSFlowTest.brwPreAreq(TDSFlowTest.java:176)
	at java.util.concurrent.ThreadPoolExecutor.runWorker(ThreadPoolExecutor.java:1149)
	at java.util.concurrent.ThreadPoolExecutor$Worker.run(ThreadPoolExecutor.java:624)
	at java.lang.Thread.run(Thread.java:748)
... Removed 10 stack frames</pre></div><a href='#' onClick='toggleBox("stack-trace858588179", this, "Click to show all stack frames", "Click to hide stack frames")'>Click to show all stack frames</a>
<div class='stack-trace' id='stack-trace858588179'><pre>java.lang.AssertionError: ARes response json schema validation failed.&lt;br&gt;expected minLength: 17, actual: 4&lt;br&gt; api response : {&quot;acsTransID&quot;:&quot;bc5f2d85-bf3c-40c2-bf35-696730f22d06&quot;,&quot;dsName&quot;:&quot;visa&quot;,&quot;eci&quot;:&quot;07&quot;,&quot;callerTxnRefID&quot;:&quot;341b7153-da86-4543-860f-2ba47f0168a5&quot;,&quot;dsReferenceNumber&quot;:&quot;CADS&quot;,&quot;acsReferenceNumber&quot;:&quot;ABCDEF987654321&quot;,&quot;messageType&quot;:&quot;ARes&quot;,&quot;dsTransID&quot;:&quot;040ddd65-69d8-4401-9c0d-990ee4a6d864&quot;,&quot;transStatusReason&quot;:&quot;09&quot;,&quot;acsOperatorID&quot;:&quot;ACS_OPERATOR_ID&quot;,&quot;messageVersion&quot;:&quot;2.1.0&quot;,&quot;transStatus&quot;:&quot;R&quot;,&quot;threeDSServerTransID&quot;:&quot;81cd333d-b308-495f-bf5a-dd632d4002ab&quot;}
	at org.testng.Assert.fail(Assert.java:94)
	at com.ca.tds.main.TDSFlowTest.brwPreAreq(TDSFlowTest.java:176)
	at sun.reflect.GeneratedMethodAccessor36.invoke(Unknown Source)
	at sun.reflect.DelegatingMethodAccessorImpl.invoke(DelegatingMethodAccessorImpl.java:43)
	at java.lang.reflect.Method.invoke(Method.java:498)
	at org.testng.internal.MethodInvocationHelper.invokeMethod(MethodInvocationHelper.java:85)
	at org.testng.internal.Invoker.invokeMethod(Invoker.java:639)
	at org.testng.internal.Invoker.invokeTestMethod(Invoker.java:821)
	at org.testng.internal.Invoker.invokeTestMethods(Invoker.java:1131)
	at org.testng.internal.TestMethodWorker.invokeTestMethods(TestMethodWorker.java:124)
	at org.testng.internal.TestMethodWorker.run(TestMethodWorker.java:108)
	at java.util.concurrent.ThreadPoolExecutor.runWorker(ThreadPoolExecutor.java:1149)
	at java.util.concurrent.ThreadPoolExecutor$Worker.run(ThreadPoolExecutor.java:624)
	at java.lang.Thread.run(Thread.java:748)
</pre></div></td>
<td>0</td>
<td>com.ca.tds.main.TDSFlowTest@1917d90f</td></tr>
<tr>
<td title='com.ca.tds.main.TDSFlowTest.brwPreAreq()'><b>brwPreAreq</b><br>Test class: com.ca.tds.main.TDSFlowTest</td>
<td><div><pre>java.lang.AssertionError: ARes response json schema validation failed.&lt;br&gt;expected minLength: 17, actual: 4&lt;br&gt; api response : {&quot;acsTransID&quot;:&quot;ea1cb281-5911-4cac-b694-f04f92db5452&quot;,&quot;dsName&quot;:&quot;visa&quot;,&quot;eci&quot;:&quot;07&quot;,&quot;callerTxnRefID&quot;:&quot;341b7153-da86-4543-860f-2ba47f0168a5&quot;,&quot;dsReferenceNumber&quot;:&quot;CADS&quot;,&quot;acsReferenceNumber&quot;:&quot;ABCDEF987654321&quot;,&quot;messageType&quot;:&quot;ARes&quot;,&quot;dsTransID&quot;:&quot;25bc023c-ca4d-4cce-a52c-7040200b16e7&quot;,&quot;transStatusReason&quot;:&quot;09&quot;,&quot;acsOperatorID&quot;:&quot;ACS_OPERATOR_ID&quot;,&quot;messageVersion&quot;:&quot;2.1.0&quot;,&quot;transStatus&quot;:&quot;R&quot;,&quot;threeDSServerTransID&quot;:&quot;fbb3ded4-e925-4ec0-bc9c-f72d781d2ec3&quot;}
	at com.ca.tds.main.TDSFlowTest.brwPreAreq(TDSFlowTest.java:176)
	at java.util.concurrent.ThreadPoolExecutor.runWorker(ThreadPoolExecutor.java:1149)
	at java.util.concurrent.ThreadPoolExecutor$Worker.run(ThreadPoolExecutor.java:624)
	at java.lang.Thread.run(Thread.java:748)
... Removed 10 stack frames</pre></div><a href='#' onClick='toggleBox("stack-trace2013644085", this, "Click to show all stack frames", "Click to hide stack frames")'>Click to show all stack frames</a>
<div class='stack-trace' id='stack-trace2013644085'><pre>java.lang.AssertionError: ARes response json schema validation failed.&lt;br&gt;expected minLength: 17, actual: 4&lt;br&gt; api response : {&quot;acsTransID&quot;:&quot;ea1cb281-5911-4cac-b694-f04f92db5452&quot;,&quot;dsName&quot;:&quot;visa&quot;,&quot;eci&quot;:&quot;07&quot;,&quot;callerTxnRefID&quot;:&quot;341b7153-da86-4543-860f-2ba47f0168a5&quot;,&quot;dsReferenceNumber&quot;:&quot;CADS&quot;,&quot;acsReferenceNumber&quot;:&quot;ABCDEF987654321&quot;,&quot;messageType&quot;:&quot;ARes&quot;,&quot;dsTransID&quot;:&quot;25bc023c-ca4d-4cce-a52c-7040200b16e7&quot;,&quot;transStatusReason&quot;:&quot;09&quot;,&quot;acsOperatorID&quot;:&quot;ACS_OPERATOR_ID&quot;,&quot;messageVersion&quot;:&quot;2.1.0&quot;,&quot;transStatus&quot;:&quot;R&quot;,&quot;threeDSServerTransID&quot;:&quot;fbb3ded4-e925-4ec0-bc9c-f72d781d2ec3&quot;}
	at org.testng.Assert.fail(Assert.java:94)
	at com.ca.tds.main.TDSFlowTest.brwPreAreq(TDSFlowTest.java:176)
	at sun.reflect.GeneratedMethodAccessor36.invoke(Unknown Source)
	at sun.reflect.DelegatingMethodAccessorImpl.invoke(DelegatingMethodAccessorImpl.java:43)
	at java.lang.reflect.Method.invoke(Method.java:498)
	at org.testng.internal.MethodInvocationHelper.invokeMethod(MethodInvocationHelper.java:85)
	at org.testng.internal.Invoker.invokeMethod(Invoker.java:639)
	at org.testng.internal.Invoker.invokeTestMethod(Invoker.java:821)
	at org.testng.internal.Invoker.invokeTestMethods(Invoker.java:1131)
	at org.testng.internal.TestMethodWorker.invokeTestMethods(TestMethodWorker.java:124)
	at org.testng.internal.TestMethodWorker.run(TestMethodWorker.java:108)
	at java.util.concurrent.ThreadPoolExecutor.runWorker(ThreadPoolExecutor.java:1149)
	at java.util.concurrent.ThreadPoolExecutor$Worker.run(ThreadPoolExecutor.java:624)
	at java.lang.Thread.run(Thread.java:748)
</pre></div></td>
<td>0</td>
<td>com.ca.tds.main.TDSFlowTest@4aac85fa</td></tr>
<tr>
<td title='com.ca.tds.main.TDSFlowTest.brwPreAreq()'><b>brwPreAreq</b><br>Test class: com.ca.tds.main.TDSFlowTest</td>
<td><div><pre>java.lang.AssertionError: ARes response json schema validation failed.&lt;br&gt;expected minLength: 17, actual: 4&lt;br&gt; api response : {&quot;acsTransID&quot;:&quot;d4f7c716-1857-491f-903e-65641742bed2&quot;,&quot;dsName&quot;:&quot;visa&quot;,&quot;eci&quot;:&quot;07&quot;,&quot;callerTxnRefID&quot;:&quot;341b7153-da86-4543-860f-2ba47f0168a5&quot;,&quot;dsReferenceNumber&quot;:&quot;CADS&quot;,&quot;acsReferenceNumber&quot;:&quot;ABCDEF987654321&quot;,&quot;messageType&quot;:&quot;ARes&quot;,&quot;dsTransID&quot;:&quot;8d7adc3d-931b-41f4-b4ad-e1b2e3831bab&quot;,&quot;transStatusReason&quot;:&quot;09&quot;,&quot;acsOperatorID&quot;:&quot;ACS_OPERATOR_ID&quot;,&quot;messageVersion&quot;:&quot;2.1.0&quot;,&quot;transStatus&quot;:&quot;R&quot;,&quot;threeDSServerTransID&quot;:&quot;9166ce03-f29d-4b75-b346-85bd5c2f4cf7&quot;}
	at com.ca.tds.main.TDSFlowTest.brwPreAreq(TDSFlowTest.java:176)
	at java.util.concurrent.ThreadPoolExecutor.runWorker(ThreadPoolExecutor.java:1149)
	at java.util.concurrent.ThreadPoolExecutor$Worker.run(ThreadPoolExecutor.java:624)
	at java.lang.Thread.run(Thread.java:748)
... Removed 10 stack frames</pre></div><a href='#' onClick='toggleBox("stack-trace1542159801", this, "Click to show all stack frames", "Click to hide stack frames")'>Click to show all stack frames</a>
<div class='stack-trace' id='stack-trace1542159801'><pre>java.lang.AssertionError: ARes response json schema validation failed.&lt;br&gt;expected minLength: 17, actual: 4&lt;br&gt; api response : {&quot;acsTransID&quot;:&quot;d4f7c716-1857-491f-903e-65641742bed2&quot;,&quot;dsName&quot;:&quot;visa&quot;,&quot;eci&quot;:&quot;07&quot;,&quot;callerTxnRefID&quot;:&quot;341b7153-da86-4543-860f-2ba47f0168a5&quot;,&quot;dsReferenceNumber&quot;:&quot;CADS&quot;,&quot;acsReferenceNumber&quot;:&quot;ABCDEF987654321&quot;,&quot;messageType&quot;:&quot;ARes&quot;,&quot;dsTransID&quot;:&quot;8d7adc3d-931b-41f4-b4ad-e1b2e3831bab&quot;,&quot;transStatusReason&quot;:&quot;09&quot;,&quot;acsOperatorID&quot;:&quot;ACS_OPERATOR_ID&quot;,&quot;messageVersion&quot;:&quot;2.1.0&quot;,&quot;transStatus&quot;:&quot;R&quot;,&quot;threeDSServerTransID&quot;:&quot;9166ce03-f29d-4b75-b346-85bd5c2f4cf7&quot;}
	at org.testng.Assert.fail(Assert.java:94)
	at com.ca.tds.main.TDSFlowTest.brwPreAreq(TDSFlowTest.java:176)
	at sun.reflect.GeneratedMethodAccessor36.invoke(Unknown Source)
	at sun.reflect.DelegatingMethodAccessorImpl.invoke(DelegatingMethodAccessorImpl.java:43)
	at java.lang.reflect.Method.invoke(Method.java:498)
	at org.testng.internal.MethodInvocationHelper.invokeMethod(MethodInvocationHelper.java:85)
	at org.testng.internal.Invoker.invokeMethod(Invoker.java:639)
	at org.testng.internal.Invoker.invokeTestMethod(Invoker.java:821)
	at org.testng.internal.Invoker.invokeTestMethods(Invoker.java:1131)
	at org.testng.internal.TestMethodWorker.invokeTestMethods(TestMethodWorker.java:124)
	at org.testng.internal.TestMethodWorker.run(TestMethodWorker.java:108)
	at java.util.concurrent.ThreadPoolExecutor.runWorker(ThreadPoolExecutor.java:1149)
	at java.util.concurrent.ThreadPoolExecutor$Worker.run(ThreadPoolExecutor.java:624)
	at java.lang.Thread.run(Thread.java:748)
</pre></div></td>
<td>0</td>
<td>com.ca.tds.main.TDSFlowTest@6d2d99fc</td></tr>
<tr>
<td title='com.ca.tds.main.TDSFlowTest.brwPreAreq()'><b>brwPreAreq</b><br>Test class: com.ca.tds.main.TDSFlowTest</td>
<td><div><pre>java.lang.AssertionError: ARes response json schema validation failed.&lt;br&gt;expected minLength: 17, actual: 4&lt;br&gt; api response : {&quot;acsTransID&quot;:&quot;e554f707-431c-4e55-933b-9b8274602aac&quot;,&quot;dsName&quot;:&quot;visa&quot;,&quot;eci&quot;:&quot;07&quot;,&quot;callerTxnRefID&quot;:&quot;341b7153-da86-4543-860f-2ba47f0168a5&quot;,&quot;dsReferenceNumber&quot;:&quot;CADS&quot;,&quot;acsReferenceNumber&quot;:&quot;ABCDEF987654321&quot;,&quot;messageType&quot;:&quot;ARes&quot;,&quot;dsTransID&quot;:&quot;a14fdb2d-683a-4668-911a-fab99a3ee4a6&quot;,&quot;transStatusReason&quot;:&quot;09&quot;,&quot;acsOperatorID&quot;:&quot;ACS_OPERATOR_ID&quot;,&quot;messageVersion&quot;:&quot;2.1.0&quot;,&quot;transStatus&quot;:&quot;R&quot;,&quot;threeDSServerTransID&quot;:&quot;581be350-3fb8-46ca-90f8-49815e6445af&quot;}
	at com.ca.tds.main.TDSFlowTest.brwPreAreq(TDSFlowTest.java:176)
	at java.util.concurrent.ThreadPoolExecutor.runWorker(ThreadPoolExecutor.java:1149)
	at java.util.concurrent.ThreadPoolExecutor$Worker.run(ThreadPoolExecutor.java:624)
	at java.lang.Thread.run(Thread.java:748)
... Removed 10 stack frames</pre></div><a href='#' onClick='toggleBox("stack-trace1777471901", this, "Click to show all stack frames", "Click to hide stack frames")'>Click to show all stack frames</a>
<div class='stack-trace' id='stack-trace1777471901'><pre>java.lang.AssertionError: ARes response json schema validation failed.&lt;br&gt;expected minLength: 17, actual: 4&lt;br&gt; api response : {&quot;acsTransID&quot;:&quot;e554f707-431c-4e55-933b-9b8274602aac&quot;,&quot;dsName&quot;:&quot;visa&quot;,&quot;eci&quot;:&quot;07&quot;,&quot;callerTxnRefID&quot;:&quot;341b7153-da86-4543-860f-2ba47f0168a5&quot;,&quot;dsReferenceNumber&quot;:&quot;CADS&quot;,&quot;acsReferenceNumber&quot;:&quot;ABCDEF987654321&quot;,&quot;messageType&quot;:&quot;ARes&quot;,&quot;dsTransID&quot;:&quot;a14fdb2d-683a-4668-911a-fab99a3ee4a6&quot;,&quot;transStatusReason&quot;:&quot;09&quot;,&quot;acsOperatorID&quot;:&quot;ACS_OPERATOR_ID&quot;,&quot;messageVersion&quot;:&quot;2.1.0&quot;,&quot;transStatus&quot;:&quot;R&quot;,&quot;threeDSServerTransID&quot;:&quot;581be350-3fb8-46ca-90f8-49815e6445af&quot;}
	at org.testng.Assert.fail(Assert.java:94)
	at com.ca.tds.main.TDSFlowTest.brwPreAreq(TDSFlowTest.java:176)
	at sun.reflect.GeneratedMethodAccessor36.invoke(Unknown Source)
	at sun.reflect.DelegatingMethodAccessorImpl.invoke(DelegatingMethodAccessorImpl.java:43)
	at java.lang.reflect.Method.invoke(Method.java:498)
	at org.testng.internal.MethodInvocationHelper.invokeMethod(MethodInvocationHelper.java:85)
	at org.testng.internal.Invoker.invokeMethod(Invoker.java:639)
	at org.testng.internal.Invoker.invokeTestMethod(Invoker.java:821)
	at org.testng.internal.Invoker.invokeTestMethods(Invoker.java:1131)
	at org.testng.internal.TestMethodWorker.invokeTestMethods(TestMethodWorker.java:124)
	at org.testng.internal.TestMethodWorker.run(TestMethodWorker.java:108)
	at java.util.concurrent.ThreadPoolExecutor.runWorker(ThreadPoolExecutor.java:1149)
	at java.util.concurrent.ThreadPoolExecutor$Worker.run(ThreadPoolExecutor.java:624)
	at java.lang.Thread.run(Thread.java:748)
</pre></div></td>
<td>0</td>
<td>com.ca.tds.main.TDSFlowTest@25b865b5</td></tr>
<tr>
<td title='com.ca.tds.main.TDSFlowTest.brwPreAreq()'><b>brwPreAreq</b><br>Test class: com.ca.tds.main.TDSFlowTest</td>
<td><div><pre>java.lang.AssertionError: ARes response json schema validation failed.&lt;br&gt;expected minLength: 17, actual: 4&lt;br&gt; api response : {&quot;acsTransID&quot;:&quot;4059e639-3d78-4c83-964c-89a430cc7950&quot;,&quot;dsName&quot;:&quot;visa&quot;,&quot;eci&quot;:&quot;07&quot;,&quot;callerTxnRefID&quot;:&quot;341b7153-da86-4543-860f-2ba47f0168a5&quot;,&quot;dsReferenceNumber&quot;:&quot;CADS&quot;,&quot;acsReferenceNumber&quot;:&quot;ABCDEF987654321&quot;,&quot;messageType&quot;:&quot;ARes&quot;,&quot;dsTransID&quot;:&quot;63a134ee-75f6-4351-8f76-826c4e1879a5&quot;,&quot;transStatusReason&quot;:&quot;09&quot;,&quot;acsOperatorID&quot;:&quot;ACS_OPERATOR_ID&quot;,&quot;messageVersion&quot;:&quot;2.1.0&quot;,&quot;transStatus&quot;:&quot;R&quot;,&quot;threeDSServerTransID&quot;:&quot;8168b631-7171-4dca-89b2-8431f08d69a9&quot;}
	at com.ca.tds.main.TDSFlowTest.brwPreAreq(TDSFlowTest.java:176)
	at java.util.concurrent.ThreadPoolExecutor.runWorker(ThreadPoolExecutor.java:1149)
	at java.util.concurrent.ThreadPoolExecutor$Worker.run(ThreadPoolExecutor.java:624)
	at java.lang.Thread.run(Thread.java:748)
... Removed 10 stack frames</pre></div><a href='#' onClick='toggleBox("stack-trace1539815990", this, "Click to show all stack frames", "Click to hide stack frames")'>Click to show all stack frames</a>
<div class='stack-trace' id='stack-trace1539815990'><pre>java.lang.AssertionError: ARes response json schema validation failed.&lt;br&gt;expected minLength: 17, actual: 4&lt;br&gt; api response : {&quot;acsTransID&quot;:&quot;4059e639-3d78-4c83-964c-89a430cc7950&quot;,&quot;dsName&quot;:&quot;visa&quot;,&quot;eci&quot;:&quot;07&quot;,&quot;callerTxnRefID&quot;:&quot;341b7153-da86-4543-860f-2ba47f0168a5&quot;,&quot;dsReferenceNumber&quot;:&quot;CADS&quot;,&quot;acsReferenceNumber&quot;:&quot;ABCDEF987654321&quot;,&quot;messageType&quot;:&quot;ARes&quot;,&quot;dsTransID&quot;:&quot;63a134ee-75f6-4351-8f76-826c4e1879a5&quot;,&quot;transStatusReason&quot;:&quot;09&quot;,&quot;acsOperatorID&quot;:&quot;ACS_OPERATOR_ID&quot;,&quot;messageVersion&quot;:&quot;2.1.0&quot;,&quot;transStatus&quot;:&quot;R&quot;,&quot;threeDSServerTransID&quot;:&quot;8168b631-7171-4dca-89b2-8431f08d69a9&quot;}
	at org.testng.Assert.fail(Assert.java:94)
	at com.ca.tds.main.TDSFlowTest.brwPreAreq(TDSFlowTest.java:176)
	at sun.reflect.GeneratedMethodAccessor36.invoke(Unknown Source)
	at sun.reflect.DelegatingMethodAccessorImpl.invoke(DelegatingMethodAccessorImpl.java:43)
	at java.lang.reflect.Method.invoke(Method.java:498)
	at org.testng.internal.MethodInvocationHelper.invokeMethod(MethodInvocationHelper.java:85)
	at org.testng.internal.Invoker.invokeMethod(Invoker.java:639)
	at org.testng.internal.Invoker.invokeTestMethod(Invoker.java:821)
	at org.testng.internal.Invoker.invokeTestMethods(Invoker.java:1131)
	at org.testng.internal.TestMethodWorker.invokeTestMethods(TestMethodWorker.java:124)
	at org.testng.internal.TestMethodWorker.run(TestMethodWorker.java:108)
	at java.util.concurrent.ThreadPoolExecutor.runWorker(ThreadPoolExecutor.java:1149)
	at java.util.concurrent.ThreadPoolExecutor$Worker.run(ThreadPoolExecutor.java:624)
	at java.lang.Thread.run(Thread.java:748)
</pre></div></td>
<td>0</td>
<td>com.ca.tds.main.TDSFlowTest@1e6308a9</td></tr>
<tr>
<td title='com.ca.tds.main.TDSFlowTest.brwPreAreq()'><b>brwPreAreq</b><br>Test class: com.ca.tds.main.TDSFlowTest</td>
<td><div><pre>java.lang.AssertionError: ARes response json schema validation failed.&lt;br&gt;expected minLength: 17, actual: 4&lt;br&gt; api response : {&quot;acsTransID&quot;:&quot;ef408ff3-8fb3-483d-bca4-818163c22175&quot;,&quot;dsName&quot;:&quot;visa&quot;,&quot;eci&quot;:&quot;07&quot;,&quot;callerTxnRefID&quot;:&quot;341b7153-da86-4543-860f-2ba47f0168a5&quot;,&quot;dsReferenceNumber&quot;:&quot;CADS&quot;,&quot;acsReferenceNumber&quot;:&quot;ABCDEF987654321&quot;,&quot;messageType&quot;:&quot;ARes&quot;,&quot;dsTransID&quot;:&quot;bdd5cc4f-c271-4519-aca9-2b44e914e1a7&quot;,&quot;transStatusReason&quot;:&quot;09&quot;,&quot;acsOperatorID&quot;:&quot;ACS_OPERATOR_ID&quot;,&quot;messageVersion&quot;:&quot;2.1.0&quot;,&quot;transStatus&quot;:&quot;R&quot;,&quot;threeDSServerTransID&quot;:&quot;73ab5e0e-4b74-4e66-ab41-53a723540961&quot;}
	at com.ca.tds.main.TDSFlowTest.brwPreAreq(TDSFlowTest.java:176)
	at java.util.concurrent.ThreadPoolExecutor.runWorker(ThreadPoolExecutor.java:1149)
	at java.util.concurrent.ThreadPoolExecutor$Worker.run(ThreadPoolExecutor.java:624)
	at java.lang.Thread.run(Thread.java:748)
... Removed 10 stack frames</pre></div><a href='#' onClick='toggleBox("stack-trace1170955255", this, "Click to show all stack frames", "Click to hide stack frames")'>Click to show all stack frames</a>
<div class='stack-trace' id='stack-trace1170955255'><pre>java.lang.AssertionError: ARes response json schema validation failed.&lt;br&gt;expected minLength: 17, actual: 4&lt;br&gt; api response : {&quot;acsTransID&quot;:&quot;ef408ff3-8fb3-483d-bca4-818163c22175&quot;,&quot;dsName&quot;:&quot;visa&quot;,&quot;eci&quot;:&quot;07&quot;,&quot;callerTxnRefID&quot;:&quot;341b7153-da86-4543-860f-2ba47f0168a5&quot;,&quot;dsReferenceNumber&quot;:&quot;CADS&quot;,&quot;acsReferenceNumber&quot;:&quot;ABCDEF987654321&quot;,&quot;messageType&quot;:&quot;ARes&quot;,&quot;dsTransID&quot;:&quot;bdd5cc4f-c271-4519-aca9-2b44e914e1a7&quot;,&quot;transStatusReason&quot;:&quot;09&quot;,&quot;acsOperatorID&quot;:&quot;ACS_OPERATOR_ID&quot;,&quot;messageVersion&quot;:&quot;2.1.0&quot;,&quot;transStatus&quot;:&quot;R&quot;,&quot;threeDSServerTransID&quot;:&quot;73ab5e0e-4b74-4e66-ab41-53a723540961&quot;}
	at org.testng.Assert.fail(Assert.java:94)
	at com.ca.tds.main.TDSFlowTest.brwPreAreq(TDSFlowTest.java:176)
	at sun.reflect.GeneratedMethodAccessor36.invoke(Unknown Source)
	at sun.reflect.DelegatingMethodAccessorImpl.invoke(DelegatingMethodAccessorImpl.java:43)
	at java.lang.reflect.Method.invoke(Method.java:498)
	at org.testng.internal.MethodInvocationHelper.invokeMethod(MethodInvocationHelper.java:85)
	at org.testng.internal.Invoker.invokeMethod(Invoker.java:639)
	at org.testng.internal.Invoker.invokeTestMethod(Invoker.java:821)
	at org.testng.internal.Invoker.invokeTestMethods(Invoker.java:1131)
	at org.testng.internal.TestMethodWorker.invokeTestMethods(TestMethodWorker.java:124)
	at org.testng.internal.TestMethodWorker.run(TestMethodWorker.java:108)
	at java.util.concurrent.ThreadPoolExecutor.runWorker(ThreadPoolExecutor.java:1149)
	at java.util.concurrent.ThreadPoolExecutor$Worker.run(ThreadPoolExecutor.java:624)
	at java.lang.Thread.run(Thread.java:748)
</pre></div></td>
<td>0</td>
<td>com.ca.tds.main.TDSFlowTest@f9b5552</td></tr>
<tr>
<td title='com.ca.tds.main.TDSFlowTest.brwPreAreq()'><b>brwPreAreq</b><br>Test class: com.ca.tds.main.TDSFlowTest</td>
<td><div><pre>java.lang.AssertionError: ARes response json schema validation failed.&lt;br&gt;expected minLength: 17, actual: 4&lt;br&gt; api response : {&quot;acsTransID&quot;:&quot;8415d467-8521-41ae-b3a9-18e4f7ebce66&quot;,&quot;dsName&quot;:&quot;visa&quot;,&quot;eci&quot;:&quot;07&quot;,&quot;callerTxnRefID&quot;:&quot;341b7153-da86-4543-860f-2ba47f0168a5&quot;,&quot;dsReferenceNumber&quot;:&quot;CADS&quot;,&quot;acsReferenceNumber&quot;:&quot;ABCDEF987654321&quot;,&quot;messageType&quot;:&quot;ARes&quot;,&quot;dsTransID&quot;:&quot;693b8b6e-ee1f-4f2e-86bb-82378a430db0&quot;,&quot;transStatusReason&quot;:&quot;09&quot;,&quot;acsOperatorID&quot;:&quot;ACS_OPERATOR_ID&quot;,&quot;messageVersion&quot;:&quot;2.1.0&quot;,&quot;transStatus&quot;:&quot;R&quot;,&quot;threeDSServerTransID&quot;:&quot;b128b933-878f-45a7-af48-b19703842a8e&quot;}
	at com.ca.tds.main.TDSFlowTest.brwPreAreq(TDSFlowTest.java:176)
	at java.util.concurrent.ThreadPoolExecutor.runWorker(ThreadPoolExecutor.java:1149)
	at java.util.concurrent.ThreadPoolExecutor$Worker.run(ThreadPoolExecutor.java:624)
	at java.lang.Thread.run(Thread.java:748)
... Removed 10 stack frames</pre></div><a href='#' onClick='toggleBox("stack-trace846698808", this, "Click to show all stack frames", "Click to hide stack frames")'>Click to show all stack frames</a>
<div class='stack-trace' id='stack-trace846698808'><pre>java.lang.AssertionError: ARes response json schema validation failed.&lt;br&gt;expected minLength: 17, actual: 4&lt;br&gt; api response : {&quot;acsTransID&quot;:&quot;8415d467-8521-41ae-b3a9-18e4f7ebce66&quot;,&quot;dsName&quot;:&quot;visa&quot;,&quot;eci&quot;:&quot;07&quot;,&quot;callerTxnRefID&quot;:&quot;341b7153-da86-4543-860f-2ba47f0168a5&quot;,&quot;dsReferenceNumber&quot;:&quot;CADS&quot;,&quot;acsReferenceNumber&quot;:&quot;ABCDEF987654321&quot;,&quot;messageType&quot;:&quot;ARes&quot;,&quot;dsTransID&quot;:&quot;693b8b6e-ee1f-4f2e-86bb-82378a430db0&quot;,&quot;transStatusReason&quot;:&quot;09&quot;,&quot;acsOperatorID&quot;:&quot;ACS_OPERATOR_ID&quot;,&quot;messageVersion&quot;:&quot;2.1.0&quot;,&quot;transStatus&quot;:&quot;R&quot;,&quot;threeDSServerTransID&quot;:&quot;b128b933-878f-45a7-af48-b19703842a8e&quot;}
	at org.testng.Assert.fail(Assert.java:94)
	at com.ca.tds.main.TDSFlowTest.brwPreAreq(TDSFlowTest.java:176)
	at sun.reflect.GeneratedMethodAccessor36.invoke(Unknown Source)
	at sun.reflect.DelegatingMethodAccessorImpl.invoke(DelegatingMethodAccessorImpl.java:43)
	at java.lang.reflect.Method.invoke(Method.java:498)
	at org.testng.internal.MethodInvocationHelper.invokeMethod(MethodInvocationHelper.java:85)
	at org.testng.internal.Invoker.invokeMethod(Invoker.java:639)
	at org.testng.internal.Invoker.invokeTestMethod(Invoker.java:821)
	at org.testng.internal.Invoker.invokeTestMethods(Invoker.java:1131)
	at org.testng.internal.TestMethodWorker.invokeTestMethods(TestMethodWorker.java:124)
	at org.testng.internal.TestMethodWorker.run(TestMethodWorker.java:108)
	at java.util.concurrent.ThreadPoolExecutor.runWorker(ThreadPoolExecutor.java:1149)
	at java.util.concurrent.ThreadPoolExecutor$Worker.run(ThreadPoolExecutor.java:624)
	at java.lang.Thread.run(Thread.java:748)
</pre></div></td>
<td>0</td>
<td>com.ca.tds.main.TDSFlowTest@3a095ec0</td></tr>
<tr>
<td title='com.ca.tds.main.TDSFlowTest.brwPreAreq()'><b>brwPreAreq</b><br>Test class: com.ca.tds.main.TDSFlowTest</td>
<td><div><pre>java.lang.AssertionError: ARes response json schema validation failed.&lt;br&gt;expected minLength: 17, actual: 4&lt;br&gt; api response : {&quot;acsTransID&quot;:&quot;1b39ee9f-9fb9-4d40-a6c2-b0b3b5e484b4&quot;,&quot;dsName&quot;:&quot;visa&quot;,&quot;eci&quot;:&quot;07&quot;,&quot;callerTxnRefID&quot;:&quot;341b7153-da86-4543-860f-2ba47f0168a5&quot;,&quot;dsReferenceNumber&quot;:&quot;CADS&quot;,&quot;acsReferenceNumber&quot;:&quot;ABCDEF987654321&quot;,&quot;messageType&quot;:&quot;ARes&quot;,&quot;dsTransID&quot;:&quot;03fd1142-9f59-40bf-88e3-acfca4a1a007&quot;,&quot;transStatusReason&quot;:&quot;09&quot;,&quot;acsOperatorID&quot;:&quot;ACS_OPERATOR_ID&quot;,&quot;messageVersion&quot;:&quot;2.1.0&quot;,&quot;transStatus&quot;:&quot;R&quot;,&quot;threeDSServerTransID&quot;:&quot;4b333292-3a2a-4ca5-aa34-4fb1a3d8bab2&quot;}
	at com.ca.tds.main.TDSFlowTest.brwPreAreq(TDSFlowTest.java:176)
	at java.util.concurrent.ThreadPoolExecutor.runWorker(ThreadPoolExecutor.java:1149)
	at java.util.concurrent.ThreadPoolExecutor$Worker.run(ThreadPoolExecutor.java:624)
	at java.lang.Thread.run(Thread.java:748)
... Removed 10 stack frames</pre></div><a href='#' onClick='toggleBox("stack-trace289778235", this, "Click to show all stack frames", "Click to hide stack frames")'>Click to show all stack frames</a>
<div class='stack-trace' id='stack-trace289778235'><pre>java.lang.AssertionError: ARes response json schema validation failed.&lt;br&gt;expected minLength: 17, actual: 4&lt;br&gt; api response : {&quot;acsTransID&quot;:&quot;1b39ee9f-9fb9-4d40-a6c2-b0b3b5e484b4&quot;,&quot;dsName&quot;:&quot;visa&quot;,&quot;eci&quot;:&quot;07&quot;,&quot;callerTxnRefID&quot;:&quot;341b7153-da86-4543-860f-2ba47f0168a5&quot;,&quot;dsReferenceNumber&quot;:&quot;CADS&quot;,&quot;acsReferenceNumber&quot;:&quot;ABCDEF987654321&quot;,&quot;messageType&quot;:&quot;ARes&quot;,&quot;dsTransID&quot;:&quot;03fd1142-9f59-40bf-88e3-acfca4a1a007&quot;,&quot;transStatusReason&quot;:&quot;09&quot;,&quot;acsOperatorID&quot;:&quot;ACS_OPERATOR_ID&quot;,&quot;messageVersion&quot;:&quot;2.1.0&quot;,&quot;transStatus&quot;:&quot;R&quot;,&quot;threeDSServerTransID&quot;:&quot;4b333292-3a2a-4ca5-aa34-4fb1a3d8bab2&quot;}
	at org.testng.Assert.fail(Assert.java:94)
	at com.ca.tds.main.TDSFlowTest.brwPreAreq(TDSFlowTest.java:176)
	at sun.reflect.GeneratedMethodAccessor36.invoke(Unknown Source)
	at sun.reflect.DelegatingMethodAccessorImpl.invoke(DelegatingMethodAccessorImpl.java:43)
	at java.lang.reflect.Method.invoke(Method.java:498)
	at org.testng.internal.MethodInvocationHelper.invokeMethod(MethodInvocationHelper.java:85)
	at org.testng.internal.Invoker.invokeMethod(Invoker.java:639)
	at org.testng.internal.Invoker.invokeTestMethod(Invoker.java:821)
	at org.testng.internal.Invoker.invokeTestMethods(Invoker.java:1131)
	at org.testng.internal.TestMethodWorker.invokeTestMethods(TestMethodWorker.java:124)
	at org.testng.internal.TestMethodWorker.run(TestMethodWorker.java:108)
	at java.util.concurrent.ThreadPoolExecutor.runWorker(ThreadPoolExecutor.java:1149)
	at java.util.concurrent.ThreadPoolExecutor$Worker.run(ThreadPoolExecutor.java:624)
	at java.lang.Thread.run(Thread.java:748)
</pre></div></td>
<td>0</td>
<td>com.ca.tds.main.TDSFlowTest@54da32dc</td></tr>
<tr>
<td title='com.ca.tds.main.TDSFlowTest.brwPreAreq()'><b>brwPreAreq</b><br>Test class: com.ca.tds.main.TDSFlowTest</td>
<td><div><pre>java.lang.AssertionError: ARes response json schema validation failed.&lt;br&gt;expected minLength: 17, actual: 4&lt;br&gt; api response : {&quot;acsTransID&quot;:&quot;828d7163-3e95-4f7c-aede-74ae813707c0&quot;,&quot;dsName&quot;:&quot;visa&quot;,&quot;eci&quot;:&quot;07&quot;,&quot;callerTxnRefID&quot;:&quot;341b7153-da86-4543-860f-2ba47f0168a5&quot;,&quot;dsReferenceNumber&quot;:&quot;CADS&quot;,&quot;acsReferenceNumber&quot;:&quot;ABCDEF987654321&quot;,&quot;messageType&quot;:&quot;ARes&quot;,&quot;dsTransID&quot;:&quot;6788dbad-2b5a-4550-a56e-65713718fc81&quot;,&quot;transStatusReason&quot;:&quot;09&quot;,&quot;acsOperatorID&quot;:&quot;ACS_OPERATOR_ID&quot;,&quot;messageVersion&quot;:&quot;2.1.0&quot;,&quot;transStatus&quot;:&quot;R&quot;,&quot;threeDSServerTransID&quot;:&quot;eb0ddc4c-95f6-4ea4-82bb-833dd0e04312&quot;}
	at com.ca.tds.main.TDSFlowTest.brwPreAreq(TDSFlowTest.java:176)
	at java.util.concurrent.ThreadPoolExecutor.runWorker(ThreadPoolExecutor.java:1149)
	at java.util.concurrent.ThreadPoolExecutor$Worker.run(ThreadPoolExecutor.java:624)
	at java.lang.Thread.run(Thread.java:748)
... Removed 10 stack frames</pre></div><a href='#' onClick='toggleBox("stack-trace1139216360", this, "Click to show all stack frames", "Click to hide stack frames")'>Click to show all stack frames</a>
<div class='stack-trace' id='stack-trace1139216360'><pre>java.lang.AssertionError: ARes response json schema validation failed.&lt;br&gt;expected minLength: 17, actual: 4&lt;br&gt; api response : {&quot;acsTransID&quot;:&quot;828d7163-3e95-4f7c-aede-74ae813707c0&quot;,&quot;dsName&quot;:&quot;visa&quot;,&quot;eci&quot;:&quot;07&quot;,&quot;callerTxnRefID&quot;:&quot;341b7153-da86-4543-860f-2ba47f0168a5&quot;,&quot;dsReferenceNumber&quot;:&quot;CADS&quot;,&quot;acsReferenceNumber&quot;:&quot;ABCDEF987654321&quot;,&quot;messageType&quot;:&quot;ARes&quot;,&quot;dsTransID&quot;:&quot;6788dbad-2b5a-4550-a56e-65713718fc81&quot;,&quot;transStatusReason&quot;:&quot;09&quot;,&quot;acsOperatorID&quot;:&quot;ACS_OPERATOR_ID&quot;,&quot;messageVersion&quot;:&quot;2.1.0&quot;,&quot;transStatus&quot;:&quot;R&quot;,&quot;threeDSServerTransID&quot;:&quot;eb0ddc4c-95f6-4ea4-82bb-833dd0e04312&quot;}
	at org.testng.Assert.fail(Assert.java:94)
	at com.ca.tds.main.TDSFlowTest.brwPreAreq(TDSFlowTest.java:176)
	at sun.reflect.GeneratedMethodAccessor36.invoke(Unknown Source)
	at sun.reflect.DelegatingMethodAccessorImpl.invoke(DelegatingMethodAccessorImpl.java:43)
	at java.lang.reflect.Method.invoke(Method.java:498)
	at org.testng.internal.MethodInvocationHelper.invokeMethod(MethodInvocationHelper.java:85)
	at org.testng.internal.Invoker.invokeMethod(Invoker.java:639)
	at org.testng.internal.Invoker.invokeTestMethod(Invoker.java:821)
	at org.testng.internal.Invoker.invokeTestMethods(Invoker.java:1131)
	at org.testng.internal.TestMethodWorker.invokeTestMethods(TestMethodWorker.java:124)
	at org.testng.internal.TestMethodWorker.run(TestMethodWorker.java:108)
	at java.util.concurrent.ThreadPoolExecutor.runWorker(ThreadPoolExecutor.java:1149)
	at java.util.concurrent.ThreadPoolExecutor$Worker.run(ThreadPoolExecutor.java:624)
	at java.lang.Thread.run(Thread.java:748)
</pre></div></td>
<td>0</td>
<td>com.ca.tds.main.TDSFlowTest@27b22f74</td></tr>
<tr>
<td title='com.ca.tds.main.TDSFlowTest.brwPreAreq()'><b>brwPreAreq</b><br>Test class: com.ca.tds.main.TDSFlowTest</td>
<td><div><pre>java.lang.AssertionError: ARes response json schema validation failed.&lt;br&gt;expected minLength: 17, actual: 4&lt;br&gt; api response : {&quot;acsTransID&quot;:&quot;1537dc08-2d7a-49b4-a103-ea5a0a2a44e8&quot;,&quot;dsName&quot;:&quot;visa&quot;,&quot;eci&quot;:&quot;07&quot;,&quot;callerTxnRefID&quot;:&quot;341b7153-da86-4543-860f-2ba47f0168a5&quot;,&quot;dsReferenceNumber&quot;:&quot;CADS&quot;,&quot;acsReferenceNumber&quot;:&quot;ABCDEF987654321&quot;,&quot;messageType&quot;:&quot;ARes&quot;,&quot;dsTransID&quot;:&quot;892e7c99-778a-45e7-a44d-717ed790c977&quot;,&quot;transStatusReason&quot;:&quot;09&quot;,&quot;acsOperatorID&quot;:&quot;ACS_OPERATOR_ID&quot;,&quot;messageVersion&quot;:&quot;2.1.0&quot;,&quot;transStatus&quot;:&quot;R&quot;,&quot;threeDSServerTransID&quot;:&quot;1cc45ed2-4051-4a33-8861-52322d87dbe5&quot;}
	at com.ca.tds.main.TDSFlowTest.brwPreAreq(TDSFlowTest.java:176)
	at java.util.concurrent.ThreadPoolExecutor.runWorker(ThreadPoolExecutor.java:1149)
	at java.util.concurrent.ThreadPoolExecutor$Worker.run(ThreadPoolExecutor.java:624)
	at java.lang.Thread.run(Thread.java:748)
... Removed 10 stack frames</pre></div><a href='#' onClick='toggleBox("stack-trace1428858161", this, "Click to show all stack frames", "Click to hide stack frames")'>Click to show all stack frames</a>
<div class='stack-trace' id='stack-trace1428858161'><pre>java.lang.AssertionError: ARes response json schema validation failed.&lt;br&gt;expected minLength: 17, actual: 4&lt;br&gt; api response : {&quot;acsTransID&quot;:&quot;1537dc08-2d7a-49b4-a103-ea5a0a2a44e8&quot;,&quot;dsName&quot;:&quot;visa&quot;,&quot;eci&quot;:&quot;07&quot;,&quot;callerTxnRefID&quot;:&quot;341b7153-da86-4543-860f-2ba47f0168a5&quot;,&quot;dsReferenceNumber&quot;:&quot;CADS&quot;,&quot;acsReferenceNumber&quot;:&quot;ABCDEF987654321&quot;,&quot;messageType&quot;:&quot;ARes&quot;,&quot;dsTransID&quot;:&quot;892e7c99-778a-45e7-a44d-717ed790c977&quot;,&quot;transStatusReason&quot;:&quot;09&quot;,&quot;acsOperatorID&quot;:&quot;ACS_OPERATOR_ID&quot;,&quot;messageVersion&quot;:&quot;2.1.0&quot;,&quot;transStatus&quot;:&quot;R&quot;,&quot;threeDSServerTransID&quot;:&quot;1cc45ed2-4051-4a33-8861-52322d87dbe5&quot;}
	at org.testng.Assert.fail(Assert.java:94)
	at com.ca.tds.main.TDSFlowTest.brwPreAreq(TDSFlowTest.java:176)
	at sun.reflect.GeneratedMethodAccessor36.invoke(Unknown Source)
	at sun.reflect.DelegatingMethodAccessorImpl.invoke(DelegatingMethodAccessorImpl.java:43)
	at java.lang.reflect.Method.invoke(Method.java:498)
	at org.testng.internal.MethodInvocationHelper.invokeMethod(MethodInvocationHelper.java:85)
	at org.testng.internal.Invoker.invokeMethod(Invoker.java:639)
	at org.testng.internal.Invoker.invokeTestMethod(Invoker.java:821)
	at org.testng.internal.Invoker.invokeTestMethods(Invoker.java:1131)
	at org.testng.internal.TestMethodWorker.invokeTestMethods(TestMethodWorker.java:124)
	at org.testng.internal.TestMethodWorker.run(TestMethodWorker.java:108)
	at java.util.concurrent.ThreadPoolExecutor.runWorker(ThreadPoolExecutor.java:1149)
	at java.util.concurrent.ThreadPoolExecutor$Worker.run(ThreadPoolExecutor.java:624)
	at java.lang.Thread.run(Thread.java:748)
</pre></div></td>
<td>0</td>
<td>com.ca.tds.main.TDSFlowTest@1d782abe</td></tr>
<tr>
<td title='com.ca.tds.main.TDSFlowTest.brwPreAreq()'><b>brwPreAreq</b><br>Test class: com.ca.tds.main.TDSFlowTest</td>
<td><div><pre>java.lang.AssertionError: ARes response json schema validation failed.&lt;br&gt;expected minLength: 17, actual: 4&lt;br&gt; api response : {&quot;acsTransID&quot;:&quot;64891d59-7007-419e-bc63-9669c0a0ed33&quot;,&quot;dsName&quot;:&quot;visa&quot;,&quot;eci&quot;:&quot;07&quot;,&quot;callerTxnRefID&quot;:&quot;341b7153-da86-4543-860f-2ba47f0168a5&quot;,&quot;dsReferenceNumber&quot;:&quot;CADS&quot;,&quot;acsReferenceNumber&quot;:&quot;ABCDEF987654321&quot;,&quot;messageType&quot;:&quot;ARes&quot;,&quot;dsTransID&quot;:&quot;57f823ce-d0eb-4f83-be32-beab93e1e109&quot;,&quot;transStatusReason&quot;:&quot;09&quot;,&quot;acsOperatorID&quot;:&quot;ACS_OPERATOR_ID&quot;,&quot;messageVersion&quot;:&quot;2.1.0&quot;,&quot;transStatus&quot;:&quot;R&quot;,&quot;threeDSServerTransID&quot;:&quot;2fd42e0b-06ed-4280-9b2e-4f2b19429bc0&quot;}
	at com.ca.tds.main.TDSFlowTest.brwPreAreq(TDSFlowTest.java:176)
	at java.util.concurrent.ThreadPoolExecutor.runWorker(ThreadPoolExecutor.java:1149)
	at java.util.concurrent.ThreadPoolExecutor$Worker.run(ThreadPoolExecutor.java:624)
	at java.lang.Thread.run(Thread.java:748)
... Removed 10 stack frames</pre></div><a href='#' onClick='toggleBox("stack-trace58436951", this, "Click to show all stack frames", "Click to hide stack frames")'>Click to show all stack frames</a>
<div class='stack-trace' id='stack-trace58436951'><pre>java.lang.AssertionError: ARes response json schema validation failed.&lt;br&gt;expected minLength: 17, actual: 4&lt;br&gt; api response : {&quot;acsTransID&quot;:&quot;64891d59-7007-419e-bc63-9669c0a0ed33&quot;,&quot;dsName&quot;:&quot;visa&quot;,&quot;eci&quot;:&quot;07&quot;,&quot;callerTxnRefID&quot;:&quot;341b7153-da86-4543-860f-2ba47f0168a5&quot;,&quot;dsReferenceNumber&quot;:&quot;CADS&quot;,&quot;acsReferenceNumber&quot;:&quot;ABCDEF987654321&quot;,&quot;messageType&quot;:&quot;ARes&quot;,&quot;dsTransID&quot;:&quot;57f823ce-d0eb-4f83-be32-beab93e1e109&quot;,&quot;transStatusReason&quot;:&quot;09&quot;,&quot;acsOperatorID&quot;:&quot;ACS_OPERATOR_ID&quot;,&quot;messageVersion&quot;:&quot;2.1.0&quot;,&quot;transStatus&quot;:&quot;R&quot;,&quot;threeDSServerTransID&quot;:&quot;2fd42e0b-06ed-4280-9b2e-4f2b19429bc0&quot;}
	at org.testng.Assert.fail(Assert.java:94)
	at com.ca.tds.main.TDSFlowTest.brwPreAreq(TDSFlowTest.java:176)
	at sun.reflect.GeneratedMethodAccessor36.invoke(Unknown Source)
	at sun.reflect.DelegatingMethodAccessorImpl.invoke(DelegatingMethodAccessorImpl.java:43)
	at java.lang.reflect.Method.invoke(Method.java:498)
	at org.testng.internal.MethodInvocationHelper.invokeMethod(MethodInvocationHelper.java:85)
	at org.testng.internal.Invoker.invokeMethod(Invoker.java:639)
	at org.testng.internal.Invoker.invokeTestMethod(Invoker.java:821)
	at org.testng.internal.Invoker.invokeTestMethods(Invoker.java:1131)
	at org.testng.internal.TestMethodWorker.invokeTestMethods(TestMethodWorker.java:124)
	at org.testng.internal.TestMethodWorker.run(TestMethodWorker.java:108)
	at java.util.concurrent.ThreadPoolExecutor.runWorker(ThreadPoolExecutor.java:1149)
	at java.util.concurrent.ThreadPoolExecutor$Worker.run(ThreadPoolExecutor.java:624)
	at java.lang.Thread.run(Thread.java:748)
</pre></div></td>
<td>0</td>
<td>com.ca.tds.main.TDSFlowTest@21f9277b</td></tr>
<tr>
<td title='com.ca.tds.main.TDSFlowTest.brwPreAreq()'><b>brwPreAreq</b><br>Test class: com.ca.tds.main.TDSFlowTest</td>
<td><div><pre>java.lang.AssertionError: ARes response json schema validation failed.&lt;br&gt;expected minLength: 17, actual: 4&lt;br&gt; api response : {&quot;acsTransID&quot;:&quot;5167cb13-e81c-49ef-86bc-c93c14a65b4b&quot;,&quot;dsName&quot;:&quot;visa&quot;,&quot;eci&quot;:&quot;07&quot;,&quot;callerTxnRefID&quot;:&quot;341b7153-da86-4543-860f-2ba47f0168a5&quot;,&quot;dsReferenceNumber&quot;:&quot;CADS&quot;,&quot;acsReferenceNumber&quot;:&quot;ABCDEF987654321&quot;,&quot;messageType&quot;:&quot;ARes&quot;,&quot;dsTransID&quot;:&quot;b1138ee3-bf98-46fd-86d3-b10b68123007&quot;,&quot;transStatusReason&quot;:&quot;09&quot;,&quot;acsOperatorID&quot;:&quot;ACS_OPERATOR_ID&quot;,&quot;messageVersion&quot;:&quot;2.1.0&quot;,&quot;transStatus&quot;:&quot;R&quot;,&quot;threeDSServerTransID&quot;:&quot;f4b32360-44a8-454f-9859-c76af387f5f5&quot;}
	at com.ca.tds.main.TDSFlowTest.brwPreAreq(TDSFlowTest.java:176)
	at java.util.concurrent.ThreadPoolExecutor.runWorker(ThreadPoolExecutor.java:1149)
	at java.util.concurrent.ThreadPoolExecutor$Worker.run(ThreadPoolExecutor.java:624)
	at java.lang.Thread.run(Thread.java:748)
... Removed 10 stack frames</pre></div><a href='#' onClick='toggleBox("stack-trace995613725", this, "Click to show all stack frames", "Click to hide stack frames")'>Click to show all stack frames</a>
<div class='stack-trace' id='stack-trace995613725'><pre>java.lang.AssertionError: ARes response json schema validation failed.&lt;br&gt;expected minLength: 17, actual: 4&lt;br&gt; api response : {&quot;acsTransID&quot;:&quot;5167cb13-e81c-49ef-86bc-c93c14a65b4b&quot;,&quot;dsName&quot;:&quot;visa&quot;,&quot;eci&quot;:&quot;07&quot;,&quot;callerTxnRefID&quot;:&quot;341b7153-da86-4543-860f-2ba47f0168a5&quot;,&quot;dsReferenceNumber&quot;:&quot;CADS&quot;,&quot;acsReferenceNumber&quot;:&quot;ABCDEF987654321&quot;,&quot;messageType&quot;:&quot;ARes&quot;,&quot;dsTransID&quot;:&quot;b1138ee3-bf98-46fd-86d3-b10b68123007&quot;,&quot;transStatusReason&quot;:&quot;09&quot;,&quot;acsOperatorID&quot;:&quot;ACS_OPERATOR_ID&quot;,&quot;messageVersion&quot;:&quot;2.1.0&quot;,&quot;transStatus&quot;:&quot;R&quot;,&quot;threeDSServerTransID&quot;:&quot;f4b32360-44a8-454f-9859-c76af387f5f5&quot;}
	at org.testng.Assert.fail(Assert.java:94)
	at com.ca.tds.main.TDSFlowTest.brwPreAreq(TDSFlowTest.java:176)
	at sun.reflect.GeneratedMethodAccessor36.invoke(Unknown Source)
	at sun.reflect.DelegatingMethodAccessorImpl.invoke(DelegatingMethodAccessorImpl.java:43)
	at java.lang.reflect.Method.invoke(Method.java:498)
	at org.testng.internal.MethodInvocationHelper.invokeMethod(MethodInvocationHelper.java:85)
	at org.testng.internal.Invoker.invokeMethod(Invoker.java:639)
	at org.testng.internal.Invoker.invokeTestMethod(Invoker.java:821)
	at org.testng.internal.Invoker.invokeTestMethods(Invoker.java:1131)
	at org.testng.internal.TestMethodWorker.invokeTestMethods(TestMethodWorker.java:124)
	at org.testng.internal.TestMethodWorker.run(TestMethodWorker.java:108)
	at java.util.concurrent.ThreadPoolExecutor.runWorker(ThreadPoolExecutor.java:1149)
	at java.util.concurrent.ThreadPoolExecutor$Worker.run(ThreadPoolExecutor.java:624)
	at java.lang.Thread.run(Thread.java:748)
</pre></div></td>
<td>1</td>
<td>com.ca.tds.main.TDSFlowTest@4f20a5e0</td></tr>
</table><p>
<table width='100%' border='1' class='invocation-passed'>
<tr><td colspan='4' align='center'><b>PASSED TESTS</b></td></tr>
<tr><td><b>Test method</b></td>
<td width="30%"><b>Exception</b></td>
<td width="10%"><b>Time (seconds)</b></td>
<td><b>Instance</b></td>
</tr>
<tr>
<td title='com.ca.tds.main.TDSFlowTest.brwTDSMethodTest()'><b>brwTDSMethodTest</b><br>Test class: com.ca.tds.main.TDSFlowTest</td>
<td></td>
<td>1</td>
<td>com.ca.tds.main.TDSFlowTest@bdecc21</td></tr>
<tr>
<td title='com.ca.tds.main.TDSFlowTest.brwTDSMethodTest()'><b>brwTDSMethodTest</b><br>Test class: com.ca.tds.main.TDSFlowTest</td>
<td></td>
<td>0</td>
<td>com.ca.tds.main.TDSFlowTest@5d58c727</td></tr>
<tr>
<td title='com.ca.tds.main.TDSFlowTest.brwTDSMethodTest()'><b>brwTDSMethodTest</b><br>Test class: com.ca.tds.main.TDSFlowTest</td>
<td></td>
<td>0</td>
<td>com.ca.tds.main.TDSFlowTest@7e8a46b7</td></tr>
<tr>
<td title='com.ca.tds.main.TDSFlowTest.brwTDSMethodTest()'><b>brwTDSMethodTest</b><br>Test class: com.ca.tds.main.TDSFlowTest</td>
<td></td>
<td>0</td>
<td>com.ca.tds.main.TDSFlowTest@1869f114</td></tr>
<tr>
<td title='com.ca.tds.main.TDSFlowTest.brwTDSMethodTest()'><b>brwTDSMethodTest</b><br>Test class: com.ca.tds.main.TDSFlowTest</td>
<td></td>
<td>0</td>
<td>com.ca.tds.main.TDSFlowTest@37a64f9d</td></tr>
<tr>
<td title='com.ca.tds.main.TDSFlowTest.brwTDSMethodTest()'><b>brwTDSMethodTest</b><br>Test class: com.ca.tds.main.TDSFlowTest</td>
<td></td>
<td>0</td>
<td>com.ca.tds.main.TDSFlowTest@6872f9c8</td></tr>
<tr>
<td title='com.ca.tds.main.TDSFlowTest.brwTDSMethodTest()'><b>brwTDSMethodTest</b><br>Test class: com.ca.tds.main.TDSFlowTest</td>
<td></td>
<td>0</td>
<td>com.ca.tds.main.TDSFlowTest@6df7988f</td></tr>
<tr>
<td title='com.ca.tds.main.TDSFlowTest.brwTDSMethodTest()'><b>brwTDSMethodTest</b><br>Test class: com.ca.tds.main.TDSFlowTest</td>
<td></td>
<td>0</td>
<td>com.ca.tds.main.TDSFlowTest@5e3a39cd</td></tr>
<tr>
<td title='com.ca.tds.main.TDSFlowTest.brwTDSMethodTest()'><b>brwTDSMethodTest</b><br>Test class: com.ca.tds.main.TDSFlowTest</td>
<td></td>
<td>0</td>
<td>com.ca.tds.main.TDSFlowTest@22fba58c</td></tr>
<tr>
<td title='com.ca.tds.main.TDSFlowTest.brwTDSMethodTest()'><b>brwTDSMethodTest</b><br>Test class: com.ca.tds.main.TDSFlowTest</td>
<td></td>
<td>0</td>
<td>com.ca.tds.main.TDSFlowTest@52a36910</td></tr>
<tr>
<td title='com.ca.tds.main.TDSFlowTest.brwTDSMethodTest()'><b>brwTDSMethodTest</b><br>Test class: com.ca.tds.main.TDSFlowTest</td>
<td></td>
<td>0</td>
<td>com.ca.tds.main.TDSFlowTest@6079cf5</td></tr>
<tr>
<td title='com.ca.tds.main.TDSFlowTest.brwTDSMethodTest()'><b>brwTDSMethodTest</b><br>Test class: com.ca.tds.main.TDSFlowTest</td>
<td></td>
<td>1</td>
<td>com.ca.tds.main.TDSFlowTest@488b50ec</td></tr>
<tr>
<td title='com.ca.tds.main.TDSFlowTest.brwTDSMethodTest()'><b>brwTDSMethodTest</b><br>Test class: com.ca.tds.main.TDSFlowTest</td>
<td></td>
<td>0</td>
<td>com.ca.tds.main.TDSFlowTest@2fe88a09</td></tr>
<tr>
<td title='com.ca.tds.main.TDSFlowTest.brwTDSMethodTest()'><b>brwTDSMethodTest</b><br>Test class: com.ca.tds.main.TDSFlowTest</td>
<td></td>
<td>0</td>
<td>com.ca.tds.main.TDSFlowTest@59942b48</td></tr>
<tr>
<td title='com.ca.tds.main.TDSFlowTest.brwTDSMethodTest()'><b>brwTDSMethodTest</b><br>Test class: com.ca.tds.main.TDSFlowTest</td>
<td></td>
<td>0</td>
<td>com.ca.tds.main.TDSFlowTest@66bfd864</td></tr>
<tr>
<td title='com.ca.tds.main.TDSFlowTest.brwTDSMethodTest()'><b>brwTDSMethodTest</b><br>Test class: com.ca.tds.main.TDSFlowTest</td>
<td></td>
<td>0</td>
<td>com.ca.tds.main.TDSFlowTest@21fff664</td></tr>
<tr>
<td title='com.ca.tds.main.TDSFlowTest.brwTDSMethodTest()'><b>brwTDSMethodTest</b><br>Test class: com.ca.tds.main.TDSFlowTest</td>
<td></td>
<td>0</td>
<td>com.ca.tds.main.TDSFlowTest@201aa8c1</td></tr>
<tr>
<td title='com.ca.tds.main.TDSFlowTest.brwTDSMethodTest()'><b>brwTDSMethodTest</b><br>Test class: com.ca.tds.main.TDSFlowTest</td>
<td></td>
<td>0</td>
<td>com.ca.tds.main.TDSFlowTest@18a645fd</td></tr>
<tr>
<td title='com.ca.tds.main.TDSFlowTest.brwTDSMethodTest()'><b>brwTDSMethodTest</b><br>Test class: com.ca.tds.main.TDSFlowTest</td>
<td></td>
<td>0</td>
<td>com.ca.tds.main.TDSFlowTest@6090f3ca</td></tr>
<tr>
<td title='com.ca.tds.main.TDSFlowTest.brwTDSMethodTest()'><b>brwTDSMethodTest</b><br>Test class: com.ca.tds.main.TDSFlowTest</td>
<td></td>
<td>0</td>
<td>com.ca.tds.main.TDSFlowTest@1917d90f</td></tr>
<tr>
<td title='com.ca.tds.main.TDSFlowTest.brwTDSMethodTest()'><b>brwTDSMethodTest</b><br>Test class: com.ca.tds.main.TDSFlowTest</td>
<td></td>
<td>0</td>
<td>com.ca.tds.main.TDSFlowTest@4aac85fa</td></tr>
<tr>
<td title='com.ca.tds.main.TDSFlowTest.brwTDSMethodTest()'><b>brwTDSMethodTest</b><br>Test class: com.ca.tds.main.TDSFlowTest</td>
<td></td>
<td>0</td>
<td>com.ca.tds.main.TDSFlowTest@6d2d99fc</td></tr>
<tr>
<td title='com.ca.tds.main.TDSFlowTest.brwTDSMethodTest()'><b>brwTDSMethodTest</b><br>Test class: com.ca.tds.main.TDSFlowTest</td>
<td></td>
<td>0</td>
<td>com.ca.tds.main.TDSFlowTest@25b865b5</td></tr>
<tr>
<td title='com.ca.tds.main.TDSFlowTest.brwTDSMethodTest()'><b>brwTDSMethodTest</b><br>Test class: com.ca.tds.main.TDSFlowTest</td>
<td></td>
<td>0</td>
<td>com.ca.tds.main.TDSFlowTest@1e6308a9</td></tr>
<tr>
<td title='com.ca.tds.main.TDSFlowTest.brwTDSMethodTest()'><b>brwTDSMethodTest</b><br>Test class: com.ca.tds.main.TDSFlowTest</td>
<td></td>
<td>0</td>
<td>com.ca.tds.main.TDSFlowTest@f9b5552</td></tr>
<tr>
<td title='com.ca.tds.main.TDSFlowTest.brwTDSMethodTest()'><b>brwTDSMethodTest</b><br>Test class: com.ca.tds.main.TDSFlowTest</td>
<td></td>
<td>0</td>
<td>com.ca.tds.main.TDSFlowTest@3a095ec0</td></tr>
<tr>
<td title='com.ca.tds.main.TDSFlowTest.brwTDSMethodTest()'><b>brwTDSMethodTest</b><br>Test class: com.ca.tds.main.TDSFlowTest</td>
<td></td>
<td>0</td>
<td>com.ca.tds.main.TDSFlowTest@54da32dc</td></tr>
<tr>
<td title='com.ca.tds.main.TDSFlowTest.brwTDSMethodTest()'><b>brwTDSMethodTest</b><br>Test class: com.ca.tds.main.TDSFlowTest</td>
<td></td>
<td>0</td>
<td>com.ca.tds.main.TDSFlowTest@27b22f74</td></tr>
<tr>
<td title='com.ca.tds.main.TDSFlowTest.brwTDSMethodTest()'><b>brwTDSMethodTest</b><br>Test class: com.ca.tds.main.TDSFlowTest</td>
<td></td>
<td>0</td>
<td>com.ca.tds.main.TDSFlowTest@1d782abe</td></tr>
<tr>
<td title='com.ca.tds.main.TDSFlowTest.brwTDSMethodTest()'><b>brwTDSMethodTest</b><br>Test class: com.ca.tds.main.TDSFlowTest</td>
<td></td>
<td>0</td>
<td>com.ca.tds.main.TDSFlowTest@21f9277b</td></tr>
<tr>
<td title='com.ca.tds.main.TDSFlowTest.brwTDSMethodTest()'><b>brwTDSMethodTest</b><br>Test class: com.ca.tds.main.TDSFlowTest</td>
<td></td>
<td>0</td>
<td>com.ca.tds.main.TDSFlowTest@4f20a5e0</td></tr>
</table><p>
<table width='100%' border='1' class='invocation-skipped'>
<tr><td colspan='4' align='center'><b>SKIPPED TESTS</b></td></tr>
<tr><td><b>Test method</b></td>
<td width="30%"><b>Exception</b></td>
<td width="10%"><b>Time (seconds)</b></td>
<td><b>Instance</b></td>
</tr>
<tr>
<td title='com.ca.tds.main.TDSFlowTest.rReqTest()'><b>rReqTest</b><br>Test class: com.ca.tds.main.TDSFlowTest</td>
<td><div><pre>org.testng.SkipException: Skipping [rReqTest] because the [rReqRequired] assumption(s) do not hold.
	at nl.javadude.assumeng.AssumptionListener.beforeInvocation(AssumptionListener.java:43)
	at java.util.concurrent.ThreadPoolExecutor.runWorker(ThreadPoolExecutor.java:1149)
	at java.util.concurrent.ThreadPoolExecutor$Worker.run(ThreadPoolExecutor.java:624)
	at java.lang.Thread.run(Thread.java:748)
... Removed 8 stack frames</pre></div><a href='#' onClick='toggleBox("stack-trace632632551", this, "Click to show all stack frames", "Click to hide stack frames")'>Click to show all stack frames</a>
<div class='stack-trace' id='stack-trace632632551'><pre>org.testng.SkipException: Skipping [rReqTest] because the [rReqRequired] assumption(s) do not hold.
	at nl.javadude.assumeng.AssumptionListener.beforeInvocation(AssumptionListener.java:43)
	at org.testng.internal.invokers.InvokedMethodListenerInvoker$InvokeBeforeInvocationWithoutContextStrategy.callMethod(InvokedMethodListenerInvoker.java:84)
	at org.testng.internal.invokers.InvokedMethodListenerInvoker.invokeListener(InvokedMethodListenerInvoker.java:62)
	at org.testng.internal.Invoker.runInvokedMethodListeners(Invoker.java:552)
	at org.testng.internal.Invoker.invokeMethod(Invoker.java:617)
	at org.testng.internal.Invoker.invokeTestMethod(Invoker.java:821)
	at org.testng.internal.Invoker.invokeTestMethods(Invoker.java:1131)
	at org.testng.internal.TestMethodWorker.invokeTestMethods(TestMethodWorker.java:124)
	at org.testng.internal.TestMethodWorker.run(TestMethodWorker.java:108)
	at java.util.concurrent.ThreadPoolExecutor.runWorker(ThreadPoolExecutor.java:1149)
	at java.util.concurrent.ThreadPoolExecutor$Worker.run(ThreadPoolExecutor.java:624)
	at java.lang.Thread.run(Thread.java:748)
</pre></div></td>
<td>0</td>
<td>com.ca.tds.main.TDSFlowTest@bdecc21</td></tr>
<tr>
<td title='com.ca.tds.main.TDSFlowTest.rReqTest()'><b>rReqTest</b><br>Test class: com.ca.tds.main.TDSFlowTest</td>
<td><div><pre>org.testng.SkipException: Skipping [rReqTest] because the [rReqRequired] assumption(s) do not hold.
	at nl.javadude.assumeng.AssumptionListener.beforeInvocation(AssumptionListener.java:43)
	at java.util.concurrent.ThreadPoolExecutor.runWorker(ThreadPoolExecutor.java:1149)
	at java.util.concurrent.ThreadPoolExecutor$Worker.run(ThreadPoolExecutor.java:624)
	at java.lang.Thread.run(Thread.java:748)
... Removed 8 stack frames</pre></div><a href='#' onClick='toggleBox("stack-trace1258051698", this, "Click to show all stack frames", "Click to hide stack frames")'>Click to show all stack frames</a>
<div class='stack-trace' id='stack-trace1258051698'><pre>org.testng.SkipException: Skipping [rReqTest] because the [rReqRequired] assumption(s) do not hold.
	at nl.javadude.assumeng.AssumptionListener.beforeInvocation(AssumptionListener.java:43)
	at org.testng.internal.invokers.InvokedMethodListenerInvoker$InvokeBeforeInvocationWithoutContextStrategy.callMethod(InvokedMethodListenerInvoker.java:84)
	at org.testng.internal.invokers.InvokedMethodListenerInvoker.invokeListener(InvokedMethodListenerInvoker.java:62)
	at org.testng.internal.Invoker.runInvokedMethodListeners(Invoker.java:552)
	at org.testng.internal.Invoker.invokeMethod(Invoker.java:617)
	at org.testng.internal.Invoker.invokeTestMethod(Invoker.java:821)
	at org.testng.internal.Invoker.invokeTestMethods(Invoker.java:1131)
	at org.testng.internal.TestMethodWorker.invokeTestMethods(TestMethodWorker.java:124)
	at org.testng.internal.TestMethodWorker.run(TestMethodWorker.java:108)
	at java.util.concurrent.ThreadPoolExecutor.runWorker(ThreadPoolExecutor.java:1149)
	at java.util.concurrent.ThreadPoolExecutor$Worker.run(ThreadPoolExecutor.java:624)
	at java.lang.Thread.run(Thread.java:748)
</pre></div></td>
<td>0</td>
<td>com.ca.tds.main.TDSFlowTest@5d58c727</td></tr>
<tr>
<td title='com.ca.tds.main.TDSFlowTest.rReqTest()'><b>rReqTest</b><br>Test class: com.ca.tds.main.TDSFlowTest</td>
<td><div><pre>org.testng.SkipException: Skipping [rReqTest] because the [rReqRequired] assumption(s) do not hold.
	at nl.javadude.assumeng.AssumptionListener.beforeInvocation(AssumptionListener.java:43)
	at java.util.concurrent.ThreadPoolExecutor.runWorker(ThreadPoolExecutor.java:1149)
	at java.util.concurrent.ThreadPoolExecutor$Worker.run(ThreadPoolExecutor.java:624)
	at java.lang.Thread.run(Thread.java:748)
... Removed 8 stack frames</pre></div><a href='#' onClick='toggleBox("stack-trace332180516", this, "Click to show all stack frames", "Click to hide stack frames")'>Click to show all stack frames</a>
<div class='stack-trace' id='stack-trace332180516'><pre>org.testng.SkipException: Skipping [rReqTest] because the [rReqRequired] assumption(s) do not hold.
	at nl.javadude.assumeng.AssumptionListener.beforeInvocation(AssumptionListener.java:43)
	at org.testng.internal.invokers.InvokedMethodListenerInvoker$InvokeBeforeInvocationWithoutContextStrategy.callMethod(InvokedMethodListenerInvoker.java:84)
	at org.testng.internal.invokers.InvokedMethodListenerInvoker.invokeListener(InvokedMethodListenerInvoker.java:62)
	at org.testng.internal.Invoker.runInvokedMethodListeners(Invoker.java:552)
	at org.testng.internal.Invoker.invokeMethod(Invoker.java:617)
	at org.testng.internal.Invoker.invokeTestMethod(Invoker.java:821)
	at org.testng.internal.Invoker.invokeTestMethods(Invoker.java:1131)
	at org.testng.internal.TestMethodWorker.invokeTestMethods(TestMethodWorker.java:124)
	at org.testng.internal.TestMethodWorker.run(TestMethodWorker.java:108)
	at java.util.concurrent.ThreadPoolExecutor.runWorker(ThreadPoolExecutor.java:1149)
	at java.util.concurrent.ThreadPoolExecutor$Worker.run(ThreadPoolExecutor.java:624)
	at java.lang.Thread.run(Thread.java:748)
</pre></div></td>
<td>0</td>
<td>com.ca.tds.main.TDSFlowTest@7e8a46b7</td></tr>
<tr>
<td title='com.ca.tds.main.TDSFlowTest.rReqTest()'><b>rReqTest</b><br>Test class: com.ca.tds.main.TDSFlowTest</td>
<td><div><pre>org.testng.SkipException: Skipping [rReqTest] because the [rReqRequired] assumption(s) do not hold.
	at nl.javadude.assumeng.AssumptionListener.beforeInvocation(AssumptionListener.java:43)
	at java.util.concurrent.ThreadPoolExecutor.runWorker(ThreadPoolExecutor.java:1149)
	at java.util.concurrent.ThreadPoolExecutor$Worker.run(ThreadPoolExecutor.java:624)
	at java.lang.Thread.run(Thread.java:748)
... Removed 8 stack frames</pre></div><a href='#' onClick='toggleBox("stack-trace1449413904", this, "Click to show all stack frames", "Click to hide stack frames")'>Click to show all stack frames</a>
<div class='stack-trace' id='stack-trace1449413904'><pre>org.testng.SkipException: Skipping [rReqTest] because the [rReqRequired] assumption(s) do not hold.
	at nl.javadude.assumeng.AssumptionListener.beforeInvocation(AssumptionListener.java:43)
	at org.testng.internal.invokers.InvokedMethodListenerInvoker$InvokeBeforeInvocationWithoutContextStrategy.callMethod(InvokedMethodListenerInvoker.java:84)
	at org.testng.internal.invokers.InvokedMethodListenerInvoker.invokeListener(InvokedMethodListenerInvoker.java:62)
	at org.testng.internal.Invoker.runInvokedMethodListeners(Invoker.java:552)
	at org.testng.internal.Invoker.invokeMethod(Invoker.java:617)
	at org.testng.internal.Invoker.invokeTestMethod(Invoker.java:821)
	at org.testng.internal.Invoker.invokeTestMethods(Invoker.java:1131)
	at org.testng.internal.TestMethodWorker.invokeTestMethods(TestMethodWorker.java:124)
	at org.testng.internal.TestMethodWorker.run(TestMethodWorker.java:108)
	at java.util.concurrent.ThreadPoolExecutor.runWorker(ThreadPoolExecutor.java:1149)
	at java.util.concurrent.ThreadPoolExecutor$Worker.run(ThreadPoolExecutor.java:624)
	at java.lang.Thread.run(Thread.java:748)
</pre></div></td>
<td>0</td>
<td>com.ca.tds.main.TDSFlowTest@1869f114</td></tr>
<tr>
<td title='com.ca.tds.main.TDSFlowTest.rReqTest()'><b>rReqTest</b><br>Test class: com.ca.tds.main.TDSFlowTest</td>
<td><div><pre>org.testng.SkipException: Skipping [rReqTest] because the [rReqRequired] assumption(s) do not hold.
	at nl.javadude.assumeng.AssumptionListener.beforeInvocation(AssumptionListener.java:43)
	at java.util.concurrent.ThreadPoolExecutor.runWorker(ThreadPoolExecutor.java:1149)
	at java.util.concurrent.ThreadPoolExecutor$Worker.run(ThreadPoolExecutor.java:624)
	at java.lang.Thread.run(Thread.java:748)
... Removed 8 stack frames</pre></div><a href='#' onClick='toggleBox("stack-trace1603547143", this, "Click to show all stack frames", "Click to hide stack frames")'>Click to show all stack frames</a>
<div class='stack-trace' id='stack-trace1603547143'><pre>org.testng.SkipException: Skipping [rReqTest] because the [rReqRequired] assumption(s) do not hold.
	at nl.javadude.assumeng.AssumptionListener.beforeInvocation(AssumptionListener.java:43)
	at org.testng.internal.invokers.InvokedMethodListenerInvoker$InvokeBeforeInvocationWithoutContextStrategy.callMethod(InvokedMethodListenerInvoker.java:84)
	at org.testng.internal.invokers.InvokedMethodListenerInvoker.invokeListener(InvokedMethodListenerInvoker.java:62)
	at org.testng.internal.Invoker.runInvokedMethodListeners(Invoker.java:552)
	at org.testng.internal.Invoker.invokeMethod(Invoker.java:617)
	at org.testng.internal.Invoker.invokeTestMethod(Invoker.java:821)
	at org.testng.internal.Invoker.invokeTestMethods(Invoker.java:1131)
	at org.testng.internal.TestMethodWorker.invokeTestMethods(TestMethodWorker.java:124)
	at org.testng.internal.TestMethodWorker.run(TestMethodWorker.java:108)
	at java.util.concurrent.ThreadPoolExecutor.runWorker(ThreadPoolExecutor.java:1149)
	at java.util.concurrent.ThreadPoolExecutor$Worker.run(ThreadPoolExecutor.java:624)
	at java.lang.Thread.run(Thread.java:748)
</pre></div></td>
<td>0</td>
<td>com.ca.tds.main.TDSFlowTest@37a64f9d</td></tr>
<tr>
<td title='com.ca.tds.main.TDSFlowTest.rReqTest()'><b>rReqTest</b><br>Test class: com.ca.tds.main.TDSFlowTest</td>
<td><div><pre>org.testng.SkipException: Skipping [rReqTest] because the [rReqRequired] assumption(s) do not hold.
	at nl.javadude.assumeng.AssumptionListener.beforeInvocation(AssumptionListener.java:43)
	at java.util.concurrent.ThreadPoolExecutor.runWorker(ThreadPoolExecutor.java:1149)
	at java.util.concurrent.ThreadPoolExecutor$Worker.run(ThreadPoolExecutor.java:624)
	at java.lang.Thread.run(Thread.java:748)
... Removed 8 stack frames</pre></div><a href='#' onClick='toggleBox("stack-trace466081948", this, "Click to show all stack frames", "Click to hide stack frames")'>Click to show all stack frames</a>
<div class='stack-trace' id='stack-trace466081948'><pre>org.testng.SkipException: Skipping [rReqTest] because the [rReqRequired] assumption(s) do not hold.
	at nl.javadude.assumeng.AssumptionListener.beforeInvocation(AssumptionListener.java:43)
	at org.testng.internal.invokers.InvokedMethodListenerInvoker$InvokeBeforeInvocationWithoutContextStrategy.callMethod(InvokedMethodListenerInvoker.java:84)
	at org.testng.internal.invokers.InvokedMethodListenerInvoker.invokeListener(InvokedMethodListenerInvoker.java:62)
	at org.testng.internal.Invoker.runInvokedMethodListeners(Invoker.java:552)
	at org.testng.internal.Invoker.invokeMethod(Invoker.java:617)
	at org.testng.internal.Invoker.invokeTestMethod(Invoker.java:821)
	at org.testng.internal.Invoker.invokeTestMethods(Invoker.java:1131)
	at org.testng.internal.TestMethodWorker.invokeTestMethods(TestMethodWorker.java:124)
	at org.testng.internal.TestMethodWorker.run(TestMethodWorker.java:108)
	at java.util.concurrent.ThreadPoolExecutor.runWorker(ThreadPoolExecutor.java:1149)
	at java.util.concurrent.ThreadPoolExecutor$Worker.run(ThreadPoolExecutor.java:624)
	at java.lang.Thread.run(Thread.java:748)
</pre></div></td>
<td>0</td>
<td>com.ca.tds.main.TDSFlowTest@6872f9c8</td></tr>
<tr>
<td title='com.ca.tds.main.TDSFlowTest.rReqTest()'><b>rReqTest</b><br>Test class: com.ca.tds.main.TDSFlowTest</td>
<td><div><pre>org.testng.SkipException: Skipping [rReqTest] because the [rReqRequired] assumption(s) do not hold.
	at nl.javadude.assumeng.AssumptionListener.beforeInvocation(AssumptionListener.java:43)
	at java.util.concurrent.ThreadPoolExecutor.runWorker(ThreadPoolExecutor.java:1149)
	at java.util.concurrent.ThreadPoolExecutor$Worker.run(ThreadPoolExecutor.java:624)
	at java.lang.Thread.run(Thread.java:748)
... Removed 8 stack frames</pre></div><a href='#' onClick='toggleBox("stack-trace869996663", this, "Click to show all stack frames", "Click to hide stack frames")'>Click to show all stack frames</a>
<div class='stack-trace' id='stack-trace869996663'><pre>org.testng.SkipException: Skipping [rReqTest] because the [rReqRequired] assumption(s) do not hold.
	at nl.javadude.assumeng.AssumptionListener.beforeInvocation(AssumptionListener.java:43)
	at org.testng.internal.invokers.InvokedMethodListenerInvoker$InvokeBeforeInvocationWithoutContextStrategy.callMethod(InvokedMethodListenerInvoker.java:84)
	at org.testng.internal.invokers.InvokedMethodListenerInvoker.invokeListener(InvokedMethodListenerInvoker.java:62)
	at org.testng.internal.Invoker.runInvokedMethodListeners(Invoker.java:552)
	at org.testng.internal.Invoker.invokeMethod(Invoker.java:617)
	at org.testng.internal.Invoker.invokeTestMethod(Invoker.java:821)
	at org.testng.internal.Invoker.invokeTestMethods(Invoker.java:1131)
	at org.testng.internal.TestMethodWorker.invokeTestMethods(TestMethodWorker.java:124)
	at org.testng.internal.TestMethodWorker.run(TestMethodWorker.java:108)
	at java.util.concurrent.ThreadPoolExecutor.runWorker(ThreadPoolExecutor.java:1149)
	at java.util.concurrent.ThreadPoolExecutor$Worker.run(ThreadPoolExecutor.java:624)
	at java.lang.Thread.run(Thread.java:748)
</pre></div></td>
<td>0</td>
<td>com.ca.tds.main.TDSFlowTest@6df7988f</td></tr>
<tr>
<td title='com.ca.tds.main.TDSFlowTest.rReqTest()'><b>rReqTest</b><br>Test class: com.ca.tds.main.TDSFlowTest</td>
<td><div><pre>org.testng.SkipException: Skipping [rReqTest] because the [rReqRequired] assumption(s) do not hold.
	at nl.javadude.assumeng.AssumptionListener.beforeInvocation(AssumptionListener.java:43)
	at java.util.concurrent.ThreadPoolExecutor.runWorker(ThreadPoolExecutor.java:1149)
	at java.util.concurrent.ThreadPoolExecutor$Worker.run(ThreadPoolExecutor.java:624)
	at java.lang.Thread.run(Thread.java:748)
... Removed 8 stack frames</pre></div><a href='#' onClick='toggleBox("stack-trace2099732763", this, "Click to show all stack frames", "Click to hide stack frames")'>Click to show all stack frames</a>
<div class='stack-trace' id='stack-trace2099732763'><pre>org.testng.SkipException: Skipping [rReqTest] because the [rReqRequired] assumption(s) do not hold.
	at nl.javadude.assumeng.AssumptionListener.beforeInvocation(AssumptionListener.java:43)
	at org.testng.internal.invokers.InvokedMethodListenerInvoker$InvokeBeforeInvocationWithoutContextStrategy.callMethod(InvokedMethodListenerInvoker.java:84)
	at org.testng.internal.invokers.InvokedMethodListenerInvoker.invokeListener(InvokedMethodListenerInvoker.java:62)
	at org.testng.internal.Invoker.runInvokedMethodListeners(Invoker.java:552)
	at org.testng.internal.Invoker.invokeMethod(Invoker.java:617)
	at org.testng.internal.Invoker.invokeTestMethod(Invoker.java:821)
	at org.testng.internal.Invoker.invokeTestMethods(Invoker.java:1131)
	at org.testng.internal.TestMethodWorker.invokeTestMethods(TestMethodWorker.java:124)
	at org.testng.internal.TestMethodWorker.run(TestMethodWorker.java:108)
	at java.util.concurrent.ThreadPoolExecutor.runWorker(ThreadPoolExecutor.java:1149)
	at java.util.concurrent.ThreadPoolExecutor$Worker.run(ThreadPoolExecutor.java:624)
	at java.lang.Thread.run(Thread.java:748)
</pre></div></td>
<td>0</td>
<td>com.ca.tds.main.TDSFlowTest@5e3a39cd</td></tr>
<tr>
<td title='com.ca.tds.main.TDSFlowTest.rReqTest()'><b>rReqTest</b><br>Test class: com.ca.tds.main.TDSFlowTest</td>
<td><div><pre>org.testng.SkipException: Skipping [rReqTest] because the [rReqRequired] assumption(s) do not hold.
	at nl.javadude.assumeng.AssumptionListener.beforeInvocation(AssumptionListener.java:43)
	at java.util.concurrent.ThreadPoolExecutor.runWorker(ThreadPoolExecutor.java:1149)
	at java.util.concurrent.ThreadPoolExecutor$Worker.run(ThreadPoolExecutor.java:624)
	at java.lang.Thread.run(Thread.java:748)
... Removed 8 stack frames</pre></div><a href='#' onClick='toggleBox("stack-trace1614557933", this, "Click to show all stack frames", "Click to hide stack frames")'>Click to show all stack frames</a>
<div class='stack-trace' id='stack-trace1614557933'><pre>org.testng.SkipException: Skipping [rReqTest] because the [rReqRequired] assumption(s) do not hold.
	at nl.javadude.assumeng.AssumptionListener.beforeInvocation(AssumptionListener.java:43)
	at org.testng.internal.invokers.InvokedMethodListenerInvoker$InvokeBeforeInvocationWithoutContextStrategy.callMethod(InvokedMethodListenerInvoker.java:84)
	at org.testng.internal.invokers.InvokedMethodListenerInvoker.invokeListener(InvokedMethodListenerInvoker.java:62)
	at org.testng.internal.Invoker.runInvokedMethodListeners(Invoker.java:552)
	at org.testng.internal.Invoker.invokeMethod(Invoker.java:617)
	at org.testng.internal.Invoker.invokeTestMethod(Invoker.java:821)
	at org.testng.internal.Invoker.invokeTestMethods(Invoker.java:1131)
	at org.testng.internal.TestMethodWorker.invokeTestMethods(TestMethodWorker.java:124)
	at org.testng.internal.TestMethodWorker.run(TestMethodWorker.java:108)
	at java.util.concurrent.ThreadPoolExecutor.runWorker(ThreadPoolExecutor.java:1149)
	at java.util.concurrent.ThreadPoolExecutor$Worker.run(ThreadPoolExecutor.java:624)
	at java.lang.Thread.run(Thread.java:748)
</pre></div></td>
<td>0</td>
<td>com.ca.tds.main.TDSFlowTest@22fba58c</td></tr>
<tr>
<td title='com.ca.tds.main.TDSFlowTest.rReqTest()'><b>rReqTest</b><br>Test class: com.ca.tds.main.TDSFlowTest</td>
<td><div><pre>org.testng.SkipException: Skipping [rReqTest] because the [rReqRequired] assumption(s) do not hold.
	at nl.javadude.assumeng.AssumptionListener.beforeInvocation(AssumptionListener.java:43)
	at java.util.concurrent.ThreadPoolExecutor.runWorker(ThreadPoolExecutor.java:1149)
	at java.util.concurrent.ThreadPoolExecutor$Worker.run(ThreadPoolExecutor.java:624)
	at java.lang.Thread.run(Thread.java:748)
... Removed 8 stack frames</pre></div><a href='#' onClick='toggleBox("stack-trace576557629", this, "Click to show all stack frames", "Click to hide stack frames")'>Click to show all stack frames</a>
<div class='stack-trace' id='stack-trace576557629'><pre>org.testng.SkipException: Skipping [rReqTest] because the [rReqRequired] assumption(s) do not hold.
	at nl.javadude.assumeng.AssumptionListener.beforeInvocation(AssumptionListener.java:43)
	at org.testng.internal.invokers.InvokedMethodListenerInvoker$InvokeBeforeInvocationWithoutContextStrategy.callMethod(InvokedMethodListenerInvoker.java:84)
	at org.testng.internal.invokers.InvokedMethodListenerInvoker.invokeListener(InvokedMethodListenerInvoker.java:62)
	at org.testng.internal.Invoker.runInvokedMethodListeners(Invoker.java:552)
	at org.testng.internal.Invoker.invokeMethod(Invoker.java:617)
	at org.testng.internal.Invoker.invokeTestMethod(Invoker.java:821)
	at org.testng.internal.Invoker.invokeTestMethods(Invoker.java:1131)
	at org.testng.internal.TestMethodWorker.invokeTestMethods(TestMethodWorker.java:124)
	at org.testng.internal.TestMethodWorker.run(TestMethodWorker.java:108)
	at java.util.concurrent.ThreadPoolExecutor.runWorker(ThreadPoolExecutor.java:1149)
	at java.util.concurrent.ThreadPoolExecutor$Worker.run(ThreadPoolExecutor.java:624)
	at java.lang.Thread.run(Thread.java:748)
</pre></div></td>
<td>0</td>
<td>com.ca.tds.main.TDSFlowTest@52a36910</td></tr>
<tr>
<td title='com.ca.tds.main.TDSFlowTest.rReqTest()'><b>rReqTest</b><br>Test class: com.ca.tds.main.TDSFlowTest</td>
<td><div><pre>org.testng.SkipException: Skipping [rReqTest] because the [rReqRequired] assumption(s) do not hold.
	at nl.javadude.assumeng.AssumptionListener.beforeInvocation(AssumptionListener.java:43)
	at java.util.concurrent.ThreadPoolExecutor.runWorker(ThreadPoolExecutor.java:1149)
	at java.util.concurrent.ThreadPoolExecutor$Worker.run(ThreadPoolExecutor.java:624)
	at java.lang.Thread.run(Thread.java:748)
... Removed 8 stack frames</pre></div><a href='#' onClick='toggleBox("stack-trace2049410406", this, "Click to show all stack frames", "Click to hide stack frames")'>Click to show all stack frames</a>
<div class='stack-trace' id='stack-trace2049410406'><pre>org.testng.SkipException: Skipping [rReqTest] because the [rReqRequired] assumption(s) do not hold.
	at nl.javadude.assumeng.AssumptionListener.beforeInvocation(AssumptionListener.java:43)
	at org.testng.internal.invokers.InvokedMethodListenerInvoker$InvokeBeforeInvocationWithoutContextStrategy.callMethod(InvokedMethodListenerInvoker.java:84)
	at org.testng.internal.invokers.InvokedMethodListenerInvoker.invokeListener(InvokedMethodListenerInvoker.java:62)
	at org.testng.internal.Invoker.runInvokedMethodListeners(Invoker.java:552)
	at org.testng.internal.Invoker.invokeMethod(Invoker.java:617)
	at org.testng.internal.Invoker.invokeTestMethod(Invoker.java:821)
	at org.testng.internal.Invoker.invokeTestMethods(Invoker.java:1131)
	at org.testng.internal.TestMethodWorker.invokeTestMethods(TestMethodWorker.java:124)
	at org.testng.internal.TestMethodWorker.run(TestMethodWorker.java:108)
	at java.util.concurrent.ThreadPoolExecutor.runWorker(ThreadPoolExecutor.java:1149)
	at java.util.concurrent.ThreadPoolExecutor$Worker.run(ThreadPoolExecutor.java:624)
	at java.lang.Thread.run(Thread.java:748)
</pre></div></td>
<td>0</td>
<td>com.ca.tds.main.TDSFlowTest@6079cf5</td></tr>
<tr>
<td title='com.ca.tds.main.TDSFlowTest.rReqTest()'><b>rReqTest</b><br>Test class: com.ca.tds.main.TDSFlowTest</td>
<td><div><pre>org.testng.SkipException: Skipping [rReqTest] because the [rReqRequired] assumption(s) do not hold.
	at nl.javadude.assumeng.AssumptionListener.beforeInvocation(AssumptionListener.java:43)
	at java.util.concurrent.ThreadPoolExecutor.runWorker(ThreadPoolExecutor.java:1149)
	at java.util.concurrent.ThreadPoolExecutor$Worker.run(ThreadPoolExecutor.java:624)
	at java.lang.Thread.run(Thread.java:748)
... Removed 8 stack frames</pre></div><a href='#' onClick='toggleBox("stack-trace500367630", this, "Click to show all stack frames", "Click to hide stack frames")'>Click to show all stack frames</a>
<div class='stack-trace' id='stack-trace500367630'><pre>org.testng.SkipException: Skipping [rReqTest] because the [rReqRequired] assumption(s) do not hold.
	at nl.javadude.assumeng.AssumptionListener.beforeInvocation(AssumptionListener.java:43)
	at org.testng.internal.invokers.InvokedMethodListenerInvoker$InvokeBeforeInvocationWithoutContextStrategy.callMethod(InvokedMethodListenerInvoker.java:84)
	at org.testng.internal.invokers.InvokedMethodListenerInvoker.invokeListener(InvokedMethodListenerInvoker.java:62)
	at org.testng.internal.Invoker.runInvokedMethodListeners(Invoker.java:552)
	at org.testng.internal.Invoker.invokeMethod(Invoker.java:617)
	at org.testng.internal.Invoker.invokeTestMethod(Invoker.java:821)
	at org.testng.internal.Invoker.invokeTestMethods(Invoker.java:1131)
	at org.testng.internal.TestMethodWorker.invokeTestMethods(TestMethodWorker.java:124)
	at org.testng.internal.TestMethodWorker.run(TestMethodWorker.java:108)
	at java.util.concurrent.ThreadPoolExecutor.runWorker(ThreadPoolExecutor.java:1149)
	at java.util.concurrent.ThreadPoolExecutor$Worker.run(ThreadPoolExecutor.java:624)
	at java.lang.Thread.run(Thread.java:748)
</pre></div></td>
<td>0</td>
<td>com.ca.tds.main.TDSFlowTest@488b50ec</td></tr>
<tr>
<td title='com.ca.tds.main.TDSFlowTest.rReqTest()'><b>rReqTest</b><br>Test class: com.ca.tds.main.TDSFlowTest</td>
<td><div><pre>org.testng.SkipException: Skipping [rReqTest] because the [rReqRequired] assumption(s) do not hold.
	at nl.javadude.assumeng.AssumptionListener.beforeInvocation(AssumptionListener.java:43)
	at java.util.concurrent.ThreadPoolExecutor.runWorker(ThreadPoolExecutor.java:1149)
	at java.util.concurrent.ThreadPoolExecutor$Worker.run(ThreadPoolExecutor.java:624)
	at java.lang.Thread.run(Thread.java:748)
... Removed 8 stack frames</pre></div><a href='#' onClick='toggleBox("stack-trace503234876", this, "Click to show all stack frames", "Click to hide stack frames")'>Click to show all stack frames</a>
<div class='stack-trace' id='stack-trace503234876'><pre>org.testng.SkipException: Skipping [rReqTest] because the [rReqRequired] assumption(s) do not hold.
	at nl.javadude.assumeng.AssumptionListener.beforeInvocation(AssumptionListener.java:43)
	at org.testng.internal.invokers.InvokedMethodListenerInvoker$InvokeBeforeInvocationWithoutContextStrategy.callMethod(InvokedMethodListenerInvoker.java:84)
	at org.testng.internal.invokers.InvokedMethodListenerInvoker.invokeListener(InvokedMethodListenerInvoker.java:62)
	at org.testng.internal.Invoker.runInvokedMethodListeners(Invoker.java:552)
	at org.testng.internal.Invoker.invokeMethod(Invoker.java:617)
	at org.testng.internal.Invoker.invokeTestMethod(Invoker.java:821)
	at org.testng.internal.Invoker.invokeTestMethods(Invoker.java:1131)
	at org.testng.internal.TestMethodWorker.invokeTestMethods(TestMethodWorker.java:124)
	at org.testng.internal.TestMethodWorker.run(TestMethodWorker.java:108)
	at java.util.concurrent.ThreadPoolExecutor.runWorker(ThreadPoolExecutor.java:1149)
	at java.util.concurrent.ThreadPoolExecutor$Worker.run(ThreadPoolExecutor.java:624)
	at java.lang.Thread.run(Thread.java:748)
</pre></div></td>
<td>0</td>
<td>com.ca.tds.main.TDSFlowTest@2fe88a09</td></tr>
<tr>
<td title='com.ca.tds.main.TDSFlowTest.rReqTest()'><b>rReqTest</b><br>Test class: com.ca.tds.main.TDSFlowTest</td>
<td><div><pre>org.testng.SkipException: Skipping [rReqTest] because the [rReqRequired] assumption(s) do not hold.
	at nl.javadude.assumeng.AssumptionListener.beforeInvocation(AssumptionListener.java:43)
	at java.util.concurrent.ThreadPoolExecutor.runWorker(ThreadPoolExecutor.java:1149)
	at java.util.concurrent.ThreadPoolExecutor$Worker.run(ThreadPoolExecutor.java:624)
	at java.lang.Thread.run(Thread.java:748)
... Removed 8 stack frames</pre></div><a href='#' onClick='toggleBox("stack-trace735400349", this, "Click to show all stack frames", "Click to hide stack frames")'>Click to show all stack frames</a>
<div class='stack-trace' id='stack-trace735400349'><pre>org.testng.SkipException: Skipping [rReqTest] because the [rReqRequired] assumption(s) do not hold.
	at nl.javadude.assumeng.AssumptionListener.beforeInvocation(AssumptionListener.java:43)
	at org.testng.internal.invokers.InvokedMethodListenerInvoker$InvokeBeforeInvocationWithoutContextStrategy.callMethod(InvokedMethodListenerInvoker.java:84)
	at org.testng.internal.invokers.InvokedMethodListenerInvoker.invokeListener(InvokedMethodListenerInvoker.java:62)
	at org.testng.internal.Invoker.runInvokedMethodListeners(Invoker.java:552)
	at org.testng.internal.Invoker.invokeMethod(Invoker.java:617)
	at org.testng.internal.Invoker.invokeTestMethod(Invoker.java:821)
	at org.testng.internal.Invoker.invokeTestMethods(Invoker.java:1131)
	at org.testng.internal.TestMethodWorker.invokeTestMethods(TestMethodWorker.java:124)
	at org.testng.internal.TestMethodWorker.run(TestMethodWorker.java:108)
	at java.util.concurrent.ThreadPoolExecutor.runWorker(ThreadPoolExecutor.java:1149)
	at java.util.concurrent.ThreadPoolExecutor$Worker.run(ThreadPoolExecutor.java:624)
	at java.lang.Thread.run(Thread.java:748)
</pre></div></td>
<td>0</td>
<td>com.ca.tds.main.TDSFlowTest@59942b48</td></tr>
<tr>
<td title='com.ca.tds.main.TDSFlowTest.rReqTest()'><b>rReqTest</b><br>Test class: com.ca.tds.main.TDSFlowTest</td>
<td><div><pre>org.testng.SkipException: Skipping [rReqTest] because the [rReqRequired] assumption(s) do not hold.
	at nl.javadude.assumeng.AssumptionListener.beforeInvocation(AssumptionListener.java:43)
	at java.util.concurrent.ThreadPoolExecutor.runWorker(ThreadPoolExecutor.java:1149)
	at java.util.concurrent.ThreadPoolExecutor$Worker.run(ThreadPoolExecutor.java:624)
	at java.lang.Thread.run(Thread.java:748)
... Removed 8 stack frames</pre></div><a href='#' onClick='toggleBox("stack-trace687668693", this, "Click to show all stack frames", "Click to hide stack frames")'>Click to show all stack frames</a>
<div class='stack-trace' id='stack-trace687668693'><pre>org.testng.SkipException: Skipping [rReqTest] because the [rReqRequired] assumption(s) do not hold.
	at nl.javadude.assumeng.AssumptionListener.beforeInvocation(AssumptionListener.java:43)
	at org.testng.internal.invokers.InvokedMethodListenerInvoker$InvokeBeforeInvocationWithoutContextStrategy.callMethod(InvokedMethodListenerInvoker.java:84)
	at org.testng.internal.invokers.InvokedMethodListenerInvoker.invokeListener(InvokedMethodListenerInvoker.java:62)
	at org.testng.internal.Invoker.runInvokedMethodListeners(Invoker.java:552)
	at org.testng.internal.Invoker.invokeMethod(Invoker.java:617)
	at org.testng.internal.Invoker.invokeTestMethod(Invoker.java:821)
	at org.testng.internal.Invoker.invokeTestMethods(Invoker.java:1131)
	at org.testng.internal.TestMethodWorker.invokeTestMethods(TestMethodWorker.java:124)
	at org.testng.internal.TestMethodWorker.run(TestMethodWorker.java:108)
	at java.util.concurrent.ThreadPoolExecutor.runWorker(ThreadPoolExecutor.java:1149)
	at java.util.concurrent.ThreadPoolExecutor$Worker.run(ThreadPoolExecutor.java:624)
	at java.lang.Thread.run(Thread.java:748)
</pre></div></td>
<td>0</td>
<td>com.ca.tds.main.TDSFlowTest@66bfd864</td></tr>
<tr>
<td title='com.ca.tds.main.TDSFlowTest.rReqTest()'><b>rReqTest</b><br>Test class: com.ca.tds.main.TDSFlowTest</td>
<td><div><pre>org.testng.SkipException: Skipping [rReqTest] because the [rReqRequired] assumption(s) do not hold.
	at nl.javadude.assumeng.AssumptionListener.beforeInvocation(AssumptionListener.java:43)
	at java.util.concurrent.ThreadPoolExecutor.runWorker(ThreadPoolExecutor.java:1149)
	at java.util.concurrent.ThreadPoolExecutor$Worker.run(ThreadPoolExecutor.java:624)
	at java.lang.Thread.run(Thread.java:748)
... Removed 8 stack frames</pre></div><a href='#' onClick='toggleBox("stack-trace1905428738", this, "Click to show all stack frames", "Click to hide stack frames")'>Click to show all stack frames</a>
<div class='stack-trace' id='stack-trace1905428738'><pre>org.testng.SkipException: Skipping [rReqTest] because the [rReqRequired] assumption(s) do not hold.
	at nl.javadude.assumeng.AssumptionListener.beforeInvocation(AssumptionListener.java:43)
	at org.testng.internal.invokers.InvokedMethodListenerInvoker$InvokeBeforeInvocationWithoutContextStrategy.callMethod(InvokedMethodListenerInvoker.java:84)
	at org.testng.internal.invokers.InvokedMethodListenerInvoker.invokeListener(InvokedMethodListenerInvoker.java:62)
	at org.testng.internal.Invoker.runInvokedMethodListeners(Invoker.java:552)
	at org.testng.internal.Invoker.invokeMethod(Invoker.java:617)
	at org.testng.internal.Invoker.invokeTestMethod(Invoker.java:821)
	at org.testng.internal.Invoker.invokeTestMethods(Invoker.java:1131)
	at org.testng.internal.TestMethodWorker.invokeTestMethods(TestMethodWorker.java:124)
	at org.testng.internal.TestMethodWorker.run(TestMethodWorker.java:108)
	at java.util.concurrent.ThreadPoolExecutor.runWorker(ThreadPoolExecutor.java:1149)
	at java.util.concurrent.ThreadPoolExecutor$Worker.run(ThreadPoolExecutor.java:624)
	at java.lang.Thread.run(Thread.java:748)
</pre></div></td>
<td>0</td>
<td>com.ca.tds.main.TDSFlowTest@21fff664</td></tr>
<tr>
<td title='com.ca.tds.main.TDSFlowTest.rReqTest()'><b>rReqTest</b><br>Test class: com.ca.tds.main.TDSFlowTest</td>
<td><div><pre>org.testng.SkipException: Skipping [rReqTest] because the [rReqRequired] assumption(s) do not hold.
	at nl.javadude.assumeng.AssumptionListener.beforeInvocation(AssumptionListener.java:43)
	at java.util.concurrent.ThreadPoolExecutor.runWorker(ThreadPoolExecutor.java:1149)
	at java.util.concurrent.ThreadPoolExecutor$Worker.run(ThreadPoolExecutor.java:624)
	at java.lang.Thread.run(Thread.java:748)
... Removed 8 stack frames</pre></div><a href='#' onClick='toggleBox("stack-trace25216393", this, "Click to show all stack frames", "Click to hide stack frames")'>Click to show all stack frames</a>
<div class='stack-trace' id='stack-trace25216393'><pre>org.testng.SkipException: Skipping [rReqTest] because the [rReqRequired] assumption(s) do not hold.
	at nl.javadude.assumeng.AssumptionListener.beforeInvocation(AssumptionListener.java:43)
	at org.testng.internal.invokers.InvokedMethodListenerInvoker$InvokeBeforeInvocationWithoutContextStrategy.callMethod(InvokedMethodListenerInvoker.java:84)
	at org.testng.internal.invokers.InvokedMethodListenerInvoker.invokeListener(InvokedMethodListenerInvoker.java:62)
	at org.testng.internal.Invoker.runInvokedMethodListeners(Invoker.java:552)
	at org.testng.internal.Invoker.invokeMethod(Invoker.java:617)
	at org.testng.internal.Invoker.invokeTestMethod(Invoker.java:821)
	at org.testng.internal.Invoker.invokeTestMethods(Invoker.java:1131)
	at org.testng.internal.TestMethodWorker.invokeTestMethods(TestMethodWorker.java:124)
	at org.testng.internal.TestMethodWorker.run(TestMethodWorker.java:108)
	at java.util.concurrent.ThreadPoolExecutor.runWorker(ThreadPoolExecutor.java:1149)
	at java.util.concurrent.ThreadPoolExecutor$Worker.run(ThreadPoolExecutor.java:624)
	at java.lang.Thread.run(Thread.java:748)
</pre></div></td>
<td>0</td>
<td>com.ca.tds.main.TDSFlowTest@201aa8c1</td></tr>
<tr>
<td title='com.ca.tds.main.TDSFlowTest.rReqTest()'><b>rReqTest</b><br>Test class: com.ca.tds.main.TDSFlowTest</td>
<td><div><pre>org.testng.SkipException: Skipping [rReqTest] because the [rReqRequired] assumption(s) do not hold.
	at nl.javadude.assumeng.AssumptionListener.beforeInvocation(AssumptionListener.java:43)
	at java.util.concurrent.ThreadPoolExecutor.runWorker(ThreadPoolExecutor.java:1149)
	at java.util.concurrent.ThreadPoolExecutor$Worker.run(ThreadPoolExecutor.java:624)
	at java.lang.Thread.run(Thread.java:748)
... Removed 8 stack frames</pre></div><a href='#' onClick='toggleBox("stack-trace880878872", this, "Click to show all stack frames", "Click to hide stack frames")'>Click to show all stack frames</a>
<div class='stack-trace' id='stack-trace880878872'><pre>org.testng.SkipException: Skipping [rReqTest] because the [rReqRequired] assumption(s) do not hold.
	at nl.javadude.assumeng.AssumptionListener.beforeInvocation(AssumptionListener.java:43)
	at org.testng.internal.invokers.InvokedMethodListenerInvoker$InvokeBeforeInvocationWithoutContextStrategy.callMethod(InvokedMethodListenerInvoker.java:84)
	at org.testng.internal.invokers.InvokedMethodListenerInvoker.invokeListener(InvokedMethodListenerInvoker.java:62)
	at org.testng.internal.Invoker.runInvokedMethodListeners(Invoker.java:552)
	at org.testng.internal.Invoker.invokeMethod(Invoker.java:617)
	at org.testng.internal.Invoker.invokeTestMethod(Invoker.java:821)
	at org.testng.internal.Invoker.invokeTestMethods(Invoker.java:1131)
	at org.testng.internal.TestMethodWorker.invokeTestMethods(TestMethodWorker.java:124)
	at org.testng.internal.TestMethodWorker.run(TestMethodWorker.java:108)
	at java.util.concurrent.ThreadPoolExecutor.runWorker(ThreadPoolExecutor.java:1149)
	at java.util.concurrent.ThreadPoolExecutor$Worker.run(ThreadPoolExecutor.java:624)
	at java.lang.Thread.run(Thread.java:748)
</pre></div></td>
<td>0</td>
<td>com.ca.tds.main.TDSFlowTest@18a645fd</td></tr>
<tr>
<td title='com.ca.tds.main.TDSFlowTest.rReqTest()'><b>rReqTest</b><br>Test class: com.ca.tds.main.TDSFlowTest</td>
<td><div><pre>org.testng.SkipException: Skipping [rReqTest] because the [rReqRequired] assumption(s) do not hold.
	at nl.javadude.assumeng.AssumptionListener.beforeInvocation(AssumptionListener.java:43)
	at java.util.concurrent.ThreadPoolExecutor.runWorker(ThreadPoolExecutor.java:1149)
	at java.util.concurrent.ThreadPoolExecutor$Worker.run(ThreadPoolExecutor.java:624)
	at java.lang.Thread.run(Thread.java:748)
... Removed 8 stack frames</pre></div><a href='#' onClick='toggleBox("stack-trace987306009", this, "Click to show all stack frames", "Click to hide stack frames")'>Click to show all stack frames</a>
<div class='stack-trace' id='stack-trace987306009'><pre>org.testng.SkipException: Skipping [rReqTest] because the [rReqRequired] assumption(s) do not hold.
	at nl.javadude.assumeng.AssumptionListener.beforeInvocation(AssumptionListener.java:43)
	at org.testng.internal.invokers.InvokedMethodListenerInvoker$InvokeBeforeInvocationWithoutContextStrategy.callMethod(InvokedMethodListenerInvoker.java:84)
	at org.testng.internal.invokers.InvokedMethodListenerInvoker.invokeListener(InvokedMethodListenerInvoker.java:62)
	at org.testng.internal.Invoker.runInvokedMethodListeners(Invoker.java:552)
	at org.testng.internal.Invoker.invokeMethod(Invoker.java:617)
	at org.testng.internal.Invoker.invokeTestMethod(Invoker.java:821)
	at org.testng.internal.Invoker.invokeTestMethods(Invoker.java:1131)
	at org.testng.internal.TestMethodWorker.invokeTestMethods(TestMethodWorker.java:124)
	at org.testng.internal.TestMethodWorker.run(TestMethodWorker.java:108)
	at java.util.concurrent.ThreadPoolExecutor.runWorker(ThreadPoolExecutor.java:1149)
	at java.util.concurrent.ThreadPoolExecutor$Worker.run(ThreadPoolExecutor.java:624)
	at java.lang.Thread.run(Thread.java:748)
</pre></div></td>
<td>0</td>
<td>com.ca.tds.main.TDSFlowTest@6090f3ca</td></tr>
<tr>
<td title='com.ca.tds.main.TDSFlowTest.rReqTest()'><b>rReqTest</b><br>Test class: com.ca.tds.main.TDSFlowTest</td>
<td><div><pre>org.testng.SkipException: Skipping [rReqTest] because the [rReqRequired] assumption(s) do not hold.
	at nl.javadude.assumeng.AssumptionListener.beforeInvocation(AssumptionListener.java:43)
	at java.util.concurrent.ThreadPoolExecutor.runWorker(ThreadPoolExecutor.java:1149)
	at java.util.concurrent.ThreadPoolExecutor$Worker.run(ThreadPoolExecutor.java:624)
	at java.lang.Thread.run(Thread.java:748)
... Removed 8 stack frames</pre></div><a href='#' onClick='toggleBox("stack-trace234432858", this, "Click to show all stack frames", "Click to hide stack frames")'>Click to show all stack frames</a>
<div class='stack-trace' id='stack-trace234432858'><pre>org.testng.SkipException: Skipping [rReqTest] because the [rReqRequired] assumption(s) do not hold.
	at nl.javadude.assumeng.AssumptionListener.beforeInvocation(AssumptionListener.java:43)
	at org.testng.internal.invokers.InvokedMethodListenerInvoker$InvokeBeforeInvocationWithoutContextStrategy.callMethod(InvokedMethodListenerInvoker.java:84)
	at org.testng.internal.invokers.InvokedMethodListenerInvoker.invokeListener(InvokedMethodListenerInvoker.java:62)
	at org.testng.internal.Invoker.runInvokedMethodListeners(Invoker.java:552)
	at org.testng.internal.Invoker.invokeMethod(Invoker.java:617)
	at org.testng.internal.Invoker.invokeTestMethod(Invoker.java:821)
	at org.testng.internal.Invoker.invokeTestMethods(Invoker.java:1131)
	at org.testng.internal.TestMethodWorker.invokeTestMethods(TestMethodWorker.java:124)
	at org.testng.internal.TestMethodWorker.run(TestMethodWorker.java:108)
	at java.util.concurrent.ThreadPoolExecutor.runWorker(ThreadPoolExecutor.java:1149)
	at java.util.concurrent.ThreadPoolExecutor$Worker.run(ThreadPoolExecutor.java:624)
	at java.lang.Thread.run(Thread.java:748)
</pre></div></td>
<td>0</td>
<td>com.ca.tds.main.TDSFlowTest@1917d90f</td></tr>
<tr>
<td title='com.ca.tds.main.TDSFlowTest.rReqTest()'><b>rReqTest</b><br>Test class: com.ca.tds.main.TDSFlowTest</td>
<td><div><pre>org.testng.SkipException: Skipping [rReqTest] because the [rReqRequired] assumption(s) do not hold.
	at nl.javadude.assumeng.AssumptionListener.beforeInvocation(AssumptionListener.java:43)
	at java.util.concurrent.ThreadPoolExecutor.runWorker(ThreadPoolExecutor.java:1149)
	at java.util.concurrent.ThreadPoolExecutor$Worker.run(ThreadPoolExecutor.java:624)
	at java.lang.Thread.run(Thread.java:748)
... Removed 8 stack frames</pre></div><a href='#' onClick='toggleBox("stack-trace1478042471", this, "Click to show all stack frames", "Click to hide stack frames")'>Click to show all stack frames</a>
<div class='stack-trace' id='stack-trace1478042471'><pre>org.testng.SkipException: Skipping [rReqTest] because the [rReqRequired] assumption(s) do not hold.
	at nl.javadude.assumeng.AssumptionListener.beforeInvocation(AssumptionListener.java:43)
	at org.testng.internal.invokers.InvokedMethodListenerInvoker$InvokeBeforeInvocationWithoutContextStrategy.callMethod(InvokedMethodListenerInvoker.java:84)
	at org.testng.internal.invokers.InvokedMethodListenerInvoker.invokeListener(InvokedMethodListenerInvoker.java:62)
	at org.testng.internal.Invoker.runInvokedMethodListeners(Invoker.java:552)
	at org.testng.internal.Invoker.invokeMethod(Invoker.java:617)
	at org.testng.internal.Invoker.invokeTestMethod(Invoker.java:821)
	at org.testng.internal.Invoker.invokeTestMethods(Invoker.java:1131)
	at org.testng.internal.TestMethodWorker.invokeTestMethods(TestMethodWorker.java:124)
	at org.testng.internal.TestMethodWorker.run(TestMethodWorker.java:108)
	at java.util.concurrent.ThreadPoolExecutor.runWorker(ThreadPoolExecutor.java:1149)
	at java.util.concurrent.ThreadPoolExecutor$Worker.run(ThreadPoolExecutor.java:624)
	at java.lang.Thread.run(Thread.java:748)
</pre></div></td>
<td>0</td>
<td>com.ca.tds.main.TDSFlowTest@4aac85fa</td></tr>
<tr>
<td title='com.ca.tds.main.TDSFlowTest.rReqTest()'><b>rReqTest</b><br>Test class: com.ca.tds.main.TDSFlowTest</td>
<td><div><pre>org.testng.SkipException: Skipping [rReqTest] because the [rReqRequired] assumption(s) do not hold.
	at nl.javadude.assumeng.AssumptionListener.beforeInvocation(AssumptionListener.java:43)
	at java.util.concurrent.ThreadPoolExecutor.runWorker(ThreadPoolExecutor.java:1149)
	at java.util.concurrent.ThreadPoolExecutor$Worker.run(ThreadPoolExecutor.java:624)
	at java.lang.Thread.run(Thread.java:748)
... Removed 8 stack frames</pre></div><a href='#' onClick='toggleBox("stack-trace523574828", this, "Click to show all stack frames", "Click to hide stack frames")'>Click to show all stack frames</a>
<div class='stack-trace' id='stack-trace523574828'><pre>org.testng.SkipException: Skipping [rReqTest] because the [rReqRequired] assumption(s) do not hold.
	at nl.javadude.assumeng.AssumptionListener.beforeInvocation(AssumptionListener.java:43)
	at org.testng.internal.invokers.InvokedMethodListenerInvoker$InvokeBeforeInvocationWithoutContextStrategy.callMethod(InvokedMethodListenerInvoker.java:84)
	at org.testng.internal.invokers.InvokedMethodListenerInvoker.invokeListener(InvokedMethodListenerInvoker.java:62)
	at org.testng.internal.Invoker.runInvokedMethodListeners(Invoker.java:552)
	at org.testng.internal.Invoker.invokeMethod(Invoker.java:617)
	at org.testng.internal.Invoker.invokeTestMethod(Invoker.java:821)
	at org.testng.internal.Invoker.invokeTestMethods(Invoker.java:1131)
	at org.testng.internal.TestMethodWorker.invokeTestMethods(TestMethodWorker.java:124)
	at org.testng.internal.TestMethodWorker.run(TestMethodWorker.java:108)
	at java.util.concurrent.ThreadPoolExecutor.runWorker(ThreadPoolExecutor.java:1149)
	at java.util.concurrent.ThreadPoolExecutor$Worker.run(ThreadPoolExecutor.java:624)
	at java.lang.Thread.run(Thread.java:748)
</pre></div></td>
<td>0</td>
<td>com.ca.tds.main.TDSFlowTest@6d2d99fc</td></tr>
<tr>
<td title='com.ca.tds.main.TDSFlowTest.rReqTest()'><b>rReqTest</b><br>Test class: com.ca.tds.main.TDSFlowTest</td>
<td><div><pre>org.testng.SkipException: Skipping [rReqTest] because the [rReqRequired] assumption(s) do not hold.
	at nl.javadude.assumeng.AssumptionListener.beforeInvocation(AssumptionListener.java:43)
	at java.util.concurrent.ThreadPoolExecutor.runWorker(ThreadPoolExecutor.java:1149)
	at java.util.concurrent.ThreadPoolExecutor$Worker.run(ThreadPoolExecutor.java:624)
	at java.lang.Thread.run(Thread.java:748)
... Removed 8 stack frames</pre></div><a href='#' onClick='toggleBox("stack-trace1143521855", this, "Click to show all stack frames", "Click to hide stack frames")'>Click to show all stack frames</a>
<div class='stack-trace' id='stack-trace1143521855'><pre>org.testng.SkipException: Skipping [rReqTest] because the [rReqRequired] assumption(s) do not hold.
	at nl.javadude.assumeng.AssumptionListener.beforeInvocation(AssumptionListener.java:43)
	at org.testng.internal.invokers.InvokedMethodListenerInvoker$InvokeBeforeInvocationWithoutContextStrategy.callMethod(InvokedMethodListenerInvoker.java:84)
	at org.testng.internal.invokers.InvokedMethodListenerInvoker.invokeListener(InvokedMethodListenerInvoker.java:62)
	at org.testng.internal.Invoker.runInvokedMethodListeners(Invoker.java:552)
	at org.testng.internal.Invoker.invokeMethod(Invoker.java:617)
	at org.testng.internal.Invoker.invokeTestMethod(Invoker.java:821)
	at org.testng.internal.Invoker.invokeTestMethods(Invoker.java:1131)
	at org.testng.internal.TestMethodWorker.invokeTestMethods(TestMethodWorker.java:124)
	at org.testng.internal.TestMethodWorker.run(TestMethodWorker.java:108)
	at java.util.concurrent.ThreadPoolExecutor.runWorker(ThreadPoolExecutor.java:1149)
	at java.util.concurrent.ThreadPoolExecutor$Worker.run(ThreadPoolExecutor.java:624)
	at java.lang.Thread.run(Thread.java:748)
</pre></div></td>
<td>0</td>
<td>com.ca.tds.main.TDSFlowTest@25b865b5</td></tr>
<tr>
<td title='com.ca.tds.main.TDSFlowTest.rReqTest()'><b>rReqTest</b><br>Test class: com.ca.tds.main.TDSFlowTest</td>
<td><div><pre>org.testng.SkipException: Skipping [rReqTest] because the [rReqRequired] assumption(s) do not hold.
	at nl.javadude.assumeng.AssumptionListener.beforeInvocation(AssumptionListener.java:43)
	at java.util.concurrent.ThreadPoolExecutor.runWorker(ThreadPoolExecutor.java:1149)
	at java.util.concurrent.ThreadPoolExecutor$Worker.run(ThreadPoolExecutor.java:624)
	at java.lang.Thread.run(Thread.java:748)
... Removed 8 stack frames</pre></div><a href='#' onClick='toggleBox("stack-trace293763061", this, "Click to show all stack frames", "Click to hide stack frames")'>Click to show all stack frames</a>
<div class='stack-trace' id='stack-trace293763061'><pre>org.testng.SkipException: Skipping [rReqTest] because the [rReqRequired] assumption(s) do not hold.
	at nl.javadude.assumeng.AssumptionListener.beforeInvocation(AssumptionListener.java:43)
	at org.testng.internal.invokers.InvokedMethodListenerInvoker$InvokeBeforeInvocationWithoutContextStrategy.callMethod(InvokedMethodListenerInvoker.java:84)
	at org.testng.internal.invokers.InvokedMethodListenerInvoker.invokeListener(InvokedMethodListenerInvoker.java:62)
	at org.testng.internal.Invoker.runInvokedMethodListeners(Invoker.java:552)
	at org.testng.internal.Invoker.invokeMethod(Invoker.java:617)
	at org.testng.internal.Invoker.invokeTestMethod(Invoker.java:821)
	at org.testng.internal.Invoker.invokeTestMethods(Invoker.java:1131)
	at org.testng.internal.TestMethodWorker.invokeTestMethods(TestMethodWorker.java:124)
	at org.testng.internal.TestMethodWorker.run(TestMethodWorker.java:108)
	at java.util.concurrent.ThreadPoolExecutor.runWorker(ThreadPoolExecutor.java:1149)
	at java.util.concurrent.ThreadPoolExecutor$Worker.run(ThreadPoolExecutor.java:624)
	at java.lang.Thread.run(Thread.java:748)
</pre></div></td>
<td>0</td>
<td>com.ca.tds.main.TDSFlowTest@1e6308a9</td></tr>
<tr>
<td title='com.ca.tds.main.TDSFlowTest.rReqTest()'><b>rReqTest</b><br>Test class: com.ca.tds.main.TDSFlowTest</td>
<td><div><pre>org.testng.SkipException: Skipping [rReqTest] because the [rReqRequired] assumption(s) do not hold.
	at nl.javadude.assumeng.AssumptionListener.beforeInvocation(AssumptionListener.java:43)
	at java.util.concurrent.ThreadPoolExecutor.runWorker(ThreadPoolExecutor.java:1149)
	at java.util.concurrent.ThreadPoolExecutor$Worker.run(ThreadPoolExecutor.java:624)
	at java.lang.Thread.run(Thread.java:748)
... Removed 8 stack frames</pre></div><a href='#' onClick='toggleBox("stack-trace1573349615", this, "Click to show all stack frames", "Click to hide stack frames")'>Click to show all stack frames</a>
<div class='stack-trace' id='stack-trace1573349615'><pre>org.testng.SkipException: Skipping [rReqTest] because the [rReqRequired] assumption(s) do not hold.
	at nl.javadude.assumeng.AssumptionListener.beforeInvocation(AssumptionListener.java:43)
	at org.testng.internal.invokers.InvokedMethodListenerInvoker$InvokeBeforeInvocationWithoutContextStrategy.callMethod(InvokedMethodListenerInvoker.java:84)
	at org.testng.internal.invokers.InvokedMethodListenerInvoker.invokeListener(InvokedMethodListenerInvoker.java:62)
	at org.testng.internal.Invoker.runInvokedMethodListeners(Invoker.java:552)
	at org.testng.internal.Invoker.invokeMethod(Invoker.java:617)
	at org.testng.internal.Invoker.invokeTestMethod(Invoker.java:821)
	at org.testng.internal.Invoker.invokeTestMethods(Invoker.java:1131)
	at org.testng.internal.TestMethodWorker.invokeTestMethods(TestMethodWorker.java:124)
	at org.testng.internal.TestMethodWorker.run(TestMethodWorker.java:108)
	at java.util.concurrent.ThreadPoolExecutor.runWorker(ThreadPoolExecutor.java:1149)
	at java.util.concurrent.ThreadPoolExecutor$Worker.run(ThreadPoolExecutor.java:624)
	at java.lang.Thread.run(Thread.java:748)
</pre></div></td>
<td>0</td>
<td>com.ca.tds.main.TDSFlowTest@f9b5552</td></tr>
<tr>
<td title='com.ca.tds.main.TDSFlowTest.rReqTest()'><b>rReqTest</b><br>Test class: com.ca.tds.main.TDSFlowTest</td>
<td><div><pre>org.testng.SkipException: Skipping [rReqTest] because the [rReqRequired] assumption(s) do not hold.
	at nl.javadude.assumeng.AssumptionListener.beforeInvocation(AssumptionListener.java:43)
	at java.util.concurrent.ThreadPoolExecutor.runWorker(ThreadPoolExecutor.java:1149)
	at java.util.concurrent.ThreadPoolExecutor$Worker.run(ThreadPoolExecutor.java:624)
	at java.lang.Thread.run(Thread.java:748)
... Removed 8 stack frames</pre></div><a href='#' onClick='toggleBox("stack-trace113649754", this, "Click to show all stack frames", "Click to hide stack frames")'>Click to show all stack frames</a>
<div class='stack-trace' id='stack-trace113649754'><pre>org.testng.SkipException: Skipping [rReqTest] because the [rReqRequired] assumption(s) do not hold.
	at nl.javadude.assumeng.AssumptionListener.beforeInvocation(AssumptionListener.java:43)
	at org.testng.internal.invokers.InvokedMethodListenerInvoker$InvokeBeforeInvocationWithoutContextStrategy.callMethod(InvokedMethodListenerInvoker.java:84)
	at org.testng.internal.invokers.InvokedMethodListenerInvoker.invokeListener(InvokedMethodListenerInvoker.java:62)
	at org.testng.internal.Invoker.runInvokedMethodListeners(Invoker.java:552)
	at org.testng.internal.Invoker.invokeMethod(Invoker.java:617)
	at org.testng.internal.Invoker.invokeTestMethod(Invoker.java:821)
	at org.testng.internal.Invoker.invokeTestMethods(Invoker.java:1131)
	at org.testng.internal.TestMethodWorker.invokeTestMethods(TestMethodWorker.java:124)
	at org.testng.internal.TestMethodWorker.run(TestMethodWorker.java:108)
	at java.util.concurrent.ThreadPoolExecutor.runWorker(ThreadPoolExecutor.java:1149)
	at java.util.concurrent.ThreadPoolExecutor$Worker.run(ThreadPoolExecutor.java:624)
	at java.lang.Thread.run(Thread.java:748)
</pre></div></td>
<td>0</td>
<td>com.ca.tds.main.TDSFlowTest@3a095ec0</td></tr>
<tr>
<td title='com.ca.tds.main.TDSFlowTest.rReqTest()'><b>rReqTest</b><br>Test class: com.ca.tds.main.TDSFlowTest</td>
<td><div><pre>org.testng.SkipException: Skipping [rReqTest] because the [rReqRequired] assumption(s) do not hold.
	at nl.javadude.assumeng.AssumptionListener.beforeInvocation(AssumptionListener.java:43)
	at java.util.concurrent.ThreadPoolExecutor.runWorker(ThreadPoolExecutor.java:1149)
	at java.util.concurrent.ThreadPoolExecutor$Worker.run(ThreadPoolExecutor.java:624)
	at java.lang.Thread.run(Thread.java:748)
... Removed 8 stack frames</pre></div><a href='#' onClick='toggleBox("stack-trace1893429555", this, "Click to show all stack frames", "Click to hide stack frames")'>Click to show all stack frames</a>
<div class='stack-trace' id='stack-trace1893429555'><pre>org.testng.SkipException: Skipping [rReqTest] because the [rReqRequired] assumption(s) do not hold.
	at nl.javadude.assumeng.AssumptionListener.beforeInvocation(AssumptionListener.java:43)
	at org.testng.internal.invokers.InvokedMethodListenerInvoker$InvokeBeforeInvocationWithoutContextStrategy.callMethod(InvokedMethodListenerInvoker.java:84)
	at org.testng.internal.invokers.InvokedMethodListenerInvoker.invokeListener(InvokedMethodListenerInvoker.java:62)
	at org.testng.internal.Invoker.runInvokedMethodListeners(Invoker.java:552)
	at org.testng.internal.Invoker.invokeMethod(Invoker.java:617)
	at org.testng.internal.Invoker.invokeTestMethod(Invoker.java:821)
	at org.testng.internal.Invoker.invokeTestMethods(Invoker.java:1131)
	at org.testng.internal.TestMethodWorker.invokeTestMethods(TestMethodWorker.java:124)
	at org.testng.internal.TestMethodWorker.run(TestMethodWorker.java:108)
	at java.util.concurrent.ThreadPoolExecutor.runWorker(ThreadPoolExecutor.java:1149)
	at java.util.concurrent.ThreadPoolExecutor$Worker.run(ThreadPoolExecutor.java:624)
	at java.lang.Thread.run(Thread.java:748)
</pre></div></td>
<td>0</td>
<td>com.ca.tds.main.TDSFlowTest@54da32dc</td></tr>
<tr>
<td title='com.ca.tds.main.TDSFlowTest.rReqTest()'><b>rReqTest</b><br>Test class: com.ca.tds.main.TDSFlowTest</td>
<td><div><pre>org.testng.SkipException: Skipping [rReqTest] because the [rReqRequired] assumption(s) do not hold.
	at nl.javadude.assumeng.AssumptionListener.beforeInvocation(AssumptionListener.java:43)
	at java.util.concurrent.ThreadPoolExecutor.runWorker(ThreadPoolExecutor.java:1149)
	at java.util.concurrent.ThreadPoolExecutor$Worker.run(ThreadPoolExecutor.java:624)
	at java.lang.Thread.run(Thread.java:748)
... Removed 8 stack frames</pre></div><a href='#' onClick='toggleBox("stack-trace2028168704", this, "Click to show all stack frames", "Click to hide stack frames")'>Click to show all stack frames</a>
<div class='stack-trace' id='stack-trace2028168704'><pre>org.testng.SkipException: Skipping [rReqTest] because the [rReqRequired] assumption(s) do not hold.
	at nl.javadude.assumeng.AssumptionListener.beforeInvocation(AssumptionListener.java:43)
	at org.testng.internal.invokers.InvokedMethodListenerInvoker$InvokeBeforeInvocationWithoutContextStrategy.callMethod(InvokedMethodListenerInvoker.java:84)
	at org.testng.internal.invokers.InvokedMethodListenerInvoker.invokeListener(InvokedMethodListenerInvoker.java:62)
	at org.testng.internal.Invoker.runInvokedMethodListeners(Invoker.java:552)
	at org.testng.internal.Invoker.invokeMethod(Invoker.java:617)
	at org.testng.internal.Invoker.invokeTestMethod(Invoker.java:821)
	at org.testng.internal.Invoker.invokeTestMethods(Invoker.java:1131)
	at org.testng.internal.TestMethodWorker.invokeTestMethods(TestMethodWorker.java:124)
	at org.testng.internal.TestMethodWorker.run(TestMethodWorker.java:108)
	at java.util.concurrent.ThreadPoolExecutor.runWorker(ThreadPoolExecutor.java:1149)
	at java.util.concurrent.ThreadPoolExecutor$Worker.run(ThreadPoolExecutor.java:624)
	at java.lang.Thread.run(Thread.java:748)
</pre></div></td>
<td>0</td>
<td>com.ca.tds.main.TDSFlowTest@27b22f74</td></tr>
<tr>
<td title='com.ca.tds.main.TDSFlowTest.rReqTest()'><b>rReqTest</b><br>Test class: com.ca.tds.main.TDSFlowTest</td>
<td><div><pre>org.testng.SkipException: Skipping [rReqTest] because the [rReqRequired] assumption(s) do not hold.
	at nl.javadude.assumeng.AssumptionListener.beforeInvocation(AssumptionListener.java:43)
	at java.util.concurrent.ThreadPoolExecutor.runWorker(ThreadPoolExecutor.java:1149)
	at java.util.concurrent.ThreadPoolExecutor$Worker.run(ThreadPoolExecutor.java:624)
	at java.lang.Thread.run(Thread.java:748)
... Removed 8 stack frames</pre></div><a href='#' onClick='toggleBox("stack-trace1939200239", this, "Click to show all stack frames", "Click to hide stack frames")'>Click to show all stack frames</a>
<div class='stack-trace' id='stack-trace1939200239'><pre>org.testng.SkipException: Skipping [rReqTest] because the [rReqRequired] assumption(s) do not hold.
	at nl.javadude.assumeng.AssumptionListener.beforeInvocation(AssumptionListener.java:43)
	at org.testng.internal.invokers.InvokedMethodListenerInvoker$InvokeBeforeInvocationWithoutContextStrategy.callMethod(InvokedMethodListenerInvoker.java:84)
	at org.testng.internal.invokers.InvokedMethodListenerInvoker.invokeListener(InvokedMethodListenerInvoker.java:62)
	at org.testng.internal.Invoker.runInvokedMethodListeners(Invoker.java:552)
	at org.testng.internal.Invoker.invokeMethod(Invoker.java:617)
	at org.testng.internal.Invoker.invokeTestMethod(Invoker.java:821)
	at org.testng.internal.Invoker.invokeTestMethods(Invoker.java:1131)
	at org.testng.internal.TestMethodWorker.invokeTestMethods(TestMethodWorker.java:124)
	at org.testng.internal.TestMethodWorker.run(TestMethodWorker.java:108)
	at java.util.concurrent.ThreadPoolExecutor.runWorker(ThreadPoolExecutor.java:1149)
	at java.util.concurrent.ThreadPoolExecutor$Worker.run(ThreadPoolExecutor.java:624)
	at java.lang.Thread.run(Thread.java:748)
</pre></div></td>
<td>0</td>
<td>com.ca.tds.main.TDSFlowTest@1d782abe</td></tr>
<tr>
<td title='com.ca.tds.main.TDSFlowTest.rReqTest()'><b>rReqTest</b><br>Test class: com.ca.tds.main.TDSFlowTest</td>
<td><div><pre>org.testng.SkipException: Skipping [rReqTest] because the [rReqRequired] assumption(s) do not hold.
	at nl.javadude.assumeng.AssumptionListener.beforeInvocation(AssumptionListener.java:43)
	at java.util.concurrent.ThreadPoolExecutor.runWorker(ThreadPoolExecutor.java:1149)
	at java.util.concurrent.ThreadPoolExecutor$Worker.run(ThreadPoolExecutor.java:624)
	at java.lang.Thread.run(Thread.java:748)
... Removed 8 stack frames</pre></div><a href='#' onClick='toggleBox("stack-trace1607866077", this, "Click to show all stack frames", "Click to hide stack frames")'>Click to show all stack frames</a>
<div class='stack-trace' id='stack-trace1607866077'><pre>org.testng.SkipException: Skipping [rReqTest] because the [rReqRequired] assumption(s) do not hold.
	at nl.javadude.assumeng.AssumptionListener.beforeInvocation(AssumptionListener.java:43)
	at org.testng.internal.invokers.InvokedMethodListenerInvoker$InvokeBeforeInvocationWithoutContextStrategy.callMethod(InvokedMethodListenerInvoker.java:84)
	at org.testng.internal.invokers.InvokedMethodListenerInvoker.invokeListener(InvokedMethodListenerInvoker.java:62)
	at org.testng.internal.Invoker.runInvokedMethodListeners(Invoker.java:552)
	at org.testng.internal.Invoker.invokeMethod(Invoker.java:617)
	at org.testng.internal.Invoker.invokeTestMethod(Invoker.java:821)
	at org.testng.internal.Invoker.invokeTestMethods(Invoker.java:1131)
	at org.testng.internal.TestMethodWorker.invokeTestMethods(TestMethodWorker.java:124)
	at org.testng.internal.TestMethodWorker.run(TestMethodWorker.java:108)
	at java.util.concurrent.ThreadPoolExecutor.runWorker(ThreadPoolExecutor.java:1149)
	at java.util.concurrent.ThreadPoolExecutor$Worker.run(ThreadPoolExecutor.java:624)
	at java.lang.Thread.run(Thread.java:748)
</pre></div></td>
<td>0</td>
<td>com.ca.tds.main.TDSFlowTest@21f9277b</td></tr>
<tr>
<td title='com.ca.tds.main.TDSFlowTest.rReqTest()'><b>rReqTest</b><br>Test class: com.ca.tds.main.TDSFlowTest</td>
<td><div><pre>org.testng.SkipException: Skipping [rReqTest] because the [rReqRequired] assumption(s) do not hold.
	at nl.javadude.assumeng.AssumptionListener.beforeInvocation(AssumptionListener.java:43)
	at java.util.concurrent.ThreadPoolExecutor.runWorker(ThreadPoolExecutor.java:1149)
	at java.util.concurrent.ThreadPoolExecutor$Worker.run(ThreadPoolExecutor.java:624)
	at java.lang.Thread.run(Thread.java:748)
... Removed 8 stack frames</pre></div><a href='#' onClick='toggleBox("stack-trace1099033863", this, "Click to show all stack frames", "Click to hide stack frames")'>Click to show all stack frames</a>
<div class='stack-trace' id='stack-trace1099033863'><pre>org.testng.SkipException: Skipping [rReqTest] because the [rReqRequired] assumption(s) do not hold.
	at nl.javadude.assumeng.AssumptionListener.beforeInvocation(AssumptionListener.java:43)
	at org.testng.internal.invokers.InvokedMethodListenerInvoker$InvokeBeforeInvocationWithoutContextStrategy.callMethod(InvokedMethodListenerInvoker.java:84)
	at org.testng.internal.invokers.InvokedMethodListenerInvoker.invokeListener(InvokedMethodListenerInvoker.java:62)
	at org.testng.internal.Invoker.runInvokedMethodListeners(Invoker.java:552)
	at org.testng.internal.Invoker.invokeMethod(Invoker.java:617)
	at org.testng.internal.Invoker.invokeTestMethod(Invoker.java:821)
	at org.testng.internal.Invoker.invokeTestMethods(Invoker.java:1131)
	at org.testng.internal.TestMethodWorker.invokeTestMethods(TestMethodWorker.java:124)
	at org.testng.internal.TestMethodWorker.run(TestMethodWorker.java:108)
	at java.util.concurrent.ThreadPoolExecutor.runWorker(ThreadPoolExecutor.java:1149)
	at java.util.concurrent.ThreadPoolExecutor$Worker.run(ThreadPoolExecutor.java:624)
	at java.lang.Thread.run(Thread.java:748)
</pre></div></td>
<td>0</td>
<td>com.ca.tds.main.TDSFlowTest@4f20a5e0</td></tr>
<tr>
<td title='com.ca.tds.main.TDSFlowTest.verifyAPI()'><b>verifyAPI</b><br>Test class: com.ca.tds.main.TDSFlowTest</td>
<td><div><pre>org.testng.SkipException: Skipping [verifyAPI] because the [verifyApiRequired] assumption(s) do not hold.
	at nl.javadude.assumeng.AssumptionListener.beforeInvocation(AssumptionListener.java:43)
	at java.util.concurrent.ThreadPoolExecutor.runWorker(ThreadPoolExecutor.java:1149)
	at java.util.concurrent.ThreadPoolExecutor$Worker.run(ThreadPoolExecutor.java:624)
	at java.lang.Thread.run(Thread.java:748)
... Removed 8 stack frames</pre></div><a href='#' onClick='toggleBox("stack-trace907729048", this, "Click to show all stack frames", "Click to hide stack frames")'>Click to show all stack frames</a>
<div class='stack-trace' id='stack-trace907729048'><pre>org.testng.SkipException: Skipping [verifyAPI] because the [verifyApiRequired] assumption(s) do not hold.
	at nl.javadude.assumeng.AssumptionListener.beforeInvocation(AssumptionListener.java:43)
	at org.testng.internal.invokers.InvokedMethodListenerInvoker$InvokeBeforeInvocationWithoutContextStrategy.callMethod(InvokedMethodListenerInvoker.java:84)
	at org.testng.internal.invokers.InvokedMethodListenerInvoker.invokeListener(InvokedMethodListenerInvoker.java:62)
	at org.testng.internal.Invoker.runInvokedMethodListeners(Invoker.java:552)
	at org.testng.internal.Invoker.invokeMethod(Invoker.java:617)
	at org.testng.internal.Invoker.invokeTestMethod(Invoker.java:821)
	at org.testng.internal.Invoker.invokeTestMethods(Invoker.java:1131)
	at org.testng.internal.TestMethodWorker.invokeTestMethods(TestMethodWorker.java:124)
	at org.testng.internal.TestMethodWorker.run(TestMethodWorker.java:108)
	at java.util.concurrent.ThreadPoolExecutor.runWorker(ThreadPoolExecutor.java:1149)
	at java.util.concurrent.ThreadPoolExecutor$Worker.run(ThreadPoolExecutor.java:624)
	at java.lang.Thread.run(Thread.java:748)
</pre></div></td>
<td>0</td>
<td>com.ca.tds.main.TDSFlowTest@bdecc21</td></tr>
<tr>
<td title='com.ca.tds.main.TDSFlowTest.verifyAPI()'><b>verifyAPI</b><br>Test class: com.ca.tds.main.TDSFlowTest</td>
<td><div><pre>org.testng.SkipException: Skipping [verifyAPI] because the [verifyApiRequired] assumption(s) do not hold.
	at nl.javadude.assumeng.AssumptionListener.beforeInvocation(AssumptionListener.java:43)
	at java.util.concurrent.ThreadPoolExecutor.runWorker(ThreadPoolExecutor.java:1149)
	at java.util.concurrent.ThreadPoolExecutor$Worker.run(ThreadPoolExecutor.java:624)
	at java.lang.Thread.run(Thread.java:748)
... Removed 8 stack frames</pre></div><a href='#' onClick='toggleBox("stack-trace87185858", this, "Click to show all stack frames", "Click to hide stack frames")'>Click to show all stack frames</a>
<div class='stack-trace' id='stack-trace87185858'><pre>org.testng.SkipException: Skipping [verifyAPI] because the [verifyApiRequired] assumption(s) do not hold.
	at nl.javadude.assumeng.AssumptionListener.beforeInvocation(AssumptionListener.java:43)
	at org.testng.internal.invokers.InvokedMethodListenerInvoker$InvokeBeforeInvocationWithoutContextStrategy.callMethod(InvokedMethodListenerInvoker.java:84)
	at org.testng.internal.invokers.InvokedMethodListenerInvoker.invokeListener(InvokedMethodListenerInvoker.java:62)
	at org.testng.internal.Invoker.runInvokedMethodListeners(Invoker.java:552)
	at org.testng.internal.Invoker.invokeMethod(Invoker.java:617)
	at org.testng.internal.Invoker.invokeTestMethod(Invoker.java:821)
	at org.testng.internal.Invoker.invokeTestMethods(Invoker.java:1131)
	at org.testng.internal.TestMethodWorker.invokeTestMethods(TestMethodWorker.java:124)
	at org.testng.internal.TestMethodWorker.run(TestMethodWorker.java:108)
	at java.util.concurrent.ThreadPoolExecutor.runWorker(ThreadPoolExecutor.java:1149)
	at java.util.concurrent.ThreadPoolExecutor$Worker.run(ThreadPoolExecutor.java:624)
	at java.lang.Thread.run(Thread.java:748)
</pre></div></td>
<td>0</td>
<td>com.ca.tds.main.TDSFlowTest@5d58c727</td></tr>
<tr>
<td title='com.ca.tds.main.TDSFlowTest.verifyAPI()'><b>verifyAPI</b><br>Test class: com.ca.tds.main.TDSFlowTest</td>
<td><div><pre>org.testng.SkipException: Skipping [verifyAPI] because the [verifyApiRequired] assumption(s) do not hold.
	at nl.javadude.assumeng.AssumptionListener.beforeInvocation(AssumptionListener.java:43)
	at java.util.concurrent.ThreadPoolExecutor.runWorker(ThreadPoolExecutor.java:1149)
	at java.util.concurrent.ThreadPoolExecutor$Worker.run(ThreadPoolExecutor.java:624)
	at java.lang.Thread.run(Thread.java:748)
... Removed 8 stack frames</pre></div><a href='#' onClick='toggleBox("stack-trace921951938", this, "Click to show all stack frames", "Click to hide stack frames")'>Click to show all stack frames</a>
<div class='stack-trace' id='stack-trace921951938'><pre>org.testng.SkipException: Skipping [verifyAPI] because the [verifyApiRequired] assumption(s) do not hold.
	at nl.javadude.assumeng.AssumptionListener.beforeInvocation(AssumptionListener.java:43)
	at org.testng.internal.invokers.InvokedMethodListenerInvoker$InvokeBeforeInvocationWithoutContextStrategy.callMethod(InvokedMethodListenerInvoker.java:84)
	at org.testng.internal.invokers.InvokedMethodListenerInvoker.invokeListener(InvokedMethodListenerInvoker.java:62)
	at org.testng.internal.Invoker.runInvokedMethodListeners(Invoker.java:552)
	at org.testng.internal.Invoker.invokeMethod(Invoker.java:617)
	at org.testng.internal.Invoker.invokeTestMethod(Invoker.java:821)
	at org.testng.internal.Invoker.invokeTestMethods(Invoker.java:1131)
	at org.testng.internal.TestMethodWorker.invokeTestMethods(TestMethodWorker.java:124)
	at org.testng.internal.TestMethodWorker.run(TestMethodWorker.java:108)
	at java.util.concurrent.ThreadPoolExecutor.runWorker(ThreadPoolExecutor.java:1149)
	at java.util.concurrent.ThreadPoolExecutor$Worker.run(ThreadPoolExecutor.java:624)
	at java.lang.Thread.run(Thread.java:748)
</pre></div></td>
<td>0</td>
<td>com.ca.tds.main.TDSFlowTest@7e8a46b7</td></tr>
<tr>
<td title='com.ca.tds.main.TDSFlowTest.verifyAPI()'><b>verifyAPI</b><br>Test class: com.ca.tds.main.TDSFlowTest</td>
<td><div><pre>org.testng.SkipException: Skipping [verifyAPI] because the [verifyApiRequired] assumption(s) do not hold.
	at nl.javadude.assumeng.AssumptionListener.beforeInvocation(AssumptionListener.java:43)
	at java.util.concurrent.ThreadPoolExecutor.runWorker(ThreadPoolExecutor.java:1149)
	at java.util.concurrent.ThreadPoolExecutor$Worker.run(ThreadPoolExecutor.java:624)
	at java.lang.Thread.run(Thread.java:748)
... Removed 8 stack frames</pre></div><a href='#' onClick='toggleBox("stack-trace1413750672", this, "Click to show all stack frames", "Click to hide stack frames")'>Click to show all stack frames</a>
<div class='stack-trace' id='stack-trace1413750672'><pre>org.testng.SkipException: Skipping [verifyAPI] because the [verifyApiRequired] assumption(s) do not hold.
	at nl.javadude.assumeng.AssumptionListener.beforeInvocation(AssumptionListener.java:43)
	at org.testng.internal.invokers.InvokedMethodListenerInvoker$InvokeBeforeInvocationWithoutContextStrategy.callMethod(InvokedMethodListenerInvoker.java:84)
	at org.testng.internal.invokers.InvokedMethodListenerInvoker.invokeListener(InvokedMethodListenerInvoker.java:62)
	at org.testng.internal.Invoker.runInvokedMethodListeners(Invoker.java:552)
	at org.testng.internal.Invoker.invokeMethod(Invoker.java:617)
	at org.testng.internal.Invoker.invokeTestMethod(Invoker.java:821)
	at org.testng.internal.Invoker.invokeTestMethods(Invoker.java:1131)
	at org.testng.internal.TestMethodWorker.invokeTestMethods(TestMethodWorker.java:124)
	at org.testng.internal.TestMethodWorker.run(TestMethodWorker.java:108)
	at java.util.concurrent.ThreadPoolExecutor.runWorker(ThreadPoolExecutor.java:1149)
	at java.util.concurrent.ThreadPoolExecutor$Worker.run(ThreadPoolExecutor.java:624)
	at java.lang.Thread.run(Thread.java:748)
</pre></div></td>
<td>0</td>
<td>com.ca.tds.main.TDSFlowTest@1869f114</td></tr>
<tr>
<td title='com.ca.tds.main.TDSFlowTest.verifyAPI()'><b>verifyAPI</b><br>Test class: com.ca.tds.main.TDSFlowTest</td>
<td><div><pre>org.testng.SkipException: Skipping [verifyAPI] because the [verifyApiRequired] assumption(s) do not hold.
	at nl.javadude.assumeng.AssumptionListener.beforeInvocation(AssumptionListener.java:43)
	at java.util.concurrent.ThreadPoolExecutor.runWorker(ThreadPoolExecutor.java:1149)
	at java.util.concurrent.ThreadPoolExecutor$Worker.run(ThreadPoolExecutor.java:624)
	at java.lang.Thread.run(Thread.java:748)
... Removed 8 stack frames</pre></div><a href='#' onClick='toggleBox("stack-trace1474184542", this, "Click to show all stack frames", "Click to hide stack frames")'>Click to show all stack frames</a>
<div class='stack-trace' id='stack-trace1474184542'><pre>org.testng.SkipException: Skipping [verifyAPI] because the [verifyApiRequired] assumption(s) do not hold.
	at nl.javadude.assumeng.AssumptionListener.beforeInvocation(AssumptionListener.java:43)
	at org.testng.internal.invokers.InvokedMethodListenerInvoker$InvokeBeforeInvocationWithoutContextStrategy.callMethod(InvokedMethodListenerInvoker.java:84)
	at org.testng.internal.invokers.InvokedMethodListenerInvoker.invokeListener(InvokedMethodListenerInvoker.java:62)
	at org.testng.internal.Invoker.runInvokedMethodListeners(Invoker.java:552)
	at org.testng.internal.Invoker.invokeMethod(Invoker.java:617)
	at org.testng.internal.Invoker.invokeTestMethod(Invoker.java:821)
	at org.testng.internal.Invoker.invokeTestMethods(Invoker.java:1131)
	at org.testng.internal.TestMethodWorker.invokeTestMethods(TestMethodWorker.java:124)
	at org.testng.internal.TestMethodWorker.run(TestMethodWorker.java:108)
	at java.util.concurrent.ThreadPoolExecutor.runWorker(ThreadPoolExecutor.java:1149)
	at java.util.concurrent.ThreadPoolExecutor$Worker.run(ThreadPoolExecutor.java:624)
	at java.lang.Thread.run(Thread.java:748)
</pre></div></td>
<td>0</td>
<td>com.ca.tds.main.TDSFlowTest@37a64f9d</td></tr>
<tr>
<td title='com.ca.tds.main.TDSFlowTest.verifyAPI()'><b>verifyAPI</b><br>Test class: com.ca.tds.main.TDSFlowTest</td>
<td><div><pre>org.testng.SkipException: Skipping [verifyAPI] because the [verifyApiRequired] assumption(s) do not hold.
	at nl.javadude.assumeng.AssumptionListener.beforeInvocation(AssumptionListener.java:43)
	at java.util.concurrent.ThreadPoolExecutor.runWorker(ThreadPoolExecutor.java:1149)
	at java.util.concurrent.ThreadPoolExecutor$Worker.run(ThreadPoolExecutor.java:624)
	at java.lang.Thread.run(Thread.java:748)
... Removed 8 stack frames</pre></div><a href='#' onClick='toggleBox("stack-trace77766412", this, "Click to show all stack frames", "Click to hide stack frames")'>Click to show all stack frames</a>
<div class='stack-trace' id='stack-trace77766412'><pre>org.testng.SkipException: Skipping [verifyAPI] because the [verifyApiRequired] assumption(s) do not hold.
	at nl.javadude.assumeng.AssumptionListener.beforeInvocation(AssumptionListener.java:43)
	at org.testng.internal.invokers.InvokedMethodListenerInvoker$InvokeBeforeInvocationWithoutContextStrategy.callMethod(InvokedMethodListenerInvoker.java:84)
	at org.testng.internal.invokers.InvokedMethodListenerInvoker.invokeListener(InvokedMethodListenerInvoker.java:62)
	at org.testng.internal.Invoker.runInvokedMethodListeners(Invoker.java:552)
	at org.testng.internal.Invoker.invokeMethod(Invoker.java:617)
	at org.testng.internal.Invoker.invokeTestMethod(Invoker.java:821)
	at org.testng.internal.Invoker.invokeTestMethods(Invoker.java:1131)
	at org.testng.internal.TestMethodWorker.invokeTestMethods(TestMethodWorker.java:124)
	at org.testng.internal.TestMethodWorker.run(TestMethodWorker.java:108)
	at java.util.concurrent.ThreadPoolExecutor.runWorker(ThreadPoolExecutor.java:1149)
	at java.util.concurrent.ThreadPoolExecutor$Worker.run(ThreadPoolExecutor.java:624)
	at java.lang.Thread.run(Thread.java:748)
</pre></div></td>
<td>0</td>
<td>com.ca.tds.main.TDSFlowTest@6872f9c8</td></tr>
<tr>
<td title='com.ca.tds.main.TDSFlowTest.verifyAPI()'><b>verifyAPI</b><br>Test class: com.ca.tds.main.TDSFlowTest</td>
<td><div><pre>org.testng.SkipException: Skipping [verifyAPI] because the [verifyApiRequired] assumption(s) do not hold.
	at nl.javadude.assumeng.AssumptionListener.beforeInvocation(AssumptionListener.java:43)
	at java.util.concurrent.ThreadPoolExecutor.runWorker(ThreadPoolExecutor.java:1149)
	at java.util.concurrent.ThreadPoolExecutor$Worker.run(ThreadPoolExecutor.java:624)
	at java.lang.Thread.run(Thread.java:748)
... Removed 8 stack frames</pre></div><a href='#' onClick='toggleBox("stack-trace726313511", this, "Click to show all stack frames", "Click to hide stack frames")'>Click to show all stack frames</a>
<div class='stack-trace' id='stack-trace726313511'><pre>org.testng.SkipException: Skipping [verifyAPI] because the [verifyApiRequired] assumption(s) do not hold.
	at nl.javadude.assumeng.AssumptionListener.beforeInvocation(AssumptionListener.java:43)
	at org.testng.internal.invokers.InvokedMethodListenerInvoker$InvokeBeforeInvocationWithoutContextStrategy.callMethod(InvokedMethodListenerInvoker.java:84)
	at org.testng.internal.invokers.InvokedMethodListenerInvoker.invokeListener(InvokedMethodListenerInvoker.java:62)
	at org.testng.internal.Invoker.runInvokedMethodListeners(Invoker.java:552)
	at org.testng.internal.Invoker.invokeMethod(Invoker.java:617)
	at org.testng.internal.Invoker.invokeTestMethod(Invoker.java:821)
	at org.testng.internal.Invoker.invokeTestMethods(Invoker.java:1131)
	at org.testng.internal.TestMethodWorker.invokeTestMethods(TestMethodWorker.java:124)
	at org.testng.internal.TestMethodWorker.run(TestMethodWorker.java:108)
	at java.util.concurrent.ThreadPoolExecutor.runWorker(ThreadPoolExecutor.java:1149)
	at java.util.concurrent.ThreadPoolExecutor$Worker.run(ThreadPoolExecutor.java:624)
	at java.lang.Thread.run(Thread.java:748)
</pre></div></td>
<td>0</td>
<td>com.ca.tds.main.TDSFlowTest@6df7988f</td></tr>
<tr>
<td title='com.ca.tds.main.TDSFlowTest.verifyAPI()'><b>verifyAPI</b><br>Test class: com.ca.tds.main.TDSFlowTest</td>
<td><div><pre>org.testng.SkipException: Skipping [verifyAPI] because the [verifyApiRequired] assumption(s) do not hold.
	at nl.javadude.assumeng.AssumptionListener.beforeInvocation(AssumptionListener.java:43)
	at java.util.concurrent.ThreadPoolExecutor.runWorker(ThreadPoolExecutor.java:1149)
	at java.util.concurrent.ThreadPoolExecutor$Worker.run(ThreadPoolExecutor.java:624)
	at java.lang.Thread.run(Thread.java:748)
... Removed 8 stack frames</pre></div><a href='#' onClick='toggleBox("stack-trace1088128313", this, "Click to show all stack frames", "Click to hide stack frames")'>Click to show all stack frames</a>
<div class='stack-trace' id='stack-trace1088128313'><pre>org.testng.SkipException: Skipping [verifyAPI] because the [verifyApiRequired] assumption(s) do not hold.
	at nl.javadude.assumeng.AssumptionListener.beforeInvocation(AssumptionListener.java:43)
	at org.testng.internal.invokers.InvokedMethodListenerInvoker$InvokeBeforeInvocationWithoutContextStrategy.callMethod(InvokedMethodListenerInvoker.java:84)
	at org.testng.internal.invokers.InvokedMethodListenerInvoker.invokeListener(InvokedMethodListenerInvoker.java:62)
	at org.testng.internal.Invoker.runInvokedMethodListeners(Invoker.java:552)
	at org.testng.internal.Invoker.invokeMethod(Invoker.java:617)
	at org.testng.internal.Invoker.invokeTestMethod(Invoker.java:821)
	at org.testng.internal.Invoker.invokeTestMethods(Invoker.java:1131)
	at org.testng.internal.TestMethodWorker.invokeTestMethods(TestMethodWorker.java:124)
	at org.testng.internal.TestMethodWorker.run(TestMethodWorker.java:108)
	at java.util.concurrent.ThreadPoolExecutor.runWorker(ThreadPoolExecutor.java:1149)
	at java.util.concurrent.ThreadPoolExecutor$Worker.run(ThreadPoolExecutor.java:624)
	at java.lang.Thread.run(Thread.java:748)
</pre></div></td>
<td>0</td>
<td>com.ca.tds.main.TDSFlowTest@5e3a39cd</td></tr>
<tr>
<td title='com.ca.tds.main.TDSFlowTest.verifyAPI()'><b>verifyAPI</b><br>Test class: com.ca.tds.main.TDSFlowTest</td>
<td><div><pre>org.testng.SkipException: Skipping [verifyAPI] because the [verifyApiRequired] assumption(s) do not hold.
	at nl.javadude.assumeng.AssumptionListener.beforeInvocation(AssumptionListener.java:43)
	at java.util.concurrent.ThreadPoolExecutor.runWorker(ThreadPoolExecutor.java:1149)
	at java.util.concurrent.ThreadPoolExecutor$Worker.run(ThreadPoolExecutor.java:624)
	at java.lang.Thread.run(Thread.java:748)
... Removed 8 stack frames</pre></div><a href='#' onClick='toggleBox("stack-trace1672791965", this, "Click to show all stack frames", "Click to hide stack frames")'>Click to show all stack frames</a>
<div class='stack-trace' id='stack-trace1672791965'><pre>org.testng.SkipException: Skipping [verifyAPI] because the [verifyApiRequired] assumption(s) do not hold.
	at nl.javadude.assumeng.AssumptionListener.beforeInvocation(AssumptionListener.java:43)
	at org.testng.internal.invokers.InvokedMethodListenerInvoker$InvokeBeforeInvocationWithoutContextStrategy.callMethod(InvokedMethodListenerInvoker.java:84)
	at org.testng.internal.invokers.InvokedMethodListenerInvoker.invokeListener(InvokedMethodListenerInvoker.java:62)
	at org.testng.internal.Invoker.runInvokedMethodListeners(Invoker.java:552)
	at org.testng.internal.Invoker.invokeMethod(Invoker.java:617)
	at org.testng.internal.Invoker.invokeTestMethod(Invoker.java:821)
	at org.testng.internal.Invoker.invokeTestMethods(Invoker.java:1131)
	at org.testng.internal.TestMethodWorker.invokeTestMethods(TestMethodWorker.java:124)
	at org.testng.internal.TestMethodWorker.run(TestMethodWorker.java:108)
	at java.util.concurrent.ThreadPoolExecutor.runWorker(ThreadPoolExecutor.java:1149)
	at java.util.concurrent.ThreadPoolExecutor$Worker.run(ThreadPoolExecutor.java:624)
	at java.lang.Thread.run(Thread.java:748)
</pre></div></td>
<td>0</td>
<td>com.ca.tds.main.TDSFlowTest@22fba58c</td></tr>
<tr>
<td title='com.ca.tds.main.TDSFlowTest.verifyAPI()'><b>verifyAPI</b><br>Test class: com.ca.tds.main.TDSFlowTest</td>
<td><div><pre>org.testng.SkipException: Skipping [verifyAPI] because the [verifyApiRequired] assumption(s) do not hold.
	at nl.javadude.assumeng.AssumptionListener.beforeInvocation(AssumptionListener.java:43)
	at java.util.concurrent.ThreadPoolExecutor.runWorker(ThreadPoolExecutor.java:1149)
	at java.util.concurrent.ThreadPoolExecutor$Worker.run(ThreadPoolExecutor.java:624)
	at java.lang.Thread.run(Thread.java:748)
... Removed 8 stack frames</pre></div><a href='#' onClick='toggleBox("stack-trace1991444633", this, "Click to show all stack frames", "Click to hide stack frames")'>Click to show all stack frames</a>
<div class='stack-trace' id='stack-trace1991444633'><pre>org.testng.SkipException: Skipping [verifyAPI] because the [verifyApiRequired] assumption(s) do not hold.
	at nl.javadude.assumeng.AssumptionListener.beforeInvocation(AssumptionListener.java:43)
	at org.testng.internal.invokers.InvokedMethodListenerInvoker$InvokeBeforeInvocationWithoutContextStrategy.callMethod(InvokedMethodListenerInvoker.java:84)
	at org.testng.internal.invokers.InvokedMethodListenerInvoker.invokeListener(InvokedMethodListenerInvoker.java:62)
	at org.testng.internal.Invoker.runInvokedMethodListeners(Invoker.java:552)
	at org.testng.internal.Invoker.invokeMethod(Invoker.java:617)
	at org.testng.internal.Invoker.invokeTestMethod(Invoker.java:821)
	at org.testng.internal.Invoker.invokeTestMethods(Invoker.java:1131)
	at org.testng.internal.TestMethodWorker.invokeTestMethods(TestMethodWorker.java:124)
	at org.testng.internal.TestMethodWorker.run(TestMethodWorker.java:108)
	at java.util.concurrent.ThreadPoolExecutor.runWorker(ThreadPoolExecutor.java:1149)
	at java.util.concurrent.ThreadPoolExecutor$Worker.run(ThreadPoolExecutor.java:624)
	at java.lang.Thread.run(Thread.java:748)
</pre></div></td>
<td>0</td>
<td>com.ca.tds.main.TDSFlowTest@52a36910</td></tr>
<tr>
<td title='com.ca.tds.main.TDSFlowTest.verifyAPI()'><b>verifyAPI</b><br>Test class: com.ca.tds.main.TDSFlowTest</td>
<td><div><pre>org.testng.SkipException: Skipping [verifyAPI] because the [verifyApiRequired] assumption(s) do not hold.
	at nl.javadude.assumeng.AssumptionListener.beforeInvocation(AssumptionListener.java:43)
	at java.util.concurrent.ThreadPoolExecutor.runWorker(ThreadPoolExecutor.java:1149)
	at java.util.concurrent.ThreadPoolExecutor$Worker.run(ThreadPoolExecutor.java:624)
	at java.lang.Thread.run(Thread.java:748)
... Removed 8 stack frames</pre></div><a href='#' onClick='toggleBox("stack-trace2053969560", this, "Click to show all stack frames", "Click to hide stack frames")'>Click to show all stack frames</a>
<div class='stack-trace' id='stack-trace2053969560'><pre>org.testng.SkipException: Skipping [verifyAPI] because the [verifyApiRequired] assumption(s) do not hold.
	at nl.javadude.assumeng.AssumptionListener.beforeInvocation(AssumptionListener.java:43)
	at org.testng.internal.invokers.InvokedMethodListenerInvoker$InvokeBeforeInvocationWithoutContextStrategy.callMethod(InvokedMethodListenerInvoker.java:84)
	at org.testng.internal.invokers.InvokedMethodListenerInvoker.invokeListener(InvokedMethodListenerInvoker.java:62)
	at org.testng.internal.Invoker.runInvokedMethodListeners(Invoker.java:552)
	at org.testng.internal.Invoker.invokeMethod(Invoker.java:617)
	at org.testng.internal.Invoker.invokeTestMethod(Invoker.java:821)
	at org.testng.internal.Invoker.invokeTestMethods(Invoker.java:1131)
	at org.testng.internal.TestMethodWorker.invokeTestMethods(TestMethodWorker.java:124)
	at org.testng.internal.TestMethodWorker.run(TestMethodWorker.java:108)
	at java.util.concurrent.ThreadPoolExecutor.runWorker(ThreadPoolExecutor.java:1149)
	at java.util.concurrent.ThreadPoolExecutor$Worker.run(ThreadPoolExecutor.java:624)
	at java.lang.Thread.run(Thread.java:748)
</pre></div></td>
<td>0</td>
<td>com.ca.tds.main.TDSFlowTest@6079cf5</td></tr>
<tr>
<td title='com.ca.tds.main.TDSFlowTest.verifyAPI()'><b>verifyAPI</b><br>Test class: com.ca.tds.main.TDSFlowTest</td>
<td><div><pre>org.testng.SkipException: Skipping [verifyAPI] because the [verifyApiRequired] assumption(s) do not hold.
	at nl.javadude.assumeng.AssumptionListener.beforeInvocation(AssumptionListener.java:43)
	at java.util.concurrent.ThreadPoolExecutor.runWorker(ThreadPoolExecutor.java:1149)
	at java.util.concurrent.ThreadPoolExecutor$Worker.run(ThreadPoolExecutor.java:624)
	at java.lang.Thread.run(Thread.java:748)
... Removed 8 stack frames</pre></div><a href='#' onClick='toggleBox("stack-trace1332205479", this, "Click to show all stack frames", "Click to hide stack frames")'>Click to show all stack frames</a>
<div class='stack-trace' id='stack-trace1332205479'><pre>org.testng.SkipException: Skipping [verifyAPI] because the [verifyApiRequired] assumption(s) do not hold.
	at nl.javadude.assumeng.AssumptionListener.beforeInvocation(AssumptionListener.java:43)
	at org.testng.internal.invokers.InvokedMethodListenerInvoker$InvokeBeforeInvocationWithoutContextStrategy.callMethod(InvokedMethodListenerInvoker.java:84)
	at org.testng.internal.invokers.InvokedMethodListenerInvoker.invokeListener(InvokedMethodListenerInvoker.java:62)
	at org.testng.internal.Invoker.runInvokedMethodListeners(Invoker.java:552)
	at org.testng.internal.Invoker.invokeMethod(Invoker.java:617)
	at org.testng.internal.Invoker.invokeTestMethod(Invoker.java:821)
	at org.testng.internal.Invoker.invokeTestMethods(Invoker.java:1131)
	at org.testng.internal.TestMethodWorker.invokeTestMethods(TestMethodWorker.java:124)
	at org.testng.internal.TestMethodWorker.run(TestMethodWorker.java:108)
	at java.util.concurrent.ThreadPoolExecutor.runWorker(ThreadPoolExecutor.java:1149)
	at java.util.concurrent.ThreadPoolExecutor$Worker.run(ThreadPoolExecutor.java:624)
	at java.lang.Thread.run(Thread.java:748)
</pre></div></td>
<td>0</td>
<td>com.ca.tds.main.TDSFlowTest@488b50ec</td></tr>
<tr>
<td title='com.ca.tds.main.TDSFlowTest.verifyAPI()'><b>verifyAPI</b><br>Test class: com.ca.tds.main.TDSFlowTest</td>
<td><div><pre>org.testng.SkipException: Skipping [verifyAPI] because the [verifyApiRequired] assumption(s) do not hold.
	at nl.javadude.assumeng.AssumptionListener.beforeInvocation(AssumptionListener.java:43)
	at java.util.concurrent.ThreadPoolExecutor.runWorker(ThreadPoolExecutor.java:1149)
	at java.util.concurrent.ThreadPoolExecutor$Worker.run(ThreadPoolExecutor.java:624)
	at java.lang.Thread.run(Thread.java:748)
... Removed 8 stack frames</pre></div><a href='#' onClick='toggleBox("stack-trace937936541", this, "Click to show all stack frames", "Click to hide stack frames")'>Click to show all stack frames</a>
<div class='stack-trace' id='stack-trace937936541'><pre>org.testng.SkipException: Skipping [verifyAPI] because the [verifyApiRequired] assumption(s) do not hold.
	at nl.javadude.assumeng.AssumptionListener.beforeInvocation(AssumptionListener.java:43)
	at org.testng.internal.invokers.InvokedMethodListenerInvoker$InvokeBeforeInvocationWithoutContextStrategy.callMethod(InvokedMethodListenerInvoker.java:84)
	at org.testng.internal.invokers.InvokedMethodListenerInvoker.invokeListener(InvokedMethodListenerInvoker.java:62)
	at org.testng.internal.Invoker.runInvokedMethodListeners(Invoker.java:552)
	at org.testng.internal.Invoker.invokeMethod(Invoker.java:617)
	at org.testng.internal.Invoker.invokeTestMethod(Invoker.java:821)
	at org.testng.internal.Invoker.invokeTestMethods(Invoker.java:1131)
	at org.testng.internal.TestMethodWorker.invokeTestMethods(TestMethodWorker.java:124)
	at org.testng.internal.TestMethodWorker.run(TestMethodWorker.java:108)
	at java.util.concurrent.ThreadPoolExecutor.runWorker(ThreadPoolExecutor.java:1149)
	at java.util.concurrent.ThreadPoolExecutor$Worker.run(ThreadPoolExecutor.java:624)
	at java.lang.Thread.run(Thread.java:748)
</pre></div></td>
<td>0</td>
<td>com.ca.tds.main.TDSFlowTest@2fe88a09</td></tr>
<tr>
<td title='com.ca.tds.main.TDSFlowTest.verifyAPI()'><b>verifyAPI</b><br>Test class: com.ca.tds.main.TDSFlowTest</td>
<td><div><pre>org.testng.SkipException: Skipping [verifyAPI] because the [verifyApiRequired] assumption(s) do not hold.
	at nl.javadude.assumeng.AssumptionListener.beforeInvocation(AssumptionListener.java:43)
	at java.util.concurrent.ThreadPoolExecutor.runWorker(ThreadPoolExecutor.java:1149)
	at java.util.concurrent.ThreadPoolExecutor$Worker.run(ThreadPoolExecutor.java:624)
	at java.lang.Thread.run(Thread.java:748)
... Removed 8 stack frames</pre></div><a href='#' onClick='toggleBox("stack-trace1259732806", this, "Click to show all stack frames", "Click to hide stack frames")'>Click to show all stack frames</a>
<div class='stack-trace' id='stack-trace1259732806'><pre>org.testng.SkipException: Skipping [verifyAPI] because the [verifyApiRequired] assumption(s) do not hold.
	at nl.javadude.assumeng.AssumptionListener.beforeInvocation(AssumptionListener.java:43)
	at org.testng.internal.invokers.InvokedMethodListenerInvoker$InvokeBeforeInvocationWithoutContextStrategy.callMethod(InvokedMethodListenerInvoker.java:84)
	at org.testng.internal.invokers.InvokedMethodListenerInvoker.invokeListener(InvokedMethodListenerInvoker.java:62)
	at org.testng.internal.Invoker.runInvokedMethodListeners(Invoker.java:552)
	at org.testng.internal.Invoker.invokeMethod(Invoker.java:617)
	at org.testng.internal.Invoker.invokeTestMethod(Invoker.java:821)
	at org.testng.internal.Invoker.invokeTestMethods(Invoker.java:1131)
	at org.testng.internal.TestMethodWorker.invokeTestMethods(TestMethodWorker.java:124)
	at org.testng.internal.TestMethodWorker.run(TestMethodWorker.java:108)
	at java.util.concurrent.ThreadPoolExecutor.runWorker(ThreadPoolExecutor.java:1149)
	at java.util.concurrent.ThreadPoolExecutor$Worker.run(ThreadPoolExecutor.java:624)
	at java.lang.Thread.run(Thread.java:748)
</pre></div></td>
<td>0</td>
<td>com.ca.tds.main.TDSFlowTest@59942b48</td></tr>
<tr>
<td title='com.ca.tds.main.TDSFlowTest.verifyAPI()'><b>verifyAPI</b><br>Test class: com.ca.tds.main.TDSFlowTest</td>
<td><div><pre>org.testng.SkipException: Skipping [verifyAPI] because the [verifyApiRequired] assumption(s) do not hold.
	at nl.javadude.assumeng.AssumptionListener.beforeInvocation(AssumptionListener.java:43)
	at java.util.concurrent.ThreadPoolExecutor.runWorker(ThreadPoolExecutor.java:1149)
	at java.util.concurrent.ThreadPoolExecutor$Worker.run(ThreadPoolExecutor.java:624)
	at java.lang.Thread.run(Thread.java:748)
... Removed 8 stack frames</pre></div><a href='#' onClick='toggleBox("stack-trace1111137137", this, "Click to show all stack frames", "Click to hide stack frames")'>Click to show all stack frames</a>
<div class='stack-trace' id='stack-trace1111137137'><pre>org.testng.SkipException: Skipping [verifyAPI] because the [verifyApiRequired] assumption(s) do not hold.
	at nl.javadude.assumeng.AssumptionListener.beforeInvocation(AssumptionListener.java:43)
	at org.testng.internal.invokers.InvokedMethodListenerInvoker$InvokeBeforeInvocationWithoutContextStrategy.callMethod(InvokedMethodListenerInvoker.java:84)
	at org.testng.internal.invokers.InvokedMethodListenerInvoker.invokeListener(InvokedMethodListenerInvoker.java:62)
	at org.testng.internal.Invoker.runInvokedMethodListeners(Invoker.java:552)
	at org.testng.internal.Invoker.invokeMethod(Invoker.java:617)
	at org.testng.internal.Invoker.invokeTestMethod(Invoker.java:821)
	at org.testng.internal.Invoker.invokeTestMethods(Invoker.java:1131)
	at org.testng.internal.TestMethodWorker.invokeTestMethods(TestMethodWorker.java:124)
	at org.testng.internal.TestMethodWorker.run(TestMethodWorker.java:108)
	at java.util.concurrent.ThreadPoolExecutor.runWorker(ThreadPoolExecutor.java:1149)
	at java.util.concurrent.ThreadPoolExecutor$Worker.run(ThreadPoolExecutor.java:624)
	at java.lang.Thread.run(Thread.java:748)
</pre></div></td>
<td>0</td>
<td>com.ca.tds.main.TDSFlowTest@66bfd864</td></tr>
<tr>
<td title='com.ca.tds.main.TDSFlowTest.verifyAPI()'><b>verifyAPI</b><br>Test class: com.ca.tds.main.TDSFlowTest</td>
<td><div><pre>org.testng.SkipException: Skipping [verifyAPI] because the [verifyApiRequired] assumption(s) do not hold.
	at nl.javadude.assumeng.AssumptionListener.beforeInvocation(AssumptionListener.java:43)
	at java.util.concurrent.ThreadPoolExecutor.runWorker(ThreadPoolExecutor.java:1149)
	at java.util.concurrent.ThreadPoolExecutor$Worker.run(ThreadPoolExecutor.java:624)
	at java.lang.Thread.run(Thread.java:748)
... Removed 8 stack frames</pre></div><a href='#' onClick='toggleBox("stack-trace850902625", this, "Click to show all stack frames", "Click to hide stack frames")'>Click to show all stack frames</a>
<div class='stack-trace' id='stack-trace850902625'><pre>org.testng.SkipException: Skipping [verifyAPI] because the [verifyApiRequired] assumption(s) do not hold.
	at nl.javadude.assumeng.AssumptionListener.beforeInvocation(AssumptionListener.java:43)
	at org.testng.internal.invokers.InvokedMethodListenerInvoker$InvokeBeforeInvocationWithoutContextStrategy.callMethod(InvokedMethodListenerInvoker.java:84)
	at org.testng.internal.invokers.InvokedMethodListenerInvoker.invokeListener(InvokedMethodListenerInvoker.java:62)
	at org.testng.internal.Invoker.runInvokedMethodListeners(Invoker.java:552)
	at org.testng.internal.Invoker.invokeMethod(Invoker.java:617)
	at org.testng.internal.Invoker.invokeTestMethod(Invoker.java:821)
	at org.testng.internal.Invoker.invokeTestMethods(Invoker.java:1131)
	at org.testng.internal.TestMethodWorker.invokeTestMethods(TestMethodWorker.java:124)
	at org.testng.internal.TestMethodWorker.run(TestMethodWorker.java:108)
	at java.util.concurrent.ThreadPoolExecutor.runWorker(ThreadPoolExecutor.java:1149)
	at java.util.concurrent.ThreadPoolExecutor$Worker.run(ThreadPoolExecutor.java:624)
	at java.lang.Thread.run(Thread.java:748)
</pre></div></td>
<td>0</td>
<td>com.ca.tds.main.TDSFlowTest@21fff664</td></tr>
<tr>
<td title='com.ca.tds.main.TDSFlowTest.verifyAPI()'><b>verifyAPI</b><br>Test class: com.ca.tds.main.TDSFlowTest</td>
<td><div><pre>org.testng.SkipException: Skipping [verifyAPI] because the [verifyApiRequired] assumption(s) do not hold.
	at nl.javadude.assumeng.AssumptionListener.beforeInvocation(AssumptionListener.java:43)
	at java.util.concurrent.ThreadPoolExecutor.runWorker(ThreadPoolExecutor.java:1149)
	at java.util.concurrent.ThreadPoolExecutor$Worker.run(ThreadPoolExecutor.java:624)
	at java.lang.Thread.run(Thread.java:748)
... Removed 8 stack frames</pre></div><a href='#' onClick='toggleBox("stack-trace1014676429", this, "Click to show all stack frames", "Click to hide stack frames")'>Click to show all stack frames</a>
<div class='stack-trace' id='stack-trace1014676429'><pre>org.testng.SkipException: Skipping [verifyAPI] because the [verifyApiRequired] assumption(s) do not hold.
	at nl.javadude.assumeng.AssumptionListener.beforeInvocation(AssumptionListener.java:43)
	at org.testng.internal.invokers.InvokedMethodListenerInvoker$InvokeBeforeInvocationWithoutContextStrategy.callMethod(InvokedMethodListenerInvoker.java:84)
	at org.testng.internal.invokers.InvokedMethodListenerInvoker.invokeListener(InvokedMethodListenerInvoker.java:62)
	at org.testng.internal.Invoker.runInvokedMethodListeners(Invoker.java:552)
	at org.testng.internal.Invoker.invokeMethod(Invoker.java:617)
	at org.testng.internal.Invoker.invokeTestMethod(Invoker.java:821)
	at org.testng.internal.Invoker.invokeTestMethods(Invoker.java:1131)
	at org.testng.internal.TestMethodWorker.invokeTestMethods(TestMethodWorker.java:124)
	at org.testng.internal.TestMethodWorker.run(TestMethodWorker.java:108)
	at java.util.concurrent.ThreadPoolExecutor.runWorker(ThreadPoolExecutor.java:1149)
	at java.util.concurrent.ThreadPoolExecutor$Worker.run(ThreadPoolExecutor.java:624)
	at java.lang.Thread.run(Thread.java:748)
</pre></div></td>
<td>0</td>
<td>com.ca.tds.main.TDSFlowTest@201aa8c1</td></tr>
<tr>
<td title='com.ca.tds.main.TDSFlowTest.verifyAPI()'><b>verifyAPI</b><br>Test class: com.ca.tds.main.TDSFlowTest</td>
<td><div><pre>org.testng.SkipException: Skipping [verifyAPI] because the [verifyApiRequired] assumption(s) do not hold.
	at nl.javadude.assumeng.AssumptionListener.beforeInvocation(AssumptionListener.java:43)
	at java.util.concurrent.ThreadPoolExecutor.runWorker(ThreadPoolExecutor.java:1149)
	at java.util.concurrent.ThreadPoolExecutor$Worker.run(ThreadPoolExecutor.java:624)
	at java.lang.Thread.run(Thread.java:748)
... Removed 8 stack frames</pre></div><a href='#' onClick='toggleBox("stack-trace159638287", this, "Click to show all stack frames", "Click to hide stack frames")'>Click to show all stack frames</a>
<div class='stack-trace' id='stack-trace159638287'><pre>org.testng.SkipException: Skipping [verifyAPI] because the [verifyApiRequired] assumption(s) do not hold.
	at nl.javadude.assumeng.AssumptionListener.beforeInvocation(AssumptionListener.java:43)
	at org.testng.internal.invokers.InvokedMethodListenerInvoker$InvokeBeforeInvocationWithoutContextStrategy.callMethod(InvokedMethodListenerInvoker.java:84)
	at org.testng.internal.invokers.InvokedMethodListenerInvoker.invokeListener(InvokedMethodListenerInvoker.java:62)
	at org.testng.internal.Invoker.runInvokedMethodListeners(Invoker.java:552)
	at org.testng.internal.Invoker.invokeMethod(Invoker.java:617)
	at org.testng.internal.Invoker.invokeTestMethod(Invoker.java:821)
	at org.testng.internal.Invoker.invokeTestMethods(Invoker.java:1131)
	at org.testng.internal.TestMethodWorker.invokeTestMethods(TestMethodWorker.java:124)
	at org.testng.internal.TestMethodWorker.run(TestMethodWorker.java:108)
	at java.util.concurrent.ThreadPoolExecutor.runWorker(ThreadPoolExecutor.java:1149)
	at java.util.concurrent.ThreadPoolExecutor$Worker.run(ThreadPoolExecutor.java:624)
	at java.lang.Thread.run(Thread.java:748)
</pre></div></td>
<td>0</td>
<td>com.ca.tds.main.TDSFlowTest@18a645fd</td></tr>
<tr>
<td title='com.ca.tds.main.TDSFlowTest.verifyAPI()'><b>verifyAPI</b><br>Test class: com.ca.tds.main.TDSFlowTest</td>
<td><div><pre>org.testng.SkipException: Skipping [verifyAPI] because the [verifyApiRequired] assumption(s) do not hold.
	at nl.javadude.assumeng.AssumptionListener.beforeInvocation(AssumptionListener.java:43)
	at java.util.concurrent.ThreadPoolExecutor.runWorker(ThreadPoolExecutor.java:1149)
	at java.util.concurrent.ThreadPoolExecutor$Worker.run(ThreadPoolExecutor.java:624)
	at java.lang.Thread.run(Thread.java:748)
... Removed 8 stack frames</pre></div><a href='#' onClick='toggleBox("stack-trace1665966489", this, "Click to show all stack frames", "Click to hide stack frames")'>Click to show all stack frames</a>
<div class='stack-trace' id='stack-trace1665966489'><pre>org.testng.SkipException: Skipping [verifyAPI] because the [verifyApiRequired] assumption(s) do not hold.
	at nl.javadude.assumeng.AssumptionListener.beforeInvocation(AssumptionListener.java:43)
	at org.testng.internal.invokers.InvokedMethodListenerInvoker$InvokeBeforeInvocationWithoutContextStrategy.callMethod(InvokedMethodListenerInvoker.java:84)
	at org.testng.internal.invokers.InvokedMethodListenerInvoker.invokeListener(InvokedMethodListenerInvoker.java:62)
	at org.testng.internal.Invoker.runInvokedMethodListeners(Invoker.java:552)
	at org.testng.internal.Invoker.invokeMethod(Invoker.java:617)
	at org.testng.internal.Invoker.invokeTestMethod(Invoker.java:821)
	at org.testng.internal.Invoker.invokeTestMethods(Invoker.java:1131)
	at org.testng.internal.TestMethodWorker.invokeTestMethods(TestMethodWorker.java:124)
	at org.testng.internal.TestMethodWorker.run(TestMethodWorker.java:108)
	at java.util.concurrent.ThreadPoolExecutor.runWorker(ThreadPoolExecutor.java:1149)
	at java.util.concurrent.ThreadPoolExecutor$Worker.run(ThreadPoolExecutor.java:624)
	at java.lang.Thread.run(Thread.java:748)
</pre></div></td>
<td>0</td>
<td>com.ca.tds.main.TDSFlowTest@6090f3ca</td></tr>
<tr>
<td title='com.ca.tds.main.TDSFlowTest.verifyAPI()'><b>verifyAPI</b><br>Test class: com.ca.tds.main.TDSFlowTest</td>
<td><div><pre>org.testng.SkipException: Skipping [verifyAPI] because the [verifyApiRequired] assumption(s) do not hold.
	at nl.javadude.assumeng.AssumptionListener.beforeInvocation(AssumptionListener.java:43)
	at java.util.concurrent.ThreadPoolExecutor.runWorker(ThreadPoolExecutor.java:1149)
	at java.util.concurrent.ThreadPoolExecutor$Worker.run(ThreadPoolExecutor.java:624)
	at java.lang.Thread.run(Thread.java:748)
... Removed 8 stack frames</pre></div><a href='#' onClick='toggleBox("stack-trace804240008", this, "Click to show all stack frames", "Click to hide stack frames")'>Click to show all stack frames</a>
<div class='stack-trace' id='stack-trace804240008'><pre>org.testng.SkipException: Skipping [verifyAPI] because the [verifyApiRequired] assumption(s) do not hold.
	at nl.javadude.assumeng.AssumptionListener.beforeInvocation(AssumptionListener.java:43)
	at org.testng.internal.invokers.InvokedMethodListenerInvoker$InvokeBeforeInvocationWithoutContextStrategy.callMethod(InvokedMethodListenerInvoker.java:84)
	at org.testng.internal.invokers.InvokedMethodListenerInvoker.invokeListener(InvokedMethodListenerInvoker.java:62)
	at org.testng.internal.Invoker.runInvokedMethodListeners(Invoker.java:552)
	at org.testng.internal.Invoker.invokeMethod(Invoker.java:617)
	at org.testng.internal.Invoker.invokeTestMethod(Invoker.java:821)
	at org.testng.internal.Invoker.invokeTestMethods(Invoker.java:1131)
	at org.testng.internal.TestMethodWorker.invokeTestMethods(TestMethodWorker.java:124)
	at org.testng.internal.TestMethodWorker.run(TestMethodWorker.java:108)
	at java.util.concurrent.ThreadPoolExecutor.runWorker(ThreadPoolExecutor.java:1149)
	at java.util.concurrent.ThreadPoolExecutor$Worker.run(ThreadPoolExecutor.java:624)
	at java.lang.Thread.run(Thread.java:748)
</pre></div></td>
<td>0</td>
<td>com.ca.tds.main.TDSFlowTest@1917d90f</td></tr>
<tr>
<td title='com.ca.tds.main.TDSFlowTest.verifyAPI()'><b>verifyAPI</b><br>Test class: com.ca.tds.main.TDSFlowTest</td>
<td><div><pre>org.testng.SkipException: Skipping [verifyAPI] because the [verifyApiRequired] assumption(s) do not hold.
	at nl.javadude.assumeng.AssumptionListener.beforeInvocation(AssumptionListener.java:43)
	at java.util.concurrent.ThreadPoolExecutor.runWorker(ThreadPoolExecutor.java:1149)
	at java.util.concurrent.ThreadPoolExecutor$Worker.run(ThreadPoolExecutor.java:624)
	at java.lang.Thread.run(Thread.java:748)
... Removed 8 stack frames</pre></div><a href='#' onClick='toggleBox("stack-trace20510436", this, "Click to show all stack frames", "Click to hide stack frames")'>Click to show all stack frames</a>
<div class='stack-trace' id='stack-trace20510436'><pre>org.testng.SkipException: Skipping [verifyAPI] because the [verifyApiRequired] assumption(s) do not hold.
	at nl.javadude.assumeng.AssumptionListener.beforeInvocation(AssumptionListener.java:43)
	at org.testng.internal.invokers.InvokedMethodListenerInvoker$InvokeBeforeInvocationWithoutContextStrategy.callMethod(InvokedMethodListenerInvoker.java:84)
	at org.testng.internal.invokers.InvokedMethodListenerInvoker.invokeListener(InvokedMethodListenerInvoker.java:62)
	at org.testng.internal.Invoker.runInvokedMethodListeners(Invoker.java:552)
	at org.testng.internal.Invoker.invokeMethod(Invoker.java:617)
	at org.testng.internal.Invoker.invokeTestMethod(Invoker.java:821)
	at org.testng.internal.Invoker.invokeTestMethods(Invoker.java:1131)
	at org.testng.internal.TestMethodWorker.invokeTestMethods(TestMethodWorker.java:124)
	at org.testng.internal.TestMethodWorker.run(TestMethodWorker.java:108)
	at java.util.concurrent.ThreadPoolExecutor.runWorker(ThreadPoolExecutor.java:1149)
	at java.util.concurrent.ThreadPoolExecutor$Worker.run(ThreadPoolExecutor.java:624)
	at java.lang.Thread.run(Thread.java:748)
</pre></div></td>
<td>0</td>
<td>com.ca.tds.main.TDSFlowTest@4aac85fa</td></tr>
<tr>
<td title='com.ca.tds.main.TDSFlowTest.verifyAPI()'><b>verifyAPI</b><br>Test class: com.ca.tds.main.TDSFlowTest</td>
<td><div><pre>org.testng.SkipException: Skipping [verifyAPI] because the [verifyApiRequired] assumption(s) do not hold.
	at nl.javadude.assumeng.AssumptionListener.beforeInvocation(AssumptionListener.java:43)
	at java.util.concurrent.ThreadPoolExecutor.runWorker(ThreadPoolExecutor.java:1149)
	at java.util.concurrent.ThreadPoolExecutor$Worker.run(ThreadPoolExecutor.java:624)
	at java.lang.Thread.run(Thread.java:748)
... Removed 8 stack frames</pre></div><a href='#' onClick='toggleBox("stack-trace546056155", this, "Click to show all stack frames", "Click to hide stack frames")'>Click to show all stack frames</a>
<div class='stack-trace' id='stack-trace546056155'><pre>org.testng.SkipException: Skipping [verifyAPI] because the [verifyApiRequired] assumption(s) do not hold.
	at nl.javadude.assumeng.AssumptionListener.beforeInvocation(AssumptionListener.java:43)
	at org.testng.internal.invokers.InvokedMethodListenerInvoker$InvokeBeforeInvocationWithoutContextStrategy.callMethod(InvokedMethodListenerInvoker.java:84)
	at org.testng.internal.invokers.InvokedMethodListenerInvoker.invokeListener(InvokedMethodListenerInvoker.java:62)
	at org.testng.internal.Invoker.runInvokedMethodListeners(Invoker.java:552)
	at org.testng.internal.Invoker.invokeMethod(Invoker.java:617)
	at org.testng.internal.Invoker.invokeTestMethod(Invoker.java:821)
	at org.testng.internal.Invoker.invokeTestMethods(Invoker.java:1131)
	at org.testng.internal.TestMethodWorker.invokeTestMethods(TestMethodWorker.java:124)
	at org.testng.internal.TestMethodWorker.run(TestMethodWorker.java:108)
	at java.util.concurrent.ThreadPoolExecutor.runWorker(ThreadPoolExecutor.java:1149)
	at java.util.concurrent.ThreadPoolExecutor$Worker.run(ThreadPoolExecutor.java:624)
	at java.lang.Thread.run(Thread.java:748)
</pre></div></td>
<td>0</td>
<td>com.ca.tds.main.TDSFlowTest@6d2d99fc</td></tr>
<tr>
<td title='com.ca.tds.main.TDSFlowTest.verifyAPI()'><b>verifyAPI</b><br>Test class: com.ca.tds.main.TDSFlowTest</td>
<td><div><pre>org.testng.SkipException: Skipping [verifyAPI] because the [verifyApiRequired] assumption(s) do not hold.
	at nl.javadude.assumeng.AssumptionListener.beforeInvocation(AssumptionListener.java:43)
	at java.util.concurrent.ThreadPoolExecutor.runWorker(ThreadPoolExecutor.java:1149)
	at java.util.concurrent.ThreadPoolExecutor$Worker.run(ThreadPoolExecutor.java:624)
	at java.lang.Thread.run(Thread.java:748)
... Removed 8 stack frames</pre></div><a href='#' onClick='toggleBox("stack-trace406701297", this, "Click to show all stack frames", "Click to hide stack frames")'>Click to show all stack frames</a>
<div class='stack-trace' id='stack-trace406701297'><pre>org.testng.SkipException: Skipping [verifyAPI] because the [verifyApiRequired] assumption(s) do not hold.
	at nl.javadude.assumeng.AssumptionListener.beforeInvocation(AssumptionListener.java:43)
	at org.testng.internal.invokers.InvokedMethodListenerInvoker$InvokeBeforeInvocationWithoutContextStrategy.callMethod(InvokedMethodListenerInvoker.java:84)
	at org.testng.internal.invokers.InvokedMethodListenerInvoker.invokeListener(InvokedMethodListenerInvoker.java:62)
	at org.testng.internal.Invoker.runInvokedMethodListeners(Invoker.java:552)
	at org.testng.internal.Invoker.invokeMethod(Invoker.java:617)
	at org.testng.internal.Invoker.invokeTestMethod(Invoker.java:821)
	at org.testng.internal.Invoker.invokeTestMethods(Invoker.java:1131)
	at org.testng.internal.TestMethodWorker.invokeTestMethods(TestMethodWorker.java:124)
	at org.testng.internal.TestMethodWorker.run(TestMethodWorker.java:108)
	at java.util.concurrent.ThreadPoolExecutor.runWorker(ThreadPoolExecutor.java:1149)
	at java.util.concurrent.ThreadPoolExecutor$Worker.run(ThreadPoolExecutor.java:624)
	at java.lang.Thread.run(Thread.java:748)
</pre></div></td>
<td>0</td>
<td>com.ca.tds.main.TDSFlowTest@25b865b5</td></tr>
<tr>
<td title='com.ca.tds.main.TDSFlowTest.verifyAPI()'><b>verifyAPI</b><br>Test class: com.ca.tds.main.TDSFlowTest</td>
<td><div><pre>org.testng.SkipException: Skipping [verifyAPI] because the [verifyApiRequired] assumption(s) do not hold.
	at nl.javadude.assumeng.AssumptionListener.beforeInvocation(AssumptionListener.java:43)
	at java.util.concurrent.ThreadPoolExecutor.runWorker(ThreadPoolExecutor.java:1149)
	at java.util.concurrent.ThreadPoolExecutor$Worker.run(ThreadPoolExecutor.java:624)
	at java.lang.Thread.run(Thread.java:748)
... Removed 8 stack frames</pre></div><a href='#' onClick='toggleBox("stack-trace930352495", this, "Click to show all stack frames", "Click to hide stack frames")'>Click to show all stack frames</a>
<div class='stack-trace' id='stack-trace930352495'><pre>org.testng.SkipException: Skipping [verifyAPI] because the [verifyApiRequired] assumption(s) do not hold.
	at nl.javadude.assumeng.AssumptionListener.beforeInvocation(AssumptionListener.java:43)
	at org.testng.internal.invokers.InvokedMethodListenerInvoker$InvokeBeforeInvocationWithoutContextStrategy.callMethod(InvokedMethodListenerInvoker.java:84)
	at org.testng.internal.invokers.InvokedMethodListenerInvoker.invokeListener(InvokedMethodListenerInvoker.java:62)
	at org.testng.internal.Invoker.runInvokedMethodListeners(Invoker.java:552)
	at org.testng.internal.Invoker.invokeMethod(Invoker.java:617)
	at org.testng.internal.Invoker.invokeTestMethod(Invoker.java:821)
	at org.testng.internal.Invoker.invokeTestMethods(Invoker.java:1131)
	at org.testng.internal.TestMethodWorker.invokeTestMethods(TestMethodWorker.java:124)
	at org.testng.internal.TestMethodWorker.run(TestMethodWorker.java:108)
	at java.util.concurrent.ThreadPoolExecutor.runWorker(ThreadPoolExecutor.java:1149)
	at java.util.concurrent.ThreadPoolExecutor$Worker.run(ThreadPoolExecutor.java:624)
	at java.lang.Thread.run(Thread.java:748)
</pre></div></td>
<td>0</td>
<td>com.ca.tds.main.TDSFlowTest@1e6308a9</td></tr>
<tr>
<td title='com.ca.tds.main.TDSFlowTest.verifyAPI()'><b>verifyAPI</b><br>Test class: com.ca.tds.main.TDSFlowTest</td>
<td><div><pre>org.testng.SkipException: Skipping [verifyAPI] because the [verifyApiRequired] assumption(s) do not hold.
	at nl.javadude.assumeng.AssumptionListener.beforeInvocation(AssumptionListener.java:43)
	at java.util.concurrent.ThreadPoolExecutor.runWorker(ThreadPoolExecutor.java:1149)
	at java.util.concurrent.ThreadPoolExecutor$Worker.run(ThreadPoolExecutor.java:624)
	at java.lang.Thread.run(Thread.java:748)
... Removed 8 stack frames</pre></div><a href='#' onClick='toggleBox("stack-trace1212379844", this, "Click to show all stack frames", "Click to hide stack frames")'>Click to show all stack frames</a>
<div class='stack-trace' id='stack-trace1212379844'><pre>org.testng.SkipException: Skipping [verifyAPI] because the [verifyApiRequired] assumption(s) do not hold.
	at nl.javadude.assumeng.AssumptionListener.beforeInvocation(AssumptionListener.java:43)
	at org.testng.internal.invokers.InvokedMethodListenerInvoker$InvokeBeforeInvocationWithoutContextStrategy.callMethod(InvokedMethodListenerInvoker.java:84)
	at org.testng.internal.invokers.InvokedMethodListenerInvoker.invokeListener(InvokedMethodListenerInvoker.java:62)
	at org.testng.internal.Invoker.runInvokedMethodListeners(Invoker.java:552)
	at org.testng.internal.Invoker.invokeMethod(Invoker.java:617)
	at org.testng.internal.Invoker.invokeTestMethod(Invoker.java:821)
	at org.testng.internal.Invoker.invokeTestMethods(Invoker.java:1131)
	at org.testng.internal.TestMethodWorker.invokeTestMethods(TestMethodWorker.java:124)
	at org.testng.internal.TestMethodWorker.run(TestMethodWorker.java:108)
	at java.util.concurrent.ThreadPoolExecutor.runWorker(ThreadPoolExecutor.java:1149)
	at java.util.concurrent.ThreadPoolExecutor$Worker.run(ThreadPoolExecutor.java:624)
	at java.lang.Thread.run(Thread.java:748)
</pre></div></td>
<td>0</td>
<td>com.ca.tds.main.TDSFlowTest@f9b5552</td></tr>
<tr>
<td title='com.ca.tds.main.TDSFlowTest.verifyAPI()'><b>verifyAPI</b><br>Test class: com.ca.tds.main.TDSFlowTest</td>
<td><div><pre>org.testng.SkipException: Skipping [verifyAPI] because the [verifyApiRequired] assumption(s) do not hold.
	at nl.javadude.assumeng.AssumptionListener.beforeInvocation(AssumptionListener.java:43)
	at java.util.concurrent.ThreadPoolExecutor.runWorker(ThreadPoolExecutor.java:1149)
	at java.util.concurrent.ThreadPoolExecutor$Worker.run(ThreadPoolExecutor.java:624)
	at java.lang.Thread.run(Thread.java:748)
... Removed 8 stack frames</pre></div><a href='#' onClick='toggleBox("stack-trace1967485353", this, "Click to show all stack frames", "Click to hide stack frames")'>Click to show all stack frames</a>
<div class='stack-trace' id='stack-trace1967485353'><pre>org.testng.SkipException: Skipping [verifyAPI] because the [verifyApiRequired] assumption(s) do not hold.
	at nl.javadude.assumeng.AssumptionListener.beforeInvocation(AssumptionListener.java:43)
	at org.testng.internal.invokers.InvokedMethodListenerInvoker$InvokeBeforeInvocationWithoutContextStrategy.callMethod(InvokedMethodListenerInvoker.java:84)
	at org.testng.internal.invokers.InvokedMethodListenerInvoker.invokeListener(InvokedMethodListenerInvoker.java:62)
	at org.testng.internal.Invoker.runInvokedMethodListeners(Invoker.java:552)
	at org.testng.internal.Invoker.invokeMethod(Invoker.java:617)
	at org.testng.internal.Invoker.invokeTestMethod(Invoker.java:821)
	at org.testng.internal.Invoker.invokeTestMethods(Invoker.java:1131)
	at org.testng.internal.TestMethodWorker.invokeTestMethods(TestMethodWorker.java:124)
	at org.testng.internal.TestMethodWorker.run(TestMethodWorker.java:108)
	at java.util.concurrent.ThreadPoolExecutor.runWorker(ThreadPoolExecutor.java:1149)
	at java.util.concurrent.ThreadPoolExecutor$Worker.run(ThreadPoolExecutor.java:624)
	at java.lang.Thread.run(Thread.java:748)
</pre></div></td>
<td>0</td>
<td>com.ca.tds.main.TDSFlowTest@3a095ec0</td></tr>
<tr>
<td title='com.ca.tds.main.TDSFlowTest.verifyAPI()'><b>verifyAPI</b><br>Test class: com.ca.tds.main.TDSFlowTest</td>
<td><div><pre>org.testng.SkipException: Skipping [verifyAPI] because the [verifyApiRequired] assumption(s) do not hold.
	at nl.javadude.assumeng.AssumptionListener.beforeInvocation(AssumptionListener.java:43)
	at java.util.concurrent.ThreadPoolExecutor.runWorker(ThreadPoolExecutor.java:1149)
	at java.util.concurrent.ThreadPoolExecutor$Worker.run(ThreadPoolExecutor.java:624)
	at java.lang.Thread.run(Thread.java:748)
... Removed 8 stack frames</pre></div><a href='#' onClick='toggleBox("stack-trace209161078", this, "Click to show all stack frames", "Click to hide stack frames")'>Click to show all stack frames</a>
<div class='stack-trace' id='stack-trace209161078'><pre>org.testng.SkipException: Skipping [verifyAPI] because the [verifyApiRequired] assumption(s) do not hold.
	at nl.javadude.assumeng.AssumptionListener.beforeInvocation(AssumptionListener.java:43)
	at org.testng.internal.invokers.InvokedMethodListenerInvoker$InvokeBeforeInvocationWithoutContextStrategy.callMethod(InvokedMethodListenerInvoker.java:84)
	at org.testng.internal.invokers.InvokedMethodListenerInvoker.invokeListener(InvokedMethodListenerInvoker.java:62)
	at org.testng.internal.Invoker.runInvokedMethodListeners(Invoker.java:552)
	at org.testng.internal.Invoker.invokeMethod(Invoker.java:617)
	at org.testng.internal.Invoker.invokeTestMethod(Invoker.java:821)
	at org.testng.internal.Invoker.invokeTestMethods(Invoker.java:1131)
	at org.testng.internal.TestMethodWorker.invokeTestMethods(TestMethodWorker.java:124)
	at org.testng.internal.TestMethodWorker.run(TestMethodWorker.java:108)
	at java.util.concurrent.ThreadPoolExecutor.runWorker(ThreadPoolExecutor.java:1149)
	at java.util.concurrent.ThreadPoolExecutor$Worker.run(ThreadPoolExecutor.java:624)
	at java.lang.Thread.run(Thread.java:748)
</pre></div></td>
<td>0</td>
<td>com.ca.tds.main.TDSFlowTest@54da32dc</td></tr>
<tr>
<td title='com.ca.tds.main.TDSFlowTest.verifyAPI()'><b>verifyAPI</b><br>Test class: com.ca.tds.main.TDSFlowTest</td>
<td><div><pre>org.testng.SkipException: Skipping [verifyAPI] because the [verifyApiRequired] assumption(s) do not hold.
	at nl.javadude.assumeng.AssumptionListener.beforeInvocation(AssumptionListener.java:43)
	at java.util.concurrent.ThreadPoolExecutor.runWorker(ThreadPoolExecutor.java:1149)
	at java.util.concurrent.ThreadPoolExecutor$Worker.run(ThreadPoolExecutor.java:624)
	at java.lang.Thread.run(Thread.java:748)
... Removed 8 stack frames</pre></div><a href='#' onClick='toggleBox("stack-trace1195548981", this, "Click to show all stack frames", "Click to hide stack frames")'>Click to show all stack frames</a>
<div class='stack-trace' id='stack-trace1195548981'><pre>org.testng.SkipException: Skipping [verifyAPI] because the [verifyApiRequired] assumption(s) do not hold.
	at nl.javadude.assumeng.AssumptionListener.beforeInvocation(AssumptionListener.java:43)
	at org.testng.internal.invokers.InvokedMethodListenerInvoker$InvokeBeforeInvocationWithoutContextStrategy.callMethod(InvokedMethodListenerInvoker.java:84)
	at org.testng.internal.invokers.InvokedMethodListenerInvoker.invokeListener(InvokedMethodListenerInvoker.java:62)
	at org.testng.internal.Invoker.runInvokedMethodListeners(Invoker.java:552)
	at org.testng.internal.Invoker.invokeMethod(Invoker.java:617)
	at org.testng.internal.Invoker.invokeTestMethod(Invoker.java:821)
	at org.testng.internal.Invoker.invokeTestMethods(Invoker.java:1131)
	at org.testng.internal.TestMethodWorker.invokeTestMethods(TestMethodWorker.java:124)
	at org.testng.internal.TestMethodWorker.run(TestMethodWorker.java:108)
	at java.util.concurrent.ThreadPoolExecutor.runWorker(ThreadPoolExecutor.java:1149)
	at java.util.concurrent.ThreadPoolExecutor$Worker.run(ThreadPoolExecutor.java:624)
	at java.lang.Thread.run(Thread.java:748)
</pre></div></td>
<td>0</td>
<td>com.ca.tds.main.TDSFlowTest@27b22f74</td></tr>
<tr>
<td title='com.ca.tds.main.TDSFlowTest.verifyAPI()'><b>verifyAPI</b><br>Test class: com.ca.tds.main.TDSFlowTest</td>
<td><div><pre>org.testng.SkipException: Skipping [verifyAPI] because the [verifyApiRequired] assumption(s) do not hold.
	at nl.javadude.assumeng.AssumptionListener.beforeInvocation(AssumptionListener.java:43)
	at java.util.concurrent.ThreadPoolExecutor.runWorker(ThreadPoolExecutor.java:1149)
	at java.util.concurrent.ThreadPoolExecutor$Worker.run(ThreadPoolExecutor.java:624)
	at java.lang.Thread.run(Thread.java:748)
... Removed 8 stack frames</pre></div><a href='#' onClick='toggleBox("stack-trace786587326", this, "Click to show all stack frames", "Click to hide stack frames")'>Click to show all stack frames</a>
<div class='stack-trace' id='stack-trace786587326'><pre>org.testng.SkipException: Skipping [verifyAPI] because the [verifyApiRequired] assumption(s) do not hold.
	at nl.javadude.assumeng.AssumptionListener.beforeInvocation(AssumptionListener.java:43)
	at org.testng.internal.invokers.InvokedMethodListenerInvoker$InvokeBeforeInvocationWithoutContextStrategy.callMethod(InvokedMethodListenerInvoker.java:84)
	at org.testng.internal.invokers.InvokedMethodListenerInvoker.invokeListener(InvokedMethodListenerInvoker.java:62)
	at org.testng.internal.Invoker.runInvokedMethodListeners(Invoker.java:552)
	at org.testng.internal.Invoker.invokeMethod(Invoker.java:617)
	at org.testng.internal.Invoker.invokeTestMethod(Invoker.java:821)
	at org.testng.internal.Invoker.invokeTestMethods(Invoker.java:1131)
	at org.testng.internal.TestMethodWorker.invokeTestMethods(TestMethodWorker.java:124)
	at org.testng.internal.TestMethodWorker.run(TestMethodWorker.java:108)
	at java.util.concurrent.ThreadPoolExecutor.runWorker(ThreadPoolExecutor.java:1149)
	at java.util.concurrent.ThreadPoolExecutor$Worker.run(ThreadPoolExecutor.java:624)
	at java.lang.Thread.run(Thread.java:748)
</pre></div></td>
<td>0</td>
<td>com.ca.tds.main.TDSFlowTest@1d782abe</td></tr>
<tr>
<td title='com.ca.tds.main.TDSFlowTest.verifyAPI()'><b>verifyAPI</b><br>Test class: com.ca.tds.main.TDSFlowTest</td>
<td><div><pre>org.testng.SkipException: Skipping [verifyAPI] because the [verifyApiRequired] assumption(s) do not hold.
	at nl.javadude.assumeng.AssumptionListener.beforeInvocation(AssumptionListener.java:43)
	at java.util.concurrent.ThreadPoolExecutor.runWorker(ThreadPoolExecutor.java:1149)
	at java.util.concurrent.ThreadPoolExecutor$Worker.run(ThreadPoolExecutor.java:624)
	at java.lang.Thread.run(Thread.java:748)
... Removed 8 stack frames</pre></div><a href='#' onClick='toggleBox("stack-trace65089513", this, "Click to show all stack frames", "Click to hide stack frames")'>Click to show all stack frames</a>
<div class='stack-trace' id='stack-trace65089513'><pre>org.testng.SkipException: Skipping [verifyAPI] because the [verifyApiRequired] assumption(s) do not hold.
	at nl.javadude.assumeng.AssumptionListener.beforeInvocation(AssumptionListener.java:43)
	at org.testng.internal.invokers.InvokedMethodListenerInvoker$InvokeBeforeInvocationWithoutContextStrategy.callMethod(InvokedMethodListenerInvoker.java:84)
	at org.testng.internal.invokers.InvokedMethodListenerInvoker.invokeListener(InvokedMethodListenerInvoker.java:62)
	at org.testng.internal.Invoker.runInvokedMethodListeners(Invoker.java:552)
	at org.testng.internal.Invoker.invokeMethod(Invoker.java:617)
	at org.testng.internal.Invoker.invokeTestMethod(Invoker.java:821)
	at org.testng.internal.Invoker.invokeTestMethods(Invoker.java:1131)
	at org.testng.internal.TestMethodWorker.invokeTestMethods(TestMethodWorker.java:124)
	at org.testng.internal.TestMethodWorker.run(TestMethodWorker.java:108)
	at java.util.concurrent.ThreadPoolExecutor.runWorker(ThreadPoolExecutor.java:1149)
	at java.util.concurrent.ThreadPoolExecutor$Worker.run(ThreadPoolExecutor.java:624)
	at java.lang.Thread.run(Thread.java:748)
</pre></div></td>
<td>0</td>
<td>com.ca.tds.main.TDSFlowTest@21f9277b</td></tr>
<tr>
<td title='com.ca.tds.main.TDSFlowTest.verifyAPI()'><b>verifyAPI</b><br>Test class: com.ca.tds.main.TDSFlowTest</td>
<td><div><pre>org.testng.SkipException: Skipping [verifyAPI] because the [verifyApiRequired] assumption(s) do not hold.
	at nl.javadude.assumeng.AssumptionListener.beforeInvocation(AssumptionListener.java:43)
	at java.util.concurrent.ThreadPoolExecutor.runWorker(ThreadPoolExecutor.java:1149)
	at java.util.concurrent.ThreadPoolExecutor$Worker.run(ThreadPoolExecutor.java:624)
	at java.lang.Thread.run(Thread.java:748)
... Removed 8 stack frames</pre></div><a href='#' onClick='toggleBox("stack-trace274114105", this, "Click to show all stack frames", "Click to hide stack frames")'>Click to show all stack frames</a>
<div class='stack-trace' id='stack-trace274114105'><pre>org.testng.SkipException: Skipping [verifyAPI] because the [verifyApiRequired] assumption(s) do not hold.
	at nl.javadude.assumeng.AssumptionListener.beforeInvocation(AssumptionListener.java:43)
	at org.testng.internal.invokers.InvokedMethodListenerInvoker$InvokeBeforeInvocationWithoutContextStrategy.callMethod(InvokedMethodListenerInvoker.java:84)
	at org.testng.internal.invokers.InvokedMethodListenerInvoker.invokeListener(InvokedMethodListenerInvoker.java:62)
	at org.testng.internal.Invoker.runInvokedMethodListeners(Invoker.java:552)
	at org.testng.internal.Invoker.invokeMethod(Invoker.java:617)
	at org.testng.internal.Invoker.invokeTestMethod(Invoker.java:821)
	at org.testng.internal.Invoker.invokeTestMethods(Invoker.java:1131)
	at org.testng.internal.TestMethodWorker.invokeTestMethods(TestMethodWorker.java:124)
	at org.testng.internal.TestMethodWorker.run(TestMethodWorker.java:108)
	at java.util.concurrent.ThreadPoolExecutor.runWorker(ThreadPoolExecutor.java:1149)
	at java.util.concurrent.ThreadPoolExecutor$Worker.run(ThreadPoolExecutor.java:624)
	at java.lang.Thread.run(Thread.java:748)
</pre></div></td>
<td>0</td>
<td>com.ca.tds.main.TDSFlowTest@4f20a5e0</td></tr>
</table><p>
</body>
</html>