<?xml version="1.0" encoding="UTF-8"?>
<!-- Generated by org.testng.reporters.JUnitXMLReporter -->
<testsuite hostname="7BB9LQ2" ignored="0" name="VISA::Clear Card::Browser::RReq flow" tests="161" failures="17" timestamp="17 Sep 2019 07:45:13 GMT" time="199.428" errors="0">
  <testcase name="testRRequestAPI" time="1.184" classname="com.ca.tds.main.TDSRReq_TC"/>
  <testcase name="testRRequestAPI" time="1.19" classname="com.ca.tds.main.TDSRReq_TC"/>
  <testcase name="testRRequestAPI" time="1.211" classname="com.ca.tds.main.TDSRReq_TC"/>
  <testcase name="testRRequestAPI" time="1.135" classname="com.ca.tds.main.TDSRReq_TC"/>
  <testcase name="testRRequestAPI" time="1.153" classname="com.ca.tds.main.TDSRReq_TC"/>
  <testcase name="testRRequestAPI" time="1.15" classname="com.ca.tds.main.TDSRReq_TC"/>
  <testcase name="testRRequestAPI" time="1.175" classname="com.ca.tds.main.TDSRReq_TC"/>
  <testcase name="testRRequestAPI" time="1.198" classname="com.ca.tds.main.TDSRReq_TC"/>
  <testcase name="testRRequestAPI" time="1.137" classname="com.ca.tds.main.TDSRReq_TC"/>
  <testcase name="testRRequestAPI" time="1.142" classname="com.ca.tds.main.TDSRReq_TC"/>
  <testcase name="testRRequestAPI" time="1.143" classname="com.ca.tds.main.TDSRReq_TC"/>
  <testcase name="testRRequestAPI" time="1.177" classname="com.ca.tds.main.TDSRReq_TC"/>
  <testcase name="testRRequestAPI" time="1.208" classname="com.ca.tds.main.TDSRReq_TC"/>
  <testcase name="testRRequestAPI" time="1.159" classname="com.ca.tds.main.TDSRReq_TC"/>
  <testcase name="testRRequestAPI" time="1.177" classname="com.ca.tds.main.TDSRReq_TC"/>
  <testcase name="testRRequestAPI" time="1.161" classname="com.ca.tds.main.TDSRReq_TC"/>
  <testcase name="testRRequestAPI" time="1.191" classname="com.ca.tds.main.TDSRReq_TC"/>
  <testcase name="testRRequestAPI" time="1.217" classname="com.ca.tds.main.TDSRReq_TC">
    <failure type="java.lang.AssertionError" message="errorComponent: S, errorCode: 203, errorDescription:CA Merchant Server:: Invalid Format  for one of the  Element Found in the message errorDetail : challengeCancel, threeDSServerTransID : b43894b7-3b39-4000-8a1b-3589ed6ce755">
      <![CDATA[java.lang.AssertionError: errorComponent: S, errorCode: 203, errorDescription:CA Merchant Server:: Invalid Format  for one of the  Element Found in the message errorDetail : challengeCancel, threeDSServerTransID : b43894b7-3b39-4000-8a1b-3589ed6ce755
at com.ca.tds.main.TDSRReq_TC.testRRequestAPI(TDSRReq_TC.java:104)
at java.util.concurrent.ThreadPoolExecutor.runWorker(ThreadPoolExecutor.java:1149)
at java.util.concurrent.ThreadPoolExecutor$Worker.run(ThreadPoolExecutor.java:624)
at java.lang.Thread.run(Thread.java:748)
... Removed 10 stack frames]]>
    </failure>
  </testcase> <!-- testRRequestAPI -->
  <testcase name="testRRequestAPI" time="1.129" classname="com.ca.tds.main.TDSRReq_TC">
    <failure type="java.lang.AssertionError" message="errorComponent: S, errorCode: 203, errorDescription:CA Merchant Server:: Invalid Format  for one of the  Element Found in the message errorDetail : challengeCancel, threeDSServerTransID : f839dfa4-0eae-455c-bf24-4360f2680cf9">
      <![CDATA[java.lang.AssertionError: errorComponent: S, errorCode: 203, errorDescription:CA Merchant Server:: Invalid Format  for one of the  Element Found in the message errorDetail : challengeCancel, threeDSServerTransID : f839dfa4-0eae-455c-bf24-4360f2680cf9
at com.ca.tds.main.TDSRReq_TC.testRRequestAPI(TDSRReq_TC.java:104)
at java.util.concurrent.ThreadPoolExecutor.runWorker(ThreadPoolExecutor.java:1149)
at java.util.concurrent.ThreadPoolExecutor$Worker.run(ThreadPoolExecutor.java:624)
at java.lang.Thread.run(Thread.java:748)
... Removed 10 stack frames]]>
    </failure>
  </testcase> <!-- testRRequestAPI -->
  <testcase name="testRRequestAPI" time="1.144" classname="com.ca.tds.main.TDSRReq_TC"/>
  <testcase name="testRRequestAPI" time="1.149" classname="com.ca.tds.main.TDSRReq_TC"/>
  <testcase name="testRRequestAPI" time="1.173" classname="com.ca.tds.main.TDSRReq_TC"/>
  <testcase name="testRRequestAPI" time="1.216" classname="com.ca.tds.main.TDSRReq_TC"/>
  <testcase name="testRRequestAPI" time="1.145" classname="com.ca.tds.main.TDSRReq_TC">
    <failure type="java.lang.AssertionError" message="Expected to Fail">
      <![CDATA[java.lang.AssertionError: Expected to Fail
at com.ca.tds.main.TDSRReq_TC.testRRequestAPI(TDSRReq_TC.java:109)
at java.util.concurrent.ThreadPoolExecutor.runWorker(ThreadPoolExecutor.java:1149)
at java.util.concurrent.ThreadPoolExecutor$Worker.run(ThreadPoolExecutor.java:624)
at java.lang.Thread.run(Thread.java:748)
... Removed 10 stack frames]]>
    </failure>
  </testcase> <!-- testRRequestAPI -->
  <testcase name="testRRequestAPI" time="1.128" classname="com.ca.tds.main.TDSRReq_TC"/>
  <testcase name="testRRequestAPI" time="1.203" classname="com.ca.tds.main.TDSRReq_TC"/>
  <testcase name="testRRequestAPI" time="1.224" classname="com.ca.tds.main.TDSRReq_TC"/>
  <testcase name="testRRequestAPI" time="1.207" classname="com.ca.tds.main.TDSRReq_TC"/>
  <testcase name="testRRequestAPI" time="1.233" classname="com.ca.tds.main.TDSRReq_TC"/>
  <testcase name="testRRequestAPI" time="1.171" classname="com.ca.tds.main.TDSRReq_TC"/>
  <testcase name="testRRequestAPI" time="1.163" classname="com.ca.tds.main.TDSRReq_TC"/>
  <testcase name="testRRequestAPI" time="1.199" classname="com.ca.tds.main.TDSRReq_TC">
    <failure type="java.lang.AssertionError" message="The following asserts failed:
	expected [203] but found [301]">
      <![CDATA[java.lang.AssertionError: The following asserts failed:
expected [203] but found [301]
at com.ca.tds.main.TDSRReq_TC.testRRequestAPI(TDSRReq_TC.java:180)
at java.util.concurrent.ThreadPoolExecutor.runWorker(ThreadPoolExecutor.java:1149)
at java.util.concurrent.ThreadPoolExecutor$Worker.run(ThreadPoolExecutor.java:624)
at java.lang.Thread.run(Thread.java:748)
... Removed 10 stack frames]]>
    </failure>
  </testcase> <!-- testRRequestAPI -->
  <testcase name="testRRequestAPI" time="1.213" classname="com.ca.tds.main.TDSRReq_TC"/>
  <testcase name="testRRequestAPI" time="1.135" classname="com.ca.tds.main.TDSRReq_TC"/>
  <testcase name="testRRequestAPI" time="1.141" classname="com.ca.tds.main.TDSRReq_TC"/>
  <testcase name="testRRequestAPI" time="1.167" classname="com.ca.tds.main.TDSRReq_TC"/>
  <testcase name="testRRequestAPI" time="1.166" classname="com.ca.tds.main.TDSRReq_TC"/>
  <testcase name="testRRequestAPI" time="1.218" classname="com.ca.tds.main.TDSRReq_TC"/>
  <testcase name="testRRequestAPI" time="1.136" classname="com.ca.tds.main.TDSRReq_TC"/>
  <testcase name="testRRequestAPI" time="1.175" classname="com.ca.tds.main.TDSRReq_TC"/>
  <testcase name="testRRequestAPI" time="1.134" classname="com.ca.tds.main.TDSRReq_TC"/>
  <testcase name="testRRequestAPI" time="1.174" classname="com.ca.tds.main.TDSRReq_TC"/>
  <testcase name="testRRequestAPI" time="1.2" classname="com.ca.tds.main.TDSRReq_TC"/>
  <testcase name="testRRequestAPI" time="1.123" classname="com.ca.tds.main.TDSRReq_TC"/>
  <testcase name="testRRequestAPI" time="1.15" classname="com.ca.tds.main.TDSRReq_TC"/>
  <testcase name="testRRequestAPI" time="1.17" classname="com.ca.tds.main.TDSRReq_TC"/>
  <testcase name="testRRequestAPI" time="1.2" classname="com.ca.tds.main.TDSRReq_TC"/>
  <testcase name="testRRequestAPI" time="1.223" classname="com.ca.tds.main.TDSRReq_TC"/>
  <testcase name="testRRequestAPI" time="1.146" classname="com.ca.tds.main.TDSRReq_TC"/>
  <testcase name="testRRequestAPI" time="1.149" classname="com.ca.tds.main.TDSRReq_TC">
    <failure type="java.lang.AssertionError" message="The following asserts failed:
	expected [305] but found [203]">
      <![CDATA[java.lang.AssertionError: The following asserts failed:
expected [305] but found [203]
at com.ca.tds.main.TDSRReq_TC.testRRequestAPI(TDSRReq_TC.java:180)
at java.util.concurrent.ThreadPoolExecutor.runWorker(ThreadPoolExecutor.java:1149)
at java.util.concurrent.ThreadPoolExecutor$Worker.run(ThreadPoolExecutor.java:624)
at java.lang.Thread.run(Thread.java:748)
... Removed 10 stack frames]]>
    </failure>
  </testcase> <!-- testRRequestAPI -->
  <testcase name="testRRequestAPI" time="1.196" classname="com.ca.tds.main.TDSRReq_TC">
    <failure type="java.lang.AssertionError" message="The following asserts failed:
	expected [305] but found [203]">
      <![CDATA[java.lang.AssertionError: The following asserts failed:
expected [305] but found [203]
at com.ca.tds.main.TDSRReq_TC.testRRequestAPI(TDSRReq_TC.java:180)
at java.util.concurrent.ThreadPoolExecutor.runWorker(ThreadPoolExecutor.java:1149)
at java.util.concurrent.ThreadPoolExecutor$Worker.run(ThreadPoolExecutor.java:624)
at java.lang.Thread.run(Thread.java:748)
... Removed 10 stack frames]]>
    </failure>
  </testcase> <!-- testRRequestAPI -->
  <testcase name="testRRequestAPI" time="1.17" classname="com.ca.tds.main.TDSRReq_TC">
    <failure type="java.lang.AssertionError" message="The following asserts failed:
	expected [305] but found [203]">
      <![CDATA[java.lang.AssertionError: The following asserts failed:
expected [305] but found [203]
at com.ca.tds.main.TDSRReq_TC.testRRequestAPI(TDSRReq_TC.java:180)
at java.util.concurrent.ThreadPoolExecutor.runWorker(ThreadPoolExecutor.java:1149)
at java.util.concurrent.ThreadPoolExecutor$Worker.run(ThreadPoolExecutor.java:624)
at java.lang.Thread.run(Thread.java:748)
... Removed 10 stack frames]]>
    </failure>
  </testcase> <!-- testRRequestAPI -->
  <testcase name="testRRequestAPI" time="1.194" classname="com.ca.tds.main.TDSRReq_TC">
    <failure type="java.lang.AssertionError" message="The following asserts failed:
	expected [305] but found [203]">
      <![CDATA[java.lang.AssertionError: The following asserts failed:
expected [305] but found [203]
at com.ca.tds.main.TDSRReq_TC.testRRequestAPI(TDSRReq_TC.java:180)
at java.util.concurrent.ThreadPoolExecutor.runWorker(ThreadPoolExecutor.java:1149)
at java.util.concurrent.ThreadPoolExecutor$Worker.run(ThreadPoolExecutor.java:624)
at java.lang.Thread.run(Thread.java:748)
... Removed 10 stack frames]]>
    </failure>
  </testcase> <!-- testRRequestAPI -->
  <testcase name="testRRequestAPI" time="1.124" classname="com.ca.tds.main.TDSRReq_TC"/>
  <testcase name="testRRequestAPI" time="1.14" classname="com.ca.tds.main.TDSRReq_TC"/>
  <testcase name="testRRequestAPI" time="1.158" classname="com.ca.tds.main.TDSRReq_TC">
    <failure type="java.lang.AssertionError" message="The following asserts failed:
	expected [305] but found [203]">
      <![CDATA[java.lang.AssertionError: The following asserts failed:
expected [305] but found [203]
at com.ca.tds.main.TDSRReq_TC.testRRequestAPI(TDSRReq_TC.java:180)
at java.util.concurrent.ThreadPoolExecutor.runWorker(ThreadPoolExecutor.java:1149)
at java.util.concurrent.ThreadPoolExecutor$Worker.run(ThreadPoolExecutor.java:624)
at java.lang.Thread.run(Thread.java:748)
... Removed 10 stack frames]]>
    </failure>
  </testcase> <!-- testRRequestAPI -->
  <testcase name="testRRequestAPI" time="1.18" classname="com.ca.tds.main.TDSRReq_TC"/>
  <testcase name="testRRequestAPI" time="1.201" classname="com.ca.tds.main.TDSRReq_TC"/>
  <testcase name="testRRequestAPI" time="1.131" classname="com.ca.tds.main.TDSRReq_TC"/>
  <testcase name="testRRequestAPI" time="1.141" classname="com.ca.tds.main.TDSRReq_TC"/>
  <testcase name="testRRequestAPI" time="1.139" classname="com.ca.tds.main.TDSRReq_TC"/>
  <testcase name="testRRequestAPI" time="1.167" classname="com.ca.tds.main.TDSRReq_TC"/>
  <testcase name="testRRequestAPI" time="1.221" classname="com.ca.tds.main.TDSRReq_TC"/>
  <testcase name="testRRequestAPI" time="1.148" classname="com.ca.tds.main.TDSRReq_TC"/>
  <testcase name="testRRequestAPI" time="1.135" classname="com.ca.tds.main.TDSRReq_TC">
    <failure type="java.lang.AssertionError" message="The following asserts failed:
	expected [203] but found [301]">
      <![CDATA[java.lang.AssertionError: The following asserts failed:
expected [203] but found [301]
at com.ca.tds.main.TDSRReq_TC.testRRequestAPI(TDSRReq_TC.java:180)
at java.util.concurrent.ThreadPoolExecutor.runWorker(ThreadPoolExecutor.java:1149)
at java.util.concurrent.ThreadPoolExecutor$Worker.run(ThreadPoolExecutor.java:624)
at java.lang.Thread.run(Thread.java:748)
... Removed 10 stack frames]]>
    </failure>
  </testcase> <!-- testRRequestAPI -->
  <testcase name="testRRequestAPI" time="1.156" classname="com.ca.tds.main.TDSRReq_TC"/>
  <testcase name="testRRequestAPI" time="1.175" classname="com.ca.tds.main.TDSRReq_TC"/>
  <testcase name="testRRequestAPI" time="1.215" classname="com.ca.tds.main.TDSRReq_TC"/>
  <testcase name="testRRequestAPI" time="1.145" classname="com.ca.tds.main.TDSRReq_TC"/>
  <testcase name="testRRequestAPI" time="1.161" classname="com.ca.tds.main.TDSRReq_TC"/>
  <testcase name="testRRequestAPI" time="1.143" classname="com.ca.tds.main.TDSRReq_TC"/>
  <testcase name="testRRequestAPI" time="1.178" classname="com.ca.tds.main.TDSRReq_TC"/>
  <testcase name="testRRequestAPI" time="1.213" classname="com.ca.tds.main.TDSRReq_TC"/>
  <testcase name="testRRequestAPI" time="1.125" classname="com.ca.tds.main.TDSRReq_TC"/>
  <testcase name="testRRequestAPI" time="1.148" classname="com.ca.tds.main.TDSRReq_TC"/>
  <testcase name="testRRequestAPI" time="1.196" classname="com.ca.tds.main.TDSRReq_TC"/>
  <testcase name="testRRequestAPI" time="1.191" classname="com.ca.tds.main.TDSRReq_TC"/>
  <testcase name="testRRequestAPI" time="1.2" classname="com.ca.tds.main.TDSRReq_TC"/>
  <testcase name="testRRequestAPI" time="1.128" classname="com.ca.tds.main.TDSRReq_TC"/>
  <testcase name="testRRequestAPI" time="1.142" classname="com.ca.tds.main.TDSRReq_TC"/>
  <testcase name="testRRequestAPI" time="1.151" classname="com.ca.tds.main.TDSRReq_TC"/>
  <testcase name="testRRequestAPI" time="1.188" classname="com.ca.tds.main.TDSRReq_TC"/>
  <testcase name="testRRequestAPI" time="1.217" classname="com.ca.tds.main.TDSRReq_TC"/>
  <testcase name="testRRequestAPI" time="1.156" classname="com.ca.tds.main.TDSRReq_TC"/>
  <testcase name="testRRequestAPI" time="1.137" classname="com.ca.tds.main.TDSRReq_TC"/>
  <testcase name="testRRequestAPI" time="1.147" classname="com.ca.tds.main.TDSRReq_TC"/>
  <testcase name="testRRequestAPI" time="1.175" classname="com.ca.tds.main.TDSRReq_TC"/>
  <testcase name="testRRequestAPI" time="1.228" classname="com.ca.tds.main.TDSRReq_TC"/>
  <testcase name="testRRequestAPI" time="1.143" classname="com.ca.tds.main.TDSRReq_TC"/>
  <testcase name="testRRequestAPI" time="1.144" classname="com.ca.tds.main.TDSRReq_TC"/>
  <testcase name="testRRequestAPI" time="1.162" classname="com.ca.tds.main.TDSRReq_TC"/>
  <testcase name="testRRequestAPI" time="1.178" classname="com.ca.tds.main.TDSRReq_TC"/>
  <testcase name="testRRequestAPI" time="1.203" classname="com.ca.tds.main.TDSRReq_TC"/>
  <testcase name="testRRequestAPI" time="1.139" classname="com.ca.tds.main.TDSRReq_TC"/>
  <testcase name="testRRequestAPI" time="1.144" classname="com.ca.tds.main.TDSRReq_TC"/>
  <testcase name="testRRequestAPI" time="1.179" classname="com.ca.tds.main.TDSRReq_TC"/>
  <testcase name="testRRequestAPI" time="1.174" classname="com.ca.tds.main.TDSRReq_TC"/>
  <testcase name="testRRequestAPI" time="1.227" classname="com.ca.tds.main.TDSRReq_TC"/>
  <testcase name="testRRequestAPI" time="1.148" classname="com.ca.tds.main.TDSRReq_TC"/>
  <testcase name="testRRequestAPI" time="1.135" classname="com.ca.tds.main.TDSRReq_TC"/>
  <testcase name="testRRequestAPI" time="1.187" classname="com.ca.tds.main.TDSRReq_TC"/>
  <testcase name="testRRequestAPI" time="1.165" classname="com.ca.tds.main.TDSRReq_TC"/>
  <testcase name="testRRequestAPI" time="1.201" classname="com.ca.tds.main.TDSRReq_TC">
    <failure type="java.lang.AssertionError" message="The following asserts failed:
	expected [203] but found [201]">
      <![CDATA[java.lang.AssertionError: The following asserts failed:
expected [203] but found [201]
at com.ca.tds.main.TDSRReq_TC.testRRequestAPI(TDSRReq_TC.java:180)
at java.util.concurrent.ThreadPoolExecutor.runWorker(ThreadPoolExecutor.java:1149)
at java.util.concurrent.ThreadPoolExecutor$Worker.run(ThreadPoolExecutor.java:624)
at java.lang.Thread.run(Thread.java:748)
... Removed 10 stack frames]]>
    </failure>
  </testcase> <!-- testRRequestAPI -->
  <testcase name="testRRequestAPI" time="1.14" classname="com.ca.tds.main.TDSRReq_TC">
    <failure type="java.lang.AssertionError" message="errorComponent: S, errorCode: 201, errorDescription:CA Merchant Server:: Required Element is missing in the messageerrorDetail : transStatusReason,,transStatusReason, threeDSServerTransID : 9f5e9e44-b696-46d8-bfa0-8b53a70b8659">
      <![CDATA[java.lang.AssertionError: errorComponent: S, errorCode: 201, errorDescription:CA Merchant Server:: Required Element is missing in the messageerrorDetail : transStatusReason,,transStatusReason, threeDSServerTransID : 9f5e9e44-b696-46d8-bfa0-8b53a70b8659
at com.ca.tds.main.TDSRReq_TC.testRRequestAPI(TDSRReq_TC.java:104)
at java.util.concurrent.ThreadPoolExecutor.runWorker(ThreadPoolExecutor.java:1149)
at java.util.concurrent.ThreadPoolExecutor$Worker.run(ThreadPoolExecutor.java:624)
at java.lang.Thread.run(Thread.java:748)
... Removed 10 stack frames]]>
    </failure>
  </testcase> <!-- testRRequestAPI -->
  <testcase name="testRRequestAPI" time="1.16" classname="com.ca.tds.main.TDSRReq_TC"/>
  <testcase name="testRRequestAPI" time="1.161" classname="com.ca.tds.main.TDSRReq_TC"/>
  <testcase name="testRRequestAPI" time="1.184" classname="com.ca.tds.main.TDSRReq_TC"/>
  <testcase name="testRRequestAPI" time="1.215" classname="com.ca.tds.main.TDSRReq_TC"/>
  <testcase name="testRRequestAPI" time="1.14" classname="com.ca.tds.main.TDSRReq_TC"/>
  <testcase name="testRRequestAPI" time="1.14" classname="com.ca.tds.main.TDSRReq_TC"/>
  <testcase name="testRRequestAPI" time="1.158" classname="com.ca.tds.main.TDSRReq_TC"/>
  <testcase name="testRRequestAPI" time="1.184" classname="com.ca.tds.main.TDSRReq_TC"/>
  <testcase name="testRRequestAPI" time="1.239" classname="com.ca.tds.main.TDSRReq_TC"/>
  <testcase name="testRRequestAPI" time="1.149" classname="com.ca.tds.main.TDSRReq_TC"/>
  <testcase name="testRRequestAPI" time="1.149" classname="com.ca.tds.main.TDSRReq_TC"/>
  <testcase name="testRRequestAPI" time="1.147" classname="com.ca.tds.main.TDSRReq_TC"/>
  <testcase name="testRRequestAPI" time="1.178" classname="com.ca.tds.main.TDSRReq_TC"/>
  <testcase name="testRRequestAPI" time="1.214" classname="com.ca.tds.main.TDSRReq_TC"/>
  <testcase name="testRRequestAPI" time="1.141" classname="com.ca.tds.main.TDSRReq_TC"/>
  <testcase name="testRRequestAPI" time="1.129" classname="com.ca.tds.main.TDSRReq_TC"/>
  <testcase name="testRRequestAPI" time="1.169" classname="com.ca.tds.main.TDSRReq_TC"/>
  <testcase name="testRRequestAPI" time="1.189" classname="com.ca.tds.main.TDSRReq_TC"/>
  <testcase name="testRRequestAPI" time="1.219" classname="com.ca.tds.main.TDSRReq_TC"/>
  <testcase name="testRRequestAPI" time="1.159" classname="com.ca.tds.main.TDSRReq_TC"/>
  <testcase name="testRRequestAPI" time="1.161" classname="com.ca.tds.main.TDSRReq_TC"/>
  <testcase name="testRRequestAPI" time="1.21" classname="com.ca.tds.main.TDSRReq_TC"/>
  <testcase name="testRRequestAPI" time="1.196" classname="com.ca.tds.main.TDSRReq_TC"/>
  <testcase name="testRRequestAPI" time="1.205" classname="com.ca.tds.main.TDSRReq_TC"/>
  <testcase name="testRRequestAPI" time="1.137" classname="com.ca.tds.main.TDSRReq_TC"/>
  <testcase name="testRRequestAPI" time="1.157" classname="com.ca.tds.main.TDSRReq_TC"/>
  <testcase name="testRRequestAPI" time="1.147" classname="com.ca.tds.main.TDSRReq_TC">
    <failure type="java.lang.AssertionError" message="The following asserts failed:
	expected [203] but found [201]">
      <![CDATA[java.lang.AssertionError: The following asserts failed:
expected [203] but found [201]
at com.ca.tds.main.TDSRReq_TC.testRRequestAPI(TDSRReq_TC.java:180)
at java.util.concurrent.ThreadPoolExecutor.runWorker(ThreadPoolExecutor.java:1149)
at java.util.concurrent.ThreadPoolExecutor$Worker.run(ThreadPoolExecutor.java:624)
at java.lang.Thread.run(Thread.java:748)
... Removed 10 stack frames]]>
    </failure>
  </testcase> <!-- testRRequestAPI -->
  <testcase name="testRRequestAPI" time="1.19" classname="com.ca.tds.main.TDSRReq_TC">
    <failure type="java.lang.AssertionError" message="errorComponent: S, errorCode: 201, errorDescription:CA Merchant Server:: Required Element is missing in the messageerrorDetail : transStatusReason,,transStatusReason, threeDSServerTransID : 27a7ffcc-9627-4fd3-8e9b-c9450d43cc09">
      <![CDATA[java.lang.AssertionError: errorComponent: S, errorCode: 201, errorDescription:CA Merchant Server:: Required Element is missing in the messageerrorDetail : transStatusReason,,transStatusReason, threeDSServerTransID : 27a7ffcc-9627-4fd3-8e9b-c9450d43cc09
at com.ca.tds.main.TDSRReq_TC.testRRequestAPI(TDSRReq_TC.java:104)
at java.util.concurrent.ThreadPoolExecutor.runWorker(ThreadPoolExecutor.java:1149)
at java.util.concurrent.ThreadPoolExecutor$Worker.run(ThreadPoolExecutor.java:624)
at java.lang.Thread.run(Thread.java:748)
... Removed 10 stack frames]]>
    </failure>
  </testcase> <!-- testRRequestAPI -->
  <testcase name="testRRequestAPI" time="1.247" classname="com.ca.tds.main.TDSRReq_TC"/>
  <testcase name="testRRequestAPI" time="1.138" classname="com.ca.tds.main.TDSRReq_TC"/>
  <testcase name="testRRequestAPI" time="2.558" classname="com.ca.tds.main.TDSRReq_TC"/>
  <testcase name="testRRequestAPI" time="1.151" classname="com.ca.tds.main.TDSRReq_TC"/>
  <testcase name="testRRequestAPI" time="1.2" classname="com.ca.tds.main.TDSRReq_TC"/>
  <testcase name="testRRequestAPI" time="1.216" classname="com.ca.tds.main.TDSRReq_TC"/>
  <testcase name="testRRequestAPI" time="1.195" classname="com.ca.tds.main.TDSRReq_TC"/>
  <testcase name="testRRequestAPI" time="1.139" classname="com.ca.tds.main.TDSRReq_TC"/>
  <testcase name="testRRequestAPI" time="1.153" classname="com.ca.tds.main.TDSRReq_TC"/>
  <testcase name="testRRequestAPI" time="1.722" classname="com.ca.tds.main.TDSRReq_TC"/>
  <testcase name="testRRequestAPI" time="1.241" classname="com.ca.tds.main.TDSRReq_TC"/>
  <testcase name="testRRequestAPI" time="1.145" classname="com.ca.tds.main.TDSRReq_TC"/>
  <testcase name="testRRequestAPI" time="1.163" classname="com.ca.tds.main.TDSRReq_TC"/>
  <testcase name="testRRequestAPI" time="1.167" classname="com.ca.tds.main.TDSRReq_TC"/>
  <testcase name="testRRequestAPI" time="1.185" classname="com.ca.tds.main.TDSRReq_TC"/>
  <testcase name="testRRequestAPI" time="1.202" classname="com.ca.tds.main.TDSRReq_TC"/>
  <testcase name="testRRequestAPI" time="1.175" classname="com.ca.tds.main.TDSRReq_TC"/>
  <testcase name="testRRequestAPI" time="1.156" classname="com.ca.tds.main.TDSRReq_TC"/>
  <testcase name="testRRequestAPI" time="1.207" classname="com.ca.tds.main.TDSRReq_TC"/>
  <testcase name="testRRequestAPI" time="1.198" classname="com.ca.tds.main.TDSRReq_TC"/>
  <testcase name="testRRequestAPI" time="1.24" classname="com.ca.tds.main.TDSRReq_TC"/>
  <testcase name="testRRequestAPI" time="1.138" classname="com.ca.tds.main.TDSRReq_TC"/>
  <testcase name="testRRequestAPI" time="1.159" classname="com.ca.tds.main.TDSRReq_TC"/>
  <testcase name="testRRequestAPI" time="1.146" classname="com.ca.tds.main.TDSRReq_TC"/>
  <testcase name="testRRequestAPI" time="1.182" classname="com.ca.tds.main.TDSRReq_TC"/>
  <testcase name="testRRequestAPI" time="1.209" classname="com.ca.tds.main.TDSRReq_TC"/>
  <testcase name="testRRequestAPI" time="1.122" classname="com.ca.tds.main.TDSRReq_TC">
    <failure type="java.lang.AssertionError" message="The following asserts failed:
	expected [203] but found [201]">
      <![CDATA[java.lang.AssertionError: The following asserts failed:
expected [203] but found [201]
at com.ca.tds.main.TDSRReq_TC.testRRequestAPI(TDSRReq_TC.java:180)
at java.util.concurrent.ThreadPoolExecutor.runWorker(ThreadPoolExecutor.java:1149)
at java.util.concurrent.ThreadPoolExecutor$Worker.run(ThreadPoolExecutor.java:624)
at java.lang.Thread.run(Thread.java:748)
... Removed 10 stack frames]]>
    </failure>
  </testcase> <!-- testRRequestAPI -->
  <testcase name="testRRequestAPI" time="1.147" classname="com.ca.tds.main.TDSRReq_TC">
    <failure type="java.lang.AssertionError" message="errorComponent: S, errorCode: 201, errorDescription:CA Merchant Server:: Required Element is missing in the messageerrorDetail : transStatusReason,,transStatusReason, threeDSServerTransID : 7a6fdddd-1afc-44cb-a8ca-ae546fa38d13">
      <![CDATA[java.lang.AssertionError: errorComponent: S, errorCode: 201, errorDescription:CA Merchant Server:: Required Element is missing in the messageerrorDetail : transStatusReason,,transStatusReason, threeDSServerTransID : 7a6fdddd-1afc-44cb-a8ca-ae546fa38d13
at com.ca.tds.main.TDSRReq_TC.testRRequestAPI(TDSRReq_TC.java:104)
at java.util.concurrent.ThreadPoolExecutor.runWorker(ThreadPoolExecutor.java:1149)
at java.util.concurrent.ThreadPoolExecutor$Worker.run(ThreadPoolExecutor.java:624)
at java.lang.Thread.run(Thread.java:748)
... Removed 10 stack frames]]>
    </failure>
  </testcase> <!-- testRRequestAPI -->
  <testcase name="testRRequestAPI" time="0.659" classname="com.ca.tds.main.TDSRReq_TC">
    <failure type="java.lang.AssertionError" message="Browser Flow:: RRes Validation Failed.null">
      <![CDATA[java.lang.AssertionError: Browser Flow:: RRes Validation Failed.null
at com.ca.tds.main.TDSRReq_TC.testRRequestAPI(TDSRReq_TC.java:187)
at java.util.concurrent.ThreadPoolExecutor.runWorker(ThreadPoolExecutor.java:1149)
at java.util.concurrent.ThreadPoolExecutor$Worker.run(ThreadPoolExecutor.java:624)
at java.lang.Thread.run(Thread.java:748)
... Removed 10 stack frames]]>
    </failure>
  </testcase> <!-- testRRequestAPI -->
</testsuite> <!-- VISA::Clear Card::Browser::RReq flow -->
